2016-01-24 00:01:43	5246e271eaf3be3bbe757b4616949301:QBhjDFwpFBHvTDcFP0wc8jddaXZg0bwr	Q1:捷運公司,;
2016-01-24 00:03:34	51fe72ea12ac3b7f66c9c3856d505801:EwnWT7hRpeKBjn17bfm5za6jQEgji4KK	Q1:財政局,交通局,都發局,觀傳局,捷運公司,;
2016-01-24 00:03:41	6e7a8ae458801deb1b2f0ae11ec4d02d:zoy81D03igeFoUeguWRpgCcildwHdyGO	Q1:主計處,人事處,;
2016-01-24 00:04:22	d27f4ad497f3d552013a0f31162d8ee3:H7dfP22teucxEBbg93bVgVnO02jmXCO6	Q1:環保局,;
2016-01-24 00:06:26	661a6cc8c262bedff5c0cfe6cb74bf39:SufAHdoqYIaTQsW8Se44oNDNx1onzJL0	Q1:秘書處,財政局,教育局,;
2016-01-24 00:10:30	4bc864f8ee5c612f33d1fc6fb5eb76d7:nknoZ7n6gDRmZxOxfdqAQTqiX5BEnhOG	Q1:工務局,社會局,衛生局,文化局,觀傳局,;
2016-01-24 00:14:41	d1b4ff3518c59cba8aebada71475dbfb:uvVecArOTm0OHhMKlWBhK00cFzeW3JTl	Q1:教育局,;
2016-01-24 00:15:58	ae864a6bbe55589d4a808b07b1f58543:2PUYvgfsY5lMlBBQD8cgerRk7jECazYM	Q1:民政局,財政局,交通局,社會局,都發局,;
2016-01-24 00:16:31	fb81719f42e3c15e35c011c8b06acb82:L1Q5KgGKD1UFERfQBNLvZBEfXXY3Xgu1	Q1:民政局,交通局,都發局,政風處,都委會,;
2016-01-24 00:20:58	987de4c7f0655cd37e46c7a7986a34df:mocgwWhobQfez58eHW2VYEFJn06sj9ZZ	Q1:警察局,;
2016-01-24 00:22:59	0037a8a7a4c817de9722fd09ad8e3747:i7ImgZvCzOmXJwk2oYDlQS20PPFPjDNW	Q1:原民會,;
2016-01-24 00:23:31	4ddc593d5ef9c781c8d24dbc353b47b2:kRbsvkodh9l2jUbu3w9cLRokRdvzxvmn	Q1:教育局,;
2016-01-24 00:25:01	433c30ec7dc0c362674d1c8688fbb8dc:XzAdWPsFUHXHocwpoPSfdYITYPAVbQ3X	Q1:原民會,;
2016-01-24 00:26:06	f87a5dea2b1b6b174051c9b84cbb39e5:ZxzZeHN8btfqGIvauACVbYChxxjaMEVv	Q1:環保局,;
2016-01-24 00:26:16	dd11bfe6045efc4558b05ea4eae32a6d:vYPNh5q2nvXj4IrS1sz356Mlw8HBvraB	Q1:警察局,;
2016-01-24 00:26:43	d2daa87a09d982ff4aa3167b8351ae59:OyutGNS54RRxGncZJlMlxB3tzpvBMHUa	Q1:原民會,;
2016-01-24 00:28:28	0197a694e38735a42fb7dcf83f1eecfa:8lwSRv45yYnKmAYngY0JU5TKVqZtN8sC	Q1:原民會,;
2016-01-24 00:29:54	1dc8ab7ff07a2a05ff7a2adf2d0f1bfe:NYZKkfiaHsfgCyXYRKHJRXfRkB848I0G	Q1:秘書處,工務局,交通局,警察局,都發局,;
2016-01-24 00:31:31	e1711c438fcc211aefafeb25ea5f2a9e:SaP44u8GqNqQv07X7oW0T83s3s8ERGKp	Q1:民政局,工務局,都發局,觀傳局,政風處,;
2016-01-24 00:34:02	4d37a8346bd840324d269c9d675828c0:mjlrja310bVUJg5774JPOxlUvpAxFXnW	Q1:原民會,;
2016-01-24 00:34:03	641e2c115f02d34143132a4cd140df7f:rrXrrWU3YROVUJsSr0cnrp7w6eRosPb9	Q1:工務局,交通局,勞動局,都委會,捷運公司,;
2016-01-24 00:35:00	3fc8ac0311bac62fb0bc7af4cc483c6d:uyFM22SSPNN5A6k06DJlta5qSNUfO5sa	Q1:都發局,人事處,體育局,資訊局,;
2016-01-24 00:35:30	462b5ea28eac777c882ad3bee13a91bf:CMujB4XSaS652uUQkTROpvpuydg99G0M	Q1:原民會,;
2016-01-24 00:37:39	23b2279d66c2ae2212d2a9c4cb3a259a:8F3UG2e0UxdpDauGp6I9wAj7sTtmwYhH	Q1:原民會,;
2016-01-24 00:38:27	77870ae9f7ed8c2239f175545be93b0c:qP6ruZhpqadfNTYBZF99GKVOw7fCwk85	Q1:教育局,;
2016-01-24 00:38:46	ebda362325eb2bbb153f526858e88a74:AEri8ehnqpSlhLGCbYqPVEIttH3I49cd	Q1:工務局,交通局,觀傳局,研考會,資訊局,;
2016-01-24 00:39:10	59424d557aaad2f4b5c35dcc7a4b5f51:D9ZCPv1WUGHxuiXAfzTbuenuVH8BI9OG	Q1:秘書處,工務局,交通局,警察局,環保局,;
2016-01-24 00:39:48	8f24fb20683e32a9318592248f592d7f:LHLmmNaxho6rYJayhlhRJT0PYJJeV2VL	Q1:原民會,;
2016-01-24 00:41:25	3871d4503d3f4ba5236f7132df1512ad:QQYYRJ5YOdB5tv3sdfRH3zr8KsKZNfZW	Q1:原民會,;
2016-01-24 00:42:45	415e8f46fcab16433f919fcb4b708d08:sPdNjPGFAk7kDYGyEEsuX0QNtXlcyYx5	Q1:消防局,捷運公司,;
2016-01-24 00:43:15	cdfc79624977211760a098dd911832eb:RQmgAnw9CKX0ykBkaATwZMDQ3Ca2dTzR	Q1:研考會,;
2016-01-24 00:44:16	0a690bac180794e9d88cd5c5c6b688d6:yPwK8mB56p222EXqILA7wmo8wMY0MM7d	Q1:交通局,警察局,觀傳局,政風處,;
2016-01-24 00:44:35	65a4afafbb085f6f90e6825bfd84caf8:k3lnywYWFTvRiSKBkuIRMFzptf1ScVG3	Q1:原民會,;
2016-01-24 00:46:10	eb37b536d6003a5f4dbc43b2cf0d5583:QHuKaPYFUMtgjIAsKkSIoKq4asiercRW	Q1:原民會,;
2016-01-24 00:47:35	0896ebdb1510c364df34f556db72afaf:i1bQFTcCn20PemEn47HQlt8L3sr6oT8u	Q1:消防局,捷運公司,;
2016-01-24 00:48:01	523ac17d134ae20942be295c3a0b3136:o8uvoHSC8wut93NuMY0hegRpuHrefwp5	Q1:原民會,;
2016-01-24 00:50:03	4d5283dfabf398332440d469927350b2:sR8NOVCb5VTGv3oS0YsV5mtmfOyb8ATu	Q1:秘書處,民政局,交通局,衛生局,觀傳局,;
2016-01-24 00:50:03	3831362e1de9c6cea30f58c70ab9e6f7:aWHMRLghZh6AC1qFZEsIuvwcE3osT9uK	Q1:原民會,;
2016-01-24 00:51:10	8c2036db84e0a5c8062a977d5ba774b9:vERGXffd2MTWHt0k8kSTZtmYBZERKciH	Q1:社會局,勞動局,都發局,觀傳局,法務局,;
2016-01-24 00:51:27	23260381b8ba0b1a5a0a4cbb80fab5e8:4wRAsj8gqRz43cSSZggZ4aSTK46zp7TI	Q1:原民會,;
2016-01-24 00:53:26	665bc1736e576ebe3b04bc09b50bab34:jrc87qAEU7U2EfhIl3CEfJcfkhqYlpCq	Q1:原民會,;
2016-01-24 00:55:08	ab143b4e9486d502fbbed8f63da2a058:T7h4e1K8GF6VDJhKMx31aHwt318yyEIV	Q1:原民會,;
2016-01-24 00:56:04	3d89122dabffee07ea593cb52e9be623:bkXYCIVffDXe8DthFtI0JHNvFKh3qXlL	Q1:秘書處,工務局,都委會,公訓處,捷運公司,;
2016-01-24 00:56:28	04c97d134de69f311b983c87eb3102bf:3hTSptSi8pF6bQLFZZ58pcKPQHXH6VRH	Q1:原民會,;
2016-01-24 00:57:54	d78c1f07d0aebeadc2de3e1e874daed9:kxu2pb3RQdwAVwFYEg9A5fUarsU8Ttwl	Q1:原民會,;
2016-01-24 00:58:00	51344baafb2fa2774422e215900954f3:4o7A4q6bhjpCUPYCqunhsz9GxNVERy36	Q1:工務局,交通局,勞動局,警察局,捷運公司,;
2016-01-24 01:00:47	c1af6d61ef359f1eebcc79be671b9abf:eP5Dh4fmezZVNJ9CCUWrdmRGX4kLJbcZ	Q1:財政局,教育局,交通局,衛生局,消防局,;
2016-01-24 01:04:08	d74915199e82b46c736424348e41de6c:toPzDsjlbh8XRVPqVTCxirc4VJO06WdI	Q1:財政局,觀傳局,捷運公司,;
2016-01-24 01:05:35	e35c2c9f4c375661b82d94df94547d73:XJZDY2g4Z2RnsWb3GRLGVGmyDhmsT2Rj	Q1:秘書處,地政局,兵役局,人事處,都委會,;
2016-01-24 01:06:34	55d42d68139830a48aeb908a917b553c:5bHij48CdfhRnlUzJsnaaK8sPuiCmzdy	Q1:秘書處,環保局,;
2016-01-24 01:06:59	0a8ae1a4b943da9765cc67698ed730e2:VvzcN5jO5TRRsoN0umx9hDDPtz1XVqbq	Q1:環保局,;
2016-01-24 01:07:53	2e73a5bd9cb0b96a73d6bcc1f5494f5b:RyFhF3WziH25Gtz0m5cO5ey0p88H9ALE	Q1:環保局,;
2016-01-24 01:08:24	5febf4c271faead4e27211fe7deb2e8b:ETJ8ouiz21fh5rrlUjEAddO2PY8rC9b0	Q1:秘書處,工務局,社會局,衛生局,原民會,;
2016-01-24 01:09:04	a3202ff6be175f59b705d54386766817:CcUlI1bfNJ8jPiop8b3oRR0MZEojSnED	Q1:環保局,;
2016-01-24 01:09:49	7fd712a815201dbe7c9c037f3700a3c1:Y9Ck5QVssPRlipywIq019ItvspJzRvTZ	Q1:民政局,工務局,交通局,社會局,體育局,;
2016-01-24 01:11:35	ff24b8ec3f9354aff3db304b0dcd562d:SOrl3VEZzdkHzr33dgROabHovTHspMVY	Q1:秘書處,交通局,衛生局,消防局,捷運局,;
2016-01-24 01:12:28	54ca66bd53f61de873e7c9be4a00528e:b9feOgu0GlxonPo70Te4smciFf2Uspbs	Q1:環保局,;
2016-01-24 01:13:53	255316fff1ba2cafc3c2e59d20fb975e:BHZ0EJTvwenIYnwZSbf4YGlkuuHDqVOu	Q1:環保局,;
2016-01-24 01:15:05	09df4144e2df5fbfe4a8cbd86fbe953a:0Cs7NtIhZll48UPTdM7L66lSOdXcjJ9t	Q1:警察局,;
2016-01-24 01:20:18	c62183d70c065e3e5f763f7dbad030f2:5tcHzBTmipxUSCwKsEEl17z28PEbEJYw	Q1:環保局,;
2016-01-24 01:20:53	d86a2a0308a864360592f943bda6c7af:kXKs5CgS5MtfrvouWbrbC1V3JsGMVYEl	Q1:財政局,交通局,觀傳局,體育局,捷運公司,;
2016-01-24 01:22:38	ef0ef6d9e8c27ee298cc0cc2bad8c628:83SjFDxShuF0Q2VgKfJfkQKqrg2fYoOq	Q1:環保局,;
2016-01-24 01:27:51	4127090412675a91f2738e06c3ea22a2:yBxEE1Es98vCB1iKxqOGYe3cxYR2H3rL	Q1:社會局,勞動局,警察局,北水處,資訊局,;
2016-01-24 01:28:55	0eec7c841caf1534e8de28cf6cb96a9c:vmpffJXQjLl0iDHA7c0gnyMW64qlsexC	Q1:民政局,財政局,交通局,社會局,衛生局,;
2016-01-24 01:33:15	0ccbf9437463ba7bd4af935dd7bd2263:EnwtvKfHhlAaHE0D3Wa0lt2yvJ6AVrck	Q1:社會局,勞動局,都發局,觀傳局,資訊局,;
2016-01-24 01:35:36	acb4d3177ef0afd7c57ee5d54db2d76a:xAopn4wNmC89e1hLc81rd6qAtbhhV3Yh	Q1:工務局,交通局,勞動局,都發局,觀傳局,;
2016-01-24 01:45:48	67494bc09b532a8004b27a433bb2c3b6:vll6KTmImM23mjJcE2CJMZVSqYpPTMxT	Q1:教育局,工務局,警察局,捷運局,;
2016-01-24 01:47:35	e008990b3501d2e37118d44eea989dfc:YyN2ZH6V5TPPeiYHLCDGiH9kKBJ51MsQ	Q1:交通局,文化局,觀傳局,兵役局,捷運局,;
2016-01-24 01:54:02	7ec68507dcca56802e16a1ac7130fd3a:y0ukQvXsWdz9OUPSUlUflm0NQX9W0peq	Q1:秘書處,交通局,觀傳局,資訊局,;
2016-01-24 01:56:42	095df0d1a1ebd5dbf2edd420c77c762d:7tUICZGNQacGdb90jQzKE75rYBX2iXG4	Q1:財政局,工務局,交通局,北水處,資訊局,;
2016-01-24 01:57:44	de210b39a9dd499063d1d2d323a9f3dd:fbvvDybjJaf0Lwmb8NOpMmO5MRcfaU8n	Q1:交通局,警察局,環保局,觀傳局,捷運公司,;
2016-01-24 02:01:16	64e5f49a87dadff846872c6360ada8e3:RGgIyzedcjoqqPZecy1WrNd7wK6aJlTQ	Q1:民政局,產業局,工務局,都發局,資訊局,;
2016-01-24 02:03:54	69c45aaded6c806c2c7c3dad269ce72d:khxzknzJ8digvgoLxi6YzUG61dceQdEH	Q1:捷運公司,;
2016-01-24 02:06:16	0e0ab52394918beaf2b7f5b46183cc08:qREeIwtl9E4gXSKgCPYZRzOtnGOo5vYb	Q1:兵役局,;
2016-01-24 02:16:51	712781f965e19f226bdc09857f64831e:OJkXqlg9plyRlosrPAi34cCc8SaUAWny	Q1:民政局,財政局,都發局,北水處,捷運公司,;
2016-01-24 02:20:48	ae74bf57170c13022bc96fd7511c02d4:k35V7AVp5VNG2h1sd5zEfHaXHtzSbBTR	Q1:交通局,都發局,;
2016-01-24 02:22:57	78df7df22f8f3b694017e9f34eab181e:kBZKGMH68zJZRE6UBtzaE8C3K6F4xvD9	Q1:社會局,捷運局,翡管局,公訓處,資訊局,;
2016-01-24 02:26:23	e21918a796f05de2aaf621114d4af2e1:a9EMROkjxD7NawlmMKRVCEu1yZgrV8Gr	Q1:民政局,財政局,交通局,消防局,資訊局,;
2016-01-24 02:26:50	723a392cd860e53f159bfa2d253a55a8:D5e6vEV5d1eOEDRrJL5GAgdaMu3yFdWz	Q1:警察局,衛生局,消防局,觀傳局,捷運局,;
2016-01-24 02:49:13	6a50551a80ec7c137f1ee9651557fd56:xp9gmG0etKPw67dLBcA8dgCDnGurfhho	Q1:教育局,社會局,都發局,翡管局,捷運公司,;
2016-01-24 02:51:46	6e7b4dcfc262f5e4f0f2f7a6bd0c0a5f:DtcbrReCkqBfmDTUIPc7WVud0qj11lKm	Q1:觀傳局,;
2016-01-24 02:52:57	145335a99ebd902b54d89ee4671ee839:RqQyDfsFZYXlyCiwYKeMZAuZ1S8ecQ0E	Q1:財政局,警察局,都發局,政風處,北水處,;
2016-01-24 03:04:48	515842b5bb0ea00ccf34bef087607d13:Y7aF6so2axcgVBD8K1aET3Me6tKA3Cvg	Q1:財政局,交通局,文化局,捷運公司,;
2016-01-24 03:20:40	d67ea8c54289121d3fd8bb0589af833b:Vj5qvv9SVYoPOB57t42uughqbixa9XIT	Q1:環保局,消防局,兵役局,捷運局,捷運公司,;
2016-01-24 03:35:32	525cacf726c24a50a2b78af6e2ebdf4c:PA8QaeMP8UKN6bllR1qqTqlNkqPyinEf	Q1:秘書處,工務局,交通局,;
2016-01-24 03:41:42	df4b4f7b9c9d80827311033c9d7f1c82:FfjIw5upvhIQlZNlQrQyDymf18EfRYy3	Q1:警察局,;
2016-01-24 03:43:47	4c95071efa94cd9183c66cb8d886175f:pMkc9ZEjwypFVIV7M4YOtiBINOW1uA2D	Q1:警察局,;
2016-01-24 03:45:05	7605cb9005cec5ee9cb1416cde7fa679:HfEFmN4EWftLIpaV6wpTSAvz9ADlv8uH	Q1:警察局,;
2016-01-24 03:46:10	bc3f6a683ba1d7c9ca3647c55f064fda:TKbHNNHmmE4RhV2WdXMbY0x5mA5PZnGA	Q1:警察局,;
2016-01-24 03:54:20	423e27cf96465e942759271791ba5ae1:VIlWWEGoyLiTi7j293iVXA8YotufXmQM	Q1:警察局,消防局,;
2016-01-24 04:03:32	ab9a983ab411cd609e656aabe7fd699c:rozi6HrgiquHECwXgKoCAMgrlpUylWX5	Q1:警察局,;
2016-01-24 04:07:41	5f6f872fc72b0066925362cd646cd8c2:wJ5PuAHUM9DDZemUbYEGOThJLSMXqKk5	Q1:財政局,消防局,法務局,原民會,;
2016-01-24 04:24:37	2efbf09135d2315f65ba76fd47edef24:VTPPOg7MTxr6Rn4KMCWDjiq7mcH5xc0q	Q1:警察局,;
2016-01-24 04:32:44	3d0ba0eb5a53f144f765c2465a91e032:zuhoZnoLSqRH8FUrzGRlNycRBnSPhe22	Q1:環保局,政風處,翡管局,北水處,捷運公司,;
2016-01-24 04:41:45	81a342f4fd8d3ad6f7ed0de383875b1d:9FiIKNNdeW6jRf1M2D4tEg4T49YKDEMV	Q1:教育局,;
2016-01-24 05:14:13	4ac2763440c32305709260eb78f9a765:RhSY48jmmNjAI03vWIjDLWW3RHPzRUYu	Q1:民政局,財政局,工務局,交通局,都發局,;
2016-01-24 05:16:33	b266d208f1054258872c0b14eb4e18f4:wx7ufGxMdyQNPVy8tTMlTelqAjMOCjee	Q1:警察局,;
2016-01-24 05:37:56	458e10ab2de94ee57696edebeb2ab83c:4BR9u6sAO6JTumssEdPqdDLMbDj4y1Qm	Q1:交通局,;
2016-01-24 05:40:39	1c937f2b383d03fe442bf0584671eadf:mPwzEJyUGHn9FEylJVSf8Ye7XiOehMcY	Q1:警察局,;
2016-01-24 05:41:16	05c04e696763bf2f81f83528979e557d:DG1kqSvyvjhdLWSFbVr9cFqgJuRqZS25	Q1:消防局,;
2016-01-24 05:44:23	8d4da401d3acb647a16420f661d0c69d:9P06fE77WHEVXfrmYCoeSUXaxqreZJJp	Q1:兵役局,人事處,捷運局,;
2016-01-24 05:48:02	8154cf5237827619975b83c0a0e19756:XmZQuWg5dwDr1Jhn3K4iVoz22LbiDpo4	Q1:捷運局,;
2016-01-24 05:49:10	91caaacfd2de033ec8c895c04225e464:FTynqVhdEusPkRhc33lbrGCbvCF75Zfn	Q1:警察局,;
2016-01-24 05:50:35	ff6b5a87f2beb86a442a02aa577f0186:eXdLREL6UU0Pbu8LELTVPq0Vvgn0YcqP	Q1:捷運局,;
2016-01-24 05:56:06	22d0b8fecb92ffddabe945ee253f2058:7n6SII2pgOCfL9nknZ2zSqLdfRL35mtp	Q1:財政局,工務局,交通局,消防局,;
2016-01-24 06:15:29	a567abd61fed2200d8ec37da16f3bb0f:nWT2tRcJRlcwwabcuwkK5XNF554V6SNu	Q1:財政局,交通局,觀傳局,政風處,;
2016-01-24 06:26:47	f935049ef8383ec9bb10fa32897184c1:Vkd9isPabzyCbpjRvLksG5DZKUnhE5MT	Q1:研考會,都委會,客委會,捷運局,捷運公司,;
2016-01-24 06:38:13	73baddd44c152c53499f1a9f3881bd76:ZGMfhGIGuISLkHadLRaflt9mUMskSfdQ	Q1:民政局,社會局,都發局,都委會,資訊局,;
2016-01-24 06:39:44	021cc141d6b77a852998abf14c278d12:I6moMCXM1i8O52JQLoDlx3CwVEEm8kry	Q1:地政局,;
2016-01-24 06:44:45	6e003380de0358fb219cc316c8e3ff32:aGcDvaxZdf0QVIQBuyyKthOv8drdoAyT	Q1:公訓處,;
2016-01-24 06:45:18	70d3021e7586171af8da181dac415da5:M082S4l2dpNDBDJ9ISK2qDPu00T13uTo	Q1:捷運公司,;
2016-01-24 07:10:53	cde337bb2892214fc13f79c877ea5aea:hFFFEIWmQWF3X7L6H781LFPDce5IY5r1	Q1:翡管局,;
2016-01-24 07:12:54	d7ad043fd7ca2e3ba533b06dfd2dc622:V9f14tu7rvAUXJ22fmq0GjBFMisbOHPc	Q1:秘書處,民政局,財政局,都發局,消防局,;
2016-01-24 07:30:43	fd5f42c7cad772ef890c7e2b3ed5373d:XYO7A2j1XHGWPUuSGZ3QtXVPhnBInkBC	Q1:工務局,交通局,警察局,都發局,觀傳局,;
2016-01-24 07:34:46	23361c1a6d8526f5bf504371eb37b6c2:Dfht4DBsANa4N561abzTqyOI8qcppxN8	Q1:消防局,;
2016-01-24 07:41:34	e625543d531f98c0c4fcec803a2ef2d8:flbszamxJFN7vMXiFHLWp6bDf9ofO8JQ	Q1:警察局,;
2016-01-24 07:44:37	82ae690f80cb6a7a8898f5b3fe293def:VWXKz9HBnXJn9nhtA8WPCqVvsyT2kw6C	Q1:都發局,觀傳局,;
2016-01-24 07:46:31	06abfa62eebfae4a1616ea447191c735:jTagIfM7A4Sa58H9Qhag1Vuuy96c2Xnr	Q1:觀傳局,;
2016-01-24 07:47:30	c701e371ba50615e6de985e9f1ed16fb:kEW0RVbFWMQVahH4vrjYI9yiTpEOsjq1	Q1:教育局,警察局,;
2016-01-24 07:49:30	33413ca60d47f4a5f911ae69ebb24592:feIJRsNzdWt6hA11oiJOOP90cvIEjwvd	Q1:警察局,;
2016-01-24 07:50:49	4b1002cb575011881138747b9666c00e:IJ8fcAlgFBYz1XnruPtJBLonyJW1bkos	Q1:捷運公司,;
2016-01-24 07:52:20	d87c02711165c4fb2d26ebabcc0c06e3:THjcUZmsNxbaCedPKcHyyfbLg3maavx6	Q1:捷運公司,;
2016-01-24 07:54:10	c276aaf2a0a71310d77e48482c60d5d4:dmTvzeUDiM0BbxyurTomOJjpTI4x0Won	Q1:地政局,;
2016-01-24 07:59:51	2e57ffad925cf16424795c0b3828ab56:ZESANTqjBXXWjKvjgmO4tiyihIJ0VTM2	Q1:警察局,;
2016-01-24 08:02:11	31a4f094d0afffe0f51e11b1a714be59:9dhtbkQ5X1uExdCDDEyuGzCKMrsfD9Y1	Q1:消防局,原民會,;
2016-01-24 08:04:13	3f802d02eef2f31bbb27d276533f6d9d:AuiGysLnLzFzDCt1KFobPSVQ3AAIGHle	Q1:教育局,消防局,地政局,;
2016-01-24 08:04:54	e328f076de240b5af808b13ea96c5ca5:lstOmkkTmGhHw6wrq6pWNa80eydzihpu	Q1:地政局,;
2016-01-24 08:06:18	577fbf33ad8f0fc605de50ec82b125e2:OVbyHZMulESYYXs7bJqDFKpjrtumtbZD	Q1:觀傳局,;
2016-01-24 08:06:54	4607467f775f6dbb4d073201097b4256:D40LVfbFqtAWW9CGfkv1fqlIX9vqpqWw	Q1:秘書處,工務局,交通局,警察局,都發局,;
2016-01-24 08:07:53	7adab6ca469d4dd44e8fb93b66337650:KMYD9gCCd2wxm14zIlXl6QVVChcdfLaE	Q1:教育局,兵役局,客委會,;
2016-01-24 08:09:28	1a1d0d42cc7f71a6661bef9253666d1e:u1nhC4YxCnxHgmd6WWxOzylqs0FzUAnF	Q1:教育局,客委會,公訓處,;
2016-01-24 08:14:54	ab830fd81952b49eff01b8136ad16e4b:sPp9ttmCDyu6Yg4JfB38JM4MF1K06TR8	Q1:環保局,;
2016-01-24 08:15:27	332ad3b7696cd55d3e5baf2e3de76ddd:ZzNcQh8mvKLGBHuiL8XDFMzP49pWWuFI	Q1:環保局,;
2016-01-24 08:18:16	1c1159f5ce40dfb770cdf8083b853445:fIHCHcA8uix3W51TmqlVKIBLpwb90hDw	Q1:教育局,;
2016-01-24 08:18:30	73b264bdacdc539f46489e2df3d83a0e:AdWqzcQPkEcBEcgdCPEblJy66RSm0dHq	Q1:教育局,;
2016-01-24 08:18:30	7da9bdee2e6694e94d6a9a885120ed08:KZpefv9S7uxoyUMHXP9ktbX3gPZxDTRe	Q1:教育局,;
2016-01-24 08:18:44	df7bde970818173a5f2dd3e15ebe293f:ENTgbmmRPM8pb8MEXnCkmANGn6aGdhfA	Q1:消防局,;
2016-01-24 08:23:30	a0a7843bc55c281df9cca3945ae4aae7:65ZHZxBT5ZYauyXPyAG7gSzYoaiFdjXW	Q1:衛生局,人事處,都委會,捷運局,資訊局,;
2016-01-24 08:26:06	4993d9541b2b66157f14aafd94eaae23:xiCjor6oi3JyMD2vGg1mF4V6izLJ9wZx	Q1:勞動局,警察局,消防局,兵役局,公訓處,;
2016-01-24 08:29:15	b776d95f9ca8d29a1c1f347d1bd6ea35:0pyxTzGtW4tPjwc5vmnh7HBCQqV14Nzu	Q1:民政局,交通局,警察局,文化局,捷運局,;
2016-01-24 08:34:28	d2c1442381e4162102cff73d386f9186:9J2lAzpjFZZjZDE0zeFxH1jdAMSZ4omM	Q1:人事處,;
2016-01-24 08:34:51	76ace10bfefca70a0d80f49375dfc5f5:w0u8ia3bHCmniGijxB8dBs1K5kEFWHot	Q1:消防局,;
2016-01-24 08:35:55	976fac0a8de9c5d5e78e6c78d7aa37b9:5VUG3WR5DWoG5kUbbgBJ0b2JbY7Mcxze	Q1:勞動局,;
2016-01-24 08:38:08	93900ea7fe468c3de8b9155af8a560e6:eN5r7VSSXvyjk8tilVXzYPCwO5KM7gGw	Q1:勞動局,;
2016-01-24 08:40:57	b74de9c32c05af154270973c1788e8cc:fNATTHtcJipc6bR9OqsHwKQ0ankQJYGn	Q1:勞動局,;
2016-01-24 08:41:24	dd80b826cb92d2a19e29c6f429a2d9ee:67kqSzx6KbA2lKWolpn6pacsLJNvLjM3	Q1:捷運公司,;
2016-01-24 08:42:01	d962024903958943dcfe658635e02d49:sHYQlNRyE1WPtC6TlBgUz6wnoRYRr70g	Q1:消防局,;
2016-01-24 08:42:11	abba5ae4262279a53e7e6e7b9ca762fb:MPV02aidM8TAS4UoY28JgtlrVWovWiXW	Q1:交通局,都發局,觀傳局,都委會,體育局,;
2016-01-24 08:42:25	4671b6caa7d87447667fffc7d54a53c8:JQt9kmLiDlU19Fr9X16U0TYOUHMO0Fyd	Q1:文化局,公訓處,;
2016-01-24 08:49:06	f2f871ce30a963557fda379eac14d7e8:rYUwGygZ6xj9B1XwYaJCnzLMKMyBxWSb	Q1:文化局,公訓處,;
2016-01-24 08:50:01	c2b996d33eaa1a4a0bef45e24ac62ae9:zwgIqARpOxwghMRAauCrUJTxJntQ66ai	Q1:捷運公司,;
2016-01-24 08:50:02	3511b6de08c1099002988cfc9e16e4e2:s1bbKVXtYdgr8MjWkcDdHli1sri2RXS2	Q1:文化局,;
2016-01-24 08:50:24	b94fa0f6999d454b92dfa99a07045736:bWdbqsdHSmldY8MG5AJdY10dEdSPWcag	Q1:捷運局,;
2016-01-24 08:52:06	c05be8e480af834efe5853c4f4adff68:WnrPMyAh2WJReTCg3CcmjUf31UIHxKg2	Q1:教育局,;
2016-01-24 08:53:35	d49942fc7ad369880d530b6b515707d3:jjJymJzFHeb69t79L27xl970wafZEPsk	Q1:捷運局,;
2016-01-24 08:56:05	ea0601887d5384b666a182c251c54c1b:svlTvrD9JNuRO4dxkbfBFZ6XsAmNfr9e	Q1:文化局,;
2016-01-24 08:56:17	9d3e82688292c56b60e0c70f09c2d2e3:Vb1MveGClvGLQoOqrd1mvvncIpphRO7H	Q1:文化局,公訓處,;
2016-01-24 08:57:45	6c53447f24cc8e6442a9f22c5f570e6b:wu92DEbcd6jCPCB5DZxx00v76dy9SLpO	Q1:消防局,;
2016-01-24 08:59:00	50eb40ed83cce5a97892d34dc3199016:rbsFPMOxywRF1uNtunmVGFGBDWNtKss5	Q1:交通局,警察局,消防局,政風處,法務局,;
2016-01-24 09:00:02	3b833a923254c0dbec4ea0e984b67437:aHnAy2FLNyBTlXHunSH5kYRZtSFFGAwi	Q1:工務局,交通局,社會局,警察局,衛生局,;
2016-01-24 09:02:06	6695006477694f54b23612111514fb8d:gdICwvXyzegU52m5SJQzbOwrQhFwFjFI	Q1:衛生局,;
2016-01-24 09:02:33	170daf0bec5026bfdc1c81614142a187:T6Xx6McXyK1e04XlfUxh3WK8KyUKSxX9	Q1:捷運局,;
2016-01-24 09:02:50	f1192387ec5880ed35f26a035c9818e4:qIbrPJTrNGE9vLTAkRPUk5JDshhxsjJM	Q1:交通局,警察局,環保局,都發局,觀傳局,;
2016-01-24 09:02:57	18fc7278af761e4c5c6566244474ea47:nj4rbpePakuWtR4UJenWFw2GS3rZTM1Y	Q1:衛生局,;
2016-01-24 09:03:51	270529dc960392ce9504cc909ff09f11:BfmGGFLYe0s4GYLgGrQak663apSAFTF2	Q1:衛生局,;
2016-01-24 09:04:59	7c775a2389d1945188ad5913142f657f:EmYJ0q2gDXwqAjHl3RkOc9xe0RqLH0oG	Q1:研考會,;
2016-01-24 09:05:02	5d1d44dc87a821f3c5922783e1759880:eCqYuLtiTuoEFS0bzZZbaAZ3Y6HEISFh	Q1:衛生局,;
2016-01-24 09:05:02	d51f56b9697e746210ca534f7bf76c56:4v26wvv74RdJCnbvX2MwSSxw8DAuRVlb	Q1:秘書處,財政局,教育局,交通局,社會局,;
2016-01-24 09:05:59	fbe9de749fd141e87fae9be3fec8dcad:Zgmhlf7U7E2skpz48mU8GdKQ8wHOSLY1	Q1:衛生局,;
2016-01-24 09:06:56	6d908b6d506604bb6af4d75793673cc1:pyDyEpDQVNdFb4P4bW5zAZ9oszyL7s7K	Q1:衛生局,;
2016-01-24 09:07:01	5327125a6f5708311cafff5b2d94466d:7zBgoLCDZnOIopfSGhe3ovr3iwsjIGDf	Q1:環保局,法務局,;
2016-01-24 09:08:11	c082408f8762ffd4c78c20f157c5211e:9DEqvD3BWPUEO503AQLYcxGtve1h346r	Q1:人事處,;
2016-01-24 09:09:50	ef9cc914b20d975aeae046ccd374f32c:q7a9x95IVUWkL4yT7JSLjDG4sIVF8OY7	Q1:教育局,;
2016-01-24 09:11:14	99d4899a96e5231f87cb5415cb3fbe4b:XxLFOS25Fx3493DtCKQl8zOnbEPUP8qD	Q1:政風處,研考會,翡管局,北水處,公訓處,;
2016-01-24 09:14:06	eb88d5e55c8dfc3f3daaaa20b0e09da7:sqOsHO8BObG5udYlTOiSPhVDSgJ34r2j	Q1:環保局,;
2016-01-24 09:15:13	d2d78231f54a1708994093c6d15afdb9:2zwmh07KEghntKMFc8mUoxghFCQzqiys	Q1:觀傳局,;
2016-01-24 09:15:51	3e007f7814e7e66d2b94e67c310e00f2:jwArlaO17PxuT9ae8EWKoMdYohMvEBBA	Q1:消防局,觀傳局,人事處,;
2016-01-24 09:21:00	eefa7f54079c02ad366227094f433e56:TgYnAATPpM05JAdzLRXZqxZjyTBi1clL	Q1:警察局,;
2016-01-24 09:21:12	0bb6c95ddd2db9e4b39c2218fae8c851:EEMnB4FXOpS94mAi28cFO9iiSYPPP2Dh	Q1:警察局,;
2016-01-24 09:22:56	af7c32b8951a5cb662bf00a3d4f85a15:Dwkyj6bQZJuOC6Z3jUgFvRmvtBcFNn8g	Q1:秘書處,財政局,交通局,警察局,政風處,;
2016-01-24 09:22:58	7bf66caefee3bcb69d2e3be31c27bd24:VStN3gkaeulXfPTQ2Z3AQR8Lrh5tCedC	Q1:警察局,資訊局,;
2016-01-24 09:23:21	d1fbf28857040d91d5ca608b386fbaae:QZI21EJ76QjL1Q7On7ZCStK2hihDvQnn	Q1:環保局,;
2016-01-24 09:23:25	7fd83c39840e7a4cf52233b6675f9a81:O4bH1ymM7s5HftsXJN8rqZHBCmkrzsxk	Q1:衛生局,都發局,文化局,政風處,客委會,;
2016-01-24 09:23:48	5359982052f27ecc770c2c40100bb025:wcQAnoP6oqqRuD0xcCPC6PPhkqaaMPIQ	Q1:原民會,;
2016-01-24 09:25:19	688823037356626f040857ae567dd28b:VO2dXjhNR2IqwsltAoBCFndzYnovB7cQ	Q1:警察局,消防局,;
2016-01-24 09:25:26	7908ecb0ca756dee8602ed510d23809d:pPFoyNINeQxbD5ELIvQDSK2DnRATAtHq	Q1:原民會,;
2016-01-24 09:25:42	fea15cd5461344a70a3b718b1f255efd:OjSQY3XcyGQ7L5F1UVQljyDNqUQvpC5v	Q1:教育局,社會局,文化局,;
2016-01-24 09:26:42	ab9de1b808a714d25c7e313c4287d5bd:ZlyYxy2qeWuDSCZu5dWy1jxYmS9YeNWr	Q1:警察局,法務局,;
2016-01-24 09:27:17	aefd19782e57ffbe3427025da9031cba:yd0ay2l7WrPozDcLCFY7SzKIYjfLLvcK	Q1:原民會,;
2016-01-24 09:28:43	ddc4e0c1a8ea956e7c14d383023c6a57:DQJineOTX27yB1BCGtx8wzvPMU1B503s	Q1:原民會,;
2016-01-24 09:29:05	e06a96f84e30f5048eec7d787fdb27c6:1WZqCOc4TIF2zi68gU3SV5gFTP8mQXZ6	Q1:產業局,社會局,環保局,原民會,客委會,;
2016-01-24 09:30:49	78d5e480ba5b549e216fa33bd6cd928a:VjGOledF5e9dytZy2oIGv58TYhzuNO77	Q1:警察局,;
2016-01-24 09:31:52	925f1cf8c8be2f0da40706ae1c1744aa:edlKoHWio1SCEQIlzblExdrbm0gRrvrt	Q1:秘書處,勞動局,觀傳局,法務局,資訊局,;
2016-01-24 09:32:19	1db5e8558353f81bc9d61e8ce6898d1e:RIddsKkegvCGtWauv0CtgNkTXXbmkaop	Q1:秘書處,交通局,警察局,環保局,都發局,;
2016-01-24 09:32:43	e0d618ea12082062f35ef882d22acd84:4F0pZw19M2TBxHqgEM01FCNJE7tWV41J	Q1:民政局,財政局,交通局,都發局,捷運公司,;
2016-01-24 09:33:22	c1a7a3ff7d9250b61ea90ab2e2a348e0:Lka9fjZIV37F9xL6FVnWJYVVx6JkFCFF	Q1:交通局,都發局,研考會,法務局,捷運公司,;
2016-01-24 09:35:55	b8c92a33f39acd194ef7a110946df415:awc4MizpiBVo13JB9WGZa7dqbR7crwUf	Q1:勞動局,;
2016-01-24 09:36:56	aa83517e1a343c39ec47b0d76a87ffed:XaTnhHkRdEDwxmLL9UTsvsANOovORbLw	Q1:公訓處,捷運公司,;
2016-01-24 09:38:08	c125c89067c879b79b428b3eefff3c52:TtxLPm27Rhnlqyj4fsOlTrbtyeQHNpMp	Q1:原民會,;
2016-01-24 09:39:07	ca7d34eb63204be3f3710156441f045d:24YbtmpOKGdsvmZMLufBwKbKNJnJ9sWC	Q1:消防局,;
2016-01-24 09:40:00	7304cc0ad066c889624caf18a9b29432:gNecl5jRsHpWLqwNkElhKusoQwxU9jBa	Q1:勞動局,捷運局,;
2016-01-24 09:40:14	e33bcbaa1a547b02b4fdf66a68cd2860:NyPdftS5sCjPsx7Yn3af9pVbEFYxA9pv	Q1:勞動局,衛生局,環保局,捷運局,捷運公司,;
2016-01-24 09:40:28	d76f433e04948f9544a066774b73ad30:pImmGtB2Uc3IkgqsUikBNvv32LB5M9Ue	Q1:財政局,工務局,交通局,勞動局,都發局,;
2016-01-24 09:40:55	b32146776e6ba75e7c4f91780c7c4468:J9n76albsHqXENWSRKvvnmQ4PF22CJn6	Q1:原民會,;
2016-01-24 09:42:14	15b17f718157959f5968ee4efdc72346:FQUfxCHkwn6aP7z4IAvVC3K1n3MrrkMk	Q1:捷運局,;
2016-01-24 09:43:23	583cee6fe4fe7efe73d7570766afcb39:Il4HToBBZ9b88nEhvci56qOqMPrWtxGQ	Q1:警察局,;
2016-01-24 09:43:31	45d8d1fa90f7db824e81cfbc46b076f1:XlIN9LNsTpyHZmEJuLorXX6IPlzEKX6Z	Q1:觀傳局,;
2016-01-24 09:44:18	26c88b119bb43366a1ecd12d25c48362:3CbOHa1pkyYAPTrc2d1TlXVTIZSfTdWj	Q1:研考會,;
2016-01-24 09:45:01	ea06e6eddb27a742c4c44e96313e4dfb:cM7P4SAk034v500JM4EONnMDe85Gy4Zf	Q1:民政局,工務局,衛生局,地政局,都委會,;
2016-01-24 09:45:49	26de8e4f38d84fed1707afbe6c940170:l0C6ZIqfdJyu0MsXNg77J5QQwQVLMNUO	Q1:交通局,警察局,捷運局,捷運公司,;
2016-01-24 09:46:27	6c77b2d7029b3de53521f747cf74b62c:TpIQRVT0TQVyqK0m38bP1JsqaaAj7WAV	Q1:捷運公司,;
2016-01-24 09:49:00	a2efe601a9f2e14f04f0d195a4880e4c:mzzYwFUsxgGsoBeW0kfAUI9Ke9r7ezF0	Q1:原民會,;
2016-01-24 09:50:32	f18a21a50b152bca9efc0327ff3dcbcb:J1dvcC1pmYJFmtx4QiAbwNEGBH5l6oRc	Q1:財政局,交通局,消防局,觀傳局,捷運公司,;
2016-01-24 09:50:57	7a6fa499de995150266531b8434e6e1e:JS3OxOf8ONaX0mkQZra0mmLy8tlsvqJG	Q1:觀傳局,;
2016-01-24 09:51:38	3f7df0b1cf216fa5c1572efcfa49ce1b:QHDkoWg1AK4ZdwNvmpaPiK409FYAAHs0	Q1:警察局,;
2016-01-24 09:51:43	425df9daa79f0dc310ea8f7b4bdfb27d:2xqkmldP2M8Mdc0zkluGilfhneIBWeJ8	Q1:衛生局,;
2016-01-24 09:52:34	92b0c0d061f93312699c408157c9c643:I7a7tsMSdI52tBwCk1XmNxii59LO2nA8	Q1:兵役局,;
2016-01-24 09:52:41	a09630a058f25c22c0dc433cab9fa531:voFNKBeqzMctn12gb3HbPXYnfhSSUczw	Q1:秘書處,財政局,社會局,;
2016-01-24 09:54:30	eed2e9a32906a5440ae6094b1c3ca9a2:2mUOwt26tmTelHBDXM4yekDOSHKgo8mH	Q1:社會局,;
2016-01-24 09:54:59	efa724e3673a7e38ab63d7b64fa8130d:AfvCZLEWnQS8k3ehmjJiYfsu7dLoTuto	Q1:兵役局,;
2016-01-24 09:57:15	dc1d13b74f287f6206edc1f1f361b098:jikRraGSEdK4BiDJVYro2nR90P5bvpOG	Q1:兵役局,;
2016-01-24 10:00:07	8bc45c08088d43f0c0739a5ec42d3ecf:O58qHaKwr98hKkB1zNpEWsOQHQZFGJqu	Q1:工務局,兵役局,;
2016-01-24 10:00:24	1a6337a13038770356c0c6e111deeff6:K8oo3YvBaBCVWPhKomGCmtoYeopHKmgg	Q1:都發局,地政局,主計處,法務局,捷運局,;
2016-01-24 10:00:27	b309fe568533532b4cf058fad00e4618:mKturatJsTzEd8aijNQG2eY01b2EXjRS	Q1:捷運公司,;
2016-01-24 10:01:16	8c808df5ea31483391d59a9da85a797c:qaRsxZ2Z3rCe0ppGCZKiIkSkd8lGIokY	Q1:法務局,;
2016-01-24 10:02:07	d864223d580ad74e349f846086a3ccea:oCPpNLcJ7ikmKMMl5QHFmGp8nnpiR4nH	Q1:體育局,原民會,客委會,捷運局,捷運公司,;
2016-01-24 10:02:42	2a922fc2e08fa69b5bb801d23bbfc1db:EE2sVibzxzAPncNQvaMT7C8kKrXXo4jo	Q1:都發局,;
2016-01-24 10:02:52	93858efa781d9acac9327cda511d5dc4:co9gltMcp9oBBV4DfvGj3QIxavaUc1BI	Q1:衛生局,觀傳局,法務局,捷運局,;
2016-01-24 10:02:56	c018585879fbc11c9774198868b6485c:Th5ZpduFwCgxoYK7W7LufSe0O03rs7mS	Q1:財政局,交通局,警察局,觀傳局,捷運公司,;
2016-01-24 10:03:25	bdb97e2d492f122c252fb0df596206da:ErGxCVAPMSdt2eCl6Ejqptdb3NHFfP6b	Q1:兵役局,;
2016-01-24 10:03:29	85035b5db7aa6b12dbe8b5d5f2e91050:2JnoJJbWTjCVqNvhnPkrgMCUpqQwoOVw	Q1:法務局,;
2016-01-24 10:04:22	e08ee138e144a0532ff31f8dcdaad5f5:mkCig72rJW6NyETyOWznKj89KI4B0fbM	Q1:捷運公司,;
2016-01-24 10:04:22	2cdae2d722386aa37751c4fc129beb56:7v4nh6PdhxoC6dV3TH2nLNvdFB5F3beR	Q1:都發局,;
2016-01-24 10:05:52	836aee72e884a69c26a730adb025d603:Eua9T1JG0osQ5t4y1T35266Ria4EqUnD	Q1:法務局,;
2016-01-24 10:05:53	5d7f64b89d967631fe750d1308732bc8:ba4nMdwcYOgTckyCYArzjo74Uo46vfJI	Q1:工務局,交通局,都發局,捷運局,捷運公司,;
2016-01-24 10:06:55	a8c79770296020ca941b05bcdaa9d4c4:MkhFOvH2N18rs8RsVMuhCKaWPcmNkqf1	Q1:捷運公司,;
2016-01-24 10:08:20	25421770cef90f74e68b01c92b1264f1:zbhzzgrOcabvEJsCqUNiICKJWZjcvSpT	Q1:捷運公司,;
2016-01-24 10:09:02	1d4b4d777e13312d2779c9331097c53a:CAQUidyE5YLoHHyiOm9sDiJCJe4Oimtt	Q1:消防局,;
2016-01-24 10:09:21	2219addfb5478264e207f0746bcdea45:Dhv8BDrJCpJTDwWqSmQ4OVnM8xpZ6M6V	Q1:觀傳局,;
2016-01-24 10:09:57	0aa4dac0c5f3e3c8781f9b90b9970ecb:9swZYbMAIuzDxXf6Fh0Rdn5wbOYq0kr4	Q1:環保局,;
2016-01-24 10:10:20	bff837f0930ef84a011fa47b94c19ef2:1bQXW1KQWEtTcfIxxgT7SwM49IMBP6Mf	Q1:原民會,;
2016-01-24 10:11:48	dec86c6d23de2def56837af8d1970651:MpLAClNZVqXkn801E2UhT6QGGdphiHnr	Q1:捷運公司,;
2016-01-24 10:13:19	4ef7854499b2f231c7076717849adfb4:1rbkMPk24uXnndyUAgUt8q6H3qGSKjsu	Q1:秘書處,教育局,交通局,消防局,;
2016-01-24 10:13:27	4e7f3f58c5e46b77949a565ba90018eb:31FLFMyK5sKHozmfV0IAvlSRPHcy117D	Q1:民政局,捷運局,翡管局,北水處,捷運公司,;
2016-01-24 10:14:10	b1a7d139d0cd1a8fb081476b4078b8d5:Gv4sRGiARJXSJtydgzx3sEVZhqTaIU5r	Q1:消防局,;
2016-01-24 10:14:55	81a880c45597978fd0f6a3cd634c9b77:PCKassZ9tVoaQss7ORP11OQc2asQlUbS	Q1:環保局,;
2016-01-24 10:15:26	7553414818e22d47fc023053aadc4a96:aeiS35aAK5bie6bLpjTrUXpMVer2CRkZ	Q1:社會局,文化局,觀傳局,捷運局,翡管局,;
2016-01-24 10:15:58	8524954dc0ab30ba003217b1e7cb308f:Dlg1HqcuKQEmeiP26SIC5R2yKP4D4ZQC	Q1:警察局,;
2016-01-24 10:16:17	1ace88277df60e95d74cd236780898ee:9CcOKWJ25dsLLCSepYYlYNZ4oXm6KOPW	Q1:社會局,消防局,地政局,捷運局,捷運公司,;
2016-01-24 10:16:40	8dc95674089a837dfc84ed188cea2225:aotGYZUsaj4OsRlWFzerhlK6VEO46R6R	Q1:環保局,;
2016-01-24 10:18:43	f41c9a610da123183f782bd2094d7f46:F4QQM6QCEQpwS1Wp51rFRkdyFJlvCeN9	Q1:法務局,;
2016-01-24 10:18:43	e72e63c958ca448be9653e0729df6d7b:EbbFxMEjGhoqQtXXgqT01UoQPw6ojwF8	Q1:環保局,;
2016-01-24 10:20:13	4af266ce7f5c808cefeac37550e5c145:XXfHHiB9b6kY37IxrQfeDH6nbMSD8Ab8	Q1:消防局,;
2016-01-24 10:21:43	b7e48569e508dc54afb0ba59ad4e2fa5:ThALAO9ZmxoXaRfWmyfS3HI4ElpURP0N	Q1:教育局,;
2016-01-24 10:22:13	123bc50f7a33ace99ef7d4b04df5652c:NvtRSB2I0CuxNclrwVzvNZOh6C1AQLF3	Q1:觀傳局,;
2016-01-24 10:22:51	1ac6a0774f206a36735baa1df27230ba:aNl8kUtTYIP86iWnNXPUCOALPGw0Qh64	Q1:法務局,;
2016-01-24 10:23:34	0dad58a99cbb632ff0e7538e416be70f:mddWKpkvnRhFhhs8YpSLh8qFIhqW4duP	Q1:警察局,;
2016-01-24 10:24:12	130fc740c3a77f440c27ea644ff19793:CL03DM3ddYYDAvl9Qy1MSfBLyvCTppFb	Q1:主計處,;
2016-01-24 10:24:28	9b1d938c84c9b6318978f592903350fd:CvQLQRl0AxKWZrOJA1hju6n2AS0TNDKJ	Q1:觀傳局,;
2016-01-24 10:24:32	17c04a17d450150165d1a3190209d6cd:fvwy0zUWeO3Bvx00dFur0uYaClhI2fMa	Q1:秘書處,交通局,警察局,消防局,捷運公司,;
2016-01-24 10:24:55	983d9ee4dba85203943eb885fca5a898:DBXSHsve7w12lw4zXQlneglOQSQC8FGL	Q1:秘書處,交通局,環保局,都發局,;
2016-01-24 10:25:16	efef46683f4a0d5b48c9ea8fbe287879:IKlHijXBFvSpjBqUqHHYQHVMr6X9aYEy	Q1:民政局,交通局,政風處,捷運局,捷運公司,;
2016-01-24 10:25:46	191189622064605276bf0fdb6aa57603:XgcTmRLMoY0ggT4XhlvPxp7Xd9TCvCL3	Q1:警察局,;
2016-01-24 10:26:50	4a3c91919b33f8d5691e9ab42c224479:WEmErD8LNnXPtwDuhFAzPXAHuDx2XkZU	Q1:教育局,;
2016-01-24 10:27:07	79d71659711ca1c315a3c4911926a224:zYsntazvG0KqoxEhIh6rQRab74W55elX	Q1:警察局,;
2016-01-24 10:28:27	028871e2dc477247af587adda994dbda:9jlUErsrzcH8h44QhWPqMAPjPnLIfnsT	Q1:產業局,工務局,都發局,資訊局,捷運公司,;
2016-01-24 10:28:29	0f60da2a6a2b7e23d5cffd4acd68dcb9:jdyKul3xsWcKEOI9JYEuqTGxbYmeqHpm	Q1:警察局,;
2016-01-24 10:29:31	398ee327118f7421b3de535040d7a103:YTMtWDPfH08nTb8StfoJKl8FrEEnenr0	Q1:警察局,;
2016-01-24 10:31:18	e09a574082ebe91d869bcdd024dc9859:IYuL32vCSCkjh8a2aGU8yeGKxwwAbbHL	Q1:警察局,;
2016-01-24 10:34:22	6b512ead528cf71bf3264d5d3c42cd6e:WlBXQuoXu8dtf0OoXLJHMtmVSKZT0ojE	Q1:捷運公司,;
2016-01-24 10:34:43	d856e8188a1f93afc3fe160bb35465d1:qwm1z3eyOARuAZJL3Z1QR8xuVOHO0go8	Q1:財政局,工務局,交通局,消防局,;
2016-01-24 10:35:09	fe54d5523d124c6a68f6f32f9cf0302a:lg0KAKm8GyQElMBG8HgjoKMdEmsb2bFF	Q1:觀傳局,;
2016-01-24 10:35:44	92fbead1415ecb1e3411f446512d8c38:UntlBL8f2DHob7L3R7rc6Kybhp43gt3c	Q1:警察局,;
2016-01-24 10:36:05	75c96a0f4a248799000eb05070a6404b:gmsfRjj35w4fTq6QzcNK9SYJJbr1BVyQ	Q1:產業局,;
2016-01-24 10:38:28	8e96c8760f7b4ff3b681c83765e9fe26:h0S6Esw5hlBsfc8LbbaOpr3A4RpUtjdb	Q1:教育局,;
2016-01-24 10:38:57	5aef9314beeda32c71217ea6fa1b300c:4vnrhGltXLtFAz2DefhpMXTVfF8NqD76	Q1:教育局,;
2016-01-24 10:44:26	b48a4b075e0de97c44a007d62d6168c8:5BB5sYnFMB2f8KXLjqeXXHbhOivjC6Vi	Q1:兵役局,;
2016-01-24 10:44:27	32f2cae36419fa237aa22ff36e1ddbd6:GQxPWySd3hOJdFWgf1xRX2P8svJOEz6g	Q1:產業局,;
2016-01-24 10:46:04	714989b8cbc7d083dd9f1afbf850db22:ACKKXfZtBjqGz3WLSgB8X2J0SCiRNfZ4	Q1:秘書處,財政局,交通局,觀傳局,資訊局,;
2016-01-24 10:46:06	dd9ff5c62c8be131b6d6242cb3f56301:elREeQt7i41rLEnSzNFGmifKbdZ1j5Xk	Q1:觀傳局,;
2016-01-24 10:47:22	4f91508f634bf4f841713d1b98621b30:A7bcEdDUYxpjzzwBWjafHKohQ89g5GWi	Q1:法務局,;
2016-01-24 10:47:27	c16924c1db4f080c2d7447fa0d846bff:0lY322l32qO1HhBJ5FRcePyJOXG8kMtX	Q1:捷運公司,;
2016-01-24 10:50:50	99dbc4136e090d592f87986f93f243f3:h5HnDPvu5IDZyyMZxeMDI4actxGy7jbC	Q1:教育局,;
2016-01-24 10:51:12	50a5535f118d232aefbfcb318cf38cef:dtVsKsrnUxWCGYpo5cGLDgrIZCEKIyzW	Q1:勞動局,;
2016-01-24 10:51:22	1910543f0f28fae6fbfb1f06f6dac39f:odTpsziRXzsMjAGG64IsVCf2GprY1BHa	Q1:衛生局,觀傳局,;
2016-01-24 10:52:28	909ea5536da7ae5dbe0786dab8dae023:taoc1FmLkwrg4MT7dh8lNnzrkK4CaNCB	Q1:捷運局,;
2016-01-24 10:52:59	bfa745b83a6f12a892c97d3e919fdb8f:KI7F6i6HxIWm05rJKco4yu8umuRBBmAM	Q1:秘書處,社會局,警察局,觀傳局,捷運公司,;
2016-01-24 10:53:13	a24da0d7cc8c6a5fdc0ecd98ed646323:4xeQEO9guepC8kebUV0w31dGw6cHwskl	Q1:兵役局,;
2016-01-24 10:55:01	0226431e30ff922cea53e0f55a4a735d:4QVV9nB00LqkdPm4o9sEyWLLvcqyrDXB	Q1:兵役局,;
2016-01-24 10:57:25	7f6fe7ee9ad63c84a92e17a9d71cd74b:ZVGEbPdITUDKjE7x897HzCvz8iUD1LhP	Q1:都發局,地政局,觀傳局,;
2016-01-24 10:59:53	7a89be56cac0cf28fbee95ba97e03d67:35hdiS7UXMeNNQ9KsndE6JrVzOYemvgf	Q1:產業局,;
2016-01-24 11:00:18	c4aaf6532135f8459e208d6202b0d26b:fiRWcuUf1OtzaIKPCMdioYsvsSce8Vbd	Q1:人事處,;
2016-01-24 11:01:58	0e65ef7cce77010baffd3cb9a8dcff99:mat1M2LpI327R4DJc3esPinFMkt7XVxa	Q1:教育局,;
2016-01-24 11:02:59	623d2f338937486d1589813384466107:9p6bbsElFt0MGmDhrMkooYQNftBnjAxm	Q1:教育局,;
2016-01-24 11:03:24	543abd29e52ab443425a0d807696d04a:RCioTlYVdxDN5Zl7Y9boZnTdqTQKFApq	Q1:觀傳局,北水處,捷運公司,;
2016-01-24 11:04:01	54970397fc7070364f22b705fb6e123c:QQbQTYyztIBlsVdu0QOYa0Gf0mCFl1A2	Q1:警察局,客委會,;
2016-01-24 11:04:46	11efa22e7eb0a78b24b6c1e62d57eb7e:rYN7gJmI3ovGuZ42i11a1o4NyConpGHa	Q1:民政局,財政局,教育局,產業局,工務局,;
2016-01-24 11:07:06	683fdcd863f10283425d50f7c77599d0:v1udu6uuwNCkU3ni6NrRHxm6uTAsCJKo	Q1:觀傳局,;
2016-01-24 11:07:08	e8d7e42d659b693e6359fdbf9241fa17:xHR03gRotFJT6CUNXILz3etnI3HJY38c	Q1:公訓處,;
2016-01-24 11:07:36	4c4bccb4c7e4e679b7d34d562544faef:MpGZ9MKdmiX3Ppx16MBZLK9da3FwghwF	Q1:警察局,客委會,;
2016-01-24 11:08:36	e0c5bee926382f1e876718e51434862c:nKbZqvb12jNLCGhYdSj6rUFjwt2DdVGF	Q1:環保局,;
2016-01-24 11:09:02	c3a6499735a785ea8dc4add78603d949:O9LnT53gVbSUbXCBdPA08JtHIieY4kIC	Q1:公訓處,;
2016-01-24 11:09:37	794cdcea9b4f2c409859dcce0405e92f:WEK7BHTSnKEkncSR6pOPfQKbo2AwrXZT	Q1:交通局,;
2016-01-24 11:11:44	520cd00eae5315af8707f01bb735b739:VkQD7WFlvhOShcgahZQirmECGi1OtOC9	Q1:法務局,;
2016-01-24 11:12:43	3d10b7d086832eadff642a27f531680e:MA5H7lJfSLE5iNfysDYjnmR8rulUaO2X	Q1:觀傳局,;
2016-01-24 11:13:42	ab47769753c2345482c4462ad4ac3864:f4vGlweHbF7aSIsIlAgSbL9qrZxTczPh	Q1:法務局,;
2016-01-24 11:13:51	8d6a910b36cfe219d874e339d583d095:vUvwZGQmCSlp18sTahMfW5GUQTybFzYg	Q1:兵役局,;
2016-01-24 11:14:15	5e5bc749af4054475072a07f9f260cc0:GCWeeEg0GtOQ6XFs6gbQ7rUnUePKNgNh	Q1:社會局,警察局,衛生局,文化局,觀傳局,;
2016-01-24 11:14:39	c781bfe055604ee5593e4f979775a25a:GxTXwLdLDtzo5ICyDHmqX5zEykAWA0WY	Q1:觀傳局,;
2016-01-24 11:15:40	c8d7dba771da41a9d878372f4ddf92a3:sBBehqZ9nQYjv3JyQjIOThNPWvPssbUw	Q1:秘書處,工務局,交通局,觀傳局,;
2016-01-24 11:16:17	ed36313aca8d38c5ce3e2b60af0553b5:xkiIf64eAgeuC6Eku7OM3dg7sxXnqXPM	Q1:交通局,文化局,觀傳局,主計處,捷運局,;
2016-01-24 11:17:13	f741eaea71fb26e8d25ef901561fc88c:OgmPVmOCJPMan2RrfHKQVYA86zog8mwH	Q1:財政局,工務局,交通局,衛生局,環保局,;
2016-01-24 11:18:45	a22a840b059d09584f1080ef3b5d1e2d:eeA14fZ478AGhzk5tlVK2sGuySVGWy1O	Q1:消防局,;
2016-01-24 11:19:19	0de8918b5ca6c35a87e8b702ab222e00:Me0J0HQsYbbnX0GaGASkHYSJqoSesTd7	Q1:法務局,;
2016-01-24 11:25:20	579341a2a725f4b6b6b152dbc0f49596:VFnStCb6kRObhbvHtSroYCEh7voE0OHb	Q1:社會局,觀傳局,;
2016-01-24 11:25:20	f24230ebd227c855323ab1310b04ab93:oL2dunqPOQjPXnOBTzTA0BXci9Q4cKDj	Q1:消防局,翡管局,;
2016-01-24 11:25:21	6f7a060bbf2f9d5813ccfdcb16a8a2ba:n01zCDEcewcfGwrEmxkwa0FIzVzZIVqB	Q1:財政局,觀傳局,體育局,北水處,;
2016-01-24 11:26:31	18bfb03079cec9ed97bb25b3cd28ed51:5d1U9xOxaNkxWB8qQgyFddeOoUHA8Fro	Q1:兵役局,;
2016-01-24 11:27:18	ac29d36da9a25ca14e3fa681746b6cf4:Lcxhnvm0bM0Oufe7NHI7MF9SfgZ29cBU	Q1:觀傳局,;
2016-01-24 11:27:44	8e79a3843dab25f9dddee9e81b3d1585:MfNRZTcQ77EVFSSWEsiEHbsLUl5csv4M	Q1:財政局,;
2016-01-24 11:27:49	e6f58d8bf13ae39aeb3658d43683aeb0:2cplaM7bc0k9BRJulNBHO1x3HCn8gLML	Q1:秘書處,民政局,財政局,交通局,資訊局,;
2016-01-24 11:32:52	25a831aa4c1074116d75076790175b11:wHqv3ztH2soXZBvhxlNjV0CkU1FGPfrG	Q1:觀傳局,;
2016-01-24 11:33:57	540dcafb3b24bc48b203712277ebf277:CJxQEaGE7GRdjstAuflqPKDCTN2O79A6	Q1:教育局,社會局,環保局,;
2016-01-24 11:34:03	77392573540d234e3c6a631ed2dbdf1f:tc7ex4L5b1o35dUImX1ZLNhHAMs4J7D0	Q1:法務局,;
2016-01-24 11:34:30	efd95d817b00bd8972eac887679eda72:qtY3UhXgesfKlP2y4KELfhoUFGN3kD7n	Q1:文化局,;
2016-01-24 11:34:58	c126c2c39a19c460b10c3a71fbc0baef:bIHvhXxEWlDXfwmarww6JHatlwHCMto5	Q1:民政局,人事處,政風處,都委會,捷運公司,;
2016-01-24 11:36:42	7cd90e9abda482f1ec61bf873ecf989a:5doje2tWyxq0S05oA9fF3xGoAQXzbN5P	Q1:警察局,;
2016-01-24 11:36:49	fd36ed6220eaffba83cf22c786ef03e9:30X0mvWciid4lgzolwMAQ85JPGL3JNhY	Q1:地政局,;
2016-01-24 11:36:58	95187cd4a65bfc194f96fd28881e84be:9GnHJ12ybwQAEmtyF584e59MtQnjvYu4	Q1:環保局,;
2016-01-24 11:37:32	5be433a76a567df197055641d6b72d88:W03jcgfiHpoYE4cg6UakxDd6yzm8rW7f	Q1:環保局,觀傳局,兵役局,;
2016-01-24 11:37:42	5e816cd12d08a4325770946082371c20:SBfJKd75yZOyl3McXXM8KZEhtq68n3n3	Q1:警察局,;
2016-01-24 11:37:55	f29db0b07a3fe128550db8e2a31226cd:Xe0oekEl1hYPmgkaoYnYuySC1hWDRVme	Q1:警察局,地政局,觀傳局,人事處,政風處,;
2016-01-24 11:38:33	28e85c88b4039aeab493e1a023324781:BqKW33sBqwRYKTkxqTUBo2hOBPVnjdDk	Q1:工務局,警察局,環保局,資訊局,捷運公司,;
2016-01-24 11:39:53	ef46f461fcd0461610a349fdd5b730d5:oxBOYNhO6QeNEIdn6mRMZxPIkWHYz1K3	Q1:兵役局,;
2016-01-24 11:40:03	1fafd3fdb56f060b200c3b1cc9e27d6d:aqvSZdYxTppolNHKT6YGqeGPNY3Gis8H	Q1:警察局,;
2016-01-24 11:41:01	df257c604b355409912f5e79d1af2934:X4UXNcLerMURqy8i0IciFWvMTW9d1leG	Q1:警察局,;
2016-01-24 11:41:11	9e34fcb6aa30eb967c96d86969242f19:emNGGejmvj33B4YDDkoBwzNfYZgswQSr	Q1:翡管局,;
2016-01-24 11:41:28	8b290e569ea9833154ef6cb621855f6d:3t9CaxDVHxBSvO0G0UwyiG1GHVU2UPBp	Q1:兵役局,;
2016-01-24 11:41:32	a9ba1a38dbe3f29ff973e3481cc9ac9f:iKTvNfUD2dpQen8p1go1FqVaAFq0oZ85	Q1:翡管局,;
2016-01-24 11:43:53	ee2d610fbb8640dd5f5cb900c7842848:sEvEdcf1GVFaFOKODVxIAGvPqs23WqO1	Q1:環保局,觀傳局,兵役局,;
2016-01-24 11:45:09	ce73e361177ad8d21aa91c19d8fbffcf:e579v0aeiEAB81L5qqjEJCRLcJRH3S5T	Q1:翡管局,;
2016-01-24 11:46:07	5cee20c565efc848d1429dc543d0b616:IO7Egs5VOCDAco01JJt8LCfGW1FFmJTV	Q1:兵役局,;
2016-01-24 11:46:54	d8045611b74fcdafb1b4f70b88bf269f:7p5K70Xvmwd9s3aZ4Txo4dwQ4J97FV7L	Q1:環保局,;
2016-01-24 11:48:42	d64c23323e36b145cfe8107e26e97c8d:tDMK5JDKfEumnpVVkqHGZZdmnrihJ0jq	Q1:兵役局,;
2016-01-24 11:49:13	7867e8ff6bd90189999b474c99205a7c:h9tZfVeOvyz79vbATyd6cv4CPKPznnYP	Q1:文化局,;
2016-01-24 11:49:30	9f8cb77bcb5cc3f02a2d4564f238fe08:zEOCFEJ1wCnwZSLAPRRGJg6TEZyiHoEe	Q1:環保局,;
2016-01-24 11:50:42	3afe1c1da8c49c2f82d80d1b5a73a573:hTJhRz5yB4UiAiMOODM04ljUSRGusUS9	Q1:捷運公司,;
2016-01-24 11:53:21	ac6f79565fcecd1dd1db9b0c1bbe875b:ZmNCeDkiuMovrlrmJFhffFbuUa8t2iIe	Q1:捷運公司,;
2016-01-24 11:55:04	8abd8416e7214bdf0f0045276ae6eaf6:VOfq3j0D5Qipag0uNRFCJAEEfmz74NNV	Q1:兵役局,;
2016-01-24 11:56:03	2afb1756bcc7aea49cfda00aad6d3924:vVcGHnkz5U0384auVyDGJZZjkLDzFQzB	Q1:兵役局,北水處,;
2016-01-24 11:56:06	7848fb45fd46fdcf9c1ee89f7b7df49d:0dVwkiqNSblqg2qXOovYQ399ZWA6XKam	Q1:警察局,;
2016-01-24 11:59:15	5088786b3eee9642bbbc3b69fd801cb8:P4oU4Q1ZMzffoYb4rsSNQQugiGtQT8gh	Q1:交通局,;
2016-01-24 11:59:44	23222c457a17eadfb282124f1ba13503:KXXnSXR3nRL7wJyylHjv4S14SLQLC0x7	Q1:兵役局,;
2016-01-24 12:02:03	24fab33adf11d8e9f0fbbac78611c7aa:8JpS1qM496Dbd9GdxL9kb11SvNRtlrsj	Q1:警察局,;
2016-01-24 12:02:52	a26b79549b0b2a5b5f4d4bb57b51286f:VrTuf1CCLUDHOTuJ0nBxsF4OZbYslYxq	Q1:捷運局,資訊局,捷運公司,;
2016-01-24 12:04:02	7d3b04e77d8548f693f2c2e2e02f5901:nSstcKm2sSJC9MPyPjE49HDbcB4G23iq	Q1:兵役局,;
2016-01-24 12:04:36	2bd80341aece5c4aa2875d1b12b38c96:79mF1HYugl2lolR5QJPwAwm02yteRmqD	Q1:捷運公司,;
2016-01-24 12:05:23	8b37686e4ed45aef13297fdd1721f4e9:VJKrHyYdsXvrCUTLTSgUdm6P3Ie6HMa1	Q1:勞動局,消防局,;
2016-01-24 12:06:53	0a6cf1582a4c867bd1196058075824da:01cYkJ6UuRu6dpwFggbcmpZlZ8HWqVgR	Q1:翡管局,;
2016-01-24 12:07:28	cf9f8d1efdb1b9b0ef191b10c9649e20:Iq344ZG1wI83FJG3Z55MvwX1IdkfobSg	Q1:觀傳局,;
2016-01-24 12:09:32	929f1d93b7c11b11982aca2c3fa830f5:M7FJo8KCq88mhuYuqP9txaJlDpexOxHz	Q1:翡管局,;
2016-01-24 12:09:53	c7914388e1694ecf15241ddde6d85290:3VOuLxsi7E9jl0CH9zcglwtLirSnZoVX	Q1:勞動局,消防局,;
2016-01-24 12:11:30	d1bbac9f853efe03206f2775791173b4:Loho09qCDxLIfK020o7vURwG9yRhWtiQ	Q1:勞動局,;
2016-01-24 12:12:09	49a600bc8b16fc7fb1dfc3ded1c3b357:G20l51JTNIgSWlWA9WxocVOieDJZk22f	Q1:社會局,衛生局,都發局,消防局,捷運局,;
2016-01-24 12:12:47	60cf50f04c808b3f07052934ed2f282f:h6ejcfG2V8tWgu8TpLClncvO5sUsEYaO	Q1:教育局,衛生局,環保局,觀傳局,體育局,;
2016-01-24 12:13:43	16d5fe42cd2f9fc4daf0409ac36ec83a:LIZ1V8ZP7Za3ATuIydXo9Tssgcdwp5eg	Q1:衛生局,環保局,觀傳局,捷運局,捷運公司,;
2016-01-24 12:15:15	be8e3ad053395e80b36d4935c840c4eb:gKiRF6y06IH9hI7TqN57W2RrA7wsLROC	Q1:法務局,;
2016-01-24 12:17:01	4e01a4c64eff2d4c973482c7ad032203:023nu0xBeoZCEjW5iXrhSonxafaaPGI2	Q1:法務局,;
2016-01-24 12:20:10	6de4820a60a5c7fa2a6823e60d8b6954:YBJIRGY3macy3yPC1GoHKr818va7rzJH	Q1:交通局,勞動局,警察局,觀傳局,資訊局,;
2016-01-24 12:20:44	97bb5955cf972a0a71b06bd4747e4d82:b1onmVTKRzFYoTVgyZn8zhuJYeAy7TZB	Q1:工務局,;
2016-01-24 12:22:32	009810190d199f24b93d34327e90f8c7:DiKJhe9o42ehZIpGA0U4PrxHRt1hIkWx	Q1:地政局,;
2016-01-24 12:25:30	b314edf65e4eaa00edf3e636e9d0b659:uxSNwVtgIN4XCJyHlzvxL0hvS5MhtHVs	Q1:主計處,;
2016-01-24 12:26:09	3f431127adf1bdb9ba8f0b9b1f51cd9f:1dbKUZn9M0k3gnMTKZGoasOldt7nm9gC	Q1:環保局,;
2016-01-24 12:26:11	cc72856899ff275fcfcf86d8ddedf09c:CBkcHbp2gNV00W2l4j1lVMvn6AzvGaqF	Q1:環保局,;
2016-01-24 12:28:39	4b0827d38c5d5aafc6034a8ff68f3ec3:pPMGZMyFHIAAX6CmvPP5LCw459gjpxgs	Q1:主計處,;
2016-01-24 12:29:33	2ffc15c26518c2d2bfd31295340ad61d:Yv91i0uSpw1PJmGNTdbd5i7f65FYqbqG	Q1:翡管局,北水處,資訊局,;
2016-01-24 12:30:25	2efdab2ffb39e35f6747e55468ec23eb:DfVQWhDhSKB8fYJsNdUkLqNklbUTpg1Q	Q1:文化局,消防局,觀傳局,;
2016-01-24 12:32:10	43291bd337243cf04a0ea782cb8cfc4b:moNgqJHDCwTQ6MtRYk17Mmv35BwvOpX4	Q1:環保局,北水處,;
2016-01-24 12:34:03	50dc38a199bdacc5159ea86d9ec2fca9:EBOoXkvMuB76PSTewDrX8DSP4vFSeAiA	Q1:社會局,;
2016-01-24 12:35:27	5a270b09c9aa0e2852c211eb4f8a3ea1:ofNqP8M0Q2CFJqPYRcpl1cCu69xg082i	Q1:秘書處,財政局,工務局,交通局,都發局,;
2016-01-24 12:36:44	d9cf47ab8ffbf7da30998a23de184cd1:6caZAAY7rysIJU52Ea93ToUHPK2uTBzl	Q1:兵役局,;
2016-01-24 12:37:03	24ba514916f54b2661acf9f395dbab6d:X7RcGFjwtDIPr71GetHtYHD90bfMWMcp	Q1:民政局,人事處,研考會,資訊局,捷運公司,;
2016-01-24 12:39:27	449de247e8884bfd00819ed2c715895f:AOqlgFXr05xIbQT67eUCSKUP0amR8wl7	Q1:秘書處,工務局,交通局,都發局,政風處,;
2016-01-24 12:44:07	db834f964862091d36e868145ed5e6c7:VpEsIKWGzsnQ6iVbrg8biWPec6Awvkmj	Q1:警察局,;
2016-01-24 12:45:40	7b5a14ad5bd16d32b9a3109f5bc23f2d:q5kdS8aj4uBtCqr3EEI0qoeJeeqx5Rha	Q1:教育局,交通局,政風處,研考會,資訊局,;
2016-01-24 12:47:49	5b44821be6fcba875fb676f189c4b7ee:FZpE16P2v45MRcF7lCgwKK1SrtHsQ9pv	Q1:教育局,地政局,翡管局,;
2016-01-24 12:48:43	a6941203e93c93acd5704faff333f2d5:kMN7KF6nVN6WAwCnFOsYxishnsF3nh9R	Q1:教育局,社會局,主計處,客委會,;
2016-01-24 12:49:14	83efd3e07e5e7e612729f82cf8a9a4b3:x2GE781UCd4XZlEh5iKe129Jl4WVbRRY	Q1:公訓處,;
2016-01-24 12:49:24	e401a4a963302d84a7c7c5d205142140:pFtpQ5vHD64orLKijGomQWX6kAWKNoIH	Q1:觀傳局,;
2016-01-24 12:50:30	eba95418894c2b4ef7f474f5fdd93acb:LQu6JmGy8cVP6UxcxH6iNOtorvXfE7Yp	Q1:社會局,警察局,環保局,消防局,觀傳局,;
2016-01-24 12:51:51	137f7a2b46e2bf1bb179b151b8a654ba:JBQ7bHW0X3MED4i9xbIFsMStDPqPzyvL	Q1:工務局,文化局,;
2016-01-24 12:53:15	6885b665ca933b9ca56b7d01f3d748d4:MstQI1SitfZ22tLxZR568FzNxoMRq0V3	Q1:法務局,;
2016-01-24 12:53:56	f86978825794252e229c834135927643:CovaxrLv2TnS3Bu3YvqlWWd8maw8QVxi	Q1:警察局,消防局,政風處,;
2016-01-24 12:56:08	c25ee93bcb408938208d6d381d8efb16:ySgsoZYxDm8J6cyuzSPU4IJEPihtHOOB	Q1:翡管局,;
2016-01-24 12:57:25	00724e514ec8e4aaef31983ca46e7625:31pYMMXcMio55hUSZPI01W1n59lTXNdB	Q1:教育局,社會局,警察局,消防局,翡管局,;
2016-01-24 12:59:52	5e6ca52ca9a510a82cd7dcbd8b48e9a0:OEroVbYXXvZERtQW90xyrfr6wf3XMver	Q1:兵役局,;
2016-01-24 13:00:32	6a2c4e760c6a482ac51cedf425d7e5f7:BOAitxLf908YKl1xDbeqehTj4w3EYfsx	Q1:民政局,財政局,勞動局,衛生局,兵役局,;
2016-01-24 13:05:19	e83531b1e24e984298f6b9a9058be058:A7kRiKivHhJGcXXRbPlywBGsXTIe1l32	Q1:警察局,文化局,觀傳局,政風處,資訊局,;
2016-01-24 13:09:15	71cf933d7dfd9510eb63ea4fae3cc6d8:j1A2Prsp2BmsBjf2dEtjbLoCx76Wu0ii	Q1:主計處,政風處,研考會,原民會,捷運局,;
2016-01-24 13:10:44	4842c3accabecd1ce328c56a4d3c67b5:pptA1PwfQrycXFCf88Is3mLw9KIgoWn8	Q1:教育局,;
2016-01-24 13:11:20	610d95444964fc78ecd7a4fa5ffed62f:OBpBhB0ISDtx9Xa7NAVYl2xDjpA7WKCH	Q1:觀傳局,兵役局,法務局,體育局,捷運局,;
2016-01-24 13:12:26	1f471f17ee40d4794e7fa592b6b331e2:MmMYmC7zqXp6WX3GuHfIjzcZU3Q6dF71	Q1:地政局,主計處,原民會,公訓處,資訊局,;
2016-01-24 13:12:29	4a07509f1cb5a859f63c94fa79692b63:GuPJmiII9WH1adoMS45RqkkmY76g8apj	Q1:警察局,;
2016-01-24 13:13:39	db5775a4789c0474166a98a612539057:OnIxCJAeiVNVHLZX2bhpsN5nD3itEuJv	Q1:警察局,;
2016-01-24 13:13:51	5be86b6afa3315d17afef8267721c625:yrFR2nU1x11dul2oIVlMRTuoxfXyOEct	Q1:政風處,;
2016-01-24 13:17:24	683e2b69a7dc318f6a7ae1cd54516ef4:ugHk0LxyNjzkAffE4jpuAmcWCvFSyHjH	Q1:工務局,交通局,勞動局,觀傳局,政風處,;
2016-01-24 13:19:23	b20ca51ffffac778551667033cf3cf30:GpmKN4khtwwrBr0chzsv99LPSY3H14kd	Q1:地政局,;
2016-01-24 13:20:45	7696d135932c6739c15490bb3f078180:9DygRRwouN0BRIGejOPW8GW08cf7eovD	Q1:兵役局,;
2016-01-24 13:21:10	ee32cb5ab7edfc0661a19a8cb2b05b1a:3dXhWUOTUwUl9DF4JQjA6uafmngb9jFE	Q1:捷運公司,;
2016-01-24 13:23:30	2b2b78d6fa2165887fc469470280ae20:9rBCP9SoeP9ImhFgvZyVosRtjhvXvu8e	Q1:捷運公司,;
2016-01-24 13:25:58	206cfa0b42efb8d1d553cb1c27e59988:e5FmgeU02JcAp4ldhgHOfEa91UcWXhmp	Q1:秘書處,交通局,社會局,衛生局,觀傳局,;
2016-01-24 13:26:50	eb646768a12b154e6d4b67e6f54c0311:bd5D11wUxW347wBWUWEVFOTTUeb6WpsM	Q1:警察局,文化局,觀傳局,研考會,資訊局,;
2016-01-24 13:30:02	ae928349d39fa0f811dbcba24b7b7726:9FjlJioEXgi67RqTyCmVqqtlDpnANU78	Q1:捷運公司,;
2016-01-24 13:35:28	83cb8cc2d8c40a67f1c143356eae1530:CvEpnJgFTd0FkF0HS6l2MQ4HSY1hgc0M	Q1:教育局,;
2016-01-24 13:38:21	98460b847fbefef1faff1b7fbf2e71f3:IwAaWbMwr4ON8gZHwkNxddE1YGlnTcjX	Q1:兵役局,;
2016-01-24 13:38:41	922d707b957863cc666359187d5ed3cc:UEkDOrQH6oqSnARKaVIRZJ8UAY7CirCI	Q1:兵役局,;
2016-01-24 13:40:18	1de242c2b74c9c110d0227690ab77858:NBxTgVyckEVHJTJdz1nsdBzPXGD2tBjP	Q1:交通局,勞動局,捷運局,資訊局,捷運公司,;
2016-01-24 13:42:14	ff42aa3682dbeaccf60e2b3487fd68d7:F4zja42Zp8bRSsVPNufUDGa7qRGouGpI	Q1:捷運公司,;
2016-01-24 13:42:58	58cc0c8e7722db18077369549606fa73:1wXT8W3wb1ENYbrJSskh4yciHo72zT0H	Q1:警察局,;
2016-01-24 13:43:33	281b48cd29153cc74674723b45233376:vPdRR71RLiTr12DtfMvOAH5EHn4CKixE	Q1:消防局,;
2016-01-24 13:46:14	b23489034cf4814d99e5a62ec107c5fd:APrCG81IHXi7QCcfRGg1jJivaphntuo5	Q1:秘書處,財政局,交通局,警察局,捷運公司,;
2016-01-24 13:46:41	645d18cafa36bec53aba50ad5713f477:cxO86ijM0GtbzDGJcUSk8pUqDD849Zi7	Q1:財政局,翡管局,;
2016-01-24 13:46:59	ea07332b22d17d515937de276e92121b:tcPKfkTLEqofg7YV1EXW6CqmwqhaFV7T	Q1:環保局,;
2016-01-24 13:49:23	f9a68bf8db255f08ad0fba65003ca15b:K2nZmrZr4zna5f5SOSNgWTLlWjrRbTA2	Q1:環保局,;
2016-01-24 13:51:00	70a590b6cca7ed9a676d0eb8032687ae:myuBUkeWSD8C3a4ffcMQFg8KaHNNQXP1	Q1:教育局,;
2016-01-24 13:51:26	59abf1ca65809f4a584d957273341919:QdGVPWPSZKdFIFWOwcokAWIjbRxkjjZ5	Q1:環保局,;
2016-01-24 13:52:21	c47d5231779a55967091ffd5dd1424e3:yOc8p6RFRLXqRXMq5NfovXO5TRsnn49k	Q1:環保局,;
2016-01-24 13:52:44	6e52704cb127aa429ed2e416352d01ba:pCygjibGibnPCxY6WZz51E9cxuGSJ2nl	Q1:環保局,;
2016-01-24 13:53:24	00d29d98e4f62e5d0431fa656301c1b8:QZ2lNbCi3JBrf7ncRWr2nesMTTFA557R	Q1:教育局,;
2016-01-24 13:53:41	8c7e8faa64c93e18e9915b5780aa484b:KepmhGw3LC6HN67HdDgMbuwWGuliuP8G	Q1:教育局,;
2016-01-24 13:53:59	899d954f242d8c97cf73bf6cfc5e25ad:boCKuAiY2MRIJo7qXeFx7rKNCJZMVGAc	Q1:秘書處,財政局,交通局,警察局,北水處,;
2016-01-24 13:54:21	f799edb6c309a6bb277fa94fc09fd2f1:yJGXLyAv136GZRi6wbTDGaKijXvH5RVl	Q1:環保局,;
2016-01-24 13:55:10	9137282f83f836e4b26e3f08ed43a9fb:pKHNcz7jXfDvxCBxJO6CxTtnOtuCHY6u	Q1:法務局,;
2016-01-24 13:55:32	da48455de6ee25cdd230e459e3914c27:anJp4VcVAnwQLnTtLCXrBLPUKgT94f9s	Q1:環保局,;
2016-01-24 13:57:04	59a00d758dd20388577f16dff8c453b2:nSGJB1IRpLYRxkIGvC3q8p8TKKThyOjp	Q1:工務局,交通局,警察局,環保局,消防局,;
2016-01-24 13:57:48	ee5c12dd16aa82e397a1e98fbd497fe8:kRRVLBDLA8rqLYkxkMsmLJou6LY1d8K1	Q1:民政局,產業局,都發局,文化局,觀傳局,;
2016-01-24 13:57:55	d4bd6b29fd8af4f0a47aa4ac40d515b4:Oo7Pd1iiMa0d18S5qts6jsPqR6RzSS1d	Q1:法務局,;
2016-01-24 13:57:58	adc8f752fb6457f2e86b9cb92dd11fd9:j1E4ZNIJdwkrILvODCCyR1Wb2gOqqFaS	Q1:交通局,捷運公司,;
2016-01-24 13:58:00	bbba8e7278d8525110bdcd28e23f4e51:9QgLDp5swMb9D5tAJOXeJm2xrau1MQuf	Q1:兵役局,;
2016-01-24 13:58:01	e6d95a13b780153c37a349561f16ff93:tFBBCK6igG7vAxnDtr8Dmjgwz8azQ8tA	Q1:法務局,;
2016-01-24 14:01:05	781066d2400b80b537968414f3485cd5:jIkVR2BxH1jRNnyfkT2ZyAkjrviSjnTj	Q1:兵役局,;
2016-01-24 14:01:30	f583a6627309a5993a83260f56dc3808:GRx7tD65nmbnsbHF8XzefbhQ8jHGb8jn	Q1:環保局,;
2016-01-24 14:01:39	b610aba184bbfc5dd0b407a19e4098f3:gXLEN8dWXRuEUF51iiPrQLBNhTOHuuyN	Q1:原民會,;
2016-01-24 14:01:50	a0ee9b7a5b4977be75e3f30b19d84fff:XzllLVsuebnaeBfTcVBbtgFKmXR8ZH1x	Q1:法務局,;
2016-01-24 14:03:37	673264dda3351c564bff54b898653d4b:czOsGZOp16SuQ6if6k8yS15F8WrrwKHZ	Q1:捷運公司,;
2016-01-24 14:04:16	01001bfa3039e72c2f6ecf99312b292a:OaDG1KQ6R7kLTXWoTG1dpstlA4IQsAk1	Q1:原民會,;
2016-01-24 14:06:30	3420c30fb0748a35c0c7f073d9316217:4CDIC1StjbyfDfgAa40484Ps8j8gVo1R	Q1:原民會,;
2016-01-24 14:14:03	b0165dd080c98fbd62525ddfa0678154:vjG8dk6kPahebpHC1OfWOOGY7EYRopl0	Q1:環保局,;
2016-01-24 14:14:06	06f534371abd94d38642c9774777415e:OFetJOO1nDzZn5l7BzHDbZ7YRPYFjmdZ	Q1:民政局,社會局,勞動局,警察局,消防局,;
2016-01-24 14:14:26	dfe6aad597aa5b0bbfd9ff5e9f8368a4:nfk0HDeyKgZ0tINkXFYcZItvdHmbqvQe	Q1:警察局,捷運公司,;
2016-01-24 14:15:21	5fa190317b1a2f0374818c2cd3af03bb:AdlcFqSeTXbsRDgsvOPa7l3qO6Pbr1ys	Q1:警察局,消防局,捷運公司,;
2016-01-24 14:15:48	2f1f7b66a6e91b255fa3fd52be96cfe8:HhfiLie5QueBOdm9Ptg3d3M3ySfrVZoi	Q1:秘書處,財政局,交通局,警察局,政風處,;
2016-01-24 14:15:48	3cf98fc5c39ffb0a83ea68f1de54f9d2:lAZ8yD8vYpPwereKxqu1uJedZCRZ5bsW	Q1:原民會,;
2016-01-24 14:16:38	5db7827be8835123b6c64b7808af08a5:0gvvew1zjjUATrqjkVURgeDwhy2jGXCL	Q1:秘書處,交通局,勞動局,政風處,北水處,;
2016-01-24 14:18:02	7aa2a56961c3160b802b27a70c9568bf:0K2ePZtoq08hepxHw8Wtr6LIdh6NNaRk	Q1:原民會,;
2016-01-24 14:19:52	8fea432450663f84d30b598e98287a83:gUXgk5ZtUN169g88I24EJie5nJN6lO6K	Q1:原民會,;
2016-01-24 14:20:30	c9e48bd917d4badf1c2a86da27cbe65c:kWH4CBb67CEttuLgOtuow9SZ4jUmmWZb	Q1:消防局,;
2016-01-24 14:23:25	1a451fcbd86514abedb9ca26d0617407:mKnanDnt9m7qi8vfvatNCk42anRJdHiQ	Q1:都發局,;
2016-01-24 14:28:10	2df3c6b6b2b257392b7ddd93b375556f:MaFuQbTsX2l5G5wiN4WYFSPMWyTglhbv	Q1:警察局,消防局,體育局,公訓處,捷運公司,;
2016-01-24 14:29:59	fb435a96a6eb7ff2dd0de68090956613:IupSIVdQMyzmYdBuunwMVvhydYs75YuW	Q1:民政局,財政局,工務局,都發局,消防局,;
2016-01-24 14:30:07	646013512e9686ef46220eb8b9cf30bd:z2s1p6Kd3DVgMDs2cs2aVIVJdfUkWZYh	Q1:產業局,觀傳局,;
2016-01-24 14:32:22	e9a6b5840b24fd4cee05f2ba203ca9e1:TVmWjlp96ewU8sRmqJAiAoOCt5rIBJ68	Q1:民政局,財政局,工務局,都發局,消防局,;
2016-01-24 14:36:05	48d2131ad4f242b07517ab88ac013ea3:ERx6gQuSvgKr7NZORU9cjQqODemUh32j	Q1:觀傳局,;
2016-01-24 14:37:13	20872b44b3b57324edeb51a20ae346c0:FFGW3hZQEUzaaaJhw2VVIVvOon8Wu1Vw	Q1:原民會,;
2016-01-24 14:41:09	b2e262d17ec5b211490bcddb4961fb61:rAvpxejnmzvWKOLyuKF2yKRtWx2XKlWE	Q1:捷運公司,;
2016-01-24 14:42:26	13d65916d67f9914f1585e24e9a75359:EWYjb5z68dDqwToQ1SCIbrsfmM8t1naM	Q1:原民會,;
2016-01-24 14:42:49	ca3527d172d7231c89b89adcbb92eb8b:24q8e5U9ZYAfMspxoNjH7tUbX0VoHxF7	Q1:產業局,文化局,觀傳局,客委會,翡管局,;
2016-01-24 14:44:31	23a2ee05817a37ae268f6145292fb7c2:deJWyPuu9RKORhwTPG7yscXLhtIZCqM0	Q1:文化局,法務局,;
2016-01-24 14:45:10	f39789b2091db14061832f54fa95d065:3qqLCK0pOcxoO5r4CXjWd022NHkQfm21	Q1:環保局,;
2016-01-24 14:45:43	b73d1cf642b8c3ea3beac730b8570748:crcDj7BwrJ1oDhLRBXN5MLmWo2lu68JI	Q1:警察局,;
2016-01-24 14:50:23	a912c942c25951c09255970f5844f6e2:VbL7yTASJcE1Gmodls1QRx70Of2OSVd1	Q1:教育局,;
2016-01-24 14:51:05	3f1a24e3c8dc6d2359e66a0659ae66c5:PVym6G8soOqqYcjK6Ib0Lv1hv1oYaKCj	Q1:原民會,;
2016-01-24 14:51:25	4848c90ff26e5a83cfab1c3e6dc013ba:qwLKQhnYKSgmNT4G3WFduFoB6WQzgf8V	Q1:都發局,;
2016-01-24 14:52:36	80edfbabf9bad2b41e8e57ae11c71b54:4AAuJXOlqZ1q7ClNYpLK7mSqDbHbawvp	Q1:消防局,;
2016-01-24 14:54:42	005d716287610f59f8eabca7332d4480:tY9Ftgw7a96LXLEQHIV4vMuftTlUnTPe	Q1:原民會,;
2016-01-24 14:58:07	aa083c8e2ab2ce630400e362567f8b29:M9zMPkK9sBHA4Ia8pMece0aYUHhNd8Il	Q1:原民會,;
2016-01-24 14:58:11	10ded9da1f9c996ab804a2f5ff893b47:mIVd7qn1djB56Tj9nzH0TvqLizHITJiq	Q1:消防局,體育局,捷運局,資訊局,捷運公司,;
2016-01-24 15:01:18	9ee16df6ed955951b62f4198df9c5245:MUrNpKjU0BgLPeZGve2VFFfLrxoSJJFW	Q1:原民會,;
2016-01-24 15:02:46	a1607740bf406b224830eed085ee2b92:YORW1yWOo7U2ubOCETozEBT0P1JNoAjx	Q1:秘書處,財政局,交通局,法務局,;
2016-01-24 15:03:34	b45641a3fc3807b95d5ba06b2d1ad43d:HeuwszABsorzoGEqRUFOXkjHK00hikSL	Q1:原民會,;
2016-01-24 15:04:15	9b4961748f058a0323151f2bbf11c4b0:L9iR2YW2Up7NUiz1WoVekFopNFcyIL8B	Q1:主計處,;
2016-01-24 15:09:07	13e7c3bba3a11c47ede71eaacb91ae1b:0fdFmmG3li6vNsvWAUNauKt1eKUVNEbj	Q1:原民會,;
2016-01-24 15:09:26	216c97fe0ecab48f23fad26eb8fa1a88:CMSG1wCf49QnqlVpPWcqrPkRRILrCL9g	Q1:捷運公司,;
2016-01-24 15:12:22	c7c3706d4273b585d035768f422c49b5:kafCmNpuqpLRU7hKbXpJO2Q3iV0XFFA0	Q1:原民會,;
2016-01-24 15:13:36	c7f433790c27939545064ec352468235:ZmVvqz7lbwGMdN50WavNZ4P72gPjeclK	Q1:人事處,;
2016-01-24 15:15:54	5634d7bdace173cc6cb2b600c1225e57:qIdVDaqaQvkDOqhGKyQmWm4MDKVSIOEy	Q1:教育局,;
2016-01-24 15:16:12	ea55828480c4d88a08f3e765b6ae9d37:XQWajVFl9aubjaPy3mtsbLG3kwBf1IA8	Q1:原民會,;
2016-01-24 15:19:48	6c3ab30f6307493f2c3028713394c15a:cTD0Yjc4uHhwPQRDkuDAEP4nY9donfgK	Q1:產業局,;
2016-01-24 15:20:46	3d9e9c8b251a4c60c0e9a746e4ac2582:4bG6raJBSAUT4gv6T2IzGsrDDiF5uAF6	Q1:產業局,環保局,兵役局,主計處,政風處,;
2016-01-24 15:21:02	becc4afa0598a5ff8e6a0e4dd7270507:yZ4TKcBZWJF35JhR6FvD8crEspjXU9wS	Q1:秘書處,交通局,都發局,觀傳局,研考會,;
2016-01-24 15:21:03	bc82d1b0483e2cf072347e5627e0cc5d:XGHkD9YvNSzkp3LSDHUDV239hR6g8wdh	Q1:原民會,;
2016-01-24 15:24:23	ab7d429b142b78610049fbcbb8367234:zcfkJsE4rvrwwWBSFXHFpFEArMiL6jNa	Q1:產業局,觀傳局,原民會,客委會,捷運公司,;
2016-01-24 15:24:26	91be04ca8d1aa4dffed16e789c33a213:SH59dhVOzh11i8agStvC57LXcFZi4OS8	Q1:原民會,;
2016-01-24 15:25:31	8ebb56bc4882c3b26f3f098edf0f01b2:pvMsHkuBMvh62qsHKvvx7ZHviPC2OWOG	Q1:翡管局,;
2016-01-24 15:31:56	f4a0d5fe7a545caed8a26c5ed1bba053:etXaSwAcvSAayQoLNm8HnJKFSjPqdMsW	Q1:衛生局,;
2016-01-24 15:33:48	9b5fd76a564120ba1b6a661753b63276:9vsFCNtEPyCDvHq471QQR9QnJzMKylLA	Q1:衛生局,;
2016-01-24 15:34:20	6613e211d4035965f9a5e97178a65a4b:r8e4SBZFOIu0FE3w5bgDncgbjsA7lphi	Q1:觀傳局,;
2016-01-24 15:35:11	bea870834634b7d4450561f6af07f8bf:mK3gSjBfVUKg7GAyqyPywYOkHK1vaZTH	Q1:翡管局,;
2016-01-24 15:35:51	830eeb0db84d57e4f4d4afbcd72df3cd:Aqf5UWLGLY8lsC7TB2ysZdhnb7LWSprf	Q1:觀傳局,;
2016-01-24 15:37:11	7d8cac428d67271a00c1a535a4a2256b:VjTM7htagGZNsKGxbMZq3TPnri79MlFJ	Q1:財政局,捷運公司,;
2016-01-24 15:39:50	cafe381070b0bcc5362e22bc6900fd4d:oaLZKlO9vjUrLwKMjR2QQrJKe0plbKN3	Q1:地政局,;
2016-01-24 15:39:55	076b067ec9d160875fc3bbda9cbd335a:ahcfG97bmESmGIvIZCJ3wDTDq491g394	Q1:民政局,交通局,社會局,觀傳局,捷運公司,;
2016-01-24 15:41:17	4504b260840d668bbbd301a96def7ef5:oQVRIqxeR8xoGw1k00WbSSZfyiAXWXyP	Q1:消防局,;
2016-01-24 15:47:24	fb0ad562320771b23d8438383a481354:zvbbdHOLKoYpKAOxg19fTbmJ4Iic2k3n	Q1:警察局,;
2016-01-24 15:47:34	1d7cb78f81579387f067fa4a8e46d175:XYaUUWRhHMgtKwNFhaloHtxOVZWwFx63	Q1:文化局,;
2016-01-24 15:48:29	dc81ba2415f0782ad9476d49416c4cfc:RmbqaSIkqv4KLABMGiLU0QmH3cINC5QU	Q1:文化局,;
2016-01-24 15:48:36	b3c45b04f1405a6b3d35fcc9ed8b01f6:f9GY8a3k56sTDN6PNjdTz4Q6Lys7I33S	Q1:人事處,資訊局,;
2016-01-24 15:49:45	50d65ac0ca8413bba61ad21f9c84efcd:RFyeDOBB2fmNDsptIPOlZXNFhww9pjBK	Q1:文化局,;
2016-01-24 15:50:58	cbe2442230ea0ee63b5587d8828ebcb9:oVfxEX8OMGHgLBBrGcfnedv00b38Xr8D	Q1:文化局,;
2016-01-24 15:51:15	46f049f8c53019c72ac6fbcb3fad6c14:9fdpoSD82tghwJUqvxwAKEXBFAblJkgw	Q1:兵役局,;
2016-01-24 15:51:20	0b43b8a2bd379249f2913045dd6edea1:28wxE88TbGdLuVMyWIE2dMmamvdjLiNL	Q1:警察局,文化局,消防局,政風處,捷運公司,;
2016-01-24 15:52:04	a0e3b38fd3d5fe178436cb08930689cd:jVce289VOo43QjNVG3du4NlvsFmhqfMF	Q1:工務局,社會局,消防局,資訊局,;
2016-01-24 15:52:08	0d3d76420bbf9e01159fa82034f9a354:c1rZqXB15gjqnwFEe5zWDJdEejFWWIJX	Q1:文化局,;
2016-01-24 15:53:11	47c1f955489701e5334c1ea0919351f4:td3kYlYT8tRs5P10HKNAf1Hp1YERknv3	Q1:觀傳局,;
2016-01-24 15:55:31	6127942415a83b5e9819545af2c7d399:AlBwbu8jx6Y1Xebu2gpISE5a8iyKEI9v	Q1:觀傳局,;
2016-01-24 15:56:16	4b09fa9ba74f8c401bc53b13f7e6c936:aEazYThhUou2J1J5dYJsWjoFInpumm1Z	Q1:社會局,;
2016-01-24 15:59:21	701d63ca71e6eea420c640f91f93414d:z8jHcnZUgbHFI2oyzDcWbhAnMjr2ph9j	Q1:秘書處,民政局,財政局,文化局,資訊局,;
2016-01-24 16:00:00	ed03dda5f48e1514bbbe73c934862491:1zVdBcWujVvi9TLOFrrcESWSbBuq44O5	Q1:民政局,產業局,政風處,;
2016-01-24 16:00:51	b3b4e828043ace537e6d9a59c85f1a44:NOT2JIheT2geTEIMbpAIScEmjJrFtyO6	Q1:交通局,消防局,捷運局,翡管局,捷運公司,;
2016-01-24 16:06:55	11513f6e1d52d583727d5f8a83187147:Z8V2k4POU4mU5NZ1xBb80eRgxe3PxO9F	Q1:文化局,;
2016-01-24 16:09:27	922a81a878350de10a169e366514b8e7:WAKM4txPRwkhX3nVCAQg984k53ytiJac	Q1:教育局,;
2016-01-24 16:12:39	ffa3dcd424dacbfb4c19e3562d70b0b7:rmDo36b9rSb5MFr5AAVKWVzzYrXnQcfP	Q1:原民會,翡管局,公訓處,捷運公司,;
2016-01-24 16:12:50	59d7bbbdc97dba4aa57aed50029aa6bd:VtECmm8WZ5775tzSzPB0jVLxHDBAUKeI	Q1:教育局,;
2016-01-24 16:14:17	88e0f5b4147194b5d6a508562a76c9ee:M6RS8eR6JUli7EF6je44F8kj2AGI2kpT	Q1:兵役局,;
2016-01-24 16:15:57	2a975e34fe5e7dd2611ae5459eaf7a1b:5Ob772UeATW6zeODKwGotmPEgksMx5Rn	Q1:文化局,;
2016-01-24 16:16:37	f4de576e78efc816692c58d412da81e5:jRh8PWZZwstV12lCGahPcUdhg6acojUo	Q1:公訓處,;
2016-01-24 16:16:47	3d6c2930e18292a075fcf93a11bc704f:VOqlH4DNu0Fl6xOV3jLJ4Eb0HXjljPIp	Q1:兵役局,;
2016-01-24 16:16:55	96ac804d939d1cc9f42934ce4544da3c:vyviEzHeBEcYPF85F6aljMRst2XZEKHf	Q1:警察局,;
2016-01-24 16:18:06	d85a5e141b3f13373b2032d171f4d9f9:y8qWnVJNWJMTxlXsoR4Pr19nj5EkOAfS	Q1:公訓處,;
2016-01-24 16:18:25	1b5d4a98d3f3c4957fbad7e9ee56d7ce:wta0m9JtZncJ4Y4qcdt0RsYPVDoivuO2	Q1:警察局,;
2016-01-24 16:18:49	016fec3b0fa31cff73693dbc51ca419f:TO6wnKiPDNtcQhJtBP04FNIlCdv0qyZV	Q1:教育局,;
2016-01-24 16:19:55	cbe791f682d546e8fd2545d001e57f69:kb5V0uKjJCjhbMIPu6UMGHrY77lQF1yo	Q1:警察局,;
2016-01-24 16:20:06	21b4c48daec67c4490081a01b8674195:pRhvEaYbVpryFljeG98ZvxYQqb214zct	Q1:公訓處,;
2016-01-24 16:21:11	8d438bb717951e6bcb73a031b42ae19b:BBO1F69UEUOkmLUoIfH4n3gg9fRjUq6C	Q1:警察局,;
2016-01-24 16:22:07	a7fce929c5d80ca57d028b92393b74f9:E0YX16ftaWPILdETzttF4a66pQhBd4CQ	Q1:教育局,;
2016-01-24 16:22:52	20b1f997512e9f0f924456c802cf6358:ldOj54kJuD1nYmVvADO5f59DHrAYH80S	Q1:教育局,交通局,警察局,觀傳局,捷運公司,;
2016-01-24 16:23:35	f24bd0e38a877e764eec0b57db4c0edc:Kh9NQrRT0trbRVsAxAVOq6nMZmo8eT9s	Q1:警察局,;
2016-01-24 16:25:20	719f0fe4a97c85be6c3237d29d857281:nx2ogz9RYFsXgfuZP9fk1t9aTRlS1MK8	Q1:消防局,捷運局,捷運公司,;
2016-01-24 16:27:08	ba4739dacac1e8bc2b75062e6b201668:A3Xsa0XSfdMFcJnJOrmrShD5TY8ddFrH	Q1:消防局,;
2016-01-24 16:31:25	ccd3ed37b61f098e3fd62dde97518224:IUz3KHNRnDxpBf25oqP68elQ8VuEdp6z	Q1:教育局,;
2016-01-24 16:38:13	3ca8bbc0b4c544654abd0ec8552cbc3c:ZzPn6BFUPr7mGJAZx0C7UI9QC5sGfaBZ	Q1:社會局,;
2016-01-24 16:38:21	c95d5c2e7fad23e079f5ed32c540e790:LSMtmXP375iN8nJO61gJhb3U1glbggmn	Q1:消防局,;
2016-01-24 16:38:49	c1d1c2b879ca2934b947ab147163641e:VHldraZePXHFGSDGZXX4zeXSMq4Apmbr	Q1:翡管局,;
2016-01-24 16:41:38	7653d06a8682db7bfb6dc74f12ce330c:XTKJ4KvJtph5ooSWE14jcXo9bSZQy8R5	Q1:交通局,警察局,觀傳局,政風處,捷運公司,;
2016-01-24 16:42:12	f13009ad024ba79447458d20190d9597:aMxEqevvJgzrcnB12F9Y3NZnZhoncI0a	Q1:文化局,;
2016-01-24 16:43:27	0603c9555b098e014380d65cf946ec8e:aHF5QiNvOiZLR5XIxnw97iddr6Y1YFVf	Q1:警察局,;
2016-01-24 16:44:44	37c4e7359f4972d867ea717c00e5be84:ZS2B7TyiXGHh51H4WeK0HPBSo9IzL3nx	Q1:交通局,警察局,環保局,體育局,翡管局,;
2016-01-24 16:50:11	93bad9bc0e688764f3f5b51f2c880346:LQEqRimWuOLoOLrwzn1kLQ3NG4HMJwZa	Q1:秘書處,工務局,社會局,衛生局,都發局,;
2016-01-24 16:50:19	35b8ce1fefd0e6c2d86ea3d3a6829ef4:tx2e6mzxmmiVVXn3xPpD7azYeejVEQwT	Q1:兵役局,;
2016-01-24 16:51:35	dabd4d6a5be5a51f704f927ef3c2d70c:aOXUoEx2Xxc6aQ8InOueZ9AZaIp2evsa	Q1:兵役局,;
2016-01-24 16:52:06	0595fbca3f1a17afcf685735ed79cadf:iRSaNnJtGoP13C7U1P18JQ28nqxwsYdL	Q1:環保局,;
2016-01-24 16:52:07	d572356d08417b43c25c3fd30e5f82a6:LPa4pdKXrMiI0YDEdaNCoVYHmpe1NxDM	Q1:兵役局,;
2016-01-24 16:52:08	b8e38d6a8e8ea09ed582804ed814f48f:VD2zrXp0jbNK6N71RuMMoeoHuJ6cLLMt	Q1:北水處,;
2016-01-24 16:53:03	bf9bc694d4ceec306130826105e7f9f4:LcymfoNIv8OWPfCxUgAXkscizHgKasnr	Q1:兵役局,;
2016-01-24 16:53:39	e339344fca2d1d945824672ae53e0094:swwLxD77x7ObouzvxprbkYCTrqA0ljak	Q1:兵役局,;
2016-01-24 16:53:42	64324457dea2a3b9e44a1eb3d6f443de:FVuhSZqyvNZ12TCI1jw2meP9kk4IXFGZ	Q1:捷運公司,;
2016-01-24 16:53:53	9d910be730bf745ff612680b9c9933d3:aKl5LwcxOcTmYKkV2cTzAQNTSM76uiDs	Q1:兵役局,;
2016-01-24 16:54:50	fe9ff2a89f8fdf88a88fbdd1e0d30c55:AR4GgcbrkBhfz4LHDJH26aUzwHE74DE4	Q1:兵役局,;
2016-01-24 16:55:56	d86c6efff7ac716ab11863f886e00a80:s9QpG0NDIJCW97X7gxRg69YAdTIJOUYP	Q1:兵役局,;
2016-01-24 16:56:52	20a824aa27e4a003d686150352e45ac7:Lm24wENLeCZlmwQJCsPVyByBjbC5B8L4	Q1:翡管局,;
2016-01-24 16:57:43	5faa3dd0dfa9c3ca6930be049ee5fbc3:N1QSTgIZPQXXk3v38J88o5eRIrY9lFIj	Q1:兵役局,;
2016-01-24 16:57:44	d389c8e0c07462dd096cd158d46fc5bb:j4r8be1IoW29jFdZ1BnxzsELRPXp4MV6	Q1:民政局,文化局,觀傳局,捷運公司,;
2016-01-24 16:58:40	117f2b1cfd65678ac4809c2a878cc22e:gRUAQErtnR1eTV3TGTPT58wT2WffkUBR	Q1:交通局,都發局,觀傳局,主計處,;
2016-01-24 17:01:35	500f58f1179cc4ad0c5a07fadaf5f92b:8HdD5gMxQZR8mNZ10zG0qrKpdjTDThHT	Q1:教育局,社會局,都發局,觀傳局,捷運公司,;
2016-01-24 17:03:17	ca91b8cbefea6f70320915455f8ab3dd:dqFdSgMzLlIvDB7Kpo4r4P4QmUlJ5b4G	Q1:觀傳局,;
2016-01-24 17:05:53	2a1fc201065ef1b860626de48fc3c9bb:5sIusX642pehaLfUxpsWkKr8AJSSWn7L	Q1:文化局,;
2016-01-24 17:07:23	f44a097cfbbfadc0637328d6e078a69a:xHwNu30phkymFPqLbba9bWDFL0wtzA75	Q1:文化局,;
2016-01-24 17:08:01	436dcd7a845e09b3a9f34cf407c8c6a5:bGY8hpJGWwnb8nJ7RC3NHJ6II43vBfHw	Q1:產業局,交通局,都發局,捷運公司,;
2016-01-24 17:11:53	4cd1d30c66c672a5f70548f36de96113:b6rmHgdIp1tSTGhYJi2hv50UYLT0eicW	Q1:財政局,工務局,都發局,政風處,法務局,;
2016-01-24 17:12:45	d795e34d9177cf5930fdd6b82570ee39:0P7JNUYPOz5I9Mi6ZsuvOos4eWtJpHKr	Q1:捷運公司,;
2016-01-24 17:14:31	4a21ad5e293e197b0752b626727822dc:exgwLzhKx8Woy3w4J0ByWzYkSofi3wGT	Q1:體育局,;
2016-01-24 17:14:57	f9268309fd7997c0fb910b74c3ae9581:QcWovjipJTvYQtnz44gWdpSUj6G58wGB	Q1:秘書處,勞動局,都發局,地政局,捷運公司,;
2016-01-24 17:16:17	f82db23b1eca7c47560745dde43be8e1:ACWttwEUcAXquorxuLOzlIKDANpX9j2w	Q1:體育局,;
2016-01-24 17:17:03	2004dea8ea9cc7607f618882d4d1868e:q0gRJUis7INkBHxlZpZnYXLYWmHKRCtI	Q1:社會局,警察局,都發局,觀傳局,都委會,;
2016-01-24 17:17:13	5a0a3a6bb7db542b3045a8e3086030d5:urrtxZ5D1mxsYfdgNbBpV284hcUmVS0w	Q1:捷運公司,;
2016-01-24 17:17:23	1b5b3227e5cd861487f1ed41dd4e8a55:a4DFX9mlwvjJq4gGWNlIHs11471lpHVq	Q1:捷運公司,;
2016-01-24 17:17:47	cfea568ecffe0c47026f23a05cefc307:lvzvsHXmOlBHLTb7V0qNnHblrTif4wHN	Q1:體育局,;
2016-01-24 17:19:01	762cfeb3ef45fc409481a9ff4a06e41e:hw6EbMRpBvRPlA77y5tPsjv2SXJe67O1	Q1:體育局,;
2016-01-24 17:20:44	5ff270394ac875cc069483f86700ae47:hFb2DbcnRgSIrOsiuxqryYwNGGehqsAf	Q1:體育局,;
2016-01-24 17:21:36	7f015c4ac4d847c97c0e2d8111d2b876:5CvrKjRXxtnIkiHmnk4ACbjCzDiAGGTS	Q1:公訓處,;
2016-01-24 17:22:27	42597e0334d231cccac0f57fd3a8a9fc:EUef64jEoQ70UvnyeP5SEdBxsskCVy6i	Q1:體育局,;
2016-01-24 17:22:43	3f2c19ba6a52352bebbfc9ba2d670758:5Wdz9wOtxxcepxXstRH0qqwfltKzDVBf	Q1:公訓處,;
2016-01-24 17:23:02	25c5fd4720b80f2510ff7b21b789a590:n9d2IYX8tslwEwfNJC3ZELPdL7FkOPpr	Q1:秘書處,人事處,原民會,翡管局,捷運公司,;
2016-01-24 17:23:38	ef294800781ec45f6d49abd8506b64ae:BnvpcUjAdLdNVLrAKmhNm67aNV8EZmfb	Q1:公訓處,;
2016-01-24 17:24:09	ce1be339a2b3056c69dfb182ecbd70ef:U9MNO0D6NYwDNN3ewX0zd5eHt5IAXDgU	Q1:體育局,;
2016-01-24 17:25:31	731cda48c941b64f07d7ff330f6740b3:lxphtR1PIZ1CT6gtYR7oLKFylNiwryqv	Q1:翡管局,;
2016-01-24 17:28:47	a7a4c1f143ad11624aed75374ecff849:FdY9LPBgtYHFGKmxAWXU1vu4pV01ijiY	Q1:消防局,;
2016-01-24 17:30:08	96c6e6cb3837f396db937dbc103ea7cf:IOTbn55r0It9G3xAgzWvop4CXZQT1P8T	Q1:消防局,;
2016-01-24 17:32:19	324e73283566a066f47c1ec28ee93316:924xClNBf9833oUwukA3GxA2PNKPDyKj	Q1:翡管局,;
2016-01-24 17:32:19	710c13085b4aa6c27fd7cca3816dc1e3:K6qdICPxKr77ShwoxI3w3cAPvJRtOFO2	Q1:勞動局,警察局,環保局,消防局,捷運公司,;
2016-01-24 17:35:12	f1f29c13994db77a5078ce5028a7b0eb:sz9D8fIxOmX0UXuHF484kzSliUsfdZAB	Q1:捷運公司,;
2016-01-24 17:36:01	27d39b4db78ad37c49c7abf17b3b14ac:TDhpjfMi0uROGko53GzrWDV4gSX0irVq	Q1:消防局,捷運局,捷運公司,;
2016-01-24 17:36:39	3a4299f21e94b73c3acb0b815b3b80ea:lWDaTgkFKp4cWocr4xFe66ArkNZ5Js0f	Q1:教育局,;
2016-01-24 17:40:39	e1233bc905c1ae8d87fd21020e85090f:y4Q7UFy1l9m0zFJVLRfyt6qPIuumPnbg	Q1:兵役局,;
2016-01-24 17:41:12	df197469888f3792624a679c92e1a8ef:XfllIWOSJjG7aPfZ0WB3bUV2ei2T1IDM	Q1:翡管局,;
2016-01-24 17:42:59	eec7ffe13cb051f4a60b0f1a820e564d:pFq0r3MRtITVYiszgFKqSQuhmxGqR0i8	Q1:觀傳局,;
2016-01-24 17:44:20	bc55ee6f5d52e1499d2972fd0a3faa1e:Mqv8wUJ7Q0VZ6jjFt5Dehm4vNnhUVsA7	Q1:交通局,環保局,文化局,觀傳局,北水處,;
2016-01-24 17:48:22	bdabb3d260010ffd38b47bce343db514:U9xAFnxm2ayNc2YdWYNq6dZ82bW3RKZg	Q1:民政局,;
2016-01-24 17:51:27	0e57b055d43ecf56c2b81d7e85d519fd:3KII9S6h3DkENtICPBdjZXNfBfTN5f4n	Q1:秘書處,民政局,財政局,產業局,工務局,;
2016-01-24 17:52:39	87ea229075fe495daa6b98139d3778ac:WFw4ruRv9rpWRkESvmsROnOfNCSCGKSD	Q1:客委會,;
2016-01-24 17:54:23	92d1ac0835becaa5aebda38a410f8b7f:z8ZDkXnaQQc0EI0jX0XJ6WtbyvEoyQ85	Q1:主計處,原民會,客委會,翡管局,捷運公司,;
2016-01-24 17:58:42	51e842e4757e282ef5ee094feed451b5:A9XdsldrVdNbFlSy8Tq1H7nvbpQprID4	Q1:警察局,;
2016-01-24 17:59:10	c49a9a862cb8dfdf81efa83bee4bee13:ws5Yzaf6G3H74tdeQeRnlNR3WDccTsYi	Q1:文化局,;
2016-01-24 18:00:49	3a9f34088bcdf82be5651073d21fabed:z0DehDrDjWwMrm7rqbummtASzahUGg4f	Q1:文化局,;
2016-01-24 18:03:41	37ce8342efa934e4d7c7b8af2729d666:1mtLtYQ3VY66daIP4zlIpoRhlSSjmu4u	Q1:政風處,翡管局,;
2016-01-24 18:04:25	d695ba391ab7afb5580f0468f5e2e085:uJEhIbUaAXj1Ga3rwqwX5IAFyQSgIpwN	Q1:文化局,;
2016-01-24 18:04:27	8522cc60b0e7144d272eab87d95d595c:vxB4A7Cvh9yUhLAI9F30bzUeFXufShX0	Q1:文化局,;
2016-01-24 18:05:08	85dfd511236971cdbea841cfd1af499f:pHxBZ6boopk44JCmfCHuiOGxkkjfeGT6	Q1:環保局,;
2016-01-24 18:05:21	0757183a2ee6a42be65a49fcd30c99ce:cnPPuNW0afYLOuHMzaTZeGptMJM4hhbx	Q1:環保局,;
2016-01-24 18:06:33	a79a6bb9005862930cb65b3e23bba126:gLxJWACS0aSzzra1SFWgHCQRt2meF34d	Q1:財政局,交通局,警察局,環保局,捷運公司,;
2016-01-24 18:06:40	da0ebcd1e4d47fc72e0269d6942ca969:pm6lCPJgosuwGTP2IostD53fLjJQybmT	Q1:警察局,消防局,;
2016-01-24 18:06:41	749c54a99c9d09d7d36a103868cf19e0:mwzOw9PA7sfhCSzlgLQ3shrb8BAkLRP0	Q1:產業局,社會局,都發局,觀傳局,研考會,;
2016-01-24 18:08:08	c579394c6d6d192367adeda5dea53197:nyKUpwk4jHr6AZMydiaaeLKnOTFkxOHe	Q1:環保局,;
2016-01-24 18:08:28	b665ee3dab78c512040fd23c4b99e492:7VGukwB6GM1lI8HHLnwbPNvJEjaODvD5	Q1:民政局,都發局,觀傳局,政風處,資訊局,;
2016-01-24 18:08:34	90e8f4906aee4a252a6143eef3220eef:VGgDBwLLROMY0PWQzYL9Tjn1jXyMPKLL	Q1:觀傳局,捷運公司,;
2016-01-24 18:10:34	7c736b70cf07f2e278efe844152a91ea:oddznHXA3hN02C9Z57tMmG6IZG9zNOSM	Q1:觀傳局,捷運公司,;
2016-01-24 18:11:02	5896d6f7c52c67853347c6687b9c0dbc:03q4ttQFSjk2oaP7VtnNYQWuis3LUlG7	Q1:環保局,;
2016-01-24 18:13:29	2754eac350b50f72521c9b8927202a46:kHUygMGxaL2tVSfuwoknp8NkluIizb9k	Q1:環保局,;
2016-01-24 18:13:47	425ce462f766b9317e0c77a4d09eeea0:XgUyYFTEe0GsOWZkIIzWpgjXBqq2hrmJ	Q1:觀傳局,;
2016-01-24 18:15:38	7a11f57fa054d124537d88800b8e9152:WmaxGyhQFZSwiA9cEfkhh0phpPjk8hRc	Q1:環保局,;
2016-01-24 18:18:26	5995ceded59754b454f136186e7e8511:Q341fUDKmYdkkziwOHY4ic78pLiXxfkB	Q1:兵役局,;
2016-01-24 18:21:29	c0a8dccf6d6d0a8c50e3002934ecddcf:crlosaBsCzh1qkPc0w4QIWWqBzevgqZ7	Q1:產業局,;
2016-01-24 18:23:30	d7d4d32d010b50ddc66ea82d802f50d7:vaBEYzZ9KfhWyl90czhDv4vOm3OUs1Zf	Q1:研考會,;
2016-01-24 18:24:32	d9b9bc8b62280eac5a735c4dc4d6e4a7:rJOEGWa47X1q6qvKaEPW2yn5SMhYMoEQ	Q1:警察局,;
2016-01-24 18:24:34	03034aef9371e401eaedf0eae716dd4d:SNwFFPWjW3SChMT9NOy9u07yzRLcwNtY	Q1:研考會,;
2016-01-24 18:25:16	1ca06a450ff6ebd8a273b2729ef7f0ab:0DEswy18yjD936opPJAofxIESdLiiuUJ	Q1:產業局,;
2016-01-24 18:25:41	0f9cafdd08a31937236ae9069ff52b9d:5As0o7TzBtzMutwXI3U7MxOxBpFGYBEF	Q1:研考會,;
2016-01-24 18:26:45	99ecfd56e1bfb380e52593fdbedd5740:geIOEllUS6YJ6n09ar09eIgWIzpip9Gp	Q1:觀傳局,;
2016-01-24 18:27:05	a27894447fde9c1f093fa41f3d8151dd:NwtfDCoflKCNB4RZiuvuqE0ltiSVB9Na	Q1:人事處,;
2016-01-24 18:27:17	421196f7120cdb5f7fcc90cfad746bbe:kJWLozC88lAUof7uyWlzEI594wutiymK	Q1:研考會,;
2016-01-24 18:32:19	de1f821f4fed837bda8f6f32d29ac809:ppenbkkAonKvWDTfX1EHpaJoSorOQ0Dv	Q1:交通局,都發局,;
2016-01-24 18:33:03	b68b939bb55f706ca3818c0c5a74cb70:XCFUlS6Wp9NElbPuh3mvImCRBMN2pq1c	Q1:主計處,;
2016-01-24 18:34:00	ef18f580a04f27c3f6be0074f89f5e7f:T80Y4nirznAsDHFymF3wE48PVeh9wUbt	Q1:消防局,;
2016-01-24 18:34:49	49f65ea8fb3dda5dd17e9cf1fd79b69b:UEcXs7CdQE5OtGZejBPpVvlxT7uhCHfB	Q1:主計處,;
2016-01-24 18:37:11	a5184aad5b88875a43599fffae08bcac:WOAjBsZfbF2bUw88aQDVV25saYnry0tL	Q1:主計處,;
2016-01-24 18:37:39	e57adba31d437f1243100a37720fc460:r6XJofmAauSaD5cV3ZvjcqZZyRFRTik6	Q1:交通局,社會局,勞動局,都發局,翡管局,;
2016-01-24 18:38:12	309df29539dbd177c015f956a23b185f:JVzCYH9e15ur9VZcW5VEPRnkNkpqzodV	Q1:環保局,;
2016-01-24 18:39:26	5eec39650fb2f511bcbd2c361d66b500:oqG1IQ6z1B2FHk7z2OUJRV7a741pWbhO	Q1:環保局,;
2016-01-24 18:39:43	b6844917d86fc04c7364ae820fafd5b3:CDiA5vpDWu5VuoTtXMRk0kYIybJmPDIn	Q1:觀傳局,;
2016-01-24 18:41:24	b3d090c5351bd8f075a62862530eaa0e:bQgmpUzTb3EiSWvM9xt02xybIbb3oDGN	Q1:財政局,教育局,工務局,交通局,警察局,;
2016-01-24 18:43:49	886915c3a1d5132b1b3436c961d554f0:gnT71lMZHcZD7fYAQxCT1sPnOax9CVmT	Q1:警察局,;
2016-01-24 18:45:24	4424152454c52695b69b398973c64cca:jm0kBPOerAYJZ329j3uPNNDGGkHNPLfP	Q1:秘書處,工務局,地政局,法務局,資訊局,;
2016-01-24 18:53:27	777645d9809522efce4e999833e79c13:IwaXtwbubgxhGZfBzsnHEudn2kSa3mbx	Q1:都委會,;
2016-01-24 18:54:29	12a8c27026fa65404431fcfd7d24f363:50qfC4ACTdhGSZ26gP1jjFdCOp3AvIiX	Q1:翡管局,;
2016-01-24 18:55:05	53c6f9f6c8d136687d045dba16d32cff:B3FQhCEU6kqbkJNtyXbaPXdNx75mZEIg	Q1:警察局,;
2016-01-24 18:55:10	d15982c0da958cd7cf1c3436b9060013:3pahlXI736vEx5ZydXbb8EDkQ22m0uke	Q1:都委會,;
2016-01-24 18:56:01	f6bc03daa6d3d373105d004b028ec92d:JFpS6sf90CYhOhp9SwR8hFPeuwKcF3sU	Q1:警察局,;
2016-01-24 18:56:52	ccf0084d8597553b674d68bdd578d450:q19Z5K3zEnUU5o949AoFH6H6JuVu8x4t	Q1:警察局,;
2016-01-24 18:56:53	c3cb0281df98618506adbb7ba5bc5f19:FHSCY0BzTSKEUJFVFKTU1qUlUZo91Ph1	Q1:民政局,財政局,交通局,社會局,消防局,;
2016-01-24 18:58:32	6fc8258cfae92c28b36a25e83015455a:s0CDp5dY6GfzVeXeBAST7SdloAztMuks	Q1:警察局,;
2016-01-24 18:59:54	e4ab126c191512db13956e19e417c9dd:7b8O8EI5sdfmNNkKl4sIo9K2TY6qHURs	Q1:捷運公司,;
2016-01-24 19:06:04	a0602a870242c8f6685d6e1873744c0f:zpobj4ipKbPBXVNR1Q8HMlYUQ6KR9GHz	Q1:法務局,;
2016-01-24 19:06:26	b041581d512e3fa15f9726d3f851f083:5AFtz1S0zqryuEzZB14XAH2UCvMjg6Cy	Q1:主計處,;
2016-01-24 19:10:04	bb2a48c89bfaac675efd73523c353c3c:kXA2LQrMF249JW2lYtxuTUSM9KnKCtUd	Q1:法務局,;
2016-01-24 19:14:33	d3697dc556bf0cd93c5bd7a5e523ab7d:oCJANjENR9J1fowYOF5LuBNqgPLzdvzQ	Q1:翡管局,;
2016-01-24 19:14:43	19a1d9b66f414507459ff2a91490d973:ZbEqxzjQyTUQJJvKpuLxzlPlnAidMU0S	Q1:交通局,社會局,觀傳局,;
2016-01-24 19:15:13	a342f3554f81fd8707d82571732b7909:5ZrtZbGio0jXgfTjkswLdw2GoMFRW82a	Q1:法務局,;
2016-01-24 19:17:45	ee58a20af3097c84373d0050af23a59f:08HlRG3WqKjoDDNzYhvvnPwLEScZouTO	Q1:捷運公司,;
2016-01-24 19:19:16	01321ce5dffae0b33009585fe0562dbf:KmJibJgSKj1k7abekwxgZDaKmKNLm0HL	Q1:文化局,;
2016-01-24 19:19:32	e47dfac23ce1e25b2dcd628651ec5d21:YeLOp4Rgg9uFlQide2GsvLYWc3mUhHIL	Q1:都發局,都委會,;
2016-01-24 19:20:31	1ea098e49d81733548b15add96d43c1c:QVgXVXhZQpmxJDQrCoGLiDat3K4jcqA5	Q1:捷運公司,;
2016-01-24 19:21:07	841fce000671ddd55507735e6c0de88e:8ELMgEihafpgW6UIDPxlQSCFDQcLptuO	Q1:都發局,都委會,;
2016-01-24 19:21:33	518f644a7401cfaa1aef67ea8f4e9581:0oCCo4IwWZgsUWbx7wKLrggdF2ATCLoX	Q1:法務局,;
2016-01-24 19:22:51	f9401869d817fb26eccc56aab002bf12:hA3ziyV9yPkzk5nsSaV8eqmffDfOT0o8	Q1:警察局,;
2016-01-24 19:22:59	7f26bf6a2d0a5838013cc75dc6e1af76:nHXYQ2gMUzj1vxXk5qrY2152Y2qbzT74	Q1:北水處,;
2016-01-24 19:24:09	ea65f8ab0c0ee03d1ef327651f744a06:esB3R0Yd37adkIDJd1jknTRd6FTS2JEZ	Q1:勞動局,;
2016-01-24 19:24:36	7a5c9a03c22e63e451fd1eb01c04f266:dnmf3tdBDPKXiZ7kGTJmZdebiUTrsx8G	Q1:教育局,;
2016-01-24 19:25:04	6c1a60a1ab78e264dae1359342a9c64e:KtR7tI8msQSVeCAcdTCHJJfLyuL9BVbt	Q1:主計處,;
2016-01-24 19:25:08	692ed9b24058d2278f665c824a178ad3:wtmIzDWHdIcHy5jvvO2ZwYF68AwmF9Z2	Q1:北水處,;
2016-01-24 19:27:48	bbc0412b3e0c8eb4d04355c281caf379:X7wGIqnzJZybuILPCMTtxIONhZCQMHfV	Q1:教育局,;
2016-01-24 19:28:01	77018c4006d53ebe220cc83d41883eda:gHO1DNGf9THJWjtN6v0d1HsXM4nSwdZz	Q1:勞動局,;
2016-01-24 19:30:18	6fea1be9fdd52b6ca6f03495717ede9a:U59Cg6UI13PxntOkkCLNRprGoQchw66Y	Q1:交通局,環保局,捷運局,翡管局,捷運公司,;
2016-01-24 19:30:38	40f3754ea7f88a2402246b8a64b2d7fb:qHTtNtBbuWAGEhMQf68laYyHiEb1DC9X	Q1:都發局,地政局,觀傳局,;
2016-01-24 19:34:58	2d9095198609cf3021d565046d59b3de:XdqqATeBR7aJ8dEyUkG0WGjf9fjleNqe	Q1:原民會,翡管局,;
2016-01-24 19:35:27	760cad7a315bed0f6cf17ba98584da59:tjVDUN2eFkG9NzglOGafddMoowllo8E4	Q1:勞動局,;
2016-01-24 19:38:44	0b36bfd9db2eede62c981302453460f5:qKVUmUb0UBZ53WBJb0UeeYBNh3gA4UMo	Q1:秘書處,民政局,財政局,交通局,警察局,;
2016-01-24 19:41:28	c30b535bd355cd72bd4291eb78c4c2ee:Ny9eqfEj6UY1N0RgE0FAYhIAE666USGi	Q1:兵役局,;
2016-01-24 19:41:31	a57c703bbd0b9925fa5f426ca656d929:px5KZQQj88uFv7VwyXRTSgIasPR7bKDy	Q1:秘書處,交通局,勞動局,政風處,捷運公司,;
2016-01-24 19:41:32	c3c7e49afb88dcfaf0ce4499e845e649:ZlecZav3GEEhopbgD1hKV1scXrEchhNF	Q1:文化局,;
2016-01-24 19:41:58	3fedebb3fc09fa0d0a664d89a36083a3:Kl0f1OmsztQ08l9YDGtSpvhokUzM2WSc	Q1:秘書處,工務局,警察局,法務局,捷運公司,;
2016-01-24 19:42:20	28f4cfd0b8a9e78616b8c4f317c48d60:bkyeHTZNKOUPJVCLvzD9ZSK4AZlqfAsH	Q1:兵役局,;
2016-01-24 19:43:39	ae8d04e8bf9419dc47017daf15ac6138:2pEH3ejh7RSwWJg2yserycir6qebvlnu	Q1:勞動局,;
2016-01-24 19:44:03	dc834eb23f56709d4dd730d6fd773e0f:kgELWTEtFxEQabU3swCjlYy2ALqQppp9	Q1:兵役局,;
2016-01-24 19:46:08	c4a3ff5f5535e72a6a44710bde7d22a1:O94dxPsr6GeEPVsBj9LzzaPN7IRhlfIC	Q1:警察局,;
2016-01-24 19:47:16	a543b6002508171f1b5933ab54379e05:Q63eb04lunolko19w2GZUqogtP62yPd4	Q1:翡管局,;
2016-01-24 19:47:50	2c216651fcccdb4d1cf8f927e2f2c325:s4WISPgWJTJyEUj5VXooA2LEEbH6wTKz	Q1:資訊局,;
2016-01-24 19:48:58	05e3ebd59c7bdee5bcf34f496039c870:9eJeJNcGtZVSxRaDwdsLwKVY2egUdjg9	Q1:環保局,;
2016-01-24 19:49:45	7b5a83fbcc1c2e3a2d075fb1255dd5fd:iJh42fKGTcuOsMJtCvR46pk6pyZ8KWH2	Q1:翡管局,;
2016-01-24 19:49:49	e8bda54b55f44f9dfa37527ce47583ac:x6Ipw2XTLGmrKx4yFNad0ky62q6Hcye2	Q1:秘書處,財政局,交通局,都發局,;
2016-01-24 19:51:24	1fbf6dd699460958cd2f06b5b12608b4:oTehXsTocEPLF2YKTcrkThxWEe1Y0GjK	Q1:環保局,;
2016-01-24 19:51:57	5c64aa3c142e5c7ee1ef23129f7e5ede:d1JQqs6hR35t7D30oMvBjQa3S95XFBoM	Q1:財政局,教育局,產業局,文化局,客委會,;
2016-01-24 19:54:28	72210334f59c8114c14cd9948609564b:QR8tCcGrLwaP2oDhLIbqC4HAmzxgWk8U	Q1:警察局,環保局,消防局,捷運局,捷運公司,;
2016-01-24 19:55:38	64b1eb63ea3b7ee4e211f122c6c623f2:W4VL23LLLsq11QPPFnzUzUuwbbH1BWR4	Q1:工務局,交通局,警察局,法務局,捷運公司,;
2016-01-24 19:56:36	d74bb62ab5cebf59e7a00289efc0c4f0:dDNTSbaL7Ptd1eJIv4obfHaDEEuIJwr2	Q1:警察局,;
2016-01-24 19:57:40	72f37e21bff10734732e996ce046a9c9:bgKlSnfuRYpTbErj8NynpS42JzR4jF2N	Q1:勞動局,警察局,觀傳局,兵役局,;
2016-01-24 19:59:16	9fda62363214750f2e84b1e398da4f95:yhurawzuoRLscdgtUCCYZgQuMaZDXLic	Q1:教育局,;
2016-01-24 19:59:22	4883121788cc71e1a42beff96a4809dc:kmdH2BRJntnCASNHc4VCISE7bpS0Y0K8	Q1:警察局,;
2016-01-24 20:01:33	9ea35b7b9c5377f830ecfd728ffce24d:dbx4wqGUWPv5hVuOsnQxtrrVXxmbahyV	Q1:警察局,;
2016-01-24 20:06:09	8e53c95b0fe1fa7fab5e25847ba6079c:5zWGd9M8HLRHe1Gpu2QxOD3Wtxh9yDqx	Q1:兵役局,;
2016-01-24 20:06:21	f35469e15da9106c16011445272ae48f:KOeI9AHTurej0icd342cOyV0fhcYjnG1	Q1:社會局,;
2016-01-24 20:12:46	c37df230d97d7b7286be5862b13bcd7e:WXZ7cR8qqiB08tuWpkylctdGprre9TQT	Q1:教育局,;
2016-01-24 20:13:39	ef470ed664626fc79917a50ff10671e4:KFa0U9s17iY7uGve0fxTOHBSIfi3uobe	Q1:財政局,;
2016-01-24 20:14:57	09ef70de06570d5e73cb17ec1561cab5:1knI7pM3gBjqLXSAqijX7AzNRG4OyXRo	Q1:教育局,;
2016-01-24 20:15:03	04d326da6032d17c741b08ed1414a7dc:hWrLI96dnorUkndCHeodi6lOgjarEk9O	Q1:教育局,社會局,勞動局,衛生局,環保局,;
2016-01-24 20:17:05	893d92059b95c16325199f3445654967:bC5pA5Dhk89pg5F1XlRj1vWzUCKv21rq	Q1:文化局,;
2016-01-24 20:17:40	64034ef9e4204b914b2dd0c4d97dc08b:KDU6RgDN4kXcbPeAzegXHPG6ahkQSPFo	Q1:民政局,衛生局,政風處,公訓處,捷運公司,;
2016-01-24 20:18:37	af72b486a362fac2790befede9b6a7e5:jVbAAUrhedSqRkFqLeP2CnLPowxzia4o	Q1:環保局,;
2016-01-24 20:18:53	216136ac965611193a84065d9d852741:CVINEdQndf5lP9jloAJ8FADW2fTrtk5e	Q1:觀傳局,;
2016-01-24 20:18:59	63aba4c0ddfe1f4ea1eb6582e6cacada:Rk8Hcr5lLaTdh62307QUWAwlBWvHFEti	Q1:兵役局,;
2016-01-24 20:20:41	ea0972fd9caf1b18c0efbf572f16520c:3YlXq2qkf9O5zin9Pxa9uzIkX6fdU0Lp	Q1:工務局,勞動局,衛生局,消防局,人事處,;
2016-01-24 20:21:43	39e145608046d5c057b8934a3654b79d:6MTVEjjBmujK6JQAZwMjnVXes8wq4Ndq	Q1:觀傳局,;
2016-01-24 20:21:55	ad1958963104c765b100a5ae98d7fe48:3kzclJ2nbXTFY7Kirq0fi7sQafHSPJYX	Q1:文化局,;
2016-01-24 20:24:52	5a567ee389e0fc42efd067bff6b3d8d1:mI7swDe3q1PBCJrvw2WiGFICq955S5fc	Q1:教育局,衛生局,;
2016-01-24 20:25:16	89b08307b7a260e2b30b7cfabb5772ea:cm95wycsUytFhCwXJLVB4D4QBq6x5nZZ	Q1:主計處,;
2016-01-24 20:25:19	f5ea15382436d5e355e179910c5fb038:1MSF6l2osdTePNtlCOusvGRYTLBhloRz	Q1:原民會,;
2016-01-24 20:25:43	dc7ee3571197611daf964dbb3cfaba61:79qU2XqiN9AFCZZxty4VLc0qN67R0qkG	Q1:兵役局,客委會,;
2016-01-24 20:26:54	56071072d05dce191959b9bfc45b6a8d:StthD28swxgkIm8NeejsHbyiqueiSBSS	Q1:主計處,;
2016-01-24 20:28:28	f337b94f2a617412855cab6075d85e61:30x42eXLsgdU5pHA5qPLF9S5kkGEdQjj	Q1:主計處,;
2016-01-24 20:30:32	8abe0a4957334d91edf2665cdb4e7190:ajOUYJyfV7ZVg9OpBeozwAyF4pni59s9	Q1:原民會,;
2016-01-24 20:31:13	f5ab433460c1c83b27845f844d159814:CAftVxMZpdAZWDHLSaOhcYsHQnmTMXxw	Q1:警察局,消防局,;
2016-01-24 20:31:15	5d74070da0e80074b9dc34eb2f5ce2d5:RRjfsPT8OC1BKDrs1HfqRbiyE8Jc214w	Q1:財政局,交通局,都發局,人事處,都委會,;
2016-01-24 20:33:09	913b9c20caaa5abbdb1be3b2b4c22be6:5Yo1gjGqtfFSG2KHTPhms9QSeCTxBuHB	Q1:原民會,;
2016-01-24 20:35:28	49a3134f1bf607b9d02c32d48d4b56f1:leIHPBwFDOIQyASr2wgs0XjtiOoRHQMO	Q1:交通局,警察局,都發局,觀傳局,捷運公司,;
2016-01-24 20:35:46	53e722da71dfbe6212c4a4733cd69250:skzFtNHSTNrxiFeIRrjsZGCglwOVlkYf	Q1:民政局,文化局,觀傳局,都委會,;
2016-01-24 20:37:30	3e90cdae736aa3f09914cdec56f56c2a:NpsVbDM8SAxzjJy4MLY7ltDSTPtiCAaJ	Q1:翡管局,;
2016-01-24 20:40:15	20480929b61e1a09540cf63bf5229768:zGOvoBrXlJOJOkuVm9i0zE3f9xn85OCq	Q1:翡管局,;
2016-01-24 20:40:31	83e24bc004bba590e2cb3efdcdba6567:EVQrjVZgp8T8h1U2Q3liRNQELEyUAj1b	Q1:原民會,;
2016-01-24 20:42:12	305855b0769602c4629c69d6e55f9ada:AOZYHo9qWUPwHvxOtNJCe6YxQxWDVSTE	Q1:翡管局,;
2016-01-24 20:43:28	4b91470e2f718ac6c2c0f64d41d593c3:5TVi48AOUnnEpfRW4X8NjJVmcI2wFxLO	Q1:原民會,;
2016-01-24 20:44:29	af4094e8ffafbd8466ab2d9ac8514c99:OOhy0efHoFxHvFdMiiHw8CITQQQJTzRk	Q1:翡管局,;
2016-01-24 20:45:20	31f547bb9ecb9e0284b78f20aa6b6412:veylcnjdabIYb4KLZ4RCQi1beMLLXdFE	Q1:兵役局,;
2016-01-24 20:46:25	653821217b5ee15592ef5ef6435e58a0:UUgCijfmIXEIr4fRmpgDD3aGTNmWpTRZ	Q1:翡管局,;
2016-01-24 20:46:38	3c6b5ef5a1f56259e1ef6cfeb9b15abb:djX1VDdSCIY2SbvdpPbcYDnmAJTuYBrO	Q1:原民會,;
2016-01-24 20:46:53	9090d1431c322e83d91241acb8a83ab7:jIWX3KzhtUgtwW7Ngps7wN6Vz02RGl5T	Q1:秘書處,財政局,警察局,政風處,;
2016-01-24 20:46:55	c69c9bf483353e118333db73189e487d:07rQbUdN4JTz3P8Iy71cLH66vu90ueWF	Q1:警察局,;
2016-01-24 20:47:58	c50780105e9e97c264f3aeb8d9b87311:K1Dcej5mvNebXf5C9swfDEXabyX3ximb	Q1:教育局,;
2016-01-24 20:48:11	848681c440fb14d006b6286c173d7e23:hSAOixWLQOYyq4AtrHdonepgGx8q6Zke	Q1:產業局,工務局,勞動局,都發局,文化局,;
2016-01-24 20:48:12	d974685b1d6783c3454c3545529949e0:ib95MpMqMGbUvawjmrJhNRPzenS4Dju8	Q1:翡管局,;
2016-01-24 20:48:59	9080a9bab590509396bcda84cc4bec3c:ned2HAeDoarlK2LQg8xY5zVa5Sl61Ixv	Q1:警察局,;
2016-01-24 20:49:08	1ddab0d82e0c1cb4fa00d5d8ff3e0674:NAqjVNhdTvjm7j0DcsyPUslhYAaOwTXj	Q1:文化局,原民會,;
2016-01-24 20:50:45	bb8b2746ea624007879c824af1057205:3adHCxPs8k3UiFelPHYm3OCFBjztRgDZ	Q1:兵役局,人事處,都委會,體育局,公訓處,;
2016-01-24 20:50:50	61406c1d07f892cd073a201f34360422:abVCAdazwVP0wH4rzPRUXBpP636FxPM6	Q1:原民會,;
2016-01-24 20:51:48	e12d22c8676601098a312935dde4d0f6:1RpqEjmIsQvijvSj0stqtaXnOD5LXEAg	Q1:教育局,;
2016-01-24 20:54:13	b70a270b2a1bdcec6b0fdc188782714b:zfHW955AErTWuS383CBwiCYKeTflsucH	Q1:翡管局,;
2016-01-24 20:54:16	47e6a30f34ade1d35c20934d6fc61623:u2HVTaiRNXrQyJd9hiQUE3EjqT1FRnwr	Q1:教育局,兵役局,法務局,原民會,客委會,;
2016-01-24 20:56:43	dbd1319d743a9c615510467e33003e77:W1MEKcmweYLcf36aoTn3xVUFootutLY4	Q1:政風處,研考會,都委會,法務局,捷運公司,;
2016-01-24 20:57:47	0c92c54fd469d69d14f78723834c2f5f:EgzenxrHchEgM22healxEXwtw19kKbH6	Q1:捷運公司,;
2016-01-24 20:58:28	389e4ff898003ca456b7dfe7af739fce:n6Pww01Sbv00LFrNZTZtR7xCKQRI4IdA	Q1:捷運公司,;
2016-01-24 20:58:51	8dd30201ea295d3741a62c28dd204c25:nfiADGLI6BN32P2fDmoY3zqgpCcQCyIk	Q1:原民會,;
2016-01-24 20:58:51	1d8fd550b7ea65faa09ce546b029f87a:udItI3oKnekSjXdqV6CHUYbJ0wPxWdOC	Q1:環保局,;
2016-01-24 21:00:10	55155b5b64592a5a6f26e00f295ebd90:CViobC2fwRGXF1H6GkzJTfScqv5Hvo6a	Q1:教育局,;
2016-01-24 21:00:36	200d91005316cf5d4b3db981db89da6a:XYvVucQ6vpxq4R0z3DbIVrJsy9Kv6MoU	Q1:捷運局,捷運公司,;
2016-01-24 21:00:56	4e0de70b6d34b4d53970f93943425356:GKTgzruupZ28PFBvUNIWVsuYkVVMGxb0	Q1:環保局,;
2016-01-24 21:01:17	c193e3a979ebf44f5ecd66a4c04ab7ec:0CXd3ndiqvpr5aNlFr67CHBLqPslEzKH	Q1:產業局,;
2016-01-24 21:01:21	d211f866f3144f63673f3733082affd4:HtH0AeTK2tKHnwHW2ftpA8VfzPpTsKpw	Q1:翡管局,;
2016-01-24 21:01:43	04c736770e027b19eb824ebdaf5f5ab2:Lpvi6Haxz8tqGpa3UFZiIDVpruOLefKs	Q1:教育局,;
2016-01-24 21:02:35	9e4fdd7e605466b90df79ec83abd5536:ZSmCecvO3nDit4MEo6EDjHmNnhpSlRqM	Q1:翡管局,;
2016-01-24 21:04:36	85fffd35a0849087fb1e0e9f5b22f3d8:18j7jCL7bgW2fXLGESN2EqFhfTYeCsFu	Q1:捷運公司,;
2016-01-24 21:05:09	2580d851072d30e7aa22de8c32ecf401:frUajvyWFFSDCMmC6jT15aT3xEbh3N5p	Q1:環保局,;
2016-01-24 21:06:57	7ce13124a55a57d1e20e54a04400e338:uMjNDyDkzsp32heyPrr0n96tmxQSEUuc	Q1:翡管局,;
2016-01-24 21:07:11	e0855e6a20f0a463b78c67b02ce5a91b:IoozYRA50U3IIEQ1cFxIWDVtdnAsuxV7	Q1:捷運公司,;
2016-01-24 21:07:45	54bf285ff020d31910098224fe767085:NBko27icwQteOiX4RSTVzHLPNmSfKMtv	Q1:翡管局,;
2016-01-24 21:08:20	6a0b535c60c21cacc9abb2bba790e365:vRF6Eqo5Fa87h8QC53EmV9JZNQDKwgfv	Q1:交通局,;
2016-01-24 21:09:30	658fcf83cc9cc6c8468370b1dccf6d5c:lDYo5OZKh2I68wXgeeSI7YxtnvrirN4k	Q1:教育局,主計處,研考會,法務局,客委會,;
2016-01-24 21:09:52	c82274dbd4692ed978f7cecdd545d69d:mxmmUQsxUjN71lowxQkv5ELwxnnuxER9	Q1:環保局,;
2016-01-24 21:10:00	4159d2bb60039901186ea74a67fe5bc9:9ILej30eV23qAOP0FLtuy42vis9dPkia	Q1:翡管局,;
2016-01-24 21:10:43	98b4853482a950472728b0bbf36f80db:RA0ta2kxeDGXMuAZ9P8K77forHuVdE3I	Q1:翡管局,;
2016-01-24 21:11:23	876329278a8d81d680bf5fe56d36146a:Z0seDQqUvViNRLof0eTrjD2IveZYuxwH	Q1:民政局,財政局,產業局,都發局,文化局,;
2016-01-24 21:12:14	55c51f86ad6b42a7010bedc3f918535e:mzcfDuPaeIBY20cYorqrrpselW3PquqJ	Q1:教育局,主計處,研考會,法務局,客委會,;
2016-01-24 21:12:59	6722f5131b77c3d0f9b96d4dd4165136:wCgqLyJaI2YXlAnW9vavDYgaMgiRB0RU	Q1:翡管局,;
2016-01-24 21:13:44	3e82f278bb28b8d1b6f143df8661fe7d:9ThIi0yhcYuuyUqv8qOpU2IgT6xruZBt	Q1:教育局,社會局,警察局,捷運公司,;
2016-01-24 21:14:02	6d575de26902c4e7202b5a018ca10b0b:TCXycyrDnD54uzAFLiGt7hAsTMXzK9SM	Q1:衛生局,文化局,;
2016-01-24 21:14:31	3cc2d525c759f5de9d5decf2a82e35b0:ExPWE5dia8r73Uq7tvrd7mchok0tIhUI	Q1:教育局,主計處,研考會,法務局,客委會,;
2016-01-24 21:15:11	b3cd46e918c72d6ae4d8b72c48fd199a:atmAknG4RL3RORYUjEKPa1xeolgiqVRR	Q1:法務局,;
2016-01-24 21:16:24	9736982265596e68b1dbae5b3e352574:HVi00KGsSXX8ZUbtdpYwBsaYlgUGBUKP	Q1:教育局,主計處,研考會,法務局,客委會,;
2016-01-24 21:16:46	cca45ff8ff22a4419dc64f16e57a9e65:pcd5mrbsgYh2rPzj4xwPXfbCi7aK7lhh	Q1:翡管局,;
2016-01-24 21:17:26	84e50fa5ca5332ca13c0b87bc2cbfcad:O6Omv8NzI4EGnintOm1jUo9ehtmRWGim	Q1:原民會,;
2016-01-24 21:18:29	6f3b317dd9cd688113453b5044070da2:ciSqdMTlqjJXcSb6FT5P3TVp2ZOzsEiX	Q1:原民會,;
2016-01-24 21:18:38	35282c3851208849954eb23f0dd2271b:Qo1Yj7YphG0zt8CupMyOY1aY0NaGnvFn	Q1:原民會,;
2016-01-24 21:18:49	75fedfd33a7535842a31fcf86406929f:TOW14LrJtc0ZxW8FXrmiZudCHqRzoLfH	Q1:教育局,主計處,研考會,法務局,客委會,;
2016-01-24 21:20:15	b94e1f89532865b3cdae5dc6e361db3d:WygCUGdqy4dhVcbwXYBauOkk0fSnhjoK	Q1:環保局,;
2016-01-24 21:20:49	ffbe6c8bc971db914ed6b26a84114b3b:GKnV23T5ZCJgQ768VSlXg4iRm6g54hzF	Q1:環保局,;
2016-01-24 21:21:59	c453ad56e883950faed2e2fc380f5f5b:N1l0ccC1Sd9R8vuyYBCUAPGZyJk0VPuo	Q1:教育局,主計處,研考會,法務局,客委會,;
2016-01-24 21:23:36	16acaabe06c8ead89b939c4154fe84df:R56cJ3VuhN5beae83Mj0gKCyK00c0V11	Q1:翡管局,;
2016-01-24 21:24:44	fbcf6cb100d666b95d3d30470db5e266:HWn0SCyKKej2Pg8fIeOq6NRfrtPbmwTx	Q1:環保局,;
2016-01-24 21:24:47	0b6ebafaaa2a12e65b02056b04d6c7db:tzbek812TKLLrV01KhZJf08ddjYoGoQt	Q1:警察局,;
2016-01-24 21:25:11	6d5d9ab32da68d6192c66862319f823b:E9c0Pt7h2dLc42idR0eIE1j9qXKcMmj0	Q1:教育局,主計處,研考會,法務局,客委會,;
2016-01-24 21:25:40	87234f12dc00e2cd766ed69ff9f7148f:FU0mjrxLhO3kfvAJG80iTMVygaNr8wSO	Q1:環保局,;
2016-01-24 21:25:57	7dc01ab36d0f997dadd4990ead761719:XYQDQUCUyv5bWCX5cgp1GLjG1u3hjNyB	Q1:警察局,;
2016-01-24 21:27:13	0892aa1030d4bb0be453807817c5e95e:aTp7wddkhmRsRX9Dq7moesA2JOttVvDG	Q1:教育局,主計處,研考會,法務局,客委會,;
2016-01-24 21:27:53	b5b86d11f90dc727cd0d459c88f1190c:or9jNDlS4lBhFOvfYCrWblo4kdji9gPK	Q1:環保局,;
2016-01-24 21:28:17	b88232686731f250b10ef1f8a8573d89:YcCym4I8pujBBFAum5uXzC9G68lCi54o	Q1:環保局,;
2016-01-24 21:28:38	e736b6ddfc75ae23ac7a14aef1685531:ghOSxxpJDXyuxMyToMT2wMtljIM8Di8x	Q1:原民會,;
2016-01-24 21:29:06	b84467e8b1d7d484c5a6b0fccdeb5e16:nej6ShGGDNAKIwP95DJlLW14kFdIzl6q	Q1:教育局,主計處,研考會,法務局,客委會,;
2016-01-24 21:29:35	89a123470fbf3e1366db8617d1fbf002:ku7dyEj99aOAByJYZr00nLz3b9dD1hsF	Q1:環保局,;
2016-01-24 21:29:52	fc5aa6d924ee9905f3afe77b90546407:G4RiidLZ8HwM38eCfc34pqbEzFalRXZ4	Q1:環保局,;
2016-01-24 21:30:50	b82b0ef317cbb43d7c14c0a02fae5f80:9TMjPenQxrs3f8N9TFbgE4I9BUBR7VvA	Q1:環保局,;
2016-01-24 21:31:19	1bf5707d5e1a90718d3e202bac190ced:llNyOwIBOcVSR6ERB2Tr3TUKKZrl39mK	Q1:民政局,財政局,捷運公司,;
2016-01-24 21:31:44	4e4dc90d73f2c4ebde1216a7936aa2a0:Xx6QkYP01a9TCejvGOhiJdIVaSMZq1Bw	Q1:文化局,;
2016-01-24 21:32:29	f23a32078cb7dfe40280689495aaf0e5:reZXMZ9e4W5xrPR9NrLNcObeGvQGfIAF	Q1:法務局,捷運公司,;
2016-01-24 21:34:17	95f5260d975f287304938ac22242afe4:0YK7NiiSN9xrtTTim1N4Fd9ahINCX4e5	Q1:法務局,;
2016-01-24 21:35:37	3f0d9dfaef59310c2ab30a0cd9d60b8b:2od6z29cLiRW4ZkEeHPeZer6uI3BiFV2	Q1:法務局,;
2016-01-24 21:40:42	fdb397b93e8b97782488c65b3690aa2b:7bqwNJnHmTNQJsPvt0uGUbhFKCQK4Tb4	Q1:秘書處,交通局,警察局,原民會,捷運公司,;
2016-01-24 21:42:35	c198f28e0428c776d994be2de2f59ab8:aGS4gs61sDDkwpioXzfvo9PqYtPRgupd	Q1:捷運公司,;
2016-01-24 21:43:16	91745383b6b9f459b8f22b40d27898d7:t9R941N1rGPDx219EP4yXrNB9W0uAK38	Q1:交通局,衛生局,消防局,觀傳局,體育局,;
2016-01-24 21:43:16	f622796e89263ccb2767bae8ea72955b:WasGCQgA5R1p8ddADakoQyY7LtluuMMi	Q1:社會局,;
2016-01-24 21:43:22	d1cbdbeb8c0c3a221b7bda9effc4e512:5dZByvSyK4GaGZxfgnJqgitpCPUDDRLg	Q1:社會局,觀傳局,;
2016-01-24 21:45:20	b1b24e772331f51a91c4985c3d58b2a2:x9EUMRhdzznYaRuEiGQWgibBAG3sR3Ju	Q1:捷運公司,;
2016-01-24 21:47:09	a008d43ecb741e8b79442e4552135180:wzyWy4q3rehJ7InKQVDlAqrA8zfRpfPj	Q1:捷運公司,;
2016-01-24 21:47:58	08ae99f558106fd869265fe0784c6f51:6hKMrt5KN7BCefD6sRGpf54LwGLq6Uvi	Q1:兵役局,;
2016-01-24 21:49:32	c036aaaae637d06bc7e14247c54081f1:qRwMLn3ACsCM0zUlJXQU2Gl4aBXQnQl0	Q1:財政局,工務局,交通局,警察局,政風處,;
2016-01-24 21:52:08	21c8fe7db76aedee70a32563214a004b:4WOhd4zBtNtcptsNO7HKVWgRTNX7L9C2	Q1:環保局,;
2016-01-24 21:54:05	59c8b85f8f4e6da1a1ad98af5ce0f503:ErrkcXaAi9HQ5qHHlWdNaCt522RiGeWS	Q1:環保局,捷運局,;
2016-01-24 21:56:28	d80480c36c7ad11acb2cb095dd06a7b9:0KsBkzMTYg9bkX0T1XSEpRd25jXtIP9d	Q1:秘書處,教育局,交通局,社會局,;
2016-01-24 21:59:28	29b14d79461ba20577d8aefec56b9848:EoC2LhfD49ffHGPkHuUyjtP6wzciNYJ0	Q1:環保局,;
2016-01-24 22:00:54	3a54723bc1984add69a0c34b2e4f01d4:vFbpfdywuVFh5PnlBahsWCVzIyVNb0xt	Q1:財政局,社會局,勞動局,警察局,消防局,;
2016-01-24 22:01:27	92f8967b8540363805963140bd447a01:KrrTqkFHmOUYvAHrqINkbWW7SfBuePv1	Q1:財政局,工務局,交通局,警察局,捷運公司,;
2016-01-24 22:08:14	8941183c844f29125af48302bc1a05cf:cI2iQFRtU6yRYS6kiZr1JNuEzAOTdzNl	Q1:秘書處,交通局,警察局,觀傳局,捷運公司,;
2016-01-24 22:10:46	2714906b049f6e8ad7befa4f74b38d44:pYJgnXrpTfXob8CDmq8s6iHjx8Y4Hv05	Q1:秘書處,民政局,交通局,社會局,捷運公司,;
2016-01-24 22:12:12	75988e38176774f17b40874e0188fe08:NJOXxK3AN2poSa4RIIIoflsmxT2ZpROI	Q1:觀傳局,;
2016-01-24 22:13:57	f75ac2a29d550d313a9fc626131f106a:OtDsCVlurg1rPKzVtxqzEQEFOkVEOsDk	Q1:捷運公司,;
2016-01-24 22:14:29	a3f28818be31780070c0836cfae3e1bc:t0U3aDdLxUzT1Y7fJWYscripwzwDUXKj	Q1:觀傳局,;
2016-01-24 22:14:51	14591278e105979d73924f4c28393911:v7TiRIEoo6vmv2wwnMi2tHCciAbVQog4	Q1:文化局,;
2016-01-24 22:16:05	6f31b0ecf3013342de1e4316b323aa2b:YMBwoxpr40WNUVJ3FKUoDwWQBnpVrhoZ	Q1:兵役局,;
2016-01-24 22:17:47	00fd2a54b7f9f9aa65b7419081517832:TfcRQWT8LCXQeNDcrcKKrPhSq3Jyp21h	Q1:教育局,;
2016-01-24 22:18:34	64cae85cb1ed9d5d79fa11300127facd:wVDFNvglpunqhmq8GhLZ3L6wQbiEllWL	Q1:捷運局,捷運公司,;
2016-01-24 22:19:35	b162522b8423491723646cb06ab0be85:7eSJzpykymzzQeXYHjdOO9uDhWsvAioj	Q1:教育局,;
2016-01-24 22:20:16	63f7d991cc468393d3c7382ffc9b367f:mcZ1tiSUl3gxgEbBckBxjN5hz7quw0G7	Q1:兵役局,;
2016-01-24 22:20:48	73dec3e565aadaba2ab7d5ca25829938:6BEzCuR5WptbvdGUwKoV4rUvAaA8TidM	Q1:兵役局,人事處,捷運公司,;
2016-01-24 22:20:52	2f2e365fe1937c9a10487596d1229408:mnnVwY8avDMACO3srPP1rkDBgGac41uF	Q1:環保局,主計處,;
2016-01-24 22:20:53	10c973a95985e1778cbfc82d46eab6f7:uhMZJaKIdk0evLlPwHs6zBw6VaY3NGoF	Q1:教育局,;
2016-01-24 22:21:10	a2b15ac1fad95a7e99d18fe3dc92dcc3:ZT3QpEiuMn3dgYlAGofRkDyDT0pbXfMI	Q1:勞動局,;
2016-01-24 22:21:53	1d069d55b8ee5e7f850dfcd92450e43c:CnQ3G3K1H5V2YajVAqQe80XxQFA3xMaN	Q1:工務局,社會局,警察局,消防局,捷運局,;
2016-01-24 22:22:13	9cd70b2336a97f4591008dffb7463438:78GfPZWZdL1xn4eElSv7Zy83SLzuTK1b	Q1:教育局,;
2016-01-24 22:22:24	163ec48c285ee03adfe3618384e295a4:XhOmnrRhsPpgWe3OuWucOkRVmNNtzHmv	Q1:勞動局,;
2016-01-24 22:23:32	1124f3595a5a78e51f937454c018f465:Axj7uaDG5vHlMsI0t99xukMSJ9in2blo	Q1:教育局,;
2016-01-24 22:23:34	c1faec6c6e139bc99e005c98c3736fc0:mLt5YAb4CXcjvzfip1HgIU5e2VnTIsja	Q1:勞動局,;
2016-01-24 22:24:50	8b0a9d3fd5c7ba2d0436857356b4391d:r73Z86vsqdhbA9iXJiLE6i2w3ATt6hEA	Q1:教育局,;
2016-01-24 22:25:34	045f6a1289d0d5908a5644aa5bfe77f2:5kb4I67xaO7OPCK2VS3OjLKeaKXSYOO2	Q1:勞動局,;
2016-01-24 22:26:06	62c28995a4cf20bc27cd45d6062f930b:CY4nlG4twwHY8ppsMOeEaGfKo6843Mul	Q1:環保局,;
2016-01-24 22:26:11	d8e69494431dd7d897e179ff20a90420:cMYbeHOjJyQFQrcpEIDDya56mGlj6QN3	Q1:教育局,;
2016-01-24 22:26:32	45acb2f4de3854eb8835e651b4cd5328:GBCHc3MietapL6imFT5AHguA1INbIGji	Q1:社會局,衛生局,觀傳局,體育局,捷運公司,;
2016-01-24 22:27:24	9f8e683df83ba8a726385642c65500d5:T2XDZ82J9sx3aGwloey2JuEHm5PHlGpS	Q1:教育局,;
2016-01-24 22:27:31	8b4ca6313437ec31caab3b1cc6a63df3:LrGOM5u8dp27muhCqHgjAjde1eyJzUPT	Q1:教育局,;
2016-01-24 22:27:47	6959b053e8bd0a9a88026b19ea61421e:eiVmnOrp0Q8Tirz9OsBZyHfiajsG8TS1	Q1:環保局,;
2016-01-24 22:28:29	faa7b41590e3b5b1d0e27affa8d34578:YLhPUMs38GuwG90DE6ULdT21K4pHIoVI	Q1:教育局,;
2016-01-24 22:29:18	2994060fb1dc73fc26675dd1d60d0c7c:wJaDlmWYHaSSr24pi44vqY73IxSFBcvc	Q1:教育局,;
2016-01-24 22:29:21	5fcd8645a3adb452b44ce181a67770bf:Txz8MOTnDKSxLXLWquRYfcBGHo4bB39M	Q1:環保局,;
2016-01-24 22:29:59	aa56f1de6d6e4c3b70403187bf111b55:00NCEuJXMA6PF2aGQrIRyhtFVlR6yePz	Q1:教育局,;
2016-01-24 22:30:52	42219f4d42b8456819325621796f8992:uoj9Eq0aB7ZB96eflMdtPTEaJewpn83j	Q1:教育局,;
2016-01-24 22:32:03	b270966a986e73420ceb94d5cb257c37:dQjNoqiC2JMNqpKyJGWpTIPkErHpsosy	Q1:勞動局,;
2016-01-24 22:32:17	6ccf0821a5b62049659f7c32fda82666:mRRjblTsZKRNOAEu2eA59wnj5WxIx3fs	Q1:財政局,衛生局,都發局,政風處,捷運公司,;
2016-01-24 22:32:34	a5775bb6545667945180017bb3bf6987:snV1WxDKdhum4s9SbKqv2gMDqCk8NTMR	Q1:教育局,;
2016-01-24 22:34:23	2d3ad5ad9b817f495876af6292d10c9a:PfMqkLj9jjnr16OMssNdk3FokLJEsXVZ	Q1:教育局,;
2016-01-24 22:34:36	f24cdb8fd53e0005156c4cd796e388c6:NiRVTPYAVlqCJR50EwN2OVy6PwOQO8S8	Q1:主計處,;
2016-01-24 22:35:22	225f3ef4fe91c4c29ce9498987fd39e2:qjjLMFpKn1IHN2mTD0XCjV22UaYYvgQq	Q1:教育局,文化局,;
2016-01-24 22:36:09	7ad1068ff24d3ff1378b29079905d1e9:VvABPcRQtlM2fiYElQZ3O9xOaaN8O27a	Q1:兵役局,;
2016-01-24 22:36:34	55f1a93013956b28dba611bac62831ab:mWUWj4eXKMjHigN24nNOqf0SQY7iA92v	Q1:勞動局,;
2016-01-24 22:37:55	59a546fb3d2d39a6ac3e660679018210:Je8elzF4mAarnf4nl1n6hjFHGCF1npbB	Q1:文化局,;
2016-01-24 22:38:28	970ecf3cc92d6b7a678038b0f1ec87df:Boz8oQaflkhmChHhJGDZpWXINU7XxocD	Q1:觀傳局,;
2016-01-24 22:38:34	4fa2445efd7e6f449af17d522141b483:sDqPgs5djjKENXqrEWj3q0ayHZkmk43Q	Q1:觀傳局,;
2016-01-24 22:38:53	0e2cc51f4a1ee16ea1dda2f1d7f5d375:5HML5egEr1HNQy8dpuPMRAykQtOcufSU	Q1:兵役局,;
2016-01-24 22:39:04	1dddf4eb346863bda118639a9de56ca0:rnCc8xlTHXguvhjR8XiYFVo466zPDoPx	Q1:觀傳局,公訓處,;
2016-01-24 22:39:25	8c4458cdd22d8820984eec6fe4d6ea5e:UZBTp1n6MpuJJqO5KCHPWvt5cf8qXncg	Q1:文化局,;
2016-01-24 22:40:38	6927570b4d569f505dc7a6708401dd0d:SXPMNrByllxLTCRzpqEdQ95QglvH5bkh	Q1:警察局,;
2016-01-24 22:41:00	e2d0530545625ad7dd92136f972bebe8:3M0wubotefBkcpr4486jA8w37pv8LuA5	Q1:文化局,;
2016-01-24 22:41:46	46e19578ae756f32e99ccf4dd228b35d:mAL2TLzOlvvjQAkOh021NaxAu3JsUrMU	Q1:教育局,;
2016-01-24 22:42:21	e1faed6e8529542884e9001e3a3e83af:ujqbmFAcAwWpMbp7S1fyLeP5P5pFO69e	Q1:公訓處,捷運公司,;
2016-01-24 22:46:10	c610f9089c7236a6634fd3042caaa075:6bsIDBp3qcNtr1wNrw7AU67Av7RvKWjX	Q1:勞動局,;
2016-01-24 22:48:26	044a49b096a0ec7820c8f6c82dd5a82e:E1IZw6gQNZMNKk5jSLyzcIS063EAxmGb	Q1:產業局,;
2016-01-24 22:48:36	8d9adeedd24cf7e6853b839b4e6d3085:A3tVcFmbTBRdoMexvkFIn4se9RimHcVR	Q1:秘書處,觀傳局,;
2016-01-24 22:48:58	87d2292d9e33aba215f2278ef95cc219:zUoikGrwfi3DcCbnHettvH1TCnMUggiW	Q1:文化局,;
2016-01-24 22:49:35	dede92b3848e046f5ad2d2ccf0ad8580:coU3dK9R3OwywyZsqLskfKb5eTxXVlsy	Q1:文化局,;
2016-01-24 22:49:36	922bf7b83880acbc11ab8b030d4a6105:kirCRNHBAuqh7hsNVCSc91GyKZpVEXxg	Q1:兵役局,;
2016-01-24 22:52:26	3042bec4918f8b22f7b105282e71f501:t1lhoWT7Y3rUHQY3F24l9d2xZck8Xzty	Q1:秘書處,交通局,警察局,衛生局,都發局,;
2016-01-24 22:53:50	91fc8af293f91b334bac55be4f1fecc2:IQCbnIP4mUjYFeq8YJDRXIIYdkYzCbGw	Q1:兵役局,;
2016-01-24 22:57:59	577695dccb1fcf117e9d3671712b5244:agwgqtD4JKK8ROYDgmFmyuwkA6n1W9b0	Q1:公訓處,;
2016-01-24 23:00:20	3d1484b6492502c42245ec20696e18bb:tRPJUKwp0V4RkVtl7d4WPCNEB5UiNfJ5	Q1:捷運公司,;
2016-01-24 23:01:55	0d8741b360efa39588c27f0df47614c3:CSKBXhkwbii7scM0kaj4wzD85HFt3wg5	Q1:觀傳局,研考會,捷運局,翡管局,;
2016-01-24 23:02:08	66c891e896096f8e30cf0fe1b4323b61:gquz5V2jg5pRStVmcT5fmJPCgKI3nFLF	Q1:教育局,;
2016-01-24 23:03:49	43e20c3fd1a657eb37c9302d7c1b3bb6:wr0ecJE1qkll9mm8Bze1mujCH5xPvxWU	Q1:環保局,;
2016-01-24 23:05:09	112638ce837d85d7b9ffa8041a7ea444:ixdFSHltAy8SULUBW64FO6kHatigoUil	Q1:兵役局,;
2016-01-24 23:07:04	94fadeecaa1dfac1ee720b837f4512a2:rTwCHDjXVSLshm23SQXvXftv1vTPBxFy	Q1:環保局,;
2016-01-24 23:07:09	d4464135882ae3af321e473f4cf5b54a:k4BFgqruyYx1pfMg8la3wx30gPNodLVh	Q1:兵役局,;
2016-01-24 23:09:19	2a2b4015c13dc46a2d8ba18529bd6272:8J0t9EelFSILPhmQsfBQuNb9CzbBeiii	Q1:兵役局,;
2016-01-24 23:09:47	200f135bf23c0abc9bb480b6c1e10850:T8n2eGs3TxIshtEysRGyJo4asIObekfp	Q1:觀傳局,;
2016-01-24 23:11:46	9a55d55810b040b5d19738df0d7be637:MPrr3xnwjgiarVZDSfRPR4CePRQwWGEy	Q1:兵役局,;
2016-01-24 23:12:04	bff029109c87e3b1e261df1de46d182b:xLwuEmZ0OcbhBxsNPKrYNLeaFXaYgwNF	Q1:秘書處,民政局,財政局,工務局,交通局,;
2016-01-24 23:15:47	d2d0c494d7fb995139089289e3c25e22:aQg7rh8WbLAunNCQ3EnWnWT8xba6CTiC	Q1:觀傳局,;
2016-01-24 23:17:00	6ee3cd2272efa4c1f44f835e70ab8699:BwgyH1oCq7shtJo7Yuzdy6ZiVW7P2KLv	Q1:民政局,教育局,文化局,;
2016-01-24 23:17:33	75597c86af2103e52ddbde8a683a0344:TImUROAAjruDvBGCqN2pmsNJPWCz619F	Q1:交通局,法務局,北水處,資訊局,捷運公司,;
2016-01-24 23:17:40	0c736fd8a25bc86ca5a88db6bb7c2d3c:uABpTM0GMGj7jqfvuNQ7RhjWw4U3vJpB	Q1:秘書處,工務局,交通局,都委會,;
2016-01-24 23:18:55	a97785365b723c0e0097e97e043fc0bf:LaiEhtX27dk8GXb3wBy8Slkj0iM2g9Sx	Q1:觀傳局,;
2016-01-24 23:19:09	9eb74ba6856a192005d4fd2cd878cf78:lx9A5Qicv4k473g2l8hKabGNb6qdEPHs	Q1:社會局,資訊局,;
2016-01-24 23:19:41	762d3548ce89ee184da4c503f1a3542c:sNHQZxdoNInE8nADrktXZcRJs33xBvnw	Q1:兵役局,;
2016-01-24 23:21:45	197ab2d16e65d0a814947f5df47e0273:laWnU0kMT559d29zai7qVsAIMMv7owSg	Q1:警察局,;
2016-01-24 23:23:24	48e92c4097da9f74883d759a9b242b70:8phJaqFdwk4jEuTdErjuaCdtkzhnK9M3	Q1:環保局,兵役局,;
2016-01-24 23:27:18	b40526a058a1405334ceedf221452c38:BIEjQdfdcqpK9dByjHg2NbVYKdYTYuSj	Q1:秘書處,財政局,交通局,勞動局,捷運公司,;
2016-01-24 23:27:34	ac7288b8d31809a4a9fe50938c1527f9:qWyJlndzjaxTy8zqPrpbbuETNcQj9ER2	Q1:捷運公司,;
2016-01-24 23:30:45	31977e48a9de7978ffbb9859a352c4d7:TyC7etsp9hvMl6wMkZL58HjeGtFLs8Jp	Q1:翡管局,;
2016-01-24 23:32:10	43e143aaf98882155c1568546ad5a7e1:6jj9cyMosLfB69KccemPuBgm2ZK4402O	Q1:翡管局,;
2016-01-24 23:32:43	2a0c17d7b538524f014594ee73af8d01:dg5GE5MG8ertx9zqoQ6FnNt2f1OwUByR	Q1:原民會,;
2016-01-24 23:34:35	b8dc1235a3126fe4a062e3aca54e6591:rEbC14zinqNmjViqw3nckfBEWFyBETAe	Q1:環保局,;
2016-01-24 23:36:53	3b7032d11e8df01730bc5db2ad6db8ce:gdQqG2Hv1hHRhb23ejH6Tiu5PBFrNkjz	Q1:民政局,工務局,勞動局,都發局,資訊局,;
2016-01-24 23:36:54	afd7be6a76e05b2921d45868ad3c0f47:Nb9dv0iqe5thJDbSGNTiRRupeYQocr7a	Q1:民政局,財政局,交通局,都發局,資訊局,;
2016-01-24 23:37:20	46c4068fb6b868dd18a01cd97e537f0f:kHblxQO8SOjtDHrfwblswDezsvyFOQq5	Q1:交通局,捷運局,捷運公司,;
2016-01-24 23:37:59	287f7f15886055b3626f8ce6acf2350d:9CUyagHJAOzbTixFlGdOhZju9XbXXj99	Q1:都發局,主計處,法務局,捷運公司,;
2016-01-24 23:38:14	32d36d91ba9d91152d60e0551c1c1b8f:6HH6xBV3n1aoRNzHie3Jks2i56sJJqWk	Q1:文化局,;
2016-01-24 23:39:09	97242162e3da9e7547b33ab4f67c97fb:rrMApV4smLwdfKEO5gG78VFLxEb99YlJ	Q1:交通局,社會局,警察局,都發局,消防局,;
2016-01-24 23:39:33	95671c856c9a56e673259c7cd864c9be:Bg9gnkH60ikpptOqRAPNR1XvvX03NdV5	Q1:捷運公司,;
2016-01-24 23:40:15	4c53b63d226917e8d1116577af5e3063:Wny1T18ftEzijP6UWWHhTwgKnVsl8cpj	Q1:主計處,;
2016-01-24 23:40:24	37bce001e81a781674b429f0de220cbc:5gd5bv2ygBTqdxMvi9B0G5D5WYRM7QOO	Q1:原民會,;
2016-01-24 23:40:33	a5996eb0b4380531812b707a190957e9:s9b9MeUHkkOSo5HJi85jUYNObrD51z9d	Q1:教育局,;
2016-01-24 23:41:17	1e4f285af63e0415cbdbd4eb5cf90c73:OOz4RFy4V5FMLaYJP97Q7tNbYmZLmUZD	Q1:捷運公司,;
2016-01-24 23:41:41	0a4e76ade592a5f74db64bb8cf5d17d9:mC2oaZPwJaRxKo8vnwlncwBquzoDB5iW	Q1:教育局,主計處,;
2016-01-24 23:43:17	86032b38671817bd8ff20e3a23615f55:aSBywLiPm9ceFoagLaUYsGEFyDzaQU3T	Q1:主計處,;
2016-01-24 23:43:29	5d18c4425b3c734569493038099ef834:jNc5g8TUXNZ6AccSe4JLKfmeex6gNnOG	Q1:教育局,;
2016-01-24 23:44:43	d2b987f97ee016937bd59ec32f7b91e0:4gj2eS4blXYtVfSzYzxwz7aHX5iageTr	Q1:教育局,;
2016-01-24 23:44:47	cad0ba4053eda617823ec12af28b473c:enXQWPZarugOSwNRuVEjr2GGGf3lj5Qv	Q1:教育局,警察局,環保局,消防局,兵役局,;
2016-01-24 23:45:32	3f866f865ab81e7178cf7caf937d9485:bgpH268dLKbsUyAyUl1SNYbRJYPjaxGL	Q1:主計處,;
2016-01-24 23:46:13	b18af25c3abc045496420f82f0f178cd:mXenTlyiZWM0OilIHJRxqT9yvGQTqyoc	Q1:教育局,;
2016-01-24 23:46:45	6ae35ead1e9421c09749766885376e5e:DmOp4gMA7FTDKuFg8XLyCNdPMv7PSiYH	Q1:教育局,工務局,社會局,都發局,文化局,;
2016-01-24 23:47:16	b05a1ae4bea4196379ef2aa4b1ee2537:DM7x7CPJycX1XX138zZPzsRrzbXrdJvK	Q1:民政局,產業局,工務局,勞動局,捷運公司,;
2016-01-24 23:47:20	80d90206bbfb03720a6148fdd864111a:p0JkLTZGM3tucjIReBPtnOY4bSveI7dB	Q1:環保局,;
2016-01-24 23:48:23	df276d0aaafd4bb1839069db62e3c04e:29wOu0nu3ZiTxXTUzlftsViY1VC64xZ9	Q1:主計處,;
2016-01-24 23:49:52	d363a10dc34d3d3cf0f6e04c37986a3c:56gxBOPcqvJaieDiY0r71YC79bop4cbB	Q1:觀傳局,;
2016-01-24 23:50:09	82b068397df64640bf4a03f749acfd15:QdID6uFwmLlJGf4YA3tr9qv6s1ytpK2M	Q1:教育局,原民會,客委會,翡管局,;
2016-01-24 23:50:21	052e07e6e94268e2a764ab17af207b36:K6rZmHRNRVXXl1tlO6QvjrNFe3GrtOCK	Q1:秘書處,教育局,交通局,政風處,捷運公司,;
2016-01-24 23:50:51	4a591f4d0967c939191eced0e86e964c:kL1Wb8u0c5oZJQVuz5VT3TFSBKsK29ot	Q1:秘書處,警察局,體育局,;
2016-01-24 23:50:59	64eaf138fc2ffd269750b74f21dfb02d:JInlSk8hKY4huBU9ni1AHRoAeUQ58YsZ	Q1:民政局,原民會,;
2016-01-24 23:52:47	d7e2e29f16d5bcb562d69f78654b5aa7:zylf4WieA5s5VekRD67AgxxmVfdfXwMW	Q1:主計處,;
2016-01-24 23:54:11	0cc4e87f4535c8ffeee0f8465c363bab:r7S28dQfAsQmqTbTLrW3rzBspOjcN2Em	Q1:觀傳局,;
2016-01-24 23:54:51	7504873ba1c47c91e89ffd57d41e952e:KGsnk5cIj8aWynty2FB95y8up5m20POy	Q1:教育局,原民會,客委會,;
2016-01-24 23:56:11	f51bb441f5ce97f5914f946fc19e7210:zPz6G8H2UlvtBKTuySHniIaoOsgwc9oP	Q1:教育局,交通局,觀傳局,體育局,捷運局,;
2016-01-24 23:56:59	fb46ca96ae53ecc4676e5d99455fe11a:ZVt6MlMR7Grnmx1xaD0qwatb0L3zpQ6j	Q1:教育局,;
2016-01-24 23:58:01	3a4619898647e8d2d03c6e89e658fa1a:BDvgXp9FzfHvooQyFJIGcoUxbxZ7afTz	Q1:產業局,勞動局,消防局,翡管局,北水處,;
2016-01-24 23:58:05	042c032b1718d50fbe121c92ba32def1:E1HFQqvNbk1bRVuvgNV7y61jia9G1NaE	Q1:秘書處,財政局,工務局,交通局,觀傳局,;
2016-01-24 23:58:13	80351945d466dca9e0c27a3fdafc58f3:2YCzPCl5MipGbmMCKo1wKKbZh7zsEBvu	Q1:環保局,;
2016-01-24 23:58:57	8eb7efe0f79e1b96a227f74bb20c97db:bVLrWxmJSjGcQdYKjX2g2THxQeWuQgU2	Q1:公訓處,;
2016-01-24 23:59:35	374a94e701bb6a904605dd96f6d30fb9:rEzpot9a151g5unLm1tgu5b6YzHQO8cg	Q1:公訓處,;
2016-01-24 23:59:59	f7b4230914d2a4c52725ad4a46c0d097:96ZOtyNXalx33QgBKujNstKsc5xKO0Ag	Q1:公訓處,;
