2016-01-31 00:00:44	10e8654f154ba40f9fc65a674821927f:zA7ZexGejMZhsIhGC7nvpD8KjA3I7FyS	Q1:觀傳局,;
2016-01-31 00:02:09	42249464ac7be9f5a6e348539415b17c:CSuJ5NAT4IBxzGZWSXmTzkW2JSWKAWBw	Q1:民政局,觀傳局,;
2016-01-31 00:04:35	8d4a4a68a64318b588518531bda920b1:S5OvdNOxHrooWkpaXoElgxCGAczJfB8H	Q1:觀傳局,;
2016-01-31 00:07:52	a8eaed74d98f0ae6e21535be3167d67e:xfLQdkNoGjpCo8UkRoBnLR8BL0nqZbdF	Q1:環保局,;
2016-01-31 00:14:03	1789750f9b4437cf33bde97c44ae20c2:oPKICwBpejE0JZ0BA6HFJRYOYnWdclK6	Q1:環保局,;
2016-01-31 00:14:12	b63aa9d050e5bfcb1773942bcf300149:O3qENewovWcw3WEzBE5djH2zLvq564tV	Q1:觀傳局,捷運公司,;
2016-01-31 00:15:10	490008e0b49ee91043f043836f5bce2a:YMfBWyYCJCcWKgBl8brwVQte9ew99MAr	Q1:環保局,;
2016-01-31 00:15:32	8a263f9ae6365b8c3ef613fe34d4f696:0CHdirw2THEC6zr2KuCTpzuygEfFw58d	Q1:觀傳局,捷運公司,;
2016-01-31 00:21:10	9e7aa87a0b775e65ccf901de067740ad:IqDbLzHutBv6imu3BQFwmwQPRU4SEruz	Q1:秘書處,財政局,警察局,都發局,消防局,;
2016-01-31 00:25:19	f58f42fe3447e8bc3cddb9be0367eff0:HvawlRnQooz3WkqmTHoRPshQR8YDccsy	Q1:民政局,財政局,警察局,都發局,文化局,;
2016-01-31 00:28:11	5cd414a77d5f308833b762acf7142b97:TOsStw5nXsi9GODyZbYGBAYHSssQlGGy	Q1:捷運公司,;
2016-01-31 00:34:26	d31b08d4da2f1b5c39c5a2f87817e02f:x6QAQdBKRQRUr05G9QLDZEmqEtoLetaY	Q1:體育局,;
2016-01-31 00:47:35	b3e043f828ef015044783caa0ebacd86:gFBzimz7of4rM3Y8IM811MYUHaILtP0n	Q1:警察局,;
2016-01-31 00:53:45	ae2f2c33d77b9ec7917161a90e27c9f0:zesVzNmrvbE1x0Kx4WsA14hApJ0EHB3X	Q1:警察局,;
2016-01-31 00:54:13	9b28122199e718f0e5a52abf8873e524:sRvyXR7Np6dQm7sJ7jaV3WRLknLFgfmy	Q1:社會局,文化局,;
2016-01-31 01:02:46	8e44c64f48e8eee53695935a043d1825:84yhEPuQ2PjQaKt20L4swMm0PeAwS9j0	Q1:秘書處,交通局,勞動局,警察局,環保局,;
2016-01-31 01:18:26	58c3305b87502978f8f07a35b0117cda:kbGAVPwqJz7s1lQquhKU3xf88xasQ5XK	Q1:警察局,消防局,體育局,;
2016-01-31 01:21:29	f3c73bc996c2894448b77353695c1ea6:DWr6frkCnRlhgXzTLsFlsipJK7IKzEKi	Q1:警察局,消防局,體育局,翡管局,;
2016-01-31 01:23:02	58af814a25694eea208545e488c947e7:ls73ukxgBpR84pc7YWAugbbFVsllV3Wi	Q1:警察局,捷運公司,;
2016-01-31 01:33:49	bf8aaab914544058bab4659402bf46cc:9UkiWUMqVxIfsiLK17edRAEekDylKZFi	Q1:秘書處,民政局,財政局,教育局,交通局,;
2016-01-31 01:41:10	9386a8a5fd9825383a7c36ace344b7e6:oW4ryqyCAwzPSwF1hSb1ofPUkxBQnhMl	Q1:地政局,;
2016-01-31 01:42:19	be0fb85b6c6b706cf5bc9bd3165fa63b:8DxjeientEvhZiES4pNvyyQQqt70EVLn	Q1:財政局,交通局,衛生局,環保局,都發局,;
2016-01-31 02:01:34	401c13a8db895c5e200d76a41953d998:foOIF55CKj8LkMvwC1lVO1KAEwCOzlpP	Q1:觀傳局,;
2016-01-31 02:04:41	2b31daddf4998947bd0323159d477eaf:FmdF8abh3rCnvOU4CwQbPvBVoQ1P6mks	Q1:民政局,交通局,勞動局,都發局,地政局,;
2016-01-31 02:31:27	b3db64c253aebe333b6d342ed53b2f27:aILPW8pYZriqHfCfRIMoAG2RYxMsM9Mp	Q1:產業局,;
2016-01-31 02:33:52	15d3f0bd949194e769b63c9551efb22d:dcaXw9Rr9NCc9eCJB1fnKBAFVSue8IK4	Q1:產業局,;
2016-01-31 02:38:34	c75db9029c150abcae979b819de32d3e:8N7oPITjQ45QSfQfzGiTwsvBMSdbj29s	Q1:秘書處,財政局,交通局,客委會,;
2016-01-31 02:39:09	5feb3842e458ca74c8bbfc9b7eab2a8d:gZgro73NBMUP9fJha5vuzZncee8W4ksf	Q1:產業局,;
2016-01-31 02:42:23	a4ce91a2481224fe2740735b7d89aeab:Ctkfmb28upp3fhfdigNFLjoaD1s98uk3	Q1:產業局,;
2016-01-31 03:01:50	25925be435287ec2d6c74b92e1432ea3:LcNOimMiCcq1OsDmcZD1r9VkgeKAN8Wl	Q1:工務局,交通局,社會局,勞動局,都發局,;
2016-01-31 03:31:12	973c83e63932a775ca832f38448af9d4:e6d13S6BSEJ5fQ3IUQoOBIYGTGT2BwgH	Q1:財政局,交通局,;
2016-01-31 06:06:09	04c28ba140566e847dbf20f822842611:8c3fKam7i3Nnp1vKGLell8a3FgguxyTm	Q1:都發局,捷運公司,;
2016-01-31 06:21:08	44525543b06cc77db90624c67304d6cb:qrsHjXJ8ZTJnKhG1Tw02TeeyR4daUEYT	Q1:觀傳局,;
2016-01-31 06:50:48	1d9bda80bc114e69d77351bcf3acf399:338JUBQ3t57EniQjcefcfAw9ofoOK2sH	Q1:捷運公司,;
2016-01-31 06:52:06	28d45be92524f721c269e076ee95cb28:aZ6P0EIopGLdfkldnJQ1FGy4x85ewXtF	Q1:交通局,捷運局,捷運公司,;
2016-01-31 06:54:12	7f470f1bc48b9fded01f982c87c5d1e7:qRrpRNMRTLj0VIGCu8bnWfnUmVke14Ki	Q1:捷運公司,;
2016-01-31 06:54:52	24e841d73df59888593507aa55f43fae:N96tQT3RU4oYnH636vDeSbK8GBJIbPjs	Q1:教育局,;
2016-01-31 06:56:45	aae2f13b00089d25faa142cfe3598c30:NycN7xXYQLMOiCE3F0XHpAG0iSuLjaQa	Q1:捷運公司,;
2016-01-31 07:20:51	7a4d05a9348095fc10ccd5b0b2579ba1:ybuXh9yupuxLapvf79Kzusm3hKNerCXn	Q1:警察局,文化局,消防局,研考會,捷運公司,;
2016-01-31 07:34:35	ee452233446d290483f3239249043cf3:QSYivKsaWzzjsdDixgOCIU8qqNt6zpOw	Q1:教育局,;
2016-01-31 07:37:01	edd3625a322807dcc0bc0e749adfbd20:m6oHhBDqy6Z6z0HkVnGFK3FP58KCnmc7	Q1:教育局,;
2016-01-31 07:37:52	53728a4a0cf8a0665fc1f6a1845d7700:Q7IMhVGryw7g32dQMGD79KOtuftdlOub	Q1:教育局,;
2016-01-31 07:42:57	2d4a34b6a2ff120b99c7d9b04d6b328c:4fm09u1TZmVlhrdyA3Ve6acCKdeLLXTY	Q1:文化局,;
2016-01-31 07:43:31	44494bfe8f47b162e63c22420c0add50:pXmq8CLMpjAfuFDwz7jwLLluhvNqauED	Q1:警察局,;
2016-01-31 07:46:26	f33fd28cf15441f02d0737444855dbd0:tZsbkF3UFvAALnxVE4vKK4QstqfsQn5N	Q1:教育局,;
2016-01-31 07:57:05	cb3caf5ecdb2793ecc9daed24030cf8d:9GxSXngCdyKGg5EDvsUDDDfOCy4U2vyv	Q1:教育局,;
2016-01-31 08:00:51	826ab9904ba4d6d4c093bae0e42c4359:WUL1Z7PxAHfPIQ3Mpe1vR2sDZcEJP1qc	Q1:捷運局,;
2016-01-31 08:02:36	d1c6b0ce4e3d9ed03c99d6e416ef3a7d:3o5mjWwefqZnJMMvqfpanEtX6k2Fjkxy	Q1:捷運局,;
2016-01-31 08:03:16	38b9f2f054fa98e712b805ee90a983c6:2Yru6o1wWlNC49yiZbu8suUfPqBSC43i	Q1:觀傳局,;
2016-01-31 08:07:58	4b34697330317541db38c5ca6b03feb6:oLQxH4EnCvD0fnIVnvIGDZSpvwbkMzq9	Q1:兵役局,;
2016-01-31 08:08:38	48722745c8c9cc1c3dc13adcaa566ecc:VDSW0h71gxThXXGmzfNFtroQbRWM7zYg	Q1:教育局,;
2016-01-31 08:09:03	880c3a8d58aff994cfc6755089cbef86:x1pMdBjNULA4R4dK1m5xkkq0Y8QRWiOu	Q1:公訓處,;
2016-01-31 08:12:08	a5b807a0f655684f891ed84be99681e3:pvOMsonCFLyycCZVTcObVcPvIn3UfGQp	Q1:文化局,;
2016-01-31 08:13:55	d9de1c66da461ea5fde277deba435b8c:Q17DCIotcPQBXXQRfhDq23uAjtIA0QHK	Q1:教育局,;
2016-01-31 08:17:06	c588704390790b5bc8434350ecbb3bec:UUaA78pGp5QNR6CTfhhu07PV1fkrTT2M	Q1:教育局,;
2016-01-31 08:19:36	d4f3fbf9ea969a657d45d1391541c530:mfCctvqSNKzuiHkRnUxPTd01sELrTQST	Q1:教育局,;
2016-01-31 08:22:06	b17f8c9cea8e0b8e7a15ae2b4eef14ae:z1KbodQLf45at5zmJ0OcXApkH6IZYEB0	Q1:環保局,;
2016-01-31 08:24:13	7ca86ff2e9a0473d3197560d6ab30b50:1ehh1dai7BbDmE4bnp4wwgPSgFoBjBrN	Q1:教育局,;
2016-01-31 08:24:55	00bc0eff01f4587f417286e99c777525:0N2vg0JXuMq72RJu2QASNResSOVNuQua	Q1:環保局,;
2016-01-31 08:25:56	d8217ebcbb7141be916d981200a1cfea:tvxmYBbRj2SeeD5uzIx1z9ZWWYa8LTMU	Q1:教育局,兵役局,客委會,公訓處,;
2016-01-31 08:26:31	ca9c63be571c9bef6f226d538510b17a:tHrb8JDGtcUTaotOXcKJqdVXKbI2g9Hn	Q1:財政局,教育局,;
2016-01-31 08:27:38	e21928c067f21102c949edafd29aed42:chOPNVfz8jnrHyOTEsCGd49fuSnC62NR	Q1:教育局,主計處,研考會,;
2016-01-31 08:32:16	84d876d15201a26fa317465bf6c8ee55:cbJ0fKUlFf9SOgqFhj7dsqu3AsUZcOv0	Q1:捷運公司,;
2016-01-31 08:33:10	66be458cc0ad456792a263e7d245d002:fAuZMuwmQLEbRkxqW7JlzzGyjPxa5PXN	Q1:文化局,;
2016-01-31 08:33:29	41a668efd08146267be645c6f3490463:cCjjkjZ3OjgVuBcVfBu1ofMPjFqq8yMI	Q1:捷運公司,;
2016-01-31 08:34:38	dd84c4092471ae40d5d396cf8073933a:adqqP3Gk5XZPchIj7lkraZdqq5kjdlrt	Q1:捷運公司,;
2016-01-31 08:36:15	0cd4bcd0211955b6471955582b63ffde:iG0SR9aCBw8jjvnFWQ5iC7kyfH1xe0az	Q1:捷運公司,;
2016-01-31 08:41:23	5a9abeac5ab8e235ca5b1eb9c1640d44:urLUUlLXlHlo1F17e1DQPs4ru2PEvfqi	Q1:環保局,;
2016-01-31 08:41:50	a1342b7aae15feaa0ee825bfa8c716ee:m0fOt9eRaajqewAywBCwhqtVkM9HDdN1	Q1:產業局,捷運公司,;
2016-01-31 08:43:55	1ead077ffa6a5049064f22c6406572af:EwNilqwBk5QnxQ1tUDFaYQgFEL16wB7Y	Q1:文化局,;
2016-01-31 08:46:48	44455ac4217fdbd2d3538a464a7130db:JXwn9PfT3WywLkneMTKrjf9Sa5iENJGZ	Q1:環保局,;
2016-01-31 08:46:57	0ae20f552bdfb59b51508fe52d82953d:RfHE8juMEow7RaViZYqBWnwFlm66glSE	Q1:文化局,公訓處,;
2016-01-31 08:49:43	0e3b2033bec2af2e642ab33591e3eb6d:B9MP246RfsKt0ttlaegieDKDwJtqcv9x	Q1:環保局,;
2016-01-31 08:51:24	375a47e4a01ff51b231f884b7e56a742:eMtBFZ5rsV3TnVhQVX8dhKHK5WTMKNnz	Q1:警察局,消防局,捷運局,捷運公司,;
2016-01-31 08:52:11	c79021b3ef103736e52cf6cd000cdf46:GBjk4KGzxTXDcYeqnR8rEOV5H9fMTi2z	Q1:文化局,公訓處,;
2016-01-31 08:52:53	1bcce60d381048de76b0fb65499412ee:muCVF8uFmSMRdmaoiMn6ABH1YiS6kQQy	Q1:法務局,;
2016-01-31 08:53:13	562485e3c8e0abe8e54bdbee9110a282:EIuTpfhLwBuI3s5RM37rptuIMwvwBa7N	Q1:環保局,;
2016-01-31 08:54:12	a96c5bb72909e48533abb683a6052632:3mH2ag7vHYQmk1W0YigvETfwCcgiS7m7	Q1:教育局,;
2016-01-31 08:55:55	0f61d6274f8d4ff5f7fb5d98b6ab5812:8uiXEJMQwze5VTntzkUwFxrmTWKHM800	Q1:法務局,;
2016-01-31 08:59:05	680a764b480d8fd0bc83a73b546125d2:qgfE1jiJfTlcXTkXDririWTithnh9J9l	Q1:觀傳局,;
2016-01-31 09:01:31	67fe9c7179a9525dced0f99a0b2618d5:ebMI8pDABIYNsuUHAaCk0EoMmdlRz96f	Q1:文化局,公訓處,;
2016-01-31 09:08:42	58c9aa0b72732d49cb4e5d9842ab9388:uMhbycyqvk1mHjjftQOaLVVT7ryKLVSJ	Q1:環保局,;
2016-01-31 09:13:32	79c4f1360c424ecec841d8a55f4f93e3:MVh8cjfmfz3JI1mHOoqtyUdWTIGKrzGf	Q1:主計處,;
2016-01-31 09:15:24	5302a33d2c691a12eb8a5162bd0961df:vzvmlioSntvUIiA1wDwfUFc5cudNmATl	Q1:主計處,;
2016-01-31 09:16:57	d0e24634684617c1c8c145ac7fb0fd2b:OGjSIcDG2SvaLghoy53BeRdB5xPSVXN8	Q1:主計處,;
2016-01-31 09:17:25	8a74f2fdc93e569e393b01ff3579a8a4:oORPxVeHvEk9YgjFvYifFKUvAkMFkY6V	Q1:環保局,;
2016-01-31 09:18:35	7e4ef5a9c08893bdd546debb19494cc6:2v1oll5cKkOAXcWy89RmtSGKcZtxK7Q5	Q1:警察局,;
2016-01-31 09:18:44	f90a9793d37299a23fabd8b71c5448ee:rZAryhTMdaeqT4tOwGcg51TQSYNuFSF9	Q1:文化局,;
2016-01-31 09:21:47	c7705407357e0f5120274d18d094efca:uFMZE3H4jZFhmr8OmF5eEbv371bt3Kc6	Q1:教育局,;
2016-01-31 09:22:06	9d9b81ba200cb2fd695c0512fff72533:NPvHjQgloxWbN9UdaVo8jEKQYuBejnXr	Q1:警察局,;
2016-01-31 09:23:58	25a44603817cb69baefc7fdce0e509c7:Ipmg5EuQxZBlyEsomuqROCPrRQjiFM8c	Q1:警察局,;
2016-01-31 09:29:04	4d7a779b53f3e9637af1ef1c1bec6001:tN7l7Bij1e2G8gl8NcyK7wRueZNC3wrq	Q1:主計處,;
2016-01-31 09:30:21	c12e40828e759597ddfc9e860757ed75:EicMMs4rdE6OsZJ6VPMCNBF9SG9Gg3HW	Q1:主計處,;
2016-01-31 09:31:00	82727ea6528596f3799ec36122159744:tRt2JgjP2Ah0OKkQ52YhO9LRTvLlE3vu	Q1:環保局,;
2016-01-31 09:32:00	97d20f333b90483f336cdf8ee68b6d81:9Y76I7pOC10y5FPlfPukXr2tHZTQQp9A	Q1:主計處,;
2016-01-31 09:34:10	97a4bd564738a466d7ff3e3d49190e6e:Na84hEdEGMn9oqf6qPgyxiyvWVKKjojt	Q1:觀傳局,;
2016-01-31 09:34:23	f9d1e47664c567e9783a7baad486a15c:O5YNpkjjVDSgGUVZXhewX2e9jdGH62Dn	Q1:主計處,;
2016-01-31 09:39:40	70d105a783cd0f7192401c36049212e7:eitx34cvHU44giZVuXtpmisEgWwQMH1J	Q1:觀傳局,;
2016-01-31 09:40:07	daf8e152f93d8ee0f7d4dbe30dc0d63d:TkEiYfkuHcAoVCGs3iabdH2jfjmW51WX	Q1:警察局,;
2016-01-31 09:40:41	4385c5bb67e45f8002a93dcef00df24f:JlYFBlkv11cNS4DmjuCgj3c5CfmbtD7O	Q1:主計處,;
2016-01-31 09:42:04	73abb9e973631c931d6678a71c5cfac6:dWlrDDKe9OMVvSNY40oGbwT0XPGHu4vV	Q1:警察局,;
2016-01-31 09:42:56	89271b45edd70a05a7a53b63ab4c0de8:xmkGyz9u6S5IUcC4AWeAtboU8AaDFLYS	Q1:秘書處,民政局,財政局,交通局,資訊局,;
2016-01-31 09:43:48	5756059fb63aa0092d7d689747d5c638:Gade0OL2vqSlqfvpJpCXL9wAge0ar59n	Q1:警察局,;
2016-01-31 09:45:38	922e2dcf4e36e9514ced72f1a5e27c06:Dep7VXzzAXHG6Z6deHcPf035RumpJFBY	Q1:警察局,;
2016-01-31 09:47:17	36453f0b308267a0080f150da1a769db:8IVsk1O4aZnSowIG3Qe7UVchkkw8FAOh	Q1:觀傳局,;
2016-01-31 09:47:19	d117c87d75245e8de84ce84fbfc40b8f:OUrjeYQXMdWLUu6A0iaaQaEqsUI3xrry	Q1:警察局,;
2016-01-31 09:50:27	c535a0d422a82766560a5e08ccf31091:edkfkmzARAvJX32CsJSmIoitCHeQq77G	Q1:公訓處,;
2016-01-31 09:51:01	691afaf95899ca32919f39f54a345ed7:P4mQc2m1telessMfhOpvEUO4BrpHnabe	Q1:兵役局,;
2016-01-31 09:51:18	c72061b564f692d755229e2c0ec967de:eoERIFm7LEcE3jpevVcV4UDAjoOld6K9	Q1:公訓處,;
2016-01-31 09:52:22	9aa6d6b9f52e60d89d461381266b7276:JpmbHmcYRkUsLhgsDXgcV6cTdx8UmuKN	Q1:公訓處,;
2016-01-31 09:53:20	6d1507ce6abd37fe4d8656ddc8009efb:KHNrwD0VIlIhRJ771roSl5F9DJJ9boGc	Q1:公訓處,;
2016-01-31 09:53:39	efddcbdd3fd6706f40f2db842da0f4f6:JNimQPdoCFJ7IISwNKlYZxDYZ1mANy8z	Q1:研考會,;
2016-01-31 09:54:09	ef1097aa05e7643f24f8d1ce92d32b19:UUG7RjVfqs6vN9DIeYFk12VGPS9obDFQ	Q1:公訓處,;
2016-01-31 09:54:18	2dd78e555c94c9cf6729415a6e8fbd46:vfZjDNVunmJzGKLU2NtzBxkCc8nSTxuX	Q1:教育局,捷運局,;
2016-01-31 09:55:14	050f08777e1c2d687293766c72fa67cc:S71A8yzA87SaLb8btVSIb2qG2MNknbej	Q1:兵役局,;
2016-01-31 09:55:19	7ea6fe6d966d32815bdbeddf0dbcc978:ipqvoOvPN3pjfem42DBVUEAn7pXtY73N	Q1:公訓處,;
2016-01-31 09:56:19	255fbee8bbc2a89e939c784fc93761bc:4RgWqjCA136PeKNJTEL8FxIW1qjOsY67	Q1:法務局,;
2016-01-31 09:59:12	7c93244a858b4392612d581a992aa94c:egLsh5urSgCrW47B5vaJOPrZ6xPplJYp	Q1:環保局,;
2016-01-31 10:01:28	0173979bb4bb5ff03d5e2f66f5b892e8:pHv2D8FgHVF6o00Q7rkQb73Jj2Hj7nwF	Q1:法務局,;
2016-01-31 10:03:44	91df66a89111ef46f59fd5c95d8d86e0:KNuYtSMPxrb0SLXP1CoiC9fmDqrwNPZw	Q1:兵役局,;
2016-01-31 10:05:30	80d16100700c68bf396fceff9260f61d:diitdbFUX7hFDLV1tgm0jbynk627bjLv	Q1:法務局,;
2016-01-31 10:10:02	69a53f519e8b9a93d2bcca5c0641a0d3:K4iF1vpj2wk80ep8hiMMlIoZvIoM605L	Q1:文化局,;
2016-01-31 10:15:31	0dc749165df1cc0859089f08baa4d340:IIgt9srJ3EwTu7dtBG83qioe8z7rzO61	Q1:環保局,地政局,;
2016-01-31 10:16:25	05ab294e9d00825813f25c70bc06fea8:szIZ9jpoiDIWBOIOGykUCaGekbngs0b2	Q1:環保局,;
2016-01-31 10:20:29	84461e9aaeb4bb2bf40b7c8460d00750:s01mtWb1SltoOAGfNHqXQ0a4QEo1h49N	Q1:環保局,;
2016-01-31 10:22:15	3c092575f3391145ee0fe45b3bae924b:8FcMo9QAM7qopiqmUQyCXI1p4ul4g1bI	Q1:環保局,;
2016-01-31 10:24:41	3bcdd3f7d12d7827001cf913c86b0808:PDHgsKFcm6gSEv4Hhp5x4QyoVQOvGagh	Q1:社會局,觀傳局,資訊局,;
2016-01-31 10:25:34	4a004677a826d454914b884be9f9143c:FV15JHLVzjpXfOgGevqKGl86OIRvu3gB	Q1:兵役局,;
2016-01-31 10:26:42	4966549de7f950ab522c7f2d4a111c9c:0rtZFhmjmrxphZCVCF8JLllgzqGFj4hv	Q1:兵役局,;
2016-01-31 10:28:12	ecd271d6b09630bee899e6040802a34a:fj1odFn0YwnxrZiBid0St0eJGU6bLKY4	Q1:兵役局,;
2016-01-31 10:28:31	f26a3088b7a8ddbcba56ff49f00bca0e:Ux4aSQD6gH8bRSDb6W8eiQPYfWiX8EFy	Q1:地政局,;
2016-01-31 10:29:17	49aca2fd6236d2a2f367d295af799908:UUlv7A184LDyEaWwXbcIldRZLcmbs0CD	Q1:兵役局,;
2016-01-31 10:29:58	a2d7e56f608ab0a387901f6475e09a4f:abGy0u1EcFR8hcqa89ZmKJ2dRWmN179t	Q1:民政局,教育局,工務局,都發局,觀傳局,;
2016-01-31 10:32:11	3dc7e3f424eb4db33b9e7607464fc777:yac5DGEhilDScjjHER74cbc5IKPo9Qye	Q1:民政局,教育局,工務局,都發局,觀傳局,;
2016-01-31 10:34:16	85ecf35ce72a0f6f92e57939ef925dde:Qv9SdWujA0I1bIhvYO2ETTiPLTuQ4zUr	Q1:警察局,兵役局,;
2016-01-31 10:34:25	cc5986bfdf72ff14087b10d52917a8f3:RXjhEi75u3UHkKZwMOApMYb8wF0YSIvH	Q1:教育局,;
2016-01-31 10:36:08	7b301d08b409f5716d7140fc6815340a:tJe0IaGo8nafwBZ4JU1hl12Cg6DyalJx	Q1:教育局,;
2016-01-31 10:39:34	daa9abdf4ed71ea02b03b508a2682ecf:1iZkpM9COLyQkDIJW2LGWTykEcj0MGG8	Q1:兵役局,;
2016-01-31 10:41:36	2de17e0c66acf5b6ace72cddd88e2e60:94NJFtwpe8Xmsz3eCFSUVolswEeORKhm	Q1:兵役局,;
2016-01-31 10:43:04	3b9dde4d806e3ebf5ff0eefddac2bcb7:v1iZGbeEPem4gi146Fcstve6kgTwp7EM	Q1:兵役局,;
2016-01-31 10:44:37	34858ffc184e65b2f69b4f9e89d87fa1:urpocLJs6Vt1ZgMrDLLpMC2dtB2uJYIu	Q1:交通局,環保局,消防局,研考會,;
2016-01-31 10:44:50	b59b488aec32a8eac8d187728eade104:jLbqH2C475Ri5WHtoB3tWkA9T0ex9d2v	Q1:兵役局,;
2016-01-31 10:44:58	4056fe5b03f1424bea3e8e85a1436f89:Lk05VO1ho0jHtnPJnVkaMGZlD4O7hBnq	Q1:兵役局,;
2016-01-31 10:46:18	d58d8bdcd6919fa2d729097432126782:hGC1iDCY1CdgDOXWkHGy5KCxGfhJGyMS	Q1:兵役局,;
2016-01-31 10:46:45	8021785a28676552f4a3ae66e2975f03:Ajxo0CgjnVmRkgYq0ODa1PiimmG1K4ot	Q1:兵役局,;
2016-01-31 10:47:00	a608c998398927b4d6a0eec81a96d56a:f3f8CmsUpl0pU2LsXe0PlacWSRtGINLn	Q1:衛生局,;
2016-01-31 10:48:40	d99d329a72f2a367116e8e509cf22513:rRBHfT3bI1YDciinWP61UQEHEfPuQ4NE	Q1:教育局,交通局,都發局,觀傳局,捷運公司,;
2016-01-31 10:48:56	88ff0e48f1c831635526535b54639809:v22cd6jnFcJMvvVhRoNkn49otMex8bXl	Q1:兵役局,;
2016-01-31 10:50:13	24e954bb32ac85e0488ac2b0acd0f892:JEU0MYBoAjn38UldeIbPJZstyseACvB4	Q1:兵役局,;
2016-01-31 10:50:59	82b19c9e679d691627192a76b5d01568:LgLAdK6PP4vLq1jY1r72mTVefKeVW0fV	Q1:兵役局,;
2016-01-31 10:52:58	d572fd3b7228b4e364d213b683208a9b:KgyyL7T8X1cXEjt5VBwj5RWfz3X88M9E	Q1:兵役局,;
2016-01-31 10:53:59	44111f6796c4b586b52f1da471ba740e:7akKjjM2YngfH7iDqd5DjdioGRQ8T48U	Q1:觀傳局,;
2016-01-31 10:54:25	06c5eda87947716f1df76580ae6b8631:utlfnExcaBc2Sbwj38dbPChll21o8icC	Q1:都委會,;
2016-01-31 11:02:13	162a0c330aff20353e5d252966358cab:rtctNPDpDQFhJxdRZ39gPxMVyh8bkdW2	Q1:消防局,;
2016-01-31 11:02:57	d16fa20ed82a5697b37df3b0227cda45:hjQkdO4Zk8UF5wr5tq7N4KugXmHCRYlJ	Q1:民政局,勞動局,警察局,都發局,文化局,;
2016-01-31 11:04:42	fa0863fb2f0e1d79056515f7b05cdfca:yhtdCsynqPPdxb89Uid89CZ4X3O0kUBB	Q1:教育局,勞動局,消防局,法務局,捷運局,;
2016-01-31 11:07:35	f98a4e1e0f63876262d7351e34e18f9f:jc2DVruijd7n0tFYuV9tZeaHjd18ZsJ6	Q1:都發局,;
2016-01-31 11:20:46	13898171eb253889f208b7dd615a1d61:m0TXfjVt9iSwl4Z72JwQKcUlgEQOTZfa	Q1:秘書處,民政局,財政局,產業局,勞動局,;
2016-01-31 11:25:13	0a705601ff8c77ecf92323910545e512:cuaU5TffOprxYLPIekPOBbQFBYCd1uYG	Q1:研考會,;
2016-01-31 11:25:39	8428c3509126d24e17eaa84b923ddefa:Y2voVjX1LY84D3BcTlZ4I739IZjoc9IT	Q1:教育局,;
2016-01-31 11:26:53	ae2e8f2bd9a830126503ee846cd6e179:u3YVbOpaDO30TrIzHWr6v0yGcXoCdoD4	Q1:文化局,;
2016-01-31 11:27:56	93b64acdbba5c5e3a3758211651e9ab7:EaMNoc2gw3aXvhlToUdgasG0lhE8TaaX	Q1:兵役局,;
2016-01-31 11:29:10	2382edb7c8b57e2e05327977852a7457:t4cmbXz5SB0sHix7e26QUruEKqykrjtx	Q1:文化局,;
2016-01-31 11:29:53	427c1fdca8cd919e435f0254a400e01c:O5wbfIa2KqJIQwssgP0H0PGieWUJjJWX	Q1:地政局,都委會,;
2016-01-31 11:31:04	3db8ae0d9ffc63691b24d8cafe33ff9e:ekXORRb0XNAb8ycJHEfUKSEjPtD8f8KU	Q1:教育局,;
2016-01-31 11:31:13	397bc54f9114bb2db48c61d9f127090f:gMhYxt4ZMlEqSTSWmtSLblJnnqyOaggp	Q1:文化局,;
2016-01-31 11:31:57	7e03f047cda100d829df4853fc85f739:lextmTZum0x8pkD167CD9jDXuLwW9gAe	Q1:秘書處,教育局,觀傳局,;
2016-01-31 11:32:42	2699e22f476cdabbc7fe924899c49323:qj0MTf27oYjBleAeemWnnXxViKWc4qq2	Q1:兵役局,;
2016-01-31 11:32:54	d422e4ac532614a289e964645a083412:U3YAFkwAsQTxmzJEgTgDSeZUmTU7ILe9	Q1:文化局,;
2016-01-31 11:34:07	3ace319056df4dfab183ed4634c7cb2e:TXyaVJuVuhc5zv8aWNhFG6C0ICB4mjju	Q1:兵役局,;
2016-01-31 11:34:45	f9eca15d710de0a256a173fdca6e4a5f:uTd9nwWMUNZ0mXTxojKwVGfVCrZljqAP	Q1:衛生局,消防局,地政局,公訓處,資訊局,;
2016-01-31 11:35:22	b60b12f6352f085782a46cf911aaa21b:pGLMpUffQ7UI31YBCrsl7AW636JFmsXY	Q1:教育局,;
2016-01-31 11:35:29	8f201bee23e2a313ee01e3144eb4fb97:zivQo8mn7BExKOeK32uzEKPU2M1hNNLl	Q1:都委會,;
2016-01-31 11:37:49	3733303ddc02bc9d008165171176a8a2:IcihYY8pZZwQjTQU1HlYGxe9LH11xeGF	Q1:都委會,;
2016-01-31 11:40:01	2ade5419c6dde1c254f6f5c59bd80f68:PtxBVVKU86c2SztvklTz6Ko6SNbagBM1	Q1:教育局,;
2016-01-31 11:40:10	400d310b675516ec51ae80b5fbc0ca43:faczUgNzYieFNkPq6tyQTSGYIT1y2EIn	Q1:人事處,;
2016-01-31 11:40:38	c6b4b03c3e634fc8fd566f8583865b2b:iGV7c5ACfCcWswgq6tV1Et57XFuGYB81	Q1:都委會,;
2016-01-31 11:41:30	1842b245b8c8b6f1893862bf22c7eec6:rgzn2wh69uyWs1kL4bdaVX1qLtLrR1cQ	Q1:人事處,;
2016-01-31 11:42:34	a5e29ef67af30d031ce8f7a8e77b0e1a:quIunI3GoGBNDeg0QocSZZIQ3rC38fqz	Q1:人事處,;
2016-01-31 11:43:03	52c807c017e29133c06cf52f4738397c:g0Puvx7KQiaoMqlNZspyKYHCd09g3cBc	Q1:教育局,;
2016-01-31 11:45:46	87ec4ae983340a4e245ef1a2a4f78c78:iAB27TijLue610Tk3bty2OfbvDFOT6XR	Q1:法務局,;
2016-01-31 11:46:29	35f6640fb2369ec489ad972cfea408a5:b7wyhzNTVqvSc1UVC5pwWkifuM9WTpSr	Q1:都委會,;
2016-01-31 11:47:45	34b8740f2cd730f735e5d84149013fa8:ED5LsDhkdvCkgjNT1qT5cEUd62AFiPrN	Q1:法務局,;
2016-01-31 11:49:48	f7c78eb8038bdb7ed0b3bd7729f2e1c5:k8rMrd9SttYamInqGMw1CNVDOSQmFeT5	Q1:兵役局,;
2016-01-31 11:50:03	16d69eafc3aa8ba96eb0d8877188e8fc:OvigqyOFPrgD66bewp6V3DpKfogiJOOr	Q1:研考會,法務局,;
2016-01-31 11:51:09	cec4752a85342ab419f87322e4feb29d:GDVXYCU36M9Mw3isfJHB7HGxwyKhVevA	Q1:法務局,;
2016-01-31 11:52:30	8f7967c9299aaf5c932e4a967d767da8:rnLODCfIIlOQRqT2dVC2BPiwZpw7ada5	Q1:都發局,觀傳局,;
2016-01-31 11:52:32	b4b6eb1e3ce7debde825f60a851b835d:PTGIQC8BVFXYhf55jxQ8K2nZ8WMffo8E	Q1:都委會,;
2016-01-31 11:52:41	62c1ecf8c7562d9fa2379b0c5a00b93e:4gBLYab77yWnM899cYlcGw7Nj8WiJ63A	Q1:教育局,;
2016-01-31 11:53:38	d31a189c3ffe762d29310d68d86209f2:NArXdWgP5Mo3ttpa8Fd7CLu7GbIITKZ6	Q1:法務局,;
2016-01-31 11:53:49	ce9954daea60ac97dbada14ab4532f2f:gLYtiMGF1pMVxJiyrEDNf3JPzM7Zcmli	Q1:教育局,;
2016-01-31 11:54:41	4866b6cdf398508d299575205bdc6ac9:Kuo8y4WftUPamCaVJ2M2wxDR6vDscBvU	Q1:都委會,;
2016-01-31 11:55:13	885f6f28de63d7a8af2fe6ff6f919fe0:HfiDV916z7UUTgRCXU9cejbafqvqwPY5	Q1:法務局,;
2016-01-31 11:55:19	e80a851f7ae9ae50a8df1a7c5ac9712e:0Z87A4LLIZ7ofX09iVdjGorN4lO3crgB	Q1:法務局,;
2016-01-31 11:55:21	71b024a7b5fd03616258808dcda74561:BnQQTY9pIt3LzCYRHKZzZHCfelkAIhOx	Q1:教育局,;
2016-01-31 11:56:12	fe5bdb3d72afe3583cbe22c6b65cd53b:WgJ9DQomB7DKawvsyP3WLXilfmeYF06I	Q1:教育局,;
2016-01-31 11:57:18	811994712a2a5b90147435299f2740d5:j4Zh1ZHwxlMPJqfH1iiR4kQk6mdVf0NG	Q1:財政局,社會局,勞動局,警察局,主計處,;
2016-01-31 11:57:35	6b3f61433c6dbc29e44ad023f92d3e85:I7dHPnjOgW44LOpAlWTr7XPpAqjOzGG0	Q1:都委會,;
2016-01-31 11:58:41	b30e811526d89c276901b452c0f822bd:epVtnwSSD1oc4uJY5z2ttnvtxlqgmcY8	Q1:都委會,;
2016-01-31 11:58:46	6c26c14874e5a9ffcb39a597246cf362:3VGzjed07xuUbr1jXsbJWUMfJyOL6nDr	Q1:法務局,;
2016-01-31 12:00:15	345050dd4f7f0b1477ad4e5157a7d09d:jqLdFHhtYKF29EBN0GG0vvREACc3mYd7	Q1:法務局,;
2016-01-31 12:00:37	514faca1da2816ab298255fd62d5273c:AcLwGuYDEGQ70whsRg7vHirSA7kZVY3t	Q1:社會局,勞動局,主計處,人事處,研考會,;
2016-01-31 12:00:44	de148d7102fe8e9f2edb570fd10887c1:8C7vMwCCDpoNA1Ro11Ux3bjkoELPMRoA	Q1:捷運公司,;
2016-01-31 12:01:19	6c7f782f99ced76cadbd5c207e434e54:vH2FzdGpM6Y1Lv4QNjnEOe0T1ZE5q5IR	Q1:都委會,;
2016-01-31 12:02:28	6ab3129fde7c3d124360966a20d92372:or3XozfBg8fSP4k6zaHRYYvwx3sIH5Xd	Q1:都委會,;
2016-01-31 12:02:49	abbf6d9e0f931e6de70592e6659cc89c:DHRoEOiEtBg8AgRHazvXXaSlnd8i6PPR	Q1:法務局,;
2016-01-31 12:03:20	93d5d59118d70b82113b4f207ced4a28:I6fisJukNJsWROeua9931H5troicfCjp	Q1:捷運公司,;
2016-01-31 12:05:47	1b72e9e40e55615f1682317261836488:TXdkwxF2QN3VvZGtQimoOKNbwEy2EWS0	Q1:都委會,;
2016-01-31 12:07:07	3bf443be403f98c4e2d3f4598806e9fe:wtU8VTZZQE7wM7wOL8qFl7FAaXqrsZkR	Q1:教育局,社會局,主計處,捷運局,資訊局,;
2016-01-31 12:07:07	cce7587f5f74ca07197af078dc4ec40e:2q8R9atRZfZWjmdSVmtMUnnthHMJcQUQ	Q1:法務局,;
2016-01-31 12:07:17	65f0f8fe636d3b73c1a244f6ed305e33:AgWi1fWbeeeKOJjrDkcZZJ8xAshkuSSj	Q1:都委會,;
2016-01-31 12:09:22	8efe30cd191c2915d9d064d5342fc236:O98IwffANtuvLcUw601SuAqhldRAJMod	Q1:文化局,;
2016-01-31 12:10:00	ba340527d59b087f7f0e938f7c65a9a3:5gQ8szBTaq5BIPHqPtqt58UzQP7dPt3Z	Q1:教育局,;
2016-01-31 12:10:53	5c548f8d49ce80086adb5eff2a7bcb33:0zgaBRVgOJjjiMdwZ1p3icmslLqDNY7N	Q1:財政局,教育局,;
2016-01-31 12:11:20	36cc548f566decbee18f30c8dbc797be:qunkEmYxxRdPRUQAPtlAacWauWTJXfhr	Q1:都委會,;
2016-01-31 12:12:28	b195bdd8b9f187615f33f741e5dd2315:qVjg0oNXSpA8xpOXGEooQO8MB3nf7jIZ	Q1:教育局,社會局,警察局,主計處,資訊局,;
2016-01-31 12:13:00	0a81c889a320b7f4470fd633e3b90725:esxFREcplYhKX0DhiaLJkZA8MDPVwrgu	Q1:都委會,;
2016-01-31 12:13:33	e63b80b6dab188f49171cd5222af00fc:VCytSpWDsluoJOGYBSwW6aOb0c6cGgfc	Q1:都委會,;
2016-01-31 12:13:59	98c1c375f15933807f3b0d463d952e2c:h7Z8Hdm6DkBHDvkkmwjgjadKDfvPiUjq	Q1:都委會,;
2016-01-31 12:15:24	9b581afff0c72e6b3e4c4df63ececea3:PtejtkryFDzeypEJGjpWYcdMk4uVd6S5	Q1:都委會,;
2016-01-31 12:17:05	3211edfbed2f9f1fc4544d3711e8eea7:73dL2HitctzDg1vRPu19oLjgXiQfBT2T	Q1:都委會,;
2016-01-31 12:17:29	60932e39e0d2401625c15cd6343164cf:5tODb3EKMMcJecqFVlAn7tvoP9dbqdjh	Q1:都委會,;
2016-01-31 12:18:30	9c5203ca076bfe77740bc398d5f0bfa1:hy0R7D0y0hWsAjBu9X8iR0n1nz1xoqwA	Q1:都委會,;
2016-01-31 12:19:33	e188cac550d1311ad99ee37dd9f1ef5f:92ySPZ3ZLKPTIYj5ZCSdNDKAk9y8JFzA	Q1:都委會,;
2016-01-31 12:20:16	086ca4828a7192c51e35b599f24791c0:UnUAzJ6k27suzPOEJqZVfFKYGAWeElV5	Q1:警察局,消防局,;
2016-01-31 12:20:47	be930de77a2838147c0953e6d8d18ee7:ICEG6lIHnmFzfIvwmXSqo0iOcmQLca7o	Q1:教育局,交通局,警察局,環保局,;
2016-01-31 12:23:37	d2eb9d8fadb10a543bf0be6036ca11af:bHoEgDf7fooDYfHrRqVvyxwiFXjaxkHd	Q1:都委會,;
2016-01-31 12:25:25	4e16048cf6f4b9f84e20d805417c4cc1:NNa3jdB1kGRbGO8xiCxi0QC6etvvPYf0	Q1:都委會,;
2016-01-31 12:26:05	b1e85c1073b080388655882a0a98f1c2:AaHKEqCDeWPCEEGj5n1lTkvOotIklAzV	Q1:都委會,;
2016-01-31 12:26:17	66ba085822a148d768ffe7e0ff2282cd:oNG2ZMH0brBJtjuZnJPtn8jhv67dTv7N	Q1:資訊局,;
2016-01-31 12:27:09	81678745997a459f5761f06a713c9d93:qa7iaLnujWzHmJHEFCAfPNf44BkhcXZN	Q1:都委會,;
2016-01-31 12:27:39	1f94aa57aac70a4334d73a4f8c29a374:qssVB3CYCbK4Jom2CuDNuTk824qLoOxF	Q1:都委會,;
2016-01-31 12:28:45	ea566834d78ac4fe335a6cb03b8fd03c:FCFJzWX1aI0EuJPh8GCmkIDz7wGQTbBD	Q1:都委會,;
2016-01-31 12:30:26	4e468530c0936512b6de0af6a9090267:y23OHhmFcp5VVX6PKWfecv2X4D5luFSg	Q1:都委會,;
2016-01-31 12:31:22	0db0a76d757d2e1d54dbd3dfcfb54f22:mvlJTWibbLkZMlmlF6tPDVEVPSfeFpxn	Q1:環保局,;
2016-01-31 12:31:51	bd7b931c9febd66510231bc6eef6039a:dypAxquCe42xNp9181Eo3rEJ0ZMVG8Tu	Q1:都委會,;
2016-01-31 12:32:49	c5b0131239d26b9a3ba46dfe3a75093e:sLMhw8pW8L0OanDygHYH5Fm09NfKb8II	Q1:環保局,;
2016-01-31 12:34:55	016e71b0dcc806f3ce746ce845ef466d:26Zjns7CpH0NzcZprHke1M9V7zmJ7mj8	Q1:交通局,消防局,體育局,北水處,;
2016-01-31 12:35:01	18644cc005c37ce097c88861f3a444c9:8Cf0gUK91NC5U6AuEja8Z3nziqHvgYCE	Q1:教育局,;
2016-01-31 12:37:38	a2690389ec3b6ae7c50ae084167f4702:pvbd4cHvSLKhm5EE3DvUZ3mfRjRsHbht	Q1:消防局,;
2016-01-31 12:38:24	1ddafc6323fb6a92210b7a859f718a48:SmPgTUoRzSBBel3yd28TZAkIsVmzHZbi	Q1:消防局,;
2016-01-31 12:39:18	00d1c5593ed8638027fabfcd7f0fec5a:CPSwI0lipFVatGZDphvAnSJe1aBNPiYy	Q1:消防局,;
2016-01-31 12:40:16	1c1d7f50f5bed47a9327dae1cc2acbda:81GzNL6QeEK95HTWrRxj2k3knllkuVlP	Q1:警察局,環保局,都發局,文化局,觀傳局,;
2016-01-31 12:47:00	c2fb12733925540b20716f4dabd8d93a:HG3Zl0v97jPbXroH0KECqeJh9htKlLce	Q1:法務局,;
2016-01-31 12:49:01	dc0e5357c4735ddc48399aa559d301ad:SzNxvwhxVGVEbhiF5ktbTxIIkgRQeuPT	Q1:法務局,;
2016-01-31 12:51:22	67214708d5a0601c89ef877bdd2e1f3d:VsfcTHVJl49FgkEwgtEJzXuc98giLdJ9	Q1:法務局,;
2016-01-31 12:55:18	c2355cb86568599355b4540f60168198:NTYZGiNLa28CI625cHx0zqdzEEEgLcv3	Q1:研考會,;
2016-01-31 12:55:53	ec214895bbef82f3ed898a60c6df1420:kmHBO0O5lhR6D9fQPuA6wIfjtoqd0MkB	Q1:文化局,;
2016-01-31 12:56:48	042f9341b0dc33a3f7b2390fe24ce273:RDGypABDkZ7RV4st96QSSrRz0KqTBF5K	Q1:研考會,;
2016-01-31 12:58:03	1ccc494b662398873c3cd509e2922d24:duvAt2gkmuwlrQBl2WRbWwLlVgKAfuw1	Q1:民政局,財政局,工務局,都發局,消防局,;
2016-01-31 12:58:06	53c759894d96c6578c6b86f21d99eedc:harsQSVEgf2faFBzfDOvrnx1GPRCBEYh	Q1:研考會,;
2016-01-31 12:58:17	f34a58cc2c329c273a7063e477a10017:SHSYapNn0aYY4FbIN5MRPB65BQgRNEsi	Q1:文化局,;
2016-01-31 12:59:57	165819430fdd87d7f3960266474642b7:wWBf1P6pNHRb98DKT89hnrJOEdXBbRVy	Q1:研考會,;
2016-01-31 13:00:19	6466112c2708dca2bcf12520db3ad24c:1qkCanMoHjHVpk5HOoNNUw02NM5PWUcE	Q1:文化局,;
2016-01-31 13:00:42	a0c743f2b99e1724a05decf0d49d65e6:hVfXooT21B5DYOpZWZeaAIiLGeyVgFRV	Q1:教育局,;
2016-01-31 13:01:59	8914bdf39de3fead2cf3bfd48e71a101:8AQ1PBNdlYHee64etfCPBMQ0iayFnsyu	Q1:文化局,;
2016-01-31 13:03:11	6895f9a106da0988435b8c35dc4077f5:xUHdiYVlkEVaR5hjxgzzgg3WOdGv1LIe	Q1:文化局,;
2016-01-31 13:03:26	2d67b9d067c27054a5880e7e884652ab:DfL8NHPefSsydPYeN35YGaTmB22NJ0UF	Q1:教育局,;
2016-01-31 13:10:03	1d6a452983c1e0a6d26ea5b52a5d47f8:bqNfLIvnIoj7moacQxF2Fv8yCIsfI6MY	Q1:環保局,;
2016-01-31 13:10:12	4436bdd5b5b45ce6e9524e31fdfebf72:RggmuXulcptEEWp1ZmxAdPqou7KntKbv	Q1:民政局,財政局,工務局,都發局,消防局,;
2016-01-31 13:14:01	62561a54e64e0847f89195c13f56e7cd:UuG1pcGwwRxDtLLdhjdC5mMYgHMKELFa	Q1:工務局,法務局,捷運公司,;
2016-01-31 13:18:05	aabe116f3b95275529fcfa5ddd91b674:QpjFa6DZNdWlp9U5sQnlVUOuOq55bTgf	Q1:法務局,;
2016-01-31 13:20:03	5db05431aebbfb85563925be12ee659c:bHOhoZBBzYIazIgSzC8YWAJS02rmAfzd	Q1:環保局,;
2016-01-31 13:23:10	69da018a00fa9e581ce967c8d83ca468:EosZAkLtcuHGzHsat20ypQYeEBgGAb6b	Q1:教育局,;
2016-01-31 13:25:52	e8d23a909b9c38fc80bd85cf406e28fd:zbxy5O4U3661iCTzAjQaKz28LeEg590f	Q1:捷運局,;
2016-01-31 13:36:08	a25820336e1dad3d4d34cd52640aeb3d:ebOvHO0Rs1eyHW21RFmxTiHIFY4cYY1D	Q1:秘書處,交通局,警察局,原民會,客委會,;
2016-01-31 13:44:33	283f25608d4988589cb8ae9678ef93d3:PZkFQ73vmntfh6uoCds0VNUFAVrznaiG	Q1:環保局,;
2016-01-31 13:48:23	3d2191b94c307cb587054c6257a32b72:XDJucV6bb7ly71oZ0H6jKcQbSTaiMHtk	Q1:環保局,;
2016-01-31 13:54:32	c6fafd6b6553616f5b2ac590874e0a7c:OmVW5d2CORvtLBXq3KJqcmdUCpkYxFiu	Q1:文化局,;
2016-01-31 13:55:21	62a2981c805fce9d0798c70045c66595:8XSqfsMCK7PqMPGMWoQpA27KRDepj67k	Q1:警察局,;
2016-01-31 14:00:16	75f82543a1ff7c8ea84567860e83f04a:CqxyDK9wULbXS6KbPK8ENTgb2xhn6Pwy	Q1:法務局,;
2016-01-31 14:01:31	0fe20f03ed5b4e664d40af22721d2cb7:J9CS7Ny9c6RXxLW6mfffF0N373b5Tlsm	Q1:教育局,;
2016-01-31 14:02:07	66917d710ea8341e0753fdf61f183db6:5JRXCbfuTZiYlzzy13tuiF8ZxyqhaKLa	Q1:民政局,財政局,教育局,產業局,捷運公司,;
2016-01-31 14:04:02	1a709063be00ceb0d866a664235564c4:kxVCpVS8KUJif5Zw0ZkUtstci4OB44CO	Q1:法務局,;
2016-01-31 14:07:03	691d1f7c496498da55994d8c1b25d237:3zruhkA2sdC7dPpATJFEtq1X0hTtPkCF	Q1:兵役局,;
2016-01-31 14:08:58	bdf8dd28a439c0715f65e319f24d088a:7vLfjuOChkqDXVsKuvaWYXBkWIGdicUB	Q1:法務局,;
2016-01-31 14:11:44	22171e49d03f89677e93b04dd8680be2:QiAF21hgWxZJzEtDzD6A6uvkacZ4A8F9	Q1:兵役局,;
2016-01-31 14:13:13	f9c920c9c932239151900665ebc82b3b:5ZGFwwb59h65E831ChV4rbq2Fvtnk1EQ	Q1:法務局,;
2016-01-31 14:19:43	fcd24384ceda06d3be0cad9d904f04c5:PFwzs89Nu3skXfVSeWBGRfKRtWbITpiU	Q1:法務局,;
2016-01-31 14:24:39	d2f829d6cb9bb0441f79fbcd99274846:suMoU6bsko7kR14DFTDls6cD7ly45zt7	Q1:產業局,;
2016-01-31 14:25:36	240c4b285149481498968ac2cd653094:h0whgsLsNjziZenvFs33wqwRNko6BaXE	Q1:法務局,;
2016-01-31 14:26:33	92733730e8904ad38c31896f9a7b54ea:LqVjsEuoeWfNPeJlrYfSZSopsaXcxqQ9	Q1:秘書處,財政局,工務局,都發局,人事處,;
2016-01-31 14:26:48	6ba6100aebab496ea5a7cb22e429d684:pugRfAk9BSZiTOQ3ta3G8TJRn8vVpSyA	Q1:法務局,;
2016-01-31 14:28:02	52530c4281f546750f09330e24086155:wvZ5oQdkb2UdpFdhW0FHA2hNvVRxfam9	Q1:產業局,;
2016-01-31 14:28:11	e19ada29fa3364f6b3e9ceff3ccf62cc:Uq8bOPa28NhcvlywxZy786nkwyti6p4i	Q1:消防局,觀傳局,捷運局,公訓處,捷運公司,;
2016-01-31 14:28:36	0611db60ba03538d706413e97b17f636:Cs0YscWuxHmp60dWY5DDadFJwRvkYGzb	Q1:產業局,;
2016-01-31 14:29:24	c01ab074b4174a0ca1bc72b87b1061c5:1R7MAkCsOZgollNuM9AkhEhnUNQ84FVr	Q1:環保局,;
2016-01-31 14:34:32	a9e9c31c907fa352838b115fe0829aac:Vk2A5CDu4v1ugUMkg00OOWHMjFmzMNZ7	Q1:教育局,;
2016-01-31 14:37:38	c6e8a919d302d68c7b919bf84574075b:dBRpZxZnsLrOTjHm95I5bcyhhGwR39Qv	Q1:環保局,;
2016-01-31 14:37:43	1e8d2424644bb182b7422b0c89db841f:u01n17JBlG3j3rrz5gX2WpUTv4uP09a1	Q1:法務局,;
2016-01-31 14:37:53	3eaf3cbb8b226dd3ee68969087d9bfb8:84TqC8RA80WpntzzbyirgyaNeUTfryt6	Q1:捷運局,;
2016-01-31 14:39:10	ade1d3eb38c76a1baa2f73f600dc93d7:7X7caz7JyptG2W24GZcRCcv9GLTQ9R4d	Q1:法務局,;
2016-01-31 14:39:17	74b804a0377189d36da1abf8a3fef6e9:TEeSvclvnVR02lW1jOX8YBV2scNTyf0i	Q1:地政局,;
2016-01-31 14:43:24	e033a8b5740f62d9dc2d821ddf4d3d4d:bqBgefA11lP0Qs1VS8x2r2m8pGwSJnR0	Q1:地政局,;
2016-01-31 14:44:37	b081f111c0b3dec38dd3d1b494a18252:SMfi9Jyoq84QIuuUq9KUuNSFsBR7xWZu	Q1:法務局,捷運公司,;
2016-01-31 14:45:59	705bc1e14e70cef428bd77d98e2ec391:7Ikce8kz65ez957J1XQ9iufr2mFJjNTE	Q1:地政局,;
2016-01-31 14:49:20	4c06c970ba508e576b91815774fab6ab:36JRPWq1inO36LUCIKGFaZthdANPqiCD	Q1:原民會,;
2016-01-31 14:51:18	1dfeeaee764fb2435db2f35683d5fc9b:smTGwakzT2T1NlgKWRzHznK0wUkptGqb	Q1:勞動局,觀傳局,研考會,法務局,捷運公司,;
2016-01-31 14:53:55	39ff80c86ec6eff8f60569a30b7ac42e:WGMgjCDNIr06MlR4NwT5w5jzuL2Xnxe0	Q1:地政局,;
2016-01-31 14:57:55	5478fc39c41021f2d50460a38757e526:it3mIwt2px251OPrrOvsWCzQqvi7Qvw4	Q1:教育局,;
2016-01-31 15:05:03	6051ef2fbfdc0f82f4412dfbf54d4812:2a8PWj5wSvII1XWMSiO8pTZ8HCuJdeF4	Q1:產業局,;
2016-01-31 15:06:05	2307b99ff3b82b3bdeee59301ddf051e:vVtA9ueWuvveEjHdw7IWiu2Ygyx2L2z6	Q1:地政局,;
2016-01-31 15:07:46	1c71e9da07b4baaafe9a261cd0d4462f:54zoQnqc02T4HmNjW9mFh2mwF83P9l0v	Q1:體育局,捷運局,捷運公司,;
2016-01-31 15:07:59	342a35c0d9e0ccf3f98778d386d4f2c5:i1L71bdICJd0BLRWj39JRipQVRd01CxI	Q1:產業局,;
2016-01-31 15:09:16	a09e5053142056babfdd6e18a4a7eeec:A3q4PwggrqHwFs4Vg37Qs9255UWtsmDs	Q1:法務局,;
2016-01-31 15:09:20	55800210aefc6fe0060008a899ef41d2:pHjR95rMxeuT7LLZ82CFbnzfPQ0Oaj6b	Q1:地政局,;
2016-01-31 15:12:01	d361efe768841f2796c60cf67f4af69c:ckaYMsinObWZmofaMGqQ5qFJvj1GkHUC	Q1:原民會,;
2016-01-31 15:12:44	9367d60755539c1357f32b6c56425663:qv2gXL7YT4aYZ9wN1WxuMn0PXrmm7FYa	Q1:都發局,;
2016-01-31 15:15:01	8da17d8d5b8bff3a81152d6ba31066a0:JWPqjfyvjjYawfcDJehDDRUWTXoCZlsL	Q1:環保局,;
2016-01-31 15:15:24	94454a4131f9624f4519f736a0eb738b:buYPTWWcxGh0Ski98TAuf5W5Ua26Iis1	Q1:地政局,;
2016-01-31 15:15:46	7d8d0c8f2b5196b663b8abe676b2d6c7:Oj0M9OLPtSUZhCNb17BTzkI1pZ82c6Dr	Q1:法務局,;
2016-01-31 15:16:44	b4a168a50fa38c0b90d18ef4f33e1b7a:Dqf6dZE8M25WDjrkmzKZW866SAy7epjx	Q1:環保局,;
2016-01-31 15:17:09	65853fe6ce3405de4bc5c185292af967:JzuCxnt5CHKzBbuYdtIoyVcrSjQXeotH	Q1:教育局,;
2016-01-31 15:18:31	34e1802435d969e0aea3d073570920ec:5hYcT2dedy0qrJoBAsh9fEDEZvACb9yB	Q1:法務局,;
2016-01-31 15:19:06	11b4cf8d6f40d4a7e0a0e15f99d12dbb:51hrMveLOk7ZkQFFs9SqTOpv0NTK65Rn	Q1:環保局,;
2016-01-31 15:19:08	38a9abd64faa681284f6dcd24778583f:HEPYMHDgUAJFLph61I81ak7BjG7auf9B	Q1:原民會,;
2016-01-31 15:20:03	93037322a26981eca805083f8fac920a:H4TlhWQ295ZDZyItCBPlJL6LY1O7fcUZ	Q1:都委會,;
2016-01-31 15:20:18	28b51a2013bf36397a0004d5b867d040:M8EDRnm1lizxohbVnnKka8aweG5MY2uj	Q1:捷運局,;
2016-01-31 15:22:53	dbab6b067b47a57703b18d7de013c284:FKVlX9Kd2Mn9LBA6vSPaeKdWYwx2kFzZ	Q1:都委會,;
2016-01-31 15:23:58	c6938df6a8837bffa972204a7aab257b:k7vNA7uyXbY92DpV6R3n6CLBayXTbojL	Q1:原民會,;
2016-01-31 15:27:45	3d81afd9bdfae1f648a7d0b3b65e7a64:HmO8kzLE1MjGYiiDf8ryzdQILntxztDx	Q1:都發局,消防局,研考會,法務局,公訓處,;
2016-01-31 15:31:15	8d5ee5486bc9e0a809f510a1cf0a9701:FaWhceTtxh1cYZP1195oKOzRMo8sLQT1	Q1:環保局,;
2016-01-31 15:33:30	e3689fece536ea36f7b008df280a3e23:k3WHwlhaNd4zFuvoRWL0XCzN2PFTiLjb	Q1:衛生局,;
2016-01-31 15:34:51	db80cf4c0258f3fc515375fc36135281:Yx8CVIkZO1uba6DsXBrWhuxzJuV48PUI	Q1:原民會,;
2016-01-31 15:36:10	b6cc030b97b74c5eab025787a366e0b9:DVaGNQvjDyCMS16VOGEhibYqs9Rq4Epw	Q1:原民會,;
2016-01-31 15:36:37	3ad2e12589a9412990a7182421ed368e:DZ5hXoYSBNLYhs6pQQV6DF6k7uXPlyff	Q1:教育局,;
2016-01-31 15:37:14	ef1a86d78cc336f3303e64b2770f00dc:Cfln1NfT2nAHE6WQikxfTW9nSuOkkAf2	Q1:體育局,;
2016-01-31 15:37:52	c916496b5019f5796265a2eb65870df4:tKQSqZ3TvCNOOAoGdlyuxoNeRZDTLVV8	Q1:體育局,;
2016-01-31 15:38:31	8409599205f7505a98eb44ac8dc41298:sCQBN1J6RS3wNcuVpz1RYmpji3zr8KKf	Q1:原民會,;
2016-01-31 15:39:55	21a40a17927981e8b3bf6506cbedc236:oe9jagt0G712Ag5USQGGmNJ5r925j3sJ	Q1:原民會,;
2016-01-31 15:41:36	44da57755f02430ae46d1d73822dacc7:i9zTKbWS7re9QDuXOsMsB9Zr9jCXeRlj	Q1:捷運公司,;
2016-01-31 15:41:51	9d74c13a6f8c258478ff725090c60d2f:NI1n3hnxJ2xLfoCZzGGmKe0sj9wvpYVX	Q1:原民會,;
2016-01-31 15:43:21	f1b7151460a5d295892be6fc7d989f7f:eozMeAHIBusIwBjAiqQSE1FmnOpTibWE	Q1:原民會,;
2016-01-31 15:44:59	3148a735e9106d6a379e74bbc08a201f:L6p25zWen2VSJdeRHSkPDEehIzqRuZav	Q1:原民會,;
2016-01-31 15:46:52	653bd469ce639bd2eb4719f76e6a5205:jJn8BqXPd2MqwDsTdkHwj5byJBIj5vfq	Q1:原民會,;
2016-01-31 15:49:33	bcf7c5be6b70ed03d51e56b51c994dbc:bAmrV0c1xJFSLerFpSEkOxCpNHlyaZiV	Q1:原民會,;
2016-01-31 15:56:22	d881b671ef41169c1d03169ecb2e1444:5M3uoIMRyr6Y4VmiJU3gSLx6kzJL3yYa	Q1:民政局,財政局,教育局,交通局,文化局,;
2016-01-31 15:59:42	00d25d0593eee04823af93f3e4cf8194:1GI8dEu1daXtAA0eJx69ArWZ1m8fmh3o	Q1:教育局,;
2016-01-31 16:01:39	249d4180f25b9d7b6ad0b98c38270896:1PlbN1dqBxAXU9Wn99Ua7l4ArtlJZogY	Q1:環保局,;
2016-01-31 16:03:28	27943fb08ac1773792fcc9bde65f3730:8x87MrNNg4FatTDgoj2qOVA9tzyEpglC	Q1:產業局,;
2016-01-31 16:04:52	9aa43e6cd7617221889f845668005d70:gaofmKLWErz15ZNzHEePUK9ayEV0CuSr	Q1:體育局,;
2016-01-31 16:07:34	babc5e5f44eaf47737949dcd3953ae1a:rBBJOgjpTgNWBSWGh9Ce9iv5ibiNMpqu	Q1:兵役局,;
2016-01-31 16:09:30	5cd42a5fee3055f070c6f14af0bde668:uilFfbeaBHud3EO2emWGiHeRjbkEtRmu	Q1:兵役局,;
2016-01-31 16:11:00	37aa4c47b68640335a0ff777e9e13f68:rkCQ6MQqsm6lwkqIrrXzVmkkk4SK9x0O	Q1:捷運公司,;
2016-01-31 16:12:15	d662af405a2ca7f05f580662bc1a0275:SHFq77WjJ2YLJshVZRcm6S6nWqEuTAkJ	Q1:兵役局,;
2016-01-31 16:12:19	722e33413552ba6824c46fff6685ef9c:qTZeFZ654v5HyFSFatGYdA4efoFuzB59	Q1:原民會,;
2016-01-31 16:13:55	6fa1b65b6ad0b789734761c0497c21a4:4AsCQVQ2sDELZJ6UzrVzpw6dwt340eA4	Q1:原民會,;
2016-01-31 16:14:19	ff11f759c88df2adfc9a33dd1c00cf16:IyxFS7diQsrrZ8U27E1MCr5O1CbJwFIX	Q1:兵役局,;
2016-01-31 16:15:30	223dbd50bb2771018c192d5555f55bc3:2JpyIMDs65eevkF3aWBz3bsiMWElzXM3	Q1:原民會,;
2016-01-31 16:16:21	f5ac2e2992ad00ceac2ea495e550aa74:PcScydcT9ZYQ29BbOzNrFyt5vPPXYyWY	Q1:兵役局,;
2016-01-31 16:18:54	53d3c74ad22622f2a6126ab1c5d2e918:IAIfXfnOgDEkm7hQZ612puDB7RQy0bfb	Q1:財政局,社會局,地政局,法務局,;
2016-01-31 16:19:28	cf407638a8c55e45bf2a5da28784c2f4:kaTeFJV0gPRZrMo7w7UsOYk5Qe7qvURK	Q1:教育局,;
2016-01-31 16:19:42	4eaaef86199fecfaaf24aa4c32b0ea33:vDcfftO8A7iyy6yZo4Mh0iLkyMTg9Goi	Q1:兵役局,;
2016-01-31 16:21:24	d0568cabc85d9d13ae6292013fc1dda1:ZjFwjWZWySSJO4go0QyKRV3IjAxrNe3E	Q1:都委會,;
2016-01-31 16:21:28	6c77e1d056d63a4437df512d2217e217:8nZuJnKEtJnBkks3StcVNcKvMPoZMLd1	Q1:原民會,;
2016-01-31 16:21:49	97330211ecda9339be9614a8396fd59b:AZfyYZ8PBImgHpH3cEKHUJvD8ij2zHOR	Q1:原民會,;
2016-01-31 16:23:20	8848f0998cda7ee3023f7913db4fb375:XcRlFP8qQaY9Mhif2MnUnQG58WzdEHEr	Q1:原民會,;
2016-01-31 16:23:24	c33f00e126460323ecb444c004db2769:EvYUv7B3EyLcc5xYMDryeOgOyrrxGgYy	Q1:原民會,;
2016-01-31 16:25:29	002cade62bc467776c6f1957ef50d45e:DtOawr3iknTZaIXsbDoEZitGFQR95aeg	Q1:兵役局,;
2016-01-31 16:25:42	9e98571487bbb8d75c98cca815e95b9f:ym2PqxqRw00RZvquqls2gW3SJE88thyI	Q1:原民會,;
2016-01-31 16:25:54	6368a7085c445737b0b80ff55a97c300:jG4weM7R9oD5TWVIPb9GC1ClA5QhSIa8	Q1:產業局,環保局,都發局,地政局,原民會,;
2016-01-31 16:26:30	1e784fbece7759ce453d478593d6da30:jM2wyzM2vxNhDig2Z3IgQiOYuxP46dXY	Q1:兵役局,;
2016-01-31 16:27:49	9699530f7d1a9eeb9dab7c323bc862af:DF3QWisNbZtyEutkeucIssEEoACnykao	Q1:兵役局,;
2016-01-31 16:28:33	f5d482dd7517f5271ade2e9e87b7cbe7:Tmx33GGHmddcfWNErgckrET9XDlnysNK	Q1:原民會,;
2016-01-31 16:30:06	bbeeb0b2ea7947cb1abe7e460bcf6965:nOA3BG0Hoz8avo0cnbdiRXHiMwfphOUb	Q1:研考會,;
2016-01-31 16:30:42	a4cc86631b8856d7ca4b2d0b39280ca7:QqbMidHtS1zWoGYZQ3qJ7rB03Y4fjt46	Q1:原民會,;
2016-01-31 16:31:13	ed0bc922639178458cd5193afae64d20:th98q9d0axkqUseC46BiSjifzVlrdTNp	Q1:公訓處,;
2016-01-31 16:31:54	56d40b7a0d296323bbb35c6b8de939fa:s9QvldJx2BcpXBAjC1CjkpPtqtagvhcK	Q1:捷運公司,;
2016-01-31 16:33:49	e1d5577429e51e49377887e54124f49d:1QDR37GJ5YP03zHqgZzqZxa7aNMCgbsA	Q1:產業局,;
2016-01-31 16:35:23	c9bbc2312f1d6455e9fcfb32e29348d0:q1PgyHDL2rFLIPMyTAZMLIMtWI64M8gY	Q1:環保局,;
2016-01-31 16:39:17	bd4c48eb388253e654900ea89cfffe9f:FCrfDx3ho393jLqQUfvAY0nzyNPeJtvD	Q1:兵役局,;
2016-01-31 16:40:15	f37cb9a1963c3f182ab31c93e25665e4:rYUsUJR6WQuf8kdTdd1LakJzhVotOZlS	Q1:兵役局,;
2016-01-31 16:40:36	435e1c67b691bedd48a65fca31c5be35:IyFAfggmj6Tazgf0A1IJ471t25jOk1YJ	Q1:兵役局,;
2016-01-31 16:40:44	dac2763df0e62e6f205482c3dcea9c6a:miSaEqMofkC1NvIcUBovhube3iRvmXiG	Q1:研考會,;
2016-01-31 16:41:30	085c08779b77e09b3528cda1bc92bfcc:e6mhFixszmKwlX9ZgNJZzdSZ26RPfa2z	Q1:民政局,教育局,觀傳局,政風處,捷運公司,;
2016-01-31 16:42:04	027d3a17a8eb043a5f0a25557b1173bd:1V7YBccaEDXkIQtnNjjIyf8cVAzALUhE	Q1:兵役局,;
2016-01-31 16:42:13	23830b87bcd8752faefbe24c58593de1:XmonNfPU1zURP8pVFhYkdIcBJoDCQO8w	Q1:環保局,;
2016-01-31 16:44:07	02bc06d351c89347a65324ce1f261408:ysIAshPryYHfnDTJsacRJY7zIw8PleeY	Q1:法務局,;
2016-01-31 16:46:33	13a82b821ac2c107740198f857140991:5EQgipv05WufXrIFUEGFsHsEmC6cNOWZ	Q1:法務局,;
2016-01-31 16:48:22	7654811472aa9720ff73a7de81b554f8:XLPE6dKuWTu5AaR9fjtvaYp5qrNa34Q2	Q1:研考會,;
2016-01-31 16:51:18	e3b4b49282d02cddaa545b297c410ae3:lbZrAGvG7HmTBh4JlW5V5YEoXnV2jJru	Q1:法務局,;
2016-01-31 16:51:50	b5dcae26139fd3c9de484a0eb332ceb3:M9NwuALSpQk1YFp77Gyu3VeHzhzhurU5	Q1:產業局,法務局,;
2016-01-31 16:55:29	289227b1b173227a734b515d9130ea3c:IItxoYwWTMZqOavuoez6DnLnMWPSrfoR	Q1:環保局,主計處,;
2016-01-31 16:57:35	2db6298fbef4ec8084ea7734e1ed8c8e:USXp57fgGW1E2BhSRgSMBvNfdb44JIOP	Q1:環保局,主計處,;
2016-01-31 17:17:21	92d88d058b3d9afb72a10036900405d6:h83FShIsO8Tf36qnHUCJsBmWqfELopO4	Q1:捷運公司,;
2016-01-31 17:35:26	753d77661071d6f532441c29a2e0e2fd:jxyyDWugECFVFiGqREKYlQY1ypnQ5k6y	Q1:環保局,;
2016-01-31 17:36:49	e532cdd54c04ba313212a43264aef65e:LGORZtVYn7CpGfeuwUReIz8kOHgDqDWE	Q1:環保局,;
2016-01-31 17:38:18	59df3a7b46351f0bb3047de25386030f:9DAYw6UddL9gB2gachnjCIO0goxY26AG	Q1:環保局,;
2016-01-31 17:41:20	c02edf6b52cc73edb489a8e8a7737eb8:5oFdBBu376bUeY7jdRPtt0eTRLycj06Z	Q1:產業局,研考會,;
2016-01-31 17:42:24	7657df767fd7bbc02314069e8660f82f:sgvFQpJO6jE4iBb2itQYcXkR4K9RPlS3	Q1:財政局,衛生局,環保局,都發局,資訊局,;
2016-01-31 17:43:30	a14640db045bcaac322e197adf7d5ad7:adhtcoSQIBOOCvET5d32DGy1C0wbiVSY	Q1:研考會,;
2016-01-31 17:44:47	4a3e7e033eb7843010e25b5ad22233fe:TlXnhyPp6pNAdwAdsgxGxQWEFhqRx7im	Q1:體育局,;
2016-01-31 17:50:28	673daa11cad87edd539356ee1be8b2d9:yRVYllVFnh3dC4jDR0FbxudY1Al1Zs8R	Q1:原民會,;
2016-01-31 17:51:08	b50684156f460ec02c3a42150bf42b80:8Pi4T40oepnWIKG2YmEDmdmrt7jk2wcl	Q1:民政局,交通局,社會局,都發局,觀傳局,;
2016-01-31 17:51:37	892f30c2617e0321affc98ac4a56b3de:gGp6iR8VR4uFubZ0IABzgmNi0fxcTGds	Q1:原民會,;
2016-01-31 17:53:58	d0b6c03adfcf09eb63124ec605b4a9aa:X0JgQV5P6AJ5zJn5R0RXxoElOO0vbvpc	Q1:原民會,;
2016-01-31 17:56:00	8684038cc420ef5a1c9913d8e077d47a:ERREyEjVVlmPpfeee9osQzRmpMVwLccC	Q1:原民會,;
2016-01-31 17:58:46	fc2aaefdf7b442b542b4a1ffebc04161:1zH0Hd3hefW3zSX7Yw8FQnAMqcnz96FF	Q1:原民會,;
2016-01-31 18:02:18	6008f9e72e87640253c01d202bd3954e:ZvI4IWSmmBtSuPxbooORgraTprn9tw6r	Q1:兵役局,;
2016-01-31 18:03:03	43c14c76a37741b8b055677e2f44adba:I9FeJpcbXK9GxGnent2hoJ8Vc8vZN785	Q1:原民會,;
2016-01-31 18:04:22	ec4b9c36e0bd2374dafff28f32193329:Mn21Wl0De8UaYfuVeNOAx1kBuiS9Rw20	Q1:原民會,;
2016-01-31 18:05:57	3a3cf3fca231fae6b29e1f3f6ff17df9:azkOLpP60w8SCHoxFdxMCvCkGfkPosJ1	Q1:原民會,;
2016-01-31 18:07:39	aba90129eb7fb36068fb5dc73f82aa60:TkBVQG4YwIHSmQQYTFaOIC3F1KG63xe4	Q1:法務局,;
2016-01-31 18:08:01	a525494c5b7b5e5cb7d6397c472e2e02:3EjCgUnBeUGruZ2qmqCASdChoRk2T1fJ	Q1:原民會,;
2016-01-31 18:08:34	b095210461fead525798172792b803ea:91DbwkU0kXkm0w8swl2HhgyscqoFQzY0	Q1:研考會,;
2016-01-31 18:09:02	60e82f666726c1b3f471eddc5d1dc7b0:gEaBxE4xxsGoGAEOmSqWTnC3kJcWRMKp	Q1:警察局,;
2016-01-31 18:09:48	8191df2b710c4e2dcaced9ee31ce1a83:4qMZak9x6I1M3TT9J0u8c6CWOWiy9v41	Q1:研考會,;
2016-01-31 18:11:41	dc4d693ba64b4db85e1d0cc8d74779b0:A9uPgUhN1EooP4wlQh4OiqFLt1NQdHHF	Q1:原民會,;
2016-01-31 18:13:08	d65829c961d061bfee6d85e70b625724:DglGehl7cMSE9CmnrgiaAQ5bQkkv3F25	Q1:原民會,;
2016-01-31 18:13:32	4dcca6937dec3f9425ba329b651231d8:MdKcsxrW1JNfS1yr4mNdSqYpruoHsJtL	Q1:兵役局,;
2016-01-31 18:14:55	f9c29892b63e5996e083b6913340e378:nlHRWf0Em25J4PkH8z1GqJVoPMYa4kJ1	Q1:原民會,;
2016-01-31 18:16:40	f36582e09fd0c00d7f3326fb873b3359:R4F8bCvhU8poYLSRlnrWBkI5bmOx31aG	Q1:原民會,;
2016-01-31 18:18:52	387e41a03dd7874938924399ed9f3343:6qhQdGGwnBW3VSQWueNPQYNc3cICd2Fx	Q1:原民會,;
2016-01-31 18:22:46	6284809b24dd8866ae0430c819535618:fkXEHrdYraBh3MIb8dTCQm0AiMstNdyz	Q1:原民會,;
2016-01-31 18:24:17	8015b739a9b83e4b77b3908aa09dbe41:nHAmK4sOW0vOOzw8kS77N05tGw7259bz	Q1:財政局,工務局,資訊局,;
2016-01-31 18:26:57	e9951a820e3f0654a0c2c0b01234640c:UiwNSJBBuXScm7nFGMKH7fYr6fza5jKA	Q1:環保局,;
2016-01-31 18:27:03	9f3a5f910e009b55d586bf18694e9b2a:aFEwzX6BroXNIAG3IHGXQunJMEMMK0sN	Q1:民政局,財政局,交通局,政風處,翡管局,;
2016-01-31 18:28:09	63e1015c02032bd8d45d42b8189d4ed2:IPhSgA5xC0ditt9iQcJG6RV6tbTX82aa	Q1:環保局,;
2016-01-31 18:29:08	f2e24e1ba4c1fa931b0f418628d9f846:c3G5yrSXBYOFOL5INt2Gux9NxWqT9TkB	Q1:環保局,;
2016-01-31 18:33:45	53269dd41f278384a5cfaf1b3a349cad:rOMbhLtANgqCEaDbH4HCT1HdailhQj4z	Q1:觀傳局,;
2016-01-31 18:47:24	3351671fe25f6e45122dd54829f9c608:1076ItF7rsxCfMmVyFzxlTGtTz4N4CJo	Q1:公訓處,;
2016-01-31 18:47:57	f080105fda7caa183d25298d888ac4fb:K8Nn7ZYBFGzoYKvZ74aIt0zhR1159B60	Q1:民政局,財政局,文化局,觀傳局,捷運公司,;
2016-01-31 18:48:01	afabec4c5d17fc050aca96b7fdebc610:ms7zd3Ta1Ds8151toe6s5BSz6LBDFH7Q	Q1:公訓處,;
2016-01-31 18:48:06	dac3af9a792042258c9a83529167dbc0:zozH3NMXTfzccNDvku8dArF2ADPtnfwB	Q1:原民會,;
2016-01-31 18:48:44	13713c321062ac4bda1e2685b8c62c39:ws2Ja9spZOoJ01cdOqCFbmq11WaY6dZH	Q1:公訓處,;
2016-01-31 18:49:13	d8bb9fcd5149f953f4b1a4a8d6debc26:SpYYM5DKT8lkJ5iR6piqLb1WaJT0f5ND	Q1:原民會,;
2016-01-31 18:49:15	94d671b996f10222d9739403a224a831:Q6GkfHk6Cduv864vkZTuUYgfgY6E7gjK	Q1:公訓處,;
2016-01-31 18:49:45	1199a03b15ee9649f259ff0cd8bcae63:4wdof01z5wh6AOrrXMuyvMQmcCcRnDvo	Q1:公訓處,;
2016-01-31 18:50:15	011b31076db136c7d94a784c51e7a7a6:V38r3M4Jdil1q09yZ58VPb6xhgGTq8Vl	Q1:公訓處,;
2016-01-31 18:50:18	b68aa03bc08584763a28524efcf4ea11:gU2XC7pHfXGB6A2w6E9Sq8gztFFffvIR	Q1:原民會,;
2016-01-31 18:50:49	93cb43be9fdae64e6f4b0408e1ff6ddf:nzcUMP808Uov0mXAZKfa59TYYfBGY4Qy	Q1:公訓處,;
2016-01-31 18:51:27	470c01c71d6b44ae84d00fcc91f0183b:ojOQQjNMv2sj8tWeg67ZzNcA2PRJH0CG	Q1:公訓處,;
2016-01-31 18:51:37	7474e0d0626d7ac8e91c7ffe61eae5a0:sz2qrIKXsNl21v8swRaHYRoLSTQxOcCa	Q1:原民會,;
2016-01-31 18:51:58	c6e2acc81ee72aee6f19b03245cd4917:cl7FJhA1cnH1dnqnuCwV3gUcafMkO3ZO	Q1:公訓處,;
2016-01-31 18:52:33	e00fdf447bb57b274f6e524d929b68e0:oSDACUIcvt9PP1oYevEHSuV9YQsdn0cB	Q1:交通局,捷運公司,;
2016-01-31 18:52:42	eb80fa1e039d525948422b7e894265d3:LNX9hwnr1cj3R2CGLix0sqG4aHLxfRra	Q1:原民會,;
2016-01-31 18:53:26	b65c6f9018013d8d43c53fe5f5f62658:1hJqKEuiFnH213V5B5cmaMvfo73DoR8J	Q1:公訓處,;
2016-01-31 18:53:52	e7d70fb1398041ae07df9067e1d04aac:68qm9HlyxViitorYwINV3HYAIgUS5Gmz	Q1:教育局,;
2016-01-31 18:53:57	4f8bcb57423de239b232dcc0883888f9:2jYex5JAXwv32jmE13VvDrdfBI3q8HLb	Q1:公訓處,;
2016-01-31 18:54:40	a56352fc8bcd9f86e9029bbeb5b5e281:UisnrmNx8O1DzTF4dhOvzzQ3gyKqo6xf	Q1:公訓處,;
2016-01-31 18:55:26	066a5e6ff0f428e967beab38b4ce5690:bGH3jcpujTYEyRZZtvZfICqgMACXsvVA	Q1:公訓處,;
2016-01-31 18:55:51	893cd4f95ebcca35513499a2e58a4c60:bUvVzvps2oZqgO0LK7Nea3ZBLXww1bHq	Q1:教育局,;
2016-01-31 18:56:37	ceb77f7b97d396b4712a6380d5bbf18b:9mElx6HRt9YHhoJkL7ieYo0kkpVoho2K	Q1:都委會,;
2016-01-31 18:57:34	11659ff34243d083adf08cda618964d3:mIZlpMaPR6wnCiwTh9iDtdP6LricHi3I	Q1:教育局,;
2016-01-31 18:58:50	ec578a0b4bbf627217617a6f6ff087aa:BO4azqILki40UeTCoGb4CDRGNcYLROYz	Q1:教育局,;
2016-01-31 19:00:07	23cef3e5880a001faf48018bec3ab65f:Ihg85PZAPPpTa8TM2myxBj5rcGyYlBPr	Q1:教育局,;
2016-01-31 19:01:33	64aeed5da3099018f31819bf3ffd6f70:q14INlMTX4Tbhq9NGbGhN5mMNz9pkIg6	Q1:教育局,;
2016-01-31 19:04:13	3dd5eee07f4b260f89bbcc5e50911483:4LMW3waPRRHHVGkD0vFABDEx5t9awoxF	Q1:教育局,;
2016-01-31 19:05:00	164cba1e16e1147c76e6e435533223ad:VFzQfVtXBDJ1HG17Ux9xJKVujHsuBMy8	Q1:文化局,;
2016-01-31 19:05:25	67ea5053707a554253cc401d01bb3238:SYYvYH0oQSYhQlfdbxsjIVZ6gPUCkCMw	Q1:原民會,;
2016-01-31 19:09:53	a3c2845374bac93d57d598eec173c016:VEToBVMVlyS4c03lE3kVgko8bktZTEWs	Q1:環保局,都發局,消防局,;
2016-01-31 19:12:13	0f55a4362d02cbc804dca404934fed31:nZ5U4HQqbUayTHe10tXKXFHUcD1606Gd	Q1:民政局,;
2016-01-31 19:13:05	5d26244ca6c6fb24a323c0f4306358ab:fmy3yabheWc8lx8h0XmSSepqvGJymuGI	Q1:勞動局,;
2016-01-31 19:13:18	0aae06dc6b70a2d46b20c62f1d94cacb:rD3icdHRdCcgcXl8iKa8F3jdovCDX0UN	Q1:民政局,;
2016-01-31 19:22:07	bae0def0609955725a246e7c129b371a:zRbLEnBCigqB1jAj3HOg9rqfu8jDmvgW	Q1:捷運公司,;
2016-01-31 19:25:12	222a9a4c71bbce90a1f947ae9d963ef6:JBufnEyigDGBgjJeVl0neQ4xN5TxgBdH	Q1:資訊局,;
2016-01-31 19:28:09	d7e47eba99da776c811ec96fc8da0026:kKE3zQmtl1MIlWUuVHut0ab3Kye8ttSB	Q1:捷運公司,;
2016-01-31 19:30:09	ae9d51c11183eda6f82568d263c0ac62:cnLGrXJeCgrNMC0JUhjnPx1hxBTucqgl	Q1:警察局,;
2016-01-31 19:31:26	ccb6b9b4330cc0c741bbc1c2c77f2369:cNf5muAEXsGz5wPkV2wuK2x5bPtYeoT5	Q1:捷運公司,;
2016-01-31 19:34:07	76c54d856c2d0706e7489edda7bf8076:HMNsNoBLteCiG95Bc0GjpOCW6lulTMuC	Q1:捷運公司,;
2016-01-31 19:37:43	d2a3f1152e2f5b95380b81f112bd5083:H38TvhbYwWt478sLbWF34WJ1sS1ISx4p	Q1:文化局,;
2016-01-31 19:40:58	4f1004c375ebf2d3a5fbe72cb6f406d6:ojEpag8bsvv4qsP0sWSbttkhBHQMWMQk	Q1:捷運公司,;
2016-01-31 19:43:32	4b2c27b8060685de146f56f8410b07e9:vY5Lm9u2KJjgfGxxdL7w1lYbthe5jyHb	Q1:捷運公司,;
2016-01-31 19:44:28	bb10a3b43081e4ad0b676e5b5c4bbb3d:I4yD8yKa562LfFhH1BPBQjf1KZJqQBad	Q1:文化局,;
2016-01-31 19:45:13	09e622bb17542f2210e0fc661a11c4e5:sgrf8VjUUXaaaJf6OXaABoYQ67yByfc1	Q1:捷運公司,;
2016-01-31 19:46:00	440c0825932e1fa07d9271dd09a7e420:ZfHMGtB2OmB5E7C63kXAiIC4Lx9eTUcb	Q1:警察局,環保局,研考會,;
2016-01-31 19:46:04	dc0399745ff3882743bb9b35dca769fc:sSyfrzjS0VROEx96KjLGmvBr69YFOV2g	Q1:文化局,;
2016-01-31 19:46:05	cc6a2f5cb6bdb848cb693a591ba7f0d5:CW5wbncB9qo7bRzLBSzeImesCfgCMnkU	Q1:人事處,;
2016-01-31 19:47:14	1aa7fc886af8bd166ae767d395cb2f39:LZSQ3cCHKyKNIslPLwtDtZymTYVq8W2f	Q1:環保局,;
2016-01-31 19:47:28	ff1d70d08f0473a022ab256a60518fdb:bQbOCEsdv32j4yJSDNLfKBKWrzM3nxqV	Q1:文化局,;
2016-01-31 19:50:11	6d32e5ed061e8f58a763fa4687835bf2:RpXbdWXC79QyAmo745xEQDRXMxHOQHtb	Q1:捷運公司,;
2016-01-31 19:51:24	047506baad4eaa9300268213f8e7a62a:6r7SMLTbJ6hkfUq6YJrgk86tY9eHzzMO	Q1:人事處,;
2016-01-31 19:52:10	c4c97fbf5cce7b359784a2d879dd026d:BpaJiqNnTsIFuItGGG1M4idzT50uJPs2	Q1:觀傳局,;
2016-01-31 19:52:54	d415133357433643092401736137acd4:PsDuhonMlIXb1xj2ksV97cPvCnrBLgnk	Q1:文化局,;
2016-01-31 19:53:37	cd4d0fdae0e9117cb773b67ac933ee58:oELeGFQaa3FdepAVuar3V3y5tdgvBdTt	Q1:產業局,;
2016-01-31 19:54:12	dc20eacb0b6c8991c9c1cf27082e0ee9:oMLGS5i3h3XmY02SnrJrQ6Miyih938qq	Q1:捷運公司,;
2016-01-31 19:55:23	77ff54cf602f31ae96dec1cec04e945f:jHKXkeRLFQkyyTzGFVdLs9ElUYLdniwJ	Q1:教育局,客委會,;
2016-01-31 19:58:25	e4898d56c4f45f030c26ca5dc29e8631:PWSFlVDHtd27uCCnfHDuhPbuEHx4bdqA	Q1:交通局,勞動局,都發局,觀傳局,;
2016-01-31 20:01:01	75d2dd7169eb982f16299b94e2965573:U9FsD5QR2YLwkB6at77GuA6xrlVQxpOH	Q1:法務局,;
2016-01-31 20:02:14	c75f1d899279045fa066c27ce07f2516:dj2ca6p1WIIzRuX0GeAn948rVlcv7C9n	Q1:法務局,;
2016-01-31 20:04:12	692ceef44949ff90bbcbe76719344679:rYVWzPJxzy6QfSjm7WqX5MzEJVyKORZW	Q1:法務局,;
2016-01-31 20:04:22	4b58f41d52833cccc44420bd743c63b0:Cwe5oc9dIcJOdB66hxV2w0GCKGT6iOFk	Q1:觀傳局,;
2016-01-31 20:09:34	89c109cf3a42c4f3fc1ef7fe5b3992ab:LOAg3USQcyPFGPOr1HiYl8YOWmpkTnRj	Q1:捷運局,北水處,捷運公司,;
2016-01-31 20:11:55	b3fd7af017d7649aae93a4536eaf9438:kU0q9YYlUK84mxCRaqpvCYxS2EHCFIGs	Q1:財政局,社會局,勞動局,人事處,北水處,;
2016-01-31 20:15:26	7a66dee7ca646bd2fbe6196dd9bfef3f:8Z49lH3H4XRrHFsOypLq26GGzSZ3XWst	Q1:環保局,;
2016-01-31 20:20:03	5c1e731c24d907dde4952196b1178e37:kPSDzYaxKTsVpVuWmdnGYRSYCI3zwUe9	Q1:警察局,;
2016-01-31 20:24:30	5dd37795f9757496f556d4391f56d7b5:VMBlYoxZFlzbrMOBBIj6piqCe03oSiTg	Q1:社會局,都發局,地政局,都委會,捷運公司,;
2016-01-31 20:26:27	413ca6dd0e9e08378ada5f56dd684710:qXLTloV3KabIu8xg1AztT8fnMPJJJJLS	Q1:兵役局,政風處,北水處,;
2016-01-31 20:27:23	64aeae59e5a1d36a57678dc1247509af:rsd0pdrLGR4crtyRCFjKQcGkJ44wADiw	Q1:主計處,;
2016-01-31 20:28:56	18a28df4294c8e350387f9408981cdbd:IsDG2JgWVwSRhhfSaqVldgTw1iqx39xy	Q1:兵役局,政風處,北水處,;
2016-01-31 20:30:25	249be2499dcaec3e4e4c63bf4deb36a1:kAVG38yqaez95mntCIgbnjeLInCVM7ik	Q1:環保局,;
2016-01-31 20:31:33	cabfbca239a4b5314b2f072a016f3f86:66SxvgTU58KDmQAMgWcyorGxcRssQGbf	Q1:公訓處,;
2016-01-31 20:32:16	4ed81ef03978343ccaeb4100f74c1bf2:G1N5wyVbI2kxsrqrsRCHz0jnfxncCi2U	Q1:環保局,;
2016-01-31 20:34:14	edef3a5e302fdcbac6239b64062006ac:Of9H03j6PN7s3pz798pl4aGUlFCPgNdO	Q1:兵役局,政風處,北水處,;
2016-01-31 20:41:29	f942e5e0378661eacc19764ca451b436:wrEjAbUb00TFADYTWaBXg4W7EXkFtqWE	Q1:衛生局,;
2016-01-31 20:41:38	6fbf2aa49739bc7f68076dede9d56af5:02ftNllcCho93KwF6oxn9nxcHDnaNYN4	Q1:公訓處,;
2016-01-31 20:44:08	0f64b6ff243de4f65c7041054a8d2451:ca7XIacDNxAnEt60aqez78wVXX5KhCAi	Q1:地政局,;
2016-01-31 20:46:40	d42d8156c475a904b5279042565dc7d3:gLaWIfbtfI6oNp5G837lyX7EI2O51azO	Q1:都委會,;
2016-01-31 20:50:46	142744942fb641d6a925d2ccbcf6275f:CEoBbuYZBdJluk7wijVP0nIGVEFLxexw	Q1:交通局,社會局,警察局,環保局,;
2016-01-31 20:53:49	a46b638396af46a0a8132f5d9a0cf6f7:i8iCkk3oXQCNdTrn0vmvb5FNkMiwSRmE	Q1:勞動局,消防局,政風處,翡管局,北水處,;
2016-01-31 20:54:14	1fd6ad7e5b86a11df162a05296fe223e:6ZfepWAlY53adZW1s2fwM5LUfa8DXgj9	Q1:法務局,;
2016-01-31 20:57:14	ff1e09673a62f1c46fb77d6a65b6ddb1:54LVVjjNyDSLkNbbABqsDBp7772T9mbK	Q1:法務局,;
2016-01-31 20:58:37	d0286a15212549bab98cbc3cecc8d194:2RryfmGnPkotBxtAOYfnoVZgMfXUYNbK	Q1:社會局,觀傳局,捷運公司,;
2016-01-31 21:03:09	dc3b32a7c0404cd5a4458ead7a0f4e39:QSiVDa0TWyPb7HKV3Z47UpXWc6i9IGAg	Q1:法務局,;
2016-01-31 21:04:27	67869afaec7fe742574a3363f7ba282c:wsNenEGkHZpwzVbt29uepYwwCnbgSEog	Q1:社會局,勞動局,環保局,法務局,客委會,;
2016-01-31 21:04:33	184373e3fe80e56e46eaa59929493095:8gCymXNUkOyISgBrF4WNVdcDLYB4gz3k	Q1:捷運公司,;
2016-01-31 21:05:25	ee0c8a88b22008ba97173933a9507a8d:knugDUuzTZe3jzGsTgRMYJI10UUA6Vl4	Q1:法務局,;
2016-01-31 21:05:53	815979f0452c02eee6b14810fdd8b43e:u4yBegWZgksconqyinH8cGMokdWE3O4Y	Q1:衛生局,消防局,法務局,原民會,;
2016-01-31 21:06:39	ccb68186ab621365f4674bd6ac145d52:hXHlzZ8jg0hL2EMZ3qs3RWmZOlEWDsgb	Q1:研考會,;
2016-01-31 21:06:49	9b09d290ce3f100d5927e6eb15590669:TfQLaa2rZRV68cfRU7Rw7ZvcCTBiAPmA	Q1:法務局,;
2016-01-31 21:07:35	657dc104a4589e9a56ec22876d7e37b7:wPqwyrVo8kkoNagrRFl54AkrPiMh5iQL	Q1:教育局,社會局,警察局,衛生局,環保局,;
2016-01-31 21:10:45	b06c5143af8995d7d8e2297d83b4c7a9:AB9cfkGSW68Hd59aDtGv4x1HbdL5HKRP	Q1:環保局,;
2016-01-31 21:12:18	432df4f926c91b34bf2e36a046adee5d:yNyR46G7k0yuDRmzsGSb92nN2BzFA1DP	Q1:環保局,;
2016-01-31 21:12:42	978147f780389415b9d9e1bac3653424:54Udg0uOG87UHfD48HPgLUmnpYFbHTEL	Q1:環保局,;
2016-01-31 21:13:40	8e23386fe70153d6cacf5e1f684da15a:lEzEAfdbW6rCYWbN8LSBxzvXUgQ5cnl9	Q1:交通局,社會局,警察局,都發局,主計處,;
2016-01-31 21:14:07	87a517ad20f9db030ca66ff5f9b4e11b:bp8vhkiOczzPeNUHNEpnKmXBmCexcHBC	Q1:消防局,法務局,原民會,客委會,北水處,;
2016-01-31 21:14:22	b852bc3797d5db53010fe947f646ac4b:BwuC1zlZR4GzdozNZGSwG4nhDbi3dvMX	Q1:環保局,;
2016-01-31 21:15:09	cb7cbe65e17dc5b995eb3c7bd417c8b9:8s1791wIkznb6JUn5Lh4Vc6Gf0Q9cfYD	Q1:體育局,捷運局,捷運公司,;
2016-01-31 21:15:19	df4647e7a2b2324a31def7b1e1868d4f:SL0cQcjxJmrl8O7G06BKk9UHDfsQXaJ2	Q1:法務局,;
2016-01-31 21:15:37	4bb678955c46d0926af686c7e0360295:oWWGz8t5x1Q1NJZiuwq7Fga5ndSup1bz	Q1:環保局,;
2016-01-31 21:16:02	c475a3486b9c18b69f89f4bbd3ec39eb:VFbRsCx1NOGZfFNuUTvUJuty84Al30bG	Q1:法務局,;
2016-01-31 21:16:33	b74299bc3613339b23d204341da375a0:FOfxtpfzEXvidWLZvZ3BguQuswmeUX17	Q1:法務局,;
2016-01-31 21:16:46	9da83eb2e7b6567bbf223604c80220ca:IJ495q9o18hpccgdWSsGcMq01Vxt6c2Q	Q1:環保局,;
2016-01-31 21:17:44	623726168bebb667b5a9dcacc2da5bc9:u1mCa44etwsKhqRStMZ3RlKMmC8LX21g	Q1:法務局,;
2016-01-31 21:17:56	7e008fcefd123ea6b4f79c5e611725aa:Japm6dkxg4dOjD24rQtSIXogG5SmndSy	Q1:法務局,;
2016-01-31 21:18:15	4fe7c963904f56ba0ecf1509da85953b:iNcRm4aviIfMtcbVIgPfAFY5VOrkMWGR	Q1:產業局,;
2016-01-31 21:18:44	61310424516255c716baee2b1b41163f:yVcLKoWjVwDWzDVDF4XuxWA0jcz28DzO	Q1:環保局,;
2016-01-31 21:18:44	18a955f0464c7271a9c35f1a620c4f9c:eZ024a0Y81xJ7cz1303kZ0coGwaDcMff	Q1:法務局,;
2016-01-31 21:21:01	d9bfffaccd797c61f7e75c6e9fb927d6:fQnMNt6Q70iaL0dWOycluygYJPCR0q8S	Q1:環保局,;
2016-01-31 21:21:11	6a79a015f78420e84cd88d351fcfac1e:Lo8zSocTk186zuBnqLwTZP6FQ7N9vMfU	Q1:法務局,;
2016-01-31 21:21:26	62f9bcf022dae5d1a35a77343a9d4cae:u9fkMa4tvKTvNHi7xK3OWE16UeeycmvP	Q1:法務局,;
2016-01-31 21:21:50	96e4e99bf209454aeb9283a8f231b47c:q35elE6414eXMIbe5yPL8VKW0Jen0vlF	Q1:研考會,;
2016-01-31 21:22:13	85915d0b91831fc2db9b879b1513555b:PxEeifN3mD8DDTE8XyPGKp1VktdTvGGA	Q1:消防局,;
2016-01-31 21:22:30	dfea3e57693d375ad332d1d759af90a1:qfKH3U3PZsZbarVDZPdNt2Yaw5mc5bbZ	Q1:環保局,;
2016-01-31 21:23:10	cb8fe555dc7598ca6fd97353c1030a5f:bRbimDJsmZOwQpGax814DEUi2lqhAzGC	Q1:法務局,;
2016-01-31 21:23:18	5c5be1d14b499cc2ec18c12665977025:NF1A8GTBXRS3XfnFenvaheFFB21sUMnd	Q1:勞動局,;
2016-01-31 21:23:58	173133644fb2ee99472d157c05b3060d:YSQ05g9jdDzc88nDSm20tdFUnNTUeq0W	Q1:原民會,;
2016-01-31 21:24:06	1334ee7b4e41a4220a7a8b0bbc64a37e:mm57Dw6Kcnvfjk4DG9rMfM1rpWdbZ7qd	Q1:環保局,;
2016-01-31 21:24:13	411734e80fcd315e55b111ce47c502f8:HCo6KfUop4VvEsi4qpUYPnhsf9AJbeAA	Q1:法務局,;
2016-01-31 21:24:36	a7b939dffe4bb2636fffc21783b43c6c:sgYwqLhcQKxrVywdDEI00oNtGLhOSFiW	Q1:法務局,;
2016-01-31 21:26:24	168ca0f05b65a94856c65ff90610cadb:vgt4mYbdGLvtddz6lVTT7npWfmNHZ4mG	Q1:研考會,;
2016-01-31 21:27:27	2b036716fb96befa5e639ca3700cab7a:Bhnkt0Vfjk7AC7OR0NMLdtvKSn0G39fE	Q1:法務局,;
2016-01-31 21:27:29	08c9a8a3a06873ea5b7a8c3d3ff37cc1:ILYBtgyC1Y7mX875jYRGmbddDxplzbK4	Q1:法務局,體育局,;
2016-01-31 21:28:07	65aeaf954e1eb91520089257a95b7f2e:fS6Sjmw1xVbfj59kDBOEweJ3EKmwABNq	Q1:研考會,;
2016-01-31 21:28:59	ade46c2f028fd889e44b4b9c46a167f4:OEYKOy16Xv2iBDyTiLs55bzEStvTpTgz	Q1:環保局,;
2016-01-31 21:30:33	56f0613bff2f47dead567ab64046404b:ARsPIgxrDYHvpyBVPdbSqforP7dCGkxV	Q1:法務局,;
2016-01-31 21:30:45	12ef1616c7413b734a8ce7691b9bf6b5:4dvYuN70phWW1s89I9hDJkWDcnryyuLV	Q1:法務局,;
2016-01-31 21:31:50	28ba4462d1e972bb85c3bcd16f54e810:FBWeve8tk4iQCyg9gTRjsRcrrj64rqOi	Q1:環保局,;
2016-01-31 21:32:03	96aef7b7a62d666c3d9ccca966d43647:rHhUugkWUd9uMQNCrH5Z0eE4juHDJxen	Q1:地政局,公訓處,;
2016-01-31 21:33:29	40fe2d2e9394a08d7a775e2fd6013726:B7EGXMVz8byRfDGzEAC1uzoGhHKAQpAc	Q1:環保局,;
2016-01-31 21:33:57	0dcddfe764279b1952eb3c9ba308d0c4:iTWDU9MLpbOOTc5Vooe9cwh21ohQFxtA	Q1:文化局,政風處,捷運局,北水處,捷運公司,;
2016-01-31 21:34:22	2047038cdf872698b9580ad6a5881262:fr31onAusijs9isoUPoYgV2Dgr7ilw3L	Q1:交通局,社會局,勞動局,地政局,捷運公司,;
2016-01-31 21:34:24	f12577a8c78cb15b859319efe8bffddb:koNCQXbDN7TlS9Iuatww677pwAUdaA27	Q1:消防局,人事處,都委會,;
2016-01-31 21:35:00	654104d3ef8b175c92d2a155086cac35:t0gj13MfTwS9TkoQpel5VYmM5KmEux52	Q1:研考會,;
2016-01-31 21:35:02	824e0eb1aeec4ce7e4c257e07d22334a:Jvv5nTbq1nz4WsnnUlT176H6KK9geiTP	Q1:人事處,;
2016-01-31 21:35:02	f7d16e0e3b10df2c9954fbaeff37f7d7:KNEFZwsdwUIjEl38INfmORYIPW0kkDTn	Q1:法務局,;
2016-01-31 21:35:03	d54e2c0d34578c18110d6b1b1689215c:DTtPTtwjnl9A0OxUZVMjWQrkdGP2I0xv	Q1:法務局,;
2016-01-31 21:35:21	5ea7c7a97c6ed8ec7ca07555d3bf64c3:JAVa3bZdVKigJPEZA7Fpww27C8U0rZov	Q1:教育局,;
2016-01-31 21:36:03	3f1d415197956b8635fdc656a51d1e31:lqJwxKvAzElowTV3svH35J6MTNBUSS0P	Q1:環保局,;
2016-01-31 21:36:54	aa1bfee56ca2236e6add6a4ffc949a9b:6CqX17eosNijoF9Boo9ljL8OWEDnuaKw	Q1:法務局,捷運公司,;
2016-01-31 21:37:18	c2f747bf2f3e27a3097952e6382970b7:WcbpBOk0rIVZcbOHEJq459Hi3FraLegc	Q1:人事處,;
2016-01-31 21:38:13	862ccaf4e3a28671b94a63d83564b7a2:pnGaeCGclDujzqi4ny20jb1pMTrNnF5n	Q1:法務局,;
2016-01-31 21:38:28	32ceba2d52203367c9c6e23ac8add84f:IVud3pqOKUtup5JOoACPiMAIIMQgi7gK	Q1:環保局,;
2016-01-31 21:39:27	0035e2327a88dfa98b6dcf51d83e7d63:w9INL1Zj9x5ZPTH6qHDnsBz7QU2e5koW	Q1:人事處,;
2016-01-31 21:39:33	92d9049466f5dbf9afb0ef0eba2a8770:792rDKSF38JDvbnRyAlkUa28547DbQmn	Q1:法務局,;
2016-01-31 21:41:08	50d0d5f44a31d2c4a0b7620fe665cec4:3feNZyLsN0i3E67JtwSNNK6y6QwF3Y1H	Q1:社會局,衛生局,環保局,文化局,法務局,;
2016-01-31 21:42:38	645b478a4d111fd8b605e114d315dce3:rPGf3ffD0qtZTXBA6JNBX8APvb3S1I8e	Q1:秘書處,民政局,主計處,翡管局,捷運公司,;
2016-01-31 21:42:49	0b469655a61f7c9b5e8c41c035fac048:OjknyDIX4CjObbrwylx82brXnpkueiyL	Q1:研考會,;
2016-01-31 21:44:35	c2b647874377274e83ce2614ca4d35a2:2tOORfjvIYZnzcg1ydEi5SezfgXewKKe	Q1:法務局,;
2016-01-31 21:45:03	fafc30aa493aa42fc6e5dafc96e3cfd2:v5QKuovvLdNdiqtBgovffo7gysoJ0Gli	Q1:研考會,;
2016-01-31 21:45:07	fc68a9977d8c48e84e9ca7b5f8d8bc4b:JkQab5Bf1nALx95papAguRgOTIoKlvdE	Q1:衛生局,;
2016-01-31 21:46:43	7b6aa11b3abba09384a764e6ec59c1fe:bhhghFxywpkNOHuXzckL7mB1h4BA09xD	Q1:研考會,;
2016-01-31 21:46:48	3ab28047f714fc4ef965956de464e8a7:QbZupy4Hw4DUziFRIwrGJC5iqhPmH2AN	Q1:研考會,;
2016-01-31 21:47:24	aee358091f0214e8e2ca947176f85e9f:Yio81C2BhpxTTZCXHEyoslJdaB34hirL	Q1:法務局,體育局,;
2016-01-31 21:47:31	b6aa38bece38d849103eb5d20941f120:VwJjl8ZIBhFjYI2RRijwejDYK9cT6dmd	Q1:研考會,;
2016-01-31 21:48:36	594b0cf870bdc26a20a13664b302b646:nwrlT3CWU8rjV0b9r4Q7BPeAtyn07FGu	Q1:研考會,;
2016-01-31 21:49:45	e26fa3136f166a6231b437170f1b153a:7UTUGJarqWE4DpqsXF5RWRG1oOofPGxr	Q1:研考會,;
2016-01-31 21:50:15	db7b6e79b57e1a2b17073dcbdd897235:eMP9qd1hKz770ezPFLCDkqTB3i0LCjTY	Q1:法務局,;
2016-01-31 21:51:10	b6083aa0c1993eb31a93a24288f066f6:CFk1mPBgWfr7ahaAgwcdU0dz1z6wkyjH	Q1:研考會,;
2016-01-31 21:52:01	789d16eb864d90d3aaf8cdd6237a6345:a6aKsBN0DA6pkpJFUFqXReFCRzPPPcWY	Q1:觀傳局,;
2016-01-31 21:52:01	470ea67f57a95eafec6788a17fe01452:39BCuJMaXpNzzDC6gygmRKI0VHekxDDr	Q1:研考會,;
2016-01-31 21:52:15	a75dda3ebf78d3c6520d85f85b8db7df:cfx43No4nBGlVzKg1bOJV0WZEAqgmcuy	Q1:法務局,;
2016-01-31 21:53:24	4048e38fc291cb9ede4db656201ae023:fmOgiACFSSUO19Aj5PGinFufEH08mDxy	Q1:觀傳局,;
2016-01-31 21:54:37	d2085a54c321a5beb2a93ba6af890902:vEHnGgGurLZSPsLQKT2yxMTOBSh7i1Ih	Q1:警察局,都發局,政風處,資訊局,捷運公司,;
2016-01-31 21:54:41	c3e8cd1e579d2bea8c928a79d09ba665:UTvddiofVjOg7eABckNHKqRR84bG37v1	Q1:文化局,;
2016-01-31 21:56:34	1e14ef87b735e3361438c101e41c7510:zPdEEcxgSbtF3kfiB0LpxGdENSitxPc0	Q1:觀傳局,法務局,捷運局,公訓處,捷運公司,;
2016-01-31 21:57:48	e6877b854fd417d87f7d331f3b6b2af5:cK5eD6SPkYu8hIW5oYOPaGvahiaXQuAH	Q1:研考會,;
2016-01-31 21:57:57	420fee79ebcceac163ceabec0e28c842:lXOWnuyTYsuGtriL9e0OxSVdEpGXqn4V	Q1:警察局,法務局,;
2016-01-31 21:58:33	e01d3217db711449f15b87877496a951:PLO6luic3TTiCK1N5OlmZ4CCyZ59mby3	Q1:法務局,體育局,原民會,翡管局,資訊局,;
2016-01-31 22:01:09	748daabc20e99a1a44d49ebe3a126a19:nnX1UkCAdlEMv07eHKfCdXneQEvwCZ4w	Q1:產業局,環保局,觀傳局,研考會,翡管局,;
2016-01-31 22:01:14	9258c7778728b4472c9fc57e7d64ca3d:banDDtAHz1LM3aeMV0OHoxRhClAfIZpg	Q1:秘書處,民政局,教育局,都發局,觀傳局,;
2016-01-31 22:02:22	3c1f656af8c378520ed4101adb9717f5:Iyy0659721EQUzNdtctEppREeKKw1UUf	Q1:教育局,;
2016-01-31 22:03:40	73fd9acb7fc83d2c8bb4b4fba7edb086:jS2XxgoYAhFxq13w4ty125ROFZFz9Vtz	Q1:研考會,;
2016-01-31 22:03:51	f7a310a9b7aab7b7addab8c083495aef:gZ8LXD4DhScjsXdic2FmQfnYMpgyuuh6	Q1:產業局,;
2016-01-31 22:04:23	f82a485c786fc2cd11c2cd7dbb1ad597:cFIaTu1BWhYOOjNWQm8VHdaad1lmjmLm	Q1:民政局,教育局,產業局,交通局,觀傳局,;
2016-01-31 22:04:55	ed52c4d19a546f38bbc9c2353ac64c4a:Mm3WXW7qGJoTlGa0IwnHaKaRuy6d4aa2	Q1:觀傳局,;
2016-01-31 22:05:31	662525fd9f5f615de688198b0f72cf05:LngtC5gM7ccwObcN8M9ayMgj102JiwxO	Q1:社會局,警察局,研考會,公訓處,捷運公司,;
2016-01-31 22:06:56	dd5ccdfc3f51d20dd01494c3851d9a5b:cb5QAwAR4TUYMNLKGOmjiETkyYmyKUFe	Q1:研考會,;
2016-01-31 22:07:30	f6beb162cab7fdf33108752caafedc62:5bNcGOt5FLWjKaelsiDMDtQSAPFsKQ3x	Q1:環保局,;
2016-01-31 22:07:54	c81143f7207e6d2e7ca0f6d62646a14c:8vsOc1D0fagR0lhP5Tjb1ig7at4wmwst	Q1:研考會,;
2016-01-31 22:08:00	a050c2da6c8ed6ef0c42cb08f10935d7:YeATSAB0gkW1RbQZmgaIqFravDGOS6zp	Q1:觀傳局,;
2016-01-31 22:08:23	7a9413b46b82d6d29b9003dc22b53c0c:EBYxJ9EPe58ymNSPjgNIuH6g6OsOpOVk	Q1:研考會,;
2016-01-31 22:09:11	109db55d26eec32be7019c2174626d4e:vT7FeIjixh9qiBxKfEjVHd9heUaWrTBN	Q1:產業局,;
2016-01-31 22:09:45	782655786a883367d2899a89afb73416:utuuAdd16vwpmeVyEtvUNDUUD1vjWJL1	Q1:環保局,;
2016-01-31 22:09:58	db1476ad2c9e5c63a1caaa2497e62206:sxiEJOzkVAOqVdU7pyfuILZ1UVkKMGj2	Q1:文化局,;
2016-01-31 22:10:18	02089acde9be3115201bb277542da0fa:iDFrwz2Lqp6hFaWeoLuMllCuQmQOArnB	Q1:環保局,;
2016-01-31 22:10:50	7cb187a2f8cbceabb1c6a791731e238b:DbsUMfjICVbotxprk7RylOAtviXl4mqk	Q1:秘書處,民政局,財政局,交通局,消防局,;
2016-01-31 22:10:56	d2348c27af0eb860459eed87be16f562:3NnuN8oW0oRRlumsHLQ2nnFtklS1WvJ9	Q1:觀傳局,;
2016-01-31 22:13:41	83fb5ac4b448bbbf91eb6834fb271e93:u95yvkFiN8yMbG2Ysed6Low26133bFT5	Q1:產業局,;
2016-01-31 22:14:55	10ab8930a1cff3e6e195e44180e9bad0:BJLOOQBIQm3yqLMe4cxdEk1mdchUxTSN	Q1:法務局,;
2016-01-31 22:15:04	388471e9d91328be6c200ee675d7804c:2QK1nnq6v12PMMNY96qxDKZ8x514Iv7d	Q1:產業局,法務局,;
2016-01-31 22:15:45	3b439f961b8273e498bcf526fc77ed72:NIu3vwxOGSv180nApyvCDT261b5RinSk	Q1:研考會,;
2016-01-31 22:16:33	02af75acadedb7369b37015ef614b024:32EkjPoWmNV1AGVKMDb4XhekH97MDFf9	Q1:消防局,觀傳局,研考會,;
2016-01-31 22:16:54	fa70f91bb28456a1d16f2b44174ed071:CAaz6RSb2h9TKcMLQldrpN6uIl9ggPd5	Q1:環保局,研考會,;
2016-01-31 22:16:59	fb2802709137250fa516c851c2ac86f1:DFx9adn21y7xpjhBqfdnViLaOf18Fojl	Q1:法務局,;
2016-01-31 22:17:43	25642fda6a4509851ce37b05974b1313:81FPmACVAXKQ5e2X4F4b1dynaeoX0XGv	Q1:環保局,;
2016-01-31 22:18:00	9155b925b895167de7f570361c75eba2:p9woAk0V8Zn68bchORZ06AgwZ5YzgtOu	Q1:法務局,;
2016-01-31 22:18:38	7fed7f4b6e593bbb01a94500ed9fd436:qHO5T2fgTD1pmLNY5S0hcbkPXsH2hF2r	Q1:產業局,;
2016-01-31 22:20:11	56b0d178bea5c69042ab84f7313c8b80:coZ338u0bYShurzeb3vH6Hdzom8AATDS	Q1:民政局,財政局,產業局,交通局,警察局,;
2016-01-31 22:20:30	803b9c4502cab0384e71173a76359066:GZqvvd7mjquxWhUvS3XukWCPG6sOR48s	Q1:研考會,;
2016-01-31 22:25:31	33ce6d201df9a1430063fea019753033:Zw2gS0WESYnQ4NjWTVv2RE1tnspSiZgZ	Q1:民政局,;
2016-01-31 22:25:39	e04b71e9fa2b6206f0d76c329ffdaaac:X35Uvw2dw3Im6sKtTttf99fFnD7NHfBr	Q1:研考會,;
2016-01-31 22:26:39	0fa62b7750d03f4d5ebfb4183449c26e:RIXC6B3M00ECPuug4x01nvI6Jokrbr4k	Q1:法務局,;
2016-01-31 22:26:55	25f66f3c64e64be48e0584b85134f5cb:PWLeDOcg2g2Y3ad54cu635eux23hikKd	Q1:民政局,財政局,工務局,勞動局,翡管局,;
2016-01-31 22:27:56	567822591f011712faab20e9411238e8:lviG32UCicN6Nb03eprxPNjGDJkFfiGN	Q1:民政局,社會局,衛生局,觀傳局,主計處,;
2016-01-31 22:28:59	7f34fa0387e569f890c05ecd25a55517:HMEXqwVQxx5o7qnaSYJLN7mfLKIGY3VV	Q1:法務局,;
2016-01-31 22:29:35	4dcd1303a35ed631b8697786b37a20e3:SEPskU1bBIR9JMW7wJali7DKAPKpCtuh	Q1:原民會,客委會,;
2016-01-31 22:30:50	168384f83bf19f7af382b81b8b86a087:TI9cIkjR1Z63MSmk646zHvbixs3JcfPN	Q1:法務局,;
2016-01-31 22:31:23	8c94f186e7091bbf603f9d76342a7d9f:v8VH9xtdGqpyN83kpUZF99pBTviS9kjL	Q1:環保局,消防局,法務局,;
2016-01-31 22:31:39	4f14696579dce5a1cc07a921ba62c908:JncfwHL9tuk707U3Tq475s23zpRiGjvh	Q1:研考會,;
2016-01-31 22:33:49	151a2cc1247ec3302f637cd4dae67e2f:oVNeLgmRu0oVxIpqRX4h51kSiGnnfYX4	Q1:法務局,捷運局,捷運公司,;
2016-01-31 22:34:15	ed653f71b99697492e52520867c37f6c:LaH4j8bITKt7sAEFDzk0WgWqsSpAQUul	Q1:交通局,警察局,環保局,都發局,;
2016-01-31 22:34:21	0ddee814b416ddcc447da96e80190a69:o0giLkgGzlNMW3eHfWyD6ZI2TieEjpbT	Q1:兵役局,法務局,原民會,客委會,北水處,;
2016-01-31 22:36:21	1289e3359888134b7251ac8121c9cea5:Au1gza465ArZ9HHmd6N4Y7cgDqFKuK8f	Q1:民政局,工務局,交通局,觀傳局,捷運公司,;
2016-01-31 22:36:47	f2b86dc0b402bbe2902b04265961b828:9bjAQ9Wq8ztutrdmpvyLNXpF0fk38dBp	Q1:兵役局,法務局,原民會,客委會,北水處,;
2016-01-31 22:37:31	f79766e6bc12294021049b7872cef38c:BAvOYtVIURAZXVdQMoo8dyC8GpT824GX	Q1:捷運公司,;
2016-01-31 22:39:47	c2fa01dd6256e14583fefc60fd526698:8OOirvTDGDvBOiWGE8lNPX6rv91WkpfP	Q1:工務局,交通局,都發局,研考會,都委會,;
2016-01-31 22:40:56	3e3b876529e7d441395238f766737b3e:ZeQtQEHxfTSSw37tN8kgYY06nmVASkyV	Q1:法務局,;
2016-01-31 22:41:43	a31dd7ea548ea851291f4bdb70c46e39:dycjpEnn9mJAg6RbSg32nkjkPtksIJNb	Q1:警察局,都發局,地政局,研考會,捷運公司,;
2016-01-31 22:43:08	6d952665bfd7e0e6563710f5231f6b0f:DoOsuRhNQ0aInfSTnNeCMgCQ41JZDCe1	Q1:法務局,;
2016-01-31 22:44:53	941ea2d5479cb216546ab188b955825c:YireYH9HLq5UT55p17fYLWMs6H47j5yO	Q1:法務局,;
2016-01-31 22:44:56	404a1718f31465e7695b0b15f0997187:dZHnMgUKRZ6FGkHJczRgN481yBLAKBRk	Q1:教育局,兵役局,主計處,都委會,客委會,;
2016-01-31 22:45:57	417b2df486caf8d0e51b170f00ca4d0a:4jqQonFC0hWBbYdeGmgQNmosVS575nOF	Q1:翡管局,;
2016-01-31 22:46:18	1161b1cc5e692789e7e1c19c7574567d:DXoTWyy5uIyYen0tmwQubcdf7DbVAHKy	Q1:秘書處,財政局,研考會,;
2016-01-31 22:46:38	f7b8398810859d673fd7c686628293df:YYK40NCWogNEJN38aKprt3TnLYViLmoo	Q1:法務局,;
2016-01-31 22:48:18	c6e157f6ee1ce2df429c0c723bac412a:XdElmEnMKtY7e1Z4OzlkIDLOUVyLLjJl	Q1:教育局,地政局,主計處,都委會,客委會,;
2016-01-31 22:50:00	37b8fc63a28bf7d3c75c10b425795b77:mNfF6gXlWXvr26mQnrSGk6H9g76KHOrT	Q1:警察局,地政局,;
2016-01-31 22:50:32	36d189748c4220b7d9e1cecc27510fed:adUZihd0Z8MwmHJWlg8CXsqexVLAdPLA	Q1:教育局,地政局,主計處,都委會,客委會,;
2016-01-31 22:51:24	9e78f3c96b4ab9b0908cd163c039e8b9:QX9ZUmCfgUFHNhUCPxTix60jRSVDQzvS	Q1:法務局,;
2016-01-31 22:51:34	59113cb96f9ec7ffb9cebe442a64e466:WlUlEJ3kJfkDkwwk2FjazIqpKYe5fnTn	Q1:翡管局,;
2016-01-31 22:52:31	40309f7875f1315bc78945bccd417630:wXKZIssxv7g91mxoT0HIX240GKviy9mV	Q1:民政局,產業局,交通局,警察局,捷運公司,;
2016-01-31 22:52:44	ae085d3907099960102eb4112e3012b9:TAECTzXMSZ7CJxqi4GT3qv0z2rp3z3qr	Q1:教育局,地政局,主計處,都委會,客委會,;
2016-01-31 22:53:30	a8d04d70086242779b022ba98ae51f03:mC2a9VlVwLTYRHSPavRKZoIQUVjMDLa1	Q1:財政局,研考會,;
2016-01-31 22:53:47	26292cdd50e08a1cab78f6aa105d2bbe:HNNTFZr2PHUdVYynJJ5prgyAlZa2BovP	Q1:地政局,捷運公司,;
2016-01-31 22:53:51	4c2fa1fc788f07d7ba8eb61ac16e5bce:klSXbAqMWXXoBNBV5udMyu7X65lGjqPv	Q1:人事處,;
2016-01-31 22:54:02	1717ee817057ebc19ce504d103763576:lyRqAaYpmTCq39oD0RUEFaOWFEB3L1bc	Q1:法務局,;
2016-01-31 22:54:10	90f0d0aff69b278e5f03b90b3c9ea1e2:spuLgXcahKgH67Xj4mTZjfLlVhigX2wo	Q1:警察局,;
2016-01-31 22:54:29	b46129a7f9346518afe37c368df41f99:Sd6hoBcnJpB8qGLYy0ve2fM8eyyVZf3G	Q1:翡管局,;
2016-01-31 22:55:43	26fd2405a5d0ddc08d5454d945b119de:0gb11MU0GmyAbUP17qn1npujxCoLnqy2	Q1:教育局,地政局,主計處,都委會,客委會,;
2016-01-31 22:55:57	925e98862573f9119ce31f0954facfc4:jmXjm17e628pJ1ujDoMvxCeegnKOuO1J	Q1:人事處,;
2016-01-31 22:56:35	76fdfd15c01b08917c50990dd46d439b:cSgPdRUdsOsusENuwHKUBbZSU15HKeF0	Q1:翡管局,;
2016-01-31 22:57:28	36ff65e76d84232431679fe0ce0d6a26:9MISHvTpF6xjdjBTRpJLN6WEv84P2SsE	Q1:人事處,;
2016-01-31 22:57:38	d946654a8124a8cc25bcbad44463109f:tZOY9fe4UZRUdB6uqu9FpTsdCApV0NLn	Q1:環保局,主計處,;
2016-01-31 22:58:15	9d2f2977272791d796bbabbd393e5291:tWlK8tJ17whU4QMCWZ7ZL2kjE9d1Yity	Q1:人事處,;
2016-01-31 22:59:00	3f7d384e79bf8d212ea4a92f710bc1dc:YEzvQHiE6tx4nKo9XhVxxGoWYGrBK1iz	Q1:法務局,;
2016-01-31 22:59:12	622c78d7360fdf8c225ed2e989f4b3f1:1OHbbg68B8dUdn9E2PV8fnEPpjKY3mW2	Q1:教育局,地政局,主計處,都委會,客委會,;
2016-01-31 22:59:49	06aca28a81bf0d7343c5d591885c96f2:wEfau9DsxXLgZ9mDK5QEym2TnpgjRuHJ	Q1:人事處,;
2016-01-31 23:00:17	d0cc560b55f1735664acf98ca08ed7a1:WcEsdZENVO1m8SjTIZlodpaBaSTZIVC2	Q1:翡管局,;
2016-01-31 23:00:52	9faa6cd0ba5d3e4bc5e5f7441b7142db:yEX1arirderJ0rQTrZ98318eMkps8uKZ	Q1:警察局,研考會,捷運局,捷運公司,;
2016-01-31 23:01:14	54cc0aad39962671d4cd08a70e20699f:4FyC7nH6WB9QTQd63WQRoYZk4oModSUc	Q1:教育局,地政局,主計處,都委會,客委會,;
2016-01-31 23:01:28	d850bf42b071a65f6bf67e3ec140235c:N7vhxBxBQg5HHY2jed0y33m0lXIu9dSd	Q1:環保局,;
2016-01-31 23:01:47	5359b9ae4df2aafa269d2f37d6115002:RgbpnS5squxeL4z3krucYRmIeQIRNU4N	Q1:人事處,;
2016-01-31 23:02:07	b99124e04f2dbaaa0b149eea13a3fee2:PNQWnrTh0XHPYYedwnj1IcMDo7cQASfl	Q1:法務局,;
2016-01-31 23:02:22	4e90b2fa5f41b8d70f37974af6a3faf1:05QkIAp21rjOO4ebGTAbW2hy2bOxF0i2	Q1:研考會,;
2016-01-31 23:03:17	6d20a9c76f6e7e9519d56a83ad453af4:6cSUQxyVW2wKziH9Kq3A7zTDZ44bi1AF	Q1:人事處,;
2016-01-31 23:04:00	c0679a6e3c401766e608016d1a7291e7:labXfGCPk8qhUUUipoqZPbfqEk7HJt4N	Q1:翡管局,;
2016-01-31 23:04:12	7a5975e630a2d768b1ac41c9bd48c6e7:jh7ZT1Ww3m8Ut3A6bqAwkqZRqKAG6r0S	Q1:人事處,;
2016-01-31 23:04:26	2f5b511c1ea656fa1eed2f3d300d6ae8:mtydK7sXQoKyzZRwNfsfDdSo4G5RVSiK	Q1:教育局,地政局,主計處,都委會,客委會,;
2016-01-31 23:05:06	36140e7fbb76c869b7a761c7619580fc:OMkOFS2Lnu3YaZRQxmk3orLmqAOo1SOS	Q1:環保局,;
2016-01-31 23:05:10	86aa4bacb7c50094bcda8c4ddc19d834:YsepqKOdUE57WLDGkucdg9ZbtwgoqTkh	Q1:人事處,;
2016-01-31 23:05:32	83243853e1fd9f57a093ce0d7ccc6523:OR9O3cxfUXmWruVjKQRsaYh4yvbGTB0f	Q1:法務局,;
2016-01-31 23:06:13	25639280a24935ce6fa6805f7d6fefab:J3jlyqMJ0tc2JnonJ9LhG9bX2yEfLiMb	Q1:人事處,;
2016-01-31 23:06:27	a119a1811c2279e3b32f6540e13fdea7:iM4vGYmmnXaDt7vlZUTjc0FatapdWorY	Q1:教育局,地政局,主計處,都委會,客委會,;
2016-01-31 23:06:51	e43c8c1ac60e76d19c6e4267a7cf2f08:OlfvzupIMKEtojTXGfLHLllWttVoL7Fw	Q1:法務局,;
2016-01-31 23:06:55	d50a7dd39a416305b044237838079f24:77oBMlle2i4VpDj8ry1tkLUWQgMCJPN7	Q1:都發局,消防局,地政局,兵役局,捷運公司,;
2016-01-31 23:07:08	a3c2b1a77afec5ccd830b1484d582c8e:8cSvJTX33pDaH2wAHZa75YIN2DImTtuk	Q1:人事處,;
2016-01-31 23:07:12	19f15838b593a6fbd135d2fe69137183:ur6CkCEsSUz6Bj0FNS0AWjYDjgWe0tFE	Q1:都委會,法務局,捷運公司,;
2016-01-31 23:07:43	ea38f657f80d19c01e91a4c287f59e90:unkOJJcGJdOTJNcCh8DB1Nh2VHFu8xIj	Q1:翡管局,;
2016-01-31 23:07:59	1ee8c74593955d5ba8b6b242e970fae3:GFmKHwI6aS43Wl64RDRdoM6XliCsXQEN	Q1:人事處,;
2016-01-31 23:08:38	de6cc2cd9bb3efdfbcaf46552faf49eb:1aDsQOQ4UnhI0kjc1Kryy87ro7Y69GIm	Q1:研考會,;
2016-01-31 23:08:48	74a332bfe2a3b8166a22d5480e5f6730:r35xWOTjLvTTvu0s9sA8S29G4ICIKmc4	Q1:人事處,;
2016-01-31 23:08:49	20bb8c492f05f0a9e0a7c2366efe5db8:zYOrsxvC4ibcQn6CEX67d6UMNQ2pVpwj	Q1:教育局,地政局,主計處,都委會,客委會,;
2016-01-31 23:09:25	303cb74f8e963a282d33b721ecee71cb:nYl3mfhR2st7a5eMgAD9jqgiOg7u118E	Q1:勞動局,警察局,地政局,研考會,捷運公司,;
2016-01-31 23:09:36	7ebcf2955e32477a60b531bece3f7930:cwdHqdcopE88ITjJKH3Xs8tGeGySuoYM	Q1:人事處,;
2016-01-31 23:10:20	ff7e55cdf5a0ccf27424e8fd45ea729b:MxDswFtXN9DGI76l1uMRGzTP7wooiksi	Q1:人事處,;
2016-01-31 23:11:01	c3cfbb0f806231d931a2d3f2ab8035e1:zwIsM5Z7dDrk5egjUr0W1htIWhpHxvOQ	Q1:人事處,;
2016-01-31 23:11:14	6d9d60905a5e65ee7252f31b97da1848:OabYJQxl3n7NPWTDxCPfVIfE5aXdl6Q8	Q1:教育局,交通局,文化局,法務局,體育局,;
2016-01-31 23:11:22	8f94cc29f19bb25a22c2a70eefc07c58:jNmANUydH11gMbNyhEHyM41NKKXrM84C	Q1:產業局,社會局,衛生局,文化局,主計處,;
2016-01-31 23:11:48	231752fbd9bcf6a4c82e7c42fbcb2679:3x6epqWrLjC50nXEmuSc0iuPBSXwtb0Y	Q1:人事處,;
2016-01-31 23:11:57	e7e878b51c34889f38d2f620dc29c992:jUwOW4tSdpPe6XX3R61F4oFWbs4sFm0x	Q1:工務局,研考會,;
2016-01-31 23:11:59	d56a237d58ef6e63ef64e1df201efbae:AEMLw6PQAIA1Fh39ouIx1Ebfja3vMfLn	Q1:警察局,都發局,消防局,研考會,體育局,;
2016-01-31 23:12:46	149be0dfdb42ad61ea406dc778b86fa0:uToD8RMTGySWzwPu8UGxdBvXTZ59OzYz	Q1:兵役局,;
2016-01-31 23:13:41	8128ddbfd9d70391bfb25451af67019f:exVY38YVA5e9Zrw8AY3W58aLVYWEudm8	Q1:產業局,社會局,衛生局,文化局,主計處,;
2016-01-31 23:13:43	dc1f3f5d605b111ff6ce67edbbe6c0e0:Rrq8zHc6hqSCyuQ3x77eJJMKGmHuoLUO	Q1:研考會,;
2016-01-31 23:14:10	65cef9f8e78606f51a5303681878c233:WEmb3i1UgovXLhW7z7UFuQr8bOXWV15a	Q1:財政局,社會局,地政局,翡管局,;
2016-01-31 23:14:34	71f456ed699787ced723040831893ed6:xBkn26Rp3I2LBfIFJvkx9qL6Mbzlloid	Q1:人事處,;
2016-01-31 23:15:19	e8fd4f49a8b0086bd900b6fc5c077d32:3tOVJFpNghnXfniVqpueBDxU5a1C4wrZ	Q1:人事處,;
2016-01-31 23:16:15	cfb8c0e2718595f2c89ad6038ea62b76:recCFuX9epSLhdV0DCpqLdELAMoXcJ1Y	Q1:兵役局,;
2016-01-31 23:17:19	9b734e8effa5a3996b91a354128a8cd9:QvJ5zflNjjnS9JO9ksGEbRBxlkJ2xRyd	Q1:教育局,;
2016-01-31 23:18:27	b8dc5aa0ba46f2b5baa94a233882a6ab:miWsR8daYSLGFkgFUQgveLME6t1LMTXT	Q1:都發局,研考會,都委會,捷運公司,;
2016-01-31 23:19:00	89760e34f202a495537aa5f1129e875e:7IsXsdAVNcJ8dOjRvHKk29NMGMYWHs6o	Q1:兵役局,;
2016-01-31 23:19:26	de37937056a0e3ecc833c53ea5b49cc0:8aawSbEohL1efi7foozjc9ko0ledH8dC	Q1:人事處,;
2016-01-31 23:22:43	affc733903587669843ddf3f68a74f4e:cSXW4lbGOIocSQw2cgFSPcdw26QZDot9	Q1:兵役局,;
2016-01-31 23:23:10	b6b1e60296aa147bbbdb6143fe70da9e:MuAwim8BrTlzcozLadQwFhkLMwzjERcf	Q1:法務局,;
2016-01-31 23:24:03	21d08e03322df7e44d1cc69c7f733192:AMI5bkXJQ5wzqnWh6W43lnjBaeWUK3Bz	Q1:法務局,;
2016-01-31 23:25:16	5f65b9fb3dbe6e9a0613cb2b0be7a843:mosl4ex3odwnbNohtZJ4UMW9v1JlXRXO	Q1:兵役局,;
2016-01-31 23:26:38	e6979d347019a09070090b5e484daea6:HeOl0GyS9H2JKovpSYtUtx61uvLnRXbv	Q1:秘書處,消防局,觀傳局,人事處,;
2016-01-31 23:26:38	e6979d347019a09070090b5e484daea6:HeOl0GyS9H2JKovpSYtUtx61uvLnRXbv	Q1:法務局,;
2016-01-31 23:28:25	fdbe210c1286cef30436e55916d14a9c:T49P6t9dcui8bBBGXCVFq2bccohYnLQ6	Q1:兵役局,;
2016-01-31 23:30:34	7ba96bdfd83e85ac04852592bfb6d09f:KrLRZtRClAivA5FE69vvjgl4Tv3dypz1	Q1:勞動局,;
2016-01-31 23:30:48	ae3a1d89a4b278f60884ce6e15ec73af:euieLPauAEhl5ePeytGFDTQIsNNU0Rnx	Q1:兵役局,;
2016-01-31 23:32:29	723ead91fcec69c36f4d43f9348e4331:bRLXuYW3mmI69GkSYeBz7lQtVafHuwwC	Q1:勞動局,;
2016-01-31 23:32:47	d0a8ab325df1232a8800cccf2ce54797:qjZsqNyEMC38Wo24m4VHOsrbelzsABSI	Q1:民政局,交通局,警察局,翡管局,捷運公司,;
2016-01-31 23:33:02	bc7bf21e179bada4ddb9943f1fb23c67:c9lpakxrA2GNgzHXjkzSlW3tYe5F7qT0	Q1:觀傳局,;
2016-01-31 23:34:04	48ab784dc2e78b3cdb6f3ae7c66f6ec8:m31DIwupvl2VLYlvi9nTsqJSRk18e8Rg	Q1:勞動局,;
2016-01-31 23:34:17	192286f1050a0162b907227848c18584:ApeHOcOhHRILtALXAXwjw3E5OsLASV9F	Q1:兵役局,;
2016-01-31 23:34:55	a6de83f8b2956fa603a464c742a3d8a6:mOoyjZd3svVT9wfWNsqCsQd8n1CYcBSW	Q1:法務局,;
2016-01-31 23:39:03	52e38e4a893fda7d567a95e03a39ef78:KFh6ISot0e0KZY75gNpVlMidiaPhGoVB	Q1:勞動局,;
2016-01-31 23:39:28	7ed8e2eb62a88a4b45933571e86667c3:BJ5a8eKu9YTgOjFmM5kHRWav9JNZjpMG	Q1:警察局,觀傳局,研考會,法務局,北水處,;
2016-01-31 23:39:53	fe0e70ab0b190bd81292e6351aa6fe37:xCBSOTxhPCkBs6aj8HOEEjKokEXVLl6y	Q1:觀傳局,;
2016-01-31 23:39:56	4b8cfa29de6cc66d04c80b941b6314bc:H7APoe7m2NFTXL4K8rV4sKfioAtkN6xP	Q1:法務局,;
2016-01-31 23:40:02	7925c996ce21b82cb8ddae00eee687ec:65MO8tM7dkLpqoyHxJTFmcSmjNbMzlmC	Q1:都發局,都委會,;
2016-01-31 23:41:27	3d544d977de19b52539fe6051fe43b8d:7cFxK3sj7qWXXNceH4YrupHnToqBPc2c	Q1:兵役局,;
2016-01-31 23:42:25	90b8fbbc166cbde42e06099bdea9f684:kIE4xhlWioWErbDpND4DFYxkzZ8dQEu4	Q1:兵役局,;
2016-01-31 23:42:43	25af6dadfbaae3e1e3573f264b7d3dec:4NbjfVOKKBsWDmEV0eL1KZ2vgnhZuQkx	Q1:民政局,產業局,文化局,客委會,捷運公司,;
2016-01-31 23:43:36	552838fbbf0563cb309c7bb82e87b6d5:3sKWOPVKg0mZuvuziibe9TaHnlZ3NMCs	Q1:都發局,都委會,;
2016-01-31 23:45:23	83efb836cd717ee3861da3e39462a719:2bvsZIuEvdkrngDd6fHeuWSH7HT9butK	Q1:都發局,都委會,;
2016-01-31 23:45:37	8b1adfb26f9b7636131d160f419e8b59:vM9n1tUYZdOF9RclqB8P4rknsvKzXX88	Q1:勞動局,;
2016-01-31 23:46:15	2a218d60b8a0847178a6e5fcf3d6b652:ouHBDtuZsfGfMixAoaWCPNQJscjIj9Vy	Q1:環保局,;
2016-01-31 23:46:25	88427c3d88124d51686b13cac7bdea48:NYKgyp65HmrSssSPTVO6DGQvtsTXQGHW	Q1:秘書處,財政局,教育局,工務局,警察局,;
2016-01-31 23:46:27	6b1320799d227af0e87b3b7a88f41f65:WFUdXGJiDUnE8rKGIs1GvwwvxZ6lursp	Q1:社會局,警察局,文化局,消防局,捷運局,;
2016-01-31 23:47:08	1bad68b2cbdf1b1cee564a3a1c5b13e4:auTCJ2W7QyFyIo1tnzo4WkQ6uuLyxeTN	Q1:觀傳局,捷運公司,;
2016-01-31 23:47:10	77443e0a31a92b693d15f20eaf6c226c:4jagahtYmJSqPGlzPqgsl6s2wrkeb5hV	Q1:都發局,都委會,;
2016-01-31 23:47:22	ebb4916a61b272996a6582102ab10f48:zxAVXsafQJlJd1CklOHXXAcvpYxvH4D6	Q1:都發局,都委會,;
2016-01-31 23:47:43	8d5fd6fb1e3960932627d3ea9a3ec5f6:GoqIyctHmnbDu4rY2Jr1C4LmLdJ7KJKo	Q1:財政局,;
2016-01-31 23:48:09	3362ce69ee4e72dcff62fc5f2efa5780:SSGbLzUwcb2VNt8hlZHFFFd4KujcD0V8	Q1:觀傳局,捷運公司,;
2016-01-31 23:48:41	c6a1d23e4043e2264db9933d006bb6d9:WLiyCql3MMeJEJhFBLhcbi757cfwx3uc	Q1:環保局,;
2016-01-31 23:48:51	eb3acb412f67d92f30f00329dc961558:wMFmUFfp7Qd4JxflCQTvc2oCwrrXTXwC	Q1:環保局,;
2016-01-31 23:49:57	8890fed078ad9e8810e2cb9213d39406:PbklKxm2a43tEOrYaPSywBGq3izAAhnG	Q1:文化局,地政局,研考會,捷運局,捷運公司,;
2016-01-31 23:50:00	b8c1bf89c21c6ddf58ab6db339acbd0c:tf5eqjOtiWudFMWTCm6scSdH2oYnFu8e	Q1:研考會,;
2016-01-31 23:50:14	56d925b8b431f9f0d85d5ece742684bc:jVPULslHlWaW7jkH7j1myj18DCRytJvK	Q1:環保局,;
2016-01-31 23:52:45	bb29cebeaebabba479ef506f745f578e:lqVsUDdUMysTRjpj1BXnRwLVmgtladli	Q1:環保局,;
2016-01-31 23:53:57	245098a83a175f78b9bdb2621f371689:UKU1owUIbbgonwPKPenk7KhQrsbZIgXE	Q1:環保局,;
2016-01-31 23:54:23	b5d62f08f334260d69893dfac4d20da7:ZNJlz4UgaKQ1HbFu73pZPjQycyfHVT1s	Q1:都委會,;
2016-01-31 23:56:01	6a879ddad112b2a8f938273ba3b0299d:vIMXXBHPRrD9QVPFHPyeNcjjbH78jqKJ	Q1:環保局,;
2016-01-31 23:58:15	d73f9d701626b4ac8b94c91c83c9be66:2IKdCHaEjLdGcG4DoRyChD3iW8zVwpEC	Q1:觀傳局,客委會,;
2016-01-31 23:58:18	c3d23f02a8b17da0660138c96165fc60:lfDLgJwlMIN2pAliwBGxa7kOZQdsderm	Q1:民政局,產業局,交通局,文化局,研考會,;
