2017-01-01 00:09:46	81186e822404bcedebb928e67fcfb8ec:MLhM6o45PCGu7b30f5l4mKUEbwDP9oFq	Q1:臺北行旅廣場(Taipei Travel Plaza),;
2017-01-01 00:25:34	7378653dcd762d40659ed0aa48f41978:GmIjX087Gj6yu5SewqFV06bKUyhmhXCr	Q1:臺北行旅廣場(Taipei Travel Plaza),;
2017-01-01 00:35:54	3d6719093a9d465be78ce5be33348684:Nsn3AFvmVwhdp6JeO2QVmn8OI1ctWFP3	Q1:臺北綠驛( Taipei Green Station Plaza),;
2017-01-01 00:38:15	88e73dcc8f30ddadfb1d61b98d2aa79f:xFXiGrygCHXdUNsrf2QzhOMNmwppjiG3	Q1:臺北綠驛( Taipei Green Station Plaza),;
2017-01-01 00:42:59	111e15ed37bedca327ea816f2be6e4bb:Exl1rBwn0aeSxz0K0TbvEwsoCFsHfKwH	Q1:臺北行旅廣場(Taipei Travel Plaza),;
2017-01-01 00:46:05	a05f07a7107eefb29b3f146169d78253:3Vip1UtJxJTc1RlB8WIqWOolxdkKZ9QJ	Q1:臺北行旅廣場(Taipei Travel Plaza),;
2017-01-01 00:51:13	1cda0dc29f0feac0c176cdb4762a7044:Q7UMG4v8iDHODNQZHuCK3Et7ih2XmNdT	Q1:川流之心(Heart of the Hub),;
2017-01-01 00:53:11	9f052d8622e4d2123bb11d177e4da139:pTAjtBfnGJdMqYpQVxGSFwjIzGu7qnvt	Q1:臺北行旅廣場(Taipei Travel Plaza),;
2017-01-01 01:09:18	c07e228c877201abe7d4b537e9a7613c:tiSN9OUFhcUJFLltQHa1DFgTeGHQCANP	Q1:臺北行旅廣場(Taipei Travel Plaza),;
2017-01-01 01:13:09	2b33584035d0ef5d663af63c0deac29e:VJfNX9Zh5pMQOE1fffuEwFithxw3aIjZ	Q1:臺北行旅廣場(Taipei Travel Plaza),;
2017-01-01 01:42:48	21992b0413fc2c9c796b10d231c56e12:gkHh1ZtzGl3d8yyYiyKzMvriaqucSyVA	Q1:臺北行旅廣場(Taipei Travel Plaza),;
2017-01-01 02:26:52	e82831542a8922a6eab8f5661ab9e079:dUB8SaQJbkmXmEAymKgBDmHjHaFGpx7d	Q1:臺北行旅廣場(Taipei Travel Plaza),;
2017-01-01 03:39:17	92cf48e48fd45975cad5979079f3ab35:s4HGh0ionvQvkvHHDp48xlNXMBnpIiRa	Q1:臺北綠驛( Taipei Green Station Plaza),;
2017-01-01 03:41:15	b79cc1601e393cfc5b69e70ad210d399:b8ezv8FxnUMaJmxFtnfKe62RWY4fWHtu	Q1:臺北綠驛( Taipei Green Station Plaza),;
2017-01-01 03:43:30	2249d739d3ded0983e3fed44bffc389f:PPN12M17Q0yLpcLF0LWnk6JkaGcowQjy	Q1:臺北綠驛( Taipei Green Station Plaza),;
2017-01-01 03:59:14	478b316b1718bad2d21ddab834f2d0c5:otH92i9MO3ho1Zq6dsqXdO5vCZXoiH4m	Q1:臺北行旅廣場(Taipei Travel Plaza),;
2017-01-01 04:28:01	4a0a072420a31f30ef564d81113e099e:8gFZaE3IN1n5assdx6iPQZMDEww8R5W4	Q1:臺北行旅廣場(Taipei Travel Plaza),;
2017-01-01 07:52:16	bd41aba0c147f69fb64e24adb84b10ed:qhJZPiIAXzxT3uBm4QSLqTNCSacAuz9l	Q1:臺北行旅廣場(Taipei Travel Plaza),;
2017-01-01 08:05:55	1076c93454195e231977ea7b696987ba:8TrKV3JYDiVgUSLF6l18LqAxixbj4Zqo	Q1:西站廣場(West Station Plaza),;
2017-01-01 08:22:54	d1b665322685823d9ca13662736c46d5:xyd0dBR5LWGiyxx3iX7Svrhb1gVLcmbV	Q1:臺北綠驛( Taipei Green Station Plaza),;
2017-01-01 08:48:34	c6d20212678e710d11f7a2610c891f26:V1DrNBQGMB2c9ATxvpnFNAEHJFDvp0bR	Q1:川流之心(Heart of the Hub),;
2017-01-01 08:50:23	936434a13835533212c34c25c75695b9:Tu2HPodIFVse1NTkjwsozPeeWGeEEmT8	Q1:臺北行旅廣場(Taipei Travel Plaza),;
2017-01-01 09:00:05	42d019495092f63695c881025fee1698:FCcmoQQXFKHjb3OjiwhUPBsMjxcQYHrl	Q1:臺北行旅廣場(Taipei Travel Plaza),;
2017-01-01 09:05:13	269194e29d48c1a17deea72874e66be5:wuquTJQwdFSHGRCKBgUUiavW39WMrqkV	Q1:臺北行旅廣場(Taipei Travel Plaza),;
2017-01-01 09:17:33	e45b18bd169302627e1e66db718ca59a:wX9MpY4s1uxBLDRULQNAraoMmQIJTLbr	Q1:西站廣場(West Station Plaza),;
2017-01-01 09:31:46	0bde2db0921c0ac68d56bed74d8bda38:GOq7t4Rkuelq1hjw4pfUUjj3V9MimTS0	Q1:臺北綠驛( Taipei Green Station Plaza),;
2017-01-01 10:00:28	21889ba2ca216557c9c20df5294bb4a2:ZNpEeuKOVubTYHvfiRl81tIF9gfZntFB	Q1:臺北行旅廣場(Taipei Travel Plaza),;
2017-01-01 10:15:30	350e231f193056ef203da6c051926d13:kAb9jn42ep7WEQAwRJbQH5OsUnbYIh0P	Q1:臺北行旅廣場(Taipei Travel Plaza),;
2017-01-01 10:18:39	7ae5c6d0fc97063a116feee492d24a5d:Jig5Q70SqDNsBhdqARvUlxGTbl1nWcsO	Q1:臺北行旅廣場(Taipei Travel Plaza),;
2017-01-01 10:27:20	fb24fcb32cae7c4a5c0654253fd64c27:6HDdnWeubqvjrNfKcJYedTlvH1FLgFbO	Q1:臺北綠驛( Taipei Green Station Plaza),;
2017-01-01 10:28:26	2c651539d3670bbd56f8050a5bf4809a:YgxJo5LrYY9tb2b4LbNv62WHvlADMX39	Q1:川流之心(Heart of the Hub),;
2017-01-01 10:35:39	d8e38212c69469a7bdd96799329b656f:SFDvbXQmNZCbN7ZmVcCU96IfGZBhGyYf	Q1:臺北行旅廣場(Taipei Travel Plaza),;
2017-01-01 10:51:51	539c17ed864c50c93bed487c8f00f5b6:EXmXMe8vCLBiFXsVj0RT9RfihFvHm3KR	Q1:臺北行旅廣場(Taipei Travel Plaza),;
2017-01-01 10:56:19	5af9fcb87f3e9f8b6f1f07ae0d27896d:MS1IMIraS0x5mzQy119r2dymR41glgVw	Q1:臺北行旅廣場(Taipei Travel Plaza),;
2017-01-01 11:21:35	da7c4fcadc492d45653f527bd4df154c:rHbWMQHagkZyhDoSJ8mqw0Bpii6XXnck	Q1:臺北行旅廣場(Taipei Travel Plaza),;
2017-01-01 11:26:51	1a244e76a4a93a9c92ef1242d7fc3033:xETTdGjffLKHE3BKlHhvzRWauz83mkzN	Q1:好綠地 (Verdant Plaza),;
2017-01-01 11:33:00	1235e56bf914a5b169088ab73bae6637:zxU6Esw6RqJFMf66AVVu039z7kllh6gK	Q1:好綠地 (Verdant Plaza),;
2017-01-01 11:42:30	2a665b15f49c77a0308c9eedd1c4d9cd:HDUQOTtA23OfMiMoyYT0clF3M6RyCUMj	Q1:臺北綠驛( Taipei Green Station Plaza),;
2017-01-01 11:48:20	e233cf38fc7605ba46befa97985352df:BLe9JKiWLDADBsunpTa9D05HkCVKJQw4	Q1:川流之心(Heart of the Hub),;
2017-01-01 11:54:00	27f71054aaea0969d45a0656017eef1f:wwu5CBsW7FkN3oiKpgl8ZKepZxmOQKtQ	Q1:臺北行旅廣場(Taipei Travel Plaza),;
2017-01-01 11:59:33	a9081816c521ef5102d2a0c437336708:FmCp7jZ5hnh25b1Sfa3HKsYuoEOErrgJ	Q1:臺北行旅廣場(Taipei Travel Plaza),;
2017-01-01 12:01:13	a0db9737238020aa8cc8427f9d22bc42:5BzvejgW04gNnacaoSy9XajoXzg8n8DN	Q1:臺北行旅廣場(Taipei Travel Plaza),;
2017-01-01 12:02:46	52f87069c86091899c7d471bf1a18906:3jz6P8bAoDxER8ucOJgAeeHhznVnjPN3	Q1:臺北行旅廣場(Taipei Travel Plaza),;
2017-01-01 12:06:54	b98b1c2f5e54e26933ff8735394d8c4d:TtAvMfh209xHy6rgzpZ5r7yAY7jp7ftq	Q1:臺北綠驛( Taipei Green Station Plaza),;
2017-01-01 12:29:57	9d61693687fc27e8467cc46dc930981b:Kte4ttLw3XStAKgVYtDR812HaoZPdnrH	Q1:好綠地 (Verdant Plaza),;
2017-01-01 13:12:01	db31764357f8fa49d911d2a109e695c2:gsuj21fbN7XE5Fq16Face2XwbUOAMEdb	Q1:臺北行旅廣場(Taipei Travel Plaza),;
2017-01-01 13:13:13	5e379c58fc33bec8e3af37a43308aaa0:19fvEH8oOJEgaFHw38DX1TirJuWHFQKb	Q1:臺北綠驛( Taipei Green Station Plaza),;
2017-01-01 14:13:32	f32cb1fb2a6b72128cfada9b0a86c26c:6lSeDJQ7dtw254zsso2GpgPWnBfMyZBG	Q1:臺北行旅廣場(Taipei Travel Plaza),;
2017-01-01 14:22:01	2d14115c9bf0eba2208062d2eb51e9c8:7aeIWWhnk6u49wSktXUtNELynUcEBB2F	Q1:臺北行旅廣場(Taipei Travel Plaza),;
2017-01-01 14:55:50	75a2765a0156f5a2427c78cf5c0679fa:DhO7KRx3HgOM9r1QqRCcwb8f5XXCGUNA	Q1:臺北行旅廣場(Taipei Travel Plaza),;
2017-01-01 15:26:28	3ac3c441a6b81bfd6a8f5db97dd588c1:gXiFMcayhBi9SSvjBDwRx7kDtSLv4Asx	Q1:好綠地 (Verdant Plaza),;
2017-01-01 15:54:43	9b642a52b36fc7737b2435f5c70ed767:BhRhxNblpdMSBBcojEl49lgyiZ5bUHyV	Q1:川流之心(Heart of the Hub),;
2017-01-01 16:00:14	2a2016e3aff4852444848e516c8f64aa:RF3Nxl9lrP61wzBWm65R0w28mXH66y0v	Q1:臺北綠驛( Taipei Green Station Plaza),;
2017-01-01 16:21:30	91c9de066ea8b4fb3ad30b15567ca3ee:8DN4gzrWdWeCijTTmKiEEkUtboF2yyYk	Q1:臺北綠驛( Taipei Green Station Plaza),;
2017-01-01 16:24:00	7daa9f372b574077f02a88973c177076:BaBN89Gxtpw2LwyUattJfijMG57mA3vt	Q1:臺北綠驛( Taipei Green Station Plaza),;
2017-01-01 17:04:30	252a709a217204b53402e01ca62de12f:5eJ3i3SSgL6qFGdrJGcsnmOBkvVqMgsn	Q1:臺北綠驛( Taipei Green Station Plaza),;
2017-01-01 17:12:24	2abd9401c2552f05943d5867bb8350e4:XOlHHDXFqqkKwNhijENWTKPKmcrQLhi2	Q1:好綠地 (Verdant Plaza),;
2017-01-01 17:18:36	fa58af98a1c8e22479dd484595f81693:5M35cYXBNeOh4EDx3ZZIzrOJWrnIg1xv	Q1:西站廣場(West Station Plaza),;
2017-01-01 17:20:16	3e5ff99524e360db52d3231ab5cefb3b:VDjfg3yzf66swH0CFz5lQwiFGNko4gy8	Q1:臺北綠驛( Taipei Green Station Plaza),;
2017-01-01 17:34:46	e3e8a73a05a76181e1add6b03108b97d:V7RTpsHhK9BG72HymXo5ZxQ4P1LX7EIR	Q1:西站廣場(West Station Plaza),;
2017-01-01 17:42:35	265a9d4384295a641fdaf721df53e520:RB2U4mIiuLGz919vcfV0vSCNUhg5cejB	Q1:川流之心(Heart of the Hub),;
2017-01-01 17:47:01	adcfd238b57b4fb8dfa1ffbf1f076428:ik02cgkOzE6wz31IfHVKzs7szpQuaZBM	Q1:臺北行旅廣場(Taipei Travel Plaza),;
2017-01-01 17:48:09	ae88a53c6f55384f49d9ecac08412531:UvEjUS8mqtogSEtnbBYqAy3YkkNA6UgZ	Q1:臺北綠驛( Taipei Green Station Plaza),;
2017-01-01 17:56:14	541d72664118c492937ccfc208ad1238:gQM9Uj5naFrIPCNpI8cRGmhqnRIloQ2o	Q1:川流之心(Heart of the Hub),;
2017-01-01 17:59:07	20c4d1bab2b7cc11b96df12fb147ccd2:mQNibbOjceg05ijrR7SL5TYu3OyDircQ	Q1:臺北綠驛( Taipei Green Station Plaza),;
2017-01-01 18:02:06	7936e21c540c869348e4856d38d766b3:eb8QTDlaXujogyWiHszw4rJCoMl6YRQ0	Q1:臺北綠驛( Taipei Green Station Plaza),;
2017-01-01 18:05:09	3b61a461eed84d0300c8a0296de79c76:FOELwoQZvv7BaFvKbWRmTq3S18UTcvLm	Q1:六鐵通廣場(Railways Plaza),;
2017-01-01 18:05:31	2c093fe1b28c68c7a9729c8874298d2d:23b90TWwvvfLXpehEJ8CcKJ5q8Gg6Ecs	Q1:六鐵通廣場(Railways Plaza),;
2017-01-01 18:07:14	3c9b7868a3053c1cd2000db19508edc9:UTg3jnVN57LHOjwShFrohR5f7cgud1sy	Q1:六鐵通廣場(Railways Plaza),;
2017-01-01 18:09:31	dc9f6434023cb78151f5dc4a3ce2f8e7:eIPDVFtgZAr0XVKHSfZY4K4V5GviD4vH	Q1:臺北綠驛( Taipei Green Station Plaza),;
2017-01-01 18:12:48	cc5365ff03f86360c5ce07ae7d863b90:2mFbJBTF53fvGxMvyyAUcYeRcww8jURz	Q1:好綠地 (Verdant Plaza),;
2017-01-01 18:15:14	a20e5fe97882dcab422bf98190327c6d:MpV7GQSa5kQiOabJXv6C4k8VImoR18Wn	Q1:臺北綠驛( Taipei Green Station Plaza),;
2017-01-01 18:16:21	c7cdda1d8a4483e487024bd0f2aabcd2:bUCJtAmG72Yu2Jzye36jQZvuVz9sBfUL	Q1:西站廣場(West Station Plaza),;
2017-01-01 18:17:10	c113aad7a4e4b254fdb9b115ce58f045:m33jvrbDTN63wwHafRx94jAsT0iSVpG3	Q1:臺北行旅廣場(Taipei Travel Plaza),;
2017-01-01 18:20:21	2a081c9134e500478c923932f27933c5:55p2Y8zjFQySMyWZ8PkwqHL5pAjDaMT9	Q1:臺北綠驛( Taipei Green Station Plaza),;
2017-01-01 18:24:57	962b6ed7003408e0fc7f893dc8a193f2:lyzE4SZXeqQrSDGf6dqL1Rn1gyHHdwKg	Q1:臺北綠驛( Taipei Green Station Plaza),;
2017-01-01 18:27:47	7b105c527d586abda99248f34cbe50c9:eG8WfbJPwtGEb3mUyZvUxBOhMYbIL9ke	Q1:西站廣場(West Station Plaza),;
2017-01-01 18:28:11	d8113b545ad161dbd141fbd4b4386bc2:8Clefot0GklozU6Xcq43zCZzS44XKlkT	Q1:迎賓廣場(Guest Greeting Plaza),;
2017-01-01 18:33:57	bff087ae4f0bcd9d4673f2011dbff653:QtuvtbKla5O8tMjAb4APY853zNOZ3eFy	Q1:臺北綠驛( Taipei Green Station Plaza),;
2017-01-01 18:34:41	86e16de32ad3841a13543846865fe677:Ix5RIKZ2cDW0bzYqRqzBGFHpawpNITBQ	Q1:臺北行旅廣場(Taipei Travel Plaza),;
2017-01-01 18:40:32	29e15b63cd3b21799d36c15b9900d7fb:JAsrhry7dasywxuL9omQQhfyTXjdfEov	Q1:臺北綠驛( Taipei Green Station Plaza),;
2017-01-01 18:46:33	af55527dd094662d391d8e0bd0960682:gl01zREJMTcoRFF7rNL5ZuAKVPOS3tah	Q1:臺北綠驛( Taipei Green Station Plaza),;
2017-01-01 18:51:11	1c8f5a88f348e1e5920a816a2d1518f9:XsJ38lm2GMQlJ78me7mpjBxNv1KtDlYW	Q1:臺北綠驛( Taipei Green Station Plaza),;
2017-01-01 18:51:39	0f6a61bfb0bce8190cd7c980ae1a7c4a:gU4fyQSgGrHLEkf0GqGvZyMhOY7zRi7Z	Q1:臺北行旅廣場(Taipei Travel Plaza),;
2017-01-01 19:01:13	2ae5e6fb9926d9f416d347aedff12e41:pXazW38fex2bAKm1UMM9AAwV2UIMG80q	Q1:臺北綠驛( Taipei Green Station Plaza),;
2017-01-01 19:01:54	e39812f1f57c4387dfa9f39b4d71f27b:cjhsWtyqrn204gtnBz6BgL6MKcdZiHZ6	Q1:臺北行旅廣場(Taipei Travel Plaza),;
2017-01-01 19:08:29	4ac344e3b64c33240f18ee35bd16ec09:UYAwfJ4LCXFIo43VJJGWFac5z0rNwBSI	Q1:臺北綠驛( Taipei Green Station Plaza),;
2017-01-01 19:13:32	ccc343c3e956e26acbcfce3b1fc3d2be:vKOA22vosuyQGytgWrFwSqPQn9RKnlZO	Q1:臺北行旅廣場(Taipei Travel Plaza),;
2017-01-01 19:21:03	4ed6bdfda0f5027db7c80672df2ab988:qHtaVXu7sOTMQXL5sYs7sqnf2gAGI3qD	Q1:臺北行旅廣場(Taipei Travel Plaza),;
2017-01-01 19:25:47	a2e40d439fd0c3737ec8967d093e0b49:vTTREVuZIkffrT1Fl6PODA9bFXsRTogq	Q1:臺北行旅廣場(Taipei Travel Plaza),;
2017-01-01 19:26:28	8358a49135871287a44c91a46821a4ec:KdKORABDx6kHhF2xL5Y1oxM3y7TjpX9s	Q1:臺北行旅廣場(Taipei Travel Plaza),;
2017-01-01 19:45:12	c37e2d629f9c720e97abc5f9f177f7d7:hgzlQwpmyVX2d3hG1twWMS2nI4a6YyX0	Q1:川流之心(Heart of the Hub),;
2017-01-01 19:52:50	e31af5b89fced02b57d78e901b07245a:0DIFqFN7lS8pt8iKXRqv1Otp5rJ4gZn9	Q1:西站廣場(West Station Plaza),;
2017-01-01 19:59:10	0708ca294da3672d36f19326a1bf2d45:1wZKuSMulY5jw8opBPWLNRhpt5VAuPk7	Q1:六鐵通廣場(Railways Plaza),;
2017-01-01 20:00:08	f80dd23e62a756079d12793fa05ad7a3:arSVC0gw1vi2f7vQaoGTB4KOBf2k4Zme	Q1:迎賓廣場(Guest Greeting Plaza),;
2017-01-01 20:16:29	1f208690f5d36417e2279c639837e2f4:iObMTkErLLpxc99SxVUe8A0FGSG2ytyC	Q1:臺北行旅廣場(Taipei Travel Plaza),;
2017-01-01 20:17:04	fdac9a78e7c05310332d3e6fcf5e877f:gYIgXvlsWlc9ffu74NEh6JiSM3tesAA2	Q1:西站廣場(West Station Plaza),;
2017-01-01 20:27:13	1d01bd907a2b61e4377ac40620c0b73d:7BsetBkUsxr073y5l6rjbrbVOGWtj70A	Q1:臺北行旅廣場(Taipei Travel Plaza),;
2017-01-01 20:27:43	5e297f6db111c43de4b3ff23a6d3016e:m1P9Kp0AEpqZcwpL0d3r7Lztv33Fp2yy	Q1:臺北綠驛( Taipei Green Station Plaza),;
2017-01-01 20:37:06	806825aca58b7eb4110dd5d49531302c:kT6cE5PM0sg6b6StnmtUsl2RPyilHSoK	Q1:臺北行旅廣場(Taipei Travel Plaza),;
2017-01-01 20:44:30	a911778eeae0653915cac816e8a9dd54:jpDZx4Mj4tnUh5ofwkrIBOqxeTp3ToSR	Q1:臺北綠驛( Taipei Green Station Plaza),;
2017-01-01 20:54:00	9ae3b6fc612cff3caaf53c8790ab05f5:o72Rx6xTmzRobJX0tKEKo7nCJztKJZMM	Q1:臺北綠驛( Taipei Green Station Plaza),;
2017-01-01 21:00:04	a6d43f7bcb03927ab49d7757879a1aa3:lbXtApd4ugXwHmrr2ofcKOfPJY1Fu03y	Q1:臺北行旅廣場(Taipei Travel Plaza),;
2017-01-01 21:10:55	7a99b6fb10e00007aac753bce363eca5:kRnh41V2HCRz6cg2vvTO4IxU09rMRbtm	Q1:好綠地 (Verdant Plaza),;
2017-01-01 21:16:05	452497261ff6e22d09c9471f307fd9d3:zOcYpGlexJ4SJoL5ayKS4PZZM0bc7KmF	Q1:臺北綠驛( Taipei Green Station Plaza),;
2017-01-01 21:21:07	f852db32690034af52f6723644e95c03:tlTpHdlLKWCLGkJH6df3416enQ7fwc9z	Q1:臺北綠驛( Taipei Green Station Plaza),;
2017-01-01 21:37:06	0ebdc1cdcd0db1ce16100b656ede26f0:MAIHxbUoHxeztk6GbO5yyV0KjKQKlpcU	Q1:西站廣場(West Station Plaza),;
2017-01-01 21:40:05	7778e17272509ef810bd70d4af879ae5:zmPzNOlwAVdaAY5EPKoFGHMLa2lb3SSK	Q1:臺北行旅廣場(Taipei Travel Plaza),;
2017-01-01 21:54:48	11ce44d8234856a5b0e6332c041a19b3:le560Ea3ax6FyXB7SiMIrF9Esgvoo7RO	Q1:臺北行旅廣場(Taipei Travel Plaza),;
2017-01-01 21:57:00	6eea3c4de7cf668dde378047045f8bbe:EhWvq1AWMRh5OugATgK3NTJK9ilG1eDc	Q1:西站廣場(West Station Plaza),;
2017-01-01 21:58:13	44cfa03bd2252a193dca6589a00a1bc9:itYu6nFwP1upx9HBvwpshKoWK6R9LlYu	Q1:臺北綠驛( Taipei Green Station Plaza),;
2017-01-01 22:03:53	45fcc82b80cd05fa86d4640a466666b1:gqYAuqIab1ltGFHYno7dJATGLY0ja3fZ	Q1:六鐵通廣場(Railways Plaza),;
2017-01-01 22:12:57	caae6c737d47dbc5dba47d8d2b4ba64f:AcQBb7vQSkBnNUjEEmtMWGJbueSXIbqO	Q1:西站廣場(West Station Plaza),;
2017-01-01 22:14:09	2f4b613ca1d82e8bcb7c2f57432421a3:hQcjS1UovCQFG3aMQB6OH2UDgPCONMbo	Q1:西站廣場(West Station Plaza),;
2017-01-01 22:16:14	8f2a7b59a60950cb5d19bc416c79a80b:yHayEefXJCFQynfejFImyl4Qg1dIkimS	Q1:臺北綠驛( Taipei Green Station Plaza),;
2017-01-01 22:22:17	e2f05875f0c7c93ef8ed4012a3944fbd:XlyYgeB97s5p0KKVmnzq9vKRJh5mBAAz	Q1:臺北行旅廣場(Taipei Travel Plaza),;
2017-01-01 22:25:33	081b80f58ed30db1f2adcca933b22e73:KZbVwYp9x2gDdMcSY3TBhTqJL7AhscAr	Q1:臺北行旅廣場(Taipei Travel Plaza),;
2017-01-01 22:25:44	81f5a100e058f51fa77d0dbab20c483b:Ic49FsPSWiQVIOZ4oLQySFswy8VUgDe7	Q1:臺北綠驛( Taipei Green Station Plaza),;
2017-01-01 22:31:13	8c7749aa1d3fda97a476cb0f37ef48b0:7UgUCiEkhHJ8DoQUcmIXPAwQfgaSjzFo	Q1:臺北行旅廣場(Taipei Travel Plaza),;
2017-01-01 22:41:42	a27dcef4425a48bf0706f1d41d7ad88c:sqEAOHSPmID5An5h67rAz3YbXjQNIzPl	Q1:臺北綠驛( Taipei Green Station Plaza),;
2017-01-01 22:49:43	49c9243d217d151ec0c27c6e2f20e824:I70J4NtxRpHftceQuvBZTJvAHgmuhdhM	Q1:臺北行旅廣場(Taipei Travel Plaza),;
2017-01-01 22:53:14	90ffba97ba6bc52e5f7c53eeed5bccb0:YlZvOmRGtcJlTS6dSPiX2vGu5EuD0P74	Q1:臺北行旅廣場(Taipei Travel Plaza),;
2017-01-01 22:55:20	4a5ba9e77c5f64ad98ce19cd5dce4167:38uODtyajFCQ5SCCJ4ixbf87QTuwf7yn	Q1:臺北行旅廣場(Taipei Travel Plaza),;
2017-01-01 22:56:52	968cda9eaf759f08a8f3fd8b996fb362:pcIxFFBlT5c8vwQnbES86YbTDzUGLIWO	Q1:西站廣場(West Station Plaza),;
2017-01-01 22:57:34	734e49681c9e7e0fcf1e1b27f354db78:OOJoXn9yNFMqyNhGGHktlTUDqpKMRApk	Q1:臺北綠驛( Taipei Green Station Plaza),;
2017-01-01 23:29:49	8c2e93560ce1dd04e5fafd40f9a84977:X7EieicNtMdeCQ0JRKqWBSgLQS76ZO9h	Q1:臺北行旅廣場(Taipei Travel Plaza),;
2017-01-01 23:43:47	00bb4893596402b159f92dade776b518:4qtcvvvIrtsHcIBupsLjpic7lVXMXE29	Q1:臺北行旅廣場(Taipei Travel Plaza),;
