2016-12-28 00:00:36	0f7445ab0f9066f786db6f2fb7e6d022:i7IcHugpgsPnLM4ZLfiMgn30YioBSg9J	Q1:臺北綠驛( Taipei Green Station Plaza),;
2016-12-28 00:03:54	aed51981f43acfc2c2c3e3dfc7f82de5:5VpaC4gNCOmYqiiQGJVgPDwguU78uYSB	Q1:臺北行旅廣場(Taipei Travel Plaza),;
2016-12-28 00:13:51	f58c157b8bfbb2c7371cf291cf8ecffc:NgknSltmc3yEVZrsgE9YyFHdXPwl6qAZ	Q1:川流之心(Heart of the Hub),;
2016-12-28 00:14:27	4838d6995c5531e1da474f0db9fba6eb:KSM9fgFHsrW4KbwJmbesxDGjWLo7hj1l	Q1:臺北行旅廣場(Taipei Travel Plaza),;
2016-12-28 00:17:04	3591c4f9d3aff0c2d2b9a97cdf9821a9:uOnD9LlmeAzyEIQVSYFyRcroIwUdIptt	Q1:川流之心(Heart of the Hub),;
2016-12-28 00:22:02	ee45ea7606790c17f8c758e70ca3b127:BIBt4nKXypNwIp68IKx63VrIKITt87Yg	Q1:臺北綠驛( Taipei Green Station Plaza),;
2016-12-28 00:22:14	49b10374543141983d00f54e3dea579e:qSpPHT5flBXK37ZSkPZgFoQa9TDltTwi	Q1:臺北行旅廣場(Taipei Travel Plaza),;
2016-12-28 00:22:32	45a3349aa1fd1aec6f460078c5c2ed39:B1IwgFs1KPDixUvmf8bYigzDYk4r4pZ2	Q1:川流之心(Heart of the Hub),;
2016-12-28 00:27:41	232b9c205ef9333d3a78d72c00be6e52:mRxw8UrKfkbIKO8CgtrgIQ41sFJh5SNW	Q1:川流之心(Heart of the Hub),;
2016-12-28 00:27:54	e0648cb6b391fa771624ba3573429d19:oE9inCdzXCEGCjFBOjV1bV4hZTG8Wlxm	Q1:西站廣場(West Station Plaza),;
2016-12-28 00:29:43	2a73beaa185658659af9652d2eae15b3:67Lr3woca5B79XPTHSFz3wysy16mdmg0	Q1:川流之心(Heart of the Hub),;
2016-12-28 00:30:49	4b8e9a788ae1870a27863959f06ddbe6:KJwMe5Fkre2ozWlmdi9kTqziPVzDFKN0	Q1:西站廣場(West Station Plaza),;
2016-12-28 00:41:38	90bde3674f26c556d677e77668ac15e0:bGtD8WCO9DXuhCdedeuW5sfQZPUssfew	Q1:川流之心(Heart of the Hub),;
2016-12-28 00:44:11	19bf20b5c339733e03efdd506525107b:fYyjglM7qg97oBwmcfG4fAYfLYa25bci	Q1:臺北綠驛( Taipei Green Station Plaza),;
2016-12-28 00:46:52	28b376be1ddf90e1772e85f2b6992247:PoZW107X0dDeviLjtNDhyYvwkttQybKA	Q1:六鐵通廣場(Railways Plaza),;
2016-12-28 00:47:29	6909dc9fbe6f0892ff4e11b4a924601a:X8XCXowkT73RWbdHkcInrsBTEwno8Eo5	Q1:川流之心(Heart of the Hub),;
2016-12-28 00:51:45	5533269379a089555045e114f28d4f99:4MT3zQRffXTuFeoyiKVPQpSvuPTIP9q2	Q1:六鐵通廣場(Railways Plaza),;
2016-12-28 01:06:10	434ddd5c5205228e51a4dd56f450bc32:Nx6PlmffHjdERG0jNVIZEEQTJzuP1JlC	Q1:西站廣場(West Station Plaza),;
2016-12-28 02:41:55	0d98d0c10c3d3de1bebb55deacb9d808:yDZT7luwLdAPA60C0G6APT2VPk8wz2Np	Q1:川流之心(Heart of the Hub),;
2016-12-28 04:43:00	35e19fb4a14da7dead1c33c30848b8a5:ZjvFSPd8J9fMwDboHcwYDIniBlHfSgzA	Q1:臺北行旅廣場(Taipei Travel Plaza),;
2016-12-28 05:19:19	ee1e16b8a93563966b0d30dcbdcb5c83:cX4AUTAPWsmTJWpUxBQg7PQUMXuP5BUO	Q1:西站廣場(West Station Plaza),;
2016-12-28 05:39:27	ca26214eebfe60bc1ad1efe0153c041b:6GHeaO16BtfXGxcnwqxXZWZZCKmmHiyg	Q1:川流之心(Heart of the Hub),;
2016-12-28 06:33:13	77fe55b12bd6cc683f66655fe1f4c0aa:2w9BozSSHvO6jNJMHZtyvzCmUTGKdnMb	Q1:川流之心(Heart of the Hub),;
2016-12-28 07:32:10	2e4324496b870e0afdfa22d516a1a082:scTgh5RXE97DVmD5e8TPv71BzBWjQaHo	Q1:臺北綠驛( Taipei Green Station Plaza),;
2016-12-28 07:58:13	8020a99fcb0ce7c8f729c8855689c4bc:edSMja9zTMNuyw2gfJJNs7ZUbVJlIVjP	Q1:川流之心(Heart of the Hub),;
2016-12-28 08:05:10	8ff10fb517440a9ab2403cf96e6a1a32:pg49jmt8hLm8s4uLqPWIYegyEY2Hduod	Q1:川流之心(Heart of the Hub),;
2016-12-28 08:11:17	9194b4ace8c6d46e0b6f07ae33937ca0:MKX3xirHRulHJcA0RyDARlW7mO7SyEYZ	Q1:臺北綠驛( Taipei Green Station Plaza),;
2016-12-28 08:12:56	25045a59fcdd6a110b72f69a2fb87f3d:insYrQGGo6Va1xa5m8S4ynQItK15koTU	Q1:川流之心(Heart of the Hub),;
2016-12-28 08:13:37	4c97319ec1b18ac1e2255388beb8b5fd:Rl09VYtJ8CVuk24ioOz1n5Jf3lm3EJXh	Q1:川流之心(Heart of the Hub),;
2016-12-28 08:30:53	f5e488675588a32cae3cbec31a33d65f:UEThB7NPupFOL1PCo1G7Dyo8GCetjgzJ	Q1:臺北綠驛( Taipei Green Station Plaza),;
2016-12-28 08:32:33	2acca22daaa94305eec5583066041120:y3B9j4o1XvaYtwqTxVjTNGzQBCuPGpoI	Q1:臺北行旅廣場(Taipei Travel Plaza),;
2016-12-28 08:37:00	b1393304c95950b9dbaa3880d34590f4:ZXpgJ99J3qjMwgS3noWxeyuBIY3Jehc8	Q1:臺北綠驛( Taipei Green Station Plaza),;
2016-12-28 08:48:42	846fdc03ccca62a6e91a7472a54793b9:D2JaEr2h11wwPTPkuUX81JdEl5XwtDX1	Q1:川流之心(Heart of the Hub),;
2016-12-28 08:50:44	4a3d322e2f7bef351f51dca204a279b5:befHM1RXFV6DM22vvWWJzl7cR6gePCrJ	Q1:臺北綠驛( Taipei Green Station Plaza),;
2016-12-28 08:56:18	a691bc2a3f41886af1bc74d8fc2a8a64:kmGADGmXt8hfaAFRNk4HW39IxZ8lwDQ2	Q1:川流之心(Heart of the Hub),;
2016-12-28 08:57:06	fb5cb88ee4948dd1dca1aa6de058e185:R1LvFz4kiW3DEyp24qeA7dkEOqZIDxrI	Q1:川流之心(Heart of the Hub),;
2016-12-28 08:58:05	6d0ff12362ed1b0bb98b3c06d4174041:oqqJtFskHHdNrtwwHVUz0qYMCs05GrNu	Q1:臺北綠驛( Taipei Green Station Plaza),;
2016-12-28 09:05:07	57e1e8847bac634a931c67e480838142:qlwY37oSo1tXpBGavp0cELmYDPUqBEF0	Q1:臺北綠驛( Taipei Green Station Plaza),;
2016-12-28 09:20:18	4acc9be282c08ded25b9a59ebeb1fc32:pqWyOfMOvM2oOuzSme6R1C4nQ6GzWEeL	Q1:川流之心(Heart of the Hub),;
2016-12-28 09:22:48	34e32651c5cf7e63faff9e6b64799743:Xi7nVIklsUB9DcB9ZHLmTzNp93nhXBt5	Q1:川流之心(Heart of the Hub),;
2016-12-28 09:26:36	6cdaed58ae093f71c5f8f6eae3c9677d:HGCIJr4aRX7PCRQdbHg7lLRLIIDKFI5i	Q1:西站廣場(West Station Plaza),;
2016-12-28 09:31:49	7d76bc37f65b6fc72fe4fdc005fc994e:sKZCfvE8xlsiwAShKPybzuAwsUU261Wc	Q1:臺北行旅廣場(Taipei Travel Plaza),;
2016-12-28 09:39:45	82089a1a94b4328eff9e63bc762dc944:SgkYE4QSUin7aYYjJaNqhzQvHW4dVXMb	Q1:西站廣場(West Station Plaza),;
2016-12-28 09:43:50	2b8b11ac57c4e0c97ee9643969c0181c:jJwNYJA8SuA8i5PsZdjPTXfaQW0lfbkn	Q1:臺北綠驛( Taipei Green Station Plaza),;
2016-12-28 09:45:47	4609ad87dfe3c76e0e7522f34c0bf2fc:datEyHFxEP0BrG5sSPmpMrIFQmjRR5Ft	Q1:六鐵通廣場(Railways Plaza),;
2016-12-28 09:51:40	5dffeb31ca198110347a5acfa4d46868:ECu3z9IRrnFkVj58mTMNj9DrgSMkRGmK	Q1:西站廣場(West Station Plaza),;
2016-12-28 09:52:58	4d0e62fa3315dd949eda84a409aa3df6:3J9IOE40178DOhzXUtaVSGkRYUIHJpWx	Q1:臺北綠驛( Taipei Green Station Plaza),;
2016-12-28 09:54:16	c7c40d00ac53229f915c44df53661303:YL4HxGKg5uW7DGqSQjdb4oXfAWKmhdmx	Q1:好綠地 (Verdant Plaza),;
2016-12-28 09:54:52	f649307e4df1d911f781e12e36526755:S0P8diwMN74aTaHQWrSdQBgAGG5DG1em	Q1:臺北綠驛( Taipei Green Station Plaza),;
2016-12-28 10:01:38	0674cf2fa1d26ee9f252968c6e048896:CfFAwpCif3syjYYzgGHDKNRxygTqEqsb	Q1:迎賓廣場(Guest Greeting Plaza),;
2016-12-28 10:07:04	a23cafdc4ef46c5a0740c541c7d6d089:J7KnrnQl3XqQTNdcuo1U9l5wr2rtrTU0	Q1:川流之心(Heart of the Hub),;
2016-12-28 10:10:51	34548837c3862f5649e15ccbcb5f22ac:hUnVPXsPOoLzSeuFnP4mOGDxnJ0mokpc	Q1:臺北綠驛( Taipei Green Station Plaza),;
2016-12-28 10:21:47	e0092a0768dedf76897cbee11b6943cf:14TMgERAZ0JaghDnCnbbTM0hL1MVfhff	Q1:西站廣場(West Station Plaza),;
2016-12-28 10:30:36	83736e5a6637450c1c4b13b72b9c49c3:Rdn9CJFJzcYWe4stzE2FMAO0PrKATm25	Q1:西站廣場(West Station Plaza),;
2016-12-28 10:31:54	cd13d2e8e88047e28e5eb160aa35a856:PBXZwuKUuwzGzUhiB7KLJGj6kq18dqBI	Q1:臺北綠驛( Taipei Green Station Plaza),;
2016-12-28 10:34:17	46624f5773dea4767b208fc5d91ed03b:67ht5TWDGnnqaJ6yRXXuljCwiGWZXmtU	Q1:西站廣場(West Station Plaza),;
2016-12-28 10:37:14	ac2c20243cf567037d01dc38c3d200de:LFd6plAlaBqwVyeszgORrbdxVjm8z91M	Q1:川流之心(Heart of the Hub),;
2016-12-28 10:37:26	ab7dfd64611bd9debcf1fca52ec164ce:EvuXyWwum7dgAXwgE5EuX5W1icFMjMr6	Q1:川流之心(Heart of the Hub),;
2016-12-28 10:37:40	9852b6297c6739c4171a195af418eeea:eJZH2Y1DJpMXpT3nYWj6jzaLOyIqDBUd	Q1:臺北行旅廣場(Taipei Travel Plaza),;
2016-12-28 10:41:25	6e092a70edfbfb4ee12272310baa8db7:MprZ79MsSZP13Rkv710230ugRKi33qEd	Q1:西站廣場(West Station Plaza),;
2016-12-28 10:42:56	2e3320c188635df5670b77182bdb3447:VXDeTtl0BFItPYkZVAcjOC3cj0pXH3wX	Q1:川流之心(Heart of the Hub),;
2016-12-28 10:43:34	6a57518b29d131ca92ee22bdfde394b6:99QUUMq5mibUFEhmmM0qWmD4Bl48AGNC	Q1:川流之心(Heart of the Hub),;
2016-12-28 10:44:28	7114b944739ae5688562615030817e93:nnZcasJUAkdFVmilMOiDwJOTTxWiTMwF	Q1:川流之心(Heart of the Hub),;
2016-12-28 10:47:36	301624879d4c06e75752ae18ce1d63e1:LBHztspdcE9gopth4MBcqMSJzEyqGeEj	Q1:川流之心(Heart of the Hub),;
2016-12-28 10:47:44	89ba55291d6fbdbb48acf4ada42a9c35:R9bLYeMoyimz2qcAxxx50EqzaSqinZ9V	Q1:川流之心(Heart of the Hub),;
2016-12-28 10:48:24	6d60aa9118f3a5edfb03fa5380f8672f:aeM0GrUacnpaXrJase9ydywwGC0lmGS6	Q1:臺北行旅廣場(Taipei Travel Plaza),;
2016-12-28 10:49:01	b80b932acdb8e8e6ee343ea112b2d406:3d9UWCbDZWgo3djhvocGLeFuCWa4jmt8	Q1:臺北綠驛( Taipei Green Station Plaza),;
2016-12-28 10:49:34	b549f7b68bcef0b3018b3d9b956bbcd7:09KX0OmFxDFQhSiyrh6FnYh4qk1VlaOD	Q1:川流之心(Heart of the Hub),;
2016-12-28 10:50:29	1e267ed214aba51a7d131645270f00a6:ISowMLQsjmj1FRRK2SeBZcmt7c7hY8dT	Q1:西站廣場(West Station Plaza),;
2016-12-28 10:55:45	04026c3c628e4d74791d4e20c25dc127:5uCjQjCcMv9829RTZzw4B5isQOTYw3zn	Q1:迎賓廣場(Guest Greeting Plaza),;
2016-12-28 10:59:54	c09efdb1b83003122e2eb940b0df990b:L7PEzN30GhtcPm59R8ptZI03eraOo1lg	Q1:迎賓廣場(Guest Greeting Plaza),;
2016-12-28 11:00:03	285194fdf00478be200958ad6b21dfd3:OwuzvjWW0RdYtG8jGEep9y5OUSPruD4M	Q1:川流之心(Heart of the Hub),;
2016-12-28 11:03:46	184fe0ea88bffacfab0cd13625eae5fb:mh5Y3WTBSVdosoRB4oqCdCmRkaDzHWud	Q1:六鐵通廣場(Railways Plaza),;
2016-12-28 11:04:39	beb394568439dc0776571a66718d1a78:kcAITXFeAam6GU7wa8j3ZsJ2FawnuwS0	Q1:川流之心(Heart of the Hub),;
2016-12-28 11:06:43	4b10485390120bce8d81fa6bec9a3d69:fIW2b1YL1Adr528c9jLa5DQSxDAhAMoW	Q1:迎賓廣場(Guest Greeting Plaza),;
2016-12-28 11:06:45	c84dcec97899fc3030b4036d7f1d0ac2:gcbQYR71U4e2sp8MyKEdNKLMqk1Ys7ws	Q1:臺北綠驛( Taipei Green Station Plaza),;
2016-12-28 11:10:02	1b689f5a1a2c191d7c94d8cb557e8d1b:55Sb6pmodAYkDxZQNQ7TeGcOY1LKD6K9	Q1:臺北行旅廣場(Taipei Travel Plaza),;
2016-12-28 11:10:19	ef9f3912f0ae37056cf9448a8b4f9a66:NNHqMGZdSSsxEPRSnfSIMnA9kpK6DY0p	Q1:迎賓廣場(Guest Greeting Plaza),;
2016-12-28 11:13:18	057baf4f3255eefa1db1a6b69b7daffb:GGcesT69W8wxzvkv90Tqr1Or0B3Rjwyp	Q1:臺北行旅廣場(Taipei Travel Plaza),;
2016-12-28 11:15:27	bf6e702b88a2dc799b94b570c2040dee:ZFQUB7xD8BasbxWlxEIcpoAAmTvWWfuS	Q1:迎賓廣場(Guest Greeting Plaza),;
2016-12-28 11:16:21	fac4635b3cdca5b139a766d49bf30bf1:xj8K4vz3g0hmCxNNCYzYTSTWzPh0TdIS	Q1:迎賓廣場(Guest Greeting Plaza),;
2016-12-28 11:17:07	77436bdc0035a13a2ec00d2d0cfbeed3:mgr5UlTHmmGBJob1l4aAcRV2QbFjYwg9	Q1:西站廣場(West Station Plaza),;
2016-12-28 11:17:24	869dc191dd805a6144c01baee34f4c27:tlV0IruVp2RMu3ijtHvwOLbUrFOrv1M2	Q1:迎賓廣場(Guest Greeting Plaza),;
2016-12-28 11:17:55	a77862ac824c502cef8a6b7f2ea7282e:01Px8Ifi8lWtsM9wNVYpr4jdEzBXs5Hq	Q1:川流之心(Heart of the Hub),;
2016-12-28 11:19:13	78679a98e6c53c4ad4af51fda7aea8e2:HcuFqdB8SRB6UodeHsqqZV0QULN1TlgX	Q1:迎賓廣場(Guest Greeting Plaza),;
2016-12-28 11:20:06	60a0ccb9f60b8ad0daa62b01a84ebb47:DOkbQ9R3boOOtctwImvsmTCaMhgHTc81	Q1:臺北行旅廣場(Taipei Travel Plaza),;
2016-12-28 11:21:35	f8ba174f7e8616969074b74c74a57d78:kZauvZlGcGIPjzFvoCWcHOd9L22lASWF	Q1:西站廣場(West Station Plaza),;
2016-12-28 11:21:45	18dd57f84d69a87bc9ac1c5aa1183290:ZjikhDFH0mYa4wpktyQ1UOb4kevxTwWI	Q1:臺北綠驛( Taipei Green Station Plaza),;
2016-12-28 11:25:37	2ff0deb855f62b02ee1f18688102ff57:hAKU1b2GsBTTSvwrcgTwg8zslnqqt9sn	Q1:川流之心(Heart of the Hub),;
2016-12-28 11:26:54	d41d4978b3c0fab3c1e0288a2015cc51:r05nBCV64HYxaD4Q2JIuiYUf0aHppubC	Q1:川流之心(Heart of the Hub),;
2016-12-28 11:32:49	de7ff640f22952467fa1266307255e6c:EX30AjntWVaAk8Bgl3ET3LIeCBbaYhYr	Q1:川流之心(Heart of the Hub),;
2016-12-28 11:33:51	52215042ccb8382655d77e4dbdd09c63:M1FVSNQJcM8aB9zgUrIZRtoIfg5bnwEb	Q1:好綠地 (Verdant Plaza),;
2016-12-28 11:33:51	17d1d7417f0207b5de6ea1a423ba1b64:6BBfFbbJS7rZAOMwSNvCCxttrSMEhNOz	Q1:川流之心(Heart of the Hub),;
2016-12-28 11:36:06	eace5ec07c51fae0d1d59528165d9510:xoL152VNF2IvgzVk7zPuRc1B6xLfDK80	Q1:臺北行旅廣場(Taipei Travel Plaza),;
2016-12-28 11:37:43	45b92d30b6c43f2031ecd9320cf6c913:oqyOxVHWAGsl9fCz3RvHUQeH5BuJO8Vy	Q1:西站廣場(West Station Plaza),;
2016-12-28 11:39:58	c6ed1a99868664225e72e1b8965052f9:XVLDoQ4TcTR2BkaZIXhcJkDeXXcQzCTk	Q1:六鐵通廣場(Railways Plaza),;
2016-12-28 11:40:37	261655a61659cc0241a15136c594a201:BCP0P09etySulkYpZCGqsn4fgc74jxBd	Q1:好綠地 (Verdant Plaza),;
2016-12-28 11:40:39	497ea720d4092262890bec7c9b0485bf:Qri8d43vKDuvoN3PaE3GhdMssjC4hFCN	Q1:迎賓廣場(Guest Greeting Plaza),;
2016-12-28 11:42:51	3f99af849ae3c1221c8c82d73320ffcc:dlmDz7QwSlBaF2IecnBtK8qr9WWMCArC	Q1:迎賓廣場(Guest Greeting Plaza),;
2016-12-28 11:48:52	a09c71c32bee226421acac4eec81cc80:Fn4DO9vyXHJXGtnenAU5AaV5cvaADPRC	Q1:西站廣場(West Station Plaza),;
2016-12-28 11:49:01	76892a4109719dde930876875a65f2b6:Wtc0fEDMcL1SLDImzlwbNZf9CsEiZghk	Q1:西站廣場(West Station Plaza),;
2016-12-28 11:49:50	a29bbbfc2ab149c26f56978365516c1d:nzSKtnodL9tQCdRmm42bUAO20NCujnXY	Q1:臺北行旅廣場(Taipei Travel Plaza),;
2016-12-28 11:55:31	6c3cae13e4583b960e96003c8ce9dcb7:A2RjQeljpXqLjmHqohGvEF6ybhaDdX6X	Q1:臺北行旅廣場(Taipei Travel Plaza),;
2016-12-28 11:56:02	598ca356a23e6bb363e6decf8a1d89ac:NtxzmsBqkRBgwbRtyGQ75yyRLAIzO2he	Q1:西站廣場(West Station Plaza),;
2016-12-28 11:57:59	b8760abe4412526c696042023ae21447:oOGx4zBFVvn2QrgY83PUGP9wVChQRCvu	Q1:臺北行旅廣場(Taipei Travel Plaza),;
2016-12-28 11:58:48	90fb40a87d8b4e21c47ca83188e493a3:d5uZccUISiM1PQSipVB9N5fVmYl9bbit	Q1:西站廣場(West Station Plaza),;
2016-12-28 12:02:52	083f9aabd4542dbf491077aec2c23b94:TVkbLitWnGijwxY9vdBjKHCLfupnjns6	Q1:臺北行旅廣場(Taipei Travel Plaza),;
2016-12-28 12:03:23	dbb59629a9499400faace9e2e3135ee9:lIhvEKmmjqpaojywH0yTX4Kvz0w0cN4v	Q1:西站廣場(West Station Plaza),;
2016-12-28 12:04:04	693442af760d38bb447c23d110df75e2:ZsqaswH3qh3kn1IoItCwwSSTXGUdjF5y	Q1:臺北行旅廣場(Taipei Travel Plaza),;
2016-12-28 12:06:25	aba33113d4b252410ee2a34e007e7e52:zPayncxZymaFmmawyggEutKk1ItOD476	Q1:臺北行旅廣場(Taipei Travel Plaza),;
2016-12-28 12:09:47	f018137175bd92200fb6d1a52d5d4f08:UM50LEbp5Thgk7CgXvj5tfxHkpZubic2	Q1:臺北行旅廣場(Taipei Travel Plaza),;
2016-12-28 12:11:04	293c56dd6b356cc10ce4fb2827897c68:Li1A02rwC4AdpiwBbkwAw6RVnl3zibp2	Q1:川流之心(Heart of the Hub),;
2016-12-28 12:36:18	a99b62b42baef770a89cf0d1b41f0133:adcPLoogFBdKiADqULtY75HbiGwvzRUh	Q1:臺北綠驛( Taipei Green Station Plaza),;
2016-12-28 12:38:36	a5400f6ef9dc25b24037e6e0f249dd0c:NF29zVPJy0AmSY5TBVFWbkOhs1VEDJzJ	Q1:西站廣場(West Station Plaza),;
2016-12-28 12:45:09	e7ff93c002e8bea4a73003f08ddfc8e0:aNucx0F1tG8ft3an6t3IOk963TeoY0wB	Q1:臺北綠驛( Taipei Green Station Plaza),;
2016-12-28 12:49:26	34b0d9dce8e7e1f69036e048c66e82d5:NUcOFJ0poY1gb4yG9czQt8osq2IsWrZV	Q1:西站廣場(West Station Plaza),;
2016-12-28 12:49:56	f669ae4def3022473c6c976580e7b409:H6BDPatPJMomkQ0CsvopPupUTKb4rX25	Q1:西站廣場(West Station Plaza),;
2016-12-28 12:50:48	80da105cb0dd9f3bd1ea23296d2ddc98:FiVKaWI1mWJXvIHXtoe6QomSagBfjY2L	Q1:西站廣場(West Station Plaza),;
2016-12-28 12:52:00	8b50f0065e23eac835b76db9526ab030:4ckjqWqf6wKORt30IvUzdWirD7Oc5ivF	Q1:西站廣場(West Station Plaza),;
2016-12-28 12:54:13	8cc75ce179a9e66ed8a3b4704b6d78c4:p45xWeRX3uts5gz24CbT26nxhXTj363o	Q1:西站廣場(West Station Plaza),;
2016-12-28 13:05:44	1a85f3df42b2595974fbee291ddf0123:J6oeAXqgu5eFUsuPsXj0n6I4ntCptmT6	Q1:川流之心(Heart of the Hub),;
2016-12-28 13:23:05	27f3d036adc82f118d3fa11b022f3331:N35CWMaz4mjuLPRw27OReGvgosmkF9eM	Q1:川流之心(Heart of the Hub),;
2016-12-28 13:31:05	9c2bbca1c6abee9e29a9e91ba5f1d972:hHjWqSoZG1QhkhRy1mE4z9V8F0HO5nIx	Q1:川流之心(Heart of the Hub),;
2016-12-28 13:31:25	c979be2a8bf246cf5edcba3732325da1:EhVTVkndSQGPx9ha06cJLQEc2Qy2CaGh	Q1:川流之心(Heart of the Hub),;
2016-12-28 13:31:29	9b151599dce6382aece75aeec404ab41:3eFGhTsKH2dBW0ijrEWqNBnL1vHllqcI	Q1:川流之心(Heart of the Hub),;
2016-12-28 13:31:33	2e9bf9ca570195cd5041834e5cf9e929:6UuND5ezmpYbydhVmCZxUzIUjs5o4GIA	Q1:川流之心(Heart of the Hub),;
2016-12-28 13:32:51	ffdf265523bc916976334e918e6ec1b0:Klo7CDOfcU7bYMYewZdmuA3GKQr4bUai	Q1:川流之心(Heart of the Hub),;
2016-12-28 13:33:47	dd90b882af584ef63a70cdb5a11b465f:lK8cSIXOWOQjasLpK3wcY4sVdbzjnn4m	Q1:臺北行旅廣場(Taipei Travel Plaza),;
2016-12-28 13:34:36	c101e876a9db1a10390b8ce2e49b92ae:NPhNxL1pZdMVFeiwwVlX378Xc7ZowNVL	Q1:西站廣場(West Station Plaza),;
2016-12-28 13:35:04	8273eb93d0ddbb13f0287a6a1712b025:4novh5e0y984XYjtgrMKyFBbmmZDiWlx	Q1:川流之心(Heart of the Hub),;
2016-12-28 13:37:15	7c4f9c97e9c77c794cc48ad3a9236421:05hre16FJkni8nbifQImqk6USnWrGDrg	Q1:臺北行旅廣場(Taipei Travel Plaza),;
2016-12-28 13:38:06	75efabb7143a83ee5fb2abc43237579d:PJkeDVYynMdP28QbgCe5sR4CXTDC4GTp	Q1:臺北行旅廣場(Taipei Travel Plaza),;
2016-12-28 13:38:15	a88a90823cbc54405ebc162dcf02d56a:75FrHNQYoexbrmyL283yPPPYUChQAqzq	Q1:川流之心(Heart of the Hub),;
2016-12-28 13:39:04	66d2d71c354315ed1cc1eb0d6e6ea4fd:9tZTlgRrfkuvSXPGbqufobsfNm9jH6bB	Q1:臺北綠驛( Taipei Green Station Plaza),;
2016-12-28 13:40:44	0ec367bfc1f126ec9190288e894af1d9:oNHzEdV1L4WLMs6kG8J1hIzcjA5Y6oxr	Q1:臺北行旅廣場(Taipei Travel Plaza),;
2016-12-28 13:43:46	fbc10d9e0e7ed48acb3cc4c90b162229:z8v2F2hNYUm0z4mHiR0cZNupOSgOdDWV	Q1:臺北行旅廣場(Taipei Travel Plaza),;
2016-12-28 13:45:50	1d177e6f3c21460b2a9a6d3f406495c5:nr2wLo3FigccGFWMgiQt9K5tFo2WnMk2	Q1:川流之心(Heart of the Hub),;
2016-12-28 13:46:03	55ef989edf1d84e8d17b98fa2ad91e58:iUcwgl66rS2zr4bQlZG2X1ers6qPSIlw	Q1:西站廣場(West Station Plaza),;
2016-12-28 13:48:01	61c0992d3b08c8332ba03d6a9ab0b236:W6G3UYCT3iCsPJ4CqqosW06mPGIx9giJ	Q1:臺北行旅廣場(Taipei Travel Plaza),;
2016-12-28 13:56:52	73f21405d85f648d1a6cd53d27f9899d:BR21hVKG03fb7QOrCJj8zjJi3bStBmaj	Q1:臺北行旅廣場(Taipei Travel Plaza),;
2016-12-28 13:58:46	c2142e0a16293cd6b422a969c7b1a7e9:UV23vx5t4FennBmhu5yhIHNRRRV0AYoe	Q1:臺北行旅廣場(Taipei Travel Plaza),;
2016-12-28 13:59:17	51ae74da16996e3fc4b7fcf923895174:uuhWdTXc6boNmS6UzSqJla4BLHZQ9qzU	Q1:臺北行旅廣場(Taipei Travel Plaza),;
2016-12-28 14:01:19	bc2d3f2d0701bcee781856aca1efe51c:3ndJT2WZT6yQqXUWf3nmzo1WEmmWdPmK	Q1:臺北行旅廣場(Taipei Travel Plaza),;
2016-12-28 14:12:23	2f944133000f6b5d25f384a5de4d69b4:KRg1pFzZXGMXTUca3JNsifVRBUy9e3Bq	Q1:川流之心(Heart of the Hub),;
2016-12-28 14:44:57	65ddc4423f1371bdde3ae6c8f0da9fc9:XBeYiVXwPZZ6VNEVZUVOPLKUShQd7tbI	Q1:臺北綠驛( Taipei Green Station Plaza),;
2016-12-28 14:53:50	2ca7aafcea1693e3952723fe932ebd32:VM8BuvWaiPvTrUQ47lE7JEuIvcOayenD	Q1:六鐵通廣場(Railways Plaza),;
2016-12-28 14:58:08	a721a4df22568111da4c497b8ca47387:l5FE8bmkM48K4cQA6yZijyz5EEvS3EjB	Q1:臺北綠驛( Taipei Green Station Plaza),;
2016-12-28 15:02:39	c89923ba5e85f17af84ed70533b53ba5:NFvBWJq3xzs8usicZLyuEpHHPbhMWEYt	Q1:六鐵通廣場(Railways Plaza),;
2016-12-28 15:03:37	10760e4630f6eb0b7099799b56e93dd6:T24X27A6jQ5KZZw8dqCFZN9GX2AabX13	Q1:川流之心(Heart of the Hub),;
2016-12-28 15:05:24	0bf8a5d6d9f8e850879739c9dec25b6a:nqqD7wCc7Qmdqr8vZiItz2Gd4DbRlyrz	Q1:川流之心(Heart of the Hub),;
2016-12-28 15:09:56	dd501b7e4acd0cd959be6d104e53859e:HIpmJilXPelgO7CaObyiuYwatQRcPVUF	Q1:川流之心(Heart of the Hub),;
2016-12-28 15:11:46	8f682e0f03598479cd8d9ae752435347:eIL4eux4msPcw4VVoboRbFMOP6ln4FRX	Q1:西站廣場(West Station Plaza),;
2016-12-28 15:17:56	a0c4e2e7d6f9ab566c1dfeedf498c59f:HW1Lj8OfxEbLYVcCIZzxfvCWdz3jN8p7	Q1:臺北綠驛( Taipei Green Station Plaza),;
2016-12-28 15:18:07	e09a97025341d5b781a37200b99aeee4:Jwb1UsQo1W3H9wYKMkrzZJ2AUxlIicKE	Q1:臺北綠驛( Taipei Green Station Plaza),;
2016-12-28 15:18:59	9df104ebbf8190fdd87ecd816696680c:jzJSTccIjZ2v5fGc9SGRIHDGj31AFRHN	Q1:臺北綠驛( Taipei Green Station Plaza),;
2016-12-28 15:20:56	206780687092845593613bcc0ec624e0:uY1FFghRyzRPWLZsjXwuFOgtyPi3MFEW	Q1:臺北綠驛( Taipei Green Station Plaza),;
2016-12-28 15:57:28	dac3af14a3f66f74679e90d2f40ec00f:6MNqeWjhQL88NlbHh58LsNAkn6zLPsQg	Q1:西站廣場(West Station Plaza),;
2016-12-28 16:39:04	8340e8946390c30eb1089ce40c4519fe:nTp27Qo2zQIysaHSntrZFWY38QhtFvIv	Q1:川流之心(Heart of the Hub),;
2016-12-28 17:08:42	df48095757ba0eb2fd1acbece38042c5:QyouHhgR9XU4aB6hRNoeDyk0mr0P9bri	Q1:川流之心(Heart of the Hub),;
2016-12-28 17:15:59	aa4bfe70702b1e85c935b9170e74773a:KY3Ah1rmLbk2Nd1ryBKKjfTGTGhs6oub	Q1:西站廣場(West Station Plaza),;
2016-12-28 17:35:59	bfb44144b10ba115b9378966fd0aebcb:MJK4xUdeoV5yzF8VoVfcWb25cz8p66Dc	Q1:川流之心(Heart of the Hub),;
2016-12-28 18:22:01	fdc8d3dc66b87eb2b56afef680e2efb4:NptOiwmzzsFY0n9e8xBIg7KQJ9xZQVfA	Q1:臺北綠驛( Taipei Green Station Plaza),;
2016-12-28 18:29:34	742c374d262939b60ae95f543d30b278:lNGhWckuSJgSBUbZIYtkHmfEkIvrmNOx	Q1:臺北行旅廣場(Taipei Travel Plaza),;
2016-12-28 19:08:38	d534b1f3bce353f543b78e2a59b81d2d:55IoISUcBa6cyn4gAXwCdOHkVZJFUx8A	Q1:六鐵通廣場(Railways Plaza),;
2016-12-28 19:25:17	05b825e7665c1b679e3c6de70aaae930:6cyAFsyw3EovdRxdV1x1rAcEWVxBeotP	Q1:川流之心(Heart of the Hub),;
2016-12-28 19:57:10	a600f48e09d1884a6b79d3a8ff39505e:pkjJuozoJKf9426FJLfjNs54O3jOZ4Gd	Q1:川流之心(Heart of the Hub),;
2016-12-28 19:59:41	d232ea4b5c39d5ac62f53e0a760d10d9:TONHfZZ00yF3QU3w8fX4YWMDBPN0Mx8Q	Q1:臺北行旅廣場(Taipei Travel Plaza),;
2016-12-28 20:00:09	92306b403bc651a7ec0943f58d475c90:JVZ8if46HLrDmhVgXXrSsp7Gvkaoz4E8	Q1:臺北綠驛( Taipei Green Station Plaza),;
2016-12-28 20:14:42	6dfcc413e718f8133f0a42860c219a5d:zmQJqnZA9Db63E4nXP6SamER14aX0Noc	Q1:臺北綠驛( Taipei Green Station Plaza),;
2016-12-28 20:46:13	10ef92178ee9f08f5d378c9e99e1d408:FQxXJ0PswuOxeWv1FR3P0JZ9b2ka50OM	Q1:川流之心(Heart of the Hub),;
2016-12-28 20:51:12	0c78f6e01a60082ede5b8f22ec58e708:2YdZOtlByhaT2nolkKn4AulGSSP7nTaO	Q1:川流之心(Heart of the Hub),;
2016-12-28 21:14:42	9fffcf334c0cb6a41d979c2eed5015d4:3J8ZWSIXjHMiGEnYECjMviKMbC6J42Y0	Q1:臺北綠驛( Taipei Green Station Plaza),;
2016-12-28 21:46:30	4a67fd27a60565e0dd292d5ba80a93c1:1ocAOONPRzcJ590hf0lcAga1JcpyAguk	Q1:西站廣場(West Station Plaza),;
2016-12-28 21:52:03	7daa64b67e3422e2912f4f91fe387157:qF5vmFuGpvpuD051Bnho1LnyN7R55DV2	Q1:臺北行旅廣場(Taipei Travel Plaza),;
2016-12-28 21:58:07	66e5a3b2b093a210ef2a15f2b1272908:dB45PhcisrEmPFyGGpivlOes1PuPcffk	Q1:臺北綠驛( Taipei Green Station Plaza),;
2016-12-28 22:00:47	e1c42dbfabb8e543716b31bafd0a946e:dg3Qg0xbs1P5tix66uXlsL1D5RFXY3XS	Q1:臺北行旅廣場(Taipei Travel Plaza),;
2016-12-28 22:08:33	eb60dfda533241433a3646e16e02a73a:MCDwPQVPVbiAd26ctR2AdUfffkEXUztF	Q1:川流之心(Heart of the Hub),;
2016-12-28 22:15:31	8f781da69dd930267fb0edfe6c98bd43:puIoD36uBeJw5TO5FXxbASwmTeXlQScg	Q1:川流之心(Heart of the Hub),;
2016-12-28 22:17:24	9fb5925dc09cdf76beb83cfdf9d5c84e:HqQiDfl6SvnkfMwpKR5Nab8rrhLp56RU	Q1:川流之心(Heart of the Hub),;
2016-12-28 22:18:45	d5a97843928dcadaa118bc28f262acf8:q96jFJrXg1G1QccTbfFnLo4unyAfMSZU	Q1:臺北綠驛( Taipei Green Station Plaza),;
2016-12-28 22:24:12	449b58f251266fda1f36e0f416d24345:SUstCYPTJe8KPm8q37PGGGhjRZUbPIkW	Q1:川流之心(Heart of the Hub),;
2016-12-28 22:25:20	237c03145c0a39accc41c2ba718ab92a:cO7ptbkjmumorDWMnJKAp4xvrzNiQZEW	Q1:臺北綠驛( Taipei Green Station Plaza),;
2016-12-28 22:32:46	02c9bb5beab1a8cf1ec66a44599c1539:sFhfaqQdcCFR15SobNfQWuv3BB6DqbQN	Q1:臺北綠驛( Taipei Green Station Plaza),;
2016-12-28 22:34:44	bf9d5bd56507a22165ea6399c1bdcfcd:27ZOzGrA3IbwB83hbPWAZLY0jMQUDtAh	Q1:臺北綠驛( Taipei Green Station Plaza),;
2016-12-28 22:36:34	cb82d73d82d6397789fcb91afa61d7a6:DeiuWlAh4wIb58ZSoJ7zIptnxoBEzkZN	Q1:臺北綠驛( Taipei Green Station Plaza),;
2016-12-28 22:40:08	2a518349c0f9e209604d5eb997bbd52a:89Hwm2dC9C6wAZ31FLeeLpaBChoCIgiR	Q1:川流之心(Heart of the Hub),;
2016-12-28 22:49:36	b892d6b87cd8417c999f844e26d04e07:nFX2frJ2rGJbhGke5LZKlTZJsflbbSG2	Q1:川流之心(Heart of the Hub),;
2016-12-28 22:57:35	d1262e34e60fd7fb71cbe1c2839ddeec:khb5nr9sHIKzOMyF2xjPcXv5Z2jzJnvq	Q1:川流之心(Heart of the Hub),;
2016-12-28 23:31:12	61619d3ef525eef8e6e71ef919db7077:KlOt1hZ5wqmx0ay8kkDd3DhaCxhIvqW9	Q1:臺北綠驛( Taipei Green Station Plaza),;
2016-12-28 23:55:25	74cbee11bf1d219fc61aaa567f4d751b:gyBB7Jy6bz5x35lcEmlQEduUojPM6OFp	Q1:臺北綠驛( Taipei Green Station Plaza),;
2016-12-28 23:59:28	250b75998ea3d510e1ed1c4cec0f0845:OKdc6woO4kWAqeVcAYkBp28IbD9lG5pn	Q1:西站廣場(West Station Plaza),;
