2016-12-27 00:01:31	ce78b9d23af7f3bd91e595cd370600e3:L4VRtKn7NtldJmHqmDNhRR1RCADssVUY	Q1:川流之心(Heart of the Hub),;
2016-12-27 00:01:46	250708ce45906e4fa496554753e0f117:G639NZmFrxvvAsmDE2unwQ8BSUyC7Xwy	Q1:臺北綠驛( Taipei Green Station Plaza),;
2016-12-27 00:10:56	450080e893f646f4a890b776f027decc:uLenItsthJe2uMzB7xTuGmxivxFN3ABj	Q1:臺北綠驛( Taipei Green Station Plaza),;
2016-12-27 00:11:09	e112df2f26eab669c741a42cf64c7168:uIymTy8XwTI1pDpc3xadJN9jrBVpm9Oe	Q1:臺北綠驛( Taipei Green Station Plaza),;
2016-12-27 00:13:09	fffb76f1eb7a94a2d9b4f461c52186cf:1NMFqCMeEgTrqIKA0DDi4uYYvnRzhC1T	Q1:臺北行旅廣場(Taipei Travel Plaza),;
2016-12-27 00:20:56	540015e657df94346e30bddbab28e8d0:qbB3vfHovBS9B0VZPj5t44EBvn7qzB3c	Q1:臺北行旅廣場(Taipei Travel Plaza),;
2016-12-27 00:24:09	9f86c46ef0ae0c09f4efda5c47a2d56e:r4vL1aqUkVOMiALI0o0kCcER0kuVL8ag	Q1:西站廣場(West Station Plaza),;
2016-12-27 00:27:44	287464f11f9094d9392189e005a6b70a:TxAvm8T58zgK81JGIFeeETHd9krYV23i	Q1:西站廣場(West Station Plaza),;
2016-12-27 00:36:02	f887a857d38b4c8af49568abc77e75e5:NwzlZAAxJaGss6IKOW26B6cqvl5rlFXP	Q1:川流之心(Heart of the Hub),;
2016-12-27 00:37:09	91b36c1d4c57cdbd9bccd9f12bcb2cec:6Muo73Wqx9Kb3IrKzbJ2Lg8DCFPtbekV	Q1:西站廣場(West Station Plaza),;
2016-12-27 00:44:46	d6fb5cbf566e8748c73b17fb6a05835a:VE6Fo4h9BTaYQOusTUjJsPspeiOcwIsh	Q1:臺北行旅廣場(Taipei Travel Plaza),;
2016-12-27 00:48:23	a448d05cd4da62ca4a4ffc3530449c8f:R0dQgMkZa07pVI74gweU86OSuxU06Xb6	Q1:川流之心(Heart of the Hub),;
2016-12-27 00:49:58	167c21bf4db84614bd9505a293bf4792:ZHm9ZPPCZuxiFHrZFO6jnY8tRHdi1v12	Q1:西站廣場(West Station Plaza),;
2016-12-27 00:52:56	09bff80479c88041ed469723fdb73b1e:90jjBGXwlwlT5KApNFqkYJ59cZx7ceVb	Q1:臺北綠驛( Taipei Green Station Plaza),;
2016-12-27 00:57:57	c187a6940d5150d0ae7b3625461c15f0:vGQhFpsxMn7xxgelQmIF0gglC9IVHIUy	Q1:川流之心(Heart of the Hub),;
2016-12-27 00:58:33	372753caac3ed9099fa05479e38928ce:Fd54xNSdFIwY4h7PYwPQHgJyAmDZudyL	Q1:臺北綠驛( Taipei Green Station Plaza),;
2016-12-27 01:15:29	8ad0f6609e493a418077f292a2838bba:U4GcUDpL0cF4NPJzLad9B2FQcwseLFl9	Q1:六鐵通廣場(Railways Plaza),;
2016-12-27 01:27:48	6caef17d338338d463f2d8bb99135575:jNKBFPZ2gCPWNPg5gMX0QiEKPZuLRBDW	Q1:六鐵通廣場(Railways Plaza),;
2016-12-27 01:47:10	5fcfa4275bf009f41b55ce45adc82bce:OETJJ2KqpsBqrK3YgSOx2mJ4R2mUmhYZ	Q1:臺北綠驛( Taipei Green Station Plaza),;
2016-12-27 01:58:31	41beb9dfe9c540034102f8e3a256fdb9:N4DUFMCUEQODfMALWtSXJZ2saFHFyeb1	Q1:好綠地 (Verdant Plaza),;
2016-12-27 02:01:06	ad5d4897804be9ceae8d8ea93e0ee437:ErI22xbzvvud6Oz7xTmZG70wOfDG9uG9	Q1:好綠地 (Verdant Plaza),;
2016-12-27 02:35:34	36c875c0ea8bf9392b163f0321d973bf:nIBXcXYvuKhDWXMfBooVzgl61vxuFJSJ	Q1:臺北行旅廣場(Taipei Travel Plaza),;
2016-12-27 02:40:12	72b7f2f24b09e9ddbb019aab2bc0216b:cM5vxMkakNchuzzEqfUwnw2Wvbq9k1AY	Q1:臺北綠驛( Taipei Green Station Plaza),;
2016-12-27 02:51:25	13cd7fc9c38b4edca24c720eb4fad207:t0PGbt57hfUJJoF35z23GxkILCqoVcI9	Q1:川流之心(Heart of the Hub),;
2016-12-27 03:32:46	455acb7685bbd8b56d24a128b8ef06b0:TABvgRbbGXcbOHwysXHz5GmW3Ya1uUoM	Q1:川流之心(Heart of the Hub),;
2016-12-27 04:41:33	6efa8a4a293d7b6b947ca221ec42a516:ehodpQJeU8c4IRR3amfXY5HmbBx1jhjO	Q1:川流之心(Heart of the Hub),;
2016-12-27 05:42:04	b8515be6e32269d012ea6b887f4c765c:NLZjGkLHAAU1Y9kRs35bRTlQ1ROI4YYF	Q1:川流之心(Heart of the Hub),;
2016-12-27 05:59:53	9f902ae90cad3d9fbf6bc8b8d45a1064:sE1JZdv3oiQsFV6f8wdcy71JkyGpWL93	Q1:迎賓廣場(Guest Greeting Plaza),;
2016-12-27 06:00:54	2acf5e9d245779a906ee6ca0a79776cd:slwORmsyX3AD0I8JHErm9iWXy4DZ8wbS	Q1:臺北行旅廣場(Taipei Travel Plaza),;
2016-12-27 06:21:05	b007f2523133d8ae77d7ad2a8df81087:oBHccywKUXfjKh6PewSElPq6fz76Z2NQ	Q1:川流之心(Heart of the Hub),;
2016-12-27 06:22:03	1a4a05a5233000fbfcb0205612629cb3:90Lq4thGmGmQ9b1pgBrGjvyA29IHZaS2	Q1:川流之心(Heart of the Hub),;
2016-12-27 06:29:52	6f120d714995be127acff2a0f82c763b:HHfgXoxBI6C8BpNG5DCGLvXc47imtQMb	Q1:川流之心(Heart of the Hub),;
2016-12-27 06:52:13	aa3a01738a12debc5918913bff9d2420:JOXOTNuEYXrAdUklpdviChIe529TcHhj	Q1:臺北綠驛( Taipei Green Station Plaza),;
2016-12-27 06:53:04	e92269f3ffbd3dbb7dc7883b6dc0f888:iEyW2ANcRhwc6F0KM4XRjGgoSdpJrYkf	Q1:臺北綠驛( Taipei Green Station Plaza),;
2016-12-27 06:55:06	15cd18546e9506a3402640703c82effc:OUaeWZhTfcBly8OdFWelcqpv3f1av6c0	Q1:臺北綠驛( Taipei Green Station Plaza),;
2016-12-27 07:09:59	2e84061b58571f890c25c8374f97d4f7:1NEPopbcxSpOt0aNYf1chLwy7hsFNDIk	Q1:臺北行旅廣場(Taipei Travel Plaza),;
2016-12-27 07:18:43	bcfceb5d30483ec779ff04e8cdd49ff8:szc8Zc8MPVWndOBauYn7QWY0PW2nTf6i	Q1:西站廣場(West Station Plaza),;
2016-12-27 07:26:38	9d05782e9a839cac9e09d84ab359893e:X0JA1wGxDclDt6rG95B43T2PmAsBTeKO	Q1:六鐵通廣場(Railways Plaza),;
2016-12-27 07:26:51	f93ddd3d691fa33c19f400f3b7845fb3:EgvwLVoxey6qF3eI9NHM8lkCcNvWRpqV	Q1:臺北行旅廣場(Taipei Travel Plaza),;
2016-12-27 07:27:03	5ef3df922c1522a0b62ec8580eade199:wFqGIzwUvd4FD3R7B6B5b8NqJEhjWNG6	Q1:臺北綠驛( Taipei Green Station Plaza),;
2016-12-27 07:28:42	0570d7560899b2acd616a109172ef9a6:tLOlyO4ByKNYlxrLtkUFSgD0XQQ59qv4	Q1:川流之心(Heart of the Hub),;
2016-12-27 07:32:52	cea5f8ef938744e1c444300cb760f42d:lZBD1aWdV1DqdN9fXartk66Kx8b9Lx4e	Q1:臺北行旅廣場(Taipei Travel Plaza),;
2016-12-27 07:34:16	1632c05b0530aee3507498741138f8ea:qU8hoo34fId9ENAuoKw00HdKHEuW1Eq2	Q1:臺北行旅廣場(Taipei Travel Plaza),;
2016-12-27 07:41:09	f0e1324d82bab10f23d75d2f287eb345:29JS59eg04IbOtrOWhVCbaqAYzktz9di	Q1:臺北綠驛( Taipei Green Station Plaza),;
2016-12-27 07:43:44	69124b77f78da68c5697b388b4e4647e:gOVzJ4FkT9aGVsFk8B0RacH2l5apB6lt	Q1:西站廣場(West Station Plaza),;
2016-12-27 07:46:49	e36a4f02971c20a20246d0d90fca0271:fo1Cjkw04CecMisKcwMiWcAyECNkT4U6	Q1:迎賓廣場(Guest Greeting Plaza),;
2016-12-27 07:49:13	b6712e685c685016c6ac1c0483d937fe:h9eqvE8OBDGoh5lshFShG8z626ENx9Fy	Q1:川流之心(Heart of the Hub),;
2016-12-27 07:52:25	a0bea8c730cedeba4a3322ec00188168:L3tEcJ0BH1AkXVQJviLcEREJy5mapNKJ	Q1:臺北行旅廣場(Taipei Travel Plaza),;
2016-12-27 07:55:29	ca3d70229e5643f78663fdf3ebe2fa86:J4SlUrTCj1iY3IL9F13W6anM3Manx8fa	Q1:川流之心(Heart of the Hub),;
2016-12-27 07:56:58	bad6572ba341de0f41b6a5979f27f32c:uxTLmhtxXlPtZbRBrdUXAnjtROq3weOz	Q1:臺北綠驛( Taipei Green Station Plaza),;
2016-12-27 08:00:53	ebc66e347a181f160d410c6e9a2a0064:sK7lGWQV856hfPsgOI1oR1SUvPrH8XMX	Q1:六鐵通廣場(Railways Plaza),;
2016-12-27 08:01:31	a9c951e81b566ab6ced5c4841fe842b1:xR800Z7Vl8KK75kQaQaZPxtd09dKKpYR	Q1:臺北綠驛( Taipei Green Station Plaza),;
2016-12-27 08:01:49	e41e2ff2ebd0d73669475fdcb74e7503:ETQiiPHEWHxUOIX1SZt6Q4LgsBEyBdjI	Q1:臺北綠驛( Taipei Green Station Plaza),;
2016-12-27 08:01:57	63df5ab636f0df60fddc6e3f060d3554:W9I5iu5zjuxo9eJIKL15xrJzC2LIB2EA	Q1:臺北綠驛( Taipei Green Station Plaza),;
2016-12-27 08:03:13	3d041b6b8bf950083a63cda645ee1804:9AMlghlvRprs786mnRbKKLKbW7M0JKVW	Q1:臺北綠驛( Taipei Green Station Plaza),;
2016-12-27 08:06:02	7ade54825681a6095c1c2ba8ce4f0025:2SK0pAKbCZOZZpy7aVUe7xWF9hPTcIbs	Q1:臺北行旅廣場(Taipei Travel Plaza),;
2016-12-27 08:07:09	1a535ba2e4a6743e46d528fc6454bdc0:LJmIAp7aaLzjSLJG8BMejCBh6LhhLZTh	Q1:六鐵通廣場(Railways Plaza),;
2016-12-27 08:07:33	053218ffa9bca76260247dea9e24123f:su8ju8eRCVbjHQczLEUIYrymgYAJ0ULU	Q1:臺北綠驛( Taipei Green Station Plaza),;
2016-12-27 08:07:34	06eba36054da94be9161d8eba1e761b3:9Set0cPOFDQjPPbT2TlICnne7uBrc80I	Q1:川流之心(Heart of the Hub),;
2016-12-27 08:08:02	f48deecbbca12f8d40cf58af642b2efb:cM6pMbDeQldt9CYSqFVzONzkzD1aNshz	Q1:西站廣場(West Station Plaza),;
2016-12-27 08:08:48	6d94749770e246c610b15f7b75e476c4:PBeWeZDkVhuC00fYqx7hVl7jy19tX3j9	Q1:好綠地 (Verdant Plaza),;
2016-12-27 08:08:48	51aa95acd75af735219bf11e105248f9:ZaIVtrzZ33pFlgoFwMLT9m0H6h8NGXXx	Q1:川流之心(Heart of the Hub),;
2016-12-27 08:09:30	6bab8ea3a245c4973a512dfbe8753305:tK6QL3OoAQWQnHfyelRTcght793ap0f5	Q1:迎賓廣場(Guest Greeting Plaza),;
2016-12-27 08:10:17	138b3a5814aed06561d5b3392e3d470d:qgdhVt24DbbCGqLw5CsKitVf6wz6yElR	Q1:川流之心(Heart of the Hub),;
2016-12-27 08:10:23	43a7e0ceab5c67e3479b60cbc19644ae:tvuu90J6EpWDDhtuuQIZ3viUca7jttZu	Q1:臺北行旅廣場(Taipei Travel Plaza),;
2016-12-27 08:10:39	86faf307269139178b5d179c4bcdee26:eywpaOfEerZvV8Yixa6Axzo7Rw0eVjFc	Q1:川流之心(Heart of the Hub),;
2016-12-27 08:11:43	d70c4995f6babd6f9646f9311c789006:8PG2PRdDTh2aaqEHzajPV8bXTo9e9gdF	Q1:川流之心(Heart of the Hub),;
2016-12-27 08:15:04	9548f1305ffe215cb3903459921e6889:4Jp4IfUX7C1FjmybReZQZEXzgAK1ahuM	Q1:迎賓廣場(Guest Greeting Plaza),;
2016-12-27 08:16:10	842d9b1acd239d269f881850cd5b4cb4:Qa29SeFfqfay6tgLgglCevACbBmeoMZu	Q1:川流之心(Heart of the Hub),;
2016-12-27 08:17:50	f3845b39bf074047371a88e888573aa1:N4ehCp4XyUpLHllTTdLWGPIDbiMHnY86	Q1:六鐵通廣場(Railways Plaza),;
2016-12-27 08:20:25	88d3adfca7488d2d6da395a9cd3f1fbc:s2Pmw7bqdWOOSFLBVDGpkqA2ifFMbZt5	Q1:臺北綠驛( Taipei Green Station Plaza),;
2016-12-27 08:25:02	0c7e08f372f67e9d8f69a9a1b4a9b8ed:DE4SJdpqFu1liJgz628EfmUOimptCgDT	Q1:迎賓廣場(Guest Greeting Plaza),;
2016-12-27 08:27:47	a0c9316a37787417186ac907c626076e:8hT9Z7ld67cu7NflhbQWwBpf8FmwTJLh	Q1:臺北行旅廣場(Taipei Travel Plaza),;
2016-12-27 08:29:46	a0dc23d0ec887cf67065a6cc1921b74b:r8stEtfnjbuGUiOJahRYtNpT7tjsvLbZ	Q1:臺北綠驛( Taipei Green Station Plaza),;
2016-12-27 08:29:53	8d25632893c7caf01b1774c688c7fe88:nObi8IwFIb3UlFqDypartRC0sWx57RTb	Q1:臺北綠驛( Taipei Green Station Plaza),;
2016-12-27 08:31:13	51fff552eaf3bc77bd0ad53b5b060847:NET5NXmwLDNQMG57lwGfKQNGbVONnSna	Q1:臺北行旅廣場(Taipei Travel Plaza),;
2016-12-27 08:34:13	3476996b23d8b4cf12ca129ee0eee2e8:DEIBaxsvlde5ttffqZa64viZX8LWZoIT	Q1:川流之心(Heart of the Hub),;
2016-12-27 08:34:53	9be95852ddc09bc9b356b2f19bafacaa:nvy1iJ4ddCw1dEj87UY1fTnQZYGriUU0	Q1:臺北行旅廣場(Taipei Travel Plaza),;
2016-12-27 08:35:19	1d520e97de0e2efbf0e2778edcc8334e:gF6ftNTviN6mVotuGHJ92DH1DwH8UkyF	Q1:迎賓廣場(Guest Greeting Plaza),;
2016-12-27 08:35:32	c5778c8bc213a545b71c88c025f27b74:m9NiwtPNugdwooCz1isoZgagr6H3A1oZ	Q1:西站廣場(West Station Plaza),;
2016-12-27 08:35:40	08fa177145a9761c1f3797bcc1483cc2:ZZCcswNmqtDUxO0nEIPel9fNxaViL6Eh	Q1:西站廣場(West Station Plaza),;
2016-12-27 08:35:51	7501425295d575d6c0f3188fbbf2685c:rCixnmaAmMyA9N5kt0tFm4GtQSB8FMKN	Q1:迎賓廣場(Guest Greeting Plaza),;
2016-12-27 08:37:14	12acf1b069daa6ec936ea5c83b18a256:sR8Xkr1n4axiIMtQl1kQAOrMCoHKt9ud	Q1:西站廣場(West Station Plaza),;
2016-12-27 08:40:02	29b4f44b5eeac2a35910424d6453c42c:Xipcwm0IiYH6Bn372LcHUupLk2kcIBIx	Q1:臺北行旅廣場(Taipei Travel Plaza),;
2016-12-27 08:40:04	0b5d28f865aed102681ad72282b93c5b:vDY0akSpZecHe37uIRzJmMSVcX24Tlho	Q1:臺北綠驛( Taipei Green Station Plaza),;
2016-12-27 08:40:30	4e3c2f85218e4c6dfb043258702a65ce:aGWnH552xq0XjS0eq0JSkavoR53PpUnQ	Q1:臺北綠驛( Taipei Green Station Plaza),;
2016-12-27 08:45:12	ee89fba03087f35fdea83bf4f2c2d038:8L8JemED4nsILr5rMcxQrsRcwJBza2EF	Q1:臺北綠驛( Taipei Green Station Plaza),;
2016-12-27 08:45:58	08c2ecfa639a7abaf9eeae01fa21e700:ynXjf5BBMZa952z7OOQHHTyUpl8m7CUK	Q1:臺北綠驛( Taipei Green Station Plaza),;
2016-12-27 08:46:31	0d90f5a9827e0621840dbea958024a10:FI8SaHRrmaO8H9zdjSzDKUfnVchTDauC	Q1:西站廣場(West Station Plaza),;
2016-12-27 08:46:59	c94bf0bcade807d7ad5daa9745bab75f:bjy2csJJKkFYYiGOsEpLgQtT3q83quKR	Q1:西站廣場(West Station Plaza),;
2016-12-27 08:47:03	d74902534a907628f0ad6a5c6ade3bdf:o25YfhnpW9ECZ19lagljnTYvFYwIrTda	Q1:川流之心(Heart of the Hub),;
2016-12-27 08:47:04	344781ed9fcc44db3486ca4c7fdf3cd9:j1yz2PvHr9PknVhsJiPTSHb65rUsdfxx	Q1:西站廣場(West Station Plaza),;
2016-12-27 08:47:10	ec9eb99c7a8811be20476f09b765388a:MF50BVnHV8IFNwT3Fme8c2D83OXhW1EJ	Q1:西站廣場(West Station Plaza),;
2016-12-27 08:48:10	4a51a172d7272959a449d3f8c0e92b49:D7X1Fjo638Ikcr4sXQNUINoTXWMCG2FX	Q1:川流之心(Heart of the Hub),;
2016-12-27 08:48:16	14ceee0b3750b57c4e2de3052516e4c2:Vic1rh3EFHVCqapUBhWBfS2Qde0nsPYW	Q1:臺北綠驛( Taipei Green Station Plaza),;
2016-12-27 08:49:45	36f176d52e6bcd1b2ca225a108ccc202:sowViRbykKs7JPmF9mTLb1nkNRsDgmwb	Q1:臺北綠驛( Taipei Green Station Plaza),;
2016-12-27 08:50:14	37400f3acadeda3309f8c86f0031e648:gVbE6cxOD3cNSQURG67fkrfDzBBJUytj	Q1:臺北綠驛( Taipei Green Station Plaza),;
2016-12-27 08:51:37	25a360d85ab87e9306e2a7002faa1e9b:8pCZhSnHl4tDshHwMPO0PRzwAFn9EeAw	Q1:川流之心(Heart of the Hub),;
2016-12-27 08:51:47	bdef844c96ee3c2d5378d783cb0bc7aa:aBfmoXXDQPZiWatBhj3jfSoG4P6hxGRh	Q1:臺北綠驛( Taipei Green Station Plaza),;
2016-12-27 08:51:48	3f338a9799c09fc8277d181520491351:XbuwEaqxWHmQSZE13rVilGHfv18cJbJL	Q1:臺北綠驛( Taipei Green Station Plaza),;
2016-12-27 08:52:17	ce655d3cb88ad50b3099f349a736627a:phNVgK7jfEH8qTzkEDXYVrHuVZ5nQTP8	Q1:川流之心(Heart of the Hub),;
2016-12-27 08:53:59	20a76aed12385768072efb9194534700:wazabj5NZ3i1RactcbNSgQ4s4M0B9NNp	Q1:西站廣場(West Station Plaza),;
2016-12-27 08:54:06	3399d357e323cf9705263ceb487869ac:prGomCER234uBpptNtALOFpunTWLMFcD	Q1:臺北綠驛( Taipei Green Station Plaza),;
2016-12-27 08:54:08	0c27e6c7960b24225cdc8eb47af33889:SNwSel8SD2MsiX2o3jBsCKKfbQabzKNn	Q1:臺北綠驛( Taipei Green Station Plaza),;
2016-12-27 08:54:36	edf8e96febeaea70327863860a4febc0:hhqNlGZUXgsp8lbr7oorRMh3Brq5j2Gf	Q1:臺北綠驛( Taipei Green Station Plaza),;
2016-12-27 08:57:28	029609d421f42ca1eb96e523b4a004f5:gX0Lj6MzSrJsbnJlTbAQuB0Qsi6nn414	Q1:西站廣場(West Station Plaza),;
2016-12-27 08:57:30	ec86dcbbd0a6d511b6caa6134d2f3b4d:Okq48JNoIn8EEGB4Afod7tSrGpRwFES4	Q1:川流之心(Heart of the Hub),;
2016-12-27 08:58:40	6cb14eda036277639e5c125446881f32:AbBIIjJ93gTYp6bnW6thHqg1gLa1OM0R	Q1:川流之心(Heart of the Hub),;
2016-12-27 08:59:32	b72ad8c0e836328455f13308b39f90a7:3eoL7DFI0gYJtwBZVklW2b0rCFJ9QAta	Q1:川流之心(Heart of the Hub),;
2016-12-27 09:00:42	c1d6d003d2b2322e1643703c9ce6c0f8:OvgkRtZFOvifCewXVMXjQIkZjhqL2SE7	Q1:臺北綠驛( Taipei Green Station Plaza),;
2016-12-27 09:01:29	ebf97f3b44556cc4f95fbc47c867c133:WXITeTwI7AAXzRqZLgbAm3VQGGoPRiuf	Q1:臺北綠驛( Taipei Green Station Plaza),;
2016-12-27 09:03:31	9cbbcac054b7105088aed80a386bd331:z1eXg6kwprg9qpCfb8fEJPB9M1J45Ovf	Q1:臺北行旅廣場(Taipei Travel Plaza),;
2016-12-27 09:04:05	924f07215c7f29db563977bdc37874c9:mqWNDpasepHcgnABr1EHp4Uqj2ybkhT9	Q1:臺北綠驛( Taipei Green Station Plaza),;
2016-12-27 09:04:09	a4222a8b9b0622cdd1b8f5bca0262cdc:Kc7ZabugjangX8eT7v7ftCxfIHjAxQQS	Q1:臺北綠驛( Taipei Green Station Plaza),;
2016-12-27 09:06:04	1cdb4c5080f8c6d1dd09913216c6e724:HKBqallC1KvGr4TO59cWkt5vnzmuMmRa	Q1:臺北綠驛( Taipei Green Station Plaza),;
2016-12-27 09:07:28	04959f2594b3530de297b0555e092de4:R9STVbfpz9bclYDFcMzNvoYQSBD2D01R	Q1:六鐵通廣場(Railways Plaza),;
2016-12-27 09:11:11	af275f0f094408b247df6fcd56e48110:HOCiLfgSHw3NOyeS1ayIgWqIJ49KINDJ	Q1:臺北行旅廣場(Taipei Travel Plaza),;
2016-12-27 09:14:13	b4dd805df5f67b595877972ae0377b90:YaAl30NyPXMsNkrmrocgNsBmjb44W4xT	Q1:臺北綠驛( Taipei Green Station Plaza),;
2016-12-27 09:14:56	d3b968113f1f143adf7447eebe07828f:m9LLVaqEcB0scIsxNR0QMnPIyiyTpFy4	Q1:臺北行旅廣場(Taipei Travel Plaza),;
2016-12-27 09:16:15	1e49b9d3d36ee305cb8dab337bf60eb4:YkWqF1yQXQ0lH5LCfR5UGvM8KpeWGyvK	Q1:六鐵通廣場(Railways Plaza),;
2016-12-27 09:17:37	b51f758eec91f9d1394c99f4ea9273f9:fRdgk2rh9LU672BZ07z7vU7cyHLtzLrq	Q1:臺北綠驛( Taipei Green Station Plaza),;
2016-12-27 09:19:35	4e056020f27b548058a2d6a8b1691b19:GD5SE5KKE5Vv4LsMGrvnqD4byYKQix4H	Q1:臺北行旅廣場(Taipei Travel Plaza),;
2016-12-27 09:20:49	bce5e6d9c07e8390d70fad699295adf1:K5KKvfqszSlR2NmghJvYpJ7sHK9tKF96	Q1:臺北綠驛( Taipei Green Station Plaza),;
2016-12-27 09:21:12	f199fa645ff7a059e9e67b2785e13085:XhLBRlBo0UJLEeQlpG0d1ptxIpLjgWuJ	Q1:六鐵通廣場(Railways Plaza),;
2016-12-27 09:24:25	e9db15f5572d666dd90962a7aa38a423:OID9vMiBXnUHKa6dKwamypmRmc5Ob4jF	Q1:西站廣場(West Station Plaza),;
2016-12-27 09:25:40	ef9e95557fe721676a94a7d2f5277a90:3MXSqfJyFTZGDdiuxJgdu4bPAYTjxNFB	Q1:川流之心(Heart of the Hub),;
2016-12-27 09:28:58	3fd94abdd05fc734d828b43184bedb89:vP3TGKswZKJibklnroOrLbAzRMeEIKFu	Q1:川流之心(Heart of the Hub),;
2016-12-27 09:29:58	544f986a2a197738fc867662941163bf:1whNBdqigZfvrZ1llsBIfsch0KvHBSc6	Q1:西站廣場(West Station Plaza),;
2016-12-27 09:30:49	227ebf57cd516d22e6c0dcb355d984c7:APzByBFGN1yUOP5iKFQ4II79uUwR5yTK	Q1:川流之心(Heart of the Hub),;
2016-12-27 09:33:34	4bdfee100602461bbcf00095c3bf85e9:Z22Z6ZMDiOB2kxWQnKcOg9fN5OpdXWdv	Q1:川流之心(Heart of the Hub),;
2016-12-27 09:34:28	723680e2fd224da9a79ad686fe0aa63e:3UxwFaXkIwxQNw6zECVvoh6OrbERLYZw	Q1:川流之心(Heart of the Hub),;
2016-12-27 09:35:06	08850a78d3bd43414f6a0fae6428e0cf:MzLFzEbsAswMEVekBGD4Cy1m1MiYIEoD	Q1:六鐵通廣場(Railways Plaza),;
2016-12-27 09:35:10	b2e566f743e7fff2c27c5bf49102b6ab:Y6ZJKVgPwQH8CwIHzhyZrdhOEN59p4sm	Q1:臺北行旅廣場(Taipei Travel Plaza),;
2016-12-27 09:38:48	8fc253fdc7fc416fef91243ceb35496d:MVXI2VYoHjNrB1xzfcvQ7HBrvXkTCEC3	Q1:西站廣場(West Station Plaza),;
2016-12-27 09:38:49	dd709fb8839adcd17822a2d8d7de9dfe:vOMKniOKbIEXn3sJhA5O79aoFzWitRiD	Q1:川流之心(Heart of the Hub),;
2016-12-27 09:38:57	f2dbd6c293ab46d45cf25c800a69efaa:Z2Ni3jsMP1S16vdoJHtHoxFzQUNKrSWN	Q1:川流之心(Heart of the Hub),;
2016-12-27 09:39:14	3c469a5b21adcf0d4c829e8f133ebda3:AhAvqbDTwyT8xmwPHeVGyW1M1Pav1Gp8	Q1:川流之心(Heart of the Hub),;
2016-12-27 09:41:01	95396c519297db2bb36c204a7b53af29:alCEQWAsek7xlPltODt0ELV0ntw1KOEr	Q1:臺北行旅廣場(Taipei Travel Plaza),;
2016-12-27 09:41:55	4c7d5d1c45694e0194ccfbe91ada4773:60knXnBWeuXTVjlbaXJ8Co9jUZb2LzJU	Q1:六鐵通廣場(Railways Plaza),;
2016-12-27 09:42:58	fc79d525448ce1c996f41b6ea6136409:B7eBBMQA6UPs0Xucraflh1ygT1dJ55Mf	Q1:川流之心(Heart of the Hub),;
2016-12-27 09:46:09	d6b495c3fd8ea9f85a4f240e36e82c4a:FvxnX2uwEtW0bXYsXV7IYCqiQrrrIA55	Q1:西站廣場(West Station Plaza),;
2016-12-27 09:46:13	982008c9029b3caf5f6a65f941addb54:bYY5LfjGYTCMTQWcnubjhqGluVALToyz	Q1:臺北行旅廣場(Taipei Travel Plaza),;
2016-12-27 09:46:26	1fc94104bc821c36f112c2eff89c0dfc:BW8RF44BmtVk3wVsLSGwAzJWnZECKJja	Q1:西站廣場(West Station Plaza),;
2016-12-27 09:50:02	5ddba814e216d14d1a940e20a2965d3e:xYVNbpqNeNOQoeeIQ4pqahYk4VJOcAds	Q1:川流之心(Heart of the Hub),;
2016-12-27 09:50:12	2356ae85bb3784e3cc66088c0d8d20e5:MoHsQVxA9XfQuhKIGBoeLdP7jzt3mbQc	Q1:川流之心(Heart of the Hub),;
2016-12-27 09:51:05	98d170818909fab9d9d8aaac7f72e4a4:JK8WcF2GPIAd10J6bSuhiDm4bhhomWLp	Q1:川流之心(Heart of the Hub),;
2016-12-27 09:54:38	37d50e11c5dd332d67d42822bbc919e9:xBJMwp1Wt0Z2ATiXbxm8AZSONCzhuivL	Q1:臺北綠驛( Taipei Green Station Plaza),;
2016-12-27 09:56:46	571bbed640ea627d97009cb68970d356:NcG8TchRgnJ8hzXjQolmJzg5e7VSM3up	Q1:臺北綠驛( Taipei Green Station Plaza),;
2016-12-27 09:57:13	1b9cc0e55b1e137f9202daf25eee9f2a:ln38EOUaLjYvoH8UFrlxolmVh2uJ3QVv	Q1:川流之心(Heart of the Hub),;
2016-12-27 09:57:23	21cbb75496cddca84fdf5e5373676929:aogs8IaljPPYHTq6uqC0Ss5ixa8VCNUG	Q1:西站廣場(West Station Plaza),;
2016-12-27 09:58:03	d0039e4756da55f37b493ebe56a68c57:FxpBOT43gu9BfRy6lKBGFwNMiFXD4eCH	Q1:臺北綠驛( Taipei Green Station Plaza),;
2016-12-27 09:58:23	3699d0448526a586d120d99d2655a814:3RE5znsze5noSoVWig3dFiHBVp4Pku8d	Q1:六鐵通廣場(Railways Plaza),;
2016-12-27 09:59:16	25b5ba00b1bddc8c05bb31ef5f47ab81:2I3fmRcklZGhX4OJbypZxAWVEf5EbPIQ	Q1:臺北綠驛( Taipei Green Station Plaza),;
2016-12-27 10:00:15	d00f2fe8c7ea70e9b727c79550741faf:UXmTjHvCLaOkwJ6N2XgXSV4NQBFddcsw	Q1:川流之心(Heart of the Hub),;
2016-12-27 10:02:10	fcdb73ba6520f9efc9c3399a7e47918f:2rSAzOiV7fL28gRSQINnndf28eKf09cr	Q1:川流之心(Heart of the Hub),;
2016-12-27 10:02:56	fc481d19638d02c63480d1a3c469aa28:ASSQ5e2vY0TNmsvhlIxNaQEZ1kAtf0gb	Q1:西站廣場(West Station Plaza),;
2016-12-27 10:04:21	503fd2c1d5b26fa2212797f9fc1df5b9:8ffDfmzHmSGVQVy4mbym6WW40pBwm2BJ	Q1:西站廣場(West Station Plaza),;
2016-12-27 10:05:41	eb83a22ca31c5fdeab3d0e1679c0f68b:Y5rDNAYQXPbvdVJM7Q1QyxZV8SDlQSWV	Q1:臺北綠驛( Taipei Green Station Plaza),;
2016-12-27 10:07:40	eeb2c6818b759ff5b488ed61bc081d3d:LKTAT12gtjROpvPJYtQjsRP1qK91xBnu	Q1:臺北綠驛( Taipei Green Station Plaza),;
2016-12-27 10:08:54	b9aab42c50015511898f868af2fb2084:xP5wGmM4mQvWufuz0YlzpZcfe2I0oUZj	Q1:臺北綠驛( Taipei Green Station Plaza),;
2016-12-27 10:11:35	b4cc6a733ba1b5cb860b3b0e391ebc0e:GiGeyIVXnUc1dRBP3kwQTcRD3Qn4tDe9	Q1:臺北行旅廣場(Taipei Travel Plaza),;
2016-12-27 10:12:41	0d9e59fc8666ed970d4233801dacdbcd:VS7KNGFcczBkd5y0csBRIZrS9iGKKrU3	Q1:臺北行旅廣場(Taipei Travel Plaza),;
2016-12-27 10:15:14	90b73f7dd2816a6a5284d536686e1279:7gY7GNTD4dWh9ZVVtdVG2jvvobpU0pFu	Q1:川流之心(Heart of the Hub),;
2016-12-27 10:15:37	a64025b5ac828e30c0d07b5eb9b3c9d7:p1UXnBJwJJFtd19manD7ZtcJNlmcESZ4	Q1:好綠地 (Verdant Plaza),;
2016-12-27 10:18:43	aa86f88c65732e1c075d01e6d25d19cf:FyLjCoRD2zAYPQ6poPwfMLuvStFnUCCG	Q1:川流之心(Heart of the Hub),;
2016-12-27 10:22:54	3a7c3c883bfe9748bffe1ec78a32222d:eoe9M5Z2oU2jvGSjnMJceRff18cD9g1j	Q1:迎賓廣場(Guest Greeting Plaza),;
2016-12-27 10:24:26	e8e13b27e955cd9b63d83d4d44f5cf97:wYRLF2DYrrgIu5ukKZB5ndrc3B7rrQf7	Q1:迎賓廣場(Guest Greeting Plaza),;
2016-12-27 10:24:41	fbb4c69c7b13ed59d2a95aceb0cb67b6:w7wJZMdM3nuoH5s6HdCnxvBXtI4oBYQQ	Q1:川流之心(Heart of the Hub),;
2016-12-27 10:28:32	1978ea1a1ee1ccbefee2a3682280c164:iTXsFuwfwzubFriC9QbA0FNKlcYsm6q9	Q1:臺北綠驛( Taipei Green Station Plaza),;
2016-12-27 10:28:40	b60305217cbff68dcab269de5ec99646:wFQQRV3uewF2aipuEwiFKbAE0MuILDTt	Q1:川流之心(Heart of the Hub),;
2016-12-27 10:29:22	b64fcd773b4f33832f9dc44f589780c3:h2L1IeLoNwuvs3oYbyFL4zN1TWEs5n7L	Q1:迎賓廣場(Guest Greeting Plaza),;
2016-12-27 10:30:30	00570e561a926309546cd326f9b4e253:7D0DSpFu4IR3PgeuqJaRpNO2uEGQFBbg	Q1:迎賓廣場(Guest Greeting Plaza),;
2016-12-27 10:31:44	d9c02f820686874cd5c104426d13e179:lnJ620N0y24H5A4rdlRbeU1gI64RfQIR	Q1:迎賓廣場(Guest Greeting Plaza),;
2016-12-27 10:35:35	4f5e093ffde7d1855b7658df01929667:vD6uMIyLmL2AHJckd4WAE8Ya06PTOqSL	Q1:川流之心(Heart of the Hub),;
2016-12-27 10:37:31	ec99b123b81e40b2937f37fc133e4249:UKl7dY0kQvo9PTuzqqORIuacVLT9LG88	Q1:川流之心(Heart of the Hub),;
2016-12-27 10:38:18	8c6d71ad7ca3d52d9ea4bdeee56b2fda:rX1I2209ss8DsX2FvvxCUxh3FuWmqP7T	Q1:迎賓廣場(Guest Greeting Plaza),;
2016-12-27 10:41:42	7a2ccc57fbd3dd25d43a968e79c65aa6:UhXa8LUkqFWyo1il206hKLhTseJ8gzLB	Q1:川流之心(Heart of the Hub),;
2016-12-27 10:41:50	95ef12cffd74df436824be91cba6a47e:9kxrJJHpbCc87x2Y17cSNfaWWn6vV7ek	Q1:川流之心(Heart of the Hub),;
2016-12-27 10:42:33	2c5add97472c62d9da861f47ea883865:WbwJbp6POg9xW2LZW6V8j6zMQrBmYFpW	Q1:川流之心(Heart of the Hub),;
2016-12-27 10:43:58	a49ce173f5322700510231ee6c169097:DL0y9C7ISgrmPzKA7LUxHOixHpgNhqqf	Q1:臺北綠驛( Taipei Green Station Plaza),;
2016-12-27 10:45:38	9c6d5e8f1a66be02c6bd42236ea925b5:cquYvvza0uYDIBEc2FLNAf5G8KW6fr8U	Q1:西站廣場(West Station Plaza),;
2016-12-27 10:45:49	51f92713013ad56b8cb085c48c2a29f7:NK3RTPBLOoawNY0aoHrZY4JieD1DXpoy	Q1:西站廣場(West Station Plaza),;
2016-12-27 10:46:21	5ffa8c240a4dbdc9070e5c1c42bedfb7:xxHjBKPJ4LZDdUqRyaWodBqbus3XCz1o	Q1:川流之心(Heart of the Hub),;
2016-12-27 10:47:08	c5749a2337826e9e3bd5b7e0eada6bfb:4C0NT38lEfhG1ggoSBAF8g9ei2pzs7Sw	Q1:西站廣場(West Station Plaza),;
2016-12-27 10:47:19	efe9ee052e6dcccb4dd10caacad84aa7:zH00JqSNHlGuvqKclUkwnbiDFOWsi1jX	Q1:川流之心(Heart of the Hub),;
2016-12-27 10:47:27	ea007cedce8e794b107873038ff7e15d:oRP9chbQUNbpPKK3FGndJFXqX1jJkJ8o	Q1:川流之心(Heart of the Hub),;
2016-12-27 10:48:23	c0b720449301ab85bfd4ef83816e1d73:MpIsnoTDrKefb4Tf7tUrxaIGI1qW2Hiy	Q1:臺北行旅廣場(Taipei Travel Plaza),;
2016-12-27 10:48:29	d02131b01025593b8eb6f46ee0b81f6a:ZzNjGtp03ZgRlsMwkfKwgngxJAewXDFS	Q1:西站廣場(West Station Plaza),;
2016-12-27 10:49:33	7db6b0fa3949a00fc34316eb29b79a6b:LyrWcdLX288R7N597Jg3hCVYi77Y7PAB	Q1:川流之心(Heart of the Hub),;
2016-12-27 10:50:59	b4cb6c445a943c42794b4b695c8a8387:75weUu9PRVce6eUQ902PLhHIGV5bpxzC	Q1:臺北綠驛( Taipei Green Station Plaza),;
2016-12-27 10:52:13	5e3a965b979dc682a0da5bb51a43e9b2:tpORBm9TU1iIRPpVHc5qLJvqouJ2I3aC	Q1:好綠地 (Verdant Plaza),;
2016-12-27 10:53:50	1b40506939e5c023eb42b2766018ec43:tlbJNueIgHGre5RsmeJtUAmqJnOJcOdN	Q1:川流之心(Heart of the Hub),;
2016-12-27 10:54:19	f28f768f90b2098acef4eca89ef97807:PL3WDznUzzCmy5w3Wm1v9uVT2q6Zrcgl	Q1:川流之心(Heart of the Hub),;
2016-12-27 10:55:14	61f69eb65f63cfb584e3929426144560:wHIWQEs9nqT1WErDY5jZGR9OZgfOaPE7	Q1:川流之心(Heart of the Hub),;
2016-12-27 10:55:47	a53fcf09be545f963292d9396bfe96be:UWtiNSn2aRYhnWA4MoLe0QklTBaaJ3ir	Q1:川流之心(Heart of the Hub),;
2016-12-27 10:56:51	ed1be85468b8878168ec6363e6a30b7a:fDSKPOuGjKJajldZry2tknEIrVE1bpmf	Q1:川流之心(Heart of the Hub),;
2016-12-27 10:57:12	732dff2434815c0bc3c3566d5b2ef400:bEfdikspG8seX86e89BuYYBW2KRJRb3v	Q1:臺北綠驛( Taipei Green Station Plaza),;
2016-12-27 11:00:23	1cb08f0b37a653048473a6cec37373d7:tvBFoiBpn0jaCIvZBDpPRgD0fJXX4e5A	Q1:川流之心(Heart of the Hub),;
2016-12-27 11:00:46	b2aa0307770786698a529be910145cc9:pZCkmU1EvwEIo1eOOdc8QEBaZ80dZH2N	Q1:川流之心(Heart of the Hub),;
2016-12-27 11:01:46	a3a42445a526a04d9de6b37110cbcc0d:BMvWhiof9QU7WSuQfzm3pWy8LWZDgwUg	Q1:川流之心(Heart of the Hub),;
2016-12-27 11:03:33	e20c295e5187bcbc2887ac909c0088c1:cfEV24dxqQKq1lq0937kDrLmutZAPbPT	Q1:臺北綠驛( Taipei Green Station Plaza),;
2016-12-27 11:03:41	1ef3f0ed3b3f54d7d3f0b81316a1892c:5mcVm94nPNAhipdUSVTuJJinAYHL6uxP	Q1:川流之心(Heart of the Hub),;
2016-12-27 11:04:01	30db03768db28ea949d3b53e518777bb:gDshhnEGMCUPWl6QMVYIqkgoKbUetmxq	Q1:臺北綠驛( Taipei Green Station Plaza),;
2016-12-27 11:04:34	eb64e1968ff1d24154ab0fbc45e4bc15:t4n2AfK8YFgWwuPrDpjBCGoABmF5SQzL	Q1:西站廣場(West Station Plaza),;
2016-12-27 11:05:10	d0e8f703c79656be8f98f9ea53f79475:XmJItZaVTsYSxfISSmI11D2TdcFqrOiI	Q1:川流之心(Heart of the Hub),;
2016-12-27 11:05:36	5ad4b230e0b5fa1ac4801418ffa31324:1Qwj1exwWyoKA3lPXGEkwScnudupz17Z	Q1:川流之心(Heart of the Hub),;
2016-12-27 11:05:57	fb2aa94d427c6df4552376f6804e6ae2:OB4aWHsnIeIOyinpm6vUHQzBP8hHi7XT	Q1:川流之心(Heart of the Hub),;
2016-12-27 11:06:17	4416217b51d9b22c74aa9eba7f718f1c:fgCNAMMGEa9ul4mYffPgNfXEqiPewLcY	Q1:川流之心(Heart of the Hub),;
2016-12-27 11:07:40	f8eaa0d87d484f82564e310e299f599e:v4F9oqFO5xPmBXU7SWL3tWlP6R5IbMNN	Q1:臺北綠驛( Taipei Green Station Plaza),;
2016-12-27 11:08:15	24a8022f23903ddf460a145192d12a35:XLH8AYYKShOiL8xfTY4Y5GqOknOEtDrW	Q1:川流之心(Heart of the Hub),;
2016-12-27 11:08:29	f2130a5f99438e55d9672c0efcc751fb:zDOfmm0h2mvVZZFJMeOPAzS4w25Gggb6	Q1:臺北行旅廣場(Taipei Travel Plaza),;
2016-12-27 11:09:20	6e573d585e62063829d757b3bbc9e7e4:px4cmkCbbsexkNbFruqg2vgvYRL8cYPf	Q1:臺北綠驛( Taipei Green Station Plaza),;
2016-12-27 11:09:52	2bcc4f5e7ed0182994106ebe15bd6630:D2VU7CDF7eHXoiirc5od0S6voUNmmhHl	Q1:川流之心(Heart of the Hub),;
2016-12-27 11:10:00	b602a4887bbc071a4811bc7c38721d3b:OSh6w1B0HLgyepL15xkODvRhjtUolT7d	Q1:川流之心(Heart of the Hub),;
2016-12-27 11:11:56	742f96fb2d2339a66f9406d128958921:tZpjDKjVxWWGKKb0c0iHNHbu5SQMJWqJ	Q1:臺北綠驛( Taipei Green Station Plaza),;
2016-12-27 11:12:00	2fe723c8c2e2c1c92cc0a66106b2e509:6gwr1AMb6URObTVIFU54QNrik8ucuEan	Q1:川流之心(Heart of the Hub),;
2016-12-27 11:12:15	75299cd384537604f06c7c8b8c8ef343:IpN3oCVd2Rpl4YXqsdNqllVigpdieByA	Q1:臺北綠驛( Taipei Green Station Plaza),;
2016-12-27 11:13:07	be6702bfab8cb99a4eabb55465b86aa9:ucTkxUwxakK28cfieIN1eHKzmuyURu1N	Q1:川流之心(Heart of the Hub),;
2016-12-27 11:13:11	2bdcd90318588cf76215c60c30767416:YgNriQz3SWbwIz39LmwAHXcIYHm4xo1t	Q1:川流之心(Heart of the Hub),;
2016-12-27 11:14:15	685f414fd8eb281f6c6a78336ca71c0d:P0tQY7jYN5lL9RfguPvl7oL4tzHSPLjO	Q1:川流之心(Heart of the Hub),;
2016-12-27 11:14:34	36cf742f230290915f3b92c570bae3ae:Fzdi2XjgyvbpjsQ8LpVltcs9DZXabENF	Q1:川流之心(Heart of the Hub),;
2016-12-27 11:14:55	fac77544d540abdd79e7757a6d0aa86c:8syGOuzGtWkyoOepJR9dpcOTMdmS9xdw	Q1:川流之心(Heart of the Hub),;
2016-12-27 11:15:17	2e7654f447088c22ab5ab49416c9a60d:xVU0SgDPvyAgHj6HTe7rIuaEwMkHdnlh	Q1:臺北綠驛( Taipei Green Station Plaza),;
2016-12-27 11:15:21	d0e4361f6848eedc74cce4787c5b0823:VyxR9EyjUIcvWHcbNNCcPoUxghsPpv4m	Q1:川流之心(Heart of the Hub),;
2016-12-27 11:15:38	2fa298fc5918ddfaca5ed8cb61aa8d38:tWqfYrfGla80DLOVUsyNJbHcKnCxgXyN	Q1:川流之心(Heart of the Hub),;
2016-12-27 11:15:47	a11099000961b598de216f64c8358747:1cicFRQ1FwnP2xI9RlbfA6SxBqyl1SsG	Q1:川流之心(Heart of the Hub),;
2016-12-27 11:16:04	9f7178d47ec29c33486b45fda3db2fd7:gPagT5fhbjgvSsDFUtog2lzF4mUWs3XV	Q1:臺北綠驛( Taipei Green Station Plaza),;
2016-12-27 11:16:13	da710703d4189fd71a77a54f151943b8:YhMlX3lIVHZ2USkJ4TnieEBAXSTxnAX3	Q1:川流之心(Heart of the Hub),;
2016-12-27 11:17:36	097ace32e41e80784463f5f5c7851d01:EOzUgXLF2wJTsygTZ6tj6p0GLWybMzUh	Q1:川流之心(Heart of the Hub),;
2016-12-27 11:17:51	627b18b262e9e7afacd39cedc8e897a6:emWvGQMnLxgXipJwDtKkxGtYp245Vyvf	Q1:川流之心(Heart of the Hub),;
2016-12-27 11:20:23	57b929a2a4717b341b07c12045c93326:vhb9oEFGVDKzjSMw6NdH0OGi4orQPlOM	Q1:臺北行旅廣場(Taipei Travel Plaza),;
2016-12-27 11:20:35	616ebb23ecfcce73baedac93289a002b:VZOnJyGkg6xgZXaThhsI7a0Ypl3vAZ3b	Q1:西站廣場(West Station Plaza),;
2016-12-27 11:21:31	362a63a05c21a3f1c063768c208cdd4e:mBfK2WzgXZtivOndzcFKRpFwGvKEWpjo	Q1:西站廣場(West Station Plaza),;
2016-12-27 11:23:07	592c3a5ce3a9ec226ee27ce41982ef6b:RytyBMOQRyqiJ3MKvAplUmA4cfX0Xr79	Q1:川流之心(Heart of the Hub),;
2016-12-27 11:23:31	e52c093e4381a55d723d37c08b97fd3a:OpV38F9CmkeV12qsXCsF9vLIzsWC6MpZ	Q1:川流之心(Heart of the Hub),;
2016-12-27 11:23:30	9df775afed02e7e539242df0bd40bae8:Fd4uWTHAEyDoNQpPE4fbOIpXV9bLXz1g	Q1:川流之心(Heart of the Hub),;
2016-12-27 11:23:39	49c7729362fa313a716423263ec1dc88:SWccUZLvxVSgQIwapWZfgRqUZLTaFQZB	Q1:好綠地 (Verdant Plaza),;
2016-12-27 11:24:01	c2d5e5dcdba6331453ae4677829ce9fd:ElTweWx2guyzyndbg6anUUnw3UcmSRoq	Q1:川流之心(Heart of the Hub),;
2016-12-27 11:24:37	0dac2079f6546285647738079e0595d4:eMm5iTyi1V3XjfSeobA2IomcgTrbIcqA	Q1:臺北綠驛( Taipei Green Station Plaza),;
2016-12-27 11:25:14	9fd9321f42891fd2167c84d9432bd58e:LRMvrcxrbTjZmZH1hAH2U3ewean3HWfD	Q1:臺北綠驛( Taipei Green Station Plaza),;
2016-12-27 11:25:16	10955ce73ce7646239293f81ab8e4c8c:GOXBwaKOpdhA0jCypEZkleXVsY3zWljZ	Q1:川流之心(Heart of the Hub),;
2016-12-27 11:25:46	7d60e88141efd13a1173eeca61bf9ac5:kWuVcc0zsyAgTllIbbCWCxpgD6SAJely	Q1:臺北綠驛( Taipei Green Station Plaza),;
2016-12-27 11:26:06	d99c3be0f86526ff628f25d2e3baac25:Gbmrd1nU0Alj9rK2DVuVVoLO0yPkwAF1	Q1:川流之心(Heart of the Hub),;
2016-12-27 11:26:20	d46f66b16469d4e677c6780f81dac0c0:mOkUlxlwZNToszNfwrwmyFUIKhF5ASM5	Q1:臺北綠驛( Taipei Green Station Plaza),;
2016-12-27 11:26:49	23d905cf56f0a9d481b1d25a7e8a7dc8:zzFNjceVEiu0oeXvFR1ngVrK5IE82DdG	Q1:臺北綠驛( Taipei Green Station Plaza),;
2016-12-27 11:28:47	8e60d0cc13b24290c85b8f342ffbf1f4:A6j5QkKCgxDPfoCyT7IQirTweHlqeYpB	Q1:川流之心(Heart of the Hub),;
2016-12-27 11:31:22	8cb62628133603eae4c40462e4e23a10:E3eStlQtx8meJzU10n9hL0Nf4F3Dj3re	Q1:川流之心(Heart of the Hub),;
2016-12-27 11:32:44	823e5db7c005362ccb37bae877d6f4de:4dmIzWr8sQeqFnZi1w5zm7NS8uB9eohq	Q1:川流之心(Heart of the Hub),;
2016-12-27 11:33:20	f4f35eba434df7fd09ff10a3e975b9f2:WZ0bLho9s6nkqdpYsN1lSAJzMy35hQbk	Q1:川流之心(Heart of the Hub),;
2016-12-27 11:33:27	99b35f1c0c83bc9bbbb0c8e871f7abb5:2ywctu84kp2ZzLWMn4ptDIQgjcMzNR0a	Q1:臺北綠驛( Taipei Green Station Plaza),;
2016-12-27 11:33:36	4cc1df912464c2774f785947eb8dbbf3:xDlxvHrnYlnf0CMlnIFYZ1q3YvDssVQG	Q1:川流之心(Heart of the Hub),;
2016-12-27 11:34:00	dd5ccb37388bdb9ea1344c5ef6aa3e13:o7DotbSPvnL2gQ3WH5PGGBdBPV3FRtEQ	Q1:川流之心(Heart of the Hub),;
2016-12-27 11:35:01	1046364b2a9e2bb5f0742cec32766b3e:uYJ1LglT6iDexiHjOB59nbFJZ4UA82qZ	Q1:川流之心(Heart of the Hub),;
2016-12-27 11:35:47	51e886fe71b72e053960d87230a1c0d6:mhuVJz7LcGwfyGIzMEEsp2i9fHmsEpqe	Q1:川流之心(Heart of the Hub),;
2016-12-27 11:38:07	3b9942ff8d0e9f112239bc690669ef5d:ndc4is9i545Mwq704ffELhSZS0dVx7ps	Q1:川流之心(Heart of the Hub),;
2016-12-27 11:38:14	842656bd6999924a8904480862335337:EcA42Z03R7x68TZg95EV0FDQDIWsXRUc	Q1:臺北綠驛( Taipei Green Station Plaza),;
2016-12-27 11:39:30	c2113a40be5ad4e84cd4468083afe1c5:60XXjJ36ykBin58hD2K0bioBxoOtiH3W	Q1:好綠地 (Verdant Plaza),;
2016-12-27 11:39:55	9f875a650a928a699ec1445033fb474d:mMYJdW7GZj77eHfrKkL9SwxLtJwJ3HN9	Q1:川流之心(Heart of the Hub),;
2016-12-27 11:40:26	015b9ef9bcb916e7f9b87f5d39956eb2:rsBlDPIzHsbADU3BayFRXNDto3Xackg4	Q1:川流之心(Heart of the Hub),;
2016-12-27 11:40:45	93ebec8d508c35f970d708df118c1009:aeYoLpIgMYyjtjUbXLCLpdVW2OPKaovS	Q1:川流之心(Heart of the Hub),;
2016-12-27 11:40:55	4c57d28e8c965a7e16dac7340f12a53a:TcrnYexq7ZpfjxslBgJQawFBt7nX3CqY	Q1:六鐵通廣場(Railways Plaza),;
2016-12-27 11:41:09	6bb567e0d85492adb931c7f7231e4387:4C9ryLmx8zpovWs9JiUTZ34NQ1X6q9Tl	Q1:好綠地 (Verdant Plaza),;
2016-12-27 11:41:51	c4290be1423771eef6f2ba1401285f5c:dbc8jrz57K1f8O3lqZLMzr2SmMWXIPUn	Q1:六鐵通廣場(Railways Plaza),;
2016-12-27 11:42:25	f77410d22b9a9a33b269c5db0bc9acb6:SBbqXgSUQn1myKFVWERW6VnSx64UMweG	Q1:臺北綠驛( Taipei Green Station Plaza),;
2016-12-27 11:43:37	aeec2238c8f143f86dcfbef5abeaa39b:HfpFOu5Cp5tYXDg0M2FjekBgnjwtDqvX	Q1:六鐵通廣場(Railways Plaza),;
2016-12-27 11:44:25	7dff740074fe1a88f9e8563867ec93c0:84UDQ0nxGWYqvPYneZZzhexoEUtlGYqE	Q1:川流之心(Heart of the Hub),;
2016-12-27 11:45:18	c62aabd529178704e904fa8193ca0796:OKbk20LDUQ3nIPgjxcN5fPPuPgwsX25i	Q1:川流之心(Heart of the Hub),;
2016-12-27 11:45:45	a8e0c1004cf4cf6a92a8940a514907f5:SDrWAMKpeMw44stxQ6T9iptPswDtduED	Q1:臺北綠驛( Taipei Green Station Plaza),;
2016-12-27 11:48:54	ac27fd739ae7a10d6d49d9065c25e884:DOReev3x1fAhZHwBFugy2sCE6gbg5Cec	Q1:川流之心(Heart of the Hub),;
2016-12-27 11:49:04	d948293127fe6da96f4665d306216acd:Pph4GkVRlhoYSbhfnkbb3735ldwaZTYD	Q1:川流之心(Heart of the Hub),;
2016-12-27 11:49:15	9bc53e6b5f46e28805509c1f9c468ed8:HEUOrWadyxEFBLtXfmXYKahPNBr0Gg6j	Q1:川流之心(Heart of the Hub),;
2016-12-27 11:49:26	34e4fb6f07d94e35e29859459ac38fb1:30rjRXA5f1jj82TtD6ifJIJa0hdBsyU9	Q1:西站廣場(West Station Plaza),;
2016-12-27 11:50:03	3d5bdabe43b3d81ae9488f9ff40989e0:BlyRDG3cngpuDRkYx3jM4jshHiTvbGKj	Q1:六鐵通廣場(Railways Plaza),;
2016-12-27 11:50:04	e05a93cb7566e69ab6748c2585805877:dNEZdy4Yfa7uBrHDAK1nYodFXQhFzo11	Q1:川流之心(Heart of the Hub),;
2016-12-27 11:52:29	12aebe5cf3743b5b0045779a87bd660c:iggE6MhryYAn5aT0hfFcXwhnwx3shCFs	Q1:六鐵通廣場(Railways Plaza),;
2016-12-27 11:52:35	826c731057d5238b44a93699a3368f4e:M7DXUCmbsXQLUhKBPU5fM1q0hoqPJquc	Q1:川流之心(Heart of the Hub),;
2016-12-27 11:55:04	3f8169346f5149f01c8bd4af9297c9ab:wF5NeYbk06UabmX5iZ60Sxdptzf2pvBn	Q1:川流之心(Heart of the Hub),;
2016-12-27 11:55:08	2c8812c37a9cdf939c384d5396e76101:39wlJBCAcU8MEpBztTgzW7vv9Bd0VSMH	Q1:臺北行旅廣場(Taipei Travel Plaza),;
2016-12-27 11:55:40	31e855c3750e02723ebfbf156df30a25:zEP5KwlzQvXLPoX5ZaYK3iSB3amxCifm	Q1:西站廣場(West Station Plaza),;
2016-12-27 11:56:17	becebaa049d741c6fb113c48da5d52f0:lZsTOUBWOdqwuY4jp5n9VLghPVA5AkPU	Q1:川流之心(Heart of the Hub),;
2016-12-27 11:58:28	af5cc88c728432e6a93dc10a94eaff60:B68OTA5Ub4EgrwNbbCfkBF6detOzx1P4	Q1:川流之心(Heart of the Hub),;
2016-12-27 12:01:12	ab9b2b7d598991e4d626ba1842be42ea:KHX1O3QVxYRKR15VvY88T3CXxf2ABq7l	Q1:臺北綠驛( Taipei Green Station Plaza),;
2016-12-27 12:01:13	48986c643276c585d7f792d99588f8e9:j1Ejze3Rc9wt2tYYyPWIhwhidSvz9y7H	Q1:川流之心(Heart of the Hub),;
2016-12-27 12:03:05	fc2ac03f9088a07cb57115125bd3db33:MhhmIbGzTTxlgZnXLRtcQ8HCDyxymqBw	Q1:臺北綠驛( Taipei Green Station Plaza),;
2016-12-27 12:03:50	cb720186c14fa06e6f2d9b2efdb79a38:Y3nANMMMGnmdLaOdBHvNejs7kqu32fys	Q1:臺北綠驛( Taipei Green Station Plaza),;
2016-12-27 12:03:56	d1178752321b6a4f5ce593f97fbd9f24:YEEloAjyrdk6QGBXFwOWe0DVVC3vKMIb	Q1:川流之心(Heart of the Hub),;
2016-12-27 12:04:26	6307faa9275b662e1192586952836819:wcB9RuSJvx2VXMdIZMG6dl7ELDuFvxXt	Q1:川流之心(Heart of the Hub),;
2016-12-27 12:04:38	34ffad7666277b01a129a0b0ce5b02c6:S9IBQPNRFoXOlkXk6S1F7J3irWiew8LG	Q1:臺北綠驛( Taipei Green Station Plaza),;
2016-12-27 12:05:26	1133c645a80c7d4b48836d6f264f65e9:W5MfCzcPOvu0i3jMq7LhOF1uSnDB20xy	Q1:臺北綠驛( Taipei Green Station Plaza),;
2016-12-27 12:05:29	14644f8b26ffe4fd517abc10adb22730:3fuKDKNrHgDGAQzxzGg5XDu6GV3ZzyG0	Q1:川流之心(Heart of the Hub),;
2016-12-27 12:06:11	77ff1f00553e3081b2ef215d1ae547b1:PVt3NXaDll9qwG0eVoEXFd7qoggvh3zP	Q1:臺北綠驛( Taipei Green Station Plaza),;
2016-12-27 12:06:49	906a3e2a834e8881b547fbc8824e031c:TeL07gdbg52z3vYZnqvz58Y64oP6TqW8	Q1:臺北綠驛( Taipei Green Station Plaza),;
2016-12-27 12:07:28	998e1a986a3ffadc23d5083431d51993:bzMLbMgNRa2K0LjWoDaqQ1hwruQUlEfr	Q1:臺北綠驛( Taipei Green Station Plaza),;
2016-12-27 12:17:42	0696130073e101a7cfdf6d99a7b59d87:A3nfMfUGWZzPEJRXfTLTvyW9WcIIb55a	Q1:川流之心(Heart of the Hub),;
2016-12-27 12:21:47	4534e197e5b4834ea4974e7468e88540:ysGDgm6GbkAmcfZ2x7UDw4Mlli1SYLBE	Q1:川流之心(Heart of the Hub),;
2016-12-27 12:21:56	1ed67e2b6bd37202f1d197c679860ff3:mWCbmczQY5ZIJxBwJQyAOfJhifvWAMT3	Q1:川流之心(Heart of the Hub),;
2016-12-27 12:23:40	f15cc517a377f4cfe89850e73e801ec5:FnblKdcC8IRmeiY217Z4thVjP8PGEVGe	Q1:川流之心(Heart of the Hub),;
2016-12-27 12:24:33	c04bd70b191d76dc3ffe811928251cd5:OF1xbyewByhLcx3Hutb0rqhmfxUsAgeQ	Q1:臺北綠驛( Taipei Green Station Plaza),;
2016-12-27 12:26:44	2a06e4d59bc5b07f7d0b584c32120221:zNxFfmkOc51EA7cX3qOHHHyYaEiWApN2	Q1:川流之心(Heart of the Hub),;
2016-12-27 12:27:54	8135dbda2d6b0546e87c80cb29068d39:c8HeYv9vdJifYArGkWjLEofAJtX7vNQf	Q1:川流之心(Heart of the Hub),;
2016-12-27 12:28:14	175b84589e4a44db829c9e79c7750fed:Ag1s2poBNGCLjRKiXw2bnJ17r6fqucF7	Q1:川流之心(Heart of the Hub),;
2016-12-27 12:30:35	7741cb8da51274a32e8b41b28cb4e4ea:bgwjtpnto6PDsQyyQIwoHicNhZ5nTNBu	Q1:川流之心(Heart of the Hub),;
2016-12-27 12:31:09	22704aa4a22b68cb5a8010c1ed2350b5:y0pAof8HMnCT3uHPrTIgYJ1dwFnbaEjs	Q1:臺北行旅廣場(Taipei Travel Plaza),;
2016-12-27 12:31:41	36a3c29179575a42a64572178d3841f4:DnqkcPu3Ld1G7d4e9wRwuzHFRTRtA5SR	Q1:臺北行旅廣場(Taipei Travel Plaza),;
2016-12-27 12:32:26	9675043115ac7710eef8f51d5018bba8:ol2OUx8NO8ca4uErlCYzFd2hgvD9bonK	Q1:臺北行旅廣場(Taipei Travel Plaza),;
2016-12-27 12:33:10	2b50775a187ec70aec1fa16d07c4a156:STpU44nYMYfXDtdVEY013FJrbQFygUxB	Q1:川流之心(Heart of the Hub),;
2016-12-27 12:35:07	89f7696ce0b795eceef21af427175f6f:b4XJpnXCahOe9bd0sNrocahyVTlmgsh8	Q1:臺北行旅廣場(Taipei Travel Plaza),;
2016-12-27 12:35:19	05ae012ba70d8eb1d636bd79f3670019:2L68Fa0YUi0y7qNR0TNqxw0Qvlfpt2Md	Q1:川流之心(Heart of the Hub),;
2016-12-27 12:35:29	fc5db2d5b7636af1821dfac6709d5a55:l8xvt6cnWkEtfLiBJRIPXTkQADZ5VBVK	Q1:川流之心(Heart of the Hub),;
2016-12-27 12:36:58	11c7a035142d89f7ab2c712d2360b676:s9Y3ayUX9JmtBlj37VTrugXBYoPk6qN7	Q1:川流之心(Heart of the Hub),;
2016-12-27 12:37:17	5daf4ebaa65cc998c5131cc4067c081c:ZKSRrbFtiu9Rn8fdcX4ELfqTuzh3LPks	Q1:川流之心(Heart of the Hub),;
2016-12-27 12:40:25	77df28a13199396838a4b8ee1f81ae35:7b7tuV8fADIIVf5GPoNBfSlS19gJprka	Q1:臺北行旅廣場(Taipei Travel Plaza),;
2016-12-27 12:40:57	c5d33f7eee6615cce7a6f0ff11749f11:LjyxtQrdgy9B3qmP1FdIZvE6U4r3WGTe	Q1:川流之心(Heart of the Hub),;
2016-12-27 12:43:31	9e1a6373d54270626a2f51eb93afba93:ZOwSfdkS0MGBknSRxsQSev8rTNyoW0Ny	Q1:川流之心(Heart of the Hub),;
2016-12-27 12:44:54	0d44b5e163313bea1e7180d06873d1e9:qhMaREFvQ5kfqTmeWbb5ucuj78PowXQy	Q1:川流之心(Heart of the Hub),;
2016-12-27 12:45:03	067f6cdbcc4b7b00ecf015cd6bf86bb9:cB6g8O7dwyKullEXwKRr3nSPMEpwLRJv	Q1:臺北綠驛( Taipei Green Station Plaza),;
2016-12-27 12:45:46	1378b079022b950785d525c09c245029:mrM9StfGoUY59s0ttmOy4olz2KtL4tDZ	Q1:川流之心(Heart of the Hub),;
2016-12-27 12:47:23	de0c13ea96ba6ca2cd06b03be0decc24:ybMnopAFXTOrDRM4hxi9o5AlsDUlZmW3	Q1:川流之心(Heart of the Hub),;
2016-12-27 12:48:10	356eaa72dfd18f3461ddd27cc6876d64:Hym79B2PLQaCg91DeaCu8OZYSpGI9qSJ	Q1:川流之心(Heart of the Hub),;
2016-12-27 12:50:54	01836c6db4c077fc9955007ef55e2456:r29vQMjNhjXhIlH6AGhmFpNXUqnCLHn1	Q1:西站廣場(West Station Plaza),;
2016-12-27 12:52:22	398bb784d239c8c82dddce97b457b502:45PNoxcOrQbvNBYg1NTbMnlpeEE3BG25	Q1:川流之心(Heart of the Hub),;
2016-12-27 12:52:33	b152bd2505e13d8496e9cdfd025aed1f:j79COCcYn5TRLfeMVR2xaLIsqHBsYcfv	Q1:川流之心(Heart of the Hub),;
2016-12-27 12:52:57	b49ae91f442f2fab710b6e69982ba386:tyYTpsJFSQTYaI68GA1gOvZC17CNJq0f	Q1:川流之心(Heart of the Hub),;
2016-12-27 12:54:12	18699b3f15dfcb4fa725d30b23daba40:XWIZYzNMAi8Qqkvz555iSFvLmm4Rpopz	Q1:川流之心(Heart of the Hub),;
2016-12-27 12:55:44	a797f300e1ead6f82437368ec5986e96:8qumVUKKaN2G4qcqezgW3d5sivc2CnlD	Q1:臺北行旅廣場(Taipei Travel Plaza),;
2016-12-27 12:57:33	405cd76361de9fef55eecbd377406ce4:46v92RXDKiYSXiXkqxzgCHbEKUzUDfVh	Q1:臺北綠驛( Taipei Green Station Plaza),;
2016-12-27 13:00:29	7073b0b892305f3fecf4ac95554df4b1:TWear8TFnuLc6cfNAa2LyhlV2ptysw82	Q1:臺北綠驛( Taipei Green Station Plaza),;
2016-12-27 13:02:20	4f03a6d76e74244b999535dec16833a1:hSpuPpEWtrYeCA9jgVivwnPyskACxaP4	Q1:川流之心(Heart of the Hub),;
2016-12-27 13:02:29	cd9ba7ac8f8ffcd3b1c783f67ac27b82:uD7iF6ANuFP8mJMcDb4u34Zknd92YLOq	Q1:川流之心(Heart of the Hub),;
2016-12-27 13:03:01	1953ae4e694bfac1ad0a02cf93e091fb:2QAci8ioSxdaH1Yd5F2nJ5qB6fKYJ04L	Q1:川流之心(Heart of the Hub),;
2016-12-27 13:04:22	2f953d6a444e47f5e08470ad5522d920:DV5PjVCbfjRYu1KW7VYFtb8cg9ZWx7cA	Q1:臺北行旅廣場(Taipei Travel Plaza),;
2016-12-27 13:04:44	8077d6f78f0885989cbdd7a626013300:lq2BimXMo7l9NDJ3ZqoLEvv2lbPK4Ty3	Q1:西站廣場(West Station Plaza),;
2016-12-27 13:06:27	ca2db2835d79139990f300d6f9ef989f:eA5bWLPafaW9NdA11KI5LSJhY6GxPf1z	Q1:川流之心(Heart of the Hub),;
2016-12-27 13:06:28	1ebe45341d7a7981d3f6f6d8a70b1241:A1FtHZGeNabp7mKKv0iNOe0m9zleAaqS	Q1:臺北綠驛( Taipei Green Station Plaza),;
2016-12-27 13:07:42	3ab0b367d2cfa837ac61fffc29fa5836:spSjkcQ4rLXycSTCsXwuBx3Y3BcRC7Vu	Q1:川流之心(Heart of the Hub),;
2016-12-27 13:09:27	cea0a274dfb339b7fc19dbc36c0bce5c:jcibhxcGZnOVVG7fVUNbOuAGT1uaujUu	Q1:川流之心(Heart of the Hub),;
2016-12-27 13:11:00	e730dd0f9a6970576d41a5a524a0df7a:ju1gFt2R35dEVXwYKLNwoe0flNlESdY8	Q1:西站廣場(West Station Plaza),;
2016-12-27 13:15:03	e3ff76eec5cd53c8547d257d71642fa1:1F0DC8r0UeYqZ7QmgKu7REaLjOpo29jI	Q1:川流之心(Heart of the Hub),;
2016-12-27 13:16:04	207f2cfc1a4239a88eab3de496dae21b:nZWClBoRT5bwTwIwLYAsSmvqkjpGGGMz	Q1:川流之心(Heart of the Hub),;
2016-12-27 13:16:23	af9bd2f60c593c71942d6fac14eb1cef:oBUQrghtkRa8iC0JPKtPZ6PQCLsLJuRy	Q1:臺北行旅廣場(Taipei Travel Plaza),;
2016-12-27 13:18:09	1668a5d5d46122371e640460bd981ed6:wl5kwiY1Gk4dQ8ktLyA9gXl0aUKeLhml	Q1:臺北綠驛( Taipei Green Station Plaza),;
2016-12-27 13:21:27	49061a504b44c14c51b8ae2c25443d48:QIKAxkcP01fRSza0GNkTqaZE6DWQoeuS	Q1:川流之心(Heart of the Hub),;
2016-12-27 13:23:27	a94ce946928ab817af59eb51d2b2b942:95ZZiVwsGxhANxcI50Vntuw8zPtjqDon	Q1:西站廣場(West Station Plaza),;
2016-12-27 13:24:12	aabbf0a5249cb42cd772a6e65340b154:HAccPZ4IF0mfDei0oLkc5Jq4RwnBWfSE	Q1:川流之心(Heart of the Hub),;
2016-12-27 13:25:51	6f7274cbd019df8debeab7e66d9df993:DIN5CnQ9w7MNfOKSaXpQMRQcDDTo9gYo	Q1:西站廣場(West Station Plaza),;
2016-12-27 13:26:40	e3a1df872b8661c5c946ef0e82ab5701:rMuIPVprTVNyehxUJwh8MZOF7nCUkQZv	Q1:川流之心(Heart of the Hub),;
2016-12-27 13:34:20	853673001411350d7674947938c4571d:cA8AvMjgbHzDH0zAia8uao6dQhLrFHbc	Q1:六鐵通廣場(Railways Plaza),;
2016-12-27 13:40:26	5be465fbfbc2ee777b381c55236a77b8:T3Auswc4ihmMa5GhSCRsUksHAxwG0dZg	Q1:川流之心(Heart of the Hub),;
2016-12-27 13:41:49	7a35877a89a0789cd34c0136c5ca8442:VmSmxgVKicqeWXH760nmreJxBkDKrCO2	Q1:川流之心(Heart of the Hub),;
2016-12-27 13:42:29	a68fb50d59590a3b821a27446a35855e:r0e5803rcbZmoFJjylT47lapFnv8IDKa	Q1:川流之心(Heart of the Hub),;
2016-12-27 13:47:37	5c5dac58d8975ec186a57fc688799100:NmegYMWgcha05Z5dA8uvlMRYwdqYltOD	Q1:川流之心(Heart of the Hub),;
2016-12-27 13:50:21	1d0730765e8bb9bce0cb7e3d0f6b122d:XMBOt3XSprRhnlBzFn69Vz809dHmbfIw	Q1:川流之心(Heart of the Hub),;
2016-12-27 13:50:24	d81fcfaa893ec988f9190d6a5cea10f9:aBWk6xyh2tffkxNM1RKQYlQXENSgifCs	Q1:臺北綠驛( Taipei Green Station Plaza),;
2016-12-27 13:50:35	b3ebe1a189e722350cf3858bfbf914dd:RrB7ggv9xsohxzeXvHuzCOZ5PnESMLhQ	Q1:川流之心(Heart of the Hub),;
2016-12-27 13:51:32	7f4ae54c848bc112b3cc779c7599ff2d:KRuLodbDMVGsJGeTp2DTYiJsxEJGOiob	Q1:臺北綠驛( Taipei Green Station Plaza),;
2016-12-27 13:54:52	4086f937d1f5f3fc5b1de0036bfe3e4f:vfhb8htSwNVbSfJuqpDikZlOPepaKV13	Q1:臺北綠驛( Taipei Green Station Plaza),;
2016-12-27 14:00:34	573fafa7fcc2de1c0341b834f524d555:mOxipIlPpeMhkGEApijHE20GjLjfutRx	Q1:臺北綠驛( Taipei Green Station Plaza),;
2016-12-27 14:01:03	efcfaf85b05a8716a02eddd271492e53:LezZDtkVihSWQSvgklzzX0Koy2aeFFzw	Q1:臺北綠驛( Taipei Green Station Plaza),;
2016-12-27 14:03:47	c210cc6f15acdb69078705677e4af1ff:n9gJEEM7gthrcsT3lOOpem6A6Bex5jTr	Q1:川流之心(Heart of the Hub),;
2016-12-27 14:04:12	24ad8578847bcfb55e7747020aa19325:ur8fg3ZlGaYPcjriniOjLNSTgGq22F5F	Q1:川流之心(Heart of the Hub),;
2016-12-27 14:04:15	cbfe563ab42936b63c589e6d6a43f3b9:39Pmqc1GeghqcCFkWsNh88wBDqpZZVS6	Q1:川流之心(Heart of the Hub),;
2016-12-27 14:07:06	846b03dfad766c8b4ea0738d85548f96:bcSSaR3ffQFCwRiGax1dX1mYiE4SK6Bb	Q1:臺北綠驛( Taipei Green Station Plaza),;
2016-12-27 14:07:12	6bedf24e033c0f6124dfb0b4deb8f015:nnOTbm3p8TMPVHo49hpGlBC3t2BhFDGU	Q1:西站廣場(West Station Plaza),;
2016-12-27 14:16:32	317fa92e16dac890e6b3c13af93a8dc3:adlNBvdbW1xawJh9fer5cYnlMJNkNVfD	Q1:六鐵通廣場(Railways Plaza),;
2016-12-27 14:18:21	5e82a25af0aa9257cc0840f8c57fb387:rKefbPDS1KFIG1ZBX0UPmbmCm37mTyi7	Q1:川流之心(Heart of the Hub),;
2016-12-27 14:22:29	7867f0079a97a0586b50dbb9f16e612e:yhwI5geLmQUUGltr9F1xtRdgdKyKpsDa	Q1:西站廣場(West Station Plaza),;
2016-12-27 14:26:17	5b7e6bc9cd875703c846375c1b11e84c:B8pfWqIV37uOjlE8wDJkbF6LFkPCiaHV	Q1:臺北綠驛( Taipei Green Station Plaza),;
2016-12-27 14:32:43	ba287b667a921aaddfe9677f41225c48:EtekaAbmfGzJIiBaTHvhb7eaHNZ5Ctk4	Q1:川流之心(Heart of the Hub),;
2016-12-27 14:33:18	4e7432b5c52e9cf0f501babccf0b15b4:gVlaT7TBhU6Th6tXO9yDSpxOSF0NxOx8	Q1:六鐵通廣場(Railways Plaza),;
2016-12-27 14:36:05	7d4feba422df6f8403b4e8ea31e4977c:T7xfzHGnr7xkMUVD3k3U39cuxBtdWFbR	Q1:六鐵通廣場(Railways Plaza),;
2016-12-27 14:36:35	b99a08dfe88225f81090cee5fd11fcdb:ZMMr3ase1FSYGDjK3L5NW4j0ZbQWJJl4	Q1:六鐵通廣場(Railways Plaza),;
2016-12-27 14:53:17	344c6f7a4ef5ac049747636437a17c4e:cnYjYnW9ankmDzFtkBwuBZVXH1tH92b6	Q1:川流之心(Heart of the Hub),;
2016-12-27 14:55:40	694eaf093435cc2855dafe916756ed21:mD6NCaOOg269mBJjdZj5OJEgX5yZnSeJ	Q1:臺北綠驛( Taipei Green Station Plaza),;
2016-12-27 15:00:38	07b80815e55984835f782784638c3a21:V183IJ7ejSLtvagngvZ0xWXRGOkxhWcc	Q1:臺北行旅廣場(Taipei Travel Plaza),;
2016-12-27 15:04:25	86bb2383f9048fba310c9da2283a0adf:60kbm0280YI73bI77830S56B5nm24Iv1	Q1:臺北綠驛( Taipei Green Station Plaza),;
2016-12-27 15:04:42	667005337b1698eab79b241e19539fe3:UmUSLnafipL0q1StrNakOadB27O08NjR	Q1:臺北綠驛( Taipei Green Station Plaza),;
2016-12-27 15:05:26	fa9137150d0cc39a245c12b951b669f6:JgeylCLve3DQAz3Sh8Y8ych7ECmfUsfg	Q1:臺北行旅廣場(Taipei Travel Plaza),;
2016-12-27 15:08:24	eb26290e1345321bdcd5f66912b877f6:dZ6j5rFPcY3cyfyt1kmtgPtKRifSuGLI	Q1:臺北行旅廣場(Taipei Travel Plaza),;
2016-12-27 15:09:43	d80a3bf2265e37761855a072db2e4340:elrDkysxM6dSQE3JszTKWkQqFT0Yf7vf	Q1:臺北行旅廣場(Taipei Travel Plaza),;
2016-12-27 15:11:21	ae5ecc9a491c2665016d3758eeacfc3a:iwPagrJz0Ws8FLEvJjVHNTnSITTqrfi1	Q1:臺北行旅廣場(Taipei Travel Plaza),;
2016-12-27 15:11:49	0bc70434c0f0b29bc881d78fc3a763d5:6fGdp7gku3efjpuM1p6NZYXmgal2k83R	Q1:臺北綠驛( Taipei Green Station Plaza),;
2016-12-27 15:12:02	994b6cdfa8b863911c52e90149b011bd:sodTh6xMGTG6P6V2eR1VIkF0YY3bkDv9	Q1:六鐵通廣場(Railways Plaza),;
2016-12-27 15:12:11	a6366f80f99db82e3f1b855794147f12:APfF8WzoYe8z6qEQmCvzQ17rY3VJr6Y3	Q1:川流之心(Heart of the Hub),;
2016-12-27 15:12:30	786c081452bc048a7fe61d8047dcd888:HVMWkMWBm5bMPvQmgEFH8fbJNqv3PLO6	Q1:臺北綠驛( Taipei Green Station Plaza),;
2016-12-27 15:18:50	dc6907a84ae861a46015a733e19d0d2b:KckqUCyBoG4Hot0SGGyvYDftciKLUvjl	Q1:川流之心(Heart of the Hub),;
2016-12-27 15:24:39	54b2fb9d52450e71547e76ca05524719:AobCVngHQxvjoGi9ZXdGPPlIyBwzCv0M	Q1:西站廣場(West Station Plaza),;
2016-12-27 15:25:50	f3200b2c8ffa4a0a0f32aecdbb37cf01:IBw2AoNSHO98ozPoIkyXmNsHUhIiyY3D	Q1:臺北綠驛( Taipei Green Station Plaza),;
2016-12-27 15:28:21	e888158a2cef62d3becf7744b53bc4d3:C00s0JYTk1FBUoS4YTLIg6mhLqDf2N8U	Q1:西站廣場(West Station Plaza),;
2016-12-27 15:32:39	8b9c229912f38494f8eecb4118dae994:6wn8tHTUZ7ckadXEuj2OoHIThCAYbPvA	Q1:川流之心(Heart of the Hub),;
2016-12-27 15:32:42	b44e2c32de6b69bf01dd8bac26aa5fe7:8pC1Z75XeFV0KBhNOJsbeJnBTKR72Ftd	Q1:西站廣場(West Station Plaza),;
2016-12-27 15:32:44	6924d8d047bf886376fa4548a20bb974:xL1HPu0jWSLXZF9FXaVAluI4nWScSJOq	Q1:臺北綠驛( Taipei Green Station Plaza),;
2016-12-27 15:33:38	e5465ccebf1dd48b1be4c46a99640878:6dKOIBHJCCVykUJm8QSQ25EGHthLLV1q	Q1:川流之心(Heart of the Hub),;
2016-12-27 15:33:49	575d0d11320f8664ee9d71101b80043d:3tlwxrksAgdqljWM2vUBCKA5t0wEpQnZ	Q1:六鐵通廣場(Railways Plaza),;
2016-12-27 15:36:11	01927469e1ad5d9dd3f1ace606056a92:LSiBwqEHJmnTfjOjneMGFHSg9a5BiWdq	Q1:川流之心(Heart of the Hub),;
2016-12-27 15:36:12	e6c442aff26abd54ac232f11c5ea5ebd:oH4ic1F8ORVA6vaLZ66AdEAAPPAvlj5S	Q1:川流之心(Heart of the Hub),;
2016-12-27 15:43:44	60a69464f365df26e473ba245920031c:5sYom9gFHhOlncECnkdCY49GlTLLc4Je	Q1:川流之心(Heart of the Hub),;
2016-12-27 15:43:55	ecb953555017217799a5a98e300a7620:0jLImhKo5dQVMf0VcfvWRpIkfbtsQKMM	Q1:六鐵通廣場(Railways Plaza),;
2016-12-27 15:46:12	7f28988d7417111e462d1328f6dc4fd9:rQFNijQo6Q4Fvmh3VvoWGHZ0h69sARN8	Q1:臺北綠驛( Taipei Green Station Plaza),;
2016-12-27 15:48:37	1fbf84631f5e4e98af58e17f8a229f8c:eSzWIfri2xmpca3sFSpQ6zDk5gQifg7x	Q1:六鐵通廣場(Railways Plaza),;
2016-12-27 15:51:17	b80aa11f42c3135dcaa6e9dd36929fa7:XvnQNWpsPHU7HHuXAnBfz9h6jugFCiJu	Q1:臺北綠驛( Taipei Green Station Plaza),;
2016-12-27 15:53:29	e53613c03ef8e1bbb63a4c4a6670462f:VcN3qweaIzuMvMfQDQ99314F42Fw0Lpl	Q1:好綠地 (Verdant Plaza),;
2016-12-27 15:54:10	3cf4c97b4a4deb2e4358e6bc332d78b9:6BDyxmcb1kh0UKnY24x8DPbqLr3et9jv	Q1:臺北行旅廣場(Taipei Travel Plaza),;
2016-12-27 15:54:47	193655a4b35ef5eb59f760a60510854d:Olzl4OpHPJEZyq9QoMkJtZTPw1qHSqw0	Q1:臺北綠驛( Taipei Green Station Plaza),;
2016-12-27 15:55:26	8ca0efd701399d44e82fed67d364d131:3nZThDjZBGHXZRXOdcqBuzGRX7n979wK	Q1:好綠地 (Verdant Plaza),;
2016-12-27 15:55:33	97cac9b2ceb3055a38751d9db8b313ac:s6gQztWNQlpotTqxb7VgZBbIb8a5PDTV	Q1:好綠地 (Verdant Plaza),;
2016-12-27 15:56:19	2e7e7d0ab1da7faffe8e356336973674:iLTVKn0VXYLRtEPUZ8FsjWP6EhnQ3nFU	Q1:臺北綠驛( Taipei Green Station Plaza),;
2016-12-27 16:02:12	ca5ed38085125a4e4dd26afa97af455a:oENfIg0arXKwB5T8kUrCHuu47HaTno3P	Q1:川流之心(Heart of the Hub),;
2016-12-27 16:03:06	ba4e7446ff1460c94c679f2143816b2c:rKMYsA5mAnWBZ3QtAbFxhjwHtwClhksp	Q1:川流之心(Heart of the Hub),;
2016-12-27 16:04:35	aba62139a2823d7a1ce79ad6dcbbca17:Ur3xbjRz77f3ghbVa9mD9DukmZ4bLIPH	Q1:川流之心(Heart of the Hub),;
2016-12-27 16:04:42	86530aa1a7eabf0e4b81a2457792515b:XmVk3mxGlCnocBMQsykjKn2NCyUL40S6	Q1:川流之心(Heart of the Hub),;
2016-12-27 16:06:08	7eaffc6c40170bea23c51e63631f4cb9:XBLV1QuucrvQx23AkTnBNMR0Sq7wGobL	Q1:六鐵通廣場(Railways Plaza),;
2016-12-27 16:07:59	48b0792b3a5e529ca2f4f3c36b2f1617:1upa1FIIm4kgwgtyoBWIaBUdB0VXEoyH	Q1:臺北綠驛( Taipei Green Station Plaza),;
2016-12-27 16:17:57	ae6ab2fcb84e7183fbfa23134a06d456:ipzD0ojWpNNiz20qerBzAH0velsv5J0N	Q1:西站廣場(West Station Plaza),;
2016-12-27 16:19:38	054e491fcd5224aca32ea0ac5b19db60:0Rh5X6gmMfcc287UJyTyRZjcXgydbwCT	Q1:川流之心(Heart of the Hub),;
2016-12-27 16:26:18	02d0e76eaad422d0a9488ad02b5b84cc:CvFIxBT3taOFW72ZHZbg2bxJf9NrkCrb	Q1:川流之心(Heart of the Hub),;
2016-12-27 16:28:57	a9233e148d4e965c264eed57da869abf:jYHWTgGdeodU0vhS5kFAsA7gL8uFNAmg	Q1:好綠地 (Verdant Plaza),;
2016-12-27 16:29:36	4f61d82af323780d43e84f624edb91c0:RHfy4Dnfyp2ikE8XeJk9k6FTylYlEKkE	Q1:川流之心(Heart of the Hub),;
2016-12-27 16:31:11	fa7c53f8a6663a0e42259547e888ef55:Zt0RB4zeb3vbXoL8rgROpE83qVlNbHwB	Q1:川流之心(Heart of the Hub),;
2016-12-27 16:31:21	fc9f03dbad4aecb5e31f102fc0974617:ehzbEbHHIyBu0ETQRwnmkpe8lOU6JdbN	Q1:西站廣場(West Station Plaza),;
2016-12-27 16:33:10	1b7dd00ba3167ee116d7366fb48c6bca:qOufjH7LRZvQMeH9KwtM198DO4buvHZN	Q1:川流之心(Heart of the Hub),;
2016-12-27 16:33:19	76281bdd7e44050e77405c70f2c52c2c:5ImH8l2c4XPVEiHKmqtHnxmCpHz8Wopm	Q1:臺北綠驛( Taipei Green Station Plaza),;
2016-12-27 16:40:41	3fc49584e99bc7cd186ec8c9f4fedf16:OOjKlHJqqArwFfEwpX7DzicIlZsqeddh	Q1:臺北綠驛( Taipei Green Station Plaza),;
2016-12-27 16:46:32	96382fe1f6cf94fbdb46c418bcbaf893:nNkBQvPS353CgEftjbXmMz22tXrqywWY	Q1:川流之心(Heart of the Hub),;
2016-12-27 16:48:28	71de83f5f7673442ddb882f2f5a3ab1a:k0vQW8Ry0HnsiS030Rj46HlcpF0CQCeM	Q1:川流之心(Heart of the Hub),;
2016-12-27 16:49:02	178977357abecc1ec80508fcea79f7f6:y8YE2J6Fy5TUvJHmKM4OTxJCMcuedQ7C	Q1:川流之心(Heart of the Hub),;
2016-12-27 16:50:17	3bd5ffdbd0957548539321fa0663f768:e3vecsIR0dMY3gGAY61friXEDLEqmuxq	Q1:川流之心(Heart of the Hub),;
2016-12-27 16:51:01	971836624b67abaa3aa5661676ce5dcf:eBgoCbZKVWnyzGNTkWWMYUjko4DkYz2g	Q1:西站廣場(West Station Plaza),;
2016-12-27 16:58:22	cf07990834b20d6122c7d66cdc61852d:ZXpmK5yJLQzaSll8vX2NtAgqaYDS63pm	Q1:川流之心(Heart of the Hub),;
2016-12-27 17:01:35	d59d955fc77faa88fa7674ed635cd04c:der5OEHZkrJSvjOnRLfJR6lr0ULV0ELk	Q1:川流之心(Heart of the Hub),;
2016-12-27 17:04:03	51a845e7875b5f717544fdef608295bc:TAA40PYngkHzx7jDScUl9CKCHJfgV386	Q1:臺北綠驛( Taipei Green Station Plaza),;
2016-12-27 17:04:53	c2fc3c57ebe199b4ef00f8d801f7c32a:bzBTQhXPlRXofkCL17ezQEt9SrYUBndd	Q1:川流之心(Heart of the Hub),;
2016-12-27 17:05:31	58d0d47512046177adfd0853b56254b9:hcoU78hWd5Vq0hKHQMzCAsUWyppUHL8Q	Q1:川流之心(Heart of the Hub),;
2016-12-27 17:09:16	9e5653f8a5e2a37d4827e4226f1b4274:BOzwa2JQaTGdkChsFjpqw1vRrlrC1nqg	Q1:川流之心(Heart of the Hub),;
2016-12-27 17:10:42	af31a52bd65d62dd7868e440eae383eb:ma28RiEqa90VvB7aozWjhUin3LffOOiz	Q1:川流之心(Heart of the Hub),;
2016-12-27 17:12:01	234f3d6821ae23bee50640fea6fbe2da:oHmImErtPn13G7Sre0jFJREgztyHkvtM	Q1:川流之心(Heart of the Hub),;
2016-12-27 17:12:21	331624775ac722d989a97b3e86b24660:Y0DYidBInW6IupWfnqwU0bhnKB19vp3W	Q1:臺北行旅廣場(Taipei Travel Plaza),;
2016-12-27 17:12:25	09c35ade1d748bb4f65d0a5e989cfa8f:g2x7vpvvjiOVTgMaBMKztaRUYhiF59XH	Q1:西站廣場(West Station Plaza),;
2016-12-27 17:12:33	d63b0b1c5d03e29cac9d41d3d38ad5fd:d70UBSyZuA0ejCPl1JOgxuswNkAsRWhv	Q1:川流之心(Heart of the Hub),;
2016-12-27 17:12:57	51e0c27d4c9300f443478802f803469c:I8AOJJK6u9ktkSRgQOlACqXbco3miGbd	Q1:川流之心(Heart of the Hub),;
2016-12-27 17:13:34	cf97d396424c7f11fbfc093548cc611f:VMrruENYyazQZjxxGGA5zwcbJlX435bP	Q1:西站廣場(West Station Plaza),;
2016-12-27 17:13:33	443e6cdf4980fb74e98c3a97f449e24a:NfrslfLrP0H4R1e6InO2Wo2lEofWY1F3	Q1:西站廣場(West Station Plaza),;
2016-12-27 17:13:38	693de0fdb5ccefe4acc55952eab9be02:oqdC8dJ5OdtQdmFqghrjig5afHDihMxg	Q1:臺北綠驛( Taipei Green Station Plaza),;
2016-12-27 17:13:39	fe7b6726e05db047f3babf2e8550b5e6:0MCMfwMy6YbzbIVRiruSCrPV0AWh4iny	Q1:川流之心(Heart of the Hub),;
2016-12-27 17:14:32	b49084a7d2260a9878d9c2f08aaa8117:oRTM7b93wmnQC2oEV72rsCkb8DrCOmxA	Q1:臺北綠驛( Taipei Green Station Plaza),;
2016-12-27 17:14:49	5e5b557986188fdd7d4da8391153abb0:bb1FTjJmsveQe3zO15MYf9iq6AFj7006	Q1:臺北綠驛( Taipei Green Station Plaza),;
2016-12-27 17:16:04	2f4d85cdeef62a124f7c58d635d34365:Ej6eSkgJs8MCayrZ5C8KuaL5zumInPNe	Q1:六鐵通廣場(Railways Plaza),;
2016-12-27 17:16:39	1ba1963b1a0c4a53cb48394f4e054b68:6baavTvG3DJsqkvn3CRTXBhNClHrJC5Z	Q1:臺北綠驛( Taipei Green Station Plaza),;
2016-12-27 17:17:11	82f4cd2b7f9380f37526e8b4b8f77c96:QY0RcqnwYBHM3JhEArqLYvh3Bx7d4nAb	Q1:川流之心(Heart of the Hub),;
2016-12-27 17:17:11	1d892e8176b71857d05fb8ead2b27f7c:OGOypVcCMQVW33jh1jYpVBdsdipxMdho	Q1:川流之心(Heart of the Hub),;
2016-12-27 17:17:21	fdac4f7b2ad083d50c24339bcf4fa026:rOhssEgC8oIHVO2Gkr9UuiAdddaKFpt9	Q1:西站廣場(West Station Plaza),;
2016-12-27 17:17:38	3ae0e00663f0f490f1a6b43691fecd27:K4pSiRT2HjhjqP27M0TWoIrVGnUOEQK6	Q1:六鐵通廣場(Railways Plaza),;
2016-12-27 17:17:54	0aa0d8bec4dabde597f8ba8e6cf548e7:xmYVnO01E8wcE5zlipwhaRP2Cw8IKwTb	Q1:臺北綠驛( Taipei Green Station Plaza),;
2016-12-27 17:18:35	c74908fe6993a52331caf479c9933393:hjcNJPxbiBfjbuQrMftZzJc6WDNPaYb7	Q1:臺北行旅廣場(Taipei Travel Plaza),;
2016-12-27 17:19:40	0f12fc1c551500c92d91b41532b7854e:xCWG7Y379woLAophSuT2KluTKGWYnVG8	Q1:六鐵通廣場(Railways Plaza),;
2016-12-27 17:19:41	2875a2176482e627ea8e15e5aa8ac1b4:9IkQK8T3g89H8Q8gK1FfbBwxyB2vf9TP	Q1:臺北綠驛( Taipei Green Station Plaza),;
2016-12-27 17:19:55	58b3cc11466fc22503dd49faaa4dbe0a:8Gac7zJ6jY6jqwBS3X5ffOqgmFLz9al7	Q1:臺北綠驛( Taipei Green Station Plaza),;
2016-12-27 17:20:05	f46163ba5f2dc336523306447b0fb7f6:ytLKuu2rDSqTsgAamZL14F1nAoAzylpB	Q1:西站廣場(West Station Plaza),;
2016-12-27 17:20:53	6ec6eb418c1693d0ae7fea2da972f88b:gnw4HaQ1BPJYx8fhbh9rSEzfjlr8ziVK	Q1:六鐵通廣場(Railways Plaza),;
2016-12-27 17:21:30	b647051cca25dff0519cfb983b070e4e:yW0iUMRefr6ubNcpEfro4C9v9FG5pwyp	Q1:西站廣場(West Station Plaza),;
2016-12-27 17:21:46	b4b374611f4c1ff0ff08df00b34ebfd3:PSZgaQ7q40qw0NODXfQ2Yas40A6epv14	Q1:臺北行旅廣場(Taipei Travel Plaza),;
2016-12-27 17:21:48	d1897ebba9e16159388b6c6401d61e71:POl8sUIicPtbsztPxux3Iz6LElbKAnYm	Q1:臺北行旅廣場(Taipei Travel Plaza),;
2016-12-27 17:23:15	19486102ba8f603126ce1bb39b6cb97a:pIAyEG0kuSxtRYNtkzU8BS4dC2VxOEWK	Q1:川流之心(Heart of the Hub),;
2016-12-27 17:23:44	04a0d9c05c9b9b46709d44625ceda273:w361OHou5OhclLFgGe3uXw9kX41IowlV	Q1:臺北綠驛( Taipei Green Station Plaza),;
2016-12-27 17:24:06	6f1087f9a3fe9b535a2a165014a1ff5f:idcw2goStBon6T3LA6i0g36yOCggMo8C	Q1:西站廣場(West Station Plaza),;
2016-12-27 17:24:09	9c56fdf6fea290616046b36cc5514eb6:AhnFXSjIqlIDu6XW0X4SqBR2zMjOoWYY	Q1:西站廣場(West Station Plaza),;
2016-12-27 17:24:16	38a91260afe09d1c38eb57c21528b842:q5oDkYCoVyTLIl8Lu6AguoyenrcavwKw	Q1:臺北綠驛( Taipei Green Station Plaza),;
2016-12-27 17:25:06	7b222907970a2ad41f2ce4da2f8b31a2:883oPClcxJ0pBcZT07mtPexdqmTobbw9	Q1:西站廣場(West Station Plaza),;
2016-12-27 17:27:01	394249102de055d9d62758517917e573:QD2cDUgik2icmd7J1wwl76aSUwA7DaNJ	Q1:川流之心(Heart of the Hub),;
2016-12-27 17:28:44	015ec695132328a0599a4a45f9798eb7:x5Bh0QQTbnrtid9200MegNxCJhoeoV5j	Q1:西站廣場(West Station Plaza),;
2016-12-27 17:31:08	ea969a9b03415ee8da1f04b7fd368055:jfkeOEdcjskdxafIG7tJpMCudlvYeEJq	Q1:臺北綠驛( Taipei Green Station Plaza),;
2016-12-27 17:31:23	ab62c21063e5878cd5994e81519a7c9e:f7Fbi1THZ7DIKHsxP4zg9OP7H2RbiSew	Q1:川流之心(Heart of the Hub),;
2016-12-27 17:33:27	c42f8a9050fbc8f9cfcfb4f826aeecf4:KS7MuwS2X7OYXkIJKQfygnubSKb2IO0W	Q1:川流之心(Heart of the Hub),;
2016-12-27 17:33:37	3f617875d9f43ad01d4070ed437c8c32:LnZMDCmjViXFe5cSkOM79p4PAyx24cbE	Q1:臺北綠驛( Taipei Green Station Plaza),;
2016-12-27 17:33:45	0432fab6f975ea5266480a0f4e34769a:kheV6wYTum18a4CI6qMMlbzVFy49tMZA	Q1:川流之心(Heart of the Hub),;
2016-12-27 17:34:14	2bff857452ea88991794110555ae6452:g4pCGl9obFrFzl9urMfFr9PuyplKcbHl	Q1:好綠地 (Verdant Plaza),;
2016-12-27 17:34:39	1253fad21821b4e94bec26ac7c2a8b75:lKVcOX1bvivlqU4mFa0GSLbD45UZqDPZ	Q1:西站廣場(West Station Plaza),;
2016-12-27 17:34:57	a70564fb3097bf104032569979628fbb:eoasyelM3e7iP7ka8juWO8gtqdot9LET	Q1:川流之心(Heart of the Hub),;
2016-12-27 17:35:05	6b4e01cb2f0185668aa59d733e7e45cf:78jdgwyKd65VVDNX9taKntLFiQUUe6ro	Q1:臺北行旅廣場(Taipei Travel Plaza),;
2016-12-27 17:39:26	8998e22d52568ad2b0832d700ea89afc:lffvI32JsF15rwcohnbJhzKPcZ0jTdB1	Q1:臺北綠驛( Taipei Green Station Plaza),;
2016-12-27 17:39:34	5c8796d7fb3c0f67e1d27a9c981d9d64:BC1GhoH44CaRq9bjTbbzJzSDXF9uP0EV	Q1:臺北綠驛( Taipei Green Station Plaza),;
2016-12-27 17:39:38	2126c57fca03c11ce5c80a1e519d84d8:W1UVgihf6ILEWSWZwxgIsDIJqkLCRThe	Q1:臺北綠驛( Taipei Green Station Plaza),;
2016-12-27 17:40:35	0a38ca206505d355a802463c1b5d16ec:P8c6Oo7RVH0dlR77Hpw6GALSrSq1oRJx	Q1:臺北綠驛( Taipei Green Station Plaza),;
2016-12-27 17:40:43	383fa36598fd08ba551ae221e867d081:a4Ynnsp94zaan5WUtnLHrS6MTED5Qa4w	Q1:西站廣場(West Station Plaza),;
2016-12-27 17:40:46	d1a4473f7dd25d6e0c5dab1a1a57efab:SPT1AEpSDC033W2L09e7rs0e0qB3DkgT	Q1:臺北綠驛( Taipei Green Station Plaza),;
2016-12-27 17:42:12	73ff9383f8f496825bb63dfeab837319:sdLWESkVdF5WW7qNcgU92mGx2Uh4nNs3	Q1:川流之心(Heart of the Hub),;
2016-12-27 17:42:19	9397c439ba05e0aeee1d30c0078ebda2:xU5d1eSMnQZjfbgO3e6CD5L6Ja2gL9fD	Q1:川流之心(Heart of the Hub),;
2016-12-27 17:42:44	99f60239a62a8bf5c39437e515f8e302:mxBJ10HICqDRSb9XzNnqfkgrug8DTE6k	Q1:六鐵通廣場(Railways Plaza),;
2016-12-27 17:43:41	c3d64108561de22f12d62cd497166932:m8NZHMqiOfePBy8lV4f8u2lMohVudrpB	Q1:西站廣場(West Station Plaza),;
2016-12-27 17:44:32	cde53ab4816c57036f68e5301f6df888:Zr5a5fdlHeo06Yr1GodfAI9lQNTOcevG	Q1:臺北綠驛( Taipei Green Station Plaza),;
2016-12-27 17:45:00	fe5650ea1b5dde91f47fc56b36dd95dc:vMAPnXmBFpGj4D2J9e8RYHEr38ks5lmb	Q1:川流之心(Heart of the Hub),;
2016-12-27 17:46:28	a28cbe3394a28cd5bc6e5365c437aeb7:Q3wgA19aFbQDucMTWvGU5BSOKyTrDv9M	Q1:川流之心(Heart of the Hub),;
2016-12-27 17:47:57	f3fd1c4041d42cd49199a7c6b0041e1d:KmJYgrFdYxEG0JXQDCcBauQgFfdFDzn1	Q1:川流之心(Heart of the Hub),;
2016-12-27 17:49:18	0f346206496f4cbd8945dbe7816d6cd1:FzPlcs8Jlw8LhXmrLAoz7mWbTzjuvVSf	Q1:川流之心(Heart of the Hub),;
2016-12-27 17:53:15	f7b7700525e9bc321e71a724f599b22f:nghhMYHLrrbEDL48Pelu0jgRCX2zFeSO	Q1:臺北綠驛( Taipei Green Station Plaza),;
2016-12-27 17:56:31	08e65edac2ed071884c94fa35e4c26a0:AKUSrkrDLf8J4oJgll2YGqWDoDdf5xjD	Q1:川流之心(Heart of the Hub),;
2016-12-27 17:58:12	db9751c8c50fe00f8e2ba3037d845f65:k3wAnPdVAF3bvjicpJkMirvKNpuUY2p8	Q1:川流之心(Heart of the Hub),;
2016-12-27 17:59:41	4f9c7c43b8f12c5523b5dd405ae1c8c5:rR2UpGNTfLrrjTupmpg92JvhLCbgJv35	Q1:川流之心(Heart of the Hub),;
2016-12-27 18:00:36	e7cb0166e6e4c8f6c9bdebb882e9e876:qKQXtiUh1xLR2k1dfv3by9bIfBtjNWwS	Q1:臺北行旅廣場(Taipei Travel Plaza),;
2016-12-27 18:00:50	8e54cead1fcae8d9fb46a0d2493e31b5:fYZPSTZJzVLFuZYSDG1Ex61Wqz2dYSvw	Q1:西站廣場(West Station Plaza),;
2016-12-27 18:01:27	ddf7b3772946d17f68f6d17691c534f6:jzfvNsSH0SRSkKl8xI14V4RVIhZemeTG	Q1:迎賓廣場(Guest Greeting Plaza),;
2016-12-27 18:01:45	04239ed846d5e9a686b4524e77587594:jiZVRfSsJB07QvKd8r4y6SUHl97m6hkq	Q1:西站廣場(West Station Plaza),;
2016-12-27 18:04:26	fc4cab60e0569880ca45767b9d6a562d:91AHeksxnrZZifhcsb8liA9J6zz1rAtK	Q1:臺北行旅廣場(Taipei Travel Plaza),;
2016-12-27 18:04:51	e692e8ca0b3ee98fc6a95e3ec6805d39:YlWSs8cnikGBYVT27YA4jkoRQs61HWY8	Q1:臺北綠驛( Taipei Green Station Plaza),;
2016-12-27 18:08:00	84202ef515d52b63b73d862f69fdec47:A5Ol8ZNrSWS2GoT0tawoj7A8t5xqVeyt	Q1:迎賓廣場(Guest Greeting Plaza),;
2016-12-27 18:08:49	6bdd7bc2a92340ab61976a0697bef2f7:1qqnNhAEF2FAbNIyUYpV6blzJWdTZpPZ	Q1:川流之心(Heart of the Hub),;
2016-12-27 18:09:59	940e42f5bca4dc9c283fcef2a586f719:Bk74bOqeMBi9wRIq7fPTUhp3czGZLYVW	Q1:西站廣場(West Station Plaza),;
2016-12-27 18:12:00	99cd975fefb945ed081787c562d3fcba:6WFdj7yl4W2N58LdkO4GL5BxCJpRUKMh	Q1:六鐵通廣場(Railways Plaza),;
2016-12-27 18:12:18	688c1a197ff2b4b9b880dcf94cc5657c:yDEou0UABT7NHIhOCQeKVwDMPepyi2wa	Q1:臺北綠驛( Taipei Green Station Plaza),;
2016-12-27 18:13:32	5190b822022e2eb6b60fd0e778c54fb3:2lm7QZfgUNeujA9JDIyr8pKRU3dUFfiv	Q1:臺北綠驛( Taipei Green Station Plaza),;
2016-12-27 18:19:09	fc049262f08fa82edbfc3abf9e3d3d58:r2qUsd6UzTyFSXWNXOSsXs45NPvGiou5	Q1:臺北綠驛( Taipei Green Station Plaza),;
2016-12-27 18:22:55	2e079bf9bd35b801090e8b77917d4514:xVVps1Aa4o3s1kyl9qYHncHNcfZ2j2Zl	Q1:西站廣場(West Station Plaza),;
2016-12-27 18:23:13	98ed4e334990576206284b06fd36ae5b:OFGORWtFlDO15DFmHBpTxw15wErObEde	Q1:臺北綠驛( Taipei Green Station Plaza),;
2016-12-27 18:26:08	68d2bce5a3eef1481710ba2d71ba099a:yWSZaJom398eL4fl2pvzUwLRfOmQeiCr	Q1:西站廣場(West Station Plaza),;
2016-12-27 18:27:45	2ce9b3e987cbd6cfafb4ecba2d0fde67:DVOy1d24oQosu5vagPCVHY3k3reCR0de	Q1:好綠地 (Verdant Plaza),;
2016-12-27 18:27:49	175a27b87b60f143c4a1acf1c7217802:l4SwCHKil6NGnUV5exx2hwBsXPAKaoXg	Q1:西站廣場(West Station Plaza),;
2016-12-27 18:28:43	072b7adc34ef994c1c6da47610690eb9:vuHLrNrufNFJCfELTr0OoURoOefDtHHi	Q1:臺北行旅廣場(Taipei Travel Plaza),;
2016-12-27 18:36:52	8425044d3f45831dc590a228506b2d6c:RoiCFayzrsWxRndFKRtznos4y2U0An7U	Q1:川流之心(Heart of the Hub),;
2016-12-27 18:47:10	7892adee5bcd83d668a8fbf460324499:9wMkZbnCXihMjgqQ22AcTseeySxwaMcM	Q1:川流之心(Heart of the Hub),;
2016-12-27 18:47:52	007b3fff97a08989ef4a197a3d99bc87:XmHhIzEAVMCuXi2m6XVgAmassX0cBcde	Q1:川流之心(Heart of the Hub),;
2016-12-27 18:48:49	91d9a4fb81f5c748e51683afd1a4ad57:RasCaWxy4t83PJiVjeRoCpCFtwyGPVn4	Q1:西站廣場(West Station Plaza),;
2016-12-27 18:52:17	54336e0d7fe7c59ffe4cafb154b7d0e7:gDPFMxciNgkaud24KqsfoLDxyhgZ0XIR	Q1:臺北綠驛( Taipei Green Station Plaza),;
2016-12-27 18:55:53	581d7338014be2e641e6134b14fb830e:hKWivH6Tq1rcJ060ixBD0QwYDGk4FLve	Q1:臺北綠驛( Taipei Green Station Plaza),;
2016-12-27 18:56:11	740719ce10d36f1a2c0851446c157285:vsyVNmahMz0i59qm4mpTYrM9MsfcgwF9	Q1:臺北行旅廣場(Taipei Travel Plaza),;
2016-12-27 18:56:37	b4db42432d78cca1f407953d732909e6:iKOUVwNIp1nXKpN20GgeqOsOxDwVjamX	Q1:臺北行旅廣場(Taipei Travel Plaza),;
2016-12-27 18:57:28	fe3ae1dbe256d2bbed0bcfde3f0a62d4:NiUjFcfjlbWnGEYnNqbhFPapt3fCAgFJ	Q1:臺北行旅廣場(Taipei Travel Plaza),;
2016-12-27 18:58:50	7bde6bed46c4c78131e94f628d0e3ccc:ZjfEEupl8pTZvVtzVRclMaOswjGWDRTT	Q1:臺北行旅廣場(Taipei Travel Plaza),;
2016-12-27 18:59:41	24388da5eb29bee914648c5c813cbd14:SzJWuRLC0KQtrtmqw3SrGOHPTWkejlrk	Q1:臺北行旅廣場(Taipei Travel Plaza),;
2016-12-27 19:05:01	b8ab651ecc600a93543ed85f48b90979:jli44xgp908n33tFDKNuo1DH0yTLVIax	Q1:好綠地 (Verdant Plaza),;
2016-12-27 19:06:13	5fa4009322eb0278ea16bd2d6ac5814f:ZsgVAHW55IXKbRfCnuBfZshoAvRq3HPF	Q1:西站廣場(West Station Plaza),;
2016-12-27 19:07:59	756641a02cb555bd250a76fa52a79c98:AP6JKMgKYsoyvBsdNWEdNAykuAmzWzHf	Q1:臺北行旅廣場(Taipei Travel Plaza),;
2016-12-27 19:10:47	a44576ddf816150dcec764d6766c0475:wfQdQsIR33aXYeCsv8rbCszzxYfEyXSb	Q1:川流之心(Heart of the Hub),;
2016-12-27 19:12:20	9ce05c3da3abed58ede7229b94ddb344:8KzJ4Q4EEK41bzMqSwxyCHxryYLbHDea	Q1:川流之心(Heart of the Hub),;
2016-12-27 19:24:19	422006005aba623d22950925d5cab541:WtB2TY9sHx1YQiJOYOLztBYX3x2uBO8J	Q1:臺北綠驛( Taipei Green Station Plaza),;
2016-12-27 19:31:08	5a9c7325daa4ac00f92e0e12837b6cea:RiKDLrtm7hjqFBZb8zDPJdPxwkrvGLiO	Q1:臺北行旅廣場(Taipei Travel Plaza),;
2016-12-27 19:37:59	05671f50f969ac339a484ea416d6458f:bKJS7enJi4WZ52mQTsSTGci6oL4RTjYV	Q1:臺北綠驛( Taipei Green Station Plaza),;
2016-12-27 19:42:10	8b75be702f2134026b8de179188fc6a5:M97E5w6HiNSJb45q8A12U69osOPUkO7x	Q1:臺北行旅廣場(Taipei Travel Plaza),;
2016-12-27 19:43:54	4618c6440d4092cee070fa81a9faa7a0:ZBBnpH0td9FnqsiMRAEGwBcSPIuTXqNb	Q1:川流之心(Heart of the Hub),;
2016-12-27 19:51:47	7a93878fd04148235aa7b411ce99471b:9yAplAuG3fnphOa298DY2NBE4CoAzChF	Q1:川流之心(Heart of the Hub),;
2016-12-27 19:52:30	4217fe7e318f0268931416e952a75dc3:cLNSP4oWffuxEyIszqVxp9zrfDzm3rzt	Q1:川流之心(Heart of the Hub),;
2016-12-27 19:52:48	df26315cb6ea4c88c2d8f9d9460c8b51:WV2Scga25X1y4a64uPHCO4SHHnuFWFwb	Q1:臺北行旅廣場(Taipei Travel Plaza),;
2016-12-27 19:54:30	69dec41ca964627285aa856a80f2f860:8EAd5on6I5CEWUtykP7gMbNPgOV1qoVu	Q1:川流之心(Heart of the Hub),;
2016-12-27 20:01:49	7b52d607612d56746aa11fa1b723b261:whG4VYVIUB8zysKeNUoyKqy9zHoNQbOp	Q1:迎賓廣場(Guest Greeting Plaza),;
2016-12-27 20:03:51	3cf4449ccc8ce3c2c8110b0b8ebd9b6b:xeZ72k2hGiXXLegI835OEtjjJHErwxSd	Q1:臺北行旅廣場(Taipei Travel Plaza),;
2016-12-27 20:06:57	38fcb62be094aaf4b1498f5f7bbeab94:nejGJb6Ex7SKZLhzpwJXbiOz7RVeZNWR	Q1:六鐵通廣場(Railways Plaza),;
2016-12-27 20:09:42	ef068f48cfd015f5276059294f29a41c:i94043KKo46g8LDEyrmSTONkL0RyiBAl	Q1:臺北綠驛( Taipei Green Station Plaza),;
2016-12-27 20:11:00	aaef300fc992d70a9180843d18025e25:9Zp3g0UPJEOEV05PhGyRZMjvWX7Ew2Ni	Q1:臺北行旅廣場(Taipei Travel Plaza),;
2016-12-27 20:12:33	35bde5e8de4234c803913bca9230f11d:LWthRdCJEaE92aeitrFhzmn2pXnjOLqi	Q1:川流之心(Heart of the Hub),;
2016-12-27 20:19:00	3aa75c3d2ef399f7820a02cc70d1706c:D99QqxkBk7sTMEqvJoERbNEacF9H2l70	Q1:川流之心(Heart of the Hub),;
2016-12-27 20:25:30	78bc99c8f173ad644498b446efea67c4:BNG7Ms1FGkkO6FG2TqDmpQ19ZSSVqDry	Q1:臺北綠驛( Taipei Green Station Plaza),;
2016-12-27 20:26:01	3d493aec1389852475daa5ae04dea0d2:ttFePkScunNs8AMTYrvmr0xIPbWFvFrq	Q1:臺北綠驛( Taipei Green Station Plaza),;
2016-12-27 20:26:43	9b3fbae468b16f917ef1cefd65f3c0c0:sTc4HKtyIVQWRP9ItbiaGGSIWprtyQCe	Q1:臺北行旅廣場(Taipei Travel Plaza),;
2016-12-27 20:33:22	dfae0f6fe30132dfec23a8f01798a2d2:CJuyyP47tEtDgHC4jE05DHK6vPV4i95w	Q1:臺北綠驛( Taipei Green Station Plaza),;
2016-12-27 20:38:54	e740a95cd5e1bcf8cb0313cdf52d7e59:CpA45pYr5gaKlmPtVYIxJtpWorQLKkLV	Q1:臺北綠驛( Taipei Green Station Plaza),;
2016-12-27 20:39:55	dc7cccb723d93901bd58ccb505316f5d:HQZ4bnaWaR8Jjs7SmUX2P5Eg0J5vM9pZ	Q1:川流之心(Heart of the Hub),;
2016-12-27 20:40:34	1b0b2931ddb4af41a256c4c62ad7b8e2:ui2exawbjx2eN7Ns2km78TpYgAcDhNQO	Q1:川流之心(Heart of the Hub),;
2016-12-27 20:40:40	70cb0b21414efc152194f836809c4325:MDXBSbzpSYLu1ISae4mqsudDWP76q007	Q1:川流之心(Heart of the Hub),;
2016-12-27 20:42:04	7f93d2e27c49607221c1510021d32970:KcAsIifH9aKz6VrbgcR4oaPOOJUeviqm	Q1:川流之心(Heart of the Hub),;
2016-12-27 20:42:28	94bb0bfd539daf974efabbbc25dd17f2:bNBebMiGbENnwzAgWRuGyCxkLP4pMlre	Q1:臺北綠驛( Taipei Green Station Plaza),;
2016-12-27 20:45:38	f8ebeae4cfc900928f872ca705ef54f7:5NWLpGXtSiTWWkMK55YxJTKole3yBF5X	Q1:臺北綠驛( Taipei Green Station Plaza),;
2016-12-27 20:49:28	fefa60d61587ce087aca86d29c0966de:4aaWBQruTZ2SPpcOStKkqYbUMX4VIO5o	Q1:臺北綠驛( Taipei Green Station Plaza),;
2016-12-27 20:49:36	e6292ba3cb1722522b92090d8fa1272e:xz1hVPVYmn2JSNjL0FJKU9kmux8p2iZs	Q1:臺北綠驛( Taipei Green Station Plaza),;
2016-12-27 21:02:15	e66dabaaa6935b1bdc0528ae9c527c17:ryV1Jmtm393diUihME9d27wHwTiFmmsC	Q1:臺北綠驛( Taipei Green Station Plaza),;
2016-12-27 21:02:18	eb5ebbf3a1e9c9b64253ded2d4c31bcb:xiciAjWnHnsGzRSLtZ45o19yxqA2shM2	Q1:臺北綠驛( Taipei Green Station Plaza),;
2016-12-27 21:08:45	35893a24552f47fa35af966b48bed230:xpmvSClYgAbNaKo3BUIBqqlszQFy8Ks1	Q1:西站廣場(West Station Plaza),;
2016-12-27 21:09:22	82df06da4a7ecd7b61a7925e43c473dc:yTfWCVyEqnjxOZ0lDtrJYdWpb0nFF1rm	Q1:六鐵通廣場(Railways Plaza),;
2016-12-27 21:09:42	b55daced115d4de5700cb70aaa71a3f1:EPKFYhzxAzXDuGab5us0irwMapYEHOSg	Q1:西站廣場(West Station Plaza),;
2016-12-27 21:14:37	ab85f1292c41bf3dc678ffcba43d6e78:xUo8uS1oZJ38duG7i7EQwQjC6a9407Ee	Q1:川流之心(Heart of the Hub),;
2016-12-27 21:15:15	1ed747e03cdb7f7bdef8c3622206b410:yygmCGvQsbqMEgKaulPFvmsBiJSJRFnd	Q1:臺北綠驛( Taipei Green Station Plaza),;
2016-12-27 21:24:27	62ca64124c0eeb8f343e7dfdada87d93:9fICwDT0hHbKYuAdMIsjcxKj7Rqg8615	Q1:六鐵通廣場(Railways Plaza),;
2016-12-27 21:28:20	a5b7adbc61dde316b1646c5f326bf809:zLsmYMeBC5VA7CJ9sJGH5O1fynW9got4	Q1:西站廣場(West Station Plaza),;
2016-12-27 21:28:58	ae0a937cd3722bc1cc23067c45923792:lqUYS8V1d6t8OsKZzZCPOwpUZiWVcsJp	Q1:川流之心(Heart of the Hub),;
2016-12-27 21:29:08	ddb657d25487a249be01bddb2ad336f1:gHRuhhCiG7yxrzFq6VZWVeT9Ujzb2mSl	Q1:臺北綠驛( Taipei Green Station Plaza),;
2016-12-27 21:31:12	90a26e0e6d232f9b1565dd71fd1b11c1:H13MYLtV0fOyDLWpoWE4WKMB37bWl9Wp	Q1:川流之心(Heart of the Hub),;
2016-12-27 21:31:17	09e5460cb4960882102037d77eb02c47:PXtlk6vWD0mM9DC226luVhzEmy7Xrsa8	Q1:西站廣場(West Station Plaza),;
2016-12-27 21:35:20	506de911c47d57e0d7846993e65767b9:EI32dTDtHmKZZJVvJraxucvTDNBAz1V9	Q1:川流之心(Heart of the Hub),;
2016-12-27 21:38:41	99fd01bf7c9cc4503e1cd24002db42ce:So1KWRcnnBEvvypk8J3JDC046gw10Ueo	Q1:好綠地 (Verdant Plaza),;
2016-12-27 21:39:10	d2c71c5030fd5c85dfca4253db12c211:20WWYeilvBqg3LLAh05Z5K8cOFW5tEYI	Q1:川流之心(Heart of the Hub),;
2016-12-27 21:41:19	f7002db555d55525f110157543908ae9:saE8SOinDIZnntr11TAGKNiyvOxUEnhw	Q1:川流之心(Heart of the Hub),;
2016-12-27 21:44:25	b5190de726b70b6ad8325b1ed73aeb82:x8t0oqln8d2UFzySFVuNCgyaG2ojNgrs	Q1:臺北綠驛( Taipei Green Station Plaza),;
2016-12-27 21:45:12	7beeb74026205c4a5fa2c609086a30ca:gsDELL8nGLm9ZIeUOh8NRXk3CAb2Xzrp	Q1:川流之心(Heart of the Hub),;
2016-12-27 21:46:43	06555b187381548fae3832848c3af48c:lIY83srxvyDprSo9UoCvRuwBxw7Eme1g	Q1:六鐵通廣場(Railways Plaza),;
2016-12-27 21:48:05	6c18badaaf225242640f20ee9f0f27c7:OV8bRKJX9qNvCCmXZNEEbHT5TEHrCZw6	Q1:臺北綠驛( Taipei Green Station Plaza),;
2016-12-27 21:49:44	7179bf61b147605d2d7f4ecbd91e2a03:HPSCQURWZuxOXlQqr696uV3Ini51Bzp6	Q1:臺北行旅廣場(Taipei Travel Plaza),;
2016-12-27 21:54:16	81b4689f7a55fc34c671d25deeb7a257:bsjuCCWF2NzyGXrMiTLpm0JZR9gL9ue6	Q1:臺北綠驛( Taipei Green Station Plaza),;
2016-12-27 21:55:06	442c11729cc12c1f7652c04afef5dda8:AZTwXCzEVZD0FovSxrsNqsu7p058SAAe	Q1:臺北綠驛( Taipei Green Station Plaza),;
2016-12-27 21:57:05	322cc9aec9a692678e998f3b0991f2a9:OeYxxksiON84ZaXdJcU5YtPGRM0tfRUe	Q1:西站廣場(West Station Plaza),;
2016-12-27 21:59:17	67e7f060835f9be818c9bf2de663240d:hHY0awfmRGtxyeqIu1xYbbg088957j2D	Q1:臺北綠驛( Taipei Green Station Plaza),;
2016-12-27 22:00:49	94d1ada7310acb9553af4a88f3fac27f:Eh3b3APyGU3fsXhbeg35a4GknFEhxEey	Q1:川流之心(Heart of the Hub),;
2016-12-27 22:01:40	08c707e7fd71e6125fcf6da2ee7ceeff:vghZ8noFisWNxjR6lA9w3o37RlWr0EUI	Q1:臺北行旅廣場(Taipei Travel Plaza),;
2016-12-27 22:05:10	765e7ebe50a19a0c71d4ecf5b2687bcb:wA9HOKu8LvIZDubAIycs3eS2XFe3SfWT	Q1:臺北行旅廣場(Taipei Travel Plaza),;
2016-12-27 22:09:47	2ad324161f9e7a241bde435f0b7021c4:5kmGEBLj0wRoXyG9lKYXA4WwSCiciYo4	Q1:臺北行旅廣場(Taipei Travel Plaza),;
2016-12-27 22:11:12	e668d045d2f74d6b4ea4d0123d84e0fa:FQQfdkniyBHgCDOHevsUuA0qlW8dKddm	Q1:臺北綠驛( Taipei Green Station Plaza),;
2016-12-27 22:16:37	ceeafdbc8a57030b7e61116603012605:7fEPAZf4j4NUAEnSLkLMdzK048dPFSuy	Q1:臺北行旅廣場(Taipei Travel Plaza),;
2016-12-27 22:16:58	d6c5868c17384360a9266ebf97acfd0c:BjEDR75Uu9KAA77hyM3jnXZlVbNHXOPS	Q1:川流之心(Heart of the Hub),;
2016-12-27 22:17:12	5d08f0dbd8f583598774c480fd1c0cbf:rFM2A8HvfKA7TnLKsmnmJhz2bXFihN4E	Q1:臺北行旅廣場(Taipei Travel Plaza),;
2016-12-27 22:18:12	f8b189ce06064ad0ebac9afa4cc59c51:zdlmpoFEyPeP4dmlS0EDQUoiX9x4wNXU	Q1:臺北行旅廣場(Taipei Travel Plaza),;
2016-12-27 22:18:51	4f38bd2b1350b0759b80329720a578d6:bVbbhmVIErF624PCZY5rs03gxEKzCQKt	Q1:川流之心(Heart of the Hub),;
2016-12-27 22:19:26	13052238b76b6f5134e24577ec0a41d3:cav7WJmoC1uka7NgK5ZlAUwn4dFsbZBK	Q1:川流之心(Heart of the Hub),;
2016-12-27 22:20:10	14f03a9c49dc0a9909db11f1aaa53c65:I3rmvp14tc4xot0hvv3IkIJijRnLKQWz	Q1:臺北行旅廣場(Taipei Travel Plaza),;
2016-12-27 22:21:38	07d4618f5fbd8834eb5195f5578ca917:wGgNmeomM8nJpBuIwg3lsDHMrQkzEK5D	Q1:臺北行旅廣場(Taipei Travel Plaza),;
2016-12-27 22:22:10	8108096a244b0633722c686f44f4f6d5:qUbgHv5HLGGR0D0xbrBJ4zJvxYIrIVht	Q1:臺北行旅廣場(Taipei Travel Plaza),;
2016-12-27 22:24:08	aad4fa7d24941fdfef161e97705612c7:6XS1IzcIe2NcYYpL2FmEkESf2DeIMZHn	Q1:好綠地 (Verdant Plaza),;
2016-12-27 22:25:44	d983317e33a0ddf929c8d8af1ae487bb:DBQLYy0AuU3SUopR4zbEvQimUjc7hQgc	Q1:臺北綠驛( Taipei Green Station Plaza),;
2016-12-27 22:33:45	09abf759006688fdcf160ee596212849:YDX2g2kFczPw0FQx38wDzauaylWJYFkw	Q1:川流之心(Heart of the Hub),;
2016-12-27 22:34:27	7ca0d2c26405b44d45684bbff6ffff88:ARfdDmah9PBitmDzX3IOwknIlo7kU1xB	Q1:川流之心(Heart of the Hub),;
2016-12-27 22:35:33	b7a88e9b63c2db49a6f04d72ebdeeeea:crFkJpQoDl4z5lmeCFtt9gJdjDtwX7dZ	Q1:六鐵通廣場(Railways Plaza),;
2016-12-27 22:44:09	42fe035905379797d31f9ab69a6e9284:lrQnd41aeST40YFeIhCInBaXYa0VwC4Z	Q1:臺北綠驛( Taipei Green Station Plaza),;
2016-12-27 22:45:03	2f57c2b90dd1d5fac906c46cc7a34a76:FzE5OEEcICSGKoemKrurWbqmKm7dvgwP	Q1:川流之心(Heart of the Hub),;
2016-12-27 22:47:19	9bda81bd7e75374435146f5a0448d7be:rlj3fuxjS9P19kId57qEfaG3GxWbw7VK	Q1:六鐵通廣場(Railways Plaza),;
2016-12-27 22:47:27	c302d596a55b424c257de09035d9fc20:n6sLwmzysh5PHAYmW16HQmrs4MJaHjHO	Q1:川流之心(Heart of the Hub),;
2016-12-27 22:47:44	7a334c5a86a0726ab5e7189bab58cba9:DCOopcO4jOcuYHtL48FfKyeHXkRdInY0	Q1:川流之心(Heart of the Hub),;
2016-12-27 22:51:17	09a082481ea635b1c49fe0b74294fa57:sp6JBhnfERQqCj3Dg3D5oVl2rPVVBPjc	Q1:川流之心(Heart of the Hub),;
2016-12-27 22:52:25	a22f63cb0013170bd81bfced3eecc6f4:MPZNLO9vM7gO6hxrTwQg2xvNjDtcSfA1	Q1:川流之心(Heart of the Hub),;
2016-12-27 22:57:17	654975883528024ee0a27d6769d5731b:48xft5JjXAftywhIPT1J3x6UyBPnOPtP	Q1:川流之心(Heart of the Hub),;
2016-12-27 22:57:59	bb70c4aeb1f772b7b4e7e9181ab4da42:y33LZWKH4vaSF7iWbNHydrWf4pbL5RKR	Q1:川流之心(Heart of the Hub),;
2016-12-27 22:58:46	dececae1b6fe53faf5e077b4295b371d:fG9aSaEAVcb4Misos57AqFMJzWyur5Ze	Q1:川流之心(Heart of the Hub),;
2016-12-27 23:01:22	e3d6d80a8b4af97a5f259eb73edaea51:dsGmEdrRlJgJCixRIOKiqHoQqf6KDyJs	Q1:川流之心(Heart of the Hub),;
2016-12-27 23:08:05	0fb23f8dbc31eeb154863004499dd073:dxPfA1vlC0A1vNglgDYtwCJeqEUmpFph	Q1:川流之心(Heart of the Hub),;
2016-12-27 23:08:51	d29da1a042aadca5db3866ebf7721c26:YPnyFqrM3H5LPTg1OPgMf5YGBsBzCMiq	Q1:臺北綠驛( Taipei Green Station Plaza),;
2016-12-27 23:09:36	3a9278e2836ea511e2f8b78d62eb008c:bYLBsdfv6yhylFULFormPHJ9DyTedOba	Q1:川流之心(Heart of the Hub),;
2016-12-27 23:09:58	c6f8ee49c598cf1d51d40a32f9f76392:elnCChXu78DH91Gv4reDtfV5S3Ejz8Cy	Q1:川流之心(Heart of the Hub),;
2016-12-27 23:11:19	389f34c13c3ecb41439762d4c3678223:f9g0IC7SX1IqU0Nfe4ZJCXpmZwXcIU3t	Q1:川流之心(Heart of the Hub),;
2016-12-27 23:12:09	dbbfa1d9e8b603dc9d30098d4609ebf4:JFIfJLHaewZ3eGOztcWlKPovGgJmMSXZ	Q1:川流之心(Heart of the Hub),;
2016-12-27 23:13:14	06e250a16f97271625d46276664261eb:if1KTYYUNKCNvbj4Iqn21nR1HWkjLgtO	Q1:川流之心(Heart of the Hub),;
2016-12-27 23:14:17	b44499384e753941da7a48f4997d64c3:KevmOHlvOpeMtsfWRtyDEFWBxGMRWGHm	Q1:川流之心(Heart of the Hub),;
2016-12-27 23:15:09	6ec30748f087fdd23ee1bdfbba47aae5:IOy53KRFpnwrT6qGK2VIWVyXAqdo9fHx	Q1:川流之心(Heart of the Hub),;
2016-12-27 23:18:20	d27c5aacd9410c42987bb576c16b6ceb:dpVXQCKOeqvedyo4CoKhTZjayAkvpPzr	Q1:川流之心(Heart of the Hub),;
2016-12-27 23:20:26	49d969dddf066da1f3d523ef974f5774:i40T7OUCKuq1z3ABOpyujwMkjmHYb0L4	Q1:川流之心(Heart of the Hub),;
2016-12-27 23:42:18	3338c9d17443499f519609f6b2ed43fa:kRfURq0VWikvMmCP2s2XKQyOrvYqnT87	Q1:川流之心(Heart of the Hub),;
2016-12-27 23:43:18	7602927277b8e6de6dfe575b5ebd4064:qVutkkgK01wdzIghwBZN8qWNWwlhBt2t	Q1:川流之心(Heart of the Hub),;
2016-12-27 23:43:41	780a6e5637e7cb8de54ed44b6934dae3:ZzxUlbfWDWuvMT69FFW8mzihU89HybkW	Q1:川流之心(Heart of the Hub),;
2016-12-27 23:44:42	2d4e9920fab37c90f7d0990de1239de4:ac36bmPWyKVufcorkpE4k3aRSbGxH4al	Q1:川流之心(Heart of the Hub),;
2016-12-27 23:52:22	86b7237a859a87682cfd57f1c75bda51:FKMwEXvFsFt7Oz5yQ9HTR5yZvzFB21t1	Q1:臺北綠驛( Taipei Green Station Plaza),;
2016-12-27 23:54:56	64c7377fcd63dc36eb3b1fd7daa4b653:hjLiTCKzxhaghlNzssPQAkJFudE6dRd4	Q1:迎賓廣場(Guest Greeting Plaza),;
