2016-12-29 00:05:28	9474492b26ccdd038161d8bf66c7b908:wxD5re7GlMoHHVhhnwChgMUzDZTkATqb	Q1:西站廣場(West Station Plaza),;
2016-12-29 00:05:50	25de9557854e89a8376bd76369a7ec6b:dxOkKFwGWgitJLr0lbVJvH6bUVcOS5fs	Q1:川流之心(Heart of the Hub),;
2016-12-29 00:44:00	49291b936be7b42dae60fea659db9cc6:T7iXgj0e4ctMMdVBUIPIIyVYKetJiH7u	Q1:迎賓廣場(Guest Greeting Plaza),;
2016-12-29 03:40:09	91588d0b2d66486b29ef8205226aedfa:HMDmKYnJ1WlYV2hIENPLURtzSJFqBOJd	Q1:川流之心(Heart of the Hub),;
2016-12-29 06:29:35	ea4064b990c7b61cc2a884334d7dc0dd:uywTyXRnomJaUJJQrJm3S1gEhpeO9AKD	Q1:西站廣場(West Station Plaza),;
2016-12-29 07:15:46	b52316f7e31ae0e9fdb378bf6760d161:xc3sZ8ClPcLdAmWs8M6mqPawIzfZR9au	Q1:西站廣場(West Station Plaza),;
2016-12-29 08:06:27	24e77752f73c4ec9f375c3a608b59d12:4U285JeRjtTuiDDVDAk14a1kxYNLCCoR	Q1:西站廣場(West Station Plaza),;
2016-12-29 08:18:18	0fc3bbc0295276f2182d77bb91816fb5:dhSKQrWgevFu7c3TWe8zGcSfZW4rYnq4	Q1:臺北綠驛( Taipei Green Station Plaza),;
2016-12-29 08:24:01	fe3942369fc2e5752f9c9a63dec6daec:P3ETNaXaiwFt6CtcgXRlpyTBnz9f30Tp	Q1:臺北綠驛( Taipei Green Station Plaza),;
2016-12-29 08:27:18	36622496594adb30ef244e31c4afb8bc:gqX0X9nb0lpE4YgvYIBL5JpRBZTsIISt	Q1:臺北綠驛( Taipei Green Station Plaza),;
2016-12-29 08:32:15	381dfad108cc8d299adb33693d4f5849:fciCaXEimt5auv1zLCh2B3XpVEYeSPT4	Q1:臺北綠驛( Taipei Green Station Plaza),;
2016-12-29 08:41:54	8bc3843a7871ce8919d380681a90eb10:TXiHGWaCSt4x8NILA7N2cuWhy7E7PKBE	Q1:西站廣場(West Station Plaza),;
2016-12-29 08:51:53	450c55771c075e9f38e3bf0e93a98639:OgSBa2IciyqMgH3U7Yebj4FkvWLq6aXr	Q1:西站廣場(West Station Plaza),;
2016-12-29 09:21:05	525e85c1944036af2077b2895de5e578:0JAlMWP0GArOP7ShnyGdvzBA59LDtnon	Q1:川流之心(Heart of the Hub),;
2016-12-29 09:42:29	59013ffd8529fce364104ae642c86c4e:w3DBNCcwqFlwKJcDZxrnALTesnhDS3su	Q1:六鐵通廣場(Railways Plaza),;
2016-12-29 09:44:41	f3ad0a5ccba40eb73d83e3705444a56d:dN7hJQ3u6fvFSxC1qVtbcYn1xL3STkIT	Q1:西站廣場(West Station Plaza),;
2016-12-29 09:48:03	5ec45612e58168ab5e0140e2cf33e3d6:zaN1vaGnzbFsEDdc5L7v7G28y2DpTfeF	Q1:西站廣場(West Station Plaza),;
2016-12-29 09:50:18	749b211e2d212be5bbd64c5219e8bcdb:qJ7kSrR75bP74eAWw7b9xJYAn8ZoUP62	Q1:六鐵通廣場(Railways Plaza),;
2016-12-29 09:57:13	860833efef152ea14f088ec98190b9ff:BeIvdklrCm2yy4k0EKh8weUH6qGV2VV2	Q1:西站廣場(West Station Plaza),;
2016-12-29 10:05:55	9137721c01a95b41986362ff2563a2ce:dido5p4OGnqnWiOjAUtLeatCom9EKWY2	Q1:西站廣場(West Station Plaza),;
2016-12-29 10:58:58	bcd1efcab230a4e612ae01d5eda0b5a0:q3kqI1xrtPTDEA4XP7KsQVLw1TvHkC88	Q1:臺北行旅廣場(Taipei Travel Plaza),;
2016-12-29 11:17:23	6a9843de703301f61d5ad43015b7d83b:ZrngWP1OVKEinIBQS6KZ1w4LrPONTqjC	Q1:六鐵通廣場(Railways Plaza),;
2016-12-29 11:18:35	d7a81d3dc08498615041efab3279b3cf:n5tCvlBSeCHVlJbFpMEimOc5T68jjMbI	Q1:川流之心(Heart of the Hub),;
2016-12-29 11:26:20	8f662f89a2de0d71ba123eb7957098ff:O36xLGw2x7Tmxl3nc0jQHSZ5Y1Js6Jn5	Q1:川流之心(Heart of the Hub),;
2016-12-29 11:28:01	872308b5798338236defc88f22f911ce:ElrkmroWlIYfIOt2hLElFviYRkQv1EM7	Q1:川流之心(Heart of the Hub),;
2016-12-29 11:30:55	b5c9860e3698b0291d058092dd880ca5:rotgbqMGEuIs65FiNnzaTO55xD62297o	Q1:川流之心(Heart of the Hub),;
2016-12-29 11:42:35	9869359e3b224f9d27c61d10792a1d3f:XW4IfibNCpprx5Z39ZSyvBfwfheXFtPI	Q1:川流之心(Heart of the Hub),;
2016-12-29 12:00:24	4ed7083ca17025db455fd74d7dce377c:h6DccbYc5ZFo0XTI2EGOOICfSoBkQHn3	Q1:川流之心(Heart of the Hub),;
2016-12-29 12:01:47	ceeb3d4a9f5b1a401d6e9ec114c17128:CM6bUH4M2qwnoiAJAsAy0WMWJKxbaDFQ	Q1:六鐵通廣場(Railways Plaza),;
2016-12-29 12:16:39	2231a6477e8fd991fc0145df0f29db0b:oXEmA66DhujP023T7CdG0U1aM30g3VD9	Q1:川流之心(Heart of the Hub),;
2016-12-29 12:24:27	df94a7a853f43d8ae8c93536d2da8932:BMPFvJtZUZ6v30t413B1LyAdMVgpLJb8	Q1:川流之心(Heart of the Hub),;
2016-12-29 12:34:32	0e2413b63cd341fc52d7071e000a3111:YQ3NgGByepmq4DO6MZpuwkfktlGD0KmW	Q1:臺北綠驛( Taipei Green Station Plaza),;
2016-12-29 12:40:38	07b26e4c845ebf04fa8606c6b3d94225:aqVYefrKRNYyMIXU4AsPZeoXpjpcq6AP	Q1:川流之心(Heart of the Hub),;
2016-12-29 12:41:20	953def7331b701e0e00929ae2251b007:1MPOQuphDQCyrx3fnUyXxkOk8Z5qRmYd	Q1:六鐵通廣場(Railways Plaza),;
2016-12-29 12:45:26	841dcbaace2eafeb0939b78a1b93da58:USR25lrIVgiS3kTaKsakI6fCVk2tpCuc	Q1:西站廣場(West Station Plaza),;
2016-12-29 12:51:25	f24022f1e1dbd5ddc95a72e087bb24f8:KekZo6gAArukcs9J1IdZU0DCJ8zIJKbk	Q1:西站廣場(West Station Plaza),;
2016-12-29 12:56:55	75e26dd324d5988933cab6f320e0b0b6:aQQ1z9c02q4ooAv3dptrGd0TWfHGVFWr	Q1:六鐵通廣場(Railways Plaza),;
2016-12-29 12:59:17	c768ddaa0192f9a527ab805988fc4341:oDPJARdpBiUQ6qMot2wZxdWZpCQmWQKi	Q1:臺北綠驛( Taipei Green Station Plaza),;
2016-12-29 13:01:23	3b020432f677dfe780ed503451135269:MVX2uRSWwK3kS7emHuCLgWPg0UPqXlSl	Q1:臺北綠驛( Taipei Green Station Plaza),;
2016-12-29 13:02:37	ac584d1fa0e20e41be8ade190bfd868e:g816qHn1Alts4J5w4e0G56n6FcNhn9dV	Q1:川流之心(Heart of the Hub),;
2016-12-29 13:07:54	1ed00e60053446d7cbb31dfbada584fd:00jP3SDtu5pmtvCVw7lrojLZQ69du8VJ	Q1:臺北綠驛( Taipei Green Station Plaza),;
2016-12-29 13:10:04	66fb412be6518d1620cf24de38c96309:GMlLoaOsVCu2p5zGwXBEEgEDF9oraXf8	Q1:六鐵通廣場(Railways Plaza),;
2016-12-29 13:11:46	5b9854763da6846db9b7dbd4e4d7ce24:A5WD1NpHdtUsvsK8lEZcbd1MBTfxfoKs	Q1:西站廣場(West Station Plaza),;
2016-12-29 13:26:03	7dfd9b7623d0ba0153a021b383bc3572:EU3d5oIlK8nprMrvqIGYrZIINtcsj2L7	Q1:川流之心(Heart of the Hub),;
2016-12-29 13:30:22	c45d8f630b81028400d13fe0435097af:Qv0OC9xV5PJUF5nikPPpsi94xP7JHDlr	Q1:川流之心(Heart of the Hub),;
2016-12-29 13:32:03	ebf5ed8f5675c3585fa415c89ce7c15c:jdVcxdkWlZOPETjcbz26WcWFLQzPao1s	Q1:臺北綠驛( Taipei Green Station Plaza),;
2016-12-29 13:33:07	41903b59fe700f217194166ca3cd0964:iRLfwHb3PwfQvfGwJCMQMlhuC9q3cirU	Q1:臺北行旅廣場(Taipei Travel Plaza),;
2016-12-29 13:40:10	5fa88712c4cab5d35e2a7094d7ce50c4:SWVwBJIaDzkLUhAaKvZ4VTFYok3HuzZ6	Q1:川流之心(Heart of the Hub),;
2016-12-29 13:40:11	623de7f4a0d5e21a864ec3c8a1b172ef:sTLzbIvrqYymngAWeb3mxgHiay9tBQEH	Q1:川流之心(Heart of the Hub),;
2016-12-29 13:41:33	ea5aadb72a983b232fc3bbe55641354b:NdcVnvBzitW5MWwPFO8FMy3QdECIQyoP	Q1:川流之心(Heart of the Hub),;
2016-12-29 13:42:44	e7eea3f90e58bf49d88712b8aac73dd6:OhdqNA6Z905MvxYgeNNfKKfjNpgDMLJ3	Q1:川流之心(Heart of the Hub),;
2016-12-29 13:44:21	147ba145cba55f7e380f5c50557a919e:kVRNRyNV6HK4YASW4jcumrnZ9re1mZyz	Q1:川流之心(Heart of the Hub),;
2016-12-29 13:56:54	3ba6d60bd45c2e60a84a876e85173f26:QqvBCBIZIJkrwGKVUnkRz2GrBRx8oLNt	Q1:西站廣場(West Station Plaza),;
2016-12-29 13:57:02	bf480c9c81e690d12e9f6a79bdb50c36:ydHJb8kbTjFADR0mHQXJYz3q3oAa8ai1	Q1:六鐵通廣場(Railways Plaza),;
2016-12-29 14:02:45	d1cf14b962fd457abb402ea2737eb5ca:brX54BtZcMgXyZqfS19qtzhSfXGduHUE	Q1:西站廣場(West Station Plaza),;
2016-12-29 14:35:32	ad468a60088faed998b8ba6e05834ffe:tvfYciir8iBtjZRPj8AxrW5sokHLJwp4	Q1:臺北綠驛( Taipei Green Station Plaza),;
2016-12-29 14:43:24	f4d94d82d0ffacd710ea22cf7e776ce4:fgR1MQ03SpXl2iax39ATY9ihoEg8S7f5	Q1:川流之心(Heart of the Hub),;
2016-12-29 14:46:51	6e08b1fc512ac74fdd74d6414a1d5102:VLef0CCbGKzBUgbIma22zKOzdLsU41c6	Q1:臺北行旅廣場(Taipei Travel Plaza),;
2016-12-29 14:51:34	b767f035a3bf938bca043a3a67a1559a:cMvxBPiad3999HtsSKgNPhvsqhZYQG7A	Q1:臺北行旅廣場(Taipei Travel Plaza),;
2016-12-29 14:56:07	e307500f1012bcf0d835c6c1fcea1fa4:NWvPotNA0vjnphTFjsjFKLVkcxuxwo8m	Q1:川流之心(Heart of the Hub),;
2016-12-29 14:59:13	eb14e689c360f2f3694da03e3ec20b47:DcrbLxDSnq7aQN4B7BGLTUiSmvoxpFJ0	Q1:川流之心(Heart of the Hub),;
2016-12-29 15:06:11	48a31ca760a277709a7e6c44c79decb2:1Evy4q7tMIRUbtDndZBUMi4OBPA6Hqon	Q1:川流之心(Heart of the Hub),;
2016-12-29 15:11:15	c0ba36becdec67f16ea2b98424c95474:h6m623MNcngmtDENawi6HXRAbDZ1Ac3q	Q1:臺北行旅廣場(Taipei Travel Plaza),;
2016-12-29 15:11:47	1b7d9bb7c8151aa5361e5a68a9b1c816:JVAbWSkmO9dLo0hzV5CsG2TJQSuA7oVL	Q1:川流之心(Heart of the Hub),;
2016-12-29 15:13:02	8d5e0c842d6307dcd06824eb7c53cf2d:343nY6xMTBw3SMoStFo9I5pFYWzIbLGR	Q1:臺北綠驛( Taipei Green Station Plaza),;
2016-12-29 15:13:43	9ef9a849853469aad6f3c8bbb410f5cf:sU7CrtJAwHcOlLFnMb1QXdVMLw3ffdAc	Q1:川流之心(Heart of the Hub),;
2016-12-29 15:31:04	167d64809c90552da9399171b8f137fe:fGjaBBX8EI2sTt33xGAZYysh9amQkyhp	Q1:川流之心(Heart of the Hub),;
2016-12-29 15:31:36	e2507288310f95c40b4b64ebb5355892:upFu4ojLKo6s9QHexfSb2YHNZpucbbes	Q1:臺北行旅廣場(Taipei Travel Plaza),;
2016-12-29 15:43:00	f9af733070d3d3e0110cdd1fae29d36c:jlo9ETlOQSlO1zSz0HNLg3niRoiYpXeR	Q1:川流之心(Heart of the Hub),;
2016-12-29 15:43:40	f751e1dcc369282041a32374d9cf9d5c:dI6pKa9gDCeH67UlZShATjWA4STSjq2f	Q1:川流之心(Heart of the Hub),;
2016-12-29 15:45:10	caad72ad2878cc487a00d3a41e9b2872:AizICXmM926VCHmlKKamMIaPNVREI0KA	Q1:川流之心(Heart of the Hub),;
2016-12-29 15:48:05	7fd75a62c5f0e2888e84efced721feaa:3YgCfc4YHt5aDtrzYrSgBkWbwtMe49SX	Q1:川流之心(Heart of the Hub),;
2016-12-29 16:16:48	8f16fbb94ca3266482d5a6037f5a514c:KUCb8Iin8DbLrJSJDs79KbenNHLeEN6W	Q1:川流之心(Heart of the Hub),;
2016-12-29 16:31:54	5f14f56967c67313986a258838c34392:Zzd5eFuDXcPuwsAJxDLikY602PnDJEsS	Q1:川流之心(Heart of the Hub),;
2016-12-29 16:34:31	81624c9f3469dbb25365942db4283532:ZMDvD21FpnHRmo7C4odhprREMwCYPhdc	Q1:川流之心(Heart of the Hub),;
2016-12-29 16:54:43	0e3c8dcccf2ed4d063480889668c95c4:2j0S4oj4knk5nSWXqE1vHsX0p5gGvir4	Q1:川流之心(Heart of the Hub),;
2016-12-29 17:06:54	a1726880a80b6d46a646a87fae3a1772:ehEJARZCV0AgndRhDm7CMfCBnzVL2BUD	Q1:臺北綠驛( Taipei Green Station Plaza),;
2016-12-29 17:07:59	6befd786c930a9d7b5d035b0f541258d:RtjRZnq4Wms1ZG82FkacT39nhw00HHDX	Q1:臺北綠驛( Taipei Green Station Plaza),;
2016-12-29 17:20:12	4f53914b99792d307dc0188789cd5017:PVzVBGHQum2HXeV8xOmIEfC6xlifO1fU	Q1:好綠地 (Verdant Plaza),;
2016-12-29 17:22:25	0e7ae467a0e1623ffe79c9f3193e4cd9:VnzRTwhjJa1x1FneDWWfI1xdjIGgorJM	Q1:川流之心(Heart of the Hub),;
2016-12-29 17:29:42	273e22c12512bb5ac375decfbe5f882a:6wNyveOmpZdbg0CNWziE6HgyodoptdLP	Q1:川流之心(Heart of the Hub),;
2016-12-29 18:00:17	19ed7311e4f33ffc4b1372ef1d554e7c:7joFLPpSLEbnRZUJmM4MSIV7kiklUpqD	Q1:臺北綠驛( Taipei Green Station Plaza),;
2016-12-29 18:02:30	25f6b709d1733e273f2bca734cec2baf:KJSx3mSYE6nBBz6Ti0u2C4kUyo61y9Yp	Q1:迎賓廣場(Guest Greeting Plaza),;
2016-12-29 18:03:54	320fd2cd0afc98d02502538c72d03485:0E86C1xmVDss7Hu00WHaTqEXaJRp6E1i	Q1:臺北綠驛( Taipei Green Station Plaza),;
2016-12-29 18:04:57	33cc86473ec0535b11a8393586ea7a9f:sjqWuPnlRtHQoLMnRnrbhVNUmEiwLOy0	Q1:臺北行旅廣場(Taipei Travel Plaza),;
2016-12-29 18:05:42	7d7d58a476313dc1f756ecb61c95cc66:NUcNrlCnhG8izs0u9vuAIjdJenwUXYV0	Q1:臺北行旅廣場(Taipei Travel Plaza),;
2016-12-29 18:06:29	d165ae2d0f24029b8d7bc6573a3e1561:FuwflH6YaBMun75Jwx0dywt7sBQCo6KD	Q1:西站廣場(West Station Plaza),;
2016-12-29 18:06:45	e348753471f04e573c3f24c9f503a7b5:Hyw4hvxSNR4Rpr1MTJhHkj0CffjknALH	Q1:川流之心(Heart of the Hub),;
2016-12-29 18:27:43	b937739bf59f47158607680aef9182a5:YqzTjd62vOPY9UVaTEPVdK4VkFhJRsU8	Q1:川流之心(Heart of the Hub),;
2016-12-29 18:36:08	2e77206a93d9ba1e3c25f0f1e613fbad:GNvoXKJMlhKu9mlIBfGYvp2Ql41qNRSl	Q1:川流之心(Heart of the Hub),;
2016-12-29 18:57:01	63fdd1492f5db8bdf161d1515f9802de:S9yJgUyu8RILUKoJXbt787gC5tjuELd7	Q1:臺北行旅廣場(Taipei Travel Plaza),;
2016-12-29 19:16:38	911a383918e387b7135de56226f12248:P3ZWhj1v10QSTuB1uJT64RZKQegw40gI	Q1:西站廣場(West Station Plaza),;
2016-12-29 19:46:56	8f4eed63f36c7a7f746f3146d7cf1343:ZwnuG9sNtt2sIebbtYzO1fV16TXBck5t	Q1:臺北行旅廣場(Taipei Travel Plaza),;
2016-12-29 19:54:16	e22c75efb33009f26000f9b7c5ba998e:JaibYCmSI80ip4Ciz7kco57dKEamrBlw	Q1:臺北綠驛( Taipei Green Station Plaza),;
2016-12-29 20:32:54	6b4e2081f50f27541edd91b272ef8474:8g0eH4x4Zk3do1d4b5hyeywxbQt3Rq2t	Q1:川流之心(Heart of the Hub),;
2016-12-29 20:43:23	89fea90978cc510fa46187b5db50ef18:ToxPR6ECI069ZSdyNbPjawLYgvFRrpTX	Q1:臺北綠驛( Taipei Green Station Plaza),;
2016-12-29 20:50:18	ad7c3803e17290c70ee8283b4d41e306:L3bTYkBjOxMu3SDgqglwj5uKI3cWTGDM	Q1:川流之心(Heart of the Hub),;
2016-12-29 20:54:09	1e161547e8057edcb42c42d0c8d48384:2R2eRlF5IA2ILlLWPzIJCaLIgjZzdv64	Q1:川流之心(Heart of the Hub),;
2016-12-29 20:54:59	e990b679a4371073f3c8a320311ec00c:yUuUXchy6MC4WkTWjA9eNyks062FeydU	Q1:川流之心(Heart of the Hub),;
2016-12-29 20:55:30	c25bbd109907a265730373a4f75e7908:prX18j4BuSfraOaparCfrKKt0ku8IMal	Q1:川流之心(Heart of the Hub),;
2016-12-29 20:57:39	4714fd441a2d2668b2f284d4cc930ca5:JCmzrTJyAf6NHy9m0Hk8JpwXYxgSI8pk	Q1:川流之心(Heart of the Hub),;
2016-12-29 21:02:12	ddeae4b6cb9da20be2e8e361acea271e:FZiWvEm4BQYCzgAQD59mJPL19jw6rCz7	Q1:川流之心(Heart of the Hub),;
2016-12-29 21:03:10	e1e7de9683243dd3b5855f428dcb1171:tnEWoVqtYTqxrTtxQhKKC7kBc6L7OiIQ	Q1:川流之心(Heart of the Hub),;
2016-12-29 21:09:37	b85131ac94785490a32397e250fc51c6:HUy1lEqFP2aH5VmHkh9glAhXz4nyIBbn	Q1:川流之心(Heart of the Hub),;
2016-12-29 21:17:05	61304dd29657202ba3ff916180871476:a7W92Hr4fRUrwWwk4ywHkRWuLa8zIvQK	Q1:川流之心(Heart of the Hub),;
2016-12-29 21:22:37	04d1abd6bb7eceab46d1174de6460a91:D6HB5DolfDMvGf8zIW21mdBm7a2YJ35O	Q1:川流之心(Heart of the Hub),;
2016-12-29 21:28:52	089fb70377eba5a48bc5537aa778ac44:kFFPVkS9gn6bWUMcWl0WDa9UQBwO1a6S	Q1:川流之心(Heart of the Hub),;
2016-12-29 21:33:51	61c507c90a6052e2d027181cf244d703:uUrw0qyShGNPdXNyTJu8pw5rj6a6EBCW	Q1:川流之心(Heart of the Hub),;
2016-12-29 21:34:04	5404ead1b000908bbd3dc9d798ba0b4e:XJ1Yo86vlleiDTLfzsivERxLNM1V3UxN	Q1:川流之心(Heart of the Hub),;
2016-12-29 21:36:39	f590121931f0ad36719315cfe62707ba:k2owqxy4gh89kL5LlVZl6ZBziKwkh6Eq	Q1:川流之心(Heart of the Hub),;
2016-12-29 21:37:56	a9d5fc8e46454d45b7ab05dfd6a5fcbb:ed9AMEWY4mZrlXbfGntQDHq4EwVIjXa4	Q1:川流之心(Heart of the Hub),;
2016-12-29 21:39:19	1d04b944eb36dece8e962b0136a4f9bf:lomSzHxa5X0z06mXhVIQYjCymYLn5sYk	Q1:臺北綠驛( Taipei Green Station Plaza),;
2016-12-29 21:41:38	c27dbc64c2b5c694646d82170133c39c:v7LwSX6pfoefTdJq7uTmuzddN10PWJzq	Q1:川流之心(Heart of the Hub),;
2016-12-29 21:46:04	17c667e59231a8dcc6437572b1792524:135ROy1eaoprZyw5PvtaVoNaiYDJR27N	Q1:臺北綠驛( Taipei Green Station Plaza),;
2016-12-29 21:56:05	80af7fec0ca5e4822023ea990f5cfe13:tWoVA2pW0BGwRPQzzGeqCrzQXPrsx5MZ	Q1:臺北行旅廣場(Taipei Travel Plaza),;
2016-12-29 21:56:09	dbb785f67c1aa4420bf20224b621bbd2:G7EQeKSmTZjVr7kTCHlzLBZwOMsH3Q2f	Q1:臺北行旅廣場(Taipei Travel Plaza),;
2016-12-29 22:02:04	850f06a18eb9f1c6a46e0d6de33ca43e:5GJb9STjst4kRcyQN4WOqt1kX5H8chJt	Q1:川流之心(Heart of the Hub),;
2016-12-29 22:02:31	7e24efe1adbd8b42ec768017f8daa34a:dsKKhgxDOdBacivejz5ySTdWgVGXlGjG	Q1:臺北行旅廣場(Taipei Travel Plaza),;
2016-12-29 22:02:58	d2d9ddd856d3fa75202a0917b12d9e99:ztN4X7e91suxBOrQZVraMwF6ideZUCPQ	Q1:川流之心(Heart of the Hub),;
2016-12-29 22:03:28	032b407eb798bc8729eaf4e853e80536:r0sxuE3veNDHRF2gmjuK1CHthlAVBwEl	Q1:臺北行旅廣場(Taipei Travel Plaza),;
2016-12-29 22:03:35	e11407492048b9c18c93c4a920d46020:33GGf5gzW4qml0rRfo7tvdRU5AhO9g8T	Q1:川流之心(Heart of the Hub),;
2016-12-29 22:06:06	8a3384caca36074e418a8415ff35b791:SjqzJ5X5uIUVJpsU04kIMuKQzTWYjf6l	Q1:臺北行旅廣場(Taipei Travel Plaza),;
2016-12-29 22:06:45	c11433fcab1da433e40f6a40571bf617:BRCdQHn74PR5J3Z8PPh9EKK04O4HDYg2	Q1:川流之心(Heart of the Hub),;
2016-12-29 22:07:18	d1161fdb622fbdacd31cd5ed7d4f514d:7Ntf2Xwt5ngjDBCvcphVJNe6heGJrTnf	Q1:川流之心(Heart of the Hub),;
2016-12-29 22:12:17	99ead4cc00cd426ba2f307b27c13d453:d8BsmORIutDPIoOIFXrgrSkAKXQjbr8u	Q1:六鐵通廣場(Railways Plaza),;
2016-12-29 22:12:43	b9f355bd902c3ead8e62b73e2e894095:CxXPCVZyX8OLL0SqtzR3cWXfTM45PX0b	Q1:西站廣場(West Station Plaza),;
2016-12-29 22:15:10	7bc59ff88c0a369299fbdafcd869539a:bkvX8EhBMM6k85TWZHc2UFeELTWjWww1	Q1:川流之心(Heart of the Hub),;
2016-12-29 22:15:25	b8b45fc12526341149c55224f505034d:30GK0PPxzR7Sz1GNVVBYFWsRV7dMp0fg	Q1:臺北行旅廣場(Taipei Travel Plaza),;
2016-12-29 22:16:00	078c52e0b2d5976878709d446f4162ed:b7EaJslghYw64ve2F8dB48XfnhehzYye	Q1:川流之心(Heart of the Hub),;
2016-12-29 22:21:45	ac3ce0d29cd86caa325e1e62074de814:Hog8Lp4S9FVYbn7xDOEAUXmA3zQ7bvJI	Q1:川流之心(Heart of the Hub),;
2016-12-29 22:22:09	e1b46d00ab9d82d1adbae36345fd4960:4UCfyGnAhstBTQ2zsLIXCklzlhjmmocG	Q1:川流之心(Heart of the Hub),;
2016-12-29 22:22:16	9c1ca3fe189e28600785b38d0f1d8c38:KtHtorJOb9iLUfsESQzpu9ejk0VBD8cW	Q1:臺北行旅廣場(Taipei Travel Plaza),;
2016-12-29 22:22:43	fceca514d70f0f35676674a027d58620:EkM0B6S6XBfeCtJpPpWqPZLtzNtF0ZTD	Q1:川流之心(Heart of the Hub),;
2016-12-29 22:22:41	b0f569fd896ecf3004321b3b4ff365c4:NluI3QrUA7TU7ENhMeHPa7LAEqeGU0ud	Q1:臺北行旅廣場(Taipei Travel Plaza),;
2016-12-29 22:23:36	efd7165ad41f148dcc7a9dd88014e2f9:VCib2cpz66H5CQQ5OQ14W9NspkEBj3N1	Q1:臺北綠驛( Taipei Green Station Plaza),;
2016-12-29 22:25:53	bebc95bce2eb44cd411554e5ae89dafe:17mTnqCuojMHpRD5ybxEYHFaD8THZ4IL	Q1:臺北行旅廣場(Taipei Travel Plaza),;
2016-12-29 22:36:46	8d5b532eba6884d0e505f0a4782e5e86:25Kdp2bN3C5Xhq5IZ7xHFZx1g6id3lpz	Q1:臺北行旅廣場(Taipei Travel Plaza),;
2016-12-29 22:37:22	cd082166b8af61d8aa8b5f3136260f90:7V46egbqiGXheZ8HYY9IFX3VRAUirWfa	Q1:川流之心(Heart of the Hub),;
2016-12-29 22:41:54	22792de6c911fc047283a03defbc5089:Ik9MKRIDODhURaNctHYl4DXJJ2XYAVlB	Q1:川流之心(Heart of the Hub),;
2016-12-29 22:43:29	ae3d02da9bab6a05026b36ef16f204b1:5KqP7R7FqIWWw3fA6RNgvD8BQtNGI8hZ	Q1:川流之心(Heart of the Hub),;
2016-12-29 22:45:05	1740c0e15f5d65cc3a9ab2e8013c0189:PcvZ4xw4jg7uv7pTLDF50ARe88vSXp59	Q1:臺北行旅廣場(Taipei Travel Plaza),;
2016-12-29 22:56:51	fab9ae8ce97bf41dcaec41fd90c10547:6mlavk6kiAJxtFRAQWTOAqRqeLGEv1dk	Q1:川流之心(Heart of the Hub),;
2016-12-29 22:57:17	a0a240cbd88d34d0f6577849a2ac0a90:XGCmeSl9tt6hsuVt3EzCP2eFyhJIJvBJ	Q1:川流之心(Heart of the Hub),;
2016-12-29 22:57:40	1ac3fa9679aa0aec683eaafa6884da8e:4WALnt7dCanfSjSsJ6Xq4FrOZezcZOpe	Q1:臺北行旅廣場(Taipei Travel Plaza),;
2016-12-29 23:04:39	59e83f072c8addee3497e90f7c403afe:dlOyLrCibS3ACwe9fApX1gsJHd49eDRJ	Q1:好綠地 (Verdant Plaza),;
2016-12-29 23:06:01	2c43a34b77e680c7a110a9858751840b:hRNLi1wDSNrmqtZOn9cm9S9eNGEPkILi	Q1:臺北行旅廣場(Taipei Travel Plaza),;
2016-12-29 23:08:03	d136bd98487a0fd8b102654d2b242ead:4UWAWIXZuZDE8KpE7s2yHVXchHSYArT8	Q1:臺北行旅廣場(Taipei Travel Plaza),;
2016-12-29 23:09:27	5eba0142a42d603a8396fd980af0283b:0MkP4c4uj3ZRU2e4RgyXa37cx9DnmzOG	Q1:臺北行旅廣場(Taipei Travel Plaza),;
2016-12-29 23:10:24	92f227ce264457f8e4eb7721a789301f:R14PIp2W9A7Q1IPeoAJYcyxmLpJpZFQl	Q1:臺北行旅廣場(Taipei Travel Plaza),;
2016-12-29 23:12:41	9d5853225dfc2a1b5d0ce22becedfa51:SItFeyvGuA63Q2VdFgxcVdMYk6ZLhvo9	Q1:川流之心(Heart of the Hub),;
2016-12-29 23:18:05	d09f811e53944f1b8cf9e77e4ae47743:iBKMSBSHIVRyDX8twbsGHufXaUaTZcPl	Q1:臺北綠驛( Taipei Green Station Plaza),;
