2016-12-31 00:10:05	6b7d6c4a0d8d87e3e74ed800d3c8fa8b:j2Mog5UcyZyzwJYQOS0iQfBTNNEGk47N	Q1:臺北行旅廣場(Taipei Travel Plaza),;
2016-12-31 00:13:13	701351fd41890ab968b2de6a91b131ef:1gsIZ57v1MIRWfNCFD7DSP1ibsVu2deq	Q1:臺北綠驛( Taipei Green Station Plaza),;
2016-12-31 00:13:18	d1f134f1538a0f2ab377c0b39953192e:HjOEzO19xJU1ei7weJPLYZRWjBl3JWXa	Q1:臺北行旅廣場(Taipei Travel Plaza),;
2016-12-31 00:14:04	0cfaaa2e9aa8443d4515129cf89fa852:4sjnjHnzACY3tdggb0tfu3mWv84LtNop	Q1:臺北行旅廣場(Taipei Travel Plaza),;
2016-12-31 00:20:46	7d25a757f4d639f36ada918b065ebca9:Yal8Ay6IhLSjb2L5r4ydHFNWXjil6Ihv	Q1:臺北行旅廣場(Taipei Travel Plaza),;
2016-12-31 00:21:10	dee893fd389de5bcfbbc131953b48a5b:01GaTfEsC8XTLYiINMqDgqxG3l2wdJjA	Q1:臺北行旅廣場(Taipei Travel Plaza),;
2016-12-31 00:21:41	7337a44a2444b516a1908df032d10c44:yYVpzToTQOTohjdc90gCyy3XGpeBetsw	Q1:臺北行旅廣場(Taipei Travel Plaza),;
2016-12-31 00:22:38	91ca0c5ecebb6bc9cef88d163c8ca670:UnyE6IswYkt1tzRos4KsoKoFaatCTq6y	Q1:臺北行旅廣場(Taipei Travel Plaza),;
2016-12-31 00:23:12	fb31c9a5799be32ae4bc62fda77ee01e:pb64bgixDEzG57Gs5F1DSc03yR3XtjqA	Q1:西站廣場(West Station Plaza),;
2016-12-31 00:23:16	b4d6fac50e86b83419d8080ba19e4908:swZ3yhlxIjVmndCAU6p0qbhRrE9d2TJ3	Q1:臺北行旅廣場(Taipei Travel Plaza),;
2016-12-31 00:24:18	3b5ade67dc8ca24f1ee95c3ce589b053:LIS8uvPUIax8ocskepFzRPVrqFzxF6cy	Q1:臺北行旅廣場(Taipei Travel Plaza),;
2016-12-31 00:25:06	0ca0cdc4ccf17e76780642ee83465378:RRLkGA22PbyDvlhBgke7s1Yyq44e1MEB	Q1:臺北行旅廣場(Taipei Travel Plaza),;
2016-12-31 00:25:30	143341c6dea11b63d6e8d2a2f8b8fa92:YFUBxLash6vcmvNVbpFnpGhDWCFIDAoY	Q1:臺北行旅廣場(Taipei Travel Plaza),;
2016-12-31 00:26:59	50e4ba2dd2ba642e0a9af581448c2538:V4dpns8F9GLp5kj8eCGjQr5z9UzEmekn	Q1:臺北行旅廣場(Taipei Travel Plaza),;
2016-12-31 00:28:51	80fbaa557d515376758f911f9e5077cd:pqctAqMhQKI5LLmetgjlFTypy4Z3Jcna	Q1:臺北行旅廣場(Taipei Travel Plaza),;
2016-12-31 00:31:11	c420e19d68f9e675dca3e62379c1c5b6:zNaZhwYGSl5PSQsx1qWewAYqDVglYrFi	Q1:臺北行旅廣場(Taipei Travel Plaza),;
2016-12-31 00:31:28	221c17bf17bcaf2de72339c66cc97bf6:VcdDAwTwBRZ1i0WGofMHBQ3vQqtzxB37	Q1:臺北行旅廣場(Taipei Travel Plaza),;
2016-12-31 00:31:59	583ab47575586e1298bd41632b45586f:tH4YZmxADifahsCgI4hcPlv25PaoOrR3	Q1:臺北行旅廣場(Taipei Travel Plaza),;
2016-12-31 00:35:42	60124481524201afbe185cd95bb36707:C5JLOefH9WyOutYvYkvl1RUP09T0BMfY	Q1:臺北行旅廣場(Taipei Travel Plaza),;
2016-12-31 00:36:56	51c3a499bf4025baae67aeeac5115ccc:35ynzTYB1vaR45oitN1F69Qd3kdOkmsg	Q1:臺北行旅廣場(Taipei Travel Plaza),;
2016-12-31 00:38:39	97c18e6e382c262d2e516c7c95c16f02:P11gYwBzWaReR8cR5oDCHQWWXdNgBct1	Q1:臺北行旅廣場(Taipei Travel Plaza),;
2016-12-31 00:39:15	1358575ce551e1fa85ff7ec25ad14761:MrigFgSgq4DpLwLMuuyFrgApTKWik51W	Q1:臺北行旅廣場(Taipei Travel Plaza),;
2016-12-31 00:39:36	2dcb366a419e5f703b2592c9ba4a5d59:lzOFCkQL0FJFFXcDzFGweFPiRwcLZN7h	Q1:臺北行旅廣場(Taipei Travel Plaza),;
2016-12-31 00:42:28	59a6998efaf7a41f2bb5af6581514c89:yRTbiouPuuJuS2194ChuYYkvJhgf8Hh2	Q1:臺北行旅廣場(Taipei Travel Plaza),;
2016-12-31 00:43:31	4b7749fdfc16ebe20db66e0616351f51:CHdCnsabHBVsHWSjVyVv5Vq2kya9Qfhn	Q1:臺北行旅廣場(Taipei Travel Plaza),;
2016-12-31 00:48:45	e5d88a80c307bbb7021d4ab7e2bb785d:lgraIKBxyGMvbxI81krsRqoMKGvc9LPi	Q1:臺北行旅廣場(Taipei Travel Plaza),;
2016-12-31 00:50:33	18e30318d61bc487bf34ac80d26c7659:6zUaC7HHNGbp4idi7bQKkHeZ3u5lxoFe	Q1:臺北行旅廣場(Taipei Travel Plaza),;
2016-12-31 00:50:46	74e78e789cf2dc272d890eefbed99b27:M4IT5Sps1cjWsUNQs4V8EK3YjxP14bgD	Q1:臺北行旅廣場(Taipei Travel Plaza),;
2016-12-31 00:51:37	c8ae118c82631c4b6a3466930e0ec27a:b5DWF10jyIuwVyIOPsMjD89vaVvt3GOP	Q1:臺北行旅廣場(Taipei Travel Plaza),;
2016-12-31 00:51:42	1b11dba6eb3db9ca37f90dec15ddcf1c:a68SXZEYraW2UxhaczFzZyS8S2qpADu6	Q1:臺北行旅廣場(Taipei Travel Plaza),;
2016-12-31 00:52:17	c859e913299f0dfc50ed39cb1a4e3302:43qTvHxV8T3cukgrdRAV4b9MH8qCnwxC	Q1:臺北行旅廣場(Taipei Travel Plaza),;
2016-12-31 00:54:27	0d9a0f9d9b3d5bcd81e391f73c7d4e8d:6hb512PSm50FFQY9Rd9Id6h1gK27Y8gC	Q1:臺北行旅廣場(Taipei Travel Plaza),;
2016-12-31 00:56:56	4453ab0464128b0979d8fe6de28bccdc:ZFbgTyQZswRi8kwvriTobsQHXYK0gKzF	Q1:臺北行旅廣場(Taipei Travel Plaza),;
2016-12-31 00:57:25	6d8a685609800dfe21edc25ecb3cec1e:AhJBzLpxnfxIqoqF019UBImcG8vtp3B2	Q1:臺北行旅廣場(Taipei Travel Plaza),;
2016-12-31 00:58:05	2bc485b6bf908c220179e65ac3302b98:DWxWg6d481Did1YL595xygfwIrj9GhU9	Q1:迎賓廣場(Guest Greeting Plaza),;
2016-12-31 00:58:32	b656b1670f32436c43d060bc694b9c52:w3yU6M11r39Q84eTgP6bc9mBH0n71fKq	Q1:臺北行旅廣場(Taipei Travel Plaza),;
2016-12-31 00:58:43	5c3012163314955bd88a7c871011c68a:Rr8BVI5bidEozBkxtYGjfxVMMFSMnryT	Q1:臺北行旅廣場(Taipei Travel Plaza),;
2016-12-31 00:58:57	53a8d2f949f4e5bba3fd570f95bc8eb8:oiTXWnQQCKdd6SGRfUZOfLwrKDRqR4AR	Q1:臺北行旅廣場(Taipei Travel Plaza),;
2016-12-31 00:59:33	ded4522d1f2a548e3af0de178c79634f:2pcW90Yl6DLIDXAOziSZqUzUK3yJx2cS	Q1:臺北行旅廣場(Taipei Travel Plaza),;
2016-12-31 00:59:51	b1338776c8c6226be69591c4591009be:CHgcG6epCLRRBrFmeKN4K4YdKoJ8SzB2	Q1:臺北行旅廣場(Taipei Travel Plaza),;
2016-12-31 01:00:26	c421e7cead45da66e1f790499e354224:YHINVZE1qMNQnuZDntKZ0HY1UkRgaM3m	Q1:臺北行旅廣場(Taipei Travel Plaza),;
2016-12-31 01:00:23	b84d5f9dd2083f90ce0cc8bb9c5f0fbe:FxPKxChVVJs2HmkyPy22iA5LTnDaDouT	Q1:臺北行旅廣場(Taipei Travel Plaza),;
2016-12-31 01:00:38	55b0ec0dac104e8ee20ab8bacfa90359:NgtTQ6ujYaKYCz84lLvBk3YrFAV0OizP	Q1:臺北行旅廣場(Taipei Travel Plaza),;
2016-12-31 01:01:00	65664afc2526d6795de37cce8b67b527:L3OXC1myzJQxf9WBhp1yLyVpVH1w2lzU	Q1:臺北行旅廣場(Taipei Travel Plaza),;
2016-12-31 01:01:02	6487c740875fdd998f31459733ee8ed2:TX7mhRVAvoip4q9RefkE4OdeF9Iq2kgj	Q1:臺北行旅廣場(Taipei Travel Plaza),;
2016-12-31 01:01:06	5acc5c1d8ded7ee8592e27e0606e3db8:i67eqsupDlTgyPVme7wYg5NC84zOqIQf	Q1:臺北行旅廣場(Taipei Travel Plaza),;
2016-12-31 01:01:15	a9893c12c63e7694b6177e49e8a05ab6:No1WQh0P3xcwvpxAbxEYyjsJWzAxzYZ1	Q1:臺北行旅廣場(Taipei Travel Plaza),;
2016-12-31 01:01:29	d8d7abda8434dadd6e723aa13c255971:P5RRJUnDLdL02d4sRSkIIn3ihs0Vhvky	Q1:臺北行旅廣場(Taipei Travel Plaza),;
2016-12-31 01:01:54	f86021144ef417385c757a5415fcd339:plhjrYwyOBOAH1deGfZ4I2dZpVnux8Xt	Q1:臺北行旅廣場(Taipei Travel Plaza),;
2016-12-31 01:02:11	64939ab1b9f0c95f005f94b554fc34b6:oeGNuSCdkFebGEAla3ltvK0tuZE3T0AL	Q1:臺北行旅廣場(Taipei Travel Plaza),;
2016-12-31 01:02:23	9382ed4271661032792d1bee24e1b092:sOSW5xjkOHAy3C1QVehNOBxBWNRLpOJG	Q1:臺北行旅廣場(Taipei Travel Plaza),;
2016-12-31 01:03:54	97fd253bf4d90f3e5963ce71b51d8c87:qZxrllVdC2SAGZM2ncOYmINHdsnXJr5Z	Q1:臺北行旅廣場(Taipei Travel Plaza),;
2016-12-31 01:08:12	203def5f0f4af1c228c544bb29574fb0:UwFhQ9NLttRos5btygV1lXvH0cTlagqq	Q1:臺北綠驛( Taipei Green Station Plaza),;
2016-12-31 01:08:34	a67159aebe2d93af4e03b2ec09602494:Rz3vJZCccGsFdNBEtRYpbwPQkk3Ujrl7	Q1:臺北行旅廣場(Taipei Travel Plaza),;
2016-12-31 01:09:09	a38f4a5ca37043a8e8f564d9ae88cb77:LFYxu3AQ8XSRY6I40Tv7yaW3N4FiJU6H	Q1:臺北行旅廣場(Taipei Travel Plaza),;
2016-12-31 01:09:18	63624d0a49eccc0683980df4e0c0ab2d:8CauIp2NW6zmN7eb28x5cdg6GQpGPFQ6	Q1:臺北行旅廣場(Taipei Travel Plaza),;
2016-12-31 01:11:29	ca32d17344d52bf0268925f1a824c5d9:Slt8TdcffHzxpyCpbHJePrKffSSQVsxp	Q1:臺北綠驛( Taipei Green Station Plaza),;
2016-12-31 01:11:33	27d8a909b441d5c9ebd97feb0398c184:qhBOuDdjueocEAFc7X2lzYn5yvLSTDZM	Q1:臺北行旅廣場(Taipei Travel Plaza),;
2016-12-31 01:13:00	3d1d5999b5d9e0760bcf2b9a483f14b0:tere4bhbGoiSSjU0XOUIPw92zd2KbXvz	Q1:臺北行旅廣場(Taipei Travel Plaza),;
2016-12-31 01:13:53	f79ff7af9d10cdababdd009d3d3376d4:BdKgN8gBuNQEk25g9L7y4OdbX6DUkJKS	Q1:臺北綠驛( Taipei Green Station Plaza),;
2016-12-31 01:14:22	a04aa0059e59ff22c6348888028b7e93:iHi70qewHq3chEJhX0U5l9JC9W9ICuso	Q1:臺北行旅廣場(Taipei Travel Plaza),;
2016-12-31 01:15:23	59aeb2e7f8cfa8c008c426ef846eedd5:qW3zd5a4tnc80m759p3dCCgH5OcqJJ4B	Q1:臺北行旅廣場(Taipei Travel Plaza),;
2016-12-31 01:16:28	b8fd0a483e36bff014094cc9a674ced9:NuDrvDWSmFLqmX8klrCBQJ80X4LgDqaL	Q1:臺北綠驛( Taipei Green Station Plaza),;
2016-12-31 01:16:30	18a3eea2a301e5a8c13666d203efb385:sce1BsRYLQwSn0FirG0788NC9jAex7wT	Q1:臺北行旅廣場(Taipei Travel Plaza),;
2016-12-31 01:19:27	7cb3f061287990eba2a41fc1d3e54ee0:djoFEr7eTn13B6g01R3i6RYyOqDOx4xG	Q1:臺北綠驛( Taipei Green Station Plaza),;
2016-12-31 01:21:46	ff26385f139c0e0390bcdb5e4a8aa355:EMn8jLi6ze6jqDe8RfSTKSMtEt7NeBx7	Q1:臺北行旅廣場(Taipei Travel Plaza),;
2016-12-31 01:22:10	0e6eda4cd5d43cf22c18bfe46dbd9cee:IhNk4Pnjl7jil2a5Tw08DxDC911Ucj5E	Q1:臺北行旅廣場(Taipei Travel Plaza),;
2016-12-31 01:22:27	33f32b66a6f5da3fd00e0f7445baa44f:O447LLvSDKQntVC1AgGi555cbcb8Z2bq	Q1:臺北綠驛( Taipei Green Station Plaza),;
2016-12-31 01:24:27	faceb0dff4258ee3ddc83d6ca101f6a6:rh85wX2EhHKufxtHMSG86SMUooxZG6Te	Q1:臺北行旅廣場(Taipei Travel Plaza),;
2016-12-31 01:25:05	9de95a8e3e0242699a1f87d12aa2f0c2:C01Fouo6PGm5Q1hHgnnmSoygmRqWi3FF	Q1:臺北行旅廣場(Taipei Travel Plaza),;
2016-12-31 01:28:30	fc3475ba422e684b6cba2475d7e4c7f1:B8Of7YvOuHJK8AF9IgjajFbW2yMpRskv	Q1:臺北行旅廣場(Taipei Travel Plaza),;
2016-12-31 01:28:53	733b2fd3b5980471344ee28637645db5:C6auRDCVS9odDAhYqESVVeV4PGXfzUvH	Q1:臺北行旅廣場(Taipei Travel Plaza),;
2016-12-31 01:29:30	89ce119c04d04771dda18929f5ef64e3:M9wec99BbyE5MidBje2aEEeqD8VUtwlR	Q1:臺北行旅廣場(Taipei Travel Plaza),;
2016-12-31 01:29:47	0f1c84712deade7c172b4d1c0c79a2ae:j4cZLILNGfP9j7ffYJ51477F4i4X9DPN	Q1:臺北行旅廣場(Taipei Travel Plaza),;
2016-12-31 01:34:35	fc11b205519780ea3c6a8b3e8f0afbee:XZvS03EJZcwY2LjklRl08bxUCZIDRd9R	Q1:臺北行旅廣場(Taipei Travel Plaza),;
2016-12-31 01:35:28	0b653513f4a0d75bdb3f97cd3382641f:VPwJMLbz1SIpQxmMGrJPslOSvwwSitFK	Q1:臺北行旅廣場(Taipei Travel Plaza),;
2016-12-31 01:35:53	1dd7ed9c6e60ed9bc6815d3d368028de:F2uY0hY6WPDbBhEV5idv3yyH7317Wupa	Q1:臺北行旅廣場(Taipei Travel Plaza),;
2016-12-31 01:36:47	33dd7717c76256571c18cc12d5d6ddc3:nu5FGDhpGjx18NLtk6rebDHqZw4qYyzS	Q1:臺北行旅廣場(Taipei Travel Plaza),;
2016-12-31 01:37:53	834ba5a79322d8a9bb4572c109cd879f:dlrNvIMGh8kFPwuSgCIPjBQqAYaaHRyY	Q1:川流之心(Heart of the Hub),;
2016-12-31 01:38:48	7544197c2f5cd739a8cdd9df4446fb54:ngi0nidWr7EX0mHfcAY7RfdcDcFR8OeU	Q1:臺北綠驛( Taipei Green Station Plaza),;
2016-12-31 01:38:54	7a5b35ae0793f7d2bc187047195e3bb3:8kK9cz5APWyRw122eNQvT0sOobxi8g9P	Q1:臺北行旅廣場(Taipei Travel Plaza),;
2016-12-31 01:39:10	7f64851563b5625d77302c5bc672be58:2Oku1Vkz5qN2GnhhE7rJiDESgunv1iP1	Q1:臺北行旅廣場(Taipei Travel Plaza),;
2016-12-31 01:39:52	be61f71ea82d86cd5dd4a63cd95c1ec1:urfFahlea7fjxekZceqh6zLXZpEtZCml	Q1:臺北行旅廣場(Taipei Travel Plaza),;
2016-12-31 01:43:11	4452cb00fd464011a75db2f77b44c0ce:369wXzMwrEo8lUav2dY6wwGbAz403Q3r	Q1:臺北行旅廣場(Taipei Travel Plaza),;
2016-12-31 01:47:14	28dc07fc9fc95cf269e239394745bdaf:4LFATPGNQHqz7SeHvh8p1kMdd69IoreR	Q1:臺北行旅廣場(Taipei Travel Plaza),;
2016-12-31 01:47:28	cf4a6ffa5c76513ceebec040a3ce5a21:aN1ehK0JOODJ2kh5BCkdoZODffNyMkbb	Q1:臺北行旅廣場(Taipei Travel Plaza),;
2016-12-31 01:57:56	1cefbb7e5088e1b7d6f64b6ca42f33b4:s8nxNKl8P5jpO5hnjscQLXZK97xRYAnO	Q1:臺北行旅廣場(Taipei Travel Plaza),;
2016-12-31 02:02:32	ad40a883446cd22a55dcd8fa19221fbc:2dIVv5xtTDpbyfWWNSvBaohRSE34Vm7H	Q1:臺北行旅廣場(Taipei Travel Plaza),;
2016-12-31 02:02:35	60ef348d0d8a1eff6f8635ec72c2b925:7YDIp9Zflnw4Va7RoNKFjBn60XpBTBlo	Q1:臺北行旅廣場(Taipei Travel Plaza),;
2016-12-31 02:15:29	fb4f940ce3e236806f0e0b86844ff68b:BKSBdsf2sp7zRDO4tlJ0FWTZ6dh2inG1	Q1:臺北行旅廣場(Taipei Travel Plaza),;
2016-12-31 02:15:43	9c69d49a19289dd02305782edeb91b4b:3u7G8M8tCO1NCbv7eQAQ9vZfZ84ouyON	Q1:臺北行旅廣場(Taipei Travel Plaza),;
2016-12-31 02:17:09	3c91ccebbebdc6d7af06750163d609f0:vxQgRFP5enmwc7HJUxD7kuDsyrvaCqG7	Q1:臺北行旅廣場(Taipei Travel Plaza),;
2016-12-31 02:28:24	3e8b1dd8a0925fefee4fd496b87333f7:WoOggHADTkMkTZOZw0eMFHYB5ZxjyYbj	Q1:臺北行旅廣場(Taipei Travel Plaza),;
2016-12-31 02:30:00	c6c74e816d0058ec5a7b2b23818c6dcc:EbsafqCrNOD01JxU1bmEEX4TmvTW1Yrs	Q1:臺北行旅廣場(Taipei Travel Plaza),;
2016-12-31 02:36:21	7d3ca939bd0c87c3a129d48d70d91794:dFDb1nE4Bsn2jg3G2FzmknV04mA8Z8Vp	Q1:臺北行旅廣場(Taipei Travel Plaza),;
2016-12-31 03:06:44	bc2937f1368b6d72a16f70afff244602:C1TYSywezuaziZ1bPDncWtb4gxyvU9B0	Q1:臺北行旅廣場(Taipei Travel Plaza),;
2016-12-31 03:17:43	0ddfd29cd0a84d402e1053cc49fc5e1d:2PMvmZeph6ORJcgxDZ1gqFcpPRZn12D0	Q1:臺北行旅廣場(Taipei Travel Plaza),;
2016-12-31 03:24:21	1a43864deef97cd267aef889c1a89a55:oEMxNuXyZnTehaMv89Ndgo0UpjopkTea	Q1:臺北行旅廣場(Taipei Travel Plaza),;
2016-12-31 03:27:49	79b7d24843bf3a941180a61e8859fc98:JxcU8jAznQ9NvfVpjjEYH4H0gb4bRcRY	Q1:臺北行旅廣場(Taipei Travel Plaza),;
2016-12-31 03:37:36	54dc35fda451c14db904ac1069046270:kmaYLAyQbU6fYP952mdijYMkouNlWIYl	Q1:臺北行旅廣場(Taipei Travel Plaza),;
2016-12-31 03:41:20	8af02974a80f773ded1748d375d5139c:mGtmNN1XoWANmgnksZaZryb4UxIPQglg	Q1:臺北行旅廣場(Taipei Travel Plaza),;
2016-12-31 03:45:00	f8d5f6f48ba3217dff8656e9cc53e090:KYnomjKu4OpiTF8E0NBqxL3N5jEJT1P7	Q1:臺北行旅廣場(Taipei Travel Plaza),;
2016-12-31 04:02:24	622fcb6fa818b5850973bcc9970fc6d3:iDZrbkHrhLxD47exhn02YAllACsfUEvH	Q1:臺北行旅廣場(Taipei Travel Plaza),;
2016-12-31 04:23:04	988cd7e67c1793829b249207722a1173:ZRkKd7xkomqajCYdhsOI4Ews5IkjLekj	Q1:臺北行旅廣場(Taipei Travel Plaza),;
2016-12-31 05:36:49	94a8fff577711c24e2a8fa8baed3434b:XdkHxHUYPWZ3HWykJYd0yuAFeUZnrK5x	Q1:臺北綠驛( Taipei Green Station Plaza),;
2016-12-31 05:56:04	a0376e06192532f3df87871e76350261:9gMsF6PcdSENjtKeoeMAmNpyoTDBuZ4i	Q1:西站廣場(West Station Plaza),;
2016-12-31 06:46:16	2257de8cbdb3abad0176319f596dcbc5:ObCf2AsGcSnaC4hOGWtA7Shh9Pljfhuj	Q1:臺北行旅廣場(Taipei Travel Plaza),;
2016-12-31 06:51:21	055df3de4abfecb6f365dfd314b57a41:pZUAaHVLKKOPgpBpDc9M5KLc3t5f5NM3	Q1:臺北行旅廣場(Taipei Travel Plaza),;
2016-12-31 07:02:14	7e270da7d262f5d3c13f10eba393d551:MwNuSsHAlZ5nFwWE9gSCzO9KrrE75W20	Q1:臺北行旅廣場(Taipei Travel Plaza),;
2016-12-31 07:29:53	066e137e5c1d6285a482f7a77a8714d1:6xuUL7HBYcCnFdNq3Euvcj2qkxEQGmnn	Q1:臺北綠驛( Taipei Green Station Plaza),;
2016-12-31 07:45:40	fdcdd6f9ff18be5f318af08ad8700033:uVTkgEmLwSh7h55AHYNU9bblfKq19hnG	Q1:臺北行旅廣場(Taipei Travel Plaza),;
2016-12-31 07:46:34	577e90f0c11aebf5662a9b6255e8fbbb:zYgSThe3uhKUNPwJMrsgMRuIJDYHT3Pj	Q1:臺北行旅廣場(Taipei Travel Plaza),;
2016-12-31 07:48:37	cd38790fcc4b2ece256b497b2a004973:iWFuZd4cYyXLGLw6ogAhKdzmnEtz28Qx	Q1:臺北行旅廣場(Taipei Travel Plaza),;
2016-12-31 07:50:30	74f41115bf14b6d84d848691e15a2df4:hII3oge8OnxRBsnfDGR24YxcgWjgEEVx	Q1:臺北行旅廣場(Taipei Travel Plaza),;
2016-12-31 07:53:46	ab808832a90508fd3acdd8d4133c5165:CIU8PdzrAyt5jgGVAvxI9Ws1igZcSB55	Q1:川流之心(Heart of the Hub),;
2016-12-31 07:54:14	7adda71299b0fcee5155aee803a230b3:jg4vgwVWheqiJKO27Hbc1BR7NLEOTVYJ	Q1:臺北綠驛( Taipei Green Station Plaza),;
2016-12-31 07:57:23	72d7885e1e09374808395dab9ee9a4d0:WDIXgzUW48PCobn573OFpelNwCfT55AQ	Q1:臺北行旅廣場(Taipei Travel Plaza),;
2016-12-31 08:08:00	f7849f8d2870391765989b61724e5506:KMAcSiDkSBWRyCmp5juEZzceOK7cLRT1	Q1:臺北行旅廣場(Taipei Travel Plaza),;
2016-12-31 08:10:51	ac9b2d029f44e4751d45221ed092e897:kffLuKS6SFg8EQ4zQfGlglTkUJlaXz2g	Q1:臺北行旅廣場(Taipei Travel Plaza),;
2016-12-31 08:14:28	8e45254b14092a5f7cbdacfdaa7c1088:bOA2dhgFuNFdCol4mKaiyC8BVXyhZtyj	Q1:臺北行旅廣場(Taipei Travel Plaza),;
2016-12-31 08:19:18	2141b306f0f9dc39c9f214e570b9c248:lV2QFxceGlB92uqQiSDG8REeUPWw8smB	Q1:臺北行旅廣場(Taipei Travel Plaza),;
2016-12-31 08:24:38	7ffd2c5689aa29788ada0b426b2f969d:CccDZ9f2sWuObqof6eRUA8BkmI2hhBZv	Q1:臺北行旅廣場(Taipei Travel Plaza),;
2016-12-31 08:33:34	1859947d5181111f4d71ba5613e650ce:rrCmOtZJbjvIsNfDIQbn5WAzTd6Cdo6C	Q1:臺北行旅廣場(Taipei Travel Plaza),;
2016-12-31 08:35:05	c1dec0c721b7f9060fa175875dbde9a5:tPtui12vNGQCbmijw5YwdiSOfWbd6TDN	Q1:臺北行旅廣場(Taipei Travel Plaza),;
2016-12-31 08:37:18	11d3c84b6d7b5a7915de4c8027638bc3:1CI2wysD6hR1fpBCWjQKDaw9Q9nIyEIb	Q1:臺北行旅廣場(Taipei Travel Plaza),;
2016-12-31 08:37:23	83e2d35aee1011e4489e1f21376d403e:ztwEQyoLfwwuVvWG5sXEkUZwlRitk4u5	Q1:西站廣場(West Station Plaza),;
2016-12-31 08:40:36	4d8a7d2676d0c11abd077680c822627b:YjFHSzkBAImYa2MmO2VbtAn5r3poWf14	Q1:臺北行旅廣場(Taipei Travel Plaza),;
2016-12-31 08:53:30	64048edbb95bdc193b624baa77ce551c:o2aq0Bm12vB7eqJmsd66tO0vP1XjwHHD	Q1:臺北行旅廣場(Taipei Travel Plaza),;
2016-12-31 08:54:25	da7fcf138b49c4e5ef27bd0beb5d15b3:e2RDYIrvzT6TFDQta7hwM6EUoYYPaY8h	Q1:臺北行旅廣場(Taipei Travel Plaza),;
2016-12-31 08:56:35	5b998c9a337329b47c682bca7c9e697a:6BEvxRPnUrK90gTdyv5wFy4djRjfYsNb	Q1:臺北行旅廣場(Taipei Travel Plaza),;
2016-12-31 08:56:36	753eeac9f858da9b42c6adcc3da788c6:PFNoPLzz6ThAaTbcHADTxFELTxVGTyv3	Q1:臺北行旅廣場(Taipei Travel Plaza),;
2016-12-31 09:01:02	8f24c4e810cf8d4239e4e988c58be609:QqOPZ7GgDgMcvTvfFb7veZ49ZHxauxwC	Q1:臺北行旅廣場(Taipei Travel Plaza),;
2016-12-31 09:01:58	507aa6c0b6086e6b400f2b5cf1f10c8f:iwJKKlswaEJGZxb6wQHsYUviQyANAgxn	Q1:臺北行旅廣場(Taipei Travel Plaza),;
2016-12-31 09:08:47	d0bd9daaa839806c5ccdc2697c0cc2ac:tp98GHi94bm1tot27g5EUwkDdpq8NqG5	Q1:臺北行旅廣場(Taipei Travel Plaza),;
2016-12-31 09:08:57	69ff03ec8edc51fddb6b61ce5103b11c:6bHCVgSp4WIEW3ulrR46y3DPOMrLNvyS	Q1:臺北行旅廣場(Taipei Travel Plaza),;
2016-12-31 09:10:23	5cc00b576a13c98a919a6c0c04775d6c:BalX2O9kQfPM1iX6JPy1SqekKRdQ4qzO	Q1:臺北行旅廣場(Taipei Travel Plaza),;
2016-12-31 09:12:04	8951f5399128ae0665f217294851c046:8nhZvoQl2611KIun0CEIxmKR9v5LbJln	Q1:臺北行旅廣場(Taipei Travel Plaza),;
2016-12-31 09:16:25	6720721e6c5c58533adfa59b2e638fd8:a6RTXz76Jz4aDnqbVMI865PdZPGwH0Ar	Q1:臺北行旅廣場(Taipei Travel Plaza),;
2016-12-31 09:19:47	b9fb5bd4722d03470494ed846371de8c:IMcfuKC8zJnpKE5DYnAnhNyfIgYy1zN5	Q1:臺北綠驛( Taipei Green Station Plaza),;
2016-12-31 09:20:56	7364d3f6aafe21a94184cae63d997664:5tzQQ6Mp8b3ieBSXKexZOvrjbRlZXnXi	Q1:臺北行旅廣場(Taipei Travel Plaza),;
2016-12-31 09:23:33	8ca01882b8aefafa06b0a6f525035060:Ds7Bg86eTHGYZluaXB2VyxAb8eDqshYI	Q1:臺北行旅廣場(Taipei Travel Plaza),;
2016-12-31 09:24:38	f3582bfea2e7a8e0ab172731f5c1b326:ED6RtalXjDmI6l621NjuDmrIoXBY7Uy1	Q1:臺北行旅廣場(Taipei Travel Plaza),;
2016-12-31 09:24:59	69ad7f3e866e62bd66211eea0f4f9585:ePAvvbo30HcE9NdKgv8rhlAzDpR7N2Vd	Q1:臺北行旅廣場(Taipei Travel Plaza),;
2016-12-31 09:26:30	ba4c0a42184634fc8ba372fd1c76fccf:zmnKZJXPjiJeCbMrNei8E4DtXLoKDEql	Q1:臺北行旅廣場(Taipei Travel Plaza),;
2016-12-31 09:26:48	69f74ba1a62ceaa59936c49585b09c03:ty1SVc4Z8Zo44zXlrHlfha1I0b1h5icd	Q1:西站廣場(West Station Plaza),;
2016-12-31 09:31:37	8e6b87f92103566703dec48194a67634:cMR6v65gJevAJ4fIk030vCWPXGYFa4b3	Q1:臺北行旅廣場(Taipei Travel Plaza),;
2016-12-31 09:33:48	9f8fa391a01799217f52b36ffb619205:ZCdpk4esriIy7UX64JNRbZObBmNCzrCS	Q1:臺北行旅廣場(Taipei Travel Plaza),;
2016-12-31 09:35:01	03bf960e995af459b7a7ea275e6b70ab:svtW7UIlX2HYvzKAfmA46otGCerKIaWj	Q1:臺北行旅廣場(Taipei Travel Plaza),;
2016-12-31 09:36:47	09feff7cb14d52ef4c547bff84f227dc:ryYn9uILbvk1fGRxxUrpo2qIrXRaKbNt	Q1:川流之心(Heart of the Hub),;
2016-12-31 09:37:17	a4cab1ee91780ef614976469332ef8f2:6orwPeJWyINU9OnmzK79tZ0til9dDVSQ	Q1:臺北行旅廣場(Taipei Travel Plaza),;
2016-12-31 09:37:25	914b294de3a9d21adea027e5e4c8d7ee:iqV8d1fdXeinkJMJdi61cF8Romr0alI6	Q1:川流之心(Heart of the Hub),;
2016-12-31 09:41:14	fe0a783d516c71602af2ff5527b33be8:DUuuT2iOuKElqmjiQyrybGturObDZdsJ	Q1:臺北行旅廣場(Taipei Travel Plaza),;
2016-12-31 09:41:21	b4ba6b298f8585121d51f2667c998da9:1G1N3pcVXPGcMNRjHrF9bjMMyvLdLi1f	Q1:臺北行旅廣場(Taipei Travel Plaza),;
2016-12-31 09:43:00	ff7c857285cf0c69841a3918a3ad942e:FMQ2PgnLZ1QRaOSWB2BD1gr9peZJXrXX	Q1:臺北行旅廣場(Taipei Travel Plaza),;
2016-12-31 09:44:16	acc9881ab9e4678ef3478153cb4c3bd3:4KCHdTgne5HgiL9mV37HqyHuutBIOPds	Q1:臺北綠驛( Taipei Green Station Plaza),;
2016-12-31 09:44:37	3c508a26f26eb53224e1dc5563211429:tFJs6FHSEFHDIzCl0E1bWluPdPQJCxB6	Q1:臺北行旅廣場(Taipei Travel Plaza),;
2016-12-31 09:46:09	4493074f42ca9a762d6969fe64249816:60HKF9b25QLcQXsXzxVY2HIibRJiXqYq	Q1:臺北行旅廣場(Taipei Travel Plaza),;
2016-12-31 09:51:13	34f0da74a02037edc157a99b9818edac:XyyYAVvvbLet84yiFwsS4KRvq6IGp7YM	Q1:臺北行旅廣場(Taipei Travel Plaza),;
2016-12-31 09:53:24	cb7eb4cb892bb5dc4a60ab8562464f0f:zs46S7vUx3bWWN5ZeQZVBuB2Z5Fck34u	Q1:臺北行旅廣場(Taipei Travel Plaza),;
2016-12-31 09:55:06	417c4beb895e72901c2c707bcdf06124:Vewh4p1I449sgg9DyrsoFDPE5wyO7CM0	Q1:川流之心(Heart of the Hub),;
2016-12-31 09:55:09	e2f0ec6bb07bec300336a868b469206e:HMKPuzjXa1xyMZ2mqwfqyQRb8cO7XBQn	Q1:臺北行旅廣場(Taipei Travel Plaza),;
2016-12-31 09:57:28	5850e9a37eb3cc5a880b53df5eb356d1:lw6rFbAsfeZIL9AkwvVkNM61FK79i7kw	Q1:臺北行旅廣場(Taipei Travel Plaza),;
2016-12-31 09:57:52	04279308e4067d2f1a179a4720966dbb:1A4xvUaYu7dHjAL1yOknWNrC9rrmN1ob	Q1:西站廣場(West Station Plaza),;
2016-12-31 09:59:52	b85f187c95c573a3ea1feb928262c223:lPgmJhkYcrYPW26TtZ3gM4Q7qV1FYhmT	Q1:臺北行旅廣場(Taipei Travel Plaza),;
2016-12-31 09:59:52	0a0e97349ec03a074279dfbcfdd4074e:fxHtFhQLZV16a9UUzzhzDYjfUipago5B	Q1:六鐵通廣場(Railways Plaza),;
2016-12-31 09:59:59	7717c4d4d541b6677b62bae912c2fa49:41O9w8mcho8MTSRq5I363JdzlFkv4S2s	Q1:臺北綠驛( Taipei Green Station Plaza),;
2016-12-31 10:01:30	a0f4cc9041f003c4960de4089e207965:jPN6Y1hBKIKoMfOHJJBRoNmaRAEFI9xa	Q1:臺北綠驛( Taipei Green Station Plaza),;
2016-12-31 10:03:39	faefa7d1c6698793b8872d9e539f8ca7:pZMTJ6X0XMQ9nxni9vnszrQrphHVtd2u	Q1:臺北行旅廣場(Taipei Travel Plaza),;
2016-12-31 10:04:08	1b7f3e9724d8bb408eb02242caa0b20c:bNeXuvW33y02q6SBhGwGa9UFKKSxwHFU	Q1:臺北綠驛( Taipei Green Station Plaza),;
2016-12-31 10:06:21	4b6e754e1893383514bf71752f1dd966:PEJRW1ibbBdzdHBuxwX0UsI1NgOR9Udb	Q1:臺北行旅廣場(Taipei Travel Plaza),;
2016-12-31 10:08:21	035c6165fe64d694114a6f3ba3658c55:tJrU1ztbPlUsxCaVom2HoEwXXlDOnDG8	Q1:臺北行旅廣場(Taipei Travel Plaza),;
2016-12-31 10:08:40	c97df9c7dc26d8f0853e301c2b82fb6e:Dgh4Wg8brwJ7uNFfkB4JoNeso1LrGbsI	Q1:西站廣場(West Station Plaza),;
2016-12-31 10:08:47	f57ebf67b6a823ab4543eac1e76cda97:cwiXbQcjPYSITuWVgQmPfeSgaGYekPvQ	Q1:臺北行旅廣場(Taipei Travel Plaza),;
2016-12-31 10:09:11	b35d3c690be0c524dc09b232b6aec2e2:3Y696jns3KtYwkqmaFsHS5yFeZT4LisP	Q1:臺北行旅廣場(Taipei Travel Plaza),;
2016-12-31 10:10:20	d35c3a3b18e58914c71aca0f65047563:c6amxZxsvqWaheoEL7xlMbSOfmvH5reE	Q1:臺北行旅廣場(Taipei Travel Plaza),;
2016-12-31 10:10:50	0619d69363cb3c264d18f6a4e549d66d:f2iRmZNqC5Stb3Cg1jmu8kDeaAfaH1SB	Q1:臺北行旅廣場(Taipei Travel Plaza),;
2016-12-31 10:10:54	84372216207a37bc4d64bd26ec5b3f06:BY4KciztcyPFrcKpIsyB37jStB2xEC3u	Q1:臺北行旅廣場(Taipei Travel Plaza),;
2016-12-31 10:11:11	a43df3df6c53b0f9acd99c1d1d0110b7:m1RZZ4vBNJ7sXJoYufKX6MgegdLAUxZJ	Q1:西站廣場(West Station Plaza),;
2016-12-31 10:12:18	1a7685770b155839d5bb488ea497b399:jbj7Zz0C0xryQDTATORqnG9RbPOx2Bd7	Q1:臺北行旅廣場(Taipei Travel Plaza),;
2016-12-31 10:13:33	49f917ef3ec4231c815c36ca5757b574:BKecGjOIUdUdbUZaZ88yzGrsNgfuCMvg	Q1:臺北行旅廣場(Taipei Travel Plaza),;
2016-12-31 10:16:02	e98a6f5ca2a67e14b8f506ad09733efa:B6EZnDm4PDPhJuFRzJQU1CnadW7g4DD8	Q1:臺北行旅廣場(Taipei Travel Plaza),;
2016-12-31 10:16:15	1bc2161756aa61907abd65fe85e44077:Ym3uCswDkMrYZgxjFcwIYgoxoX2tOxHB	Q1:臺北行旅廣場(Taipei Travel Plaza),;
2016-12-31 10:16:19	c304ea9ba20b44a1b01a2baba6af9ed2:X7mu6vsvBuGcwDoZj72nvuxIeeHw29LE	Q1:臺北行旅廣場(Taipei Travel Plaza),;
2016-12-31 10:18:16	c545c23e9da337ba0c9dabc14501110a:qLE7OArAe2NdymDNkgfXJJHe8wFinQ6V	Q1:西站廣場(West Station Plaza),;
2016-12-31 10:20:12	90c1a4811f1fa6e5b87a29acf6542ce6:R1bmcjmfJd5Zvx602aicJ6M8l9yANij7	Q1:臺北行旅廣場(Taipei Travel Plaza),;
2016-12-31 10:23:14	68bd44c1b047569ee240234b0c7c8c89:pUXJsbPYYnwR9KikopXWSm1LWg0uHltZ	Q1:臺北行旅廣場(Taipei Travel Plaza),;
2016-12-31 10:29:03	456fe7a46f921e9ca4118b300052e642:Dp1WJ9MHOFnlMlRcOoUE8vQiM616epkz	Q1:臺北行旅廣場(Taipei Travel Plaza),;
2016-12-31 10:29:54	97d68bf5d8d28375ca27f85b51ab5551:h4ojEH6acoiXVk46RLNTFoRBhnP3cpRZ	Q1:臺北行旅廣場(Taipei Travel Plaza),;
2016-12-31 10:30:25	010d5acd1bea41092b74b60be7008903:quPd6kkczR3sWZk5ILMycMqlLIOoJ94f	Q1:臺北行旅廣場(Taipei Travel Plaza),;
2016-12-31 10:30:31	a7159b4f6463d7a8c7cd694903bbfc0a:PEBvmFpbafgEXshe6P6oFuppwo4Ijc0j	Q1:臺北行旅廣場(Taipei Travel Plaza),;
2016-12-31 10:30:48	1183d33188117c65bfe814a94e9cf92e:crf4s45u3S3lJWqOXiDzgPLuOIQqJTSD	Q1:臺北行旅廣場(Taipei Travel Plaza),;
2016-12-31 10:31:20	dfda1ff45c873bbb49f362b7d385452b:6Kr9by2RnLwhC23pDTLKKtvZekcaKNdi	Q1:川流之心(Heart of the Hub),;
2016-12-31 10:31:45	51c380764e6ed7bdb9362b0d09db0aa3:C78tY0ryNDPLa94acXHEVPmxQ3I8cJJU	Q1:臺北行旅廣場(Taipei Travel Plaza),;
2016-12-31 10:31:52	2f924f3bf2a46ec6a386d5ddceb4edc1:wrBtd2LrU1aVk2cWKqIrdNYI0Ggsm5rO	Q1:臺北綠驛( Taipei Green Station Plaza),;
2016-12-31 10:33:36	bb0be7ed1833ab021a5cfb13bae5c056:BVpQvVfvLbktgtUsUSIjGmosk7lma3l9	Q1:臺北綠驛( Taipei Green Station Plaza),;
2016-12-31 10:33:39	d68b01b42edf0ebf1edf924e059a0a2a:HzVThlBbAOPXZilXEKGytUHv9TcNpsw8	Q1:臺北綠驛( Taipei Green Station Plaza),;
2016-12-31 10:36:10	e7cff919c0ca240e6e167a4b6f8962b4:soOU2eDQcILkoXuK1lJyPMDU1dPEgaYC	Q1:臺北行旅廣場(Taipei Travel Plaza),;
2016-12-31 10:36:30	b7954ba23c936c1b665d840b6232e257:SwSpalsFuD09wYG0hKtYMUO3eKwtZC7a	Q1:臺北行旅廣場(Taipei Travel Plaza),;
2016-12-31 10:39:16	24f9383cc18e44aff3ab094a271c2f6f:US8sneCbS3GUEJvUBCfR1ulzgB89UhbV	Q1:臺北綠驛( Taipei Green Station Plaza),;
2016-12-31 10:40:24	e2b7b8c5383c606a989f2ede3b3b08e5:WNd4u5lprAzATfOyD8ZpSZWm9EW3cDdy	Q1:臺北行旅廣場(Taipei Travel Plaza),;
2016-12-31 10:44:30	b1a694ad6b70709a8bae4bb0019c2850:qIaMg0h9qkboPVosstxg7RrIrIqIO6UG	Q1:川流之心(Heart of the Hub),;
2016-12-31 10:44:39	4eb69112825ffe222cfc354d3625b3be:CyLuB1CK17H8gmr2NNKMMtslrw52Gpsj	Q1:臺北行旅廣場(Taipei Travel Plaza),;
2016-12-31 10:47:22	2916f89d416f79fb218569f45519d4b8:m29n7HEG67fat7mbbTPei0Lzo5lWLIm6	Q1:臺北行旅廣場(Taipei Travel Plaza),;
2016-12-31 10:48:09	d75f190ad7e330a2d5d1faacc636786f:BwkfWWXufjun4k6rUldcl3ojceQ8rCEM	Q1:臺北行旅廣場(Taipei Travel Plaza),;
2016-12-31 10:51:48	713b71c358273e6ab39fb2df68f7b385:uk2B3mrAXm1DgVBIqlw0ERhobueUFMOw	Q1:臺北行旅廣場(Taipei Travel Plaza),;
2016-12-31 10:52:08	9bca27c0639b7eca55f60f8944cd8957:iAv8cznwOayzZCD1a4vXIKolYiNvXzkD	Q1:川流之心(Heart of the Hub),;
2016-12-31 10:54:34	c8f5ffc1b3764d1e128d217f60dd5623:vTW3Q0RyDILCnPP7WVDLxjFlV6veGi7R	Q1:川流之心(Heart of the Hub),;
2016-12-31 10:57:20	5b221707582fe4218e1d9d81ac641965:ocn5YQ4u9BzCBicRChvpjc3eBpCXFxMR	Q1:臺北行旅廣場(Taipei Travel Plaza),;
2016-12-31 10:58:09	f2e76e91075489a7dace9c61406c39fa:Q9jBOf9ao2UBGWNWvZcBaUttrbxLAl1X	Q1:臺北行旅廣場(Taipei Travel Plaza),;
2016-12-31 11:05:04	291ca8393940becd2c14f0d6153f680d:EsFXbw9Cms98F0PH4gLrdqYk0WYe2mNY	Q1:川流之心(Heart of the Hub),;
2016-12-31 11:05:07	92a0da25c65ff45303b3c9903cb44ded:qihKpHOOTzAg3gmnJWrNqKWzivoy9arq	Q1:臺北綠驛( Taipei Green Station Plaza),;
2016-12-31 11:08:35	e3ce77c682198b9b2ccb5f5646bcacc8:XEfYPh6spwogir1sonqM3Rj5hPlxoJFk	Q1:臺北行旅廣場(Taipei Travel Plaza),;
2016-12-31 11:08:42	9193091402fdbddf6c7240d18dcc2cb1:tGsSUhUVd64NYN36fWQ5cZMmomN84RsG	Q1:臺北綠驛( Taipei Green Station Plaza),;
2016-12-31 11:10:07	2d03db8d1c08a0361713169179e8f1ef:jvoOS331xK8a6kQ8PhGwagbuI1ECwyo9	Q1:臺北行旅廣場(Taipei Travel Plaza),;
2016-12-31 11:23:56	9baeecc4ff49aaa66a6340b6a2835f57:BR84WkkA3VIWITw3eK0Err6MyFp64xJV	Q1:臺北行旅廣場(Taipei Travel Plaza),;
2016-12-31 11:25:02	4fe6ec8a5684c2ee9661b041a4374782:tGNb8oqF4P27bKZ9PV5hlikKPtPnSmIW	Q1:臺北行旅廣場(Taipei Travel Plaza),;
2016-12-31 11:25:04	b79d8d70b94515d3068a6fce8e23dfa6:thOhfFWp8QWkI9dVI4GsJMlilre5Ugqo	Q1:臺北行旅廣場(Taipei Travel Plaza),;
2016-12-31 11:26:50	7b0188a5abd1d405890b6feefaf7589d:SSXXxznhGceqM9qQ4aTDc445T0C6WPxK	Q1:臺北行旅廣場(Taipei Travel Plaza),;
2016-12-31 11:29:10	57cf6655e15f6e2d4bd50c4cdcd288ab:pqgsliLJ8jY4hJi68uXVlVVgowNT839J	Q1:臺北行旅廣場(Taipei Travel Plaza),;
2016-12-31 11:30:31	04f23692f550a59410b2206e6df6d52f:AB1BjItYzpAZeh5wdT14j2OVPvJA0Y30	Q1:臺北行旅廣場(Taipei Travel Plaza),;
2016-12-31 11:33:29	434e260c4852c1e7a15486cd850eb3ab:uEfDJ0LdViT2MejzYUzA7kOBt4YLtPHo	Q1:臺北行旅廣場(Taipei Travel Plaza),;
2016-12-31 11:36:20	15448a6646f2c3ea4d5229e5403b3d98:Z5EuEhvHQPiP8V3cPhbyk74iEfp5xIih	Q1:臺北行旅廣場(Taipei Travel Plaza),;
2016-12-31 11:37:02	fbc53539804e32408bd599891b340d5e:ffOrYAqFJgZdc50dpKUWiAjQYNZsSCgY	Q1:臺北行旅廣場(Taipei Travel Plaza),;
2016-12-31 11:37:07	f24b61ba7b26509da31e0d8d6f0fac8f:sv6sMWMd7DgfR7BsJivkYs4FVaOemVnU	Q1:臺北行旅廣場(Taipei Travel Plaza),;
2016-12-31 11:38:34	2c1da7a444769af9d4b7fcb3bb24cdf3:pLaoQw0RbgMo7EHBAxF4PpK6Zrx97G31	Q1:臺北行旅廣場(Taipei Travel Plaza),;
2016-12-31 11:40:03	e80f46b2639298e3110cfe7024d9583d:ij2loOFpq1WWsd5gDPquhmT3F9JTRZWn	Q1:臺北行旅廣場(Taipei Travel Plaza),;
2016-12-31 11:42:12	7125a0cc3950fa039fcbe6cf82c06b2a:8jPfqDsZ4sgTCLtUIEXXaczb1jux6MQ3	Q1:臺北行旅廣場(Taipei Travel Plaza),;
2016-12-31 11:43:11	6a6cbfb4fb18059f93c5c4687a5c1c3d:lzU4MQARpWMQ8YzzOQ0qYLZ7LaFBbxb0	Q1:臺北行旅廣場(Taipei Travel Plaza),;
2016-12-31 11:46:16	1d9f91b1399e412e14dda67abec1458a:H8c9d4TQTbe4EJuXhr2HGvCOgVlcawsb	Q1:臺北行旅廣場(Taipei Travel Plaza),;
2016-12-31 11:46:35	e9c39f6efb0b6e55a875f928563070fc:oZdQZdX1Tigjaza4tYySI2GP3WNamoZY	Q1:臺北綠驛( Taipei Green Station Plaza),;
2016-12-31 11:48:22	6f71bcdf5d6348d65adef20d69fcd2a2:I1KiNsi3vN6BAsfW7uBaJilx2sImqjG7	Q1:臺北行旅廣場(Taipei Travel Plaza),;
2016-12-31 11:49:21	6d408588ed072fc480bc5ec04808606d:hePMpErAkurszYuZltYw6FaWpoRMtEXj	Q1:臺北行旅廣場(Taipei Travel Plaza),;
2016-12-31 11:49:28	96be8b49009be1223e82086ac8a58a21:E4eeeaylfgTOfPSkHHHWt5456JRsEHdB	Q1:六鐵通廣場(Railways Plaza),;
2016-12-31 11:49:59	d0ec817187f2518fbf48dc6d5b777dee:6WnFJYGq1Llszme14JJqY9yCAkzU86d9	Q1:臺北行旅廣場(Taipei Travel Plaza),;
2016-12-31 11:55:04	e18f980aee0dcbecd0fe78aaeb6082e3:6Ez4XlX84CLO3Yb3I86f45GMLEn04Wyo	Q1:臺北行旅廣場(Taipei Travel Plaza),;
2016-12-31 11:56:39	a73f3f1c7ea0e9dea071c28779873d04:3af9kbT6gCiPCCD9hdT4I1Zb1tUMP0wJ	Q1:臺北行旅廣場(Taipei Travel Plaza),;
2016-12-31 11:59:10	77bc0d1cf31a2fec1ec8467ed04b7d5d:tpDYkRzAKzcno7OaPqu3l5Szxud60Jlp	Q1:臺北行旅廣場(Taipei Travel Plaza),;
2016-12-31 12:01:56	b26a625fd690b43e49e32eaa6da46c6e:ZF4G9XFkfwBpKNJFh17OPm2Ieo6qVs8O	Q1:臺北行旅廣場(Taipei Travel Plaza),;
2016-12-31 12:03:29	6e62d1356ab394b865a95047db4dfebf:4449sfRsQk5AtFllC68MGXjLbeIkzhkz	Q1:臺北行旅廣場(Taipei Travel Plaza),;
2016-12-31 12:07:05	5f6086766020cf701be316a141fbaea4:WAE9M7MUe4OHwwd8cYaNNpoq5w11VbGt	Q1:臺北行旅廣場(Taipei Travel Plaza),;
2016-12-31 12:07:27	539ab92bb1a9624e8d3d66a359a740e7:VayYarMakMKaNqZl3JJnbzz0u8huGPxM	Q1:臺北綠驛( Taipei Green Station Plaza),;
2016-12-31 12:09:24	ad0b4636500bee1253a66c96fc7680ba:qbmiYeyMxuDezru6zeVurF11iRNFJa0Z	Q1:川流之心(Heart of the Hub),;
2016-12-31 12:14:05	6e3f73d7efcbdbf31e717a8c9ad9af17:xDHxt22uehyxRD2Px5b5WMw9MUcxzjMm	Q1:臺北行旅廣場(Taipei Travel Plaza),;
2016-12-31 12:16:01	e0be4a7fe8c7ee2b5503caeb854779c9:FuOlR7KGHAL7xCY2bfqoH9Y5wAglt5E2	Q1:臺北綠驛( Taipei Green Station Plaza),;
2016-12-31 12:22:11	7558e6dba586b569c60919ad4a5f40c3:JHI3z1dIvu4UjNarYiTyKldVTdkENCeF	Q1:六鐵通廣場(Railways Plaza),;
2016-12-31 12:26:55	d55b21e5bbb8ae87623555b863683b4e:5CCkgpaWCZjErJSxkOzMvm1r8X89YFb2	Q1:臺北行旅廣場(Taipei Travel Plaza),;
2016-12-31 12:27:19	5b63cbfd1aa1dbdb79961061fb2fc45a:PfRL1a8SsbNOSFjXWbR4dlNfmLT5Z8zw	Q1:臺北行旅廣場(Taipei Travel Plaza),;
2016-12-31 12:27:48	8784fad496202aba809e791fe269432b:6lFwDE1J3MeCEIY7JJqnrUeNzZlxYSVo	Q1:臺北行旅廣場(Taipei Travel Plaza),;
2016-12-31 12:30:47	b6231eb87d0f391e2c53cd2610c393dc:Mh5OTIJos6c04pfvey9bPC0ovINnmvPl	Q1:臺北綠驛( Taipei Green Station Plaza),;
2016-12-31 12:31:10	5a7ccec4f07252b079fc272f0d3d7ef4:bYL2YI5RkeE5bzpGrvBmpMX0LM00ZbSN	Q1:臺北行旅廣場(Taipei Travel Plaza),;
2016-12-31 12:32:43	48a7da13014a59f3680dbe7435c26029:UCHTgX02FL4i1mw3gP7DwunFS8ZNUCji	Q1:臺北行旅廣場(Taipei Travel Plaza),;
2016-12-31 12:35:16	aa1a26b1513b572185d12cf8abf10f39:EbGA1jnXiPCYRUfBZ2XDKrUrjKojw1mp	Q1:川流之心(Heart of the Hub),;
2016-12-31 12:38:16	990650230eb4d1a37f5e0b9b6d7c18fe:eU0LG62w51Db5lSUbPPcdwCRv40XggCx	Q1:臺北行旅廣場(Taipei Travel Plaza),;
2016-12-31 12:38:24	1ee5c5620959a39cda7b666d9da40a16:pnqxScY138Is8qUYEbGncPuDDmotcGK3	Q1:臺北綠驛( Taipei Green Station Plaza),;
2016-12-31 12:40:28	3ec8a0c4f60976662e59ab02d97ec36f:EPfA3SRJQu8WjkxsMR5VEagWEJ0kPaXf	Q1:臺北行旅廣場(Taipei Travel Plaza),;
2016-12-31 12:42:47	4e6be0b072b9e3e08cd191e49485476e:WQqoDkcV6bk8uzMZdjEQcOE4IgkWxMXd	Q1:臺北行旅廣場(Taipei Travel Plaza),;
2016-12-31 12:43:45	25d25ae6ba731b774d8a5e76900d1e0d:2b6NO7YM7eD7Wcc2v6A1QVt2FOddzmjZ	Q1:臺北行旅廣場(Taipei Travel Plaza),;
2016-12-31 12:45:54	93f6f26e4077644d9c8f0f6fe66ee277:F8I2nOOlT5bLajc4Xuw1eozXOcRHnQpn	Q1:臺北行旅廣場(Taipei Travel Plaza),;
2016-12-31 12:46:36	6184a83a8d1f9cb2bb4438b332811b8c:swwlMNXInCGJsQlr9mQLGO2fun02M7hn	Q1:臺北行旅廣場(Taipei Travel Plaza),;
2016-12-31 12:46:57	fa5f99c1bd60ca177af3c55c36088afa:uskFhzIZH2LcmhpEV38BUqjqaPKsdPlf	Q1:臺北行旅廣場(Taipei Travel Plaza),;
2016-12-31 12:52:34	cf9fac8c9bf9d6dc58d3b4e6df2a30df:LtVYce1YJMY3inuWlxbzZNAkY6l4f5cW	Q1:臺北行旅廣場(Taipei Travel Plaza),;
2016-12-31 12:53:46	6ff3b3c869e48d49a7e02a1895a5a647:1sSADjfmUGTE3CT8iMfHLGR93yYjkwCn	Q1:臺北綠驛( Taipei Green Station Plaza),;
2016-12-31 12:54:02	eaee1b58034d218d60fb6caf94c9f8cb:UApIdiWGqotzsJ48v52sLebjE11kxxN6	Q1:臺北綠驛( Taipei Green Station Plaza),;
2016-12-31 12:54:15	5c936b76121e99a1bfe323c57824beb4:1NEbX5AUBmB2zWdE9ioLdhkyMaUr0oxk	Q1:臺北行旅廣場(Taipei Travel Plaza),;
2016-12-31 12:55:05	b55949b805c0685b59675a06ab5e6f8f:FgbNIsfe26z3CxS0S7BsegeTdfkdGHBG	Q1:臺北行旅廣場(Taipei Travel Plaza),;
2016-12-31 12:58:14	b970d158bd692056adde67100872bb9c:ffWZOP1Td5FxZYpe5CXuG4KyMD5v0BLr	Q1:臺北綠驛( Taipei Green Station Plaza),;
2016-12-31 13:00:19	1ed2b49bf43f3496a2aee962d82f1b7f:dm5Mv7LgkiD0m3lkpyT4yA7RuybZ1zzp	Q1:臺北行旅廣場(Taipei Travel Plaza),;
2016-12-31 13:05:40	5202a4d2a0c0b61d928ca565122c711c:R6cIMljvjqY1BBZ61j8I7tAD2cIhHF4f	Q1:臺北行旅廣場(Taipei Travel Plaza),;
2016-12-31 13:15:09	eacc713a439fc83339b6fafd06b42dfd:PRWE9e8T0zwQGNQMzPPbW76Joh18k07c	Q1:臺北行旅廣場(Taipei Travel Plaza),;
2016-12-31 13:17:58	bcc5435486e1f0383e6fa889bb55779a:qjRvtv3w7GyErbRPLX1W8bKnrKxQ98jf	Q1:臺北行旅廣場(Taipei Travel Plaza),;
2016-12-31 13:19:31	5d971597757d3b2f17e1850cb6ab259c:BDlhiNizr3LNuqnmqJUOspBVSb3HenKS	Q1:臺北行旅廣場(Taipei Travel Plaza),;
2016-12-31 13:20:18	db820bf00bf6c3cfaf6b931ebe3888ef:j7p4BhAhsmD0recjB6XCZkvBL9h6RReo	Q1:臺北行旅廣場(Taipei Travel Plaza),;
2016-12-31 13:22:52	d99c83cf94d6fc5e17ee01076b60176b:sli8mExF0vB0U2nbB9jfqFi06C3NO9kX	Q1:臺北綠驛( Taipei Green Station Plaza),;
2016-12-31 13:25:24	2bfdb8663c73d5a091cd18be665aaefd:9vTXVBoPI8x8BkF1xSBITPrU1eNJNj1P	Q1:臺北行旅廣場(Taipei Travel Plaza),;
2016-12-31 13:27:27	7e5129035af8f70765197ff8b05f2ccf:IwXJINSDgjv2mJkMbpSF6AA7s4KCBEbs	Q1:臺北綠驛( Taipei Green Station Plaza),;
2016-12-31 13:31:06	65c73e33e33a13fc742ef24194f159d9:Amm3wAKKxu1W29Nlc0qZLwPhzsIQgaVr	Q1:臺北行旅廣場(Taipei Travel Plaza),;
2016-12-31 13:32:12	bed677ac57faeac8d18195f4328c3a3b:fEX9CuECb6tK9g3UeVG1xexuOTbEql1W	Q1:臺北行旅廣場(Taipei Travel Plaza),;
2016-12-31 13:38:35	96e92721d591daff720cf69397b1bfd5:KelXTjMJ3zn6DqMmONPOYnUPWyny5ObC	Q1:臺北行旅廣場(Taipei Travel Plaza),;
2016-12-31 13:43:17	81bc4b165cd257219fd422ed87437323:DNHexzH5fDoVyOXhsk1sm6MWlxFi3yBr	Q1:臺北行旅廣場(Taipei Travel Plaza),;
2016-12-31 13:43:59	27e53947246bf2da44a1d0cbf4948395:mrJPyT792M1Jm7eWOQgQ7vOhLLSfFJqs	Q1:臺北行旅廣場(Taipei Travel Plaza),;
2016-12-31 13:46:22	786d5831ba63609cc4a19808ccae11e8:4hg280SoUYvWbrwn9N13eTi6ISWbRAyQ	Q1:臺北行旅廣場(Taipei Travel Plaza),;
2016-12-31 13:46:59	53e28d06f586c2404aa3587d5a1d74bb:bLdR4bzJLSKaX04hNcbVC2rV8DITUnBs	Q1:臺北行旅廣場(Taipei Travel Plaza),;
2016-12-31 13:54:19	101c445d4a0e842d2a96d378120ce382:SyNUYv2sBR3ql2khl48pWoGdDZB7SW1m	Q1:臺北綠驛( Taipei Green Station Plaza),;
2016-12-31 13:59:41	421086110debabf846f9554726e95854:pK9yzoBJ54nmK215Wk5sgZkuE7yjsDS8	Q1:臺北行旅廣場(Taipei Travel Plaza),;
2016-12-31 14:00:16	0f3637bd48bc2ab49770f54e3b311e1c:xrhQSr9amEM0DEQxBnr9N2ytlyXdg8V2	Q1:臺北行旅廣場(Taipei Travel Plaza),;
2016-12-31 14:03:34	1f1ae3af5f1ea5278df1435704c30ead:TGNAY6VMGogCszCEEm4ddWTK8MgxJa42	Q1:臺北綠驛( Taipei Green Station Plaza),;
2016-12-31 14:25:02	14898804b6351abc3142d9161d0c7e97:lcdZ9DIu3ECqkwRRJAKRwKNM5BUpfgs1	Q1:臺北行旅廣場(Taipei Travel Plaza),;
2016-12-31 14:27:10	5f0f709b84616a94405f8e4d79e0e775:d5secQQCQKi9pVVHzxc21rGttWfkyfwz	Q1:好綠地 (Verdant Plaza),;
2016-12-31 14:29:51	83d1257d3278a44803d89af458f0b079:hCaE0yi27zHVns6FzTIUmQbDfp1XPpOy	Q1:好綠地 (Verdant Plaza),;
2016-12-31 14:40:30	7017c911a074ce1fa2c83bcb71667996:5BiVfKVXBJw0woaj8ZjPDtlgh3PBZNhq	Q1:臺北行旅廣場(Taipei Travel Plaza),;
2016-12-31 14:43:07	4ee97f65e3d71daa09958935d70a29b9:HLzVWdikIAxef31bvLhaBotGex5vxG3k	Q1:六鐵通廣場(Railways Plaza),;
2016-12-31 14:46:17	174dbe7586e9f68235e165b5ea5e1364:7xE8UlT70sM5ilJOf22tshlQgEA3Fvwo	Q1:臺北行旅廣場(Taipei Travel Plaza),;
2016-12-31 14:51:21	4b2b4edcdbc7c0375c63c5029652e212:UxKKP3V2rDK6rZcSjfXQaMYvchnnYlxY	Q1:臺北行旅廣場(Taipei Travel Plaza),;
2016-12-31 14:55:46	3531269846c189e3eea3351b45cf8d33:dgL9nzGgs1KxWj24Wv33k1ctTqfp6B3L	Q1:臺北行旅廣場(Taipei Travel Plaza),;
2016-12-31 15:00:51	d8330cb1262a14dcc9dfbf5f39fb36da:zHQF0wxfhsvaJNSq4N6mlQ4jkGzzw30P	Q1:臺北行旅廣場(Taipei Travel Plaza),;
2016-12-31 15:07:20	9de82a27db808adb496a5a4cbd68d12e:9rXV0UtHtpoavyqq8p7XCSc23zo7Lc2h	Q1:川流之心(Heart of the Hub),;
2016-12-31 15:14:06	0a3bc741a48901eb2d68d193df9b762b:CSTdVY1I3LhY2ZyEVNCq9ZBNb6pSDyOa	Q1:臺北行旅廣場(Taipei Travel Plaza),;
2016-12-31 15:19:57	8f15ad2bd3e9efe57880d1d7ca3c99d6:LKO4Q1cvAMob8qUEAxJkUGSQdSRDnajI	Q1:臺北綠驛( Taipei Green Station Plaza),;
2016-12-31 15:22:06	d7fd257a6ead15f17938ee80de5164ab:S8JSNMsvIsdiMQpSmWAA1MNmLwcmcYwm	Q1:臺北綠驛( Taipei Green Station Plaza),;
2016-12-31 15:25:36	b1a597b79a4d730df3503ae270a31ba8:ZXrbp7F21cKbClL5SvDtjo3xSLAamdn4	Q1:臺北行旅廣場(Taipei Travel Plaza),;
2016-12-31 15:32:19	13cda874b2893b8e3e42d47d6b810bf8:jhBO19aNR5irwWoRMIQpPUmWrqTDSily	Q1:臺北綠驛( Taipei Green Station Plaza),;
2016-12-31 15:36:01	ac0c60abc5bdb5b1e94677373881edce:h84zLDmYrcndVDHVslu5uTY4N5fqBrsY	Q1:川流之心(Heart of the Hub),;
2016-12-31 15:39:06	5203eede533ecb463786083dd43308dd:rDME1kO9W2KBZI0KEpsNNLm2CyVuXv47	Q1:川流之心(Heart of the Hub),;
2016-12-31 15:41:54	fccba53c08023632957498a2746aa076:00xZ8i5Bsd08tiiP7jOROej40qRVelYN	Q1:臺北綠驛( Taipei Green Station Plaza),;
2016-12-31 16:15:02	f6377fd115c971a941bc923324534fb3:h4GyeuTzXYVGSnizxFH5tNU5jjFbM9ib	Q1:西站廣場(West Station Plaza),;
2016-12-31 16:47:01	00b1ec516c0a9e5f261bf01d8c842a35:GPnJwRuxIEDpjnEBbEFBMk2TxGjDQWa6	Q1:臺北行旅廣場(Taipei Travel Plaza),;
2016-12-31 16:52:24	e0bff299df323ee7c7e58e48be7e2fc1:h2Vw94QJI44Gulc0Djajw0rBeBDwA1kw	Q1:川流之心(Heart of the Hub),;
2016-12-31 16:54:48	f5d10162127fccad2341518a3158aa48:k6axEsknjQmPf1Z9scdxBBdbqwYY2K9T	Q1:臺北行旅廣場(Taipei Travel Plaza),;
2016-12-31 17:50:22	2be4e8aa6bde3496c5f737fcd5ae82fb:LJIPH6SlG2eP6yUPvWUQVIAGK3K2qyJO	Q1:臺北行旅廣場(Taipei Travel Plaza),;
2016-12-31 17:54:09	f4a0f10eb98ef09ee3a165be5c63cd1d:QtlEwm4EBiIqdGQn68kPY6t2VkH3Q6Bf	Q1:六鐵通廣場(Railways Plaza),;
2016-12-31 18:07:31	cf879daa8ce5be36f9728bd4050c574c:H7o1dKn7kAsGyhpLWBKEAhotiyugfIf5	Q1:臺北行旅廣場(Taipei Travel Plaza),;
2016-12-31 18:07:47	b4fce525fcabf6ab3cbf6e9529e0e6fe:fjEoApza7R5srXszvXYIESKqszV1EICI	Q1:川流之心(Heart of the Hub),;
2016-12-31 18:27:46	545c195ea7133ac4bddb6fdff7ea15b2:jC71yoZZm0fefa7fhhMYxscIPzm7NAJA	Q1:臺北行旅廣場(Taipei Travel Plaza),;
2016-12-31 18:30:15	5cea7bf84e6b5de60a82ab1458f1b85f:OcYsA01HT04tCGiPyruPbE52mPEuCsRT	Q1:臺北行旅廣場(Taipei Travel Plaza),;
2016-12-31 18:43:00	fe76cae0d09487b48ad143233ba00795:ElhG6jG2iOyQtOY2le9luDmQW1GjuJ8m	Q1:臺北綠驛( Taipei Green Station Plaza),;
2016-12-31 18:45:30	f832a5ddef111dc7c3bdc21388b85dc6:EKPTngn4RrNXWfsGzup1LN77etNsREwA	Q1:臺北行旅廣場(Taipei Travel Plaza),;
2016-12-31 18:52:34	01628686b8f74053089090c90e96c153:Qt9bNuz5ELPpiJZnnp4IyOAtoy1bN0VV	Q1:臺北行旅廣場(Taipei Travel Plaza),;
2016-12-31 18:54:14	7aaf95ca30dc98b06404c835ee44ec81:yBGRzvd6PYsHrYLtforiXZPgBkD6flcL	Q1:臺北行旅廣場(Taipei Travel Plaza),;
2016-12-31 18:56:02	bdaef2f1e915734bb4b52a16e18b4790:tGGvrK269Ve19EoX1wgk5JZlk7gNIVtS	Q1:臺北行旅廣場(Taipei Travel Plaza),;
2016-12-31 19:00:23	a95140da62cd10039c9a04e91c3e6839:SGjarRzVwntvdQqqWf1lVTbbB2qbXp2o	Q1:臺北行旅廣場(Taipei Travel Plaza),;
2016-12-31 19:04:26	143fe0b18f5796708d6a12a6bb0ca226:9anARJDrNwhKQB2UTay1OhiMxLQEIvoF	Q1:臺北行旅廣場(Taipei Travel Plaza),;
2016-12-31 19:06:35	49f2090b46cb1a6eec33cac0786dc530:2Wx3SVOxnjJdejZp0ejaZKIQPZgGMkmQ	Q1:臺北行旅廣場(Taipei Travel Plaza),;
2016-12-31 19:27:12	8456eacffe0c232c09cf25e3505a3def:6lo11oBIGJpQFpLyw71tisaBZp6k5UTS	Q1:臺北行旅廣場(Taipei Travel Plaza),;
2016-12-31 19:42:31	404fc7f941b74cde39a42e50fb9e7e1a:G3G4GfEZbQSyUW17PH2kEJ0SWpQ3KWzn	Q1:臺北綠驛( Taipei Green Station Plaza),;
2016-12-31 19:49:55	de9d55bae2a73468f1053b4d966047fb:nvjeFsKO5uy69owHjnrarI6wFhNSrsRf	Q1:臺北行旅廣場(Taipei Travel Plaza),;
2016-12-31 19:52:08	8b9f3472895cfa2a06b0486a6849fb17:raBnSUXBtSgNYQndrnNMvOjfa5GpU4vn	Q1:臺北行旅廣場(Taipei Travel Plaza),;
2016-12-31 19:52:17	40b2996a3fd410a3a80b8764e7b96ac2:WnGyG3k5uLPwh7fDUS5RYYMRAbzAgG3v	Q1:臺北行旅廣場(Taipei Travel Plaza),;
2016-12-31 19:54:47	d1757649dabbb819a286632a37c507dc:9OEEt1WGzmNmoV9dZZNSRdkhGmnlGoFQ	Q1:臺北行旅廣場(Taipei Travel Plaza),;
2016-12-31 19:55:06	aa9f7eea34a3f7bc8c7e5f9f40d3df38:Om1hNSSp0LZhSokCW2WIvxTcPrvzcIXW	Q1:臺北綠驛( Taipei Green Station Plaza),;
2016-12-31 19:55:08	6e9a9b3a7e0e8e84ce28ef0e02683f5d:bISZaFaJzGpJnZGWZKMWMEgWI2fMQTBL	Q1:臺北行旅廣場(Taipei Travel Plaza),;
2016-12-31 19:55:33	31528aeb42dddeece8d3a5a18ed0939b:S3f33EjI7B4EEM4LVRzyW9Haaprskeyw	Q1:臺北行旅廣場(Taipei Travel Plaza),;
2016-12-31 19:56:06	3ae79db3cc5e8a39db332030a30e7ee7:HMXDjyK4RgdAcpwo2mc1TVrrAKjW2cRq	Q1:臺北行旅廣場(Taipei Travel Plaza),;
2016-12-31 19:56:17	5129400deefc55bd5b41fe9209ec51cd:DiM8WvdRVbpW49JpfjzGpGRQTfGH2aBz	Q1:臺北行旅廣場(Taipei Travel Plaza),;
2016-12-31 19:56:51	3adcfac1caa993fa4acf978dafdc9bac:hhTm8vyBe43dZrQdfXVw83UgIhCY56cs	Q1:臺北行旅廣場(Taipei Travel Plaza),;
2016-12-31 19:57:27	9032aa81521d7de682ff3fc567c55210:P0b9cIioi8eUXj5dmPlnfolkQfhQrorh	Q1:臺北行旅廣場(Taipei Travel Plaza),;
2016-12-31 20:00:35	53822163eb67cd4293f90fa452bd052b:uNJXdhoAUSOAdXYCdCTDDMmviuogvaxT	Q1:臺北行旅廣場(Taipei Travel Plaza),;
2016-12-31 20:00:55	64e0f742457fd44f422b5177a615dc38:RJUqCPQ9Ft3MUxjiiMngmujYAP47h1Ul	Q1:臺北行旅廣場(Taipei Travel Plaza),;
2016-12-31 20:06:57	095723d4203a33d6d78a28e3718e807d:uRSaY5ArRNpPmPxGySn7ZCTuAePUfcLl	Q1:川流之心(Heart of the Hub),;
2016-12-31 20:07:43	26020fbdddc22d11aae8028a3ce9eea1:fU5YyKX2b9Jsxiiny45allenXySqQsMy	Q1:六鐵通廣場(Railways Plaza),;
2016-12-31 20:08:11	143fa4c77ea02d9d633c170f647da8d9:q9fBB3Y2CXi8StUetZ0G740l5yGVijuY	Q1:臺北行旅廣場(Taipei Travel Plaza),;
2016-12-31 20:08:22	d93435865454d2506168ecde712d49f9:3zxyTmlCBRcyKDgqBOhyauWwBGH10x7a	Q1:臺北行旅廣場(Taipei Travel Plaza),;
2016-12-31 20:15:40	515c18979c67038f5194d9a98f2b8fc5:QbHHoUeF4mknIPQheZO4mVg3BbWVINFU	Q1:臺北行旅廣場(Taipei Travel Plaza),;
2016-12-31 20:15:58	998e1c1d419e6c67c862525bcb0a0ee2:q828vyKA5U38eZnJerteQvysY2a3TUTh	Q1:臺北行旅廣場(Taipei Travel Plaza),;
2016-12-31 20:17:52	5339acb05e9cb2e771b5ed6fd6064a90:gREQYBUAT9dLnc8l37BHiZ6xCmwsBiHd	Q1:臺北綠驛( Taipei Green Station Plaza),;
2016-12-31 20:18:14	80c113756c0935f62531760a74c07918:xLJNMSmQMr5xMvLeAQhpj9gUze161Azr	Q1:臺北行旅廣場(Taipei Travel Plaza),;
2016-12-31 20:18:54	be770dbf117ad31809f9589cdf5a355b:EPJpsfLDYAWXpQRZEESzCdTh6fYQ701s	Q1:臺北行旅廣場(Taipei Travel Plaza),;
2016-12-31 20:19:43	bdaf9e741b353e66a9132098533dfab9:Sl9EPfISL48A4Jd22pRVD4v4WCbBcpSM	Q1:臺北行旅廣場(Taipei Travel Plaza),;
2016-12-31 20:20:21	230f809490330a74d7066b63aaba235e:8dPsaxqiP458NsabSyU51GA5LliWBouQ	Q1:臺北行旅廣場(Taipei Travel Plaza),;
2016-12-31 20:20:37	0a75e53aec31a6611bb83a0cd702d690:kHQfIDjHIRIHR2n32tC4IDfIGNoojk72	Q1:臺北行旅廣場(Taipei Travel Plaza),;
2016-12-31 20:20:46	aa3745685562d620024f83c6f1a48e06:eC4U4mNnrywCOAhtYgL9LUR2yeY2dLe2	Q1:臺北行旅廣場(Taipei Travel Plaza),;
2016-12-31 20:21:10	15590c582526cdcd1d08ceb4541bd327:dkjnKBrmyual9LLthTuubRTnjWg22ljj	Q1:臺北行旅廣場(Taipei Travel Plaza),;
2016-12-31 20:22:26	194d2fee8137897a7543fd7dc5a271ab:VDuRVADOHSU8xjob5GNrCZwjEE4uVUkV	Q1:臺北行旅廣場(Taipei Travel Plaza),;
2016-12-31 20:23:04	80429426b8c33e190ef47d7cfc7dc0a4:UR1LRxEitilHwxdLN1xmlxV9FHEwDlho	Q1:臺北行旅廣場(Taipei Travel Plaza),;
2016-12-31 20:24:08	d7671e260e425814a092e7ee435b124b:OfgPOXZ5QLgxTgJKYlWCi8E1618Gs57d	Q1:臺北行旅廣場(Taipei Travel Plaza),;
2016-12-31 20:24:54	308c77f29954e338e991a500913a489d:2B23vCnibaSyuCaWvrhwhLTptFT1P3or	Q1:臺北綠驛( Taipei Green Station Plaza),;
2016-12-31 20:25:55	f18f65ff37552ede95af0cea0f33980b:d5GSdDNPmuvB87KylNtkfMcjg2SnX3cK	Q1:臺北行旅廣場(Taipei Travel Plaza),;
2016-12-31 20:26:11	b137a3fab96927ae173f5fa501e5672c:6Gm8qiKIJ5PYqxNfnQNEPFK4osTkk13h	Q1:臺北行旅廣場(Taipei Travel Plaza),;
2016-12-31 20:28:54	6eebd5ec89040bca8001e729fb887b1d:Y8TAdJygLF6lULByaIAiiojlISO9bN5x	Q1:臺北行旅廣場(Taipei Travel Plaza),;
2016-12-31 20:30:14	5d0721b8a48c594655d42f17995f281c:98cakrbzy8KOKvG682pJXw4huPJlnN93	Q1:川流之心(Heart of the Hub),;
2016-12-31 20:31:56	aafcdf4d92adfa10802f57e871547504:tw1hOy6MOjQQKUTjvcZkdY3BdUdN7qn3	Q1:臺北行旅廣場(Taipei Travel Plaza),;
2016-12-31 20:32:52	3e35c4b081e4358d0b3e7ef53f211bcf:P8jPY7vXuNNEHwK5KJjKHucRTTw0O68T	Q1:臺北行旅廣場(Taipei Travel Plaza),;
2016-12-31 20:32:51	9fb3c396a3fd3cf1791d28f6a269ed93:Pck1QN0RjbpG1MlL3TkpWI9fhiMMhHn3	Q1:臺北綠驛( Taipei Green Station Plaza),;
2016-12-31 20:33:08	0a4c797546941e09b6b08d15f36d0b86:fBZctOiRmvqsOdiH33H78XflgBSWWii6	Q1:臺北行旅廣場(Taipei Travel Plaza),;
2016-12-31 20:36:29	2379f2b9b59fdc697cb9d5c14a6cfdb5:RzLxFw1z67FSHqCfi59QHpdodbXxkK51	Q1:臺北行旅廣場(Taipei Travel Plaza),;
2016-12-31 20:38:03	487117c6d0c6414effc3d39078a1e90c:BZ4KPJGrSgwpEHtDQyCl7S0gcllwF2m9	Q1:臺北行旅廣場(Taipei Travel Plaza),;
2016-12-31 20:40:04	83e199243c8fe43da8e49cd6c5a74ada:Ybg7Zg9OF4FI6SAT3bWQyaqqxrJu1Y07	Q1:臺北綠驛( Taipei Green Station Plaza),;
2016-12-31 20:46:02	410f241247fd5565aa0777413ee16772:dbWVVy59LoecgJky2BOryfbsdrwFoDys	Q1:臺北行旅廣場(Taipei Travel Plaza),;
2016-12-31 20:46:07	322a1f5222d8856102afc4b40e102e50:FbLCwqlIaXV2PGKmAEXuBJtB07qO09ZZ	Q1:臺北行旅廣場(Taipei Travel Plaza),;
2016-12-31 20:49:24	19b77033baa47e7472fe669c9eec3516:H293WEqZk9neuB8WKnzIKl85ruYSHzJM	Q1:臺北行旅廣場(Taipei Travel Plaza),;
2016-12-31 20:55:21	99b34da278f7a92b6151878ce90d4741:87gCd87glOiJLfESkT0qcG8R2pDfkIlb	Q1:臺北行旅廣場(Taipei Travel Plaza),;
2016-12-31 20:55:24	25e9d2a15bfaf16c3a6b9fb6dd7eb652:z4e678Syyv5us5tV98eRvftV2iZnCxa1	Q1:臺北行旅廣場(Taipei Travel Plaza),;
2016-12-31 20:56:39	1c37666bb20560646a3797cd27f8b3ae:IZN9mJG7vfkn3wy3uMh6SWVMN6Mhln7I	Q1:臺北行旅廣場(Taipei Travel Plaza),;
2016-12-31 20:57:03	13853683155000f53ac57e2734a18a69:EiS6ejoUlaqUoptx5AZ5x4s68fJxywYO	Q1:臺北行旅廣場(Taipei Travel Plaza),;
2016-12-31 20:57:17	6195b7c69177ce059f476b999b1be77a:c7j78W1WkDLpyh15g7M1pBssjoDdO3y5	Q1:臺北行旅廣場(Taipei Travel Plaza),;
2016-12-31 21:00:08	9a8a965e7b653ba7876bd9b5bd281904:CF6HhS6uWoCbEIKeWFd4ePwKTcSbjPQw	Q1:臺北行旅廣場(Taipei Travel Plaza),;
2016-12-31 21:00:09	f94937e109868ed3761359fdbefaca36:WRsWreIkmmPpvBKHacv8dIRjze2ReLqk	Q1:臺北綠驛( Taipei Green Station Plaza),;
2016-12-31 21:02:06	9b2dc064072f27a8f2c6e37b3aef91de:JMbeMpGRsm17hUnwveqOVu9bBERVGFa1	Q1:臺北綠驛( Taipei Green Station Plaza),;
2016-12-31 21:03:14	bfa91e9c89c38e42ba448afcfe133aa7:hqMtALQuL2Or89X0BhBRJ9BPmziZ2DUN	Q1:臺北行旅廣場(Taipei Travel Plaza),;
2016-12-31 21:04:06	dd820249a94f15aa1cce86b3d914528c:oYliuTUyLbIDXDuevD7vDiSZ3p9EEjnx	Q1:臺北行旅廣場(Taipei Travel Plaza),;
2016-12-31 21:05:12	31f859ca6a4c61bc86a31994a47756ff:2zqcmMWzW6CNDMFA61MfJeAZSRv9V7Kz	Q1:臺北行旅廣場(Taipei Travel Plaza),;
2016-12-31 21:05:19	4ba95a10db84085bb4a569c921eb06a7:gnLMCgS7FqlHzyKvXdmp9erCnDZoqjeo	Q1:臺北行旅廣場(Taipei Travel Plaza),;
2016-12-31 21:07:57	b36be72dd07a32c139ddcd58260e8c86:OF8MBjaoJSUbd2fyedEKKXLgvv3EH4PU	Q1:臺北行旅廣場(Taipei Travel Plaza),;
2016-12-31 21:08:23	a1468675a2d3ce2631e0967542653a30:9qJPSIiq5zMW1qpiUY3e02A1JABTYdmd	Q1:臺北行旅廣場(Taipei Travel Plaza),;
2016-12-31 21:08:49	4ddb7635c08cebe50e9ff41b1299fa7c:iurehKfFOJUZZaFbZpnSQMoDGnTDQg9z	Q1:臺北行旅廣場(Taipei Travel Plaza),;
2016-12-31 21:08:55	0fb86afc3ee3ba4afe5698ba193f1f30:5IaMNUg8T6IpvgC5BLshPahhTNpapzwR	Q1:六鐵通廣場(Railways Plaza),;
2016-12-31 21:10:20	a873a3cc852a9f5ec350a8aa971e6a61:3XCduXV8aIyvnVicaBY8jfpKaJllabSQ	Q1:川流之心(Heart of the Hub),;
2016-12-31 21:10:20	5566ca5e411538c1e48627305b471a18:KaY16IS6HdYlpiqf0g28LOcqBNpe9pvp	Q1:臺北行旅廣場(Taipei Travel Plaza),;
2016-12-31 21:14:31	2e6c9bf3083c784551a1d37ab138f8c8:lTANLulmiOnxCJISKob3wRCUB1r1nByl	Q1:臺北行旅廣場(Taipei Travel Plaza),;
2016-12-31 21:17:38	f294c3c0d50be01277962e42e14b8bd4:Q7mYWbhzlyb5cIQjia7aF3009zMSyiaQ	Q1:臺北行旅廣場(Taipei Travel Plaza),;
2016-12-31 21:20:49	cb3cb36b4d81b9264e16c0d48d254365:JNy763R5UvVMOtDOH0oRVB93LwpecrIE	Q1:臺北行旅廣場(Taipei Travel Plaza),;
2016-12-31 21:21:06	b6016e7b9b3688e426acaa0361d72a70:X3jnVLwzA5Xa0azToxURPTW05dfCvgdQ	Q1:六鐵通廣場(Railways Plaza),;
2016-12-31 21:24:02	b93a607d6a61efc4010640b0e36e143d:Uu4G2OFFD0CluQm8bWzMKXCyhGAuLRpT	Q1:臺北行旅廣場(Taipei Travel Plaza),;
2016-12-31 21:24:34	8ac26e96ab1ee84cf4a24851d02182a8:f5bJTUdADlGCNHcCvsP745MLFDXJDsfS	Q1:臺北行旅廣場(Taipei Travel Plaza),;
2016-12-31 21:24:55	1999037c14580256be757d9edbad9182:6wyOeqeqNMr3YIyeqeGCZJtxygsedQqV	Q1:臺北行旅廣場(Taipei Travel Plaza),;
2016-12-31 21:25:35	cec01890df7851ea3e6984fbc2f45181:319oH4VELUHONRb2HiiRcMKwKILPXsVf	Q1:臺北行旅廣場(Taipei Travel Plaza),;
2016-12-31 21:28:11	c004f3226813d5b54f3f7a486f4a353a:yyhabUPidPccFLovWIRGva7hEF9duKR2	Q1:臺北行旅廣場(Taipei Travel Plaza),;
2016-12-31 21:28:26	eb983237de978918081eaff915ddec2e:tdijmEwQB0KGKwi5HdY0gz3kRRlFcvBJ	Q1:臺北行旅廣場(Taipei Travel Plaza),;
2016-12-31 21:30:04	552d9484db09b861a78cf244a14e7a95:Uon6ZEVfj96QA8LdcLv56caKZt6zH4VH	Q1:川流之心(Heart of the Hub),;
2016-12-31 21:31:03	32abbceaff804fa1f6aa29bccd250e04:IwdXexe8cAx2aYfmiCEUETw3LaabfLWX	Q1:臺北行旅廣場(Taipei Travel Plaza),;
2016-12-31 21:31:51	a6c64652e418a340a2e3fe97e76ff3dc:HBMByozjfj9lCsBwoHt6v68DPJaT146N	Q1:臺北行旅廣場(Taipei Travel Plaza),;
2016-12-31 21:38:17	1f2faeac86198055d93a20039cbf4c70:wYN6TNr2uoTSJ9fNTzEuPJBxQ9Sdj6OQ	Q1:臺北行旅廣場(Taipei Travel Plaza),;
2016-12-31 21:39:01	59eb8bdfd456dc616144964d93094c4a:zyBNu9FJJQOOF7qUjrjlK2cNpR4joKbz	Q1:臺北行旅廣場(Taipei Travel Plaza),;
2016-12-31 21:39:42	8f780e971bfab1de20aa8f4e7fe4dbd0:XvNT2IkbekBk7x9ZEeSKXVKCL6wTYgFv	Q1:臺北行旅廣場(Taipei Travel Plaza),;
2016-12-31 21:40:32	4141431c69899723567f7bf28bd97395:DBxpkQH3ygEX2ZX5tviiNUY1jHqlmN60	Q1:臺北行旅廣場(Taipei Travel Plaza),;
2016-12-31 21:41:37	bec8f1209684b5003e40bdc51316370f:19JJq9BU0vSvp2pPToklQJdphXoqqm0u	Q1:臺北行旅廣場(Taipei Travel Plaza),;
2016-12-31 21:42:29	8f80a407e1a1aa494b35cbd816d29c8d:pqCBXQTW8aLN9NjTThKfQEEsIgFHpe09	Q1:臺北行旅廣場(Taipei Travel Plaza),;
2016-12-31 21:44:19	72899600fe3f63a5d161b762b6c59672:azurEM6A3zrNxKyh3eLZSHXoJdLU9C79	Q1:臺北行旅廣場(Taipei Travel Plaza),;
2016-12-31 21:44:31	98079aa836fda411c3f43100775f3437:j2UVcYsPD6lX9exXqu4Z4h9yFG0Evt8B	Q1:臺北行旅廣場(Taipei Travel Plaza),;
2016-12-31 21:44:56	ad44abbc6779335530457f67a05b44b1:s9RBJecilTxfq2qZ2jdOyOJTIUIV5LRt	Q1:臺北行旅廣場(Taipei Travel Plaza),;
2016-12-31 21:45:00	2fa667ab134e9294c60112f0a7b827fa:Q19zZxZ8E8JNoBsqS4yB6ZNpUgmgDXfX	Q1:臺北行旅廣場(Taipei Travel Plaza),;
2016-12-31 21:45:26	78c99a85aa4b27b125b8bd7b20295149:4lHQrFxRMJxVVzTxP11kANRupeKqHZaI	Q1:臺北行旅廣場(Taipei Travel Plaza),;
2016-12-31 21:45:45	66cf7e1d60276ba085435cf79b05ba5b:13ayI7UbDsMAgZYwMhByKrez4ooWmp9a	Q1:臺北行旅廣場(Taipei Travel Plaza),;
2016-12-31 21:46:05	5f44975ef7392b9bc9337db546618e82:MDKOLVUO3rwO3WD4vi1Fshe7BjVuiBDe	Q1:川流之心(Heart of the Hub),;
2016-12-31 21:46:17	6caae3d12b2cfc668a0e2a4d670dbdc9:wLM5bfGVbVYrbLA0uFzEhSFWxsd7MxR4	Q1:臺北行旅廣場(Taipei Travel Plaza),;
2016-12-31 21:47:08	c4fd12f57a0d235f1aa415564dd4b96e:3BBi1ANPuchEI6UkEApY030dLg2HtQIR	Q1:臺北行旅廣場(Taipei Travel Plaza),;
2016-12-31 21:50:01	d77c663987937037d4b978a0a8c526d6:oV4Yp0QZxohEsEtGl49x3ygeYj8Q6OYb	Q1:臺北行旅廣場(Taipei Travel Plaza),;
2016-12-31 21:52:06	cbd220e8ee6a06da3d247833e67aa625:Zs7ykioqOlvEHzCH5CGbdDRCTSOPStAV	Q1:臺北行旅廣場(Taipei Travel Plaza),;
2016-12-31 21:52:27	be81f2777697c8618d5c64943bd26bba:S5N5iiwQpsEPhRLmcpWIa1lZKf2VJMnN	Q1:臺北行旅廣場(Taipei Travel Plaza),;
2016-12-31 21:52:42	9e5ac866a3d45f0fe821a4c484f16561:CyJWUxPUglxAfWN6UuuhX28vPitvzXEh	Q1:臺北行旅廣場(Taipei Travel Plaza),;
2016-12-31 21:52:46	81bd04e4069a34e975fbf5a0753b0d77:P0AqhhkS89d8EH7pVkHsTpMO7Ef9XSWU	Q1:六鐵通廣場(Railways Plaza),;
2016-12-31 21:52:51	6db4701bce7c6681d9322f978b532952:gEe6WRoHUKlGt0UMggG1UCDa2Py30eoP	Q1:臺北行旅廣場(Taipei Travel Plaza),;
2016-12-31 21:53:39	6f6251c0fcd7689333f36910add05bf5:vKocGl6B4bddidTjjNGIHWG2KKec3vYn	Q1:臺北行旅廣場(Taipei Travel Plaza),;
2016-12-31 21:54:14	021808f2da44fc94ca13268929292622:m1V0CHzqHXnM75F2NoKG2pHh4attfclv	Q1:臺北行旅廣場(Taipei Travel Plaza),;
2016-12-31 21:54:33	ca8b8bd2acb67bab623d9baa86d06c36:YZLGp2pzfreLSZ4TvAmiFfR0QQgglUYe	Q1:臺北綠驛( Taipei Green Station Plaza),;
2016-12-31 21:55:03	eee1a0c08a6f48531dac1b6c212ae1a0:tgmAOJzB6TDSOATqVfjnWe8iZ6SFWFMA	Q1:川流之心(Heart of the Hub),;
2016-12-31 21:56:29	b8101c87fb18260cc0ec43ae1a916a9a:lliM2QA6NK0D4k0xI5JSA9LMhImDdfpP	Q1:臺北行旅廣場(Taipei Travel Plaza),;
2016-12-31 21:57:05	10e8603a62ef8c2093f058fccadf509b:ipcF8dJ7pCpxpQmXnMfVWg08YHUp2dAp	Q1:臺北行旅廣場(Taipei Travel Plaza),;
2016-12-31 21:58:18	2875886074101d4162ea185ce7efa315:akqTYXJFQam4f5df54CFSwyQDB1zYupR	Q1:臺北行旅廣場(Taipei Travel Plaza),;
2016-12-31 21:58:29	2c569e6a26a64afe3cc5aebd3d5aa70e:NPOwzMLUzplEUy7Hw74DLgnv16bkxeHg	Q1:臺北行旅廣場(Taipei Travel Plaza),;
2016-12-31 22:02:00	3f47c21144a17f102b761cfe1c1c8c46:WW3RSW0TfI9le4ieUaYfxI376yPVo385	Q1:臺北行旅廣場(Taipei Travel Plaza),;
2016-12-31 22:04:50	b6dc176ba9e326b914717e6fc7df4c92:zA6X0ct41tVUaQj9rkLSMfmkqeSjKpch	Q1:臺北行旅廣場(Taipei Travel Plaza),;
2016-12-31 22:14:11	62f65544880ec122264c9ef27ced4032:M2WHDo6SFcVIbBOVRNWmeBU175FZvnF7	Q1:臺北行旅廣場(Taipei Travel Plaza),;
2016-12-31 22:15:41	fef27bd3a6741c0991f63966a0a8bc7a:IvUhCFkqotofdiuIejGleDvYj4MlZ3FE	Q1:六鐵通廣場(Railways Plaza),;
2016-12-31 22:16:34	4b29248fc217c9340056400d018bd781:23eZK6gEBtFgrLdqpVlOlwecC0R3wLdf	Q1:西站廣場(West Station Plaza),;
2016-12-31 22:18:37	5a24c9dcdec03bd75395aeff77eb9be5:7oPoYQLaaZYJYHsrgl1173kWjkE3rnmq	Q1:好綠地 (Verdant Plaza),;
2016-12-31 22:21:20	e72a958ee55b44ce184c97d353dacdfb:5woGA7gItTKhlWXVqGC03d3rgIpZjb2o	Q1:川流之心(Heart of the Hub),;
2016-12-31 22:24:04	5696fb85091a057ba2dd80457adf2e95:4AHiUNIF3CvGlAY18GOKtrX9oCkqRzmr	Q1:川流之心(Heart of the Hub),;
2016-12-31 22:25:47	db2ec0a96254c6f0edcd809604a76562:LtXbt4s8AHatEKvhvLNOGEHrYEnyZRfn	Q1:臺北行旅廣場(Taipei Travel Plaza),;
2016-12-31 22:26:03	86dbad393921d7a6771b3f27981487c0:uHffDDdDJOo4kchouW5g7NkZchn1q3LR	Q1:臺北行旅廣場(Taipei Travel Plaza),;
2016-12-31 22:28:42	0f8951d029564773c2ed9964fcd217a0:1bVy1PqFdR5lWFDyNQvuDqf8EVtXEgab	Q1:臺北行旅廣場(Taipei Travel Plaza),;
2016-12-31 22:29:11	a83937d9077ca3d440b73f3d19723f94:cdbYXxSr5yBSjHItkDfpd4fegmXCFVzb	Q1:臺北行旅廣場(Taipei Travel Plaza),;
2016-12-31 22:33:12	3c96ce2c84eebdf81f691a4d6f95a6a9:Oy8QGkeAg615Hgz3MaqAWcK3aseR7oRw	Q1:臺北行旅廣場(Taipei Travel Plaza),;
2016-12-31 22:33:50	8e2f8e5550b9764d2b688bfd2ed0af26:b0E6U8uTQi3aI7aRtaGLBqPdgWJxLjam	Q1:臺北行旅廣場(Taipei Travel Plaza),;
2016-12-31 22:56:38	eead12696513473a884d42320c422ad0:AsMecsXJYz2h9D9dbUuvB09tSdd54FMK	Q1:臺北行旅廣場(Taipei Travel Plaza),;
2016-12-31 22:56:58	725f89011163e4c64a3bdfb76cd6180a:klEHK42vZS3vox7aBikGdXZhG3xSFehj	Q1:臺北行旅廣場(Taipei Travel Plaza),;
2016-12-31 23:01:15	6cd97e05c0e99d48aeb1c94f40baecf9:SqtQbzMR7j0Rpgbl9gzcTbYm8SIv0fLk	Q1:好綠地 (Verdant Plaza),;
2016-12-31 23:06:28	e53bfce9a778d4dac0fa14ef30828155:nszy4LNGsFE1qsTtA1PMAVWvt1bhtNRc	Q1:臺北行旅廣場(Taipei Travel Plaza),;
2016-12-31 23:09:24	ba6078f97b58d103354befaa5ee65c6f:nCFqgN0sxwnA5nfsszdkIpKxna77v8H4	Q1:臺北綠驛( Taipei Green Station Plaza),;
2016-12-31 23:11:51	433c4604bf67ef4392fafc5446ad47ff:gnQlZLFgGonv4ZswKKpZyefEmsbCwASS	Q1:臺北綠驛( Taipei Green Station Plaza),;
2016-12-31 23:13:43	c07b2095757ee8a0cbda26fc9760e572:oe9tkkadNPTlzj7Ql3mERT8SnmfKoOI4	Q1:臺北行旅廣場(Taipei Travel Plaza),;
2016-12-31 23:14:34	7aeccf9b56cf2f0d0e61052d75bb389b:R5Lwe8CbeAyzBa7er8onGF01i91LyzMv	Q1:臺北行旅廣場(Taipei Travel Plaza),;
2016-12-31 23:14:57	e42fb85ab973e1ad7e0b9f3a8dd1f934:5fXAPpYMt29xNlDO9bj51Lj7PnCYFqXk	Q1:臺北行旅廣場(Taipei Travel Plaza),;
2016-12-31 23:17:16	cd1f3cabf687170ca10560fcf197b6b4:FPk8OTYal286htYEPixGr7ZA1LLeEyx6	Q1:臺北行旅廣場(Taipei Travel Plaza),;
2016-12-31 23:21:33	944ef8eee4b8f89183c9307c4ebe74b7:yeSWFtDNyWsdOkieS3Z59o3wJvkLfRkH	Q1:臺北行旅廣場(Taipei Travel Plaza),;
2016-12-31 23:25:02	136e2afdfe0a7eafb1adb99c8498ae77:1zta3NMMRTgCoRZdH9rKRgLNap6mhYrI	Q1:西站廣場(West Station Plaza),;
2016-12-31 23:27:33	eb2857467be349545127d15f3d6bd6f4:7RwDHiHu2inr3acDLQypoowz0CLzjCZG	Q1:臺北行旅廣場(Taipei Travel Plaza),;
2016-12-31 23:31:43	73f8ef37f3edcc944e7d1baf821f9aa7:VXz72zy1zJ1xieXFzQ34UrJ0xj9Tmlib	Q1:臺北行旅廣場(Taipei Travel Plaza),;
2016-12-31 23:37:35	0508e98271200948a6eef8d11592e7b1:ZxfvHfbYjOUtz9RYJhEcwDZzVHZygZQb	Q1:臺北行旅廣場(Taipei Travel Plaza),;
2016-12-31 23:37:48	2eba5a1b9a78250d08e2b40f584b3a5e:XsXKTjo2bBnJUtZ3qXcnPLvDsgeGyV5P	Q1:臺北行旅廣場(Taipei Travel Plaza),;
2016-12-31 23:41:39	05e3423b64e8babff1abbbfe678c6c9c:YcZ7hYJGmNVVYSGrYnW1vgeu4jmmMeR7	Q1:川流之心(Heart of the Hub),;
2016-12-31 23:49:13	12ad12a373b3a2a9e616fe9ad481cbd1:14FDTfBff25QNIAjzCE9Lfp5nUar4EQ1	Q1:臺北行旅廣場(Taipei Travel Plaza),;
2016-12-31 23:57:30	7daeddd242e1639f6411ee675a8ae990:biHzanzASLc9YExv2vLiiGzcdklne816	Q1:臺北行旅廣場(Taipei Travel Plaza),;
