2016-12-30 00:09:49	1810725d5369757de7737b739175fb24:POG6xPigorORaustBzpKfkvN6Xj1JhI0	Q1:川流之心(Heart of the Hub),;
2016-12-30 00:24:09	6d9d8b014cc0dfddd18c5c85110208e8:2wwCJ2BShMOu0AYkZ82LNxziallYcLhb	Q1:臺北行旅廣場(Taipei Travel Plaza),;
2016-12-30 01:21:00	82fb1760f2c1d660a977b2a14fc1d7ae:Sj148gmsclPAWZrnqjJCGsXS6HcXWi9N	Q1:好綠地 (Verdant Plaza),;
2016-12-30 02:18:40	3325a44145fe8b981fc44b73b67eea48:uDPuaAYB789KohegqDn4cckmqu0Mokld	Q1:臺北行旅廣場(Taipei Travel Plaza),;
2016-12-30 04:13:47	1a7b76a67827fa9e061022363a687508:szmEVFPvVxzeXuvjmDxcFsBDDkbfcSYT	Q1:臺北綠驛( Taipei Green Station Plaza),;
2016-12-30 06:16:21	6a39000f3534fd15f7451d1cf282ee98:9GhoxMB1Nt9Y6dTMYOQ2qCHMFKyho4dD	Q1:臺北行旅廣場(Taipei Travel Plaza),;
2016-12-30 07:19:10	9c709ef78621c86e2bfc0fd657e861b8:7Rw1lrq6PDXOrDiqN98Z8IxrDDggkW8a	Q1:臺北綠驛( Taipei Green Station Plaza),;
2016-12-30 07:51:01	42df23aab3a19c2cc204b4e4a42924b3:6G01ReAWTnf3PLZQ8GdRm50nbMe3df87	Q1:川流之心(Heart of the Hub),;
2016-12-30 08:13:42	504296e51a54b792d490e69bf276ac4d:gtZAd24XuGEUwFbKKb7e1j7P055YtvCH	Q1:川流之心(Heart of the Hub),;
2016-12-30 08:29:16	f9b72bcbb2572a4f906fdd6e33ef205e:1Qiq2hwS6e18BDKmnqBO7mNOTloPjYqL	Q1:臺北綠驛( Taipei Green Station Plaza),;
2016-12-30 08:30:38	0cb15a44c86345b26cd9706e2cac9143:sW8dQqoLjii7YJc94v7xMTYAW1S044Yv	Q1:臺北綠驛( Taipei Green Station Plaza),;
2016-12-30 08:33:04	049818a3c249eac9f97fa24fcd197abc:mJQnxLLuq9dIQxJhed9IPQlW7I57Z2bk	Q1:臺北綠驛( Taipei Green Station Plaza),;
2016-12-30 08:51:19	e6b46f221d1391244690ceccf18b225d:nlt3ZkqjmlKBqbhDxbSglbJyKEGutCyg	Q1:川流之心(Heart of the Hub),;
2016-12-30 08:51:28	5419426516d22925fd7601da39d494aa:yvfQELP5umZBl7Xmb08IXKmK5uUSon0y	Q1:川流之心(Heart of the Hub),;
2016-12-30 08:54:38	8cc97bc71bfa221dcaef1da57defd0cb:njaGEm2UdwS1cQuIH9984RbCKb1Quqdz	Q1:川流之心(Heart of the Hub),;
2016-12-30 08:57:14	2f1cec750fa8b616d275fbb1b8a955b2:aXBO5zztF8IOHOuYfokglEnjCy1IEgf2	Q1:西站廣場(West Station Plaza),;
2016-12-30 09:01:03	a33566421a43e2f7b8041cda42e83a17:wnZzoTN1yFv1eLd0WHuLB4EM5BpitTvu	Q1:川流之心(Heart of the Hub),;
2016-12-30 09:03:52	084fe40633e9ea1ff7e917ae4e7a89da:zg14yA4g8DwfIjTxMSIAfcfEudpyN8oa	Q1:臺北綠驛( Taipei Green Station Plaza),;
2016-12-30 09:14:35	ba7ce2bcd662c4799715a84a22ea93bb:TG8vc6J5pfIf0BMDQFZFMxjIA3Wxfy0o	Q1:川流之心(Heart of the Hub),;
2016-12-30 09:15:10	370e23f5aa7ad51bd8b6fae51a2ac06b:Dlui5HLdPBacvTbR1q6p5KRAPSKJiJhw	Q1:迎賓廣場(Guest Greeting Plaza),;
2016-12-30 09:24:28	bcabe390b0d48d5935f9b7a129de4ee4:DgmULjK7bwxR5hzlBUhszoRjsffRnLCd	Q1:六鐵通廣場(Railways Plaza),;
2016-12-30 09:43:45	4f0c0ef0e5c082d172566263727494be:z6zeFmubbXurvoOOUAqD2euiVOt3RTnp	Q1:川流之心(Heart of the Hub),;
2016-12-30 09:44:16	0dd45336064ada64f0e069fde9d1b419:Zex6D33ygXYNz8QTA6dkmPSxycTA3fZq	Q1:川流之心(Heart of the Hub),;
2016-12-30 09:45:06	427b83d675a867a1d92933f6d8899c11:U2gljLWGu6haOmFLRsxOUjVEizLcLGJs	Q1:川流之心(Heart of the Hub),;
2016-12-30 09:46:24	772550e574e82915a588737be3159651:q2nVamH0oRVtrfwXrE33bOqMTwWiewIa	Q1:川流之心(Heart of the Hub),;
2016-12-30 09:49:06	5dfd28d3b64664cd92941458b75231b9:COAC7mBNRhJkoeUVTxlydN4EtuoiZE1V	Q1:川流之心(Heart of the Hub),;
2016-12-30 09:51:10	5acfb1f57c4b600a537781f26fb1b8d3:dOdEoYyqSFUaUvg7edb8EoDJMm0aXXCT	Q1:西站廣場(West Station Plaza),;
2016-12-30 10:57:29	d1cb0655532d37f8277c9cc97e5c289a:81OMABAVwCFZOVW4CZ3G13YEDQ0zMP6h	Q1:臺北綠驛( Taipei Green Station Plaza),;
2016-12-30 10:57:52	e5d24d2b878255696c06e8f16742b1c9:8go1bDxxcxWjev8Sd0VX58gNTzapfpvC	Q1:川流之心(Heart of the Hub),;
2016-12-30 11:06:54	77fa71548ba24c42d3d4517611210905:tg3yNNHXoiZTX2EYebkV8GEv3zF9upHV	Q1:川流之心(Heart of the Hub),;
2016-12-30 11:08:43	250051b41ee27cddeecdfa0016b006bb:TwtHBi05ddDdblRL2yQSVbFdlJxyqJef	Q1:川流之心(Heart of the Hub),;
2016-12-30 11:25:40	09d8fde01ad90ce369711a00c49021bd:l6rikgZHoe5vN1m3w8ai7fHVCrRHilsb	Q1:川流之心(Heart of the Hub),;
2016-12-30 11:33:38	9fe2eeaceddf1bac3d1284c80cf05845:LzXkTEciwgkGYMPca30HXN4IntLcWx94	Q1:臺北行旅廣場(Taipei Travel Plaza),;
2016-12-30 11:48:37	44853bbc9fd639fc9a8409d5a7c6de9a:sTNr7wifLAAzxpfBJK8AjrBQJnNx3g8s	Q1:臺北綠驛( Taipei Green Station Plaza),;
2016-12-30 11:52:02	e52193eb9d4441032b9bf432553f96fd:HLUPTnr3Cbf2xlBAGfktzZt56uPjazJS	Q1:川流之心(Heart of the Hub),;
2016-12-30 12:03:00	cb343fbd8173444de36fed41ecf27e74:ekvuw6qJXyH1C86IAz5vITVKlQQlUGfa	Q1:臺北行旅廣場(Taipei Travel Plaza),;
2016-12-30 12:29:47	e45b5301d21a341ef0acf218ac62de9a:Z1JYImJfjwCGvrfVqh8QlRDII03RjLTo	Q1:川流之心(Heart of the Hub),;
2016-12-30 13:22:49	99e055d357d4c6f7b523680f150a2592:kkPrvcB7QORfs2WfNzVpALKAy7D7HPyO	Q1:西站廣場(West Station Plaza),;
2016-12-30 13:50:44	40c9be1370e846fe9d7b3783b793edfd:YExebPiAHqP6tYNPuzx4Gp4n1pC5wEyd	Q1:川流之心(Heart of the Hub),;
2016-12-30 14:04:44	89f935bafa3ecfb02f5eb49cd211aedd:eGqo3ZLHqUyy84qhVaoLoN3CFNyHF5In	Q1:川流之心(Heart of the Hub),;
2016-12-30 14:12:55	71e9c59c528295dc987ec0dd7b9c0aa9:aH6CXRd8qJW7KhfERVlwFnCAr29HErf7	Q1:川流之心(Heart of the Hub),;
2016-12-30 14:19:41	be0e09d6a2858aa0d3cb79a52e66eeb2:wiuRxAlIFUDFas4aukhLFDdNkGUEAOlz	Q1:川流之心(Heart of the Hub),;
2016-12-30 14:31:31	f09c1a4c04f062d3de1c2d2eed2916ff:QZLUrfsxSJynnW9tnSVcHo06yY5Wnbe9	Q1:川流之心(Heart of the Hub),;
2016-12-30 14:34:11	f37bf4fda3fadc16bcd3a98318a76f2a:z7KfMPyVnnfAIndVwsdPCcgRdcWX39gI	Q1:臺北綠驛( Taipei Green Station Plaza),;
2016-12-30 14:36:53	56647fb04d2e1666859d30f9c467398e:ORgkdW9rZVMQDnyCDO4sV12ymUlntbuE	Q1:臺北行旅廣場(Taipei Travel Plaza),;
2016-12-30 14:41:22	925c2c97a028dbeee16653ff3733332f:ASyvk4bE0U1jVACVHBq0lcz5uHVWZ9TU	Q1:臺北綠驛( Taipei Green Station Plaza),;
2016-12-30 14:47:13	e8745e52a23fb3626639f5cc75ab178a:OkuvQ2l3NwjL2qCPcEJnbZ2YFW3IyKfM	Q1:臺北綠驛( Taipei Green Station Plaza),;
2016-12-30 14:48:50	0e1795d71d2c8d537e1cce0f407ce7c8:ejim5NrYnxIGfFvdWEdFRscCJKj22os7	Q1:臺北綠驛( Taipei Green Station Plaza),;
2016-12-30 14:50:45	421f19b1a8c24e07971b7c97cd586711:ZP1Hyn8EGMXXgL18J83IIZodbw4bdwAC	Q1:好綠地 (Verdant Plaza),;
2016-12-30 14:53:40	1528e1690167dde805a2dbc2802004f3:NVhNFKny0CC3qltECP3Ze9AABZyJx6LE	Q1:川流之心(Heart of the Hub),;
2016-12-30 14:55:57	e4ced97ea2fedb836dcfd8d64babf7c8:4YQBLOFrg6HvC14ueJhvorlOafzwOkPp	Q1:六鐵通廣場(Railways Plaza),;
2016-12-30 14:56:27	76c8b9a2b963b81028720997cfedefdf:D5TSrZFuIqQAozsxZpvsuMHvDeMwrEDQ	Q1:川流之心(Heart of the Hub),;
2016-12-30 14:58:16	81bce5089150298e4d43e39ff1fe216d:5WcsmqZaWGTzZDT9WzmGJ7Qf2g6qbNQu	Q1:六鐵通廣場(Railways Plaza),;
2016-12-30 15:10:05	fa001b6602bb60d33af6adbf4c20b475:f6SMrThZl2tRjM247go5zdaeCGLof8hu	Q1:川流之心(Heart of the Hub),;
2016-12-30 15:12:35	f9b24293503ebd3e5360819c31bd29e1:vldn1F6ofSWdEKm7ur4WGt5LocYbWJyT	Q1:臺北行旅廣場(Taipei Travel Plaza),;
2016-12-30 15:17:15	d04dc134ab0009cecf90e7731c1dd724:xffkAqP9u9uwaPtcPVpg56Y9oYD63EHX	Q1:臺北綠驛( Taipei Green Station Plaza),;
2016-12-30 15:32:54	81a92ca7729ac9a15274011307db4a72:7A0tK8bGaT03iMlSykRFz5ogJatXXFu5	Q1:川流之心(Heart of the Hub),;
2016-12-30 15:54:05	cadd483673c2ebc1564fa8d0b456f573:EopZpsoDhRRXxerL2IFOxSxV5UBXBiR4	Q1:臺北行旅廣場(Taipei Travel Plaza),;
2016-12-30 15:57:46	04e50f9ba4e42c2db911f6738740ae8d:MtadyBDOrxv2bHeorGflmQoQ69NvKPkm	Q1:川流之心(Heart of the Hub),;
2016-12-30 16:07:34	88fd4753b96ec344db854264086e606a:QVLqHY372WWZjd5vEjDIRD3i6VI4CXK3	Q1:臺北行旅廣場(Taipei Travel Plaza),;
2016-12-30 16:32:12	1dc85f02c2921f64cfe81a0ba7dacdbb:Qrqe6wBfj0XTys1n8lqyL4ZvRMUZT4Tr	Q1:臺北綠驛( Taipei Green Station Plaza),;
2016-12-30 16:46:06	42b99d311c6acb13c9490e9c6db55864:WH6gvziyXu80I0ATkyDkJbGmpBI8q62A	Q1:西站廣場(West Station Plaza),;
2016-12-30 17:06:43	ede3a449ac330bf897ca6ede18811921:74tqGW90eIS3GLLzlH7SCcZPHJXuw9jx	Q1:好綠地 (Verdant Plaza),;
2016-12-30 17:46:55	4acb8092d3ec67f29623cb3ed6e50e5f:uW2UsQUwjxJLA9dZQVf5vN7Fs6fGIBjp	Q1:臺北綠驛( Taipei Green Station Plaza),;
2016-12-30 17:47:36	ffa2142022f77c1eb6b2cb5a119dcac9:cKk5RLPHdBmX4e7kRuYbSIhsK1Rasip3	Q1:川流之心(Heart of the Hub),;
2016-12-30 18:11:25	db1ed5a4f7f4ff1f134c4c3ea8210142:WXNRsvjfrWZ5lQ9nwactY0Y1lebGjj3B	Q1:臺北行旅廣場(Taipei Travel Plaza),;
2016-12-30 18:36:02	394f38f07b0d109521571785a3827ed7:1R98HtFUMBXNtJjE6vLuBEUcQMfjkm4p	Q1:西站廣場(West Station Plaza),;
2016-12-30 20:38:11	8c584e5f0b23634670625e39c088b70c:smNTI9Sre51MGTt9UUCJAS2DSzM45DXA	Q1:六鐵通廣場(Railways Plaza),;
2016-12-30 20:42:08	75d6aa032f97ad1a689ca335aededb0b:mAcQhY7gYxjnwxOwPDop11bJZxCGYTFc	Q1:臺北行旅廣場(Taipei Travel Plaza),;
2016-12-30 20:51:24	8d9243ab550af5eb13e9d72695b312dc:F2FXSQpF4myWwkzDYBG1YluYG0aULs0G	Q1:臺北行旅廣場(Taipei Travel Plaza),;
2016-12-30 20:55:06	c6e00d687031434f450f1eb18e9df052:Wl8dVwIJkkhcruD5L2av5M69gEg5Rjmx	Q1:臺北行旅廣場(Taipei Travel Plaza),;
2016-12-30 20:56:06	db4815c9f1af9f6ef09c6a3d6db49a0c:W0yELyyBYi2Ng4957TN9eWs67BGfnmJO	Q1:臺北行旅廣場(Taipei Travel Plaza),;
2016-12-30 20:57:33	4d22fc60a951ce8501f0954448b6dd77:hq8R15OvpJalLrmAyJX57JTOU0lNG8tm	Q1:臺北行旅廣場(Taipei Travel Plaza),;
2016-12-30 20:58:50	74d57b2fee88207c9af3c5c581e3e090:VRdeAfJqJhYqusa7U6uKByLSHmZckZi7	Q1:臺北行旅廣場(Taipei Travel Plaza),;
2016-12-30 21:00:02	084e47813e40f514973a901d17e812ba:Q2DKno3WVK0AT9sKtpVM2xrf5nLmZz4u	Q1:臺北行旅廣場(Taipei Travel Plaza),;
2016-12-30 21:08:47	5a338dd6a8a55c15862df821d756c8b4:f2CmDbGMKP6Obw1BP0znwmFlpHKkt7Ut	Q1:臺北行旅廣場(Taipei Travel Plaza),;
2016-12-30 21:10:29	121e8d3e4ebe0c1bea0a8cb0f0719b36:4Pm516jgR2hmHqTYxpAaBm5ZaAsaWJNR	Q1:臺北行旅廣場(Taipei Travel Plaza),;
2016-12-30 21:17:17	f953bf31473cbf45653fd0652a6e46cb:Qo3RFmHpdLp5MbFZM1Dl68mUxBLX1vF9	Q1:臺北行旅廣場(Taipei Travel Plaza),;
2016-12-30 21:17:17	d92ede3b089081e6d82ac0d88fdd8d6e:VNHTWI4cncLUC5KWlKx3OYnmqbnpjBax	Q1:臺北行旅廣場(Taipei Travel Plaza),;
2016-12-30 21:19:54	41cd52844cbd15a1d6adab6e4b5fc9a8:OgSx76fduJRtJJl9BQMJcyQD6vAszgba	Q1:臺北行旅廣場(Taipei Travel Plaza),;
2016-12-30 21:20:29	696c9882db77d9fb92b22c723cf956af:m23BupLSN9WIBqJF0BXK97dJdi4qNI8V	Q1:臺北行旅廣場(Taipei Travel Plaza),;
2016-12-30 21:20:33	4262057af388635b811f465ebbabad21:OR03NrVK9QxS72nvBbFqaSmntIvRG0A2	Q1:臺北行旅廣場(Taipei Travel Plaza),;
2016-12-30 21:22:49	01fdb04fd54b1265bc073a604fdb09e4:4f9Kz8HepF7b0yX4tXifPU1WCUKweTzm	Q1:臺北行旅廣場(Taipei Travel Plaza),;
2016-12-30 21:23:03	6bd6d0134f3d8161bc1e400684dd684c:5a5C9npJQCHzg9rvwotn50wjnFRcDgmq	Q1:臺北行旅廣場(Taipei Travel Plaza),;
2016-12-30 21:27:00	c21c66594ddd8ce2672ae5d3b6b47dcc:ZTw29bfjuA9t9A1gth59MyUfyCEtZXhq	Q1:臺北行旅廣場(Taipei Travel Plaza),;
2016-12-30 21:30:00	8125d9bb0a328fbbf7b85276da932832:wZyiD1B3YJuxoW3wyQSZoDtastCd2n5O	Q1:臺北行旅廣場(Taipei Travel Plaza),;
2016-12-30 21:30:16	36a7bf8ff10c342520f5af7d763fb56f:MRtQg0GHynrw4j5actCpsNdn2n1K6Pwm	Q1:臺北行旅廣場(Taipei Travel Plaza),;
2016-12-30 21:31:29	9bc163b1b12ddb803dea080f307693bd:eETCecdot72NogtbGunMOHxkoO2d0W1P	Q1:臺北行旅廣場(Taipei Travel Plaza),;
2016-12-30 21:31:29	101fabdaf076252b3cbb8bb745d957a8:Dlrhtpj5TQPi4aVgLuLTatuCCfA89cfJ	Q1:臺北行旅廣場(Taipei Travel Plaza),;
2016-12-30 21:33:58	05e37bbc3f9318b4884aed9b2859fe28:ZUoGZ9qMrncxggWA7R63pTAhGJ8fPTkv	Q1:臺北行旅廣場(Taipei Travel Plaza),;
2016-12-30 21:34:51	5074713f4fb67b0e90c52b555b2bf93e:lu1sWEEKIvPAR1b712oWre303LHXyQRt	Q1:臺北行旅廣場(Taipei Travel Plaza),;
2016-12-30 21:36:17	c437d86dfdb51ad2ed51851456f42e15:BdfAEVPPuH68q0wnGLv6yMv5rBA0nWrN	Q1:臺北行旅廣場(Taipei Travel Plaza),;
2016-12-30 21:38:37	bc11a46a13cdbf54846efa50beb4ea94:rXPjBpkXFLnJ1aF0LM05AKofJ2NTDynW	Q1:臺北綠驛( Taipei Green Station Plaza),;
2016-12-30 21:38:50	b8d58b3b2197fe066e4547d4ba12cd44:rDIJgw1AB5ikHkPQFX30Db0XZbLqjewz	Q1:臺北行旅廣場(Taipei Travel Plaza),;
2016-12-30 21:38:54	3b671caba63387522300162c1836c41b:XOGQ0J19NVcI6x1OUxZ9F1sJ52gJrIYm	Q1:臺北行旅廣場(Taipei Travel Plaza),;
2016-12-30 21:44:51	69bf2812435c75b8ea7d29705a404f14:dIPUJUl2ZkzhpNHVQRlmuxIPpdJOQClO	Q1:臺北行旅廣場(Taipei Travel Plaza),;
2016-12-30 21:45:00	0795433945218d2339af91a8a9bb9829:93EIvZQox3lwV9u36DR0pJI6pAKwTRlh	Q1:臺北行旅廣場(Taipei Travel Plaza),;
2016-12-30 21:45:57	b43f3f9302a3399893a8476f0a63257b:EFxie30ElmKhYNfYfpjV8rAYvKVTPvB9	Q1:臺北行旅廣場(Taipei Travel Plaza),;
2016-12-30 21:46:10	a666dd004af2b91991329870335d7bf0:3qJxntvtPWMkrDcjwIP2EmPSVJJTUftn	Q1:臺北綠驛( Taipei Green Station Plaza),;
2016-12-30 21:48:10	78bb207c51681714067f1cef1169b316:qrTcVUlaPMl6KYt1Cdza8bBrxWij6eQX	Q1:臺北行旅廣場(Taipei Travel Plaza),;
2016-12-30 21:49:26	f485960fd688695ad46fa12d538439e4:0pEOS5UzCusweWrwm36riO2zVhoJf53Q	Q1:臺北行旅廣場(Taipei Travel Plaza),;
2016-12-30 21:50:47	0b9d6fe01170445876cc94c6b33cdc6f:Sk9rIj8yi1fYmNRyYwaI1Ws0Hzob67zm	Q1:臺北行旅廣場(Taipei Travel Plaza),;
2016-12-30 21:54:10	62fc7bcdbec2e1231534e11411bcdb72:xy6u9ceXioTDUB97BbwUxKySLs3bk36d	Q1:臺北行旅廣場(Taipei Travel Plaza),;
2016-12-30 21:55:38	e8375cd9d313ae27b18bad31735ca25e:3ihjchcxZMJbv0AECpsHcZ5dr0Bo6xs7	Q1:西站廣場(West Station Plaza),;
2016-12-30 22:02:27	55e1c37c6b49fcd6c90fb53a148c220a:c6rEdWjgYoPR1oGf3OXezDISXqgvzstH	Q1:臺北行旅廣場(Taipei Travel Plaza),;
2016-12-30 22:08:15	4461fd2e680d7320c08ac6e0d5d1375c:ZPNkO9o4trWxL80fedhamyAs0YIP8azq	Q1:臺北行旅廣場(Taipei Travel Plaza),;
2016-12-30 22:08:50	8ee671e597f0f38a66a1dd683d4b0ff3:hO8nZjV2BCMPwyEz5m5ELeG6Wcqb4vA8	Q1:臺北行旅廣場(Taipei Travel Plaza),;
2016-12-30 22:19:47	095233f97be0fdc30c382955d749ae22:E2BIcs4rsDefeZAC8oVUUYGDC1jOQvZ5	Q1:臺北行旅廣場(Taipei Travel Plaza),;
2016-12-30 22:29:32	0ed5dc3c75185176493d3beec39fd851:BKw3EIltY7wnn18MXITs5TPWWYmeihhB	Q1:臺北綠驛( Taipei Green Station Plaza),;
2016-12-30 22:33:25	31d231d571ea02e4885f10ee630cc547:Xmi31sZbKSydiJ0TYS14lKpwIwYmMsLb	Q1:川流之心(Heart of the Hub),;
2016-12-30 22:35:02	b96baa85cfc4251d92b5034495b452e2:PPuSJFFoBhAqJFgZulkN0oeKRDGmnODq	Q1:臺北行旅廣場(Taipei Travel Plaza),;
2016-12-30 22:37:16	9e5b27e80bbacf516068c420d8271ee5:kR45y4C0XOunIUtFMwuUZ4Njj9MkpMdK	Q1:臺北行旅廣場(Taipei Travel Plaza),;
2016-12-30 22:41:55	43c45202091a3d7acb3986681ecb5553:ui80p1IRztbDqbtNNmELzEmarVWjm7Bb	Q1:臺北行旅廣場(Taipei Travel Plaza),;
2016-12-30 22:50:30	f17c8b5a0191f88fa6e49981c59a1a27:OBRcC0nH4dEZyDHmNreQWYjqxAZ2SUpO	Q1:臺北行旅廣場(Taipei Travel Plaza),;
2016-12-30 22:51:37	f9cfd0c2b39af6ae32e889f96cb83a82:tJCmgpBVR29FL8bW416JtBYSMFqrfLcA	Q1:好綠地 (Verdant Plaza),;
2016-12-30 22:57:53	a6903263614bfc1af833ee6430ad6ed8:yJFhrHXSsdh6Rc1xd8QmYtJZ0jrzRJxO	Q1:臺北行旅廣場(Taipei Travel Plaza),;
2016-12-30 23:01:19	7c3b0524355ee22eab7430d091ae7274:MpMouzDIOIFl4JETMHL9ZjrIoCaXFBMw	Q1:臺北行旅廣場(Taipei Travel Plaza),;
2016-12-30 23:08:40	6aabcfe195e3a7f64c4615de846ff499:zDLntlvXTNER2ttRs5pkTp64coZCR61m	Q1:臺北行旅廣場(Taipei Travel Plaza),;
2016-12-30 23:15:03	17695389ced1b4bb46fe21f4ae05ad6a:KIyy40s03DtZi7QCkm9JMzCQkRQFiFZV	Q1:臺北行旅廣場(Taipei Travel Plaza),;
2016-12-30 23:34:23	0acbf37d1a2301a0506447bd17c2aaff:cqs9mB5UMZuzDjUUm7SLB4QmdFJX6mAx	Q1:臺北行旅廣場(Taipei Travel Plaza),;
2016-12-30 23:38:44	eb5f944d428fe593452a1417a0bd0114:xVMqVSlkqg8yApNecuqTTjdOMykEj06A	Q1:臺北行旅廣場(Taipei Travel Plaza),;
2016-12-30 23:39:43	06c525e21484f224bb8d67b744a3539f:1trktYRLATMNDgKrBH4fat7fbAaU5OsV	Q1:臺北行旅廣場(Taipei Travel Plaza),;
2016-12-30 23:40:40	7b2bda4eb0cc5e5d97fe5644dd784c52:uAGq9d2umarkeGuWiXijuZfiZK9Ok1wU	Q1:臺北行旅廣場(Taipei Travel Plaza),;
2016-12-30 23:49:03	6abe81f8f9ad3b945bdfe441ed00afae:v72bY5KxeLrWJ0r238bq2gh4hzalvzmb	Q1:臺北行旅廣場(Taipei Travel Plaza),;
2016-12-30 23:56:46	40b668936875e4bbed7507d0ff87499a:xZCyOkFgQl0jfnm0NNOq8vSH5DG8OYKb	Q1:臺北行旅廣場(Taipei Travel Plaza),;
2016-12-30 23:58:34	aa98cb0a580b7535bbbe41210cf60934:4c79a18clChbVXjSqpIMVx6OnQGVwsfD	Q1:臺北行旅廣場(Taipei Travel Plaza),;
