2016-07-31 00:24:28	95aa9ddf70e3a59563d7c3d8f3e8048f:RmcSEujuiabvxnPd0IiKmyRHJivqxRZ5	Q1:方案1,方案3,方案5,方案6,方案9,方案10,方案13,方案14,方案16,方案18,方案19,方案20,方案22,方案23,方案24,方案26,;
2016-07-31 00:25:40	c8e0d781f6ead5965cb9849218efb7d6:ItOtmwoldAvozGjOj5ngb0KU04bihW3N	Q1:方案2,方案3,方案4,方案5,方案6,方案7,方案10,方案12,方案13,方案14,方案16,方案17,方案18,方案23,方案24,方案26,;
2016-07-31 00:53:36	00e9251d365c62677b9cee5c7623418b:RY0OLEsbPcP7g9oE41mGGtaUPcwyozDc	Q1:方案1,方案2,方案4,方案5,方案6,方案7,方案9,方案10,方案11,方案12,方案13,方案14,方案17,方案20,方案22,方案24,;
2016-07-31 01:06:58	bf8dfbaf3d59bdf40ecb2e40b35c8bae:rjk5oNafkfLPuWNGWnQYOC9djJBQY2Al	Q1:方案3,方案4,方案5,方案6,方案7,方案9,方案11,方案12,方案13,方案16,方案17,方案20,方案21,方案23,方案24,方案26,;
2016-07-31 06:22:04	8bc68c98fef78498f4bd867a5e263c4a:c5HWn6zWeI600WOt0poafy7DSgy5mm7G	Q1:方案1,方案3,方案4,方案5,方案6,方案7,方案8,方案9,方案14,方案17,方案19,方案20,方案21,方案22,方案23,方案24,;
2016-07-31 09:47:18	44493c64dddd5da3baa526cface1b15d:7QcFNpr9RcgE2WJQ4LNEBneNjuGspMPC	Q1:方案2,方案3,方案4,方案5,方案6,方案7,方案8,方案9,方案11,方案12,方案13,方案15,方案17,方案18,方案19,方案20,;
2016-07-31 10:16:18	ec20f57e330695aa3b641979699d2140:gPv2OhGMpOxOQXZLHQBX0gskJFXOkceM	Q1:方案4,方案5,方案7,方案8,方案9,方案10,方案11,方案12,方案14,方案15,方案16,方案17,方案18,方案22,方案24,方案26,;
2016-07-31 10:31:47	bda47b8802189f498b1724a4615a5681:grPfE3dOpU7P2BFS2r82Dq6tTulVbeE2	Q1:方案1,方案2,方案4,方案5,方案7,方案9,方案11,方案14,方案15,方案16,方案17,方案18,方案21,方案23,方案24,方案25,;
2016-07-31 10:34:57	6f36d7afd264a78cc1401e3ca4db46f0:id28RMNU9Gmx5Zl98DYM2KQ8AFTiPqD8	Q1:方案2,方案3,方案5,方案6,方案7,方案8,方案9,方案11,方案12,方案13,方案16,方案17,方案18,方案22,方案23,方案26,;
2016-07-31 11:23:40	d0050520b2b9df7c2352554532295c91:x3wlTs1NT7YMI3k46BUGfYbC88PZdhhr	Q1:方案1,方案2,方案4,方案5,方案6,方案9,方案12,方案13,方案14,方案15,方案17,方案19,方案20,方案22,方案23,方案24,;
2016-07-31 14:32:36	5a7c85177f106f1e52369239bb1bee3f:JtvBwrGExemLdPiMBMIXO2LAuUUiAUjW	Q1:方案1,方案3,方案4,方案5,方案6,方案7,方案10,方案11,方案12,方案13,方案14,方案16,方案17,方案19,方案22,方案26,;
2016-07-31 15:18:00	881c146abd75802cbf904a3289d793ea:Lc00FHjdR1W67s88clZFjb1pKh1orhrX	Q1:方案1,方案2,方案3,方案4,方案5,方案6,方案7,方案8,方案9,方案10,方案11,方案13,方案14,方案18,方案19,方案24,;
2016-07-31 15:56:03	3109455dd373d81bdaf939612dca0666:wXAXYYqPWcsi3jivg5n3h1LaIFyWi78K	Q1:方案5,方案6,方案7,方案8,方案9,方案10,方案11,方案12,方案14,方案15,方案16,方案20,方案21,方案22,方案23,方案26,;
2016-07-31 17:02:34	e6117557c98047f88e8441eaeef6e1e0:GOxH3Fn1JIktSboCMVdWEtY4I6aaWiiM	Q1:方案2,方案3,方案4,方案5,方案7,方案8,方案9,方案11,方案13,方案14,方案16,方案19,方案20,方案21,方案23,方案26,;
2016-07-31 17:59:29	3f16c70a8b119527dc4f02c231828318:2DRMQNr5p1zp0EYskSrunswvrNMP3lhC	Q1:方案1,方案2,方案4,方案5,方案6,方案8,方案9,方案10,方案14,方案16,方案17,方案22,方案23,方案24,方案25,方案26,;
2016-07-31 18:31:57	ea82dbae1a0e0e64626628323ef8741f:0xO2b2NDwbd0FEGRWXEncyTWFxB7aRsf	Q1:方案1,方案4,方案5,方案6,方案7,方案8,方案9,方案11,方案12,方案15,方案17,方案18,方案21,方案22,方案23,方案24,;
2016-07-31 19:14:59	e02aea5a956273f4dc80864c77cca6ba:gUSfSezIJDeyqo9o4RGOLKLlEDb0szcy	Q1:方案2,方案4,方案5,方案6,方案9,方案11,方案12,方案13,方案15,方案16,方案17,方案20,方案21,方案23,方案24,方案26,;
2016-07-31 19:17:37	971df454a87979a470d4d30bb478afaf:3W1cliI0NH78H0joiHu1B6YBGqgwyoim	Q1:方案1,方案2,方案4,方案5,方案6,方案7,方案8,方案9,方案10,方案11,方案12,方案13,方案15,方案16,方案21,方案26,;
2016-07-31 19:24:22	10071724e30d7efe122d5153faefa41e:5Nlz3QZN2lV8teLsxuVc9amKtbx0nRgI	Q1:方案2,方案4,方案5,方案6,方案7,方案8,方案9,方案11,方案12,方案13,方案15,方案16,方案17,方案20,方案21,方案23,;
2016-07-31 19:27:34	648d639c176fa2111b4f50733158d714:A6v4a18AiSJ6nExIwLRwnEmqHK0CJnO3	Q1:方案1,方案2,方案3,方案4,方案5,方案6,方案7,方案8,方案11,方案13,方案14,方案16,方案19,方案21,方案23,方案26,;
2016-07-31 19:35:23	fed9401d84d340a5cf326076984d2cf4:80vDGaKWmqvB29lbKPzXuez7zqs27JOo	Q1:方案1,方案2,方案4,方案5,方案6,方案7,方案8,方案9,方案10,方案11,方案12,方案13,方案15,方案16,方案24,方案26,;
2016-07-31 20:21:36	024adf66a389a9d486f3b8b9b82ffc46:5zVoVef3fn3puTePCiQMBA5BQZzKoyWH	Q1:方案2,方案3,方案4,方案5,方案6,方案7,方案9,方案10,方案11,方案12,方案14,方案17,方案19,方案21,方案23,方案24,;
2016-07-31 20:22:01	012a55b59205c6dfa0e28a47c0c88a4e:26r3FjX83xTSFPsdWQfrYhMK7983CrKL	Q1:方案1,方案2,方案4,方案5,方案6,方案7,方案8,方案9,方案10,方案11,方案12,方案17,方案20,方案21,方案23,方案25,;
2016-07-31 20:31:50	998c3af41ad54a9f72cb47dcef1f1d8e:5Q3JEqWVNjijMLsRLohSEG8npY2hFy1H	Q1:方案1,方案2,方案4,方案5,方案7,方案8,方案9,方案10,方案11,方案12,方案15,方案17,方案20,方案21,方案23,方案25,;
2016-07-31 20:38:38	bb48fcf1cea469004734a187fa7bbb7d:0U6urLgixvkc4gQHqGxeC65fmVU8QWRj	Q1:方案1,方案2,方案4,方案5,方案6,方案7,方案8,方案9,方案10,方案11,方案12,方案16,方案17,方案18,方案20,方案21,;
2016-07-31 21:12:18	7dd5446f32533a012065eeaf8d641fa2:VTNJaX45ZUrUStY1L405A27SqrAdMWrS	Q1:方案3,方案4,方案5,方案6,方案7,方案8,方案10,方案12,方案14,方案16,方案17,方案21,方案22,方案23,方案24,方案25,;
2016-07-31 21:36:52	60ada5bf154ec93047a621e21940f7cf:D2jM5sR0TZ37aQ9dyyBuCpgFGJubt3p4	Q1:方案1,方案3,方案4,方案5,方案6,方案7,方案8,方案9,方案16,方案17,方案21,方案22,方案23,方案24,方案25,方案26,;
2016-07-31 21:43:00	f62472b937ca677b4c10ba906998a864:nUmDHEz5WLrfpIcBMEpYmW63U6uwkBXE	Q1:方案4,方案5,方案7,方案8,方案9,方案10,方案11,方案12,方案13,方案14,方案17,方案21,方案22,方案23,方案24,方案25,;
2016-07-31 22:14:15	12e2c2ea798fadfeba26e84e33a0797d:uPhlnrbVQKgfhCyS0gmzWsGdSFfhJdga	Q1:方案1,方案2,方案3,方案5,方案6,方案7,方案8,方案11,方案12,方案14,方案16,方案17,方案20,方案21,方案23,方案26,;
2016-07-31 22:25:13	26bb57d4745758c7e3489c8c2cd6bf24:Ra9MPErzG71AdWj2o7Gq6getgXR7NeHi	Q1:方案1,方案3,方案4,方案5,方案7,方案8,方案9,方案11,方案12,方案14,方案15,方案16,方案21,方案22,方案24,方案26,;
2016-07-31 22:27:02	1733429bc2d2e0512915d0590cbed3f9:AkKKvHdub0HvZU0DLi6AayEDJUtZuDMG	Q1:方案1,方案2,方案4,方案5,方案6,方案7,方案8,方案9,方案11,方案12,方案15,方案16,方案17,方案20,方案21,方案22,;
2016-07-31 23:02:26	22577013b7c447789a8c9db8d097607b:Q55Gt3Xi6EHFihs6RWXYKpu6QelXoY6e	Q1:方案1,方案3,方案6,方案7,方案8,方案11,方案12,方案14,方案16,方案18,方案20,方案21,方案23,方案24,方案25,方案26,;
2016-07-31 23:32:13	574137d3e35ae7ebb459815950f3035f:7e4lXFMd1OkWTURsGT1BOpiVFrvUkSWv	Q1:方案1,方案2,方案3,方案4,方案5,方案6,方案8,方案9,方案10,方案11,方案13,方案14,方案15,方案16,方案17,方案22,;
2016-07-31 23:35:28	408fa8c19ce7421bd146f278de71b486:UhTMb7myYKDhPoLH1o1Th6dHuxtagzye	Q1:方案2,方案4,方案5,方案6,方案7,方案9,方案10,方案11,方案12,方案13,方案14,方案17,方案19,方案20,方案23,方案24,;
2016-07-31 23:42:48	6d965e169162579f96c22bdc335b3476:y4hjpeO6dmSazR58m98tkpWJAZrUxM3D	Q1:方案1,方案2,方案3,方案4,方案5,方案6,方案7,方案9,方案10,方案11,方案12,方案17,方案21,方案22,方案24,方案26,;
