2016-08-02 01:16:18	91a3aa9611188cf27bc356d45e288e44:60S0dz72SerDlR1VhTh6EBQqln7eCywV	Q1:方案1,方案2,方案4,方案6,方案8,方案10,方案11,方案13,方案15,方案16,方案18,方案21,方案22,方案23,方案24,方案26,;
2016-08-02 02:39:35	a9ecbe59532bf1e7fb8f20123a42fc48:fxLqrVG0vGnWJU8J4dOf97q8BsZ9MkMd	Q1:方案1,方案2,方案3,方案8,方案10,方案11,方案15,方案16,方案17,方案18,方案19,方案20,方案21,方案24,方案25,方案26,;
2016-08-02 03:22:30	dd7a531e60b89bfee7371bceb514b1ce:ZKoUbisyNf0MJObyHSY3Gd61OtoGGKSb	Q1:方案2,方案4,方案5,方案6,方案7,方案9,方案10,方案11,方案12,方案14,方案15,方案16,方案19,方案20,方案22,方案23,;
2016-08-02 07:03:09	660eabad31b7e71a56e797c3c47f626e:SGOtXuVVzgFqR5UPh2ZRni8d6GWb94wE	Q1:方案4,方案5,方案6,方案7,方案9,方案10,方案11,方案12,方案14,方案16,方案17,方案19,方案20,方案21,方案23,方案24,;
2016-08-02 07:05:53	f074ba486874d1dc433edd9665cf6bf7:eNmTIqtAprw46RT12KOHzSuSGms9Uvsh	Q1:方案4,方案5,方案6,方案7,方案9,方案10,方案11,方案12,方案14,方案16,方案17,方案19,方案20,方案21,方案23,方案24,;
2016-08-02 07:09:02	ac706ced170ae0b81033c56998d27056:pxoXo6KXwegvHoDrY1IP8VH0BiHlezFs	Q1:方案4,方案5,方案6,方案7,方案9,方案10,方案11,方案12,方案16,方案17,方案19,方案20,方案21,方案23,方案24,方案26,;
2016-08-02 07:14:18	bca804aa07cc4618c3c31fe6dad34fd7:qveoK0p6oajuX5Z155p2QTt7NnXtJEsQ	Q1:方案4,方案5,方案6,方案7,方案9,方案10,方案11,方案12,方案16,方案17,方案18,方案19,方案20,方案21,方案23,方案24,;
2016-08-02 08:58:01	7a06e124bb377f550adc375438e33f82:L61IIOJqNN2mBL3PzbP9b7b4M9umnpGz	Q1:方案3,方案4,方案5,方案6,方案7,方案9,方案10,方案13,方案15,方案16,方案17,方案18,方案19,方案20,方案21,方案23,;
2016-08-02 09:56:57	2925641e58649eae89d260c6d6a834e0:FbXZN26eLLkP1gDyOYuebKQuP9ALXfYu	Q1:方案1,方案2,方案4,方案5,方案9,方案11,方案12,方案14,方案15,方案16,方案17,方案20,方案21,方案24,方案25,方案26,;
2016-08-02 10:52:37	6f374360d34780ec388fd96a30929c06:jQcXldXTdeWDG5cHBKsUlQTPkqIBLN1j	Q1:方案1,方案2,方案4,方案5,方案6,方案7,方案9,方案10,方案12,方案14,方案15,方案16,方案18,方案23,方案24,方案26,;
2016-08-02 10:57:34	60135a7679a5781379a4bd939fae6452:hhHD8Fg7BcxQB9LuzsBDcly4DjamXzTh	Q1:方案1,方案2,方案3,方案4,方案5,方案6,方案7,方案8,方案9,方案10,方案11,方案12,方案13,方案14,方案15,方案16,;
2016-08-02 11:31:58	be9dee70ed5fb194d66732f8f4a3961b:bbahntI1yZrR78FtBpFU7jFySpBFS8EV	Q1:方案2,方案3,方案4,方案5,方案6,方案7,方案8,方案9,方案11,方案12,方案15,方案16,方案17,方案21,方案23,方案24,;
2016-08-02 12:41:56	bbc3fd6459959076c36187ce6b259716:HEf8HuEbAffVyJqeREJRy7gSX3JtZLgH	Q1:方案1,方案2,方案4,方案6,方案7,方案9,方案10,方案11,方案13,方案14,方案16,方案20,方案22,方案23,方案25,方案26,;
2016-08-02 13:08:45	264e87cbeae6cba67be1484bff28276b:gROml0otkq3NBd7IutNJLwuTzhnvDEGK	Q1:方案1,方案2,方案3,方案5,方案6,方案7,方案9,方案11,方案12,方案13,方案16,方案17,方案18,方案21,方案24,方案25,;
2016-08-02 13:10:16	fe8bad07f7acceb2137ae2feae59fed3:SzQchIU9QSBL16n5wPuPVfhJY98dfTtD	Q1:方案1,方案3,方案6,方案8,方案9,方案10,方案11,方案13,方案14,方案16,方案17,方案20,方案21,方案24,方案25,方案26,;
2016-08-02 14:00:26	85129662f458beda85721c0de4a27e62:0wx57xudavbKMboVnR5AFLXFlNeeHZ7l	Q1:方案2,方案4,方案5,方案8,方案9,方案10,方案11,方案12,方案13,方案15,方案16,方案17,方案19,方案20,方案21,方案24,;
2016-08-02 14:01:47	6a7dc9786bbc52abcbcdbbf7e72a6431:Cw4cZhFs1f2WYcmD42LX2SDgcgdSP7go	Q1:方案1,方案4,方案5,方案6,方案8,方案10,方案11,方案12,方案13,方案16,方案17,方案19,方案20,方案21,方案23,方案26,;
2016-08-02 14:11:17	1acdfd384c135011cb371873f4cca8d5:oRxBMa97QpjjgNZydhyH3lqPV6BGOZvC	Q1:方案1,方案3,方案4,方案6,方案7,方案8,方案9,方案10,方案11,方案12,方案14,方案15,方案16,方案20,方案21,方案26,;
2016-08-02 14:11:25	20e36f361923c33f108861867327020b:L4lsfL5NkqYUrdakxCpP4wRr66AB9Zc0	Q1:方案1,方案3,方案8,方案10,方案13,方案14,方案15,方案17,方案18,方案19,方案20,方案22,方案23,方案24,方案25,方案26,;
2016-08-02 14:15:44	b7926dd580e0d73c6cc6e1ee56682e6d:VliQVLnRK94k8ZddsagEwkbGFJKOhYIw	Q1:方案1,方案2,方案3,方案8,方案10,方案13,方案14,方案17,方案18,方案19,方案20,方案22,方案23,方案24,方案25,方案26,;
2016-08-02 14:19:15	1fc2a9caf61961c31d3c5190a36a3155:mUR8fxrOqqr8bPTc2zoZlOIrQiiaxmDJ	Q1:方案1,方案2,方案3,方案8,方案10,方案13,方案14,方案15,方案16,方案17,方案18,方案19,方案20,方案22,方案23,方案26,;
2016-08-02 14:22:27	d15d21385fcff2b20c812258a5ff52d3:nINogux9AuWwA2odUOwJw4sseVSfDFIw	Q1:方案1,方案3,方案8,方案10,方案13,方案14,方案15,方案16,方案17,方案18,方案19,方案20,方案22,方案24,方案25,方案26,;
2016-08-02 14:27:46	c7a39985f3919a346264accbe8e191af:sjqFnsRyqVpGbN8q0pZuilCAQR15SfK4	Q1:方案1,方案3,方案10,方案13,方案14,方案15,方案17,方案18,方案19,方案20,方案21,方案22,方案23,方案24,方案25,方案26,;
2016-08-02 14:34:11	ce5f43d8acda92bd6c2f6a6bf58190a1:j5k8pNPmzpl5gj7ZzYwPhPtxXahM0cAb	Q1:方案1,方案3,方案4,方案5,方案7,方案8,方案9,方案12,方案13,方案17,方案19,方案20,方案21,方案22,方案23,方案24,;
2016-08-02 14:35:37	222f3bfd800dc1b210bd5a69b681c4fc:bvKDhtYJdBNuf5myzGxu1eOPxz1Zek4q	Q1:方案1,方案3,方案10,方案13,方案14,方案15,方案17,方案18,方案19,方案20,方案21,方案22,方案23,方案24,方案25,方案26,;
2016-08-02 14:39:23	cb5d6c10285e7a9d8278fb2f1af20ae5:cv8MDyqztlc6SDp5qWpnVBr9dgVLuRQZ	Q1:方案1,方案10,方案13,方案14,方案15,方案16,方案17,方案18,方案19,方案20,方案21,方案22,方案23,方案24,方案25,方案26,;
2016-08-02 14:48:18	ae08b6c9a6c51c6a4e48df05372e8db6:qMMnRXNwo9CZdzFJ7eDSOLXeEC8MYQic	Q1:方案1,方案3,方案10,方案13,方案14,方案15,方案17,方案18,方案19,方案20,方案21,方案22,方案23,方案24,方案25,方案26,;
2016-08-02 14:53:37	0c11e415cb851a31da9305738959f659:H1HlYfB6DM0QzTlyNYKrqlY44tpuAKTU	Q1:方案1,方案3,方案10,方案13,方案14,方案15,方案17,方案18,方案19,方案20,方案21,方案22,方案23,方案24,方案25,方案26,;
2016-08-02 14:55:10	9e1d860668bde681a7c3f7f5b3ab9581:r036JsRo9y1uS7D3jOYX8ozy6duJZzKM	Q1:方案1,方案4,方案7,方案8,方案14,方案15,方案16,方案17,方案18,方案20,方案21,方案22,方案23,方案24,方案25,方案26,;
2016-08-02 14:58:41	5b8b810da81e07f31f76e55d569f9ef6:D4GSvAF4Tj1yFu2wHmYXIhD4Rwjq5Ugw	Q1:方案1,方案3,方案10,方案13,方案14,方案15,方案17,方案18,方案19,方案20,方案21,方案22,方案23,方案24,方案25,方案26,;
2016-08-02 15:01:33	28901a30870475a33182cf0439829554:yIrx76lbwgXrbGFh33rczXoDjLuoZqoD	Q1:方案7,方案8,方案10,方案11,方案12,方案13,方案15,方案16,方案17,方案18,方案19,方案20,方案22,方案24,方案25,方案26,;
2016-08-02 15:01:45	20a34e4293fc9f153f419e998e2de333:TbcThVcpiV4yU5egWqKuyPthcQ3qH1L9	Q1:方案1,方案3,方案10,方案13,方案14,方案15,方案17,方案18,方案19,方案20,方案21,方案22,方案23,方案24,方案25,方案26,;
2016-08-02 15:04:25	775b562131a5abd62a1bdc9593ac7aac:CvNcgNFQY2xyb66L2EUUXs7wocyGJ6w9	Q1:方案1,方案3,方案10,方案13,方案14,方案15,方案17,方案18,方案19,方案20,方案21,方案22,方案23,方案24,方案25,方案26,;
2016-08-02 15:06:44	5f8beaa3d728f7c11ab81f9d45812529:wqDaivCvWiGRvqwVjn5bM7uB02CbrGvq	Q1:方案1,方案3,方案10,方案13,方案14,方案15,方案17,方案18,方案19,方案20,方案21,方案22,方案23,方案24,方案25,方案26,;
2016-08-02 15:08:35	51663cc03b1a7909a65a267f3f6c9691:cohscNM5GDIzepYWFF87EjBorEC9CPnf	Q1:方案1,方案4,方案5,方案6,方案7,方案9,方案10,方案11,方案13,方案15,方案19,方案20,方案22,方案24,方案25,方案26,;
2016-08-02 15:09:29	54a60b8b51aa12434d82b639d79fc377:J8AiEeyQxIeDSyhyyg8niFrQRVenyrCt	Q1:方案1,方案3,方案10,方案13,方案14,方案15,方案17,方案18,方案19,方案20,方案21,方案22,方案23,方案24,方案25,方案26,;
2016-08-02 15:14:52	02af7f9b80590bc0a0e4bf09bf343e8f:RDOSknS8cq36VqLgv0y3DYaKeR8isf8C	Q1:方案1,方案3,方案10,方案13,方案14,方案15,方案17,方案18,方案19,方案20,方案21,方案22,方案23,方案24,方案25,方案26,;
2016-08-02 15:19:28	7aeb061e8c5b9192c9cb022e608ce96c:7hnhucZFbqMf943OrSiVSIVRThxMINQw	Q1:方案2,方案3,方案4,方案5,方案6,方案7,方案11,方案13,方案16,方案17,方案19,方案21,方案23,方案24,方案25,方案26,;
2016-08-02 15:24:21	4625aba14b7587a1bb31ab0782d7a938:5GRDdPtxyliQndmpuNu555DRMiI4cs3d	Q1:方案1,方案2,方案4,方案5,方案7,方案8,方案9,方案10,方案11,方案12,方案13,方案15,方案17,方案24,方案25,方案26,;
2016-08-02 15:29:59	fb3c234dc1c45aff275433d9775222ea:DqBjYxE9GVcEbQzgIubLUt7KtvuSJIjn	Q1:方案1,方案3,方案10,方案13,方案14,方案15,方案17,方案18,方案19,方案20,方案21,方案22,方案23,方案24,方案25,方案26,;
2016-08-02 15:32:33	173ec764d165af5f7e68caeefb7b6f4b:MWjCVwmnp8btGm5ne6bbEuogZh7A51Uj	Q1:方案1,方案3,方案10,方案13,方案14,方案15,方案17,方案18,方案19,方案20,方案21,方案22,方案23,方案24,方案25,方案26,;
2016-08-02 15:35:04	054a6fbd2bd049f70fe59638cb5f814d:Du5Q7v9Pe5mwyubatmB29HIwzH3b2Qqg	Q1:方案1,方案3,方案10,方案13,方案14,方案15,方案17,方案18,方案19,方案20,方案21,方案22,方案23,方案24,方案25,方案26,;
2016-08-02 15:35:56	52ce6c5a03879ab516c1bc8120c07235:JYByHtMXFrZE3kBI7EAAcb1GKHBmkhGW	Q1:方案2,方案3,方案5,方案6,方案7,方案8,方案11,方案13,方案14,方案16,方案20,方案21,方案22,方案23,方案24,方案25,;
2016-08-02 15:36:32	cccff5d4ef3d756595eb8f426583e62b:UfSxOZV4TkiZbZFWg5B861d6uWrxJcLo	Q1:方案1,方案4,方案6,方案8,方案9,方案10,方案11,方案12,方案16,方案17,方案18,方案21,方案23,方案24,方案25,方案26,;
2016-08-02 15:41:21	cd6b1fd8f141ce943e753388e10cb9f9:BVRIZz00CK9cmw99qtGDsQ2mKL4HLroj	Q1:方案2,方案3,方案4,方案5,方案7,方案8,方案9,方案11,方案12,方案13,方案14,方案17,方案20,方案23,方案24,方案25,;
2016-08-02 15:41:38	7be0fcaf09bed0a5fc6728267b514ead:yTfgUXlJZ8nGxc01anhXv7YpH4AvJ8nN	Q1:方案1,方案2,方案3,方案5,方案7,方案9,方案10,方案11,方案12,方案13,方案14,方案16,方案17,方案24,方案25,方案26,;
2016-08-02 15:47:29	4d539f166fc0f94ed57304f3a77b4a91:l71Emk7MX6bnFiuIYSp5uUj5cH25pMmm	Q1:方案3,方案4,方案6,方案7,方案9,方案12,方案13,方案14,方案15,方案16,方案18,方案19,方案21,方案24,方案25,方案26,;
2016-08-02 16:00:44	7343572bb83c1c063314e542cf116cab:hoCqZ2rctgGgpUOU1q9ZshN2w4NzvrPP	Q1:方案2,方案7,方案8,方案9,方案11,方案12,方案13,方案14,方案16,方案17,方案18,方案20,方案21,方案23,方案24,方案25,;
2016-08-02 16:15:56	acdde4250cc514bc9c3836cced70f830:DTQgkt8O29Qw293MWBvVzOZ0vCLbPZKb	Q1:方案4,方案5,方案7,方案8,方案9,方案10,方案11,方案12,方案13,方案14,方案16,方案19,方案20,方案21,方案22,方案23,;
2016-08-02 16:16:31	5c05fe06dd86b0c79e1f30f22f035a5b:f1iuYl3VtLVwJJw7l7AyigAxjiV7ewwv	Q1:方案3,方案4,方案5,方案6,方案7,方案9,方案11,方案12,方案13,方案14,方案16,方案17,方案18,方案21,方案24,方案25,;
2016-08-02 16:46:29	722fc0cba21cda2a91f6cc987c974b0a:peCFez4X0279YpKJHv6hT7p3rd8W7V6F	Q1:方案2,方案3,方案5,方案7,方案8,方案9,方案12,方案13,方案14,方案15,方案16,方案21,方案23,方案24,方案25,方案26,;
2016-08-02 17:14:02	d14bc3703bbcf4e61b27b1f883b5843c:Ye3OqSXk623KbmfxDSL5QU15ATJeIm7v	Q1:方案3,方案4,方案7,方案8,方案9,方案11,方案12,方案14,方案16,方案17,方案18,方案19,方案21,方案23,方案24,方案26,;
2016-08-02 17:21:36	80add2e09cfa11e93ad5092e8a21c105:xzERnvSuYenxe6EsPPShCB72huHS9OFK	Q1:方案3,方案5,方案6,方案8,方案15,方案16,方案17,方案18,方案19,方案20,方案21,方案22,方案23,方案24,方案25,方案26,;
2016-08-02 17:21:49	e9264381e5b2fa3069c04e02e867ab83:tXSRKLZ6VGYVJInyE7WXtZ0hz292sx7x	Q1:方案2,方案3,方案5,方案6,方案7,方案8,方案12,方案16,方案17,方案18,方案20,方案21,方案23,方案24,方案25,方案26,;
2016-08-02 17:26:40	81c56bcbc8280e3591e49ad87049e9fb:7jS3qdBz4Lk6pAUGjwkQa0aSKHxigl1M	Q1:方案10,方案11,方案12,方案13,方案14,方案15,方案16,方案17,方案18,方案19,方案20,方案22,方案23,方案24,方案25,方案26,;
2016-08-02 17:28:31	bdafa50dd93fb497cb2909c5cbcd27a5:kKoSzNyxpp53mz8o5f4cW53hrA8n7XM3	Q1:方案3,方案6,方案7,方案8,方案10,方案11,方案13,方案16,方案17,方案19,方案20,方案22,方案23,方案24,方案25,方案26,;
2016-08-02 17:30:27	4df62537f7db4c587032513046aaf6b6:GoXyO4Im2oFZBteYf79Uf404BR3Ezica	Q1:方案2,方案6,方案7,方案8,方案9,方案10,方案11,方案12,方案13,方案15,方案16,方案17,方案19,方案22,方案24,方案25,;
2016-08-02 17:40:32	b31fb79206b7971298aa6b8d818fd853:OVOe4yMKI1YgzDE3DiMJWIY3KN0aaiax	Q1:方案1,方案2,方案3,方案5,方案7,方案8,方案9,方案11,方案12,方案14,方案16,方案19,方案20,方案21,方案25,方案26,;
2016-08-02 17:42:58	1ed37f1010c0d047ca13242e8fa63047:48Y31rpppTqAusvSCt4Q5gUTY1S0mHxz	Q1:方案2,方案4,方案5,方案6,方案7,方案8,方案9,方案11,方案12,方案13,方案15,方案16,方案17,方案19,方案21,方案25,;
2016-08-02 17:49:41	240bda1d74f4f01fc1c529fb50a9cbf6:ies0RfWaddMzmPE300t5BS53BqSG4jGt	Q1:方案2,方案4,方案5,方案6,方案7,方案8,方案9,方案11,方案12,方案13,方案15,方案16,方案17,方案19,方案21,方案25,;
2016-08-02 17:52:16	ef0157df0c8f1a0ee5d6c7c2afed0ca2:bhUYGOIEHKCFlABgSVk8p1dwytYXE2fI	Q1:方案2,方案4,方案5,方案6,方案7,方案8,方案9,方案11,方案12,方案13,方案15,方案16,方案17,方案19,方案21,方案22,;
2016-08-02 17:54:45	698cf04157fe3f3730172bcca52248b5:xxkBHXOU5T913zKMIHcC0bhjPCNEnLv6	Q1:方案2,方案4,方案5,方案6,方案7,方案8,方案9,方案11,方案12,方案15,方案16,方案17,方案19,方案21,方案22,方案25,;
2016-08-02 17:56:50	268849a69d9a58d2d316eb9319bec9cb:BvwFQMtEbfX6iAHHKwuXB4PppF7KXefJ	Q1:方案2,方案4,方案5,方案6,方案7,方案8,方案9,方案11,方案12,方案15,方案16,方案17,方案19,方案21,方案22,方案25,;
2016-08-02 17:59:42	0c8ffff3a08f96fab30f7759729b7d9f:q6rJou4by70orwGnDVNhrNRmnVk36yxO	Q1:方案2,方案4,方案5,方案6,方案7,方案8,方案9,方案11,方案12,方案15,方案16,方案17,方案19,方案21,方案22,方案25,;
2016-08-02 18:01:00	0735da9825386f28bc4b24185453b0f7:wFiXsxrghihBKUV0rLkPRHtisPYZzmJ3	Q1:方案2,方案4,方案5,方案6,方案7,方案8,方案9,方案11,方案12,方案15,方案16,方案17,方案19,方案21,方案22,方案25,;
2016-08-02 18:09:25	0e3d6e15d1166d2f9bbbc5e6618a4389:DYWlXpD4TamSSzMLwgXxzntgIGvXHzkj	Q1:方案1,方案3,方案10,方案13,方案14,方案15,方案17,方案18,方案19,方案20,方案21,方案22,方案23,方案24,方案25,方案26,;
2016-08-02 18:15:45	51b8ff7f2a739d718cb4f86ef5dcc8b8:PM6PMQPKQmVFZkyWALI7W4cKBmluzr7s	Q1:方案1,方案3,方案10,方案13,方案14,方案15,方案17,方案18,方案19,方案20,方案21,方案22,方案23,方案24,方案25,方案26,;
2016-08-02 19:05:49	f12e6a71a8dcbe473732cc06caa81184:AG16nsFq9GyTMsn5lAtt5YcjlmIaD9fF	Q1:方案1,方案3,方案4,方案5,方案6,方案7,方案9,方案10,方案12,方案14,方案15,方案17,方案18,方案20,方案24,方案25,;
2016-08-02 19:18:22	b49994462f3a9d1704b3ff03e5d50038:qSXaBzZI5nOAfJtnpipyYTWXVhvOQecg	Q1:方案1,方案2,方案3,方案4,方案5,方案6,方案8,方案10,方案11,方案14,方案15,方案20,方案21,方案22,方案25,方案26,;
2016-08-02 19:31:31	813d522e0f1d72fb425a3fc5c76531c2:2qPxKeng2kzchBvbhoC5cnZ27i7DPcjj	Q1:方案1,方案3,方案4,方案5,方案8,方案9,方案10,方案11,方案12,方案14,方案15,方案16,方案17,方案18,方案22,方案26,;
2016-08-02 19:35:34	0a584cea58e36aa164c3e51c2979ed88:ehP7E8Dl3LF7UnR2388J7Ic6gRkE0oMU	Q1:方案1,方案3,方案5,方案7,方案8,方案10,方案11,方案12,方案14,方案16,方案18,方案19,方案21,方案23,方案24,方案26,;
2016-08-02 19:37:34	9e39d3a294c96a9f61bc9f07b93a4d48:0qooJ07jP59BiOAG9sA1TBR9bfbVhSdg	Q1:方案1,方案3,方案5,方案7,方案8,方案10,方案11,方案12,方案14,方案16,方案18,方案19,方案21,方案23,方案24,方案26,;
2016-08-02 19:40:04	7409bc3d389b03b11e26af784c5056c1:nxdkNMPxpid2Y9XuIoUQbbCKErdcCyh7	Q1:方案1,方案3,方案5,方案7,方案8,方案10,方案11,方案12,方案14,方案16,方案18,方案19,方案21,方案23,方案24,方案26,;
2016-08-02 19:42:35	3a86998c9c187ccbbd50f6eb203a9d09:V5e41V7bTFKy95s2hYUPb1StGByevO07	Q1:方案1,方案3,方案5,方案7,方案8,方案10,方案11,方案12,方案14,方案16,方案18,方案19,方案21,方案23,方案24,方案26,;
2016-08-02 19:44:05	548bb20a976c864968fc00903b688765:yPOVLPz2DqPOonXPlKIuZZiIMsdU9CVG	Q1:方案1,方案3,方案4,方案5,方案6,方案7,方案8,方案11,方案12,方案13,方案16,方案18,方案20,方案22,方案24,方案26,;
2016-08-02 19:44:36	08828f9b3a61e1d1823059610a197fe6:Y5pvdP7nXXylDLR8rTFzNPhNxBUnxPCF	Q1:方案1,方案3,方案4,方案7,方案8,方案10,方案11,方案12,方案14,方案16,方案18,方案19,方案21,方案23,方案24,方案26,;
2016-08-02 19:46:23	f8dd93abaf13d5f6a405533afb03611f:kS43xfg7iW2gP8ruhqCng7wu0zBnmH27	Q1:方案1,方案3,方案5,方案7,方案8,方案10,方案11,方案12,方案14,方案16,方案18,方案19,方案21,方案23,方案24,方案26,;
2016-08-02 19:48:06	aad05a54eb750e10066f4efba0f13ae7:nFoV04qoNTVIDIDi1v45ztfYeERXnq5Y	Q1:方案1,方案3,方案5,方案7,方案8,方案10,方案11,方案12,方案14,方案16,方案18,方案19,方案21,方案23,方案24,方案26,;
2016-08-02 19:50:16	f365ef5a38ab8b4e80ea9e6189cdcde7:zi68dwal1DA6lpMbixNW8kyTYaqIVEhn	Q1:方案1,方案3,方案5,方案7,方案8,方案10,方案11,方案12,方案14,方案16,方案18,方案19,方案21,方案23,方案24,方案26,;
2016-08-02 19:52:06	06be9cbbf5ded3fff42201a7d5403a37:tJkcF4mrInNrm9VWn8K9btH83AFLgm1c	Q1:方案1,方案3,方案5,方案7,方案8,方案10,方案11,方案12,方案14,方案16,方案18,方案19,方案21,方案23,方案25,方案26,;
2016-08-02 19:54:23	db51f26cf531dc0ccc4a9589baf3f97d:ZUgHdwRH6XtHWHWqlppgpQ4QKFwzIlmu	Q1:方案1,方案3,方案5,方案7,方案8,方案10,方案11,方案12,方案14,方案16,方案18,方案19,方案21,方案23,方案25,方案26,;
2016-08-02 20:00:57	80e1032e89961d6790b1553a0e8a682b:4c8pmK7bYPCJXBen4gguhOab1S4fsT3b	Q1:方案2,方案3,方案5,方案6,方案7,方案10,方案11,方案12,方案16,方案17,方案18,方案20,方案21,方案23,方案24,方案26,;
2016-08-02 20:24:30	f26cf9b20a8b790dd66d7f1a235e4425:0YPgKB72osRlw9wT0YpwzNcKws2MMKre	Q1:方案2,方案3,方案4,方案5,方案6,方案8,方案9,方案10,方案13,方案14,方案16,方案17,方案20,方案22,方案24,方案26,;
2016-08-02 20:48:47	d41998906ce6420306290f9003e39245:oAWYrIxfY47mT2FCiF83GFijjesz7NVL	Q1:方案2,方案3,方案4,方案5,方案6,方案7,方案8,方案9,方案10,方案11,方案12,方案13,方案16,方案17,方案23,方案24,;
2016-08-02 20:48:55	a1299f248082305ddd08d9edaa831b49:klVZCYeQX4m0l4oNHvAJWEKz10osgxAg	Q1:方案2,方案4,方案5,方案7,方案8,方案9,方案11,方案12,方案13,方案16,方案17,方案21,方案23,方案24,方案25,方案26,;
2016-08-02 21:00:27	05158594653d9a6bfbc8461d89f0bcf9:miBiuTOmhIXdpwSxsLVRIBDMEBoc1lhg	Q1:方案1,方案2,方案3,方案5,方案7,方案8,方案10,方案11,方案12,方案14,方案16,方案18,方案19,方案21,方案23,方案26,;
2016-08-02 21:02:37	a0757379b941c280d8830d59f4c7e6b1:nLEittEadcdoZuBFL4sqkHCE9u3fRT6f	Q1:方案1,方案3,方案7,方案8,方案9,方案10,方案13,方案14,方案15,方案16,方案17,方案18,方案21,方案22,方案24,方案26,;
2016-08-02 21:25:02	82d92a51a30cb40455feb8bf82e000c1:eW2bJpheiASsbNUJhL5ncd88R51kX7d1	Q1:方案1,方案2,方案3,方案4,方案5,方案6,方案7,方案9,方案10,方案11,方案12,方案14,方案16,方案20,方案24,方案25,;
2016-08-02 21:56:04	65f351bc693f3b5ddaaf7cc459392bba:7RXTtwWY6EeMvEIJRAcVcVt66qTMHjq9	Q1:方案4,方案5,方案6,方案7,方案10,方案11,方案12,方案14,方案15,方案16,方案17,方案19,方案20,方案22,方案23,方案24,;
2016-08-02 22:00:56	45cd7c0bb275e5d45afb7f9dc8e9aabd:StyPKuPtTa9leTI5HEbKGI5fUJvR1fOs	Q1:方案1,方案4,方案6,方案7,方案8,方案9,方案10,方案11,方案12,方案14,方案15,方案17,方案18,方案21,方案23,方案24,;
2016-08-02 22:26:58	d392eff26b7e1b6c2ad1a11936b6e5f7:Xt82snyIoPjXy37IowjA2qivAsvXdf6v	Q1:方案1,方案2,方案3,方案6,方案7,方案8,方案10,方案11,方案12,方案13,方案15,方案21,方案23,方案24,方案25,方案26,;
2016-08-02 22:49:38	5a60a178058493b23393caa22fe5a296:1mXYLxyrDD6vWJ2LNrCFfCLmAdO5XM7J	Q1:方案2,方案3,方案4,方案6,方案7,方案8,方案9,方案10,方案11,方案12,方案16,方案19,方案20,方案21,方案23,方案26,;
