2016-08-08 00:11:58	0b1f02bc5976764d4213015f54099779:rzdPxhJMbVbeqhnQcK131ntM8hdWK2aV	Q1:方案1,方案3,方案4,方案6,方案8,方案9,方案12,方案14,方案15,方案16,方案19,方案20,方案21,方案23,方案24,方案26,;
2016-08-08 02:52:18	b09917e704a775299c9b319adf0b4ac5:00S74ReZEcnjPTmLrkIl9dCu1oUySQmN	Q1:方案1,方案4,方案5,方案6,方案7,方案8,方案9,方案11,方案16,方案17,方案18,方案19,方案20,方案21,方案25,方案26,;
2016-08-08 08:39:38	9c73ecd57f47890ee3e02d4e09d340fc:65zlLnd55IJGA6eRir3Z3H0nEWUuKS8Y	Q1:方案2,方案4,方案5,方案8,方案9,方案12,方案15,方案16,方案17,方案19,方案20,方案21,方案22,方案23,方案24,方案26,;
2016-08-08 08:39:58	04186b842f483c22c19913b6dcf5b1c2:2ye66PRy186WMAI7RkkbKQWLWQSMSyn5	Q1:方案2,方案4,方案5,方案6,方案7,方案8,方案10,方案12,方案13,方案14,方案16,方案17,方案18,方案21,方案23,方案26,;
2016-08-08 08:40:47	2b1f77916d6e4189db1811017460df37:zvEiZKRSZ1ISb27GldBB1759GLBAguIY	Q1:方案3,方案4,方案5,方案8,方案9,方案11,方案13,方案15,方案16,方案17,方案18,方案19,方案20,方案21,方案22,方案23,;
2016-08-08 08:41:29	7b68f8e96848fbe9d40f7f9f54450387:HKeWcwwi8P6CSklD22wJGFZKuX43DKQr	Q1:方案3,方案4,方案5,方案6,方案8,方案9,方案10,方案11,方案13,方案14,方案15,方案16,方案17,方案18,方案20,方案21,;
2016-08-08 08:50:16	c2e492dfbdc44c8dc8a7251cbd2d7585:p18GkTX4ifdyZln67x0vTzRfOmzV07hQ	Q1:方案2,方案4,方案5,方案7,方案8,方案9,方案10,方案11,方案12,方案13,方案16,方案17,方案18,方案21,方案23,方案26,;
2016-08-08 08:51:22	e7824e399ee4a8bd1012c51329c3d6a3:T1VbZR9bJ56ffR0JQKt7QjahujR9vjdC	Q1:方案1,方案2,方案3,方案4,方案6,方案7,方案8,方案10,方案11,方案12,方案14,方案15,方案16,方案17,方案18,方案19,;
2016-08-08 08:52:52	6ddf6a5335baef166ad964c4a33cfdec:oCgX7qze5zgUgMHqCH47sFFz2620rKXh	Q1:方案2,方案4,方案5,方案6,方案7,方案8,方案9,方案10,方案11,方案12,方案13,方案14,方案16,方案17,方案20,方案21,;
2016-08-08 08:53:05	3e3bbb7cd9f76160798dea2fc7de9f6d:OKnp7StAj8gMOCmjJcCpI6B7r4Urq1yS	Q1:方案4,方案5,方案6,方案7,方案8,方案9,方案11,方案12,方案15,方案16,方案18,方案19,方案20,方案21,方案24,方案26,;
2016-08-08 08:53:05	49bde3549c1dac13bb099175eefe2ede:P9V8op8FdctMD9PxAHTma3R4w3Dhfi7F	Q1:方案2,方案4,方案5,方案7,方案8,方案9,方案10,方案11,方案12,方案13,方案16,方案17,方案18,方案21,方案23,方案26,;
2016-08-08 08:53:11	fa743941b6297d6d5092a08672d58900:mfNRcWyPsrhAopvAOEQQfbzDBBH10R0z	Q1:方案11,方案12,方案13,方案14,方案15,方案16,方案17,方案18,方案19,方案20,方案21,方案22,方案23,方案24,方案25,方案26,;
2016-08-08 08:55:05	e33bb3ca64db2baac77eb90e8470513f:Kq0q9jnpBO31BQYbGEf2h2zrABMJQlf5	Q1:方案2,方案4,方案5,方案7,方案8,方案9,方案10,方案11,方案12,方案13,方案16,方案17,方案18,方案21,方案23,方案26,;
2016-08-08 08:56:42	5c1db8dd3381145ebda16ac8bf1252bc:suwCxfPcfqyv31hfx0Ux4bLvp41OGIFr	Q1:方案2,方案4,方案5,方案7,方案8,方案9,方案10,方案11,方案12,方案13,方案16,方案17,方案18,方案21,方案23,方案26,;
2016-08-08 08:57:19	b87f585565c87f55719eedfef4ce2eee:O5tXOYNACNLyswczc45dXKU7T6vN6sEw	Q1:方案2,方案4,方案5,方案6,方案8,方案9,方案10,方案11,方案13,方案15,方案16,方案17,方案21,方案22,方案23,方案24,;
2016-08-08 08:58:12	5934746d826c1993f99fe79955d165f9:sUvVXITGQ3kBY6Ihmb8kB2szJKoHrNVC	Q1:方案2,方案4,方案5,方案7,方案8,方案9,方案10,方案11,方案12,方案13,方案16,方案17,方案18,方案21,方案23,方案26,;
2016-08-08 08:59:49	69154a991661460833178e152b970a86:F1CN92ZOTwJqjzQoYUxq33KbOUtEb2g5	Q1:方案2,方案4,方案5,方案6,方案8,方案9,方案10,方案11,方案13,方案15,方案16,方案17,方案18,方案20,方案21,方案24,;
2016-08-08 09:01:32	71b321ae915edae27306fe95657cdfa3:dKhLzxdgf92z8BbamzzA6EzjnEbQUJvR	Q1:方案2,方案3,方案4,方案5,方案6,方案8,方案9,方案10,方案11,方案13,方案14,方案17,方案18,方案21,方案22,方案23,;
2016-08-08 09:01:50	04bb6c823a566047147d083895fefce7:HC8kOy6Ub4P8gq9X7HZOcikg7tI7gFYf	Q1:方案2,方案4,方案5,方案7,方案8,方案9,方案10,方案11,方案12,方案13,方案16,方案17,方案18,方案21,方案23,方案26,;
2016-08-08 09:03:28	d2c9b17df2460045f19804f45f837a6e:16ss0YzXyzVBBo22ESZ56G5GMiQNLMzT	Q1:方案2,方案4,方案5,方案6,方案8,方案10,方案11,方案12,方案13,方案16,方案17,方案18,方案21,方案22,方案23,方案24,;
2016-08-08 09:03:39	45385c9cf79ca1931623e64ca6e5a952:1JePS7Eaw5YIQxwIvt2GdClDmBROxRTI	Q1:方案3,方案5,方案7,方案8,方案10,方案11,方案12,方案13,方案16,方案18,方案19,方案21,方案22,方案23,方案25,方案26,;
2016-08-08 09:06:38	525566f0e7c848d645a17237090a0c3d:oeimCRbieS64vUX6HQPvBSO9kuYLD90U	Q1:方案2,方案4,方案5,方案6,方案8,方案10,方案11,方案13,方案14,方案15,方案16,方案17,方案18,方案21,方案22,方案24,;
2016-08-08 09:07:54	1456b2c9f90902c1857e028090603bb7:7KmvetkPfmdoPe38jfqeLmKBYZeJrU1A	Q1:方案2,方案3,方案4,方案5,方案6,方案7,方案8,方案9,方案10,方案11,方案12,方案13,方案14,方案15,方案17,方案19,;
2016-08-08 09:08:37	5f5ff9215fb49371751da1415fdf7c8e:OdswRRdoo2Ar9HQbUq6a8sZNqCMofpKM	Q1:方案2,方案4,方案5,方案6,方案8,方案10,方案11,方案12,方案13,方案14,方案16,方案17,方案18,方案21,方案22,方案24,;
2016-08-08 09:09:32	53db20233aa86eb21fb0cdb52e01de17:91vCWfqiPaAuvvhd4jhettULX0MO6ZYl	Q1:方案2,方案3,方案4,方案5,方案6,方案7,方案8,方案9,方案10,方案11,方案12,方案13,方案14,方案15,方案17,方案18,;
2016-08-08 09:10:03	bb24034a9dd880c9fdc5840d8fdf1800:lJPPTzSAATGKObd8lniCafaqQd7HGzmX	Q1:方案2,方案4,方案5,方案6,方案8,方案9,方案10,方案11,方案12,方案13,方案14,方案16,方案17,方案18,方案21,方案24,;
2016-08-08 09:11:23	8b6a4dc096e66ad892805d14a6fcf3b4:29esmoeGIG8eswenYqgBly0yft5aFLAE	Q1:方案2,方案4,方案5,方案6,方案8,方案9,方案10,方案11,方案13,方案14,方案16,方案17,方案18,方案21,方案24,方案26,;
2016-08-08 09:13:21	875c16e626bc0a12b9dbf1aeda034072:3qlFQv2rIpVFRwmTdFijwsMMKBPfQaRH	Q1:方案2,方案4,方案5,方案6,方案7,方案8,方案9,方案10,方案11,方案13,方案14,方案16,方案17,方案18,方案20,方案21,;
2016-08-08 09:14:52	c621c610c294bb0a5f70c7ca2be1ee4f:EeLtmiqrSrDiVX4ww6bhuwhHPnYJbSCM	Q1:方案2,方案4,方案5,方案6,方案8,方案9,方案10,方案11,方案13,方案16,方案17,方案18,方案20,方案21,方案22,方案24,;
2016-08-08 09:16:20	93df94944e67efaf2a7af567c10bc2e2:uUUJhItWsoz7sEQq4xE14Tn6GldzllJ7	Q1:方案2,方案4,方案5,方案6,方案7,方案8,方案9,方案10,方案11,方案13,方案16,方案17,方案18,方案19,方案20,方案21,;
2016-08-08 09:17:27	fa3d53ce1cd83367d44ae96111b7896f:ThQtmgSeZ2KXb3lPBaIujwqbwnq1uBUx	Q1:方案2,方案4,方案5,方案6,方案8,方案10,方案11,方案12,方案13,方案16,方案17,方案18,方案20,方案21,方案22,方案24,;
2016-08-08 09:19:09	c5524f1ef9c15801f3f7b8825df50a22:y8G7ayMw1ubkukrRJpdx1r9P308JH8q5	Q1:方案2,方案4,方案5,方案6,方案8,方案9,方案10,方案11,方案13,方案16,方案17,方案18,方案21,方案22,方案23,方案24,;
2016-08-08 09:20:24	e243a54a9b4c7dc3a7c8a4ded1a704f1:UmnNNQ9xZ47e23cR6igONQWg5nRw91ao	Q1:方案2,方案4,方案5,方案6,方案8,方案9,方案10,方案11,方案13,方案16,方案17,方案18,方案20,方案21,方案22,方案24,;
2016-08-08 09:21:48	0792748bb23ce755026320e0eee7e8f3:UzUWMQrmnjGuPQMFSLPn53c8gmD9PG5E	Q1:方案2,方案4,方案5,方案6,方案7,方案8,方案10,方案11,方案13,方案16,方案17,方案18,方案19,方案21,方案22,方案24,;
2016-08-08 09:24:30	58e3c50f3e19b5cd885d6d8ac71c45da:UFCqNqxkSngcXS9yV3sRNYkiPlNd6OOE	Q1:方案2,方案4,方案5,方案6,方案8,方案9,方案10,方案11,方案12,方案13,方案16,方案17,方案18,方案19,方案20,方案21,;
2016-08-08 09:25:36	9056e7c71c4086c6bace564951308b12:Sz3yNDsSWsrvI37jCdEMsOHwmtZMyWd0	Q1:方案2,方案4,方案5,方案6,方案8,方案9,方案10,方案11,方案13,方案16,方案17,方案18,方案21,方案22,方案23,方案24,;
2016-08-08 09:27:28	1842c7c99aae3a2141513361333c63fe:E9Ux3xxbSZHB2YhF9WseFA2vKRruKhBq	Q1:方案2,方案4,方案5,方案6,方案8,方案9,方案10,方案11,方案12,方案13,方案16,方案17,方案18,方案21,方案22,方案24,;
2016-08-08 09:30:05	30ed9849068b015c591ff12234485bb7:fvdXxTdeoLW9826FfGRzcD4MCufD8ftT	Q1:方案2,方案4,方案5,方案6,方案8,方案9,方案10,方案11,方案12,方案13,方案16,方案17,方案18,方案20,方案21,方案24,;
2016-08-08 09:34:06	137bea44437a23379ef3997077417dbc:jOSh6gatw1OADLDNNx3Y9hxmrmMDrk3v	Q1:方案6,方案7,方案10,方案13,方案15,方案16,方案17,方案18,方案19,方案20,方案21,方案22,方案23,方案24,方案25,方案26,;
2016-08-08 09:34:32	3709af7f57914b99fff6d66bd7f56e0a:1jzyWm4nYuM9qIMM7xqUojlXKx0VZZZL	Q1:方案5,方案7,方案9,方案10,方案11,方案12,方案13,方案16,方案17,方案18,方案20,方案21,方案23,方案24,方案25,方案26,;
2016-08-08 09:36:00	b814b2150e24a7708a89a2ec2ab44841:cCCjoPIO9TyG0RjnNFLgUYbIalwHPZKR	Q1:方案5,方案7,方案9,方案10,方案11,方案12,方案13,方案16,方案17,方案18,方案20,方案21,方案23,方案24,方案25,方案26,;
2016-08-08 09:37:06	c0a3d7f2ad2ec05082e06e94a655cc9d:cYGWJt6ajZ4XeoCXbcriThLGSr8j0bMH	Q1:方案5,方案7,方案9,方案10,方案11,方案12,方案13,方案16,方案17,方案18,方案20,方案21,方案23,方案24,方案25,方案26,;
2016-08-08 09:37:25	8f2a380fad7df8d7a553ad4dc45961ca:LX95mo7gMVARaz02gcFz3LKMQQJxzgQV	Q1:方案2,方案3,方案4,方案5,方案6,方案7,方案8,方案9,方案10,方案11,方案12,方案17,方案18,方案19,方案21,方案24,;
2016-08-08 09:38:06	c72a776e246b93cbf8bc78eebf7d8d6a:R6QA7EnrjZhyFkRBHQ0oZkISjyxAXanp	Q1:方案5,方案7,方案9,方案10,方案11,方案12,方案13,方案16,方案17,方案18,方案20,方案21,方案23,方案24,方案25,方案26,;
2016-08-08 09:39:12	b814d0ee6cfe4912cfbe696c0aa96eac:ugiCPnUBsbITJ3iEhfmA69bpC16vrjW8	Q1:方案5,方案7,方案9,方案10,方案11,方案12,方案13,方案16,方案17,方案18,方案20,方案21,方案23,方案24,方案25,方案26,;
2016-08-08 09:40:06	f31fe1f43c143dc729fe2f9ce59d2db9:Xcnu3HaqE3UCwq9xD5vuyg9NG4ukO5oB	Q1:方案5,方案7,方案9,方案10,方案11,方案12,方案13,方案16,方案17,方案18,方案20,方案21,方案23,方案24,方案25,方案26,;
2016-08-08 09:40:59	874b40a11e007c5e091fbc4719f6067a:xyKQ2zEw4vqqR59MnmAnbc6YthCQibGB	Q1:方案5,方案7,方案9,方案10,方案11,方案12,方案13,方案16,方案17,方案18,方案20,方案21,方案23,方案24,方案25,方案26,;
2016-08-08 09:42:01	830b9a692094c46010570ff089c749fc:suwv2gpnm3bXIpSESKzAShPVYgLRggiV	Q1:方案5,方案7,方案9,方案10,方案11,方案12,方案13,方案16,方案17,方案18,方案20,方案21,方案23,方案24,方案25,方案26,;
2016-08-08 09:44:54	6a5ce88dc6ebde52a165e901b0200b82:3embLrEy1QVTtiE8HmaGsbm9yx8G24mE	Q1:方案5,方案7,方案9,方案10,方案11,方案12,方案13,方案16,方案17,方案18,方案20,方案21,方案23,方案24,方案25,方案26,;
2016-08-08 09:45:11	15b9673cfe53e65fd31f30c4445bbf01:pheWVMrgAfgXoxDlRVCcixo0hzWvW0xD	Q1:方案2,方案4,方案5,方案6,方案7,方案8,方案9,方案10,方案11,方案12,方案17,方案18,方案19,方案20,方案21,方案24,;
2016-08-08 09:54:24	a18fd04df9e4682355738ff4e14244fa:7v7TLmRb2yXJrxinkFsglty4NBlDbq2t	Q1:方案2,方案4,方案5,方案6,方案7,方案8,方案9,方案10,方案11,方案12,方案17,方案18,方案19,方案20,方案21,方案24,;
2016-08-08 09:55:46	ef78a0ec979d53de3ab0b3aed7a3a434:7Y0WppziMaCdkOsaDOpMELjLPMrC6zHB	Q1:方案1,方案3,方案6,方案7,方案9,方案10,方案12,方案13,方案15,方案16,方案19,方案20,方案22,方案23,方案25,方案26,;
2016-08-08 09:57:26	b1d799699542b759e51a533058c85177:qPYndERwG78hfXujvgRaIxIABbq691Ce	Q1:方案2,方案4,方案5,方案6,方案7,方案8,方案9,方案10,方案11,方案12,方案17,方案18,方案19,方案20,方案21,方案24,;
2016-08-08 09:57:48	7428327397604c6c7ed41c10e0335e6c:elqtlKB4P9lAb142iJBagoBKBGNjdvok	Q1:方案1,方案2,方案3,方案6,方案7,方案10,方案13,方案15,方案16,方案18,方案19,方案20,方案21,方案22,方案23,方案24,;
2016-08-08 09:59:17	fcf86f2ef73bbf22302fc8e258a719c6:vy2avLPjJur1el2KVlM4PJvlnW0y30XH	Q1:方案10,方案11,方案12,方案13,方案14,方案15,方案16,方案17,方案18,方案19,方案20,方案21,方案22,方案23,方案24,方案26,;
2016-08-08 10:00:25	21084587be266b3dc598951767cb3870:hkMlbbp1aEoVUwQtatOGxDs22MXCb62i	Q1:方案10,方案11,方案12,方案13,方案14,方案15,方案16,方案17,方案18,方案19,方案20,方案21,方案22,方案23,方案24,方案26,;
2016-08-08 10:01:45	42f4228883820bd24de78ea6a589c422:Kog1kp7hPlLvYk9rBvFLReGAUXTc50NR	Q1:方案2,方案4,方案5,方案6,方案7,方案8,方案9,方案10,方案11,方案12,方案17,方案18,方案19,方案20,方案21,方案24,;
2016-08-08 10:02:18	7f338f6390c0efc22082298994cad3a4:4CqnAzc14LpnRfw7h2jMLXT90EUwXsyo	Q1:方案10,方案11,方案12,方案13,方案14,方案15,方案16,方案17,方案18,方案19,方案20,方案21,方案22,方案23,方案24,方案26,;
2016-08-08 10:03:07	5341220899218bf7373cdd6a7bb70f0c:GpoLrb2GLoQfScX6ryyhBQC8QsXUK7eJ	Q1:方案10,方案11,方案12,方案13,方案14,方案15,方案16,方案17,方案18,方案19,方案20,方案21,方案22,方案23,方案24,方案26,;
2016-08-08 10:03:07	0b100477b70c08f4ba16f256cceff86a:r0WrmabZiBTMog9qOfnbleX1cQzBoEKY	Q1:方案1,方案2,方案3,方案5,方案6,方案7,方案10,方案11,方案13,方案15,方案16,方案19,方案20,方案21,方案22,方案23,;
2016-08-08 10:04:31	10c499aec24e7e6cac70696b7e2345b0:TuDtspiviSqofXXKHMgNtFKhCB1juwL7	Q1:方案10,方案11,方案12,方案13,方案14,方案15,方案16,方案17,方案18,方案19,方案20,方案21,方案22,方案23,方案24,方案26,;
2016-08-08 10:05:19	fdb9ab979d76e2c67f9ac28aa603ce59:Rk8ztcMSN7pRgRh25l7doceEMkJakQ8B	Q1:方案10,方案11,方案12,方案13,方案14,方案15,方案16,方案17,方案18,方案19,方案20,方案21,方案22,方案23,方案24,方案26,;
2016-08-08 10:06:07	9cc32da4fd898ea18eea5e153999def2:CxAWiiGSKZdhW3iVUrh1xMM4mRcjKYYy	Q1:方案10,方案11,方案12,方案13,方案14,方案15,方案16,方案17,方案18,方案19,方案20,方案21,方案22,方案23,方案24,方案26,;
2016-08-08 10:06:38	71526ec18fdfc2a2d7d75ac25a1c1ae5:VvToCz0BRAqFIcGyLmODG8D80x5M5H5S	Q1:方案2,方案4,方案5,方案6,方案7,方案8,方案9,方案10,方案11,方案12,方案17,方案18,方案19,方案20,方案21,方案24,;
2016-08-08 10:07:20	2c021d5cb0b5191542f71e100ddd19cd:VSG8ISEEbJUmLtEZ5tLOBmY5bC22ukvD	Q1:方案10,方案11,方案12,方案13,方案14,方案15,方案16,方案17,方案18,方案19,方案20,方案21,方案22,方案23,方案24,方案26,;
2016-08-08 10:07:43	fa93aebd7e4ebec92fff44ad2fae77df:OR2FdM4AzRLHcP5zx8QMDPfl2CErQyAR	Q1:方案5,方案7,方案9,方案10,方案11,方案12,方案13,方案16,方案17,方案18,方案20,方案21,方案23,方案24,方案25,方案26,;
2016-08-08 10:08:05	434fa9268d3ef1739b227608e9ef1683:hS6J08okxpLA3mqD4hLQGVOR9G0EcJPD	Q1:方案10,方案11,方案12,方案13,方案14,方案15,方案16,方案17,方案18,方案19,方案20,方案21,方案22,方案23,方案24,方案26,;
2016-08-08 10:08:40	3a797a1f9170794fec647e4038a08386:uqk9LOT42v3mBbjjcUHEvy2csjDNQO01	Q1:方案5,方案7,方案9,方案10,方案11,方案12,方案13,方案16,方案17,方案18,方案20,方案21,方案23,方案24,方案25,方案26,;
2016-08-08 10:08:52	c0c949ac2156562cc05a8783069189f8:MTWwN45e5hbWKak4ZnLqxwZzF4S6yMhL	Q1:方案10,方案11,方案12,方案13,方案14,方案15,方案16,方案17,方案18,方案19,方案20,方案21,方案22,方案23,方案24,方案26,;
2016-08-08 10:09:31	cd7f34b26fd6ba37f807de2d3b853ec9:CCRYcUFNMk0KsW7Akmmg4ySMVHDrrtvM	Q1:方案10,方案11,方案12,方案13,方案14,方案15,方案16,方案17,方案18,方案19,方案20,方案21,方案22,方案23,方案24,方案26,;
2016-08-08 10:09:39	c1a84ea6e115d327c0079bb5409ec191:8fhR91PJDxbihrMDu7976fDf2wAx7kkG	Q1:方案5,方案7,方案9,方案10,方案11,方案12,方案13,方案16,方案17,方案18,方案20,方案21,方案23,方案24,方案25,方案26,;
2016-08-08 10:10:14	283be4c3f38c8a9535c3afb048f9fa1e:gcYoo7fiiNoFiVbjzq4na9QIf0Fegi3W	Q1:方案10,方案11,方案12,方案13,方案14,方案15,方案16,方案17,方案18,方案19,方案20,方案21,方案22,方案23,方案24,方案26,;
2016-08-08 10:10:40	1c647066da2022f024df31e663468ff0:nFOBKqXE0eDejjmYeicYsh01zu2bjGfa	Q1:方案5,方案7,方案9,方案10,方案11,方案12,方案13,方案16,方案17,方案18,方案20,方案21,方案23,方案24,方案25,方案26,;
2016-08-08 10:10:53	eac31d57317bc8102cd64667b52c03c7:wJeB2OROCMUhX9Nya4cGHWocjIcbk5xI	Q1:方案10,方案11,方案12,方案13,方案14,方案15,方案16,方案17,方案18,方案19,方案20,方案21,方案22,方案23,方案24,方案26,;
2016-08-08 10:11:42	4102b6554dfd22308fef4780b82aa30f:Ue0rFnrCYmPIC2RCrRWTIDbpsudi0PO6	Q1:方案5,方案7,方案9,方案10,方案11,方案12,方案13,方案16,方案17,方案18,方案20,方案21,方案23,方案24,方案25,方案26,;
2016-08-08 10:12:29	de2e5524400444d3f794f59f514daed5:OIBa6BdkmsJMyFjI7NltwlxXBB1YNen7	Q1:方案2,方案4,方案5,方案6,方案7,方案8,方案9,方案10,方案11,方案12,方案17,方案18,方案19,方案20,方案21,方案24,;
2016-08-08 10:12:36	a27ff11f2fb3aa66d88dbc4e6107a823:miMaomaJyWOoiP7t6HH4EJSf9FW4jgTa	Q1:方案5,方案7,方案9,方案10,方案11,方案12,方案13,方案16,方案17,方案18,方案20,方案21,方案23,方案24,方案25,方案26,;
2016-08-08 10:13:19	368ad700d154d2b17a453fae793ed8e3:LYHEjx5SWpyGx8sUjN0JCxsSgxO22fdL	Q1:方案2,方案4,方案5,方案6,方案7,方案8,方案9,方案10,方案11,方案12,方案17,方案18,方案19,方案20,方案21,方案24,;
2016-08-08 10:13:39	b04cee94fd0af21c311918b4d3f0f4b8:sgTqbATigWaTSfXAG1g1FrMeHnYSApYA	Q1:方案5,方案7,方案9,方案10,方案11,方案12,方案13,方案16,方案17,方案18,方案20,方案21,方案23,方案24,方案25,方案26,;
2016-08-08 10:13:46	a1585483ad5005b53e0342a36aabf0e0:j1tdEd3CrViHEd9DYwcQwBAuDxtxvqzL	Q1:方案1,方案2,方案3,方案6,方案7,方案10,方案11,方案13,方案15,方案16,方案19,方案20,方案21,方案22,方案23,方案26,;
2016-08-08 10:14:19	24a7a072db7e0b275ab8246969070d3c:q8bPp0mEXgD9vkJXAukxRYgjfVEvs4ad	Q1:方案2,方案4,方案5,方案6,方案7,方案8,方案9,方案10,方案11,方案12,方案17,方案18,方案19,方案20,方案21,方案24,;
2016-08-08 10:15:25	c2d2b5a611b7822d114bf51718665ff4:bewLXYv9lnkWrieOthFBftxi5AwpQyPB	Q1:方案2,方案4,方案5,方案6,方案7,方案8,方案9,方案10,方案11,方案12,方案17,方案18,方案19,方案20,方案21,方案24,;
2016-08-08 10:15:39	d1cc40883d84f454344484a17a35b6ce:Ruu9zuYAgfcej8sGX9KrnLhgtGoBdnrE	Q1:方案5,方案7,方案9,方案10,方案11,方案12,方案13,方案16,方案17,方案18,方案20,方案21,方案23,方案24,方案25,方案26,;
2016-08-08 10:16:26	721985ee9a0679ca46ff8acf250a03db:MeqWVTTX3feXDAoAP5JGewizAwTqGMwX	Q1:方案2,方案4,方案5,方案6,方案7,方案8,方案9,方案10,方案11,方案12,方案17,方案18,方案19,方案20,方案21,方案24,;
2016-08-08 10:17:16	8297f257e2bed5138827c4939d00e268:PYrao78qeWfluisd6z8CYtwhasPVhWwj	Q1:方案5,方案7,方案9,方案10,方案11,方案12,方案13,方案16,方案17,方案18,方案20,方案21,方案23,方案24,方案25,方案26,;
2016-08-08 10:18:34	c3667cade6fdd7e53730a259145d6061:O91w1A0k5DGvLoNLVzBZ2seSXokUx8zF	Q1:方案5,方案7,方案9,方案10,方案11,方案12,方案13,方案16,方案17,方案18,方案20,方案21,方案23,方案24,方案25,方案26,;
2016-08-08 10:18:38	4b48146f3be46a1c2c1ed869ad4fa81d:T0GNMNU4CQBdYyuYuGdgHZSs0bW7sb64	Q1:方案2,方案4,方案5,方案6,方案7,方案8,方案9,方案10,方案11,方案12,方案17,方案18,方案19,方案20,方案21,方案24,;
2016-08-08 10:19:35	448820ae1f27de977efe4ddef8a59c1f:JgOCDX7uaXoTRDT5jgIJf5YGoehvPXNm	Q1:方案5,方案7,方案9,方案10,方案11,方案12,方案13,方案16,方案17,方案18,方案20,方案21,方案23,方案24,方案25,方案26,;
2016-08-08 10:20:45	604bb113e6d0ed77c5879139dab822df:76Ykde8p81if8bdfT0omQqxbA2mZZl6a	Q1:方案5,方案7,方案9,方案10,方案11,方案12,方案13,方案16,方案17,方案18,方案20,方案21,方案23,方案24,方案25,方案26,;
2016-08-08 10:21:42	01f227c646114e7d6cdb760812296957:A8McsO6CoLMG8Z0VHo4WB77NkVYPkO8G	Q1:方案5,方案7,方案9,方案10,方案11,方案12,方案13,方案16,方案17,方案18,方案20,方案21,方案23,方案24,方案25,方案26,;
2016-08-08 10:23:20	3c3744ac9d751380da095663d5711770:akQHcHnrOzhl7hhlL8eSnzQHAsNgmnpe	Q1:方案2,方案4,方案5,方案6,方案7,方案8,方案9,方案10,方案11,方案12,方案17,方案18,方案19,方案20,方案21,方案24,;
2016-08-08 10:23:55	24e7c2a500ca709228e07f0cfe033e21:DECYsQHLNpuoAFh0ohavMo5CuPIMRbr0	Q1:方案5,方案7,方案9,方案10,方案11,方案12,方案13,方案16,方案17,方案18,方案20,方案21,方案23,方案24,方案25,方案26,;
2016-08-08 10:24:52	6cdb773af9b9831d43b55bf92eb7ef8b:Yf8O336GqLqoqgcK2XJrujA754ap9YX7	Q1:方案5,方案7,方案9,方案10,方案11,方案12,方案13,方案16,方案17,方案18,方案20,方案21,方案23,方案24,方案25,方案26,;
2016-08-08 10:25:44	75966c3d353bef15c08f0752bbf54b6d:RJCUC4GZV1x639vImD5znPVhMmJLp6Hh	Q1:方案5,方案7,方案9,方案10,方案11,方案12,方案13,方案16,方案17,方案18,方案20,方案21,方案23,方案24,方案25,方案26,;
2016-08-08 10:25:49	b067d3e755d736a4cca81ebcaba0c47a:A7jv4sypugr3fsmX2XNKlTA1FjqkyTop	Q1:方案2,方案4,方案5,方案6,方案7,方案8,方案9,方案10,方案11,方案12,方案17,方案18,方案19,方案20,方案21,方案24,;
2016-08-08 10:26:42	44c54c58c43d6c758efec57ca72705d4:uE1g02HFoAqjetsDXliriqE3qi9az1r4	Q1:方案5,方案7,方案9,方案10,方案11,方案12,方案13,方案16,方案17,方案18,方案20,方案21,方案23,方案24,方案25,方案26,;
2016-08-08 10:28:48	376d61e914016d1bd90283ee87e92072:S2OEPgxo82WPRjC5qljBMu136nh6MR34	Q1:方案5,方案7,方案9,方案10,方案11,方案12,方案13,方案16,方案17,方案18,方案20,方案21,方案23,方案24,方案25,方案26,;
2016-08-08 10:29:55	4ce573734335c21e6a0a2227128b4bb2:IIHknCtzripGNPHILuXlhHgkH6msm220	Q1:方案5,方案7,方案9,方案10,方案11,方案12,方案13,方案16,方案17,方案18,方案20,方案21,方案23,方案24,方案25,方案26,;
2016-08-08 10:30:00	e31bf95ab635e409e7ca9b79487937da:TzVHI0zKfZPzqh3d7tXwyjCs5p9ooIGI	Q1:方案2,方案4,方案5,方案6,方案7,方案8,方案9,方案10,方案11,方案12,方案17,方案18,方案19,方案20,方案21,方案24,;
2016-08-08 10:30:47	13a006fa732ba94430ebfcf4c883b8b2:PbXZ2UfufsqJYE1ahEHg4R4UboE199xE	Q1:方案5,方案7,方案9,方案10,方案11,方案12,方案13,方案16,方案17,方案18,方案20,方案21,方案23,方案24,方案25,方案26,;
2016-08-08 10:31:00	578121a86bbc6824274af3d0a598a873:fmjtE2fFcVe6bHhBlTcjfVnq9rIis9ym	Q1:方案2,方案4,方案5,方案6,方案7,方案8,方案9,方案10,方案11,方案12,方案17,方案18,方案19,方案20,方案21,方案24,;
2016-08-08 10:31:36	e899effc9fa78cde873fea2db91caf34:90LOpPDk8qvN8MZyGw1ZjsI0fKdFeOpD	Q1:方案5,方案7,方案9,方案10,方案11,方案12,方案13,方案16,方案17,方案18,方案20,方案21,方案23,方案24,方案25,方案26,;
2016-08-08 10:32:27	a9ab0a7e06fa3a395250369d6a3e9f2d:xE5DPndKVLGRhPaBoFQWC6pfyUCb6cDL	Q1:方案5,方案7,方案9,方案10,方案11,方案12,方案13,方案16,方案17,方案18,方案20,方案21,方案23,方案24,方案25,方案26,;
2016-08-08 10:33:20	186e82de1885bbeaab08f374ea790648:cE0CxF6kXvQdtWfQuLr6YSZL7VCgBBYu	Q1:方案1,方案2,方案3,方案10,方案13,方案14,方案15,方案17,方案18,方案19,方案20,方案22,方案23,方案24,方案25,方案26,;
2016-08-08 10:33:20	64ebb1c81c862fbdd0fcad14618326ab:PNCM28XtoIyZCdIfjArJ13ZHh1Pp1mnN	Q1:方案5,方案7,方案9,方案10,方案11,方案12,方案13,方案16,方案17,方案18,方案20,方案21,方案23,方案24,方案25,方案26,;
2016-08-08 10:33:47	9c9c1ba056ffae1ba5d35fd10bf3ec68:d40ewZzEMbtGw1jHodKsv8ezT5yAOEko	Q1:方案2,方案4,方案5,方案6,方案7,方案8,方案9,方案10,方案11,方案12,方案17,方案18,方案19,方案20,方案21,方案24,;
2016-08-08 10:34:15	d31d6b66f57f4b69a2fe57e609dda09f:xEM1jNOS9u4LqY2Ht5QVLBGvv1nV20Zh	Q1:方案5,方案7,方案9,方案10,方案11,方案12,方案13,方案16,方案17,方案18,方案20,方案21,方案23,方案24,方案25,方案26,;
2016-08-08 10:35:02	87f9db98c0ce2c3b76c8f40dae85e52c:nDID4busXqGnrKZ55IurA6uyFuamRN7Y	Q1:方案2,方案4,方案5,方案6,方案7,方案8,方案9,方案10,方案11,方案12,方案17,方案18,方案19,方案20,方案21,方案24,;
2016-08-08 10:35:43	32a597058482379e64ada084c03e08fe:dyaaZSJpLSRfNxMwzg8dflL9ezjtSqQw	Q1:方案5,方案7,方案9,方案10,方案11,方案12,方案13,方案16,方案17,方案18,方案20,方案21,方案23,方案24,方案25,方案26,;
2016-08-08 10:36:03	5d6b07d775329a56e0eaa9ad6b4d313d:IDDcKtofvqypW0gLBiwZuc0ubRGSEQFn	Q1:方案2,方案4,方案5,方案6,方案7,方案8,方案9,方案10,方案11,方案12,方案17,方案18,方案19,方案20,方案21,方案24,;
2016-08-08 10:36:33	e3748b1380f4d45b3bed2ed1aa78d13b:FWUIjB0EIX21Kt4ZDBBBWMV15p3n4mdn	Q1:方案5,方案7,方案9,方案10,方案11,方案12,方案13,方案16,方案17,方案18,方案20,方案21,方案23,方案24,方案25,方案26,;
2016-08-08 10:37:57	060945196d40d3e3186915a462b5eb49:HB2Tl2x5e16DddaD0szNJ8GH5brLdO5d	Q1:方案5,方案7,方案9,方案10,方案11,方案12,方案13,方案16,方案17,方案18,方案20,方案21,方案23,方案24,方案25,方案26,;
2016-08-08 10:38:13	50ac986c5895ae26eaeb26e6bd7def50:QR4sOV2hnLhlGyW3G226KXNLeNHdpf5y	Q1:方案2,方案4,方案5,方案6,方案7,方案8,方案9,方案10,方案11,方案12,方案17,方案18,方案19,方案20,方案21,方案24,;
2016-08-08 10:39:09	c40346a44e1ff896199f5bc0072181f5:BoEpwc4cZjoPwm9QaoiuqfWgEzPFuzHH	Q1:方案2,方案4,方案5,方案6,方案7,方案8,方案9,方案10,方案11,方案12,方案17,方案18,方案19,方案20,方案21,方案24,;
2016-08-08 10:40:31	d3a08c28e8093e968f83a7716678a86a:20Z79ASwkaGGVXpNTZsBVOV1CigW2ymr	Q1:方案5,方案7,方案9,方案10,方案11,方案12,方案13,方案16,方案17,方案18,方案20,方案21,方案23,方案24,方案25,方案26,;
2016-08-08 10:41:18	8590c22e697a74eb044fdb0b365e6ecc:w4RMix5uUXoo80fXvz2Px6ZWWkGu1SKO	Q1:方案5,方案7,方案9,方案10,方案11,方案12,方案13,方案16,方案17,方案18,方案20,方案21,方案23,方案24,方案25,方案26,;
2016-08-08 10:41:27	3fbbf54456a9619d514dd270410fb479:Ebs5Gi0LS9j4AGFYkAMhTpmswmjFy42a	Q1:方案2,方案4,方案5,方案6,方案7,方案8,方案9,方案10,方案11,方案12,方案17,方案18,方案19,方案20,方案21,方案24,;
2016-08-08 10:41:52	c3bf9286575ecc784837eface486a0f9:sc9gNKjLFbKNcNko7zE7ADabwDYmPAg4	Q1:方案2,方案4,方案5,方案6,方案7,方案8,方案9,方案10,方案11,方案12,方案17,方案18,方案19,方案20,方案21,方案24,;
2016-08-08 10:42:07	b4884e043e54a9327df754e35826b6a7:7eviXH6OauTizetONRuGXHs2SuyvusgE	Q1:方案5,方案7,方案9,方案10,方案11,方案12,方案13,方案16,方案17,方案18,方案20,方案21,方案23,方案24,方案25,方案26,;
2016-08-08 10:42:59	8523ed8708906a5036b7c7689c440288:hETr4T8SYitxkLvJSkpveLt4WpWSOPQp	Q1:方案5,方案7,方案9,方案10,方案11,方案12,方案13,方案16,方案17,方案18,方案20,方案21,方案23,方案24,方案25,方案26,;
2016-08-08 10:43:53	1d09cbc84ec0e86f3a953e8b624c4ad8:7qIrvtCHFnyv9gj2hICAQTKFtEshFxli	Q1:方案5,方案7,方案9,方案10,方案11,方案12,方案13,方案16,方案17,方案18,方案20,方案21,方案23,方案24,方案25,方案26,;
2016-08-08 10:45:13	2a7345eb8705a31a567a6e0a15686766:UFKwmjMpMT6JaQUcvPqy8dIBrjDG6C5q	Q1:方案2,方案4,方案5,方案6,方案7,方案8,方案9,方案10,方案11,方案12,方案17,方案18,方案19,方案20,方案21,方案24,;
2016-08-08 10:45:51	2c8e9b68ca9e937f0b9296b8b3416731:9EcVvHvfnIQePfTE34FAkMSWM0ftD1W6	Q1:方案5,方案7,方案9,方案10,方案11,方案12,方案13,方案16,方案17,方案18,方案20,方案21,方案23,方案24,方案25,方案26,;
2016-08-08 10:46:16	612704b44e708b3fca03d5ed84104592:rXorhjaHs2843rT1yktIUmDp7mtwOPIK	Q1:方案2,方案4,方案5,方案6,方案7,方案8,方案9,方案10,方案11,方案12,方案17,方案18,方案19,方案20,方案21,方案24,;
2016-08-08 10:46:38	46f55c22473b8ebfbb00ed216006d260:SA56oDg57D7LuIDVIxTEQggbVafPp6RN	Q1:方案5,方案7,方案9,方案10,方案11,方案12,方案13,方案16,方案17,方案18,方案20,方案21,方案23,方案24,方案25,方案26,;
2016-08-08 10:47:31	c3f6f62a417d53d2691e9ca632276b76:gRYSClnks0pItllIUmvNY2d875HOzvsM	Q1:方案5,方案7,方案9,方案10,方案11,方案12,方案13,方案16,方案17,方案18,方案20,方案21,方案23,方案24,方案25,方案26,;
2016-08-08 10:48:25	7e8438f10fff870dd3ad8e3c402888eb:K9DRXbQ6J93C5vFqon0ee7OimNpCiFuf	Q1:方案1,方案2,方案4,方案5,方案6,方案7,方案8,方案9,方案10,方案11,方案12,方案17,方案19,方案20,方案21,方案24,;
2016-08-08 10:48:33	d2df3002585af82a5594ea6fdae38749:TKKwU9pJ27HVl6OjQGFnMEFgn5ZoZIat	Q1:方案5,方案7,方案9,方案10,方案11,方案12,方案13,方案16,方案17,方案18,方案20,方案21,方案23,方案24,方案25,方案26,;
2016-08-08 10:49:35	b3182cce8767c2679ab0d5ed4a4bf9c9:jPju1Ih905hQcr52BNAqqrzpX9Nhfpdo	Q1:方案5,方案7,方案9,方案10,方案11,方案12,方案13,方案16,方案17,方案18,方案20,方案21,方案23,方案24,方案25,方案26,;
2016-08-08 10:50:29	5111673648fd186106ba32f20872f0e9:OkNKPl1SlnGIfqw7RH63WexLDXPK07nl	Q1:方案1,方案2,方案4,方案5,方案6,方案7,方案8,方案9,方案10,方案11,方案12,方案18,方案19,方案20,方案21,方案24,;
2016-08-08 10:51:20	2b95ffac1cf8b91882151c5bf4ea76d7:JIRgCdvfE3nnAauxkCH0HLOg7FGwkhMo	Q1:方案5,方案7,方案9,方案10,方案11,方案12,方案13,方案16,方案17,方案18,方案20,方案21,方案23,方案24,方案25,方案26,;
2016-08-08 10:51:51	50d7e8be7454f02583e9a7b38b080043:BG5eXnv7kyFHDUWYzwiG14ZKPTMpRdRv	Q1:方案1,方案2,方案4,方案5,方案6,方案7,方案8,方案9,方案10,方案11,方案12,方案17,方案19,方案20,方案21,方案24,;
2016-08-08 10:52:02	e497a344d13fe7d4d07e1cd0dfeb15b0:hCRTOshaT3UKJItjVHndgaW0i6EnZADb	Q1:方案5,方案7,方案9,方案10,方案11,方案12,方案13,方案16,方案17,方案18,方案20,方案21,方案23,方案24,方案25,方案26,;
2016-08-08 10:54:10	184ec443130d7192c20d2fc9bc78f814:oKn2ubFJoiTDjoUvwAkFrJ6jx7F4evn1	Q1:方案5,方案7,方案9,方案10,方案11,方案12,方案13,方案16,方案17,方案18,方案20,方案21,方案23,方案24,方案25,方案26,;
2016-08-08 10:54:54	17a44ad45f26d61011974b2fffe59f6c:tFZqmvBGxIfC9RMwxdhbLtMJKy033SWZ	Q1:方案5,方案7,方案9,方案10,方案11,方案12,方案13,方案16,方案17,方案18,方案20,方案21,方案23,方案24,方案25,方案26,;
2016-08-08 10:56:03	258a5979c33858066d235762cf508195:9NmSVV1Fp0uIh8IiAnQEjeID3JbyHQfV	Q1:方案5,方案7,方案9,方案10,方案11,方案12,方案13,方案16,方案17,方案18,方案20,方案21,方案23,方案24,方案25,方案26,;
2016-08-08 10:56:50	c704ad41dec05e7530b514c2b4e85026:VDJeSgjuDAN5CgZsmMY3UjfQxBG2cKY9	Q1:方案5,方案7,方案9,方案10,方案11,方案12,方案13,方案16,方案17,方案18,方案20,方案21,方案23,方案24,方案25,方案26,;
2016-08-08 10:57:37	b571ace74661cc763487f072887ee214:ySJioJLRIQzpy4l3jDAGbNIBLMsIBZO6	Q1:方案5,方案7,方案9,方案10,方案11,方案12,方案13,方案16,方案17,方案18,方案20,方案21,方案23,方案24,方案25,方案26,;
2016-08-08 10:58:44	f913792fff9e10edc6e2312d1bf2fa89:FF3ggYMLxROa6egABNKqz0mN9usxMjBh	Q1:方案5,方案7,方案9,方案10,方案11,方案12,方案13,方案16,方案17,方案18,方案20,方案21,方案23,方案24,方案25,方案26,;
2016-08-08 10:59:25	dc848ea1e0cf1954bd44767746945ebe:OXj7nyC8GAqdWEsOMeHUHz2YDVIvyUeO	Q1:方案1,方案2,方案3,方案4,方案5,方案6,方案7,方案8,方案9,方案10,方案11,方案12,方案19,方案20,方案23,方案26,;
2016-08-08 11:01:10	48efedf1a97f0716d5a6abc36c9b04ee:m65Lf5Tjx4wRWhfqlBkB1PHhY3gmnGmK	Q1:方案5,方案7,方案9,方案10,方案11,方案12,方案13,方案16,方案17,方案18,方案20,方案21,方案23,方案24,方案25,方案26,;
2016-08-08 11:02:06	fca2bc12df8017ce40cf8eaca93e59fa:vq2yWU9ehh7jgfA4gthgeU8aVCkyOPYx	Q1:方案2,方案3,方案4,方案5,方案6,方案7,方案8,方案9,方案10,方案11,方案12,方案13,方案20,方案21,方案22,方案25,;
2016-08-08 11:02:22	550a8934815a9011d5dea9cb049f24e6:wcAOb7ljoyn4T4RUhiyLGlhsv82gMfze	Q1:方案2,方案4,方案5,方案6,方案7,方案8,方案9,方案10,方案11,方案12,方案17,方案18,方案19,方案20,方案21,方案24,;
2016-08-08 11:02:24	18aef194649f7c87978c2cccf03261fc:d4rADlAEGhEIGNpxI17Woe1FgNtr0nBg	Q1:方案1,方案2,方案4,方案5,方案6,方案7,方案8,方案9,方案10,方案11,方案12,方案17,方案19,方案20,方案21,方案24,;
2016-08-08 11:03:01	146fe0ea7a3490c5c8544303b6823b10:W66U9CNZ6jlvui4IKDlXedBybpwCQJaL	Q1:方案5,方案7,方案9,方案10,方案11,方案12,方案13,方案16,方案17,方案18,方案20,方案21,方案23,方案24,方案25,方案26,;
2016-08-08 11:03:58	36acafc882dc32db36d0aa79e2baa6d2:vZE7YUmH7RaOavlZhKQMsZTeHuuz4Jaz	Q1:方案5,方案7,方案9,方案10,方案11,方案12,方案13,方案16,方案17,方案18,方案20,方案21,方案23,方案24,方案25,方案26,;
2016-08-08 11:04:08	f6739a79e7b38439d6e5047b1437fd62:iMIP6KGEXyj0ZeulPUpINFBPZed0VHTj	Q1:方案2,方案3,方案4,方案5,方案6,方案7,方案8,方案9,方案10,方案11,方案12,方案13,方案20,方案21,方案22,方案26,;
2016-08-08 11:04:54	00ac6b1467540172de04fa07bc9f0a74:mxMhIFdi56RwM0QG0g1a5xDPIlWDehTH	Q1:方案1,方案2,方案5,方案6,方案7,方案8,方案9,方案10,方案11,方案12,方案17,方案18,方案19,方案20,方案21,方案24,;
2016-08-08 11:05:02	7b6db00d61493922ae16d948872f520a:OUTFiWrXevHPGK5gIiLtyCb5nbXkKzU5	Q1:方案5,方案7,方案9,方案10,方案11,方案12,方案13,方案16,方案17,方案18,方案20,方案21,方案23,方案24,方案25,方案26,;
2016-08-08 11:05:49	f01533db4d04ff5aa14150234f27664e:VWRwTTMX3aWAPgG00JVAXmTWAfIAFFvL	Q1:方案5,方案7,方案9,方案10,方案11,方案12,方案13,方案16,方案17,方案18,方案20,方案21,方案23,方案24,方案25,方案26,;
2016-08-08 11:09:07	a3fd4edcb2a3dcd7ed50ebe80b1dd53a:gqNYn0XupDEakr7u5FxUH4BXpEJmF7UE	Q1:方案2,方案4,方案5,方案6,方案7,方案8,方案9,方案10,方案11,方案12,方案17,方案18,方案19,方案20,方案21,方案24,;
2016-08-08 11:10:00	479afa1fba7a6201697f56e787712f5d:6vzlXC9IwyP1db1wf37kQgCgwykFqiOU	Q1:方案1,方案4,方案5,方案6,方案7,方案8,方案11,方案13,方案14,方案17,方案18,方案20,方案22,方案23,方案24,方案26,;
2016-08-08 11:10:47	a6ec7f6f7e1843208218bd65ec0faeae:zklOcPW40cK9AbgcjZgsEZD7nXDA4L9E	Q1:方案2,方案3,方案4,方案7,方案8,方案9,方案10,方案12,方案15,方案16,方案17,方案20,方案21,方案22,方案24,方案25,;
2016-08-08 11:10:52	93b56e7a8c43b08eb322d1c9c2f23705:hFB56xm3SYYQNJgOdAvciQZ05l5s7K61	Q1:方案2,方案5,方案7,方案8,方案9,方案10,方案11,方案12,方案13,方案14,方案15,方案16,方案17,方案19,方案23,方案24,;
2016-08-08 11:11:12	c15fd848e91c6ff94546680c36668772:qWY1nrTBjlaBH7iXrIzcBptJ0kYya41o	Q1:方案2,方案4,方案5,方案6,方案7,方案8,方案9,方案10,方案11,方案12,方案17,方案18,方案19,方案20,方案21,方案24,;
2016-08-08 11:11:28	27c5dfeb2733e7e28252361754004593:8g86bISDCp207KaJ41cPUGry3G8cbMxZ	Q1:方案4,方案5,方案7,方案8,方案9,方案10,方案11,方案12,方案13,方案14,方案15,方案16,方案17,方案18,方案21,方案24,;
2016-08-08 11:12:44	acc6f803acfed2743138e62902154a7f:ziuWIu7zV0aDWp33fEQYVIULRSyxDKwx	Q1:方案4,方案5,方案7,方案8,方案9,方案10,方案11,方案12,方案13,方案14,方案15,方案16,方案17,方案20,方案21,方案22,;
2016-08-08 11:13:01	5a3a2fb6334fcceed1951c28febc8de8:7aeUM3rhcUTt432Hxqu59V8wk2hc1tV1	Q1:方案2,方案4,方案5,方案6,方案7,方案8,方案9,方案10,方案11,方案12,方案17,方案18,方案19,方案20,方案21,方案24,;
2016-08-08 11:13:06	d7166a5ddf0462cf5aa768260d92913e:dAnNjOKIT5vnDgMcz9N7ildYHLyJglcx	Q1:方案2,方案3,方案4,方案5,方案6,方案7,方案9,方案12,方案13,方案14,方案15,方案16,方案17,方案20,方案21,方案22,;
2016-08-08 11:14:04	17dc9ca536a5d15998d4fabc263ff10c:b0YXCFFYroH85m4zpaQQJhSOzSL4kU2k	Q1:方案2,方案4,方案5,方案6,方案7,方案8,方案9,方案10,方案11,方案12,方案17,方案18,方案19,方案20,方案21,方案24,;
2016-08-08 11:16:06	2d5ee5a9ea5792cfad49b2d8d695e778:4awxN1HnKR4OdFeLkHRJfhbi3j87YSp2	Q1:方案2,方案3,方案4,方案5,方案6,方案7,方案8,方案9,方案11,方案12,方案13,方案14,方案15,方案16,方案17,方案18,;
2016-08-08 11:16:47	5b2c99830d7359b56542fc2733e82fe6:F3OdNnabwuYP1xzPLvN1uri4hiqHerO2	Q1:方案2,方案4,方案5,方案6,方案7,方案8,方案9,方案10,方案11,方案12,方案17,方案18,方案19,方案20,方案21,方案24,;
2016-08-08 11:17:06	710ed01f7d42da7c6b7eb25218dea8cb:ziNwCCXokF5wlEwyzTku1iLIfXc50Slp	Q1:方案2,方案3,方案4,方案5,方案6,方案7,方案8,方案9,方案11,方案12,方案13,方案14,方案15,方案16,方案17,方案18,;
2016-08-08 11:18:06	3e087f05c43f37b78331b9299420288b:vlqG0nsnBnphduoKXg7uTOiID07b7coW	Q1:方案2,方案4,方案5,方案6,方案7,方案8,方案9,方案10,方案11,方案12,方案17,方案18,方案19,方案20,方案21,方案24,;
2016-08-08 11:18:17	a99dfe5c737cbb694d076e450487228d:tKhBHHbNRL9VHJFW0ejviyb5GI7CFqBA	Q1:方案2,方案4,方案5,方案6,方案7,方案8,方案9,方案10,方案11,方案12,方案17,方案18,方案19,方案20,方案21,方案24,;
2016-08-08 11:18:43	c2712a4da539d6433cdfba4b9c3b0e5d:KH15zxw3viKKG8go39t3DpJop8YNjfYo	Q1:方案2,方案4,方案5,方案6,方案8,方案9,方案11,方案12,方案13,方案14,方案15,方案16,方案20,方案21,方案23,方案26,;
2016-08-08 11:19:19	80b0931cd056bc82173238b455e653a2:vzFkQhqXaEF58H8iiouN6O7eUFuiKDz1	Q1:方案2,方案4,方案5,方案6,方案7,方案8,方案9,方案10,方案11,方案12,方案17,方案18,方案19,方案20,方案21,方案24,;
2016-08-08 11:19:28	d5fe1fb160ba53de06792edc601690ce:GIiHkmwilAWWtvdXcMsI0aLEqjkvYleY	Q1:方案3,方案4,方案5,方案7,方案8,方案9,方案10,方案12,方案14,方案16,方案17,方案18,方案19,方案20,方案21,方案25,;
2016-08-08 11:20:37	69edcb3fbc86f4cc724a24e2e68681da:sxvcEcX8tSUJkmSYDEPLRAPDK17IMo4R	Q1:方案2,方案4,方案5,方案6,方案7,方案8,方案9,方案10,方案11,方案12,方案17,方案18,方案19,方案20,方案21,方案24,;
2016-08-08 11:20:38	ccc74f7c48b17f44d2daa8ee7d098fd1:cDaMEuAcjdwSkz6VTcNYj12zNMPC1YQD	Q1:方案2,方案4,方案5,方案6,方案8,方案9,方案10,方案13,方案14,方案16,方案17,方案20,方案23,方案24,方案25,方案26,;
2016-08-08 11:21:32	9bf7d646eaeca1b54e59463e436a0214:P2RX0bODZItymwc8nug0EHErqgDmNkZH	Q1:方案4,方案5,方案7,方案8,方案9,方案10,方案12,方案14,方案15,方案16,方案17,方案18,方案21,方案22,方案24,方案26,;
2016-08-08 11:21:57	8519d83e701a70f14697a1c2439449c7:oN9nBi9tfi7ZNkRsrYxxX8hfdoQk7wMT	Q1:方案2,方案4,方案5,方案6,方案7,方案8,方案9,方案10,方案11,方案12,方案17,方案18,方案19,方案20,方案21,方案24,;
2016-08-08 11:21:59	a5b5293b74bdd75886171399091cf6f5:4myMjIEyvL0MhIyqGqkgph2mTARBlEyi	Q1:方案2,方案4,方案5,方案6,方案7,方案8,方案9,方案10,方案11,方案12,方案17,方案18,方案19,方案20,方案21,方案24,;
2016-08-08 11:22:15	494617aef48b3245a57a46f1f4a9e956:YGvy8NuWT2DgPaMhCZlfvArwiaaRn4uz	Q1:方案4,方案6,方案8,方案9,方案10,方案11,方案12,方案13,方案17,方案18,方案20,方案21,方案23,方案24,方案25,方案26,;
2016-08-08 11:23:20	79e766e7b5d1da0a5b14233c587cfd8c:klv4r0nRYhtAOw8857hluQlt7coiBeuO	Q1:方案4,方案6,方案9,方案11,方案12,方案13,方案14,方案15,方案17,方案18,方案19,方案20,方案21,方案22,方案23,方案24,;
2016-08-08 11:24:07	e1719a191bff48a191789d5f0246fdef:fteIDhdHTx8gMstlgxmYqoisyUbderBn	Q1:方案2,方案3,方案4,方案6,方案7,方案8,方案10,方案12,方案13,方案14,方案16,方案17,方案18,方案20,方案21,方案23,;
2016-08-08 11:24:53	2ccb124b6d544b3f830779c9cdf3cbd0:ox68C2QpZ6ufxzOPo7vD9PBRd9xLi9VM	Q1:方案2,方案3,方案4,方案6,方案7,方案8,方案10,方案12,方案13,方案14,方案16,方案17,方案18,方案20,方案21,方案23,;
2016-08-08 11:25:44	812b9f0aff673cccfa8a307abd497467:L38yp6RvxIKIMK7roKdME7C4izQTtfhA	Q1:方案2,方案3,方案4,方案6,方案7,方案8,方案10,方案12,方案13,方案14,方案16,方案17,方案18,方案20,方案21,方案23,;
2016-08-08 11:25:59	938e500c6ce34ad656ad9908b8e46430:n4Z2YTPwRrhdJqKGDTMVgiYdEnSA4aHQ	Q1:方案2,方案4,方案5,方案6,方案7,方案8,方案9,方案10,方案11,方案12,方案17,方案18,方案19,方案20,方案21,方案24,;
2016-08-08 11:26:51	11964a1aaa6868771ac7420641e085e2:1Zxbqqwsm6vuFFhEH7hgAaYZxO7Z36LI	Q1:方案2,方案3,方案4,方案6,方案7,方案8,方案10,方案12,方案13,方案14,方案16,方案17,方案18,方案20,方案21,方案23,;
2016-08-08 11:26:59	653d236a25e96ec18dbc5ec822d36050:qDfWA2rYol4TEBeLEz7gis75uedBD7Va	Q1:方案2,方案4,方案5,方案6,方案7,方案8,方案9,方案10,方案11,方案12,方案17,方案18,方案19,方案20,方案21,方案24,;
2016-08-08 11:28:23	1a82109703ca9c227cc6abe3cbca5a9f:qtkpV8GOSp6yJEIu1aUQMzbbJ6PYW07N	Q1:方案2,方案4,方案5,方案6,方案7,方案8,方案9,方案10,方案11,方案12,方案17,方案18,方案19,方案20,方案21,方案24,;
2016-08-08 11:30:53	e2fbac3e86fac2aaf5080b6edd26e675:aQPW2QmHu8R1OxPlqATCRzqM563V5BTu	Q1:方案2,方案4,方案5,方案6,方案7,方案8,方案9,方案10,方案11,方案12,方案17,方案18,方案19,方案20,方案21,方案24,;
2016-08-08 11:31:03	e6ae845300bf20f04f11253e91f4b284:GV44UZlPWXP5XulqoZlnEF9KpDczPlkt	Q1:方案2,方案4,方案5,方案6,方案7,方案8,方案9,方案10,方案11,方案12,方案17,方案18,方案19,方案20,方案21,方案24,;
2016-08-08 11:31:08	b902e1086df103443c72c64af76c7916:NmDa0cn9JD7JfBzTVVElDZRvwR9oM7Ca	Q1:方案1,方案4,方案5,方案6,方案7,方案8,方案9,方案11,方案12,方案16,方案18,方案19,方案20,方案23,方案24,方案26,;
2016-08-08 11:32:26	3f94739f3692f197b11ed2c51a962dce:itF9KHkPLqH9HHALxSMMSUBvZiBFWF1S	Q1:方案2,方案4,方案5,方案6,方案7,方案8,方案9,方案10,方案11,方案12,方案17,方案18,方案19,方案20,方案21,方案24,;
2016-08-08 11:32:26	da6f6da766ff962af695502bd891c1f4:sbj1QtppNEUDrmX4kc5C22KOjPorfhWJ	Q1:方案1,方案2,方案4,方案5,方案6,方案7,方案8,方案9,方案12,方案16,方案17,方案18,方案19,方案21,方案23,方案26,;
2016-08-08 11:33:41	1ba55c7e6a7deb915b883760d726c749:uYdlFnIR5JKIYA8UhSDGpEsDA3RWWSEc	Q1:方案2,方案4,方案5,方案6,方案7,方案8,方案9,方案10,方案11,方案12,方案17,方案18,方案19,方案20,方案21,方案24,;
2016-08-08 11:35:18	5a715699c2b3bc197883b259ad7b63c1:oq4bSvN8rDS0gkRNewDX4YvWOzqXQfzW	Q1:方案4,方案7,方案8,方案9,方案10,方案11,方案12,方案13,方案14,方案15,方案16,方案18,方案19,方案22,方案24,方案25,;
2016-08-08 11:35:34	2d4fcb75cc36a6da8c1fcc50a839248e:rbsCV0C4wQFcN74Bn0leK0xZ8lKgr7z8	Q1:方案2,方案4,方案5,方案6,方案7,方案8,方案9,方案10,方案11,方案12,方案17,方案18,方案19,方案20,方案21,方案24,;
2016-08-08 11:37:13	9f773d2940f9e7a63fcb7a33b5503c22:vW6BAIhr9QSoDGbyNZjm5VwoDLGvfjhQ	Q1:方案2,方案4,方案5,方案6,方案7,方案8,方案9,方案10,方案11,方案12,方案17,方案18,方案19,方案20,方案21,方案24,;
2016-08-08 11:37:13	31c783d2edf3986bfbd2fd813218e867:LE7NoyIIRK4GaRG7Jj5sqZx6Cx1eFDjs	Q1:方案4,方案5,方案7,方案8,方案12,方案15,方案16,方案18,方案19,方案20,方案21,方案22,方案23,方案24,方案25,方案26,;
2016-08-08 11:38:13	8b9eb4f0d7b75db67a3e3d9a54e7fabc:AmXN5Ff358u4bkPCks29aCQiX2jbIvSu	Q1:方案2,方案4,方案9,方案10,方案12,方案13,方案15,方案16,方案18,方案20,方案21,方案22,方案23,方案24,方案25,方案26,;
2016-08-08 11:39:29	dc2e9c75baccf5ce0d2965b050276aa9:ESy2U4n3141iOHuXjoHxcHn3exB3xuSv	Q1:方案1,方案2,方案4,方案5,方案7,方案8,方案9,方案12,方案13,方案16,方案19,方案20,方案21,方案23,方案25,方案26,;
2016-08-08 11:43:08	1b672e58b3b461f361753b5e683922b8:NavXj0BJGV4pvy373HQo3FvdB1Hnx5Xc	Q1:方案2,方案4,方案5,方案6,方案7,方案8,方案9,方案10,方案11,方案12,方案17,方案18,方案19,方案20,方案21,方案24,;
2016-08-08 11:48:08	08ec67126011fdee00d4545ac39aaf4c:xhDOEtWjnEWsyPp3JvSsJz0XYgfUEbHv	Q1:方案2,方案4,方案5,方案6,方案7,方案8,方案9,方案10,方案11,方案12,方案17,方案18,方案19,方案20,方案21,方案24,;
2016-08-08 11:49:00	b8a912dd3ee44907c19fe9836a00faf7:k9LdRrYZ4MGveNv1VFQHbolvifsx81lA	Q1:方案2,方案4,方案5,方案6,方案7,方案8,方案9,方案10,方案11,方案12,方案17,方案18,方案19,方案20,方案21,方案24,;
2016-08-08 11:50:35	2cba0ac8c7b3e6dbe5d2c3165df3ff54:bNRvQiEY9HfzRwxI40ag3ls4qQrPRVa8	Q1:方案2,方案4,方案5,方案6,方案7,方案8,方案9,方案10,方案11,方案12,方案17,方案18,方案19,方案20,方案21,方案24,;
2016-08-08 11:51:56	ed7b5948e9c78d081503be736b073420:augHaNtZLyGL9JMV5jDxeBGloSJqLuR0	Q1:方案2,方案4,方案5,方案6,方案7,方案8,方案9,方案10,方案11,方案12,方案17,方案18,方案19,方案20,方案21,方案24,;
2016-08-08 11:56:15	39a5de98c460defb27148d96f6db1884:QU2ehRDsBHH3YP370ijc16AcQkbF31nV	Q1:方案1,方案2,方案3,方案4,方案6,方案13,方案14,方案15,方案16,方案19,方案20,方案22,方案23,方案24,方案25,方案26,;
2016-08-08 11:57:18	4fd25e8ec12c88215d5c14c549a60a3b:zbiwabp6IMOw69v2CT3rQh8S8aydkKll	Q1:方案2,方案4,方案5,方案6,方案7,方案8,方案9,方案10,方案11,方案12,方案17,方案18,方案19,方案20,方案21,方案24,;
2016-08-08 12:50:36	e64c99e5d2a52011db0723d517a13e0c:9wwBUaYLPfhtmOwVLxY8AGEIwkZLJ3XQ	Q1:方案1,方案2,方案3,方案4,方案5,方案6,方案8,方案9,方案10,方案12,方案13,方案14,方案16,方案17,方案18,方案21,;
2016-08-08 12:54:35	03a3365ce631d7da8f3f1f2eeab80673:0waRCjTKJB3a2xhxlJHIKMWQNQDwgL7y	Q1:方案1,方案3,方案6,方案7,方案12,方案13,方案14,方案16,方案17,方案18,方案20,方案21,方案23,方案24,方案25,方案26,;
2016-08-08 13:36:09	2195e5eb55e1d2c53d276fa7c8a19bea:lrRh5nerZP40xDS2NUhFecJbzvEeommE	Q1:方案2,方案6,方案7,方案8,方案9,方案10,方案11,方案12,方案14,方案16,方案17,方案18,方案20,方案21,方案24,方案25,;
2016-08-08 13:38:43	cbf526ffb5c7a9d6bc194c17767aeef3:h4bdjgzXxkeEAwK3GOqkgWaaMdgPAXjB	Q1:方案3,方案4,方案5,方案6,方案7,方案8,方案9,方案10,方案11,方案12,方案13,方案14,方案21,方案22,方案24,方案26,;
2016-08-08 13:40:04	a2a02118d81cf13fef727f894db9ee98:on0D03w6yqY8vLO5gBcaXxrAAzkB6Lfs	Q1:方案2,方案3,方案4,方案5,方案6,方案7,方案8,方案9,方案10,方案12,方案13,方案16,方案17,方案21,方案23,方案24,;
2016-08-08 13:40:45	8db1c935fbd16024d9b5bd2c1430aa86:KrRE25tnxACzuBDDcNMFW7bCm76hIdeq	Q1:方案3,方案4,方案7,方案8,方案9,方案10,方案11,方案13,方案14,方案16,方案17,方案18,方案21,方案22,方案23,方案24,;
2016-08-08 13:42:16	f9f57c986897b4a90447998c04cf7aae:b0LSWV0mFYlLu8RO3AFiV3OMsIw1phtv	Q1:方案2,方案3,方案4,方案5,方案6,方案7,方案8,方案9,方案10,方案12,方案14,方案16,方案17,方案18,方案20,方案24,;
2016-08-08 13:43:10	0efb20535b475610211ef12c5d882705:IybczG3CvncgUO6bYH2qADa95eMANoxA	Q1:方案4,方案5,方案6,方案7,方案8,方案9,方案10,方案11,方案12,方案13,方案16,方案17,方案18,方案21,方案23,方案24,;
2016-08-08 13:45:46	7f5b47f21c3777ab0eac2319704063f6:pBYolE2JEZ6H7xyzFmlRS1OeZucMkR9w	Q1:方案2,方案3,方案4,方案5,方案7,方案8,方案9,方案10,方案11,方案12,方案13,方案14,方案16,方案21,方案23,方案24,;
2016-08-08 13:46:57	4e9779103d195557634232197ec069b5:2UJbfyRL8nfx43kwUcScY5NMxcBIV6Jg	Q1:方案2,方案4,方案5,方案8,方案10,方案11,方案12,方案13,方案14,方案15,方案16,方案17,方案19,方案21,方案23,方案24,;
2016-08-08 13:48:23	b69cd348bf5874caf4bfdc33a94be66f:t7ioTze80PDd9pVcUCwNKGUTRnWXA0xn	Q1:方案2,方案4,方案5,方案8,方案10,方案11,方案12,方案13,方案14,方案15,方案16,方案17,方案21,方案23,方案24,方案26,;
2016-08-08 14:04:36	19c36cd37b27f58cdd619dfa023bc68c:ebFtgKfEIZL5fTabchhXy7CVa5aZ06vN	Q1:方案1,方案4,方案5,方案7,方案8,方案10,方案11,方案13,方案14,方案16,方案17,方案19,方案20,方案22,方案23,方案24,;
2016-08-08 14:05:47	dae0899df67680b29db0c06f4b4c1acc:fzV2aXyIu7s395DaoNgSQ9oU4Ota2ZNM	Q1:方案1,方案2,方案3,方案4,方案5,方案6,方案7,方案8,方案9,方案20,方案21,方案22,方案23,方案24,方案25,方案26,;
2016-08-08 14:06:33	9ecf8c3a5c316f0a72a2b848d29c46e0:bO55GLKjNq5d3oveqCFS2byRfRlOrhgD	Q1:方案2,方案3,方案5,方案6,方案8,方案9,方案10,方案11,方案12,方案13,方案14,方案17,方案18,方案19,方案20,方案22,;
2016-08-08 14:07:42	576ef15a07cbde7b130b74abca9cf3bb:EtQpjpL8n9jCzyUVqful7Wb8xds8ekeE	Q1:方案1,方案2,方案4,方案5,方案6,方案9,方案10,方案11,方案12,方案13,方案14,方案16,方案17,方案18,方案19,方案20,;
2016-08-08 14:07:48	cfa1396419dbfe83cb812f7951d34f61:GrNuynImyYWMOzDB8gCexSk5bhspj5LW	Q1:方案4,方案5,方案6,方案7,方案8,方案9,方案11,方案12,方案15,方案16,方案17,方案19,方案20,方案21,方案24,方案26,;
2016-08-08 14:08:23	8927be25a247cc9bcaef54b69ae25302:hcYl0V6W2K3OgIVcOF618BQVtPl0SlPG	Q1:方案2,方案3,方案10,方案11,方案13,方案14,方案15,方案16,方案17,方案18,方案19,方案20,方案21,方案22,方案23,方案24,;
2016-08-08 14:09:05	4a6812036e6c3af5a8db0894b4d3f7e6:gBdLhdftmtfZ8NALXMMsQ4pwfSSwD1ro	Q1:方案1,方案2,方案3,方案13,方案14,方案15,方案16,方案17,方案18,方案19,方案20,方案21,方案22,方案23,方案24,方案26,;
2016-08-08 14:12:22	1c38d8e024e3875c80ca2e31617a6cb2:fG2o5BBwSGeek2k37kUt8XDNGGHLCwxB	Q1:方案1,方案2,方案3,方案4,方案5,方案6,方案10,方案11,方案12,方案14,方案15,方案18,方案19,方案20,方案21,方案23,;
2016-08-08 14:13:00	8856e861d6275b4b150de448f31344a7:Aw9GyVNUFn3D187oJHAzyN3cubtuVaoF	Q1:方案2,方案3,方案4,方案5,方案6,方案8,方案11,方案13,方案14,方案15,方案16,方案17,方案20,方案21,方案23,方案24,;
2016-08-08 14:14:03	9f089360bee4a42045f6272ee8c246a8:qmM3itoRosMurjOtpM5OIuMiW200VYLe	Q1:方案2,方案3,方案7,方案8,方案10,方案11,方案12,方案14,方案15,方案17,方案20,方案22,方案23,方案24,方案25,方案26,;
2016-08-08 14:56:27	5c5e91cf9e371e3a4fdbd57158e7b5b6:LNDtyDIZYtSLANIT3EeWvX8eEHQFFxCh	Q1:方案1,方案2,方案4,方案7,方案8,方案9,方案10,方案12,方案13,方案15,方案16,方案20,方案21,方案23,方案24,方案26,;
2016-08-08 14:58:39	60ac8b22de8e314a2271367cc2f2a656:RO5Ct4aP8NcSUUxufAVrABGBxGZuiXzQ	Q1:方案1,方案2,方案4,方案5,方案7,方案8,方案9,方案12,方案13,方案15,方案16,方案20,方案21,方案23,方案24,方案26,;
2016-08-08 14:59:53	957401b42cef5ccafc0dfd459dbb4964:PseTsZvCp3YfZRBNoVekGLk0OhmTgyKA	Q1:方案8,方案9,方案10,方案11,方案12,方案13,方案14,方案15,方案16,方案17,方案20,方案21,方案22,方案23,方案24,方案26,;
2016-08-08 15:00:30	b02e21ee37117efc8b4fa557b029be46:gTx5sbwJrgkvxCYHlDhp8JOLa6mzFUjs	Q1:方案8,方案9,方案10,方案11,方案12,方案13,方案14,方案15,方案16,方案17,方案20,方案21,方案22,方案23,方案24,方案26,;
2016-08-08 15:00:51	6e5946ebf9f24df2609178183689a4db:ragWoIrTYe0npxFBbwkAen6pbAbXjkI4	Q1:方案1,方案4,方案5,方案6,方案7,方案8,方案9,方案12,方案13,方案15,方案16,方案20,方案21,方案23,方案24,方案26,;
2016-08-08 15:01:30	919314673437895a0c58940b557fc713:JNPm5cTn6xdE95cSrb7CArEixRGBX0D9	Q1:方案1,方案2,方案5,方案7,方案8,方案9,方案13,方案14,方案15,方案16,方案17,方案18,方案19,方案22,方案23,方案26,;
2016-08-08 15:03:29	b3a3cc3eb51101b0c59426fc6e91bf11:cOhIZSoeTVUGd44tMn6ICMDZqyFCq9Yf	Q1:方案1,方案2,方案4,方案7,方案8,方案9,方案10,方案12,方案13,方案15,方案16,方案20,方案21,方案23,方案24,方案26,;
2016-08-08 15:03:50	14b657133b165a78f588e26542ad4b6a:CSZdgOYPP9XKdtWLuiUwgbWzsaeUTGJW	Q1:方案8,方案9,方案10,方案11,方案12,方案13,方案15,方案16,方案17,方案20,方案21,方案22,方案23,方案24,方案25,方案26,;
2016-08-08 15:04:18	332182d4bfbc5f6e47faf670b0697070:nsCn34EEM7VXHbu5hN7MD8D8VbaJeyaj	Q1:方案1,方案2,方案3,方案4,方案5,方案8,方案9,方案10,方案11,方案13,方案15,方案16,方案17,方案19,方案21,方案24,;
2016-08-08 15:04:41	0653937c85306bb578eef621b57ca39e:jCQWESvGjUBAxJ3etLeFiHJhBj3T9yzs	Q1:方案1,方案2,方案4,方案7,方案8,方案9,方案10,方案12,方案13,方案15,方案16,方案20,方案21,方案23,方案24,方案26,;
2016-08-08 15:05:35	38272cba9cbbaba6ec6e212e47d4a014:KnPML51TYlgsZ9mIbbKwHyEVRB7vw2qo	Q1:方案1,方案2,方案4,方案7,方案8,方案9,方案10,方案12,方案13,方案15,方案16,方案20,方案21,方案23,方案24,方案26,;
2016-08-08 15:06:28	7f021712bf7d6cc3cd42652afd06b7d9:IGMtqQtXROhatTqeBxopcFvs58VaMTQa	Q1:方案1,方案2,方案5,方案6,方案7,方案8,方案9,方案12,方案15,方案16,方案17,方案20,方案21,方案23,方案24,方案26,;
2016-08-08 15:06:51	0de6a02b78d5ff0d4228d3caa9edfc13:Xf18J879iVraaHnrVA5NjXpgO8RQcKvY	Q1:方案1,方案2,方案3,方案4,方案5,方案7,方案8,方案9,方案10,方案11,方案12,方案13,方案14,方案15,方案16,方案17,;
2016-08-08 15:07:13	cf551edf2a53a35980e692070fd313a7:RBLElasPPWrCss9rfrU5GkQWxvMgMXZU	Q1:方案8,方案9,方案10,方案11,方案12,方案13,方案15,方案16,方案17,方案20,方案21,方案22,方案23,方案24,方案25,方案26,;
2016-08-08 15:07:36	7e38db1733e01cc3de104c523bee497d:vqgDE8WevEPYTsqb1pe7KLR45h86Ml8v	Q1:方案1,方案2,方案4,方案7,方案8,方案9,方案10,方案12,方案13,方案15,方案16,方案20,方案21,方案22,方案23,方案26,;
2016-08-08 15:08:05	91d8e731b979d8b2682975012b6fe20d:N5Gw2nwMeauIUrbwzGJVrOojw05IYVoI	Q1:方案5,方案8,方案11,方案13,方案15,方案16,方案17,方案18,方案19,方案20,方案21,方案22,方案23,方案24,方案25,方案26,;
2016-08-08 15:08:43	f25deaab036d9a2e01efcec9bf380ba0:Jgej4rv02QFzD8Bf6xjSGtTmAgasqc0v	Q1:方案2,方案4,方案5,方案7,方案8,方案9,方案12,方案14,方案15,方案16,方案20,方案21,方案22,方案23,方案24,方案26,;
2016-08-08 15:10:33	5a77e815f957c20da71b16392cd81ece:EpnketqOPhq9WcmvvGtxS6xzU4nZshH8	Q1:方案2,方案4,方案5,方案7,方案8,方案9,方案12,方案14,方案15,方案16,方案20,方案21,方案22,方案23,方案24,方案26,;
2016-08-08 15:20:36	aa08bb163a9107839c32441240437ec4:9tBkOotDU8pmlPuhdGAruYIcEKlnPf20	Q1:方案1,方案2,方案5,方案6,方案7,方案8,方案9,方案12,方案15,方案16,方案17,方案20,方案21,方案23,方案24,方案26,;
2016-08-08 15:22:18	bee9f03d9417316381c87ae69bccf20d:xiZjkj2hvSjiUZr7Qptn15ex1JPAaoOP	Q1:方案2,方案3,方案4,方案5,方案6,方案7,方案8,方案9,方案10,方案11,方案12,方案17,方案18,方案19,方案21,方案23,;
2016-08-08 15:23:31	5555798be2a5a7c71ed4a55299169d92:n3oDQfFRGgoJvkG5ZX9ICgY5VWlltYT8	Q1:方案2,方案3,方案4,方案5,方案6,方案8,方案10,方案11,方案12,方案17,方案18,方案20,方案21,方案23,方案24,方案26,;
2016-08-08 15:23:58	a709f5f19a7e152a29143c8ae56ab943:jB8r3KWZDmRbftTScTmrWFtTwE5AAuHJ	Q1:方案8,方案9,方案10,方案11,方案12,方案13,方案15,方案16,方案17,方案20,方案21,方案22,方案23,方案24,方案25,方案26,;
2016-08-08 15:25:28	bf6ec70006539ef23563f844f50a2b32:0hoBIfIWhf8Kx2kwyMugwOuWjyZfgGkg	Q1:方案1,方案2,方案4,方案7,方案8,方案9,方案10,方案12,方案13,方案15,方案16,方案20,方案21,方案23,方案24,方案26,;
2016-08-08 15:25:46	138d25cde5aec4e0bd3cd2d3eaf80c0a:0aqu27Y0BvkcDgUDKEjnopDfg5exeRiS	Q1:方案8,方案9,方案10,方案11,方案12,方案13,方案14,方案15,方案16,方案18,方案20,方案21,方案22,方案24,方案25,方案26,;
2016-08-08 15:26:50	ba30678e6e307cc5d957aa4a03819f9c:l8FUdLcQ7DHzi4gOBVs9opxfEnkcGH4j	Q1:方案2,方案3,方案4,方案5,方案7,方案8,方案9,方案10,方案12,方案15,方案16,方案17,方案20,方案21,方案24,方案26,;
2016-08-08 15:29:48	4619a170b8c0f329ea293064067b35b9:qwcdAC40CecCRwWxhg3oScX4yRk8Suol	Q1:方案1,方案4,方案5,方案6,方案7,方案8,方案9,方案12,方案13,方案16,方案20,方案21,方案23,方案24,方案25,方案26,;
2016-08-08 15:30:43	f3607b305b1c5429255d231849ce7584:iVqWtdYvKLIg712hYmwtiZHEUuB2IxJ8	Q1:方案2,方案3,方案4,方案5,方案6,方案7,方案8,方案9,方案11,方案12,方案13,方案14,方案15,方案16,方案17,方案18,;
2016-08-08 15:32:36	e394156516568fdebd05eaef4a181ab3:zPI1TZRvPVMNPIzsdlJzD5DbWu9krpBd	Q1:方案2,方案3,方案4,方案5,方案6,方案8,方案9,方案10,方案11,方案12,方案13,方案14,方案15,方案19,方案23,方案24,;
2016-08-08 15:34:28	b9807c2466d0dbea2c94bba502fcbb94:XuNQGy647e152CDCyT688Coj5mcabCXa	Q1:方案1,方案2,方案3,方案4,方案5,方案8,方案11,方案13,方案16,方案17,方案18,方案19,方案22,方案23,方案24,方案25,;
2016-08-08 15:34:41	82caf75f9873da5f17081b258e05f8c0:IcpCfm1oLn3Hh1Z8lxqrupZ7YW17PtD7	Q1:方案1,方案2,方案4,方案5,方案7,方案8,方案9,方案12,方案13,方案15,方案16,方案20,方案21,方案23,方案24,方案26,;
2016-08-08 15:36:23	ca746e74c66ee3915089c35fa5ee7400:JSULp2cccWrZCn69Wpme0UcfF4oB3HIz	Q1:方案4,方案5,方案6,方案7,方案8,方案9,方案10,方案12,方案13,方案15,方案16,方案20,方案21,方案23,方案24,方案26,;
2016-08-08 15:36:51	a6bf032bca3b6f7def6d1fa31e27759b:JmqVWaKtzDjqOcVDepuS3Oyl8IVw8fBe	Q1:方案1,方案2,方案3,方案4,方案5,方案8,方案9,方案11,方案12,方案13,方案14,方案16,方案18,方案19,方案21,方案24,;
2016-08-08 15:37:07	7a74cc5b2a9df25e3f43770e770f7362:HnrrHJXfBjoGuqnhAsj7bX7yZThWXXZc	Q1:方案1,方案2,方案4,方案5,方案7,方案8,方案9,方案12,方案14,方案15,方案16,方案21,方案22,方案23,方案24,方案26,;
2016-08-08 15:37:52	891d1a7e58f8ccdff472af6369091d95:1TdeJjWgVx1FGR9Qfguy4B6I3obIPBOV	Q1:方案10,方案11,方案12,方案13,方案14,方案15,方案16,方案17,方案18,方案19,方案21,方案22,方案23,方案24,方案25,方案26,;
2016-08-08 15:38:12	b69e4eca01ff32f46a7e81d32648041e:MMeFJauOQdrEoSVT4xTvtjNIOJzFEVuN	Q1:方案1,方案2,方案4,方案5,方案7,方案8,方案9,方案12,方案14,方案15,方案16,方案21,方案22,方案23,方案24,方案26,;
2016-08-08 15:39:31	5415676d2c20e8eee1ad22916057ef93:JPKXhDKk8qAXSwWUqjxyYrbilD8EMBAk	Q1:方案1,方案2,方案4,方案5,方案7,方案8,方案9,方案12,方案14,方案15,方案16,方案21,方案22,方案23,方案25,方案26,;
2016-08-08 15:40:13	f1cf6e6702f815a2282a759681499d92:CGFnSmdns7HcjeBVMbvEddUZJW3VioLG	Q1:方案1,方案2,方案4,方案5,方案7,方案8,方案9,方案12,方案14,方案15,方案16,方案21,方案22,方案23,方案24,方案26,;
2016-08-08 15:44:58	f05986851fc8a5e1b730a8b82d45da95:h5hW4d3IWGzc5b3w4LPJX11rJNj0UvJa	Q1:方案2,方案4,方案5,方案6,方案7,方案8,方案10,方案11,方案12,方案14,方案15,方案17,方案18,方案22,方案23,方案25,;
2016-08-08 15:45:10	ffffe4c269c9a2c37ec194e7df3dea59:SFcdX26bBwO8jcU5rGgXddJu1d3zy8SD	Q1:方案1,方案3,方案6,方案8,方案9,方案11,方案12,方案13,方案14,方案16,方案18,方案20,方案21,方案23,方案25,方案26,;
2016-08-08 15:46:42	637ab580a3b53afcf9624a276fd2df52:OQeJ58lJeeLoJt3O8m7cxbToarKFsJ3b	Q1:方案2,方案3,方案4,方案5,方案7,方案8,方案9,方案12,方案14,方案15,方案16,方案21,方案22,方案23,方案25,方案26,;
2016-08-08 15:50:02	4c838c2781035a67844f1ab8573e3207:lTJWqwD3kSWIPMIl9b8OGuo9l02gdpE1	Q1:方案4,方案5,方案6,方案7,方案8,方案9,方案10,方案12,方案13,方案15,方案16,方案20,方案21,方案23,方案24,方案26,;
2016-08-08 15:53:45	22dc3cc4f663c50f15b2e6fc3675f63e:jZVhhAAVSVrHMdAZssn8yo3z2Cl2O9bl	Q1:方案1,方案2,方案3,方案5,方案8,方案9,方案11,方案12,方案13,方案14,方案16,方案17,方案18,方案19,方案20,方案21,;
2016-08-08 15:53:46	f94fd70cfac09cc5bd7328de39e28359:ZdzbTZ8jbmUnOMILdIlo69MnwcXudtsD	Q1:方案1,方案2,方案4,方案5,方案6,方案7,方案8,方案9,方案10,方案11,方案12,方案13,方案14,方案15,方案17,方案18,;
2016-08-08 15:55:36	43ba8972a4c098e30ebae21e12bc2d89:MYfLkYEylFkrYaZAh0hEq36k44QY4DIA	Q1:方案1,方案2,方案3,方案5,方案7,方案8,方案10,方案11,方案13,方案14,方案17,方案19,方案23,方案24,方案25,方案26,;
2016-08-08 16:00:11	f5a73e77cce992a95d147cbf92044ddf:mPPmWuCAbnADM7hcypJ12OyTlb2UnQvc	Q1:方案2,方案3,方案4,方案5,方案7,方案8,方案10,方案11,方案13,方案14,方案17,方案19,方案23,方案24,方案25,方案26,;
2016-08-08 16:00:48	cda4c33e08c9cb20a47a46fb7fa497c9:gx7WZFN50oRbB6IbKJs6U7aEptTJWAng	Q1:方案2,方案6,方案7,方案9,方案10,方案13,方案15,方案16,方案17,方案18,方案19,方案20,方案22,方案23,方案24,方案26,;
2016-08-08 16:01:13	7186743754efeedf3f46b02c21ed8d7d:eZVvAOTtgSEUdKUAAdW5ZIGjVATk27Av	Q1:方案1,方案2,方案6,方案7,方案8,方案9,方案11,方案15,方案16,方案18,方案20,方案21,方案23,方案24,方案25,方案26,;
2016-08-08 16:31:19	fb168178d642625ce2040f93b1ac3c6f:GBJ2XOxIqv7Uk28cNRPHu50H5useaozF	Q1:方案1,方案2,方案4,方案5,方案7,方案9,方案11,方案12,方案13,方案16,方案17,方案18,方案20,方案21,方案22,方案24,;
2016-08-08 16:40:38	69e9fbbed0cf160fc9a95b6f1c28f2c7:4mnVpZhVLDyRxoB1voeT2T0XYit5rnBC	Q1:方案2,方案4,方案5,方案6,方案7,方案8,方案9,方案10,方案11,方案12,方案17,方案18,方案19,方案20,方案21,方案24,;
2016-08-08 16:43:55	c8d01f82dffb2524d1e90e57d07bd6a9:XnDSez4UImncrBFcNsq8Nvmcw4AkiGMh	Q1:方案2,方案4,方案5,方案6,方案7,方案8,方案9,方案10,方案11,方案12,方案17,方案18,方案19,方案20,方案21,方案24,;
2016-08-08 16:50:10	8c5c97ac0fe627f308509051247c40a3:YUOfpDeuQu0W28sxjOyjx0HqW3ibjxgz	Q1:方案2,方案4,方案5,方案6,方案7,方案8,方案9,方案10,方案11,方案12,方案17,方案18,方案19,方案20,方案21,方案24,;
2016-08-08 16:55:16	b3cf563e50326c7de541450d90f7e5a0:x34yCfs9EL06VZ9soIPszaNbHeO4N29d	Q1:方案1,方案2,方案5,方案9,方案10,方案11,方案12,方案13,方案14,方案16,方案17,方案18,方案21,方案22,方案23,方案24,;
2016-08-08 17:07:13	e2d0c5744228c6d3cec5d635123fd6f6:XYOrwxGw28XnNmoujkkWXiO3UJBh4vcc	Q1:方案2,方案3,方案4,方案5,方案6,方案8,方案9,方案11,方案13,方案14,方案16,方案17,方案18,方案21,方案25,方案26,;
2016-08-08 17:07:20	274adaf5b6b93c2cbe612d6549d158a6:mDRv19TBN7vGzmm4HINGw4zPtACEejlQ	Q1:方案2,方案3,方案4,方案5,方案6,方案7,方案11,方案12,方案13,方案16,方案17,方案20,方案21,方案23,方案25,方案26,;
2016-08-08 17:10:47	0b99b95ec82e5d2da60ab9fdf46b33fe:VJFTdh1h4N5jSPTGxVqvgbmgSsxjaCWo	Q1:方案2,方案4,方案5,方案6,方案7,方案8,方案10,方案12,方案13,方案14,方案16,方案17,方案18,方案21,方案23,方案26,;
2016-08-08 17:28:11	06a6a1dec770e9f50fb92e4ffc601bdb:uBeEEoZ56ekytAcKUvxprt9XRsGQ2ML0	Q1:方案4,方案5,方案7,方案8,方案9,方案10,方案12,方案13,方案14,方案15,方案17,方案20,方案22,方案23,方案24,方案25,;
2016-08-08 17:45:27	874ba333f17d0cac0a4a7b3444f1e1ea:kAlt7sXoCn9PUpckTwweQZCEkg5IzCKd	Q1:方案1,方案2,方案4,方案5,方案7,方案9,方案10,方案11,方案12,方案13,方案16,方案17,方案21,方案22,方案23,方案26,;
2016-08-08 18:01:27	f83ed55e59f86b236b63989fc02d38f8:pCp17BbnXe2rrOfG2nbemGVs7UYpLTcJ	Q1:方案3,方案4,方案8,方案9,方案10,方案11,方案12,方案13,方案14,方案15,方案16,方案18,方案20,方案21,方案22,方案23,;
2016-08-08 18:01:53	4fb017a46914c65fc80844e0318c3ade:pjiwCHqKKLSC4l9id20GqXCAj3BwVj9K	Q1:方案1,方案2,方案3,方案4,方案5,方案6,方案7,方案8,方案9,方案10,方案11,方案12,方案13,方案14,方案15,方案16,;
2016-08-08 18:57:19	ebf44df0f2a7953f6a424ee5ee30dd1b:WE8teTq42tO0WaPSGCjHOlUD69f1QIUk	Q1:方案2,方案3,方案5,方案6,方案7,方案8,方案10,方案11,方案13,方案14,方案15,方案16,方案17,方案18,方案21,方案23,;
2016-08-08 19:25:42	5d92a17d649f7d61b770f61ada142654:aGSvVj9Zf9SU3TkXWMAAwDaLqrv17YNG	Q1:方案3,方案4,方案5,方案7,方案9,方案10,方案11,方案12,方案14,方案17,方案18,方案19,方案21,方案23,方案24,方案26,;
2016-08-08 19:50:58	215298cfcb40f0a6f9dfd57d2bd580d6:AFgz3ijf6Puz0a7ude1IUTTBVvrREpxE	Q1:方案2,方案4,方案5,方案6,方案7,方案8,方案10,方案12,方案13,方案14,方案16,方案17,方案18,方案21,方案23,方案26,;
2016-08-08 19:54:24	2d379ca1b81a2b0a8063e0b6a7a72ddd:ctE9ASvwwf2SId8n7YOr8ZqzeJWg5uoo	Q1:方案2,方案4,方案5,方案6,方案7,方案8,方案10,方案12,方案13,方案14,方案16,方案17,方案18,方案21,方案23,方案26,;
2016-08-08 19:54:30	88fb12e1a7eb60668193988b53755375:K3rFeyr4ejUmWx8uAwx5cpSDibZnsEhf	Q1:方案2,方案4,方案5,方案6,方案7,方案8,方案10,方案12,方案13,方案14,方案16,方案17,方案18,方案21,方案23,方案26,;
2016-08-08 20:30:06	d667ef6f9ef733f38334426e32b71463:Xb7jSisDjUDROCYW3B8A67b9cX8eYg2q	Q1:方案4,方案5,方案6,方案7,方案8,方案9,方案11,方案13,方案18,方案19,方案20,方案21,方案23,方案24,方案25,方案26,;
2016-08-08 20:33:40	8137412dc08861f05d0afd2bf938a7a5:76sDImEQThzSbiMA0rDeCTPpA2QUkMq7	Q1:方案1,方案2,方案3,方案5,方案6,方案8,方案9,方案10,方案11,方案12,方案13,方案15,方案17,方案18,方案20,方案21,;
2016-08-08 20:56:21	4b6f898a0d44591c92de857041989cd0:oP0nszWCoLS5OAEfuvoh5HWMmWswkllJ	Q1:方案2,方案4,方案5,方案6,方案7,方案8,方案10,方案12,方案13,方案14,方案16,方案17,方案18,方案21,方案23,方案26,;
2016-08-08 20:57:45	11f879c72f53e67409698488bee0c4f2:oiTBS1klAApRjaZhXEZG824GmfuwltfZ	Q1:方案1,方案4,方案5,方案6,方案7,方案8,方案10,方案11,方案12,方案14,方案16,方案17,方案21,方案24,方案25,方案26,;
2016-08-08 21:08:47	2d8d285c3706de41b0f185acb9729bd6:i614NCEWLqsvRz3Gd37ELaIPGR7MFD4k	Q1:方案2,方案3,方案4,方案5,方案6,方案7,方案8,方案9,方案10,方案11,方案12,方案13,方案14,方案15,方案16,方案17,;
2016-08-08 21:37:57	f95dbce9011210b21081bcf28822d195:MKSO9cd8DjGjlScSUe2ZrCzcHFZ0Ez54	Q1:方案1,方案2,方案4,方案5,方案6,方案7,方案9,方案11,方案12,方案13,方案16,方案18,方案22,方案23,方案24,方案25,;
2016-08-08 21:49:01	48b0a70471aeb840293677fd96d8ffd9:98zucDkfFgAzraeOFTYNRUfuPiAkdcZ6	Q1:方案6,方案7,方案10,方案11,方案12,方案13,方案14,方案15,方案16,方案19,方案20,方案21,方案22,方案24,方案25,方案26,;
2016-08-08 21:51:58	f942a4539d3ce719afc307c375213a4b:dqOE54WmP9j1g4FnvH8prBidtlRLsJ3i	Q1:方案1,方案2,方案3,方案6,方案7,方案9,方案11,方案12,方案13,方案14,方案15,方案22,方案23,方案24,方案25,方案26,;
2016-08-08 21:56:31	1bfbf578d909d695d5afeb4d3727c637:biRtktwxFPupFhQTwtKQ49svI48CmpDO	Q1:方案4,方案5,方案6,方案7,方案8,方案9,方案10,方案11,方案12,方案13,方案15,方案17,方案18,方案22,方案23,方案24,;
2016-08-08 21:58:22	a45cf25d9e900cac19714c267908b7fb:49Rfuqqb6S3SSE0m0FEDjnUGLjsokzEg	Q1:方案1,方案3,方案6,方案7,方案13,方案14,方案15,方案18,方案19,方案20,方案21,方案22,方案23,方案24,方案25,方案26,;
2016-08-08 21:59:38	f4b857a2aa84f729e24f236a7aeedd57:pP0s9PkCEHyl57PqTCHKvt8lU0rmIsLA	Q1:方案1,方案3,方案6,方案7,方案13,方案14,方案15,方案18,方案19,方案20,方案21,方案22,方案23,方案24,方案25,方案26,;
2016-08-08 22:00:38	db3f9645761004cdd16609ca5000174e:xWyzXs9kCeFH7L5ump6vt6jofyNg0t2a	Q1:方案1,方案3,方案6,方案7,方案8,方案9,方案10,方案11,方案14,方案15,方案16,方案18,方案21,方案22,方案25,方案26,;
2016-08-08 22:00:59	c97eadf82205791a5ba783a96b064f37:RZcElZKfoythYQleEWHmSMgwGIwLvWVt	Q1:方案1,方案3,方案6,方案7,方案13,方案14,方案15,方案18,方案19,方案20,方案21,方案22,方案23,方案24,方案25,方案26,;
2016-08-08 22:02:22	adf809e6ec2627c8a55aec7f404afae2:GMfUsQdKZs5VWgWhxV9xarto3NkFpbn2	Q1:方案1,方案3,方案6,方案7,方案13,方案14,方案15,方案18,方案19,方案20,方案21,方案22,方案23,方案24,方案25,方案26,;
2016-08-08 22:03:25	20cbc34bfaa26c23aff0d04ad721df12:uLJxcf9QQVyHOTObPuBMkQn4k75hdiuG	Q1:方案1,方案3,方案6,方案7,方案13,方案14,方案15,方案18,方案19,方案20,方案21,方案22,方案23,方案24,方案25,方案26,;
2016-08-08 22:04:32	ab0c3bb28b494e72068e5644a9b1956e:DZVU9tuarRvVhyVEtU3qY1Gt48KVMoBP	Q1:方案1,方案3,方案6,方案7,方案13,方案14,方案15,方案18,方案19,方案20,方案21,方案22,方案23,方案24,方案25,方案26,;
2016-08-08 22:05:56	81e81df44c180ad5920accdb3fdb25a9:QipPC1iFQxE8q7nZWKxKjrLvPqMGcsbB	Q1:方案2,方案3,方案6,方案7,方案11,方案13,方案15,方案18,方案19,方案20,方案21,方案22,方案23,方案24,方案25,方案26,;
2016-08-08 22:07:03	048381831659fdec37d3267646bd421c:QLy6IZMbcsJC3JlvPLBw41QCzDVIhken	Q1:方案1,方案3,方案6,方案7,方案13,方案14,方案15,方案18,方案19,方案20,方案21,方案22,方案23,方案24,方案25,方案26,;
2016-08-08 22:13:02	e90a41a054f76e5f72b7a06967ac48ae:ZOQHJ2F5NSSnW6uvncV73yGpTNBfRwrS	Q1:方案1,方案3,方案6,方案7,方案11,方案13,方案14,方案15,方案17,方案19,方案20,方案22,方案23,方案24,方案25,方案26,;
2016-08-08 22:14:10	518ad8c6b7e523a7844e7fd371d1cc25:X6PHE8wPVJ3Su48JR97IcIMPblKpszny	Q1:方案1,方案3,方案6,方案7,方案11,方案13,方案14,方案15,方案17,方案19,方案21,方案22,方案23,方案24,方案25,方案26,;
2016-08-08 22:16:22	2ac255fa7890bf7b22bb8b8fdc09a546:7SOvwmDHrwI6AJsRz5lzuouvamAez28c	Q1:方案1,方案2,方案3,方案6,方案7,方案11,方案13,方案14,方案15,方案19,方案20,方案22,方案23,方案24,方案25,方案26,;
2016-08-08 22:18:39	208b37d53e616cedf934e45244eab85c:BZqxvaQQqDiquSlOULqw4b9w4mMTrdUR	Q1:方案4,方案5,方案8,方案9,方案10,方案11,方案12,方案14,方案15,方案17,方案18,方案19,方案22,方案24,方案25,方案26,;
2016-08-08 22:18:45	6861067f369f013be043cfe3366567f7:JfMRV48GQr4Kh3396xj1D8KOZssidWoO	Q1:方案1,方案3,方案6,方案7,方案11,方案13,方案14,方案15,方案17,方案19,方案20,方案22,方案23,方案24,方案25,方案26,;
2016-08-08 22:19:55	c1e2acf2398f7a9e461352d2f35e5dec:FwGrKAzykwpsxRBTMboVPPSfNwTa8ljW	Q1:方案1,方案3,方案6,方案7,方案11,方案13,方案14,方案15,方案17,方案19,方案20,方案22,方案23,方案24,方案25,方案26,;
2016-08-08 22:21:36	2e6c1bd24db147b03eea16dc35680ac1:dbmE30qvPfyURVNJjnlNpVHveqlxGVzN	Q1:方案1,方案2,方案3,方案6,方案7,方案11,方案13,方案14,方案15,方案19,方案20,方案22,方案23,方案24,方案25,方案26,;
2016-08-08 22:22:23	1691d1acf528657dc9404a87ff049884:vJwWVDntRomlc5e0qBFFx2Kc0lfLOomC	Q1:方案2,方案4,方案5,方案6,方案7,方案9,方案10,方案11,方案12,方案13,方案16,方案17,方案20,方案22,方案23,方案25,;
2016-08-08 22:22:27	60463b0ff9ad94e8d919ccb2be08fb75:WQwWTLfMem7IV1reRdiJYgmVhMj4lpNb	Q1:方案2,方案3,方案4,方案5,方案6,方案7,方案8,方案9,方案11,方案16,方案17,方案18,方案19,方案21,方案23,方案26,;
2016-08-08 22:27:05	3df9453a381ef9e64e0bfeba684b5d1c:jGJTx0pHzwIy8wzNS4mnq6lFrQgvgwVZ	Q1:方案1,方案2,方案3,方案4,方案5,方案7,方案8,方案9,方案10,方案11,方案13,方案17,方案18,方案20,方案22,方案24,;
2016-08-08 22:27:20	b28f5758b23e453cef27d888dfcd062c:59XXGU8rx2OqPHbnTjrZI28ckyeddD97	Q1:方案1,方案3,方案6,方案7,方案10,方案13,方案14,方案15,方案17,方案19,方案20,方案22,方案23,方案24,方案25,方案26,;
2016-08-08 22:29:45	11c0ca2875b6f0788fcf45bc26a74f4f:dFuOmve4lOmxzDvrupbXqfFvvDgE4vSi	Q1:方案1,方案2,方案3,方案4,方案5,方案7,方案8,方案9,方案10,方案11,方案13,方案17,方案20,方案22,方案23,方案24,;
2016-08-08 22:32:34	8af408b1aae48040689b52a50c70611f:0ovYuvnRaMq1lgqNif0nbX39mQefgEW2	Q1:方案1,方案2,方案6,方案7,方案11,方案13,方案14,方案15,方案17,方案19,方案20,方案22,方案23,方案24,方案25,方案26,;
2016-08-08 22:33:43	9725ca2b239ffa1252c4e5e8d39b6448:H6cB4T1Xr92bORpvqfBzznp5M567uN5i	Q1:方案1,方案3,方案6,方案7,方案11,方案13,方案14,方案15,方案17,方案20,方案21,方案22,方案23,方案24,方案25,方案26,;
2016-08-08 22:34:52	87ba762f07975e3114e6586b64d98cd7:kxitphITDDN7k8SirU3377MDMbywaInd	Q1:方案1,方案3,方案6,方案7,方案11,方案13,方案14,方案15,方案17,方案19,方案20,方案22,方案23,方案24,方案25,方案26,;
2016-08-08 22:36:22	fcaacedaeb32dd8cb6159da14903e47e:Zl2qL5Szp1KKbvwoemAOJgzceOBwVWyd	Q1:方案1,方案2,方案3,方案6,方案7,方案11,方案13,方案14,方案15,方案19,方案20,方案22,方案23,方案24,方案25,方案26,;
2016-08-08 22:38:12	030ec549997f4e0f960f7da9200a2018:jC6aEq33d5yvNMSSYie5fXDl4y1J1rYG	Q1:方案1,方案3,方案6,方案7,方案11,方案13,方案14,方案15,方案16,方案19,方案20,方案22,方案23,方案24,方案25,方案26,;
2016-08-08 22:40:20	ab3084dde3218f9d47e41e0c6f0075fa:aEMTc0TCY6R30POa8yp8fJrtoL2Nkgnk	Q1:方案1,方案3,方案6,方案7,方案11,方案13,方案14,方案15,方案17,方案19,方案20,方案22,方案23,方案24,方案25,方案26,;
2016-08-08 22:41:29	ee49c2e371d0713ba1e8dcede16801e3:DGmCxMSE8TblvxjFFdFGTwjf7DvpxkRg	Q1:方案1,方案3,方案6,方案7,方案11,方案13,方案14,方案15,方案17,方案19,方案20,方案22,方案23,方案24,方案25,方案26,;
2016-08-08 22:44:00	77a7180a7e85bf8d17a5b5bd25c25e68:3XPcBBm7vxcvwwXBITMNB3j3GDzpDmoI	Q1:方案1,方案3,方案6,方案7,方案11,方案13,方案14,方案15,方案17,方案19,方案20,方案22,方案23,方案24,方案25,方案26,;
2016-08-08 22:45:21	888f18813f3020fd103806d26fa81eef:l1WPYDsqtJrtk3GYVaLltj79p7rrpTmj	Q1:方案1,方案3,方案6,方案7,方案11,方案13,方案14,方案15,方案17,方案19,方案20,方案22,方案23,方案24,方案25,方案26,;
2016-08-08 22:47:37	384a6adfea4d216a05843f720013963b:rwMUu6AQsJEIV9lHhjz7iDF1XmFuyBaC	Q1:方案1,方案2,方案3,方案6,方案7,方案13,方案14,方案15,方案17,方案19,方案20,方案22,方案23,方案24,方案25,方案26,;
2016-08-08 22:49:12	b9624e06b616c2a6928979603e572d75:irdu9Tzvro9RqXzmy2MT51vtb1MHkDZy	Q1:方案1,方案3,方案6,方案7,方案11,方案13,方案14,方案15,方案17,方案19,方案20,方案22,方案23,方案24,方案25,方案26,;
2016-08-08 22:50:06	f1d631123adc3f175f5cb2531b13b795:N2TdBHcIY0ms7RMhv045UVvyuspQHCpU	Q1:方案1,方案3,方案6,方案7,方案11,方案13,方案14,方案15,方案17,方案19,方案20,方案22,方案23,方案24,方案25,方案26,;
2016-08-08 22:51:53	62b0b1900bb2beff0b64126f5abded2d:CehNMSDi8amOQgVs983nfaOFYVQsxgmj	Q1:方案1,方案3,方案6,方案7,方案11,方案13,方案14,方案15,方案17,方案19,方案20,方案22,方案23,方案24,方案25,方案26,;
2016-08-08 22:53:03	31cdb8aa39d402e77e81eec1cd5c7b6c:jcL0AOxwu2i4TTqneT6LurrYja6tVU1n	Q1:方案1,方案3,方案6,方案7,方案9,方案13,方案14,方案15,方案17,方案19,方案20,方案22,方案23,方案24,方案25,方案26,;
2016-08-08 22:59:23	afd203c226554436718455cf057af194:9bpvmDHhXOQAEa3dR0eG0PyCV4FoNbi8	Q1:方案1,方案3,方案6,方案7,方案11,方案13,方案14,方案15,方案17,方案19,方案20,方案22,方案23,方案24,方案25,方案26,;
2016-08-08 23:01:30	323532606b30551d13ef3e5f1ccb33e8:YAbOpFT0DnWkKKUIIKuW43Cc7ETkIiKV	Q1:方案1,方案3,方案6,方案7,方案11,方案13,方案14,方案15,方案17,方案19,方案20,方案22,方案23,方案24,方案25,方案26,;
2016-08-08 23:03:10	9d1d69e39f189b5bc4d80ea4120a573f:dUNnG1Y81FakKrVqloXlzCYZPbKtAr0Z	Q1:方案1,方案3,方案6,方案7,方案11,方案13,方案14,方案15,方案17,方案19,方案20,方案22,方案23,方案24,方案25,方案26,;
2016-08-08 23:04:07	0903e949103c260ebe47a407ee51e6f4:OTPlsJm9PP4jhTBf0v5FiX3ylBYAJ5To	Q1:方案1,方案3,方案6,方案7,方案11,方案13,方案14,方案15,方案17,方案19,方案20,方案22,方案23,方案24,方案25,方案26,;
2016-08-08 23:05:53	6344586a406cd5ada3e6aaa10d1d2afb:GTAtH05SSeOcO6J6cHKXQWbuHCda28my	Q1:方案1,方案3,方案6,方案7,方案11,方案13,方案14,方案15,方案17,方案19,方案20,方案22,方案23,方案24,方案25,方案26,;
2016-08-08 23:06:45	bf64c32a8129c7686b62d1d5d078815b:BnHeG5tfP0lXlBe4obeHsktgADqcyIuP	Q1:方案1,方案3,方案6,方案7,方案11,方案13,方案14,方案15,方案17,方案19,方案20,方案22,方案23,方案24,方案25,方案26,;
2016-08-08 23:07:41	24ddeca332902e8d5389181ca943aa64:jzXM7gkkRZadS0CvQ3agZG9btYfN7Yen	Q1:方案1,方案3,方案6,方案7,方案10,方案13,方案14,方案15,方案17,方案19,方案20,方案22,方案23,方案24,方案25,方案26,;
2016-08-08 23:09:47	270eaaabe2838201a7bd8b3de1b7fa09:AO9Y5TpcvbF3t8KCnIJL3a1fv4Qij11Q	Q1:方案1,方案3,方案6,方案7,方案11,方案13,方案14,方案15,方案17,方案19,方案20,方案22,方案23,方案24,方案25,方案26,;
2016-08-08 23:10:40	4d22bedbb9ae3f51d1aab7dcc12c8077:9k9Sa8HcvylOVUPiWRhpcrrVvcPfcLtn	Q1:方案1,方案3,方案6,方案7,方案11,方案13,方案14,方案15,方案17,方案19,方案20,方案22,方案23,方案24,方案25,方案26,;
2016-08-08 23:11:42	0d36a6151d0aa9a73b7cbab12856dfd6:0mp6RbssxiixBUDX3zwz7M7s1nzYq0ZY	Q1:方案1,方案3,方案6,方案7,方案11,方案13,方案14,方案15,方案17,方案19,方案20,方案22,方案23,方案24,方案25,方案26,;
2016-08-08 23:13:52	07d6bf036d49df085c3a65a4ed0bebd1:HlkY9qnsF6ZGcv0MPnQ7zuMpfrHcBtku	Q1:方案1,方案3,方案6,方案7,方案11,方案13,方案14,方案15,方案17,方案19,方案20,方案22,方案23,方案24,方案25,方案26,;
2016-08-08 23:14:42	22c968b2ae6a875fc802c2ad78f244a9:2prK68fKqorgocOGYQmpvOjRWyjuhNhY	Q1:方案1,方案3,方案6,方案7,方案11,方案13,方案14,方案15,方案17,方案19,方案20,方案22,方案23,方案24,方案25,方案26,;
2016-08-08 23:15:42	201f7ba2704b310ae23c4b1d6d4f912e:3B2QyBApnddWhRhlF0QCjPQPxEAhBxC4	Q1:方案1,方案3,方案6,方案7,方案11,方案13,方案14,方案15,方案17,方案19,方案20,方案22,方案23,方案24,方案25,方案26,;
2016-08-08 23:17:28	d15847dabaf0c75353c6f29f240ebefd:aA13QWdcT2TkgWRM9Oa0N8jYlvfFLJrq	Q1:方案1,方案3,方案6,方案7,方案11,方案13,方案14,方案15,方案17,方案19,方案20,方案22,方案23,方案24,方案25,方案26,;
