2016-08-04 00:22:22	3b33923d425353f6d5679ae8bd7af900:CEig0lFJeGI0nm3pS3qvtXHqLG9dWdcV	Q1:方案2,方案3,方案4,方案6,方案7,方案8,方案9,方案10,方案11,方案12,方案14,方案17,方案18,方案21,方案23,方案24,;
2016-08-04 00:44:58	d6b40be330c5019bc3c07618a151e20c:v3XIdqxuMRBT0W5LlaNqzj6T5qhOdiPj	Q1:方案1,方案2,方案3,方案4,方案5,方案6,方案10,方案11,方案15,方案17,方案18,方案19,方案22,方案23,方案24,方案26,;
2016-08-04 00:45:03	ec7dae8e161ba816622847b0347cb37c:GLTlGlMSSZtz5Ls456e7YSdvzrkfVg6b	Q1:方案1,方案2,方案3,方案4,方案5,方案6,方案8,方案9,方案11,方案12,方案13,方案14,方案15,方案17,方案18,方案22,;
2016-08-04 00:49:54	6e7f8edff7a2d9432134b8d072a29f96:HGdJpzBxkD1p8WJeWK1QS9yQEM1RVRVe	Q1:方案2,方案3,方案4,方案5,方案6,方案7,方案8,方案11,方案12,方案16,方案17,方案18,方案19,方案21,方案25,方案26,;
2016-08-04 03:30:31	fae7e9449ba8c88f2570fd47555fd64d:eJ3kwdL99r9WKEPQ9aQI9Zydlk9LgNjq	Q1:方案3,方案4,方案5,方案6,方案7,方案8,方案9,方案10,方案11,方案15,方案16,方案17,方案18,方案20,方案25,方案26,;
2016-08-04 06:35:07	29c0eb87faefa405aebd27b6eb5477a7:dzGc1NQeZaU4fJZc9TdW8Vr0nSYyveUu	Q1:方案1,方案2,方案4,方案10,方案11,方案13,方案17,方案18,方案19,方案20,方案21,方案22,方案23,方案24,方案25,方案26,;
2016-08-04 06:38:38	cea8fe1a13c0727eb39cd7c1afcd3f79:RS2yDDImTswoZC56xdf2eHzFzNjFJ6Js	Q1:方案1,方案2,方案7,方案8,方案10,方案11,方案13,方案15,方案17,方案20,方案21,方案22,方案23,方案24,方案25,方案26,;
2016-08-04 06:44:32	b321c901daf4cf9ef54463f0dd4fb9d4:oFQovXgdtIZYyDtEHf92jtoD0CFWQRYV	Q1:方案4,方案5,方案6,方案7,方案8,方案9,方案10,方案11,方案12,方案14,方案15,方案16,方案17,方案20,方案21,方案22,;
2016-08-04 06:59:51	e3b61a3b58c861c33e4a4d245d678740:tIB5macNIeHpbSRWMUHhAR5Cejvj0iCj	Q1:方案1,方案4,方案5,方案6,方案8,方案11,方案13,方案14,方案15,方案16,方案17,方案18,方案19,方案20,方案21,方案25,;
2016-08-04 08:06:41	45822e9007525393b503a86b48d60c7d:JizdcdS95vEPLkjZg58tDbxNMMY3mNe1	Q1:方案1,方案2,方案4,方案7,方案8,方案9,方案10,方案11,方案17,方案19,方案20,方案21,方案22,方案23,方案24,方案25,;
2016-08-04 08:27:51	5240bdbd3a9552b9d8f950250c567359:cDmye6i4GQSyMAJOY2u0ysEE4EtccEDX	Q1:方案2,方案6,方案7,方案8,方案9,方案11,方案13,方案14,方案15,方案17,方案20,方案22,方案23,方案24,方案25,方案26,;
2016-08-04 08:44:17	57709e68f19c85642a9d19ce0dfd3334:HN2oITgZunt0eYg9A1aWuXatW1xhMHLP	Q1:方案1,方案4,方案5,方案6,方案7,方案8,方案9,方案10,方案11,方案12,方案13,方案14,方案15,方案16,方案17,方案18,;
2016-08-04 08:45:47	4c2da4af476df90f00eebcd87d8876fd:5EUu5aHPSvCw3aAEW0Pyan2lxLff2GqR	Q1:方案1,方案2,方案4,方案5,方案8,方案11,方案13,方案14,方案15,方案18,方案19,方案20,方案21,方案22,方案23,方案24,;
2016-08-04 08:58:52	81c61786a336689d7ab560bcbeeeae39:aZLWUCCzW6TMM9aV17sIFZIs72h6ts1n	Q1:方案1,方案2,方案3,方案4,方案5,方案6,方案8,方案9,方案11,方案12,方案13,方案14,方案15,方案17,方案20,方案24,;
2016-08-04 09:02:08	b5d52aa967b1d4bd08bfff6fe53710a4:wN1ZMuj2qSldrxAPwEcHjjxNjKUXtFoy	Q1:方案1,方案4,方案5,方案7,方案8,方案9,方案10,方案12,方案13,方案14,方案15,方案16,方案18,方案21,方案24,方案26,;
2016-08-04 09:23:55	3fbf074c13ad3ed05114a72da21a973c:6odJXa1gjxaP12N1WUH95mSPOi3Pdmy8	Q1:方案1,方案2,方案7,方案8,方案11,方案12,方案13,方案16,方案17,方案18,方案20,方案21,方案23,方案24,方案25,方案26,;
2016-08-04 09:25:46	fa0c73c5dfcac16c55e68348ffd0b469:Qr7nasPewwVgdvAcrTTd4WZNa79y4Q0B	Q1:方案1,方案2,方案3,方案4,方案5,方案7,方案8,方案9,方案11,方案14,方案15,方案16,方案17,方案21,方案22,方案24,;
2016-08-04 09:28:31	e42c651e543fb96247336b3f257c0b24:IKp4PsV4pwWsDCKyhaFZmBuaxgMTHLU6	Q1:方案1,方案2,方案3,方案4,方案5,方案6,方案7,方案8,方案9,方案10,方案11,方案12,方案13,方案14,方案15,方案16,;
2016-08-04 09:30:39	90f37b2dc00a30d357ab0647e324f9f0:9GDWrGkBW4DzR98dCKCipqlosJpQQ8C4	Q1:方案2,方案3,方案4,方案5,方案7,方案9,方案11,方案12,方案14,方案15,方案16,方案17,方案20,方案22,方案24,方案26,;
2016-08-04 09:32:26	c5543225ef082d782f029457e4b28d3c:XVlXgbclQxxaUSJGbNsv1VhOSZfteUgn	Q1:方案2,方案4,方案5,方案6,方案8,方案10,方案11,方案13,方案14,方案15,方案16,方案17,方案19,方案21,方案23,方案26,;
2016-08-04 09:32:59	d437085518329c17b4775509639842b1:uWNzXhR7HDKCPiPgnG7eX1B8FsjqtqeN	Q1:方案1,方案2,方案4,方案5,方案6,方案7,方案8,方案9,方案10,方案11,方案12,方案14,方案16,方案17,方案20,方案21,;
2016-08-04 09:33:39	e75f9ff9c4b95db543e051e12fc17787:2x9floMqxQfKfzD65gCpPI76ZNY5WKlw	Q1:方案2,方案3,方案4,方案5,方案7,方案8,方案9,方案11,方案12,方案14,方案15,方案17,方案20,方案22,方案23,方案24,;
2016-08-04 09:34:44	5b6618a587dee3d98a232be0ce8e991b:ukdkKa8J2f7o3SMYGQCtmKb9tCI4J8nN	Q1:方案2,方案4,方案5,方案7,方案8,方案9,方案10,方案11,方案12,方案13,方案15,方案17,方案18,方案21,方案23,方案26,;
2016-08-04 09:35:23	8015397a9c88244fccb21bc448eb89ea:owXrolTK6EzFEMhGBSJV6DkNYXGhKMlw	Q1:方案2,方案3,方案4,方案5,方案7,方案8,方案9,方案15,方案16,方案17,方案19,方案20,方案21,方案23,方案24,方案26,;
2016-08-04 09:35:49	ab9ad81f793047681178e74cbc1cf2f2:qUOf3dQWKifxAMQF4Pr8ambGpyls7Q7h	Q1:方案1,方案2,方案4,方案5,方案9,方案10,方案11,方案13,方案14,方案15,方案17,方案19,方案22,方案23,方案24,方案25,;
2016-08-04 09:36:07	fe17b29b7dc7d9675ef46a5d4692526e:EFa12atvr9gqq4iElxaatxqMncKVFtb4	Q1:方案1,方案2,方案3,方案4,方案5,方案6,方案7,方案8,方案9,方案10,方案11,方案12,方案13,方案14,方案15,方案17,;
2016-08-04 09:37:00	7713e96b5acc415c4baf5495e2c27ecb:QqrwGwtLU26j01DF4RyxVim8mpHe9Re8	Q1:方案1,方案2,方案4,方案6,方案7,方案9,方案10,方案11,方案12,方案15,方案16,方案17,方案18,方案21,方案23,方案26,;
2016-08-04 09:37:02	e948d386e5d738bb2da883ab5552b61c:VxqjyeiyV1UZsu2muRrnWfxVO1CA6JPi	Q1:方案2,方案3,方案4,方案5,方案7,方案10,方案11,方案13,方案16,方案17,方案18,方案19,方案21,方案22,方案23,方案26,;
2016-08-04 09:37:09	28a04d0e70bf2aaf44ffb752cb2a6cb8:NXyTeeVKjIGyHd5YZHnIUjjpduCU2dnN	Q1:方案1,方案2,方案4,方案5,方案8,方案10,方案11,方案13,方案15,方案17,方案19,方案20,方案22,方案23,方案25,方案26,;
2016-08-04 09:37:20	71b6b0cbdc8053164af4e3f5f465b18b:mibAGOYYPyFfzbPJnchSnH0yMG2X5whD	Q1:方案2,方案3,方案4,方案5,方案7,方案8,方案9,方案11,方案12,方案13,方案15,方案16,方案17,方案20,方案23,方案24,;
2016-08-04 09:37:23	30d3146ae5163204eadbbb79fe338262:2vaaUhY41GEz8gv8AoMzSq8ASvc42RlA	Q1:方案2,方案4,方案5,方案7,方案8,方案9,方案10,方案11,方案12,方案13,方案15,方案17,方案18,方案21,方案23,方案26,;
2016-08-04 09:38:52	4a4f30784d29e506cb344e3e9f16e231:aZTzzETBvWnNfoCNSLKXSFs5n65XdGnJ	Q1:方案2,方案4,方案5,方案7,方案8,方案9,方案10,方案11,方案12,方案13,方案15,方案17,方案18,方案21,方案23,方案26,;
2016-08-04 09:39:07	612539722e3ce87fca7606d335b87933:KdceemjAg227PLyMJSHe97faXsXH8cYM	Q1:方案2,方案3,方案4,方案5,方案7,方案9,方案11,方案12,方案14,方案15,方案16,方案17,方案18,方案19,方案20,方案23,;
2016-08-04 09:40:33	63e99193e7cb4f2742c3333c605d90f1:UqlZULt4BDA07vfkMZ2ntPzJYsOq6WQZ	Q1:方案2,方案3,方案4,方案5,方案6,方案7,方案8,方案9,方案11,方案12,方案15,方案16,方案17,方案21,方案23,方案24,;
2016-08-04 09:40:41	5ef6b2bb37f554125ed466a7468fc657:OiSJPdkj4YQdydehdRFF94ELXqOicE8j	Q1:方案2,方案4,方案5,方案7,方案8,方案9,方案10,方案11,方案12,方案13,方案15,方案17,方案18,方案21,方案23,方案26,;
2016-08-04 09:42:14	3ed4d1e99004b05b4012493e0d86ad55:RX8NdmkTsSTE9HYxbPmjf5PLRpdynwRY	Q1:方案2,方案3,方案4,方案5,方案7,方案8,方案9,方案11,方案12,方案13,方案15,方案16,方案17,方案18,方案20,方案23,;
2016-08-04 09:42:58	569db9102b3d574e1b1276b7f865d6fd:5TRELvEKzz1X3AAwS8FIokwDU63bstBC	Q1:方案2,方案4,方案5,方案7,方案8,方案9,方案10,方案11,方案12,方案13,方案15,方案17,方案18,方案21,方案23,方案26,;
2016-08-04 09:43:37	76217e8083d9f750746b34a15237d037:OuZojmC4jjJNpDevaT5ksnN7yPSY25pi	Q1:方案2,方案3,方案4,方案5,方案7,方案8,方案9,方案11,方案14,方案15,方案16,方案17,方案18,方案19,方案20,方案24,;
2016-08-04 09:43:43	afebeebf866a64171b958ad65f4f7f75:40qU8jt0MsRDZfpFiFiYJHHaqfhr1Ytz	Q1:方案1,方案2,方案4,方案5,方案7,方案8,方案10,方案11,方案13,方案17,方案19,方案20,方案21,方案23,方案24,方案25,;
2016-08-04 09:45:04	be6ace77980d8825c9b3f6ac76a27a7d:s7meyoxWxnlYrDNIT5pcksLTUhjBV0lM	Q1:方案3,方案4,方案5,方案6,方案7,方案8,方案9,方案10,方案11,方案12,方案15,方案16,方案17,方案18,方案20,方案21,;
2016-08-04 09:46:40	5be9eceb50bb34c79f86ded1a8bea55d:u9kwxbdjgaUBaddzN1DvLMwCg2ET9LTT	Q1:方案2,方案3,方案4,方案5,方案6,方案7,方案8,方案9,方案10,方案11,方案12,方案15,方案16,方案17,方案20,方案22,;
2016-08-04 09:48:13	c6685fa5e92003669a6d47dfe9340cd5:7ThRuDIX8FQnmDK2rhppJmgtJPNC8neU	Q1:方案1,方案4,方案5,方案7,方案8,方案9,方案10,方案12,方案13,方案16,方案17,方案18,方案21,方案23,方案25,方案26,;
2016-08-04 09:48:56	ba1233171ba6f21b5169c055456efcd1:HGG470KKEfqGmhYC1E41a7TblaPT6vyG	Q1:方案3,方案4,方案5,方案7,方案8,方案9,方案11,方案12,方案14,方案15,方案16,方案17,方案19,方案20,方案22,方案24,;
2016-08-04 09:50:03	3a6f421b3b0a352635b8e355f67b0d01:rx0FphvbqpxE3SUevBSSTyegT6ydPwZw	Q1:方案1,方案2,方案3,方案10,方案13,方案14,方案15,方案16,方案17,方案18,方案19,方案20,方案22,方案23,方案25,方案26,;
2016-08-04 09:52:33	71945cc835173b484a458080c1ebdc96:2AzLOuB7XXMKlTFsQYYBNvp9yR6IAAes	Q1:方案1,方案2,方案3,方案10,方案13,方案14,方案15,方案16,方案17,方案18,方案19,方案20,方案22,方案23,方案25,方案26,;
2016-08-04 09:57:38	cdd337038be6572446ae6c344b65af8f:9V8YeCDIDHY0SQxIlAarJyslCWWHAeCR	Q1:方案2,方案3,方案6,方案7,方案10,方案11,方案13,方案14,方案15,方案17,方案18,方案19,方案20,方案22,方案23,方案24,;
2016-08-04 09:57:40	0a48517bc3ca8a687d4dbe17dbefbcd5:IMwPj7vb8g1OU1inIuPVHt9etnJLlxE7	Q1:方案1,方案2,方案6,方案7,方案8,方案9,方案10,方案12,方案13,方案14,方案15,方案17,方案20,方案22,方案23,方案24,;
2016-08-04 09:58:13	9b4aee14f40528e44a8338c253c2436c:BwUIu7Y05VRu99Jhg0FDi1IHWNhiCXaJ	Q1:方案2,方案3,方案4,方案5,方案6,方案7,方案8,方案9,方案10,方案11,方案12,方案15,方案16,方案17,方案22,方案24,;
2016-08-04 09:58:42	0847e7b02fb38ba82338e504d698d754:huqlGqOhtaZ1FRrv0hCnLlTU32vSNZEF	Q1:方案1,方案2,方案4,方案5,方案6,方案7,方案8,方案9,方案11,方案12,方案15,方案17,方案20,方案22,方案23,方案24,;
2016-08-04 09:59:34	4390e62f0d75e94cd95cca98b616cb9d:t2nikpj305ZXcxPdsFhatfgNKIYxpTZc	Q1:方案2,方案3,方案4,方案5,方案6,方案7,方案8,方案9,方案11,方案12,方案15,方案20,方案21,方案22,方案23,方案24,;
2016-08-04 10:00:44	172dcda087e4604aee95190a88c15a4c:wuINdJ9TVi285i7JWwIcUnML9UcJhUjh	Q1:方案1,方案2,方案4,方案5,方案6,方案7,方案8,方案9,方案11,方案12,方案15,方案17,方案20,方案22,方案23,方案24,;
2016-08-04 10:02:02	3a850bdddf29c9320c6a5af1333a175c:MLqpOlZkZpvDsTsqBrgoJc9Elm0AipjN	Q1:方案2,方案3,方案4,方案5,方案7,方案8,方案9,方案11,方案12,方案14,方案15,方案16,方案17,方案22,方案24,方案26,;
2016-08-04 10:02:52	687c870aa7afdf5555a708d2b4fb3fb8:7eAGFQzH1eAIn1Hb63EQhEp3mduWxW0w	Q1:方案1,方案2,方案4,方案5,方案6,方案7,方案8,方案9,方案11,方案12,方案15,方案17,方案20,方案22,方案23,方案24,;
2016-08-04 10:03:12	6b31d90847134a2a09217406b5bb3bf1:tJIsILMh8KU9beiCBhgUkwv88dYPLApg	Q1:方案2,方案3,方案4,方案5,方案6,方案7,方案8,方案9,方案10,方案11,方案12,方案15,方案16,方案17,方案22,方案24,;
2016-08-04 10:05:07	69259abce1fa4d4e04cc9ee1a95e3693:mfxElet8BgDNV2JjfAgbvnnDgAO8aQiL	Q1:方案1,方案2,方案3,方案10,方案13,方案14,方案15,方案16,方案17,方案18,方案19,方案20,方案22,方案23,方案25,方案26,;
2016-08-04 10:08:00	c3c49dd493ec6595723cc5b3195e79de:yB904kkiCjfFbDVZo2nDEJ5KkQFTToX8	Q1:方案1,方案2,方案3,方案10,方案13,方案14,方案15,方案16,方案17,方案18,方案19,方案20,方案22,方案23,方案25,方案26,;
2016-08-04 10:11:13	383ed4ebd1b5c6d716abba5474264a6a:MMgcv4WnkelEY0ycKbEtyDH5lG9dWOJq	Q1:方案1,方案2,方案3,方案10,方案13,方案14,方案15,方案16,方案17,方案18,方案19,方案20,方案22,方案23,方案25,方案26,;
2016-08-04 10:13:20	0eb89e6f135991215af095861127741f:TdeMip6aAN4gPAiiXyodhHJsu4VZX1ef	Q1:方案2,方案4,方案5,方案7,方案9,方案10,方案12,方案13,方案14,方案16,方案17,方案18,方案21,方案22,方案23,方案26,;
2016-08-04 10:20:01	52e991f9c0f6a88b091cec8587492bb2:dWr8TYQ8FYiAAsgIhycx8FG5MIdtKnby	Q1:方案3,方案4,方案5,方案6,方案7,方案8,方案9,方案10,方案12,方案13,方案15,方案16,方案17,方案20,方案22,方案24,;
2016-08-04 10:27:01	34694b46d52714948669ea4c46ca5ff1:ehd1cxpgiHx8uwbDhMS6twlsjzbWjy8a	Q1:方案2,方案3,方案5,方案8,方案10,方案11,方案13,方案15,方案16,方案17,方案18,方案19,方案21,方案22,方案25,方案26,;
2016-08-04 10:28:04	2fa0c632f125f711a027929903b95146:PSiVnp11FKNxTZcFVrg4UkLkSRUXhSRg	Q1:方案1,方案4,方案5,方案6,方案7,方案8,方案9,方案11,方案12,方案14,方案16,方案21,方案23,方案24,方案25,方案26,;
2016-08-04 10:29:35	a6658d260f888cbadb03fda60a8d235f:VZgQlEqRgiLDxeDDUPB2mCSIC3cLvlFq	Q1:方案1,方案2,方案3,方案4,方案7,方案8,方案9,方案11,方案12,方案14,方案16,方案20,方案21,方案23,方案25,方案26,;
2016-08-04 10:33:35	c996bcef53929b0b7b486dd2ebe096a7:SHfcGf75dY57SrcWFtGqGvjp4sPQjCuy	Q1:方案1,方案3,方案4,方案5,方案6,方案7,方案8,方案9,方案11,方案12,方案15,方案16,方案21,方案23,方案25,方案26,;
2016-08-04 10:49:09	cbb72a4bdf9e01b3302e8c4b485e11a0:4VUk5vR7bH3PjW13xAgPZQDGyXHvM2QX	Q1:方案2,方案4,方案5,方案8,方案10,方案11,方案12,方案13,方案15,方案16,方案17,方案18,方案19,方案22,方案23,方案24,;
2016-08-04 10:51:02	17f2a0acc945c0bffd2ce340483cbf69:oAk9jnytWdKORP01BGFLMLS5A9hYU3Vp	Q1:方案2,方案4,方案5,方案8,方案10,方案11,方案12,方案13,方案15,方案16,方案17,方案18,方案19,方案22,方案23,方案24,;
2016-08-04 10:51:15	f4c7cef279d948978e58d4f64e48a9b4:kKVX91EbhgESKPjP8GfDLOY4E1HaOpVu	Q1:方案1,方案3,方案6,方案7,方案8,方案9,方案11,方案12,方案15,方案16,方案17,方案19,方案21,方案22,方案24,方案25,;
2016-08-04 10:54:34	8ae93a5ad2615565d46ab7a87fa046f0:r7oo1CYyJE6XhKxgMAtk5Monqcislixa	Q1:方案2,方案4,方案5,方案8,方案10,方案11,方案12,方案13,方案15,方案16,方案17,方案18,方案19,方案22,方案23,方案24,;
2016-08-04 10:54:39	6c06500c4058093d868c2b3f0327d447:7sHoiAiw50x2WbVOJhymxldULtZ5KCKr	Q1:方案1,方案3,方案6,方案7,方案8,方案9,方案11,方案12,方案15,方案16,方案17,方案19,方案21,方案22,方案25,方案26,;
2016-08-04 10:55:30	644611fb5a7aee0831d42be011e0a96f:SNHznA6ByO2Lv5rX7f3CqdwZZyDSc0QH	Q1:方案1,方案4,方案5,方案6,方案7,方案8,方案9,方案11,方案12,方案16,方案18,方案20,方案21,方案22,方案23,方案26,;
2016-08-04 10:57:23	5a31896cf8844d9a95cefbbbb7c45512:BP14ZKRmEqiZbDM7RsuNgNQbPUH1PiyP	Q1:方案1,方案3,方案6,方案7,方案8,方案9,方案11,方案12,方案15,方案16,方案17,方案19,方案21,方案22,方案25,方案26,;
2016-08-04 10:59:27	4b83907041c50db0d0a87c82c44ddb12:9KKTY51l5cnXQpMdPLnvawRQB1uQtnYx	Q1:方案1,方案3,方案6,方案7,方案8,方案9,方案11,方案12,方案15,方案16,方案17,方案19,方案21,方案22,方案25,方案26,;
2016-08-04 11:02:08	6df0079aff6429b9122202f96adc0853:JoxhI5QDFdEbjmcDEBXYIdt9HYYBjmMK	Q1:方案1,方案3,方案6,方案7,方案8,方案9,方案11,方案12,方案15,方案16,方案17,方案19,方案21,方案22,方案24,方案25,;
2016-08-04 11:03:30	518b8b884196ba2d082cb2f27e89f431:N8ef7uKwesBSs63L19wzUjukWgDSGGif	Q1:方案1,方案10,方案11,方案13,方案14,方案15,方案16,方案17,方案18,方案19,方案20,方案21,方案23,方案24,方案25,方案26,;
2016-08-04 11:03:42	d3cfb2619aa8a68061c9397a18e5bb43:hd8IKew7WSvfNRtauLuSaXTkJrOKdPDR	Q1:方案3,方案4,方案5,方案6,方案7,方案12,方案14,方案15,方案16,方案17,方案18,方案21,方案22,方案23,方案24,方案26,;
2016-08-04 11:03:53	8e80454ca7fab4678101704b0359bf11:XI1I6ujGuLY8geob2VYVb79zIWmH8Gqj	Q1:方案1,方案3,方案6,方案7,方案8,方案9,方案11,方案12,方案15,方案16,方案17,方案19,方案21,方案22,方案24,方案25,;
2016-08-04 11:03:54	c4bb09b862ba2f23ca23b4293f543de8:83tQC51T36lQJP6FF6WKGRl5GxDAYrJ7	Q1:方案1,方案2,方案4,方案5,方案6,方案7,方案8,方案11,方案12,方案14,方案16,方案17,方案20,方案21,方案23,方案25,;
2016-08-04 11:08:19	1b2561d2db6362eb9760440d5b158262:67glaTIiIH6ZDcIINACCYkI4mLkvs32f	Q1:方案1,方案2,方案4,方案5,方案6,方案7,方案8,方案9,方案10,方案12,方案16,方案20,方案21,方案22,方案25,方案26,;
2016-08-04 11:08:19	9c741fe3f0c6176f875c5dea02fc0f04:l44LUHMqoTjiQCDzUYytYYylMuw7mBaN	Q1:方案4,方案5,方案6,方案7,方案8,方案9,方案10,方案11,方案12,方案14,方案17,方案18,方案19,方案22,方案23,方案24,;
2016-08-04 11:08:45	fe160289c560d464a81f10917ee9837c:vOa4shlg5efbhC6IsooM5hGXrSYFbV3N	Q1:方案1,方案3,方案6,方案7,方案8,方案9,方案11,方案12,方案15,方案16,方案17,方案19,方案21,方案22,方案25,方案26,;
2016-08-04 11:09:44	701e53fd81cec3203d5c8776346bd9f6:xL6vuXyY54RE3oFAOKU2UwAEcGCtxUJF	Q1:方案1,方案2,方案3,方案10,方案13,方案14,方案15,方案16,方案17,方案18,方案19,方案20,方案22,方案23,方案25,方案26,;
2016-08-04 11:09:55	a668f8e7e2b9eea1442768c603e93cb3:LgZeCJR5HcjMTWBlKhGoWIBPkdL3ESz2	Q1:方案1,方案4,方案5,方案8,方案9,方案11,方案12,方案14,方案15,方案16,方案17,方案18,方案21,方案23,方案25,方案26,;
2016-08-04 11:10:32	b825a55b91937534a19b4ece3aa5698d:jKtNlM0vXeoevctaQXIiDqZY24S8msUi	Q1:方案1,方案3,方案6,方案7,方案8,方案9,方案11,方案12,方案15,方案16,方案17,方案19,方案21,方案22,方案25,方案26,;
2016-08-04 11:11:11	170004112e3686a1f0635d94517b3a77:9twOVt2Hnt4tsAXfu0oXt37gCHZLB8Yj	Q1:方案1,方案2,方案4,方案5,方案7,方案9,方案10,方案11,方案13,方案15,方案16,方案17,方案18,方案20,方案21,方案23,;
2016-08-04 11:12:44	6d95134153a6050ce51c9bc865a74b62:XhF5VI1yu9xU03JYj26wVq10VJKACjrk	Q1:方案1,方案3,方案6,方案7,方案8,方案9,方案11,方案12,方案15,方案16,方案17,方案19,方案21,方案22,方案25,方案26,;
2016-08-04 11:16:54	73c6f0b4ec58293ef085437bf4b15d53:XW5tUqZbkdJEZsIvHqrAFa0qrYVv79gl	Q1:方案1,方案3,方案6,方案7,方案8,方案9,方案11,方案12,方案15,方案16,方案17,方案19,方案21,方案22,方案24,方案25,;
2016-08-04 11:19:50	59d2d299d40e5c109c80d6507827617b:ZCHczxoIowOlJ7Gw4YnfG2O17hT0yb03	Q1:方案1,方案3,方案6,方案7,方案8,方案9,方案11,方案12,方案15,方案16,方案17,方案19,方案21,方案22,方案24,方案25,;
2016-08-04 11:22:23	555b20a3b587d71fcb75b62aaa1897ea:BX9YRbuL6xsbMPY5OOIL1s6CwamQ5IdO	Q1:方案1,方案3,方案6,方案7,方案8,方案9,方案11,方案12,方案15,方案16,方案17,方案19,方案21,方案22,方案24,方案26,;
2016-08-04 11:22:57	9f855ccfd15c9630192ff4be3d93210c:9ANnVMTZeoVqGM5EaSXtuGqXiBJZlyWn	Q1:方案2,方案4,方案5,方案8,方案10,方案11,方案12,方案13,方案15,方案16,方案17,方案18,方案19,方案22,方案23,方案24,;
2016-08-04 11:25:02	0bf0b188d20905281bd152be6649397a:nljTDK0Q2fyfg4NOLWvBk2NKlAsK0Vi0	Q1:方案1,方案4,方案5,方案7,方案9,方案11,方案12,方案13,方案14,方案16,方案17,方案21,方案23,方案24,方案25,方案26,;
2016-08-04 11:25:54	209a174fcbf5defa0689f7e428ce0416:cBjj44SQgburksUryAeLu0ak5eXwHlM9	Q1:方案1,方案3,方案6,方案7,方案8,方案9,方案11,方案12,方案15,方案16,方案17,方案19,方案21,方案22,方案24,方案25,;
2016-08-04 11:26:58	a2ad1cad7ed500b58211b8b308a3fd26:TTc7bp0Z1V6lUKtkyfmElbfzSUrxyXrl	Q1:方案2,方案4,方案5,方案8,方案10,方案11,方案12,方案13,方案15,方案16,方案17,方案18,方案19,方案22,方案23,方案24,;
2016-08-04 11:28:47	5e40c0611f777c7de5144d00c3497083:Zc6wQr9bUQaE9SvC2jwBouQjJ4hlfFUK	Q1:方案1,方案3,方案6,方案7,方案8,方案9,方案11,方案12,方案15,方案16,方案17,方案19,方案21,方案22,方案24,方案26,;
2016-08-04 11:30:59	7b7d13488377771a9c76eaa0682d0ade:RipjD0Oh0wJaAaIhVcGtZZ472jkopJAu	Q1:方案2,方案3,方案6,方案9,方案10,方案11,方案13,方案14,方案15,方案16,方案17,方案18,方案21,方案24,方案25,方案26,;
2016-08-04 11:32:19	791655bc2a1ccdd76a4c5f52e0c2319c:CQCtejP4oPc18DTBxKe0BqkCdTzS53ES	Q1:方案1,方案3,方案6,方案7,方案8,方案9,方案11,方案12,方案15,方案16,方案17,方案19,方案21,方案22,方案25,方案26,;
2016-08-04 11:33:53	a194807ff7aeb8bd321070f56dcb08f0:3BGDhb23YWY3KoznTNYCl9yY3xxX4uJC	Q1:方案1,方案2,方案4,方案5,方案6,方案7,方案8,方案9,方案11,方案12,方案15,方案17,方案20,方案22,方案23,方案24,;
2016-08-04 11:34:28	10509cf4feb60dab760052cbcbb66f28:fvQdSafUWfoFWxl2CZ30Rir4UNVkd3HF	Q1:方案1,方案3,方案6,方案7,方案8,方案9,方案11,方案12,方案15,方案16,方案17,方案19,方案21,方案22,方案25,方案26,;
2016-08-04 11:34:30	7e814d7895ef6a05306cbba2643f0481:MAkuf0XCaRbgtkIk1F6upfpUBuCuWmIX	Q1:方案1,方案4,方案5,方案7,方案8,方案9,方案10,方案12,方案13,方案15,方案16,方案17,方案20,方案21,方案23,方案25,;
2016-08-04 11:35:06	24b59f2b266cde018c8596843345b847:8relmAJk5EPN4hi9xsis0lWSqngeeQg0	Q1:方案1,方案2,方案4,方案5,方案6,方案7,方案8,方案9,方案11,方案12,方案15,方案17,方案20,方案22,方案23,方案24,;
2016-08-04 11:36:08	3921865c909e39ae279eaf869065947a:emyiKPtM9Lx1ii66FowyxpfdmVQq2eup	Q1:方案1,方案3,方案6,方案7,方案8,方案9,方案11,方案12,方案15,方案16,方案17,方案19,方案21,方案22,方案24,方案25,;
2016-08-04 11:37:18	5babc047122e50da498a5880d065bbc4:HxppLeu8Fg1FZeTxcN2axBPwnT482Xww	Q1:方案2,方案3,方案4,方案5,方案7,方案8,方案9,方案10,方案13,方案16,方案17,方案20,方案21,方案22,方案23,方案24,;
2016-08-04 11:37:28	d18533584360aebbedc8dfaee3e8740d:Iski3jYJrWk1ILKzdUqgAJUaQ1NkOTmp	Q1:方案1,方案4,方案5,方案7,方案8,方案9,方案10,方案12,方案13,方案15,方案16,方案17,方案20,方案21,方案23,方案25,;
2016-08-04 11:40:06	f7c6d28b88de9671ac317c806eaed045:Dn0Z6pb6gVSsC65u9bgzRhNfK5AIRnPD	Q1:方案1,方案3,方案6,方案7,方案8,方案9,方案11,方案12,方案15,方案16,方案17,方案19,方案21,方案22,方案24,方案25,;
2016-08-04 11:40:13	2767bc4be5ad78e5b8ecfb3aa44b9d56:sPUBpcm3Dwdk7brKQgjVwbPtU0kfWs1a	Q1:方案2,方案3,方案5,方案6,方案7,方案8,方案10,方案11,方案16,方案17,方案18,方案21,方案23,方案24,方案25,方案26,;
2016-08-04 11:40:17	d3318ba077335aaa2979c1694f6e2d29:OTjJszifpbgvVjKW25kvmEhtbM1HOEER	Q1:方案2,方案3,方案5,方案6,方案7,方案8,方案9,方案11,方案12,方案13,方案16,方案17,方案21,方案22,方案23,方案24,;
2016-08-04 11:46:57	88d148c5ca47dfaace2b6fe60d2c4c0a:lYrqPB23vkf3ECWYSnsL9S6z1cqL13HN	Q1:方案2,方案4,方案5,方案6,方案10,方案11,方案12,方案15,方案16,方案17,方案18,方案19,方案20,方案24,方案25,方案26,;
2016-08-04 11:54:13	041cada946e2ef2f81df8e7f36e81471:SW0DwxnuGlAtACFvZSx5G3cjqh5bPrm3	Q1:方案1,方案4,方案5,方案7,方案8,方案9,方案10,方案11,方案13,方案14,方案15,方案16,方案17,方案18,方案19,方案20,;
2016-08-04 12:02:43	a4bdca182d0b7f05f2741e12b0c9f36d:Wp6iXzzI3tLSVi77yReLbud81MvnygLM	Q1:方案2,方案3,方案4,方案5,方案7,方案9,方案11,方案13,方案14,方案15,方案16,方案17,方案19,方案21,方案24,方案26,;
2016-08-04 12:12:20	ce6f8dc62a86ca4c75ffc524e77b2b6c:q2tvnRtRVaJ69DP00SdeQfPrMt9adUzI	Q1:方案2,方案5,方案6,方案9,方案10,方案11,方案13,方案14,方案16,方案17,方案18,方案19,方案21,方案22,方案23,方案25,;
2016-08-04 12:18:10	7ed153dceee7d90ab9f598cb4c976a08:yV0o97FtXQpn94agGQDmRmifJPSNlsWP	Q1:方案1,方案2,方案3,方案10,方案13,方案14,方案15,方案16,方案17,方案18,方案19,方案20,方案22,方案23,方案25,方案26,;
2016-08-04 12:22:28	fb5723bcd68c4259df2eab6e274a2c8d:r1cb2K5uBfYGvuvvO37vrDOwRn5Reu97	Q1:方案1,方案2,方案3,方案10,方案13,方案14,方案15,方案16,方案17,方案18,方案19,方案20,方案22,方案23,方案25,方案26,;
2016-08-04 12:27:00	20b0179c8a3e3b49193772363eff5f06:WbSIhXhmYSDH6Esj7UNjNz7PGkmQUaBv	Q1:方案1,方案2,方案3,方案10,方案13,方案14,方案15,方案16,方案17,方案18,方案19,方案20,方案22,方案23,方案25,方案26,;
2016-08-04 13:15:02	2599c2799b196954aeeff55a2c8cf505:yC5RMiF9DEtwWi39yfkp6l52GmQkmjeB	Q1:方案2,方案3,方案4,方案5,方案7,方案9,方案10,方案11,方案12,方案17,方案18,方案19,方案20,方案23,方案24,方案25,;
2016-08-04 13:38:39	d9acdffe9d400396595064537784c490:PUExoGyejskCwV6tq7SqktPq9rHyLPqO	Q1:方案2,方案4,方案5,方案7,方案8,方案9,方案10,方案12,方案13,方案16,方案17,方案21,方案22,方案23,方案24,方案26,;
2016-08-04 13:41:48	08c77893e1363b6eb6c2e3972bb16880:hLDz4v43BrxuaZww8V8tQe3sq0929Cs1	Q1:方案2,方案4,方案5,方案7,方案8,方案9,方案10,方案12,方案13,方案15,方案16,方案17,方案20,方案21,方案22,方案23,;
2016-08-04 13:44:01	e07ef73132a42e85abc12112293c3eec:GMqIZgyaGFtlwYOVhAuI82vgmhs44XAC	Q1:方案2,方案3,方案4,方案5,方案6,方案7,方案8,方案9,方案11,方案12,方案15,方案16,方案17,方案20,方案22,方案24,;
2016-08-04 13:45:02	416e36d2a24e31bab334d40d326140b8:dVbMpxjKLhXQk3mfWGkpUL56iTskzPPe	Q1:方案2,方案4,方案5,方案7,方案8,方案9,方案10,方案12,方案13,方案15,方案16,方案17,方案20,方案21,方案22,方案23,;
2016-08-04 13:45:17	b0c2476b8b5bd6364c5bb7f97389ddef:JqnPNJJpmBa6qmKQJpHmqPPwLcL2eHun	Q1:方案2,方案3,方案4,方案5,方案6,方案7,方案8,方案9,方案10,方案11,方案12,方案14,方案15,方案16,方案17,方案22,;
2016-08-04 13:46:44	ab4fe8c4810cebcc641524a0c0ef3cc3:IGrfCIzfyNQOnLTAaZXWEH1b0yjmSGg0	Q1:方案2,方案3,方案4,方案5,方案6,方案7,方案8,方案9,方案10,方案11,方案12,方案13,方案14,方案15,方案17,方案20,;
2016-08-04 13:47:11	4c4d4c0c56f72734c97c4a28027c3dc4:psTiMCoujmKJffLWqexhBikKtV30SIfg	Q1:方案2,方案4,方案5,方案7,方案8,方案9,方案10,方案12,方案13,方案15,方案16,方案17,方案18,方案20,方案21,方案22,;
2016-08-04 13:47:56	5314911dde173e7cda7e17d916135443:XZ1CsC2p8NROXBZir9U0cUyBDV7VJJmA	Q1:方案2,方案3,方案4,方案5,方案6,方案7,方案9,方案10,方案11,方案15,方案16,方案17,方案20,方案21,方案22,方案24,;
2016-08-04 13:49:45	91c0b68054ef8ffd8c931f8c9ee71498:xsCm5uD89dToaI3Bom9YZLJ7bgMS2Wp9	Q1:方案2,方案4,方案5,方案7,方案8,方案9,方案10,方案11,方案13,方案15,方案16,方案17,方案20,方案23,方案24,方案26,;
2016-08-04 13:51:49	5ef6dddb5821df78530f6c0d062da6f9:VSh3sGlpQgY0PjZ6NjLp0Dc6C29ebFcA	Q1:方案2,方案4,方案5,方案7,方案8,方案9,方案10,方案12,方案13,方案16,方案17,方案20,方案21,方案23,方案24,方案26,;
2016-08-04 13:54:33	d85106aad8b2d0cc0cd4edb121b3ab9b:zcjJxIPQhldmQDEddOYTBKNjKC5NePZR	Q1:方案2,方案4,方案5,方案7,方案8,方案9,方案10,方案12,方案13,方案14,方案16,方案17,方案21,方案22,方案23,方案26,;
2016-08-04 13:57:12	e6d31cd3bfddf637fd286e510792331e:cjJs4ScV9D7MQ98cEimwFpolbhVNorr9	Q1:方案2,方案4,方案5,方案7,方案8,方案9,方案10,方案13,方案16,方案17,方案20,方案21,方案22,方案23,方案24,方案26,;
2016-08-04 13:57:48	68404f344e030de714c2f688832d15f7:6fBrKygnNqOxcmqj03bK7EmACAota1CU	Q1:方案1,方案2,方案4,方案7,方案8,方案10,方案11,方案12,方案16,方案18,方案20,方案21,方案23,方案24,方案25,方案26,;
2016-08-04 13:58:34	001e8b25084ffd726e2b6e8a5addbf31:eLzsd9egj8zSVeU2q0PLnt1lfuYSn7YN	Q1:方案3,方案4,方案5,方案6,方案7,方案8,方案9,方案10,方案11,方案12,方案14,方案15,方案17,方案18,方案20,方案24,;
2016-08-04 13:59:34	e38da1f772540bb94a0d7e400265447a:JufaTx3XB1oegZx2JTCcH7oz6Knmq9QK	Q1:方案2,方案4,方案5,方案7,方案8,方案9,方案10,方案12,方案13,方案16,方案17,方案20,方案22,方案23,方案24,方案26,;
2016-08-04 14:00:26	ef256b68f11143b2c04ec3acb5b91442:qZ7hq0qN7vFF6qe1BMfMQVsbe1jj3KJV	Q1:方案1,方案2,方案3,方案10,方案13,方案14,方案15,方案16,方案17,方案18,方案19,方案20,方案22,方案23,方案24,方案25,;
2016-08-04 14:02:04	660121cdabadc426377a8f528811c9c5:5OZmFCuRUIu8i3BPB0PkaUaJMYRUHDy2	Q1:方案2,方案4,方案5,方案7,方案8,方案9,方案10,方案11,方案12,方案13,方案16,方案17,方案21,方案22,方案23,方案24,;
2016-08-04 14:04:04	361105671494b15bd83767e7149e9a08:h7N7IPOhhKkF9xijuToNy3utnTHdzrOV	Q1:方案3,方案4,方案5,方案6,方案7,方案8,方案9,方案11,方案12,方案14,方案17,方案19,方案20,方案22,方案25,方案26,;
2016-08-04 14:04:21	2177ae0dc6c61c6a0c4e224e918080fa:3yQvF6TeNJQI5WrdjgxUE4RurYk5kkp8	Q1:方案2,方案4,方案5,方案7,方案8,方案9,方案10,方案11,方案12,方案13,方案16,方案17,方案20,方案21,方案23,方案26,;
2016-08-04 14:05:55	5e5b7185663f080bcb649ead0fa93f37:qZqABFbSTdePx9eZKxF7nFERRTGnEFRp	Q1:方案8,方案9,方案11,方案12,方案13,方案14,方案15,方案16,方案17,方案18,方案19,方案20,方案21,方案22,方案24,方案25,;
2016-08-04 14:10:05	e21eca5c575ca4c3c889304cdbbfaee1:zJQOwygX96wqer72ypigft3W5dHvlN5a	Q1:方案2,方案3,方案4,方案5,方案6,方案7,方案8,方案9,方案10,方案11,方案14,方案16,方案17,方案23,方案25,方案26,;
2016-08-04 14:17:35	5efabe4e785e7d3415d1d9063c1351df:OgJhSB4TXipRyXk4SQSI8AgA7XSNsu4A	Q1:方案2,方案3,方案4,方案5,方案8,方案9,方案10,方案11,方案13,方案14,方案16,方案17,方案22,方案23,方案24,方案25,;
2016-08-04 14:21:21	3a1d5ff3e3c296e3ea2da9e3b09e81fa:6CmV5TQcahrNzne7EEBYM6dLMrGczCym	Q1:方案1,方案3,方案4,方案10,方案11,方案12,方案14,方案16,方案17,方案19,方案20,方案21,方案22,方案23,方案25,方案26,;
2016-08-04 14:22:27	45b8543fc88f7147ede3f3a3c89e1cc5:YqgNnExa7GlHQpdrzjkBGDUdCDMyYsqe	Q1:方案2,方案3,方案4,方案5,方案6,方案9,方案10,方案11,方案14,方案15,方案16,方案17,方案18,方案19,方案21,方案23,;
2016-08-04 14:24:48	dca1f8b281a43d617be374077f7b2a00:YUAB4m3SUtykrTJc3gv5nfday74EDtQ0	Q1:方案4,方案5,方案6,方案9,方案10,方案11,方案12,方案14,方案16,方案17,方案19,方案20,方案22,方案23,方案25,方案26,;
2016-08-04 14:26:40	810ca444fdee26d782bb82b3903115ca:Esjlpc5jOS9YrGdqrXoWiTnU8fEm5g06	Q1:方案3,方案4,方案7,方案9,方案10,方案11,方案14,方案16,方案17,方案19,方案20,方案21,方案22,方案23,方案25,方案26,;
2016-08-04 14:27:03	d9a93462e211073914587f0acb711caa:kRzpu4Kg3s3PQZDkS3NNBXwrtWO6ZpfO	Q1:方案2,方案4,方案5,方案6,方案7,方案8,方案9,方案12,方案13,方案17,方案18,方案19,方案22,方案23,方案25,方案26,;
2016-08-04 14:29:33	a46c4e92648a9eaa3eeeb74ea5122309:6m8NCnZ7ZU1ykmBBNqlYrcsb6Z73KHXv	Q1:方案2,方案4,方案5,方案6,方案7,方案8,方案9,方案12,方案13,方案17,方案18,方案19,方案22,方案23,方案25,方案26,;
2016-08-04 14:30:57	8667df06b1ec730c315175aadc9d59bd:Jn2tiD6ML42SLqDQjBoxaM4lOiOZjAie	Q1:方案1,方案3,方案4,方案7,方案10,方案13,方案14,方案17,方案18,方案19,方案20,方案21,方案22,方案23,方案25,方案26,;
2016-08-04 14:38:42	bf43a0cd2cbbb06714ac47edf31925fd:dvwqqizmq5aacFkwuztuz278vQDz1ILG	Q1:方案2,方案3,方案4,方案5,方案6,方案7,方案8,方案9,方案10,方案11,方案12,方案14,方案15,方案16,方案17,方案18,;
2016-08-04 14:38:55	62d5f0f6d576d966b9504e1acd9e5cff:jssI8YVRaAdDEJtP5VTWxzEixRadqCIw	Q1:方案1,方案3,方案6,方案7,方案8,方案9,方案11,方案12,方案15,方案16,方案17,方案19,方案21,方案22,方案24,方案25,;
2016-08-04 14:44:46	598e26cd2c16c738cda6f8faacd1e669:vexQRQW2eooDiA9GVlfg5pvhkol0LnRS	Q1:方案2,方案3,方案4,方案5,方案6,方案7,方案8,方案9,方案10,方案11,方案12,方案14,方案15,方案16,方案17,方案18,;
2016-08-04 14:46:05	4a1cd2ecaf2e5058f00bd72bc840c2a1:rubTpJd8D8Z2AxsEBZYcP8eHxRr9iDSm	Q1:方案1,方案2,方案4,方案5,方案6,方案7,方案8,方案9,方案10,方案11,方案12,方案13,方案14,方案15,方案16,方案17,;
2016-08-04 14:46:59	fcac69adb685ebaa39cfb7a59e225b77:o3lSNK4JVQ6kSImcpWFQKG8X1ZjtSNMA	Q1:方案1,方案3,方案6,方案7,方案8,方案9,方案11,方案12,方案15,方案16,方案17,方案19,方案21,方案22,方案24,方案25,;
2016-08-04 14:50:08	b591a3b0bf2c0e399a4df4e51d3b1155:VeGLWWemAvimJZhQD7LYW1AhbeRKqK1d	Q1:方案1,方案3,方案6,方案7,方案8,方案9,方案11,方案12,方案15,方案16,方案17,方案19,方案21,方案22,方案24,方案25,;
2016-08-04 14:52:11	22fcc7d4d3a43f6160cd81be7dc9c779:1Bqe16wxyJXZD5BajngEUl7itrSP1bSo	Q1:方案1,方案3,方案6,方案7,方案8,方案9,方案11,方案12,方案15,方案16,方案17,方案19,方案21,方案22,方案24,方案25,;
2016-08-04 14:52:54	be63dfbe6da1b38ee855dc66d9f88400:8g0T0kHnOn72e06eA7kGOmvUOSutr6PN	Q1:方案2,方案4,方案5,方案6,方案7,方案8,方案9,方案10,方案11,方案12,方案17,方案18,方案19,方案21,方案23,方案24,;
2016-08-04 14:52:55	9ebe442b7086b1876ab29fa746eed5a3:BzEfpdJqCu6J5fl3RWN4dA5A9AbyUPFd	Q1:方案2,方案4,方案5,方案6,方案7,方案8,方案9,方案10,方案11,方案12,方案17,方案18,方案19,方案21,方案23,方案24,;
2016-08-04 14:53:16	7ad09d6e4f3f215a0742db3005c725af:2ltgJ2p7RhhEsZXWWNjxLnEUZQTgfPWb	Q1:方案2,方案4,方案5,方案6,方案7,方案8,方案9,方案10,方案11,方案12,方案17,方案18,方案19,方案21,方案23,方案24,;
2016-08-04 14:53:50	d58f2be967e373f7333a96581fd4be1b:srswKcXV0KxiTbN2sCDHkOekKkUUsAKn	Q1:方案2,方案3,方案4,方案5,方案7,方案8,方案9,方案10,方案11,方案12,方案13,方案15,方案17,方案20,方案21,方案22,;
2016-08-04 14:53:52	5fba8d24ddec9aefe4df3eead44677fd:zfEzGxntefAS5vXiJQUIJ8Ks4EjAPDhn	Q1:方案1,方案3,方案6,方案7,方案8,方案9,方案11,方案12,方案15,方案16,方案17,方案19,方案21,方案22,方案25,方案26,;
2016-08-04 14:56:13	10cdc5a159a2a46d1842f294597a91fe:xvBTn25kHXMdNytilY04FgtruUyuR5rF	Q1:方案1,方案3,方案6,方案7,方案8,方案9,方案11,方案12,方案15,方案16,方案17,方案19,方案21,方案22,方案24,方案25,;
2016-08-04 14:56:44	d7b503a49ec329b32b2b494a778031d6:Idc5GJy71EQ8F9ms22qxbVQtC3rblZLL	Q1:方案2,方案3,方案4,方案5,方案6,方案7,方案8,方案9,方案10,方案11,方案12,方案14,方案15,方案16,方案17,方案19,;
2016-08-04 14:57:35	2c1bb35cdf2a7f809ecfa5cffa6c447f:HrvcZSBeFxfsyaZLrwbngb6tRpZVVbMQ	Q1:方案2,方案4,方案5,方案6,方案8,方案9,方案10,方案11,方案14,方案15,方案16,方案18,方案19,方案23,方案24,方案26,;
2016-08-04 14:58:09	fed213a20cf5d754294e3b66ed7cef49:5ZmqkKAE9m9EKntAyaXKgWojsu539IEv	Q1:方案1,方案3,方案4,方案7,方案8,方案9,方案10,方案12,方案13,方案14,方案15,方案16,方案17,方案18,方案21,方案24,;
2016-08-04 14:58:32	affd15da768f21827963713a6909ff77:QkX7KkqL8n49lN37sglHlTJMCkxm0bOa	Q1:方案1,方案6,方案8,方案9,方案11,方案12,方案13,方案14,方案15,方案16,方案17,方案22,方案23,方案24,方案25,方案26,;
2016-08-04 14:59:24	43bdeca4e7916dac983f35e7f43ce474:ljoTesz6b9BSV3GIbiVD5Pet6hW5nnvF	Q1:方案3,方案4,方案5,方案6,方案7,方案8,方案9,方案11,方案12,方案13,方案14,方案15,方案17,方案18,方案20,方案21,;
2016-08-04 14:59:26	26bca5768aedd7d9850ce30a62e6ed9c:wkrhNcQ9ji1FXZiTeXgJXYLMtE02sJo6	Q1:方案2,方案3,方案4,方案5,方案6,方案7,方案8,方案9,方案10,方案11,方案12,方案14,方案15,方案18,方案19,方案24,;
2016-08-04 15:03:06	254f7e9f325944ddd353e77bfffe9871:hKAwRgaJKraKXdj03TISE9voWlct5uCD	Q1:方案1,方案3,方案7,方案8,方案9,方案11,方案12,方案15,方案16,方案17,方案18,方案19,方案22,方案24,方案25,方案26,;
2016-08-04 15:03:14	1ba231e4c98f64a5199a821216c26cf7:mMt6fj9ao4Jm4Fu7HTctV2zadiwOjl8a	Q1:方案2,方案4,方案5,方案6,方案8,方案9,方案10,方案12,方案14,方案15,方案16,方案18,方案19,方案23,方案24,方案26,;
2016-08-04 15:05:43	f424e32a7a4f94a0135e3fd294c92271:ygiohoJV5vhomsuuOmMG8w1g0XEWlpbN	Q1:方案2,方案3,方案4,方案5,方案6,方案8,方案9,方案10,方案12,方案15,方案16,方案17,方案18,方案19,方案23,方案24,;
2016-08-04 15:07:03	4c6461f356617396099d1a6e2e74fc27:rAGnRAhENtRRxNayPI6gEZgCFspj1JuJ	Q1:方案2,方案3,方案4,方案5,方案6,方案8,方案9,方案10,方案11,方案12,方案15,方案16,方案17,方案18,方案19,方案24,;
2016-08-04 15:08:26	83519e5c2f48150fef9da80a0764d510:ZUNbXp25bSjF9PfSGCPE6trYKRtu3Gfe	Q1:方案2,方案3,方案4,方案5,方案6,方案7,方案8,方案9,方案10,方案11,方案12,方案14,方案15,方案17,方案20,方案22,;
2016-08-04 15:10:16	25c1d1ef47b2242036768dec5b09b93c:ho06srKmDED8wL2LfBFDJmd5rhmfbJki	Q1:方案2,方案4,方案5,方案7,方案8,方案10,方案11,方案12,方案15,方案17,方案18,方案20,方案21,方案22,方案24,方案26,;
2016-08-04 15:11:12	6167d4a8251b63c8004375b56abe2b70:iydlDcYkXtgrXwQtEhDDlG6ByRcC69RS	Q1:方案1,方案4,方案6,方案7,方案9,方案11,方案13,方案14,方案16,方案17,方案18,方案21,方案22,方案24,方案25,方案26,;
2016-08-04 15:13:54	b2f2cd6f8cf11b7bed35941e20c339b9:Qv8VuncdXS7iWdQXzv7CR4UvmPTWbywB	Q1:方案2,方案4,方案5,方案6,方案7,方案8,方案9,方案10,方案11,方案12,方案17,方案18,方案19,方案21,方案23,方案24,;
2016-08-04 15:23:28	3b9d536e4fec899b89442e623e6d2764:wepZZ56rx6wxzgm2S9PiPk64waTSmc4V	Q1:方案2,方案3,方案4,方案6,方案8,方案9,方案11,方案12,方案13,方案16,方案17,方案18,方案19,方案20,方案22,方案24,;
2016-08-04 15:23:35	3f40cb883d069e60d144db4b5c0efd68:2z7rSRQafAQqQVhChV5SwQrfkoql920J	Q1:方案1,方案2,方案3,方案4,方案5,方案6,方案7,方案8,方案9,方案10,方案12,方案16,方案17,方案20,方案21,方案26,;
2016-08-04 15:25:57	6864fc403721fe51bb17b7ff40111bb1:nnIXpvDFP1RrP5Yjbs8jONL3Oasiqicv	Q1:方案2,方案4,方案5,方案6,方案7,方案8,方案9,方案10,方案11,方案12,方案17,方案18,方案19,方案21,方案23,方案24,;
2016-08-04 15:27:59	883c8a79e1d6fb7bdf96d34623ab0a32:1k6tW1HIwDNhF3dRqbhrpZk5MAElllKd	Q1:方案2,方案4,方案5,方案6,方案7,方案8,方案9,方案10,方案11,方案12,方案17,方案18,方案19,方案21,方案23,方案24,;
2016-08-04 15:31:02	a0b82c33574fae72e10a75cf39dbf9d8:bjyFmuMEa8NWdbgXEJMuQIAuosNheQOf	Q1:方案2,方案4,方案5,方案6,方案7,方案8,方案9,方案10,方案11,方案12,方案17,方案18,方案19,方案21,方案23,方案24,;
2016-08-04 15:33:20	180e4d956ab6ed07ba71b4f5b51789e2:zdBrsxUQhCpSOJD71u8QPaAeuZ2Ljq3Z	Q1:方案2,方案3,方案4,方案5,方案6,方案7,方案8,方案9,方案10,方案12,方案15,方案17,方案18,方案19,方案24,方案26,;
2016-08-04 15:33:21	d5ecd6344011283b5efea9e56b018072:TD2piNpGiYzcv3A4utNi8EAGaKDJo9P3	Q1:方案2,方案4,方案5,方案6,方案7,方案8,方案9,方案10,方案11,方案12,方案17,方案18,方案19,方案21,方案23,方案24,;
2016-08-04 15:33:58	e0a82153b79b15ccf90656a5656e7b71:mSSYPHZx1waoJEvTthzU62ncs2Yz0DVF	Q1:方案2,方案3,方案4,方案5,方案6,方案7,方案9,方案11,方案12,方案14,方案16,方案17,方案18,方案20,方案21,方案23,;
2016-08-04 15:34:26	f038f0d82420d9f40ffbda23609cecf9:fSj7oECdWVSLINKxjDb2UVbYPQu91S9r	Q1:方案2,方案4,方案5,方案6,方案7,方案8,方案9,方案10,方案11,方案12,方案17,方案18,方案19,方案21,方案23,方案24,;
2016-08-04 15:35:40	fef17c1b77bd26d0fd085af36fa492ee:1MvXhqhNymakHrZeHs6w4O0UqrhygECF	Q1:方案2,方案4,方案5,方案6,方案8,方案9,方案10,方案11,方案12,方案15,方案16,方案17,方案18,方案19,方案23,方案24,;
2016-08-04 15:36:36	374ee859d6f788f7bfe6f7598f16fdac:HyqFXZIS6TTVGwU2GyAaon4tz96FQxe6	Q1:方案2,方案4,方案5,方案6,方案7,方案8,方案9,方案10,方案11,方案12,方案17,方案18,方案19,方案21,方案23,方案24,;
2016-08-04 15:36:57	f582db9492824ca4b2def20f77e4dacc:BXzY1OLci5FLuA5imCa6eXwDJJYL0Quc	Q1:方案2,方案3,方案4,方案5,方案6,方案8,方案9,方案10,方案11,方案12,方案14,方案15,方案16,方案17,方案18,方案19,;
2016-08-04 15:36:59	4f79546c4c88a8c423ecd5f10443ed7f:pa2aTIfqec32ie5SmZ21ULRCRHmBNPFc	Q1:方案4,方案5,方案7,方案8,方案10,方案11,方案12,方案13,方案14,方案16,方案17,方案18,方案22,方案23,方案24,方案26,;
2016-08-04 15:37:24	ee43e6776c25b3a5fdea0afc7a9b6885:oJZDpy8kgIRWKX8QNHRThCFMxe7aSV8K	Q1:方案2,方案4,方案5,方案6,方案7,方案8,方案9,方案10,方案11,方案12,方案17,方案18,方案19,方案21,方案23,方案24,;
2016-08-04 15:38:11	0b0689b3e1042aa3341c43ce5c3c1f8f:iZoi1kUzuhoYKOZbFZ3c5fbhysYipfhW	Q1:方案3,方案4,方案5,方案6,方案7,方案8,方案9,方案10,方案11,方案12,方案15,方案16,方案17,方案18,方案19,方案24,;
2016-08-04 15:38:35	f8fd1909d005ea967558f2b5019bf6bb:dfWMhzgTAc4ftcPFuxj7JbdjD1mxDhIB	Q1:方案1,方案3,方案4,方案5,方案6,方案8,方案9,方案10,方案11,方案12,方案14,方案17,方案19,方案21,方案24,方案26,;
2016-08-04 15:39:57	0665a1819a5b4ad7eb4744c11a6839a3:NkBvWTbaFKAYpw8IgNFPhm8bmfC50vvY	Q1:方案2,方案4,方案5,方案6,方案7,方案8,方案9,方案10,方案11,方案12,方案17,方案18,方案19,方案21,方案23,方案24,;
2016-08-04 15:40:04	4041a2615c64a673a513f249f31d5506:JI7PGIDeh3cuAjMqIcyyu1I13pdORIuz	Q1:方案1,方案2,方案3,方案10,方案13,方案14,方案15,方案16,方案17,方案18,方案19,方案20,方案22,方案23,方案24,方案25,;
2016-08-04 15:41:22	421e896432ac0d28835a58f85daf556b:JMIG2sw0dDcJCF6eyJU1gd8J7TIMOPSN	Q1:方案1,方案2,方案5,方案6,方案8,方案9,方案10,方案12,方案13,方案14,方案15,方案18,方案19,方案21,方案25,方案26,;
2016-08-04 15:41:32	76831e115ed7a757ad0666100e189282:iRLS67LPmKV1ktSXvYz49aDCsN8jjtyU	Q1:方案2,方案3,方案4,方案5,方案6,方案7,方案8,方案9,方案10,方案12,方案15,方案17,方案18,方案19,方案24,方案26,;
2016-08-04 15:41:41	439d035ac37064452ae008c28906a485:KPgA0mFuuP26ikXfiCHFMTKbPGYZNjPT	Q1:方案2,方案4,方案5,方案6,方案7,方案8,方案9,方案10,方案11,方案12,方案17,方案18,方案19,方案21,方案23,方案24,;
2016-08-04 15:41:51	a79ea2561eb5fee46735264426272b3d:2ury8LL6rGuZuaTKva57jemaCW1MlKrS	Q1:方案2,方案3,方案4,方案5,方案6,方案7,方案8,方案9,方案10,方案11,方案12,方案13,方案14,方案15,方案22,方案24,;
2016-08-04 15:42:32	a2c0412489c1b7366b16185c33a86425:cgkj8qupem4hA3jwioa7a8PxSyGVQQdQ	Q1:方案1,方案2,方案3,方案4,方案6,方案7,方案8,方案9,方案10,方案11,方案14,方案15,方案16,方案17,方案20,方案21,;
2016-08-04 15:42:40	654c365b47a92bba7bc40f7d463c0550:JHJlvhSyYd0kyDXUuEXs2kZsS7DnE4Dw	Q1:方案2,方案3,方案4,方案5,方案6,方案7,方案8,方案9,方案10,方案11,方案12,方案15,方案16,方案17,方案18,方案19,;
2016-08-04 15:42:55	1a8ad31f4fcf58e8073750e26a33d867:5z4ZP7KKimPdl4buW6b7thsdem1bSydk	Q1:方案11,方案12,方案13,方案14,方案15,方案16,方案17,方案18,方案19,方案20,方案21,方案22,方案23,方案24,方案25,方案26,;
2016-08-04 15:43:20	c6dd6535ae690a466bf57aed83596cdc:P57VFDt0QrfitlNFmd6jzzlarHuCuZQB	Q1:方案1,方案2,方案4,方案5,方案7,方案8,方案9,方案11,方案13,方案16,方案17,方案18,方案19,方案21,方案22,方案26,;
2016-08-04 15:43:47	d217a6c9c2a15718a07e981f0fc7d62f:eENjMXcY0Sm7uPPb6v1UYAoiGn6fB2wq	Q1:方案9,方案10,方案11,方案12,方案13,方案14,方案15,方案16,方案17,方案18,方案19,方案20,方案21,方案22,方案23,方案24,;
2016-08-04 15:44:39	91a0938a4ee67b60102005a7e2f1f4f8:vbV73Cj65ese5G86WkkRYAXAZZbVpNrr	Q1:方案8,方案9,方案11,方案12,方案14,方案15,方案17,方案18,方案19,方案20,方案21,方案22,方案23,方案24,方案25,方案26,;
2016-08-04 15:44:45	69d276c96f6bd624c0aec4d8e84beee0:xnvnGfciSiznukBQCU5BHcZzCOXZ4dyv	Q1:方案2,方案4,方案5,方案6,方案7,方案8,方案9,方案10,方案11,方案12,方案17,方案18,方案19,方案21,方案23,方案24,;
2016-08-04 15:44:56	9f1f3999d756b3932e8fd3965718a272:F7GWeeaL1y4gfHeZ7HhwgGQCiYVNBLsO	Q1:方案2,方案4,方案5,方案6,方案7,方案8,方案9,方案10,方案11,方案12,方案17,方案18,方案19,方案21,方案23,方案24,;
2016-08-04 15:45:48	432a4ebff0e007ba9a16f6a10c9245e3:t5X3XKNNxkVF0E3EFVaGcJvhmXgLJKJ0	Q1:方案2,方案3,方案4,方案5,方案6,方案7,方案8,方案9,方案10,方案11,方案12,方案15,方案16,方案17,方案18,方案19,;
2016-08-04 15:46:56	c0006774c3cd5feacdbb9d5cb5e19d85:NeQ8viTfevTXgn2AcQcRG1Jnb6r9Powo	Q1:方案2,方案4,方案5,方案6,方案7,方案8,方案9,方案10,方案11,方案12,方案17,方案18,方案19,方案21,方案23,方案24,;
2016-08-04 15:47:27	e0953152919f2e0063dd4c5feabd0670:Wi2AMYCMfe7q0hSuh1TJ6Qbt5Cui25gt	Q1:方案2,方案6,方案7,方案8,方案9,方案10,方案11,方案12,方案13,方案14,方案16,方案17,方案20,方案21,方案23,方案25,;
2016-08-04 15:48:21	3bc71825dc63767fb69995fbd2352cbb:qDbdPFeBFPiJqzwXIUJkdeNJMwHwmJMI	Q1:方案2,方案4,方案5,方案6,方案7,方案8,方案9,方案10,方案11,方案12,方案17,方案18,方案19,方案21,方案23,方案24,;
2016-08-04 15:49:23	7c80c8ffa735cb27fce419bcd690b1a4:Bh6tbGCZUzBaTk4DzMiUoibzqxbd58kS	Q1:方案1,方案2,方案3,方案10,方案13,方案14,方案15,方案16,方案17,方案18,方案19,方案20,方案22,方案23,方案24,方案25,;
2016-08-04 15:49:47	cf012f743fb93329b61cff71b6085443:ORxPzzvXWynPGSUChPPyiNR0hNtd59Vy	Q1:方案2,方案4,方案5,方案6,方案7,方案8,方案9,方案10,方案11,方案12,方案17,方案18,方案19,方案21,方案23,方案24,;
2016-08-04 15:51:04	34fe782b9c934e383a96b9d1231a10f8:hD4ADIy3cMV2tWdk4aKcUDeQ1qKdKiXo	Q1:方案2,方案4,方案5,方案6,方案7,方案8,方案9,方案10,方案11,方案12,方案17,方案18,方案19,方案21,方案23,方案24,;
2016-08-04 15:52:20	e685edc3b503029f881ab1fb8b505926:KboOqlJrg7Zegsl8kQiT4bubaqSPYV8p	Q1:方案2,方案4,方案5,方案6,方案7,方案8,方案9,方案10,方案11,方案12,方案17,方案18,方案19,方案21,方案23,方案24,;
2016-08-04 15:53:25	e48c655e10862e888f5533b50b485a01:L1mhCPhOOuUrR9NzsBh2Tdz1zu6zByHJ	Q1:方案2,方案4,方案5,方案6,方案7,方案8,方案9,方案10,方案11,方案12,方案17,方案18,方案19,方案21,方案23,方案24,;
2016-08-04 15:54:31	712d5cdd801c47dce35a6fb3c02e28e5:H3YuAqL07iFYzQ5p7RY7jFKILKYPkCDu	Q1:方案2,方案4,方案5,方案6,方案7,方案8,方案9,方案10,方案11,方案12,方案17,方案18,方案19,方案21,方案23,方案24,;
2016-08-04 15:55:41	effa6a7da7ddb12a6ffadbfebe05c5d3:mLE697sU0sG87aU50Y3n5AErYpZ0rfXC	Q1:方案3,方案4,方案6,方案7,方案8,方案9,方案11,方案12,方案13,方案15,方案16,方案20,方案21,方案22,方案24,方案26,;
2016-08-04 15:56:09	459323bc959a5348a66aaeda911514a8:XBwxZyllJxEK1yBwRQciRYy5taTaaEN3	Q1:方案2,方案4,方案5,方案6,方案7,方案8,方案9,方案10,方案11,方案12,方案17,方案18,方案19,方案21,方案23,方案24,;
2016-08-04 15:56:32	4310fdbca7dc77b38de576734dfba5d4:vIcs5TwxybzXgkM8aeJMGmEEzGUybfHA	Q1:方案2,方案4,方案5,方案6,方案7,方案8,方案9,方案10,方案11,方案12,方案17,方案18,方案19,方案21,方案23,方案24,;
2016-08-04 15:57:39	fbf8ce3cf48238ace246d987cb32eb59:a6psXGgf6D3G6n9x2e0yUgUuhzmMJNCZ	Q1:方案1,方案2,方案3,方案10,方案14,方案15,方案16,方案17,方案18,方案19,方案20,方案22,方案23,方案24,方案25,方案26,;
2016-08-04 16:00:53	418836cf247c6e2329cea986533873d4:EQCWsBEKMORNJMFVQjVeAm8eBD4EE2E9	Q1:方案1,方案2,方案3,方案4,方案7,方案8,方案11,方案12,方案13,方案14,方案15,方案16,方案23,方案24,方案25,方案26,;
2016-08-04 16:01:40	fc44a4fc2f41871e3c4bd919b42ea32e:kanktfmww2F3b9B1E81i5j2hdHlBlzlc	Q1:方案2,方案4,方案5,方案6,方案7,方案8,方案9,方案10,方案11,方案12,方案17,方案18,方案19,方案21,方案23,方案24,;
2016-08-04 16:03:49	4178e476acdd2d2c2c6ff0ebfc1c6f82:GSLNWhLHLT5iMCZZuIqOjHRMC1ZlJXLQ	Q1:方案2,方案4,方案5,方案6,方案7,方案8,方案9,方案10,方案11,方案12,方案17,方案18,方案19,方案21,方案23,方案24,;
2016-08-04 16:08:42	00c1b696cffc6489e0fb12deaba57abe:Z4SFgTAXquEUpMrWHTugSWUP5CLivIto	Q1:方案2,方案4,方案5,方案6,方案7,方案8,方案9,方案10,方案11,方案12,方案17,方案18,方案19,方案21,方案23,方案24,;
2016-08-04 16:11:21	201d61c400f0f25a02c0701d41dcb243:fkV5YFXHIekICXeHaQSRcUYMUwTzmGLO	Q1:方案2,方案4,方案5,方案6,方案7,方案8,方案9,方案10,方案11,方案12,方案17,方案18,方案19,方案21,方案23,方案24,;
2016-08-04 16:14:44	119ff73c65f85507def0840aa784248c:kYmYDVNYxjMe7hg57i36ORPF34U51PUK	Q1:方案2,方案4,方案5,方案6,方案7,方案8,方案9,方案10,方案11,方案12,方案17,方案18,方案19,方案21,方案23,方案24,;
2016-08-04 16:14:54	3d9b0832d1fccb7f130cf39dfd7f3991:f1ZlzD0jYfWogYQssqO9pkqgEG7O8axE	Q1:方案2,方案4,方案5,方案6,方案7,方案8,方案9,方案10,方案11,方案12,方案17,方案18,方案19,方案21,方案23,方案24,;
2016-08-04 16:15:50	37ec4b499f47fa56edfcb98763c33ab3:7GgJIYvloz0D8Mea3SztsRYyO5RmUXyi	Q1:方案1,方案2,方案3,方案4,方案5,方案7,方案10,方案11,方案14,方案15,方案16,方案18,方案20,方案21,方案23,方案26,;
2016-08-04 16:16:42	68b4f734cbeb0e3f18d81ecfa04a8ccf:eoPgKA2ZgzKlDf5qdfdSKBBkdoiJO82K	Q1:方案2,方案3,方案4,方案5,方案6,方案8,方案9,方案10,方案11,方案13,方案15,方案16,方案17,方案20,方案22,方案23,;
2016-08-04 16:18:17	9e03f56c0d0951c189640b2ad14724d4:bLqiObFcg5SEgeLI8BHVFW8CgxDnkOTy	Q1:方案1,方案3,方案4,方案6,方案8,方案9,方案11,方案12,方案14,方案16,方案18,方案20,方案23,方案24,方案25,方案26,;
2016-08-04 16:20:09	efe299b490cc5bee883593c6e628a668:MqCPwy48Udz90tnbiGMY1Hi36ipsdi1e	Q1:方案4,方案7,方案9,方案10,方案11,方案12,方案13,方案15,方案16,方案17,方案18,方案21,方案23,方案24,方案25,方案26,;
2016-08-04 16:20:28	f7b66bce0f8814825518745b517aa5c8:Tvg1PuBiPfbqn5na9Y2p1FEr3vRl1kmG	Q1:方案1,方案4,方案5,方案6,方案7,方案9,方案12,方案15,方案16,方案17,方案20,方案21,方案23,方案24,方案25,方案26,;
2016-08-04 16:21:34	b4924074258da997dd39816dc7543733:teA6Tye33IdUvKPeV74o1sz9KV3CuHtC	Q1:方案1,方案2,方案3,方案4,方案5,方案6,方案7,方案9,方案10,方案11,方案12,方案13,方案14,方案16,方案21,方案23,;
2016-08-04 16:22:17	f03a36a8b4165cfc92e1ba2015c2d8ff:DTtwLXzSDRoxjROs2H0OFfGmZhkVO0GN	Q1:方案2,方案4,方案5,方案6,方案7,方案8,方案9,方案10,方案11,方案12,方案17,方案18,方案19,方案21,方案23,方案24,;
2016-08-04 16:24:03	3b65afb2926ae5640edb01634ddae42c:mfcKj1H6eG17u1i9lSkdd37XFvEy6JYU	Q1:方案2,方案4,方案5,方案6,方案7,方案8,方案9,方案10,方案11,方案12,方案17,方案18,方案19,方案21,方案23,方案24,;
2016-08-04 16:24:33	9adff5dc3840f5b488d1df2a143a62fc:imdaDVCJUjiObLTc1RNZzQfyL4Z2z7l3	Q1:方案4,方案5,方案7,方案9,方案11,方案12,方案13,方案14,方案16,方案18,方案19,方案21,方案23,方案24,方案25,方案26,;
2016-08-04 16:24:35	afe529a4aaec1c19586cdf91cfdde337:8jVOfqTIouKDnUjonbCoVPiaiddpoM34	Q1:方案2,方案4,方案5,方案6,方案9,方案10,方案12,方案13,方案14,方案16,方案17,方案18,方案22,方案23,方案24,方案25,;
2016-08-04 16:24:58	6a123ef8ac3a21f0682aaa70143ee1fd:JdjZX6gKVHV42SVYh9L5K5L8bECSpOND	Q1:方案2,方案4,方案5,方案6,方案7,方案8,方案9,方案10,方案11,方案12,方案17,方案18,方案19,方案21,方案23,方案24,;
2016-08-04 16:26:35	393d022eaa87a449b2879ea084506431:nom7XpwzkxQf5fmtY8Wp3LqsVkgkrfRD	Q1:方案1,方案4,方案5,方案6,方案7,方案8,方案9,方案11,方案13,方案16,方案17,方案18,方案20,方案22,方案24,方案25,;
2016-08-04 16:27:11	5fa19b16461be9fd6a60240453d7f0ab:j5w2wRnzJCU85CwvcJGrzuBu6w5hL3aK	Q1:方案2,方案4,方案5,方案6,方案7,方案8,方案9,方案10,方案11,方案12,方案17,方案18,方案19,方案21,方案23,方案24,;
2016-08-04 16:27:34	9fddae028cb53c0f106e3970d974f97e:zxeOkRobQkm10AxH3gvu2KvGq6bPQsY6	Q1:方案2,方案4,方案5,方案6,方案7,方案8,方案9,方案10,方案11,方案12,方案17,方案18,方案19,方案21,方案23,方案24,;
2016-08-04 16:28:37	92492de34dab14b2bf61b714b487d4e8:1Hsm572eMSidtvrizz04IFKGucpWfoPI	Q1:方案1,方案2,方案3,方案4,方案5,方案7,方案9,方案10,方案12,方案13,方案14,方案16,方案22,方案24,方案25,方案26,;
2016-08-04 16:29:52	29cc46980cb79cf2a58324236c392fbe:WHGUTIJ67tI2uZWmJlqZXaEb8mQGKsmp	Q1:方案9,方案10,方案11,方案12,方案13,方案14,方案15,方案16,方案17,方案18,方案19,方案21,方案22,方案23,方案24,方案26,;
2016-08-04 16:29:57	b2f49019c0cf5e263255faedd4f58dff:UJvFsaEbaTt2saFV5IwzUgNlRh1UI3iL	Q1:方案1,方案2,方案3,方案4,方案6,方案7,方案9,方案10,方案11,方案13,方案16,方案18,方案22,方案23,方案24,方案26,;
2016-08-04 16:30:49	6055711d6918a220a0ff886554d9aa26:PyowEJjUEhGwLPFsuTHSQq3OteHpVtBH	Q1:方案2,方案4,方案5,方案6,方案8,方案9,方案10,方案11,方案12,方案15,方案17,方案18,方案19,方案21,方案23,方案24,;
2016-08-04 16:32:45	59114e5f7fcda3245a437c8f3dc42b86:WzOfB9qAx7neVFFqWcbK373dh6uQtSrB	Q1:方案1,方案2,方案4,方案7,方案9,方案11,方案13,方案14,方案15,方案16,方案17,方案18,方案21,方案24,方案25,方案26,;
2016-08-04 16:33:38	c2c4b66970b93ce5b2d64f5f06df2c90:2lFxIFC2lhqO5fIRvSaNzzA5PSQBqLl2	Q1:方案1,方案2,方案3,方案10,方案13,方案14,方案15,方案17,方案18,方案19,方案20,方案22,方案23,方案24,方案25,方案26,;
2016-08-04 16:35:04	c32b141ed1a469b9b8bd2986c0107bd3:cjtabs2WgnSlF6FIbZK0Ma9VIvvPDNgM	Q1:方案1,方案2,方案4,方案5,方案6,方案7,方案8,方案9,方案10,方案11,方案13,方案15,方案22,方案23,方案24,方案25,;
2016-08-04 16:36:04	05cde03d3e8a9740bff5ef58ae11e510:GuWl7moyabWT8muab45ujPseK3LFInw2	Q1:方案1,方案3,方案7,方案8,方案9,方案11,方案12,方案15,方案16,方案17,方案18,方案19,方案22,方案24,方案25,方案26,;
2016-08-04 16:36:17	2b14270829dc2eb2c657a9af161c1bd0:5GX3okrkQQLbBzsuheqsJcpjeggSOP6C	Q1:方案1,方案2,方案3,方案10,方案14,方案15,方案17,方案18,方案19,方案20,方案21,方案22,方案23,方案24,方案25,方案26,;
2016-08-04 16:36:27	b5fcedb6b24bec735c8fd426c4d84f35:rfAgjMrtPi67H38KkhXeih2BLcidHllN	Q1:方案8,方案10,方案11,方案13,方案14,方案15,方案16,方案17,方案18,方案19,方案20,方案21,方案22,方案24,方案25,方案26,;
2016-08-04 16:38:53	34fc68c9fa8330bd88058a2ac020eb75:JmkLIW1kVd1uTTdl2o3uuMdVq2hH1F4G	Q1:方案2,方案4,方案5,方案6,方案7,方案8,方案9,方案10,方案11,方案12,方案17,方案18,方案19,方案21,方案23,方案24,;
2016-08-04 16:39:06	9fbf12b75cb183e59dc081ebc99e9e4f:21viTnRXyPcGjyxGa0KS7bAsV9cqfKRT	Q1:方案1,方案2,方案4,方案6,方案7,方案8,方案9,方案10,方案11,方案12,方案13,方案16,方案17,方案22,方案24,方案26,;
2016-08-04 16:39:49	562f6533fb015e16c4e8aecacfa58185:SOddI967AwUA9KTZ2YKNNPYvCX7JQQha	Q1:方案2,方案4,方案5,方案6,方案7,方案8,方案9,方案10,方案11,方案12,方案17,方案18,方案19,方案21,方案23,方案24,;
2016-08-04 16:40:58	789e268cabba82971ff3b53ebd4d6d2a:QWKSYMkluwcPA9aeTfuXBY52I0WBUQW3	Q1:方案1,方案3,方案7,方案8,方案9,方案11,方案12,方案15,方案16,方案17,方案18,方案19,方案22,方案24,方案25,方案26,;
2016-08-04 16:41:16	3e043110ea11e4787af1d77e549a9e38:FdhgolLsl4KzUbfTZhpK9Yer50kU1uAE	Q1:方案1,方案2,方案4,方案5,方案7,方案9,方案10,方案11,方案12,方案13,方案14,方案16,方案17,方案18,方案22,方案24,;
2016-08-04 16:42:54	5f5d7dddf80558faa8dc7dc812256e58:jNYUDtTLFbEJeKDHxMJNZ1PH40oJ5U3f	Q1:方案1,方案2,方案4,方案5,方案7,方案8,方案9,方案10,方案12,方案13,方案16,方案17,方案18,方案21,方案22,方案24,;
2016-08-04 16:43:06	3a87da97ef239719e833a12af03fe257:yzfVR6mbHh5biigoB1k7p8xyTC2IJJoI	Q1:方案2,方案4,方案5,方案6,方案7,方案8,方案9,方案10,方案11,方案12,方案17,方案18,方案19,方案21,方案23,方案24,;
2016-08-04 16:43:45	e02fca07bbe8076eee7bd235bad0dfc0:HwGcziVqPRksc1j6vAxWsER3m3FzlkGW	Q1:方案1,方案4,方案5,方案6,方案8,方案9,方案10,方案12,方案14,方案15,方案17,方案18,方案21,方案22,方案24,方案25,;
2016-08-04 16:44:13	b3ef9ae0e7c71993004d7bb4f3adf240:ydByw3bkddHT98sTcKdvMmaimzR0pNIw	Q1:方案1,方案2,方案4,方案7,方案9,方案10,方案11,方案12,方案13,方案15,方案16,方案17,方案18,方案22,方案23,方案24,;
2016-08-04 16:45:03	598b53cc2907da55ae5848d1f9aad5fd:YNQpMaTg15xk7OisT0mqCqu98qX9zQOI	Q1:方案1,方案2,方案3,方案4,方案5,方案6,方案7,方案8,方案9,方案10,方案13,方案17,方案21,方案24,方案25,方案26,;
2016-08-04 16:45:55	4619171a13332b8d333ca6a3b491cd01:AOefKok1rpj3iu73lK8RVmXih2j9ojVS	Q1:方案5,方案7,方案8,方案10,方案11,方案12,方案16,方案17,方案18,方案19,方案21,方案22,方案23,方案24,方案25,方案26,;
2016-08-04 16:47:36	80fc2045f64b2b015f991e43ff5c7f31:awWSLPGjupHkcQJTjzLdEujduJ63PD1h	Q1:方案1,方案4,方案5,方案7,方案8,方案9,方案10,方案12,方案13,方案16,方案17,方案21,方案23,方案24,方案25,方案26,;
2016-08-04 16:48:22	3c4bb43c2885f87e608a3585a4e3f58a:WrhPNGiPyFDTpQuHwwgkxKyVPQLKr8W1	Q1:方案1,方案4,方案5,方案7,方案9,方案11,方案13,方案14,方案15,方案16,方案17,方案18,方案21,方案22,方案24,方案26,;
2016-08-04 16:48:53	1d02d524631fe7213030bbb2b31e3a04:NVcrhZwxFYmYoOeCz7tyggNuF7r21Fgq	Q1:方案1,方案4,方案5,方案6,方案7,方案8,方案9,方案10,方案11,方案12,方案20,方案21,方案22,方案23,方案24,方案25,;
2016-08-04 16:49:21	b92de83df438e9a38b3136c9354a4274:YtwuXpMpfmndPBYIZHbVr2Wxkiw9L7ZV	Q1:方案1,方案5,方案6,方案7,方案8,方案9,方案11,方案13,方案16,方案18,方案20,方案22,方案23,方案24,方案25,方案26,;
2016-08-04 16:50:12	90a01cacc192bac460682f7b0c3efdb3:hjidGU0Ix3oc8ZgE4NVdLvR93Uou9JTG	Q1:方案2,方案4,方案5,方案6,方案7,方案8,方案9,方案10,方案11,方案12,方案17,方案18,方案19,方案21,方案23,方案24,;
2016-08-04 16:50:42	c6bee54caa67c19944980f4a708c0067:zQsLYWPSDyFbxJHTU319FvNhKwGFYvSm	Q1:方案2,方案4,方案5,方案8,方案9,方案11,方案13,方案14,方案16,方案17,方案18,方案21,方案22,方案23,方案24,方案26,;
2016-08-04 16:51:52	63610be792b17aacf4d387774185e5cd:rpfv5Y8USAdFTJL66h0AdXCYsZ8gflpe	Q1:方案2,方案4,方案5,方案8,方案9,方案11,方案13,方案14,方案16,方案17,方案18,方案21,方案22,方案23,方案24,方案26,;
2016-08-04 16:53:44	de5f85ac2067264f312b4a75608e2ac2:VWaHZ1udfHnvR0zfsXbBNzvvOb9iqALz	Q1:方案4,方案5,方案6,方案9,方案10,方案11,方案12,方案13,方案14,方案16,方案18,方案21,方案22,方案23,方案24,方案26,;
2016-08-04 16:54:52	ca18019f5ea7bf6e791ec5fd417e3696:IIoi2mNHSF0vf8siAb1eLtzYAAVVSfTC	Q1:方案1,方案2,方案5,方案6,方案9,方案11,方案12,方案13,方案16,方案17,方案18,方案22,方案23,方案24,方案25,方案26,;
2016-08-04 16:55:14	aa973c24755455b3cda97f3f4d6e8164:lp6ISPT39YzLc7TG0BkXmXb2hiwp7lZv	Q1:方案2,方案4,方案5,方案6,方案7,方案8,方案9,方案10,方案11,方案12,方案17,方案18,方案19,方案21,方案23,方案24,;
2016-08-04 16:56:45	014298bf030bef00e98671465f782b4c:X704fHlqfTh4Vx8scRFU4B81CLQFebE3	Q1:方案2,方案3,方案4,方案5,方案7,方案8,方案9,方案10,方案13,方案14,方案15,方案16,方案20,方案22,方案24,方案26,;
2016-08-04 16:56:47	b4a6ec34bd655450c4aaf1cca3b0f9ae:d0KDOLUpIoQ5pPinn8ScngDJJHDIhI7A	Q1:方案2,方案3,方案4,方案6,方案7,方案8,方案11,方案12,方案13,方案15,方案16,方案17,方案18,方案19,方案21,方案26,;
2016-08-04 16:57:56	4c96be80cf9bbccef48f8bd1267670c5:5xzJL5BLdb8QmCWfMSCK1SeO2y1SbiMR	Q1:方案4,方案6,方案7,方案8,方案10,方案11,方案12,方案13,方案16,方案17,方案18,方案21,方案23,方案24,方案25,方案26,;
2016-08-04 16:58:19	ae7e142f196cee79eb2282046dc65f5b:nRKIJuA3Wnk8K6ufP5ihjDOSOlroM7ed	Q1:方案1,方案2,方案4,方案5,方案7,方案8,方案9,方案10,方案11,方案13,方案14,方案16,方案17,方案18,方案19,方案21,;
2016-08-04 16:59:47	a90325db9b0e185b0850cfcf45340f9a:tGYpG2XnHCEivsdohghjdcTa4RVdDhj4	Q1:方案2,方案4,方案5,方案6,方案7,方案8,方案9,方案10,方案11,方案12,方案17,方案18,方案19,方案21,方案23,方案24,;
2016-08-04 16:59:54	fb642bdf50f5d8e0af1e649667d4abb0:Wp89j08WFcKdSgmCETeWlfDXGTNSuLWJ	Q1:方案2,方案3,方案4,方案5,方案6,方案7,方案8,方案9,方案10,方案11,方案12,方案16,方案17,方案18,方案19,方案26,;
2016-08-04 17:01:12	c884b205433f10856083a4f9a315d3c8:cr6gtu6eQAKzTBecgv4X4WX8HCqih6wZ	Q1:方案1,方案2,方案4,方案5,方案6,方案7,方案8,方案9,方案10,方案11,方案12,方案13,方案14,方案16,方案17,方案21,;
2016-08-04 17:01:37	99869a70efa8b4c6285de4a5753f57bc:fKf0mnQKU7CNFUcF0RtwezmF2uTE9f9O	Q1:方案2,方案4,方案5,方案6,方案7,方案8,方案9,方案10,方案11,方案12,方案17,方案18,方案19,方案21,方案23,方案24,;
2016-08-04 17:03:07	a6489fe3e1e12ca6036aa0348ea6e1ee:FQJFBIE4AvxAFJpsgLHN4kMvQOtr0eee	Q1:方案2,方案4,方案5,方案6,方案7,方案8,方案9,方案10,方案11,方案12,方案17,方案18,方案19,方案21,方案23,方案24,;
2016-08-04 17:03:43	95ac7c553195955a7764a86987965cc2:iCyuWBnJ1CTMAYXyRKP3EP2baHw2hy2r	Q1:方案2,方案4,方案5,方案6,方案7,方案8,方案9,方案10,方案11,方案12,方案17,方案18,方案19,方案21,方案23,方案24,;
2016-08-04 17:03:56	ef2894bad8addd2507681cf67c3e176c:DlAhOK1B7yhLaD6atpFKGszGJ7r9Z4NC	Q1:方案1,方案2,方案4,方案5,方案7,方案8,方案10,方案11,方案12,方案13,方案16,方案18,方案19,方案21,方案23,方案24,;
2016-08-04 17:05:06	ac031636120289c79b90168bc99fdcf6:rzSEvp8OLLD1MHHfxDm3kk1EZcUtzZFk	Q1:方案2,方案4,方案5,方案6,方案7,方案8,方案9,方案10,方案11,方案12,方案17,方案18,方案19,方案21,方案23,方案24,;
2016-08-04 17:05:45	1681924dcb260305c2984f23b238d099:7nz9Vno5h6DukPtrdWBTuVPOlkImU7wO	Q1:方案4,方案6,方案7,方案8,方案10,方案11,方案12,方案15,方案16,方案17,方案18,方案19,方案20,方案23,方案24,方案25,;
2016-08-04 17:06:33	52298e1ccc508c53850890b6e54d6973:Ams2rZpi2zrs0ibIWx4sXfS0cH8NhdLA	Q1:方案2,方案4,方案5,方案6,方案7,方案8,方案9,方案10,方案11,方案12,方案17,方案18,方案19,方案21,方案23,方案24,;
2016-08-04 17:06:39	3ddc44b1c3a1ed42803b564080493246:9WSvLUfQ9zzmghXTM4dOYEOji5hX49re	Q1:方案2,方案4,方案5,方案6,方案7,方案8,方案9,方案10,方案11,方案12,方案17,方案18,方案19,方案21,方案23,方案24,;
2016-08-04 17:08:27	4aa11249e18ad2f1942034f7ce87679b:z2ICR9vwZ1TYGQydqGZ4q0YcbxMNWpS0	Q1:方案2,方案4,方案5,方案6,方案7,方案8,方案9,方案10,方案11,方案12,方案17,方案18,方案19,方案21,方案23,方案24,;
2016-08-04 17:08:41	f1fa505c306a10d5d2b17b5826063a72:WNvbW4hk0Bzab3ndip8mZFHqCmoBTuo9	Q1:方案1,方案4,方案5,方案8,方案10,方案11,方案13,方案14,方案16,方案17,方案18,方案19,方案20,方案22,方案24,方案25,;
2016-08-04 17:10:24	b0a9a0f703588a69275bbfc64b8e5ef7:mtgO2fnbTXwk7TyytK2rYGJEFqSuhQx9	Q1:方案1,方案2,方案3,方案5,方案6,方案7,方案8,方案9,方案10,方案11,方案12,方案13,方案18,方案23,方案25,方案26,;
2016-08-04 17:10:32	b164d923a6ee0562512eb7d00094be6d:VNYVCT4iUgRNySL0mco3guiyfhNFwx17	Q1:方案2,方案4,方案5,方案6,方案7,方案8,方案9,方案10,方案11,方案12,方案17,方案18,方案19,方案21,方案23,方案24,;
2016-08-04 17:11:44	ca677e2513f04b0fbcab666dbd8b97ab:kk05j94flAmlahyDBk41vKgaalB0VJMa	Q1:方案2,方案4,方案5,方案6,方案7,方案8,方案9,方案10,方案11,方案12,方案17,方案18,方案19,方案21,方案23,方案24,;
2016-08-04 17:12:09	d6d03e902da1776d5c2dfc7140496a8a:qPldhmettKodAucBLDFstLCs4VNnhUYY	Q1:方案2,方案4,方案5,方案6,方案7,方案8,方案9,方案10,方案11,方案12,方案17,方案18,方案19,方案21,方案23,方案24,;
2016-08-04 17:12:26	eefb9eba4e221e601324df6863212eca:rmMRFbgBOs9FuDsJeZ0IkTcFlrF082Ot	Q1:方案2,方案4,方案5,方案6,方案7,方案8,方案9,方案10,方案11,方案12,方案17,方案18,方案19,方案21,方案23,方案24,;
2016-08-04 17:12:52	75fdb1baa2166bd01718e2ff76ac6c80:dMGxdyfomsMVVnSAxWxXbM8dZpV6ZZ1B	Q1:方案1,方案2,方案3,方案4,方案5,方案6,方案7,方案8,方案9,方案13,方案15,方案16,方案17,方案20,方案22,方案26,;
2016-08-04 17:13:36	b959b38c35b95b5198ccd687a39d175d:OXFbBgN3l439r0OJMdUueQunciO88wiC	Q1:方案2,方案4,方案5,方案6,方案7,方案8,方案9,方案10,方案11,方案12,方案17,方案18,方案19,方案21,方案23,方案24,;
2016-08-04 17:14:04	3557a23d4500bd3b60099dfefc81781d:htZVXCGfZxUIkzjwfzxciZ6UZPQauvzb	Q1:方案3,方案4,方案5,方案6,方案7,方案8,方案9,方案11,方案13,方案16,方案18,方案20,方案21,方案23,方案24,方案26,;
2016-08-04 17:14:41	dae38d6f7e371b9e835c0a024e48e60c:XgHs2pADyZuqRxqE0LPi4qw6zI8i68Ab	Q1:方案2,方案4,方案5,方案6,方案7,方案8,方案9,方案10,方案11,方案12,方案17,方案18,方案19,方案21,方案23,方案24,;
2016-08-04 17:16:23	1c0febca7f688217eeb6d4bc361ea774:P3e5IKsBgTsJyYsqkVma7FT0FS3ccFOy	Q1:方案1,方案2,方案4,方案5,方案6,方案7,方案8,方案10,方案11,方案12,方案13,方案15,方案17,方案20,方案23,方案24,;
2016-08-04 17:17:14	ef2bb4ae73f17c7f28b33d5b496671f2:qtsEMA68J3Y6jxxgD6mt5kvlcaA5BTTh	Q1:方案2,方案4,方案7,方案8,方案9,方案11,方案12,方案14,方案15,方案16,方案17,方案18,方案23,方案24,方案25,方案26,;
2016-08-04 17:17:55	10bbb5c7133528dc3d3c4395fbc9cafb:blZpAjZjmqvGlwK8sjHzBt2VnXGk8hbw	Q1:方案2,方案4,方案5,方案6,方案7,方案8,方案9,方案10,方案11,方案12,方案17,方案18,方案19,方案21,方案23,方案24,;
2016-08-04 17:20:56	557b9293fed23770dbb98fcfda34d7ba:JjtI5kdMoYNx6IJHWVHTzTMMCi5Pfyci	Q1:方案2,方案4,方案5,方案6,方案7,方案8,方案9,方案10,方案11,方案12,方案17,方案18,方案19,方案21,方案23,方案24,;
2016-08-04 17:21:32	afb6715bb6cf79188098e58b8526a9b6:kl7vSF9QCk4N7BGKl4UAnAK9ODBNLVUi	Q1:方案5,方案6,方案7,方案8,方案9,方案11,方案12,方案13,方案15,方案18,方案19,方案20,方案21,方案23,方案25,方案26,;
2016-08-04 17:22:58	5be49147d4a506b200d69a81a13f4228:6hm6ERRyKS7hipXBqPRkkApipvNlmYQ1	Q1:方案2,方案3,方案7,方案8,方案9,方案10,方案11,方案12,方案13,方案16,方案17,方案18,方案19,方案21,方案23,方案26,;
2016-08-04 17:23:18	65bb01db57ec4d81bfeef16f7d41a756:U37nq9gQtnJPOUdMu7sv3tSuae06yH3t	Q1:方案2,方案4,方案5,方案6,方案7,方案8,方案9,方案10,方案11,方案12,方案17,方案18,方案19,方案21,方案23,方案24,;
2016-08-04 17:24:06	96e5b38188831a195d2d20f6fa0024c0:T349NFjMWdceuM1yKQetR8ZU3EbrplUZ	Q1:方案2,方案4,方案6,方案7,方案8,方案10,方案11,方案13,方案14,方案15,方案16,方案17,方案18,方案19,方案22,方案23,;
2016-08-04 17:25:45	fb0806e1283b4d7b9032623315fc8f4d:6Hk62QEduJsocFZx69X84q7S4NAQQSnH	Q1:方案2,方案4,方案5,方案6,方案7,方案8,方案9,方案10,方案11,方案12,方案17,方案18,方案19,方案21,方案23,方案24,;
2016-08-04 17:27:01	73d5dc6f3073922bf23d8fbbb921a8b6:DDwQvlWSSsbUC0c0xfwgeZR3u77qgbI0	Q1:方案2,方案4,方案5,方案6,方案7,方案8,方案9,方案10,方案11,方案12,方案17,方案18,方案19,方案21,方案23,方案24,;
2016-08-04 17:27:09	d826b9211c604cdeba4cb2ca4b6c873f:8fvWUV8wFIl1Ryezay0mxg2VxLMxQZwv	Q1:方案2,方案4,方案5,方案6,方案7,方案8,方案9,方案10,方案11,方案12,方案17,方案18,方案19,方案21,方案23,方案24,;
2016-08-04 17:28:37	9e0a29043acc3ac2b341b754683ae29c:qzCny4UOxB0Wst4PTY7LPLN1baBUUzmY	Q1:方案2,方案4,方案5,方案6,方案7,方案8,方案9,方案10,方案11,方案12,方案17,方案18,方案19,方案21,方案23,方案24,;
2016-08-04 17:29:43	1cc9bb7a6fa1433337560aa4b7faf6b5:M25581QrYh9yYl1gIwFS43puccZx1zqN	Q1:方案2,方案4,方案5,方案6,方案7,方案8,方案9,方案10,方案11,方案12,方案17,方案18,方案19,方案21,方案23,方案24,;
2016-08-04 17:30:32	8e6c22b3ad5a766e0cf61d409ec508fb:3IBWHrbhSXLWRoqdkp5lCjiq47zSylwJ	Q1:方案2,方案4,方案5,方案6,方案7,方案8,方案9,方案10,方案11,方案12,方案17,方案18,方案19,方案21,方案23,方案24,;
2016-08-04 17:31:01	0a73042ae865bb57b3b8f5426f14e188:7ajVvo5kMsjx3NBXsd0zA4vEUZIJxZAL	Q1:方案2,方案4,方案5,方案6,方案7,方案8,方案9,方案10,方案11,方案12,方案17,方案18,方案19,方案21,方案23,方案24,;
2016-08-04 17:32:29	899ef37e199046cf33e4bf72725f05dd:nXERFGNyc1QXoFOo1CmvLSqPibhBwSif	Q1:方案2,方案4,方案5,方案6,方案7,方案8,方案9,方案10,方案11,方案12,方案17,方案18,方案19,方案21,方案23,方案24,;
2016-08-04 17:33:22	e83803c771c940ca180d66797f4ef127:LS8aC3hTrHOWIyPqafgBPoCreSYwCmaX	Q1:方案2,方案4,方案5,方案6,方案7,方案8,方案9,方案10,方案11,方案12,方案17,方案18,方案19,方案21,方案23,方案24,;
2016-08-04 17:34:11	617c41715331085ff1ac35e9abd08578:plTFIr1sIpSFmd66gu29ObObveXLqSR0	Q1:方案2,方案4,方案5,方案6,方案7,方案8,方案9,方案10,方案11,方案12,方案17,方案18,方案19,方案21,方案23,方案24,;
2016-08-04 17:35:23	a205a1a34e7dbf27a5db7378bcce6607:734XWhpNUSz6VUeHuBGJkG0XLaaa9W5Q	Q1:方案2,方案4,方案5,方案6,方案7,方案8,方案9,方案10,方案11,方案12,方案17,方案18,方案19,方案21,方案23,方案24,;
2016-08-04 17:37:15	a3d80bab864b34b4f7d9aab3380b549d:iyAEWmQteEwdA854DLK9oTXmw5NY47pj	Q1:方案2,方案4,方案5,方案6,方案7,方案8,方案9,方案10,方案11,方案12,方案17,方案18,方案19,方案21,方案23,方案24,;
2016-08-04 17:39:00	e5794805ae53a69d8d534e8696681bbc:9wxG18BiORGbET5MxGKcUSRVmJaDUXSK	Q1:方案2,方案4,方案5,方案6,方案7,方案8,方案9,方案10,方案11,方案12,方案17,方案18,方案19,方案21,方案23,方案24,;
2016-08-04 17:39:14	4d3300eec848e28ff123c5ce95207725:Luxlv0pPim8yfpKPzS0ooEBetAxkOuDU	Q1:方案2,方案4,方案5,方案6,方案8,方案9,方案10,方案11,方案12,方案16,方案17,方案18,方案20,方案21,方案23,方案26,;
2016-08-04 17:40:55	d671b1fed1e9e95b323122c0eb025cc6:MkbWVDAsp6fjb1mZZwysiLuT6cxnY50t	Q1:方案2,方案4,方案5,方案6,方案7,方案8,方案9,方案10,方案11,方案12,方案17,方案18,方案19,方案21,方案23,方案24,;
2016-08-04 17:41:39	61a39432959fe7e47cbfacb93113d4a6:TiWMnfnHUACw1QmZttTDMF2Kjc1Opgw4	Q1:方案2,方案4,方案5,方案6,方案7,方案8,方案9,方案10,方案11,方案12,方案17,方案18,方案19,方案21,方案23,方案24,;
2016-08-04 17:43:05	3b34f27e4d3efd956cb42c256abdf4d9:O8Q0qPp9B2t4ULXC6MN8V21YZ8WEcB7e	Q1:方案2,方案4,方案5,方案6,方案7,方案8,方案9,方案10,方案11,方案12,方案17,方案18,方案19,方案21,方案23,方案24,;
2016-08-04 17:44:24	347c5848b9260480067943162ac13435:Ss6arlJu4gprehavfEVewFIH2dpRjQiw	Q1:方案2,方案4,方案5,方案7,方案8,方案11,方案12,方案14,方案17,方案19,方案20,方案21,方案22,方案23,方案25,方案26,;
2016-08-04 17:44:23	1f99c29aa63cffa652f87b96156ed8d8:3mUC4vP5XsatsBFFPUXl53aEonhMomdf	Q1:方案2,方案4,方案5,方案6,方案7,方案8,方案9,方案10,方案11,方案12,方案17,方案18,方案19,方案21,方案23,方案24,;
2016-08-04 17:45:30	ffa6e77ed55170b308d4ffc5d472e116:qs57dWogMtA7dLnkf0mC11c4FMA0tzjv	Q1:方案2,方案4,方案5,方案6,方案7,方案8,方案9,方案10,方案11,方案12,方案17,方案18,方案19,方案21,方案23,方案24,;
2016-08-04 17:46:50	02d702c7e79f9a496b08dc8e28b165de:cUsuErggp1cMWNliNbbhDSlnqfA7hTsQ	Q1:方案2,方案4,方案5,方案6,方案7,方案8,方案9,方案10,方案11,方案12,方案17,方案18,方案19,方案21,方案23,方案24,;
2016-08-04 17:47:19	63f240aa832bc277b720cd859269ef76:r3N6BUSUERaeWOHxAqANip7lzvLyexVU	Q1:方案2,方案4,方案5,方案6,方案7,方案8,方案9,方案10,方案11,方案12,方案17,方案18,方案19,方案21,方案23,方案24,;
2016-08-04 17:48:23	456ffd85d280225aec3a23bab4d342d9:bdEROIzru1ty4OZQvKMcWQEUZpxWokIj	Q1:方案2,方案4,方案5,方案6,方案7,方案8,方案9,方案10,方案11,方案12,方案17,方案18,方案19,方案21,方案23,方案24,;
2016-08-04 17:49:31	65b325008563ecaad0becec57ce488fc:CHtnZ3hqmWUCtgn5pZHlMSIZvxghlNEz	Q1:方案2,方案4,方案5,方案6,方案7,方案8,方案9,方案10,方案11,方案12,方案17,方案18,方案19,方案21,方案23,方案24,;
2016-08-04 17:53:32	a463afff71ce37156a3184c1f8c0d567:dkNWLifMCX6nwqgcZAyiooKj3mBeE690	Q1:方案4,方案5,方案8,方案9,方案10,方案11,方案12,方案17,方案18,方案19,方案20,方案21,方案23,方案24,方案25,方案26,;
2016-08-04 18:02:21	6932db7f9b9f56e53fae554051fced61:z4M7138YHAeBYmz2Ruvi25ndaZoma43i	Q1:方案2,方案4,方案5,方案6,方案7,方案8,方案9,方案10,方案11,方案12,方案17,方案18,方案19,方案21,方案23,方案24,;
2016-08-04 18:03:52	5104c414824ef1ec8e2cf0efaa466407:XoInDeOwakA2qLUIW1iyad1YZg7HNdbf	Q1:方案1,方案3,方案6,方案7,方案8,方案10,方案11,方案12,方案14,方案16,方案17,方案18,方案19,方案21,方案23,方案24,;
2016-08-04 18:06:24	ff14646974f55a1e6c726ebcfb517d57:cWue7VLzdypXg0IA21kQzy33grthxGnZ	Q1:方案2,方案4,方案5,方案6,方案7,方案8,方案9,方案10,方案11,方案12,方案17,方案18,方案19,方案21,方案23,方案24,;
2016-08-04 19:00:00	2221e6bf6595ab7261c96b59905279dd:uVW9nHii6ud28JZ4PTTIjtpVE5MlrAMS	Q1:方案1,方案2,方案3,方案4,方案5,方案6,方案7,方案8,方案9,方案10,方案11,方案12,方案13,方案14,方案15,方案16,;
2016-08-04 19:23:21	93de8a2fa95e376113897c15c8aa13d2:Q6CJaKZIEuhxV0qiofBQHcJu44aQojmC	Q1:方案1,方案2,方案3,方案4,方案5,方案6,方案7,方案8,方案9,方案10,方案11,方案12,方案13,方案14,方案15,方案16,;
2016-08-04 19:29:35	3284a289434f5e1d31fbd7d79adab994:kN8KnchndYqPs4xXryyfsL6MmC3QKeQg	Q1:方案2,方案3,方案4,方案6,方案7,方案8,方案10,方案11,方案12,方案13,方案14,方案17,方案18,方案20,方案23,方案26,;
2016-08-04 19:51:22	cca794a1a3c31242e0b7b9b64b880306:EsbjnlnAVLftkrERcgQ6MbTvYjnDgip7	Q1:方案1,方案2,方案3,方案10,方案13,方案14,方案15,方案17,方案18,方案19,方案20,方案22,方案23,方案24,方案25,方案26,;
2016-08-04 20:17:47	81eb240baaca53b7255e52cbe9b9d365:YTuKLRSum9a5B7pvzW7CSHKg9Il3rTbm	Q1:方案1,方案2,方案6,方案8,方案10,方案11,方案13,方案15,方案16,方案17,方案18,方案19,方案20,方案22,方案24,方案25,;
2016-08-04 20:27:58	9b4ce24a9e38cc78bd0497a747b0d450:1EOAL3VP3djl0JSTQu2YmWmH8K2Akpaq	Q1:方案1,方案2,方案4,方案5,方案7,方案8,方案9,方案10,方案11,方案12,方案13,方案14,方案15,方案16,方案17,方案19,;
2016-08-04 20:29:10	b32a994013c60224b17bad8b15f160e3:m1fJOHS7VsywKX3o9DlRQLWFlGu27mqD	Q1:方案1,方案2,方案3,方案10,方案13,方案14,方案15,方案17,方案18,方案19,方案20,方案22,方案23,方案24,方案25,方案26,;
2016-08-04 20:32:37	89216cacd337873a1fd2e49d9b425d5a:1lfiApiRc69aZp7mpjNNA9QpL22qfCGK	Q1:方案1,方案5,方案6,方案7,方案8,方案9,方案11,方案12,方案16,方案17,方案18,方案20,方案21,方案23,方案25,方案26,;
2016-08-04 20:32:38	b9c8a4226956ad25a9b3c483e9378780:N5QCgiQKxJ7dZnl8yjC3lHIe30TdcPJd	Q1:方案1,方案2,方案3,方案10,方案13,方案14,方案15,方案17,方案18,方案19,方案20,方案22,方案23,方案24,方案25,方案26,;
2016-08-04 20:34:49	85983c0dcb39ad43bb34ff92673c2bc4:4dNNrYS697Js7M4CzvbHDxdx97GwOwra	Q1:方案1,方案2,方案3,方案10,方案13,方案14,方案15,方案17,方案18,方案19,方案20,方案22,方案23,方案24,方案25,方案26,;
2016-08-04 20:40:50	3652fd95a406dc0d9483d84cf719f040:bmiASajfjiGDc6GUpreK2OQMCvLLl79Q	Q1:方案1,方案2,方案3,方案10,方案13,方案14,方案15,方案17,方案18,方案19,方案20,方案22,方案23,方案24,方案25,方案26,;
2016-08-04 20:43:10	efc7417dd22af04d002c728a3fb82891:rPW4upLyrJCHv5MAIrog7aqpxkkT9PJk	Q1:方案4,方案5,方案7,方案8,方案9,方案10,方案11,方案12,方案14,方案15,方案17,方案20,方案21,方案22,方案23,方案24,;
2016-08-04 20:45:58	91a7281b7096a4fe98d47620deb0f23e:OO5Opl5I4zJ1L6Jsk0vWQX0u3YErsppy	Q1:方案1,方案4,方案5,方案7,方案8,方案9,方案10,方案11,方案12,方案14,方案15,方案17,方案21,方案22,方案24,方案26,;
2016-08-04 20:46:48	fbde11d0ea9419e46fb8b073c3e305e9:KKcj9LOdTyPmyW0aryZIePnPw8Wi4Fe3	Q1:方案2,方案4,方案6,方案8,方案11,方案12,方案13,方案15,方案16,方案18,方案21,方案22,方案23,方案24,方案25,方案26,;
2016-08-04 20:47:49	f7172cb0ecb36b7e241bc6ab4d8503e5:be6PW3J62keG2Mi7syemasu7OPkM9NuA	Q1:方案1,方案2,方案4,方案5,方案6,方案8,方案9,方案10,方案11,方案12,方案14,方案15,方案17,方案18,方案21,方案22,;
2016-08-04 20:49:27	fb88d69cbfd56ce4a90f04abc6ae0b62:hyb4SKesg1QUZRQ0TB6ED4nkijVeKZXK	Q1:方案1,方案3,方案4,方案5,方案7,方案8,方案9,方案10,方案11,方案12,方案15,方案16,方案17,方案21,方案22,方案26,;
2016-08-04 20:51:01	2236d2578bb6ab9330e004b28398947a:W7nJYONW3qNXlmi31G4I6JGOVRU1T7vy	Q1:方案2,方案4,方案5,方案7,方案8,方案9,方案10,方案11,方案12,方案14,方案15,方案17,方案20,方案21,方案22,方案23,;
2016-08-04 20:52:46	73374ab6dcac7c99ba3984155c9b9d07:7MvnhDWdENPAHzclyYRHm5W3KppWpb2w	Q1:方案1,方案4,方案5,方案7,方案8,方案9,方案10,方案11,方案12,方案14,方案15,方案17,方案18,方案20,方案21,方案22,;
2016-08-04 20:55:21	d39518b23d2ced596fbfdf3f40b528ba:pmUe1AGfTQsOQ91gjepTHpvMqpMBMKRA	Q1:方案1,方案2,方案3,方案10,方案13,方案14,方案15,方案17,方案18,方案19,方案20,方案22,方案23,方案24,方案25,方案26,;
2016-08-04 20:56:22	c6af0754de8523b94e77f980dad6d575:QQnGHugvGWljT6nQyzYf573GG2HwooaQ	Q1:方案1,方案2,方案4,方案5,方案7,方案10,方案11,方案12,方案14,方案15,方案17,方案20,方案21,方案22,方案24,方案26,;
2016-08-04 20:58:21	6b1c9b8778bed83ef9b87a4e4bda6262:LhtPMm5Nf8Ozts0pEZ7bk50ebhnYGDcX	Q1:方案1,方案2,方案3,方案10,方案13,方案14,方案15,方案17,方案18,方案19,方案20,方案22,方案23,方案24,方案25,方案26,;
2016-08-04 21:01:27	048838afe44365456a3280fb12eee92c:ddy9hMVHFanpwzPnKmjGWYyr3OUYKv6J	Q1:方案1,方案2,方案3,方案10,方案13,方案14,方案15,方案17,方案18,方案19,方案20,方案22,方案23,方案24,方案25,方案26,;
2016-08-04 21:04:04	03a74443d9d4ce1772b98ab5cd79f787:PQ2jcqry42Xpgx32Yewyje7tHNxYlq75	Q1:方案1,方案2,方案3,方案10,方案13,方案14,方案15,方案17,方案18,方案19,方案20,方案22,方案23,方案24,方案25,方案26,;
2016-08-04 21:06:04	29ded81430b692c534cbb4b43f451744:2OLSfSHBvUCMFtNeQj56cquq717pz2Ji	Q1:方案1,方案2,方案3,方案10,方案13,方案14,方案15,方案17,方案18,方案19,方案20,方案22,方案23,方案24,方案25,方案26,;
2016-08-04 21:10:27	6aed1181d695bc80712e51faf0560198:ZOIl6FrvzQW00FZwBLrsrpTBl2TDFxG3	Q1:方案1,方案2,方案3,方案10,方案13,方案14,方案15,方案17,方案18,方案19,方案20,方案22,方案23,方案24,方案25,方案26,;
2016-08-04 21:17:05	d2e0a2d18c3c2514962333b87f6500b7:ZnVHRtChEHLEweX0ObplMpUJV3b16uul	Q1:方案1,方案2,方案3,方案10,方案13,方案14,方案15,方案17,方案18,方案19,方案20,方案22,方案23,方案24,方案25,方案26,;
2016-08-04 21:18:56	eb68c45f43a47c422c85fc3f62138f63:spf9oqvCqNlMxiED5ZlW0ZZUJEzNFaKd	Q1:方案1,方案2,方案3,方案10,方案13,方案14,方案15,方案17,方案18,方案19,方案20,方案22,方案23,方案24,方案25,方案26,;
2016-08-04 21:46:25	f770c8f9ca3864afb7a8c5e37fdeb509:lhosief87cHAs6dRFqGMu0DtWo43sh3g	Q1:方案1,方案2,方案5,方案6,方案7,方案8,方案9,方案11,方案12,方案15,方案16,方案17,方案18,方案21,方案25,方案26,;
2016-08-04 21:53:29	3dcacaf58463c90ef7a386ee0a6aae62:vWwr3cyws3jG59Gr2XPljSSeMxcYSHYb	Q1:方案1,方案3,方案6,方案7,方案8,方案9,方案11,方案15,方案16,方案17,方案18,方案20,方案22,方案24,方案25,方案26,;
2016-08-04 22:11:09	556f51b93086118df28c6ff4935448e1:KNyKD0VvVS2YAtDftX1dyDp9BCRmFTzK	Q1:方案2,方案4,方案5,方案6,方案7,方案8,方案9,方案10,方案11,方案12,方案17,方案18,方案19,方案21,方案23,方案24,;
2016-08-04 22:14:25	1ad073c0f2943f5bd5892bd972dd1ec4:PD3FEqwe7BthdJIVrq9qLqCEOwDLfJ1E	Q1:方案2,方案4,方案5,方案6,方案7,方案8,方案9,方案10,方案11,方案12,方案17,方案18,方案19,方案21,方案23,方案24,;
2016-08-04 22:19:48	f3e5e12742cee23cf59a679d48c834ac:orvix70VyA0hUWPwCLLHsrlxqvcKp8DV	Q1:方案2,方案4,方案5,方案6,方案7,方案8,方案9,方案10,方案11,方案12,方案17,方案18,方案19,方案21,方案23,方案24,;
2016-08-04 22:22:57	947e96ceee5747bac1da1e92b1757c85:NEguuYF31ZIgwi11la1Zycyijoqvtkch	Q1:方案1,方案2,方案4,方案5,方案7,方案8,方案11,方案12,方案13,方案15,方案16,方案17,方案18,方案23,方案24,方案26,;
2016-08-04 22:48:29	2c89ade6e143628dc0f6f5d26a31443f:ijzBgne1T0lICCPhqcV06P1LZBuSxYDG	Q1:方案2,方案4,方案5,方案6,方案7,方案8,方案9,方案10,方案11,方案12,方案17,方案18,方案19,方案21,方案23,方案24,;
2016-08-04 22:51:39	71a0ef3de02eef0b25cd731738adafa3:kzGyyd0fzsKsfC10aqE25izBmc8EW6k1	Q1:方案1,方案3,方案6,方案7,方案8,方案9,方案11,方案15,方案16,方案17,方案18,方案20,方案22,方案23,方案24,方案25,;
2016-08-04 22:51:51	e87054d87cc1affc43199997454e1a9f:z0uldNWq68jcjPx2WUbed6YxJcsFPfTl	Q1:方案11,方案12,方案13,方案14,方案15,方案16,方案17,方案18,方案19,方案20,方案21,方案22,方案23,方案24,方案25,方案26,;
2016-08-04 22:53:18	f17389c70fd917e089285a0477bec838:Rz44Hqz88qgyI1KttykrHV3kMiEVpmbJ	Q1:方案2,方案4,方案5,方案6,方案7,方案8,方案9,方案10,方案11,方案12,方案17,方案18,方案19,方案21,方案23,方案24,;
2016-08-04 22:53:57	098881c927dca1cd6739e0413e9c829f:4dVzbMAcrN6jgaqxGjbUfDpE5ZfbGTlr	Q1:方案1,方案3,方案6,方案7,方案8,方案9,方案11,方案13,方案15,方案16,方案17,方案18,方案20,方案22,方案24,方案25,;
2016-08-04 22:56:21	ef7ea69f165eff7f947f90707ed653f4:xNjg2O4NQ1O9R8gtJrdByqtjDcBJfc8s	Q1:方案1,方案3,方案4,方案5,方案8,方案9,方案10,方案11,方案13,方案14,方案16,方案17,方案18,方案21,方案24,方案26,;
2016-08-04 23:03:12	8cb7459d68b4b6366cd3b1f82f0877da:gv9gnHtyzNjsm0ps986hBfRjinFtY4Lt	Q1:方案1,方案2,方案3,方案4,方案5,方案6,方案7,方案14,方案16,方案17,方案21,方案22,方案23,方案24,方案25,方案26,;
2016-08-04 23:03:45	ae337a89292e59708cf0ee54dade9072:KayEoakzR5noArfqeOwcBJ3o9GnOivPY	Q1:方案2,方案4,方案5,方案6,方案7,方案8,方案9,方案10,方案11,方案12,方案17,方案18,方案19,方案21,方案23,方案24,;
2016-08-04 23:09:50	d89befe9582256738454480951f17f57:sXqmtNEalstGOD0jSd9SfkSPz2UiVGBO	Q1:方案1,方案4,方案5,方案6,方案7,方案8,方案10,方案11,方案12,方案14,方案16,方案17,方案21,方案24,方案25,方案26,;
2016-08-04 23:26:01	9e089f0f35eb6c911c60664e3210b71e:rKb9dEs99rm0rQkdMfqgQTviacqbH4bm	Q1:方案1,方案2,方案3,方案4,方案5,方案6,方案7,方案9,方案10,方案14,方案17,方案19,方案21,方案23,方案24,方案26,;
2016-08-04 23:31:58	43b6ff0f48d9df6e0d2c694ce199a15f:xKrp5Z8qBShbt7jmX4xBnPgXzPeeagG3	Q1:方案2,方案4,方案5,方案6,方案7,方案8,方案9,方案10,方案11,方案12,方案17,方案18,方案19,方案21,方案23,方案24,;
2016-08-04 23:58:51	49c7b8852b442c58f027c0a4ee2a9f38:WExSyCRVNxhRhFYqvGBnMCPrh7e8gDwt	Q1:方案4,方案5,方案6,方案7,方案8,方案9,方案12,方案14,方案15,方案16,方案18,方案19,方案20,方案21,方案22,方案23,;
