2016-07-29 00:04:43	6b69962ed8df02e8f4f284d3528f29bd:kf6rWCK524cQOlHyrbdBHjQKWB2GRSQr	Q1:方案2,方案4,方案5,方案7,方案8,方案9,方案11,方案13,方案14,方案16,方案18,方案19,方案20,方案21,方案22,方案23,;
2016-07-29 00:09:08	25df8826229d396d775ce62da697156c:x6c0kb0Ohr91y8fa18c74ebAb1sXzbyB	Q1:方案2,方案6,方案9,方案10,方案11,方案13,方案14,方案17,方案18,方案19,方案20,方案21,方案22,方案23,方案25,方案26,;
2016-07-29 00:22:24	f81c72201aa3317ee2d5ea772d804894:uUkR8f265RPVU8EuUKhjAAvlRHHEXXd9	Q1:方案1,方案2,方案3,方案5,方案7,方案8,方案9,方案10,方案11,方案12,方案15,方案17,方案20,方案21,方案23,方案24,;
2016-07-29 00:26:02	41c2d6359c5102a2c39487fb75514b4b:mgbYMF7TfTz9cIYnj5LJFNtT6jEm2YU7	Q1:方案1,方案3,方案4,方案5,方案7,方案9,方案11,方案12,方案13,方案14,方案17,方案19,方案20,方案21,方案22,方案26,;
2016-07-29 00:29:32	a1c1ee7687f1d83de3ee43867caeed62:xNlEbQgb94uZH7b1Sws0Ywmpr7Ax7Msq	Q1:方案1,方案2,方案4,方案5,方案6,方案11,方案12,方案15,方案17,方案18,方案19,方案20,方案21,方案23,方案24,方案26,;
2016-07-29 00:32:01	e6935e4a38d42dc435176f92d04d3942:z1GUnJ0Qkgt1wzyh2Q6hJRtwt6jJIdSx	Q1:方案1,方案2,方案4,方案5,方案6,方案7,方案9,方案10,方案11,方案12,方案13,方案15,方案19,方案20,方案21,方案23,;
2016-07-29 00:35:55	e6921df6359790e82e46495e4d187173:huw14H180A1LbwhKmrlR9DwwY4vdBRhk	Q1:方案1,方案2,方案3,方案4,方案5,方案6,方案7,方案11,方案12,方案13,方案14,方案16,方案20,方案21,方案22,方案23,;
2016-07-29 00:47:49	4f454014068904cfa82755f7a6bfd414:lSXtxMydKbfzsduy7XG6MxgSzvN3Rrq3	Q1:方案2,方案3,方案4,方案5,方案6,方案7,方案8,方案9,方案12,方案14,方案17,方案18,方案19,方案20,方案23,方案24,;
2016-07-29 03:07:59	1ff4d215645b49bb4e866d8276649224:9tONCTcx1X4fOQZEmuaeecEfFnVsf3Kx	Q1:方案2,方案3,方案4,方案5,方案6,方案7,方案8,方案9,方案10,方案12,方案14,方案17,方案19,方案20,方案21,方案23,;
2016-07-29 03:10:18	4f7598ccbe121394c1480e6ee93692b8:8j2cIh2ItqoDw0yIrr6vZ0iFtCDYe3PQ	Q1:方案2,方案4,方案5,方案6,方案7,方案9,方案10,方案11,方案12,方案14,方案15,方案17,方案19,方案20,方案21,方案23,;
2016-07-29 03:27:36	3fe233faebbcb7df36668a49f7186274:XLuDZwwQXVbXbj0ioLebHYOZob1K7aMh	Q1:方案1,方案2,方案3,方案4,方案5,方案6,方案7,方案9,方案12,方案13,方案16,方案20,方案21,方案22,方案25,方案26,;
2016-07-29 06:37:19	b3306094d691fb9cf02e77b4d0564504:va52kaEvENTxmeTwKSKj4PbAak6aBYxx	Q1:方案2,方案3,方案4,方案5,方案6,方案8,方案9,方案11,方案12,方案14,方案17,方案18,方案20,方案22,方案25,方案26,;
2016-07-29 07:06:59	40e8437442c4d34bbdad5c60c5a6d9c6:ZpaaBcstv4G1vddrTAU2XelxNWKpHX1W	Q1:方案1,方案2,方案5,方案6,方案7,方案8,方案9,方案10,方案11,方案15,方案17,方案20,方案21,方案22,方案23,方案25,;
2016-07-29 07:25:45	59ff85d128b5ab794bc93718fbaca4f0:soeeRw8SdiGpBMdHXAbgx3YJzn7EB7ig	Q1:方案1,方案2,方案4,方案5,方案6,方案7,方案8,方案9,方案10,方案11,方案12,方案13,方案14,方案17,方案20,方案21,;
2016-07-29 07:53:57	9ae0d7507b0ca0475c07dabc8325a2a2:tpKsn4BX43oF4Xk58wb21tGpMKAlH4KV	Q1:方案1,方案4,方案5,方案6,方案8,方案9,方案14,方案15,方案16,方案18,方案19,方案20,方案21,方案22,方案25,方案26,;
2016-07-29 08:10:25	2bf42a5fb2bc8ce13433fe943422a365:BaGogVEdQnbYKb09BP2jM0JUu3OF8myG	Q1:方案1,方案2,方案4,方案5,方案6,方案7,方案9,方案10,方案11,方案12,方案13,方案14,方案17,方案20,方案21,方案22,;
2016-07-29 08:24:27	9653ccba16d24eb3e32a822e1f8840ca:SxJ0FPlnSqOzmnDae6S912n8ZKrRuMfn	Q1:方案2,方案3,方案4,方案5,方案6,方案7,方案10,方案11,方案12,方案13,方案14,方案16,方案17,方案18,方案23,方案24,;
2016-07-29 08:27:55	78cec2323a0007fada97c4b6e7344280:G1WNxLPnCEWHq8ldwgDsXdgD0CT0Ht0F	Q1:方案1,方案4,方案5,方案6,方案7,方案9,方案11,方案12,方案15,方案16,方案17,方案21,方案22,方案23,方案24,方案26,;
2016-07-29 08:37:23	9fd68eba816626477921a8fc37b9d583:komJMRXYYFSGJS6vaLZZHiFeLzlULVLV	Q1:方案2,方案3,方案4,方案6,方案7,方案8,方案9,方案12,方案13,方案14,方案15,方案16,方案17,方案18,方案22,方案24,;
2016-07-29 08:52:44	0d7f5efbfdf5047f9f0951cfef1b8137:w1GFXdqcguHkpQHg4i1IuuUBkjSHohWa	Q1:方案1,方案4,方案5,方案6,方案7,方案9,方案11,方案12,方案16,方案17,方案20,方案21,方案22,方案23,方案24,方案26,;
2016-07-29 08:59:17	172630775dea90154e29cabe8cd1cf9d:8c2WToeHH0RWQYNAR9PXUvUoNt5M9y4j	Q1:方案3,方案4,方案5,方案6,方案7,方案8,方案10,方案11,方案12,方案16,方案17,方案18,方案19,方案21,方案22,方案26,;
2016-07-29 08:59:52	200e659df9dc784c75ceabcf65daacd9:efvzEfPBwrRF9EV4n9kMWxyErm1dYfq3	Q1:方案1,方案3,方案4,方案5,方案6,方案7,方案8,方案11,方案12,方案14,方案16,方案18,方案20,方案23,方案25,方案26,;
2016-07-29 09:06:51	e142896901833460c87d12ccb6f0f4b3:9mt3JCwr6KUbBCiSYkzJgpBJWOoLRPS0	Q1:方案1,方案2,方案5,方案6,方案7,方案8,方案10,方案12,方案13,方案14,方案17,方案18,方案20,方案21,方案22,方案23,;
2016-07-29 09:17:50	1890e1a8789de6f54bb369eb22427741:zWBRjXqxc2YEJXhSWD5VnMRgd1jO6301	Q1:方案1,方案2,方案4,方案5,方案6,方案7,方案9,方案11,方案12,方案16,方案19,方案20,方案21,方案23,方案24,方案26,;
2016-07-29 09:26:25	05430bbfa2ea1778d780dbd16b7d716e:n1QWsfdOqbUzkmoQj0Vyw7YICvvCYlq7	Q1:方案2,方案4,方案8,方案10,方案11,方案12,方案13,方案15,方案16,方案17,方案18,方案22,方案23,方案24,方案25,方案26,;
2016-07-29 09:32:54	8517bc7cd2e5741e3882361cf3729e0c:fMk1h8GEGEhZw8B7DerchVleVl4yNaIt	Q1:方案1,方案2,方案4,方案5,方案6,方案7,方案8,方案9,方案11,方案12,方案13,方案15,方案18,方案19,方案21,方案23,;
2016-07-29 09:42:11	03b9d0fc16be15c336bc71e1b138631d:KGyJOvMY17ICZOfXZFoWzZUydRtoUzmr	Q1:方案1,方案4,方案5,方案7,方案8,方案9,方案10,方案11,方案15,方案16,方案17,方案18,方案21,方案23,方案24,方案26,;
2016-07-29 09:48:39	65a56d3ce0626b668eb4f01345d4d18e:Ryzil7FxHFqxA9bHbpTgQpV0lNvOdroR	Q1:方案1,方案4,方案5,方案7,方案8,方案9,方案12,方案13,方案15,方案16,方案17,方案19,方案20,方案21,方案23,方案26,;
2016-07-29 09:53:43	9f1a3a7f570787fcfba635a8ad364669:ZRFnP13Imkwqqt8nf4PdSILN3ZqrTQdV	Q1:方案2,方案4,方案5,方案6,方案7,方案8,方案9,方案11,方案12,方案13,方案14,方案16,方案18,方案20,方案21,方案22,;
2016-07-29 09:57:33	eefd3f9a65eaf499e4bb7c8a98a2ee39:odgAyhXa9vXLwiHNZDralhRlgP09A5i1	Q1:方案1,方案2,方案4,方案5,方案7,方案8,方案9,方案10,方案17,方案19,方案20,方案21,方案22,方案23,方案24,方案26,;
2016-07-29 10:00:11	4a3ef471bc139d37e47f014d39233a19:XaEI2CQ6JadudrcAreWeNQAbZwYmG1Sz	Q1:方案2,方案3,方案4,方案5,方案6,方案7,方案8,方案10,方案11,方案12,方案13,方案15,方案17,方案18,方案23,方案24,;
2016-07-29 10:03:09	d0705b979be27f44f5de92d25d4e5281:TTcUhn7ukgRH27JQVHHYyOyt4M3eEm3x	Q1:方案1,方案2,方案3,方案4,方案5,方案6,方案7,方案9,方案10,方案11,方案12,方案17,方案18,方案20,方案21,方案25,;
2016-07-29 10:03:12	3934cdac1e459ac720a7dc09bb0653e8:duAeerIMUFQPn2Mivmcpek6aLfzrqMNW	Q1:方案1,方案4,方案6,方案7,方案8,方案9,方案11,方案13,方案14,方案16,方案17,方案21,方案23,方案24,方案25,方案26,;
2016-07-29 10:18:15	82fd7b3fc63ad5aa1284e2d041dde442:FE0EFFylTjyuSrod27zsypBUK7UVsuhd	Q1:方案1,方案2,方案4,方案6,方案8,方案9,方案12,方案13,方案14,方案16,方案17,方案21,方案23,方案24,方案25,方案26,;
2016-07-29 10:27:13	9230fe49c002675316e57545f55b96f0:haWXDxbmCnoR2arcCw5Sl2QUYIkTfJdf	Q1:方案4,方案5,方案6,方案7,方案9,方案10,方案11,方案14,方案17,方案18,方案19,方案20,方案21,方案22,方案24,方案25,;
2016-07-29 10:39:21	3aa6aa1475f18a004cfffb2480ec5467:WAxF7QkMOJGMrS0wURSatLNPPZ4QyhBX	Q1:方案2,方案4,方案5,方案7,方案9,方案10,方案11,方案12,方案16,方案17,方案18,方案20,方案21,方案22,方案23,方案26,;
2016-07-29 10:43:04	8d480871797e78f5713e49f3a970a5e8:4MVPnGyABK7ZfXcqaIuzwv8wtWDEiEjR	Q1:方案2,方案4,方案6,方案8,方案9,方案10,方案11,方案13,方案15,方案16,方案17,方案18,方案20,方案22,方案24,方案26,;
2016-07-29 10:55:41	dd9fc6929d1c5e42514909a3e06315f6:lIZ27rfrqz58wO0GjAprs6jNrFqrVB6g	Q1:方案2,方案3,方案5,方案6,方案7,方案8,方案10,方案11,方案13,方案14,方案16,方案17,方案20,方案22,方案23,方案26,;
2016-07-29 10:59:22	593684b75dfad1b346e6a82d555bd5b0:XfRR6G28DhnIIYijZlSQLLd43taVSMxE	Q1:方案1,方案4,方案5,方案7,方案9,方案12,方案13,方案14,方案16,方案17,方案19,方案20,方案21,方案22,方案24,方案26,;
2016-07-29 10:59:24	7230bebb2ac2f368db91b686f7b30288:et5pj1nysdeAud2BKlZRfuffUQQxP2ti	Q1:方案1,方案2,方案4,方案5,方案6,方案7,方案8,方案9,方案10,方案11,方案12,方案13,方案14,方案15,方案16,方案20,;
2016-07-29 11:04:13	21b720e777b15f46256692ca816d9f0a:OfpUdvu559RvyNbEutqr9ydDdUQmIWi6	Q1:方案3,方案4,方案5,方案7,方案9,方案10,方案11,方案12,方案14,方案16,方案17,方案20,方案22,方案23,方案24,方案26,;
2016-07-29 11:04:32	f08cc63ea368f0d82e99f779998ac212:010qZrtFMuOSn8LaAbH3TJmB0m6Y08rm	Q1:方案4,方案5,方案6,方案7,方案8,方案9,方案11,方案12,方案14,方案17,方案18,方案20,方案21,方案23,方案24,方案25,;
2016-07-29 11:19:48	96d531531f5c2b2ff5620406171d70e9:CEQfwEerXpTSunVY4c8zM6i8zA0G9typ	Q1:方案2,方案3,方案4,方案5,方案7,方案8,方案9,方案10,方案11,方案12,方案13,方案14,方案16,方案17,方案18,方案22,;
2016-07-29 11:23:32	1524d21228668de3be2502bff5f3fe81:pc2BGqhVcDGMWYzS2fOszStiHzrhgVNf	Q1:方案1,方案2,方案4,方案5,方案6,方案7,方案8,方案11,方案12,方案16,方案17,方案20,方案21,方案23,方案25,方案26,;
2016-07-29 11:28:22	4996b8054d47db3d365cc6fd9e4787d1:ILdjwBSrD7AKzeQW83BF7Fr7FllXOcoF	Q1:方案2,方案5,方案6,方案7,方案8,方案9,方案11,方案12,方案13,方案15,方案20,方案21,方案22,方案23,方案24,方案26,;
2016-07-29 11:41:19	5788d4861e6330a1530fdcf7fc923354:XC2p4ZOJLsQaVTWi8alFJjaqvCP6Tusg	Q1:方案1,方案2,方案3,方案4,方案5,方案8,方案9,方案11,方案12,方案14,方案16,方案17,方案19,方案21,方案24,方案26,;
2016-07-29 11:43:57	6fd9a118233f87de747fd8f825976fee:K9gbiNStXkbNgJ0FiUUyt7G3y7g45bN9	Q1:方案2,方案3,方案7,方案8,方案9,方案10,方案11,方案13,方案14,方案15,方案16,方案17,方案21,方案24,方案25,方案26,;
2016-07-29 11:46:02	78da85ae08b49d28d13abc018135f54a:Amwloq2wwTIzZQPJFMTcF3gbBUG95sim	Q1:方案2,方案3,方案7,方案8,方案9,方案10,方案11,方案13,方案14,方案15,方案16,方案17,方案21,方案24,方案25,方案26,;
2016-07-29 11:48:21	bd46a2d4169425e40005515524f2cc1d:OvU4LXpzWjTcx9PWwWBLelnMYTap718o	Q1:方案2,方案3,方案7,方案8,方案9,方案10,方案11,方案13,方案14,方案15,方案16,方案17,方案21,方案24,方案25,方案26,;
2016-07-29 11:49:23	aa24fa439af14eb55415b5d8d135e9ed:uRbi8IhkpEXK6iuozXVm2BZ4TO3N3LT9	Q1:方案2,方案3,方案4,方案5,方案6,方案7,方案8,方案9,方案10,方案12,方案13,方案14,方案15,方案17,方案20,方案26,;
2016-07-29 12:07:56	80656a09fb9ec43aaaa8c4fceda0010e:e0W4flgrXtUdFsTFGLx8LuhuJxNcgzY3	Q1:方案2,方案3,方案5,方案6,方案7,方案8,方案11,方案12,方案13,方案14,方案17,方案18,方案19,方案20,方案24,方案25,;
2016-07-29 12:08:22	9f80af27d1fded5c0db8da2ad55e4627:16tn6GR3meTPPWH8V1YjP7i26e1Wt8sB	Q1:方案2,方案3,方案4,方案5,方案6,方案7,方案9,方案10,方案11,方案12,方案13,方案17,方案18,方案20,方案21,方案23,;
2016-07-29 12:15:40	9b3f3ed98ebb44451abde8692f3cbba2:BJkX49bGJRx9RhzJJVcxZLB1dEm2mtIH	Q1:方案1,方案2,方案4,方案5,方案6,方案7,方案8,方案9,方案11,方案12,方案15,方案17,方案18,方案20,方案21,方案23,;
2016-07-29 12:16:50	be082b67b9642bf8cd135555dc696ccf:ElVMKrFhnhbX4HcJFONLcV6UmQz62A7G	Q1:方案3,方案4,方案5,方案6,方案7,方案8,方案10,方案12,方案14,方案15,方案16,方案17,方案18,方案19,方案22,方案24,;
2016-07-29 12:53:10	c14ccffccaab46ccd7fd8dd071b2dba6:lt9JmDXUsssmd72YfjXk7LzOEsQ1z4yl	Q1:方案2,方案3,方案7,方案8,方案9,方案11,方案12,方案15,方案16,方案17,方案18,方案19,方案20,方案21,方案23,方案26,;
2016-07-29 13:30:44	abdb1c5458d79fd9ed3969338a63b04b:DdQDlF5rdCjIrzhGP2zYlsElFRlsBW7A	Q1:方案1,方案4,方案5,方案6,方案8,方案9,方案13,方案14,方案15,方案17,方案20,方案21,方案22,方案24,方案25,方案26,;
2016-07-29 13:44:17	d675065dbe119efa8d45493372bcefdc:v44zhVwzZkLR1x9bXHVMBnpVRYnC3RHu	Q1:方案2,方案3,方案5,方案6,方案7,方案9,方案10,方案11,方案12,方案13,方案14,方案17,方案18,方案21,方案23,方案24,;
2016-07-29 14:16:59	322d1966200c60ab5021be3c6bdb7405:vrv5o3FIvNipcKIdVnkDvOQY8haGVl3N	Q1:方案2,方案4,方案7,方案9,方案10,方案11,方案12,方案14,方案16,方案17,方案18,方案21,方案23,方案24,方案25,方案26,;
2016-07-29 14:35:55	c866876c7fe3c5610235de19688fa03d:g8V5WJDJG7dyRfPsJ8A17umowX0mFMWu	Q1:方案1,方案2,方案4,方案5,方案6,方案7,方案8,方案9,方案10,方案13,方案17,方案19,方案20,方案21,方案23,方案24,;
2016-07-29 14:55:06	8d384e8da305755d387f6682ad500d95:g2M5DxqAw45mhh24ixXnslKSEy8T8I3O	Q1:方案1,方案2,方案3,方案4,方案5,方案8,方案9,方案11,方案12,方案13,方案16,方案17,方案19,方案21,方案23,方案26,;
2016-07-29 15:02:36	1788d8083c6b19b646b9bda4b950a1cf:f3KVYFEuLEXXK6Ha2TGdo8awbEPjn0hq	Q1:方案2,方案5,方案6,方案7,方案8,方案9,方案10,方案11,方案14,方案15,方案17,方案19,方案20,方案21,方案22,方案23,;
2016-07-29 15:07:55	05ff804ca6c6a32447ef802c257c0779:vbirhnNJs47lTcBQmwkGFzPErLnUG3pD	Q1:方案2,方案4,方案5,方案7,方案8,方案9,方案10,方案12,方案13,方案14,方案15,方案17,方案18,方案21,方案23,方案24,;
2016-07-29 15:58:40	4a14f8929c632c565471567a742884c7:FJVtte770YYKw7MN3zebamnrMld6vvjo	Q1:方案1,方案3,方案4,方案6,方案8,方案9,方案11,方案12,方案13,方案14,方案16,方案17,方案20,方案21,方案25,方案26,;
2016-07-29 16:12:42	ff52e5ebdfb500a2e2431434b84ad6b7:XSqEv87CTwixQndXkrGBlSTS7V0WRm33	Q1:方案3,方案5,方案6,方案7,方案8,方案9,方案11,方案13,方案14,方案17,方案20,方案21,方案22,方案23,方案24,方案26,;
2016-07-29 16:14:35	4e601046af87b412414bf20c3178d925:0dgShQqxXYVR1ho7W3ibqfA9FCpvOXNc	Q1:方案2,方案4,方案5,方案6,方案9,方案12,方案16,方案17,方案19,方案20,方案21,方案22,方案23,方案24,方案25,方案26,;
2016-07-29 16:17:52	36d4f43097d573ae153047b01d2c748b:TKp20rkwqx8eCsZR0hxx2pzelpWFoV19	Q1:方案1,方案3,方案4,方案7,方案8,方案9,方案10,方案11,方案12,方案13,方案16,方案18,方案19,方案21,方案22,方案26,;
2016-07-29 16:22:03	a6ca10e13700d57ccc8f420647ca2fcb:QQns7Fj0lercGFqzqOmOisTY9dVqCv4b	Q1:方案2,方案4,方案5,方案7,方案8,方案9,方案10,方案11,方案12,方案13,方案14,方案16,方案17,方案20,方案23,方案24,;
2016-07-29 16:58:52	f486952e3227b1f55f03502a9cf6328b:7AJPbAieMmqcuxCFGVIhGKIAZcDu2Adf	Q1:方案1,方案2,方案3,方案4,方案5,方案6,方案7,方案8,方案9,方案10,方案11,方案16,方案20,方案21,方案23,方案26,;
2016-07-29 17:08:01	8e786e675552a1ef583c2ad8dde29144:elVZKl50RrKT5uQDilPProaFBaiBRUX6	Q1:方案5,方案6,方案9,方案10,方案15,方案16,方案17,方案18,方案19,方案20,方案21,方案22,方案23,方案24,方案25,方案26,;
2016-07-29 17:23:53	3907d7328f4767fcba74afa80fd523ed:5SwKYyzmmrNq5gacrBSqzL1nztkByhEY	Q1:方案1,方案2,方案4,方案5,方案6,方案7,方案8,方案10,方案12,方案13,方案16,方案20,方案21,方案23,方案24,方案26,;
2016-07-29 18:08:33	edbd632dd07689998fd1e479818d36ca:nhtdsgHg0TMghMX61RLRHOSTjnoyu9xY	Q1:方案2,方案4,方案5,方案6,方案7,方案8,方案11,方案12,方案16,方案17,方案18,方案21,方案22,方案23,方案25,方案26,;
2016-07-29 18:31:42	f6e5c081009eb6bf5b9064b8bbb28914:vYpi7y0w9THaDeQ8ulYwGvP6BEqBoyXm	Q1:方案1,方案2,方案4,方案5,方案6,方案7,方案8,方案9,方案10,方案12,方案13,方案15,方案17,方案18,方案20,方案22,;
2016-07-29 18:51:52	d8b609e957f03c0bc71529dd09578647:CB8mxppb9dxRAoqGDVgcD7AEn9ItguWG	Q1:方案2,方案3,方案5,方案6,方案9,方案10,方案11,方案14,方案17,方案18,方案20,方案21,方案22,方案23,方案24,方案25,;
2016-07-29 19:27:25	e6663a4f5eb7b460888233fbbd4a2ded:i8WSOoO01aD7phD7KYGKcrak6yXrtEQ9	Q1:方案1,方案2,方案4,方案5,方案7,方案9,方案12,方案13,方案16,方案18,方案21,方案22,方案23,方案24,方案25,方案26,;
2016-07-29 20:16:03	0f67c3842b9ee080304c030feebb02b1:4hPe3C5cSeGCzmUk9UiNwXnveh8ydmsW	Q1:方案1,方案2,方案3,方案4,方案5,方案6,方案7,方案8,方案9,方案10,方案15,方案16,方案17,方案18,方案19,方案20,;
2016-07-29 20:17:36	6c3d6b41459bfeb15d957276d2a6af1e:BBWGLUsSXt633hCoWt2QXBrwIspPIibG	Q1:方案2,方案4,方案5,方案6,方案7,方案9,方案10,方案11,方案12,方案13,方案15,方案17,方案19,方案20,方案21,方案23,;
2016-07-29 20:20:39	c5a06514cfcfaa550410b04c357d6aca:PJDO6wUpuesappXTEH9WGCkxzjjEyQv4	Q1:方案1,方案3,方案5,方案6,方案7,方案8,方案9,方案10,方案11,方案14,方案15,方案16,方案17,方案18,方案25,方案26,;
2016-07-29 20:50:49	a63d2a567aa94a41f0e1544a52645acc:MnRsGYrsDZVYvcwRUyXKLD31NwQvCtNM	Q1:方案2,方案3,方案5,方案7,方案9,方案10,方案11,方案12,方案13,方案14,方案17,方案18,方案22,方案23,方案24,方案26,;
2016-07-29 21:15:22	77b5c96a4bfd2e427f564d3abf9e42ef:K15Lq9bspgTdZQDUkTr8QturM435SJoR	Q1:方案2,方案3,方案5,方案6,方案7,方案8,方案10,方案11,方案13,方案14,方案17,方案18,方案20,方案22,方案23,方案25,;
2016-07-29 21:32:38	aef0ffb87a1065f39ddcca2713f3c0fd:wkXg30uU5ACDRs6mr92RcJWXdwYRcT9d	Q1:方案2,方案4,方案6,方案7,方案8,方案9,方案10,方案12,方案14,方案16,方案17,方案18,方案21,方案23,方案24,方案26,;
2016-07-29 22:06:49	39ec7d4c4ea9d50bcf76e3dae96bee9f:q4XRqZHYPejctsAdcLbBK7K5gpdeyehs	Q1:方案1,方案4,方案5,方案6,方案7,方案9,方案11,方案12,方案13,方案14,方案15,方案17,方案18,方案20,方案21,方案22,;
2016-07-29 22:34:26	e582efd9535fc93180fce7f70c4987da:krVbNcTyUQ1t7gHVHkE7VVWcjAkcecge	Q1:方案1,方案2,方案4,方案5,方案6,方案8,方案10,方案11,方案12,方案13,方案14,方案17,方案20,方案21,方案25,方案26,;
2016-07-29 22:34:54	cfe8b032cd071ee04db2f4b8e660ad87:9VeUhZZSMyX0UiHKza39vvnHxzJJMUKo	Q1:方案2,方案5,方案7,方案8,方案9,方案11,方案12,方案14,方案16,方案17,方案19,方案21,方案22,方案23,方案24,方案26,;
2016-07-29 22:43:30	19910bc29746a3edcc134ff45d2d8bce:nMoB1KDvOhZ0j26tFmf6y2Hyob8ru44a	Q1:方案2,方案4,方案5,方案6,方案8,方案10,方案11,方案13,方案14,方案16,方案17,方案20,方案21,方案22,方案25,方案26,;
2016-07-29 23:52:50	329d6d02a2c865ea4477f929a7014c77:7pkVj0zeeqd9DFDUC4a2tsn40SbuUVeQ	Q1:方案2,方案4,方案5,方案7,方案8,方案9,方案10,方案11,方案12,方案14,方案17,方案18,方案21,方案22,方案24,方案26,;
2016-07-29 23:56:08	fd6e8e2160cb78e9051f93255f224d6d:fP7S6TYMisUr051EHnkY2kEsn7kekDTK	Q1:方案3,方案4,方案5,方案6,方案7,方案8,方案9,方案12,方案13,方案14,方案16,方案19,方案20,方案21,方案22,方案25,;
