2016-07-28 08:02:33	0f5aaad07608516806cf4d5f298b0068:RrRM8Tnn3MTH9Is1NYaOK2FFsFAo4Pcs	Q1:方案2,方案4,方案5,方案6,方案9,方案10,方案12,方案13,方案14,方案17,方案18,方案19,方案20,方案22,方案23,方案24,;
2016-07-28 08:21:43	e545f86f80320c470cbd9b07a88e1118:la9rtGUiHNucfBIhkLT1NOuUJQ03CFmv	Q1:方案1,方案2,方案3,方案4,方案5,方案6,方案7,方案8,方案9,方案10,方案11,方案12,方案13,方案14,方案15,方案16,;
2016-07-28 08:26:34	273a43dd4bd92c2d733cd0f12c65727e:3LJypJETcTqYAWWdyVGQNSejvqOTWGCZ	Q1:方案3,方案4,方案5,方案6,方案7,方案8,方案9,方案11,方案12,方案14,方案17,方案20,方案21,方案22,方案25,方案26,;
2016-07-28 08:28:44	dd3b26f8eab0646c17c62255effc6703:fLSjEbzwrZ6xZiyBPCGoCc1qSWEszcK3	Q1:方案1,方案2,方案4,方案7,方案8,方案9,方案10,方案13,方案14,方案15,方案16,方案17,方案21,方案23,方案24,方案26,;
2016-07-28 08:29:02	99de3b66a21d5b325448fbd5e07c0171:VQslArT5oUA3VYsaCZFAozdKudqmEkge	Q1:方案4,方案5,方案6,方案7,方案8,方案9,方案12,方案13,方案16,方案17,方案19,方案20,方案21,方案24,方案25,方案26,;
2016-07-28 08:39:29	2e959d49a2ff6d2680908b8895a0c67e:iWkwmt4enf1YhkLdauQDGYEODh7SHndd	Q1:方案1,方案2,方案3,方案4,方案5,方案6,方案7,方案8,方案9,方案11,方案12,方案16,方案17,方案22,方案23,方案26,;
2016-07-28 08:53:28	450b1f4173e0665fa63fedc525280a0d:xtAS9AuHlopPvKdxSbMUfvrw8ES4d566	Q1:方案1,方案3,方案4,方案5,方案6,方案7,方案9,方案12,方案14,方案15,方案16,方案21,方案22,方案23,方案24,方案25,;
2016-07-28 09:05:19	2fde3d22a166ef9c9215f57ca3ff61f8:NHWRbF63lUDmh1BHeFt9ka32BxYHgQ8s	Q1:方案2,方案3,方案4,方案5,方案7,方案8,方案9,方案10,方案12,方案13,方案19,方案20,方案22,方案23,方案24,方案26,;
2016-07-28 09:06:22	3cc04aa0cbe0b141cd1a8db731589263:tWfalC8WBDN0MO3MlBDBKDB1t6dgFY37	Q1:方案1,方案2,方案3,方案5,方案6,方案8,方案9,方案10,方案11,方案12,方案16,方案17,方案18,方案20,方案23,方案24,;
2016-07-28 09:11:52	9fd69914cee505cb994e03be687c515e:bQ8MZtqUmM8WPu1HtTQC7tkjbymMZ2zE	Q1:方案2,方案4,方案5,方案6,方案7,方案9,方案12,方案14,方案16,方案17,方案19,方案21,方案23,方案24,方案25,方案26,;
2016-07-28 09:18:30	920841d6c30af6754d46b8a74525df32:1rEDGWOUNxRaFW8XdzTs46j4GFqoqCns	Q1:方案2,方案4,方案5,方案7,方案9,方案10,方案11,方案12,方案13,方案14,方案15,方案19,方案20,方案22,方案23,方案24,;
2016-07-28 09:22:15	8fd4cf501be4d48449a89041ecdd548d:ubcoz1O6gIn238LxitP1kGvvfBnM3t56	Q1:方案3,方案4,方案5,方案6,方案7,方案9,方案10,方案11,方案13,方案16,方案17,方案18,方案20,方案22,方案24,方案25,;
2016-07-28 09:53:34	f7b38aa6f2d6767fd4106023fc862195:v3YVeVO7HhI9sbhvb92IPYZS1AmOoYxW	Q1:方案4,方案5,方案6,方案10,方案11,方案12,方案13,方案14,方案15,方案17,方案19,方案21,方案22,方案24,方案25,方案26,;
2016-07-28 09:59:04	e2042a1de513cf6662e60c06cb518883:nRiY7HCqHFhrJtC6nNdCJurFHN900zRr	Q1:方案1,方案2,方案3,方案6,方案8,方案11,方案12,方案13,方案14,方案16,方案17,方案19,方案20,方案24,方案25,方案26,;
2016-07-28 10:02:59	332e8d2eec1c908842745456a8fe456b:3EG9po6uW714z4QxSC6EXSS9SKJJrCcL	Q1:方案1,方案2,方案4,方案5,方案6,方案7,方案9,方案10,方案11,方案13,方案14,方案15,方案20,方案21,方案22,方案26,;
2016-07-28 10:07:14	6d7814b9236f95f626db88d26119b520:JjxGpNIiZ8R8zdcbDLyIVkyzGgkvZe4N	Q1:方案1,方案2,方案3,方案4,方案5,方案6,方案7,方案8,方案10,方案11,方案12,方案13,方案14,方案15,方案17,方案18,;
2016-07-28 10:33:27	b3571fbc60235c7d5977ea2928a4931d:P9kIkHYp8qCZKdtLuljIwyDWmCHT36yS	Q1:方案1,方案4,方案5,方案8,方案9,方案10,方案11,方案12,方案14,方案15,方案16,方案17,方案18,方案22,方案23,方案24,;
2016-07-28 10:40:11	fc196d37445cf320bb01a1969c353eb8:bCClmgHOJJik1xI537ngwLhEpa86XPIY	Q1:方案1,方案2,方案4,方案7,方案9,方案12,方案14,方案15,方案16,方案17,方案18,方案20,方案21,方案23,方案24,方案26,;
2016-07-28 10:54:10	3c1d64173d7532ed74d5097d86824ef6:hh4oiSJUdbgnwvj6LWI4pX3E9368LoNm	Q1:方案1,方案2,方案3,方案5,方案6,方案7,方案9,方案10,方案16,方案17,方案21,方案22,方案23,方案24,方案25,方案26,;
2016-07-28 11:03:51	e05feb5f9a9357166d0f0fdbdb9e8f62:PQBDJIk8g82lqBAEZIgGhTlQ00WZuxDn	Q1:方案2,方案3,方案5,方案6,方案7,方案10,方案11,方案12,方案13,方案16,方案18,方案20,方案21,方案23,方案25,方案26,;
2016-07-28 11:12:07	9e1f46d5d0e353e2f6d35a0fcf82b311:wsBGNJctfJ4f0pcAcvirpapL4FisIaHZ	Q1:方案1,方案2,方案4,方案5,方案6,方案7,方案8,方案9,方案10,方案11,方案12,方案13,方案14,方案15,方案16,方案24,;
2016-07-28 11:24:23	0304605338270c6454ed0b3eb421ca06:XQuif3S6k5yLpU65G2GGN0xTzRXSIkau	Q1:方案2,方案4,方案5,方案7,方案8,方案9,方案11,方案12,方案13,方案16,方案17,方案18,方案19,方案20,方案21,方案23,;
2016-07-28 11:56:31	2bcc16736cbd1f41132c6e592ea3bf07:e1XJBauA21CevGn023sqr9vqHEwlnLfh	Q1:方案1,方案5,方案6,方案7,方案8,方案9,方案10,方案11,方案13,方案16,方案17,方案18,方案22,方案24,方案25,方案26,;
2016-07-28 12:12:07	8db97bba30e2bd5e9b1276b2fc06a7ae:w3Qq3X5vyiH0ZyXAkgobdr0X7ifeEFdR	Q1:方案1,方案4,方案6,方案7,方案8,方案11,方案12,方案16,方案17,方案18,方案19,方案20,方案23,方案24,方案25,方案26,;
2016-07-28 12:21:03	3dcd52cda2f4fbe65a3a3b16cc328ae1:vEAaT3s2BCWaP7MIEcet6yCpKhqQvHFL	Q1:方案3,方案4,方案5,方案6,方案7,方案8,方案9,方案12,方案14,方案16,方案20,方案21,方案22,方案24,方案25,方案26,;
2016-07-28 12:26:43	b54a58a10bc21b84eef20ac53543198e:TBpLsqBTje9U5ttZZBEITstuWPQ269qC	Q1:方案4,方案5,方案7,方案8,方案9,方案10,方案11,方案13,方案14,方案17,方案19,方案20,方案21,方案22,方案23,方案25,;
2016-07-28 12:28:52	6f4d015451fffe7b0cb73698a07fef00:2hXTmIJlV9l2bkjL88z0ASMXHEef89G6	Q1:方案4,方案5,方案7,方案8,方案9,方案10,方案11,方案12,方案13,方案16,方案17,方案19,方案20,方案21,方案22,方案23,;
2016-07-28 12:48:14	46604a16a896fcc229702bea0a83a5f7:86z8ZLMThBPTYjB3wXPWtH6kwMVP4Dif	Q1:方案1,方案3,方案6,方案10,方案11,方案12,方案13,方案14,方案16,方案17,方案18,方案20,方案21,方案23,方案25,方案26,;
2016-07-28 13:49:52	dc78849d8d49ceaeccc0456c698b6db2:feVXiE94YAPuyEUOsbGlXwkUJZHVpZ9G	Q1:方案1,方案2,方案6,方案7,方案8,方案10,方案11,方案12,方案13,方案18,方案19,方案21,方案23,方案24,方案25,方案26,;
2016-07-28 14:02:10	841b6c637bdaa4de3832aabfc9216c01:nwT9ojnVYIqFT71xx6mAHctxYUlgihRO	Q1:方案5,方案7,方案8,方案9,方案10,方案11,方案12,方案13,方案15,方案16,方案17,方案18,方案23,方案24,方案25,方案26,;
2016-07-28 14:02:42	0e2ecdcf9e7731924943cfeddd43c95e:ieyByr2yTgxjA4SHBfOJHI3zbkIOvmvw	Q1:方案1,方案3,方案4,方案5,方案6,方案7,方案8,方案14,方案15,方案16,方案18,方案21,方案22,方案23,方案24,方案26,;
2016-07-28 14:06:36	825d6a5143b0108cf175e8a6bb0d2865:xO0WmUpOemn2CGnKPYGjp2xspEohBMwU	Q1:方案2,方案5,方案6,方案8,方案10,方案11,方案12,方案13,方案15,方案16,方案17,方案18,方案23,方案24,方案25,方案26,;
2016-07-28 14:12:03	0f28fb94168c87cbfa59f50db84d429e:c8CHoROlOacW879fD3R1vW6CbWDlEiBo	Q1:方案11,方案12,方案13,方案14,方案15,方案16,方案17,方案18,方案19,方案20,方案21,方案22,方案23,方案24,方案25,方案26,;
2016-07-28 14:18:32	7f1a3b042839808edd74cea9638ef156:GKSPMXmAepQTf3VMMMOlrom8LVTgTMkO	Q1:方案2,方案5,方案6,方案8,方案10,方案11,方案12,方案13,方案15,方案16,方案17,方案18,方案23,方案24,方案25,方案26,;
2016-07-28 14:22:31	2aacb88d95ae3a5f38ccd86bab04628f:xp9hGw1Hq1HAdOUI5bysmkYdIcYeWnJw	Q1:方案4,方案5,方案6,方案7,方案8,方案9,方案10,方案11,方案12,方案13,方案14,方案18,方案19,方案20,方案21,方案23,;
2016-07-28 14:26:08	4c2038238d6e6822020387df48261f53:GGXkwo8WnUn5q6BCype32v5nNVKTrk1t	Q1:方案1,方案3,方案5,方案8,方案10,方案11,方案12,方案13,方案15,方案16,方案17,方案18,方案23,方案24,方案25,方案26,;
2016-07-28 14:28:53	d886b9cf7fb1fcc99c1f939b4b7d54c7:XbZ6z2S9jdwKOQghGFlQriJ6OBWKCdey	Q1:方案8,方案9,方案10,方案11,方案12,方案13,方案15,方案16,方案17,方案18,方案20,方案21,方案22,方案24,方案25,方案26,;
2016-07-28 14:30:07	2b8f579e11a20871a267aefd71be3050:ZvhfOgTAVRoGcJIneVfE909VFxoKhkvI	Q1:方案1,方案2,方案4,方案5,方案7,方案9,方案10,方案12,方案16,方案17,方案18,方案19,方案21,方案22,方案25,方案26,;
2016-07-28 14:32:54	87dbaef23f96bc4e8d03db0ed69cf46b:cGnf2kbJUcT2riAN9silkAb1KBI4mdxP	Q1:方案10,方案11,方案12,方案13,方案15,方案16,方案17,方案18,方案19,方案20,方案21,方案22,方案23,方案24,方案25,方案26,;
2016-07-28 14:35:23	ea0fc8c043e629e4c845da3497496d68:rhnen5l88MtsPQ2XCR2OqGo7h92s8LTJ	Q1:方案2,方案5,方案6,方案8,方案10,方案11,方案12,方案13,方案15,方案16,方案17,方案18,方案23,方案24,方案25,方案26,;
2016-07-28 14:38:03	763c856c9c7fd78fdcd9e7fa529feeea:oE5Z05V006Oor5RJlcqIDxnnuph36cYP	Q1:方案1,方案2,方案3,方案5,方案6,方案8,方案9,方案10,方案11,方案12,方案13,方案15,方案16,方案17,方案18,方案19,;
2016-07-28 14:40:06	4bc11e381089cb5a5cfa23f274948320:3voCwzgh0b1zfdYwjOfh8kEFJxErn4Tw	Q1:方案2,方案3,方案5,方案6,方案8,方案10,方案12,方案14,方案16,方案17,方案18,方案20,方案21,方案22,方案23,方案24,;
2016-07-28 14:42:32	d6e0c25c1a7d5448607aa5b2df4c65dd:2QRGOb0LYwrkEBr87pOGaajTFH8zThJO	Q1:方案2,方案5,方案6,方案8,方案10,方案11,方案12,方案13,方案15,方案16,方案17,方案18,方案23,方案24,方案25,方案26,;
2016-07-28 14:52:48	0866a38564041e038224d812aeca5165:3uI0ZxLALJrzzj8BXjKcZfJ5UjXADdCX	Q1:方案2,方案5,方案6,方案8,方案10,方案11,方案12,方案13,方案15,方案16,方案17,方案18,方案23,方案24,方案25,方案26,;
2016-07-28 14:53:33	59921ba32ac76c68a6719c2b97722bb5:51xKfbWOZF4biVXNL90A14T1E31lUlJK	Q1:方案2,方案3,方案4,方案5,方案7,方案9,方案10,方案11,方案12,方案14,方案16,方案18,方案21,方案23,方案24,方案26,;
2016-07-28 14:55:32	32f91dd635cb3e2bc861cdc7056be9a3:nBS3oSxRuTRGAQps5NOAZ4Owhy0oZefk	Q1:方案2,方案5,方案6,方案8,方案10,方案11,方案12,方案13,方案15,方案16,方案17,方案18,方案23,方案24,方案25,方案26,;
2016-07-28 14:59:22	5c0b3b8617fab03fa8bb167226aee25f:H5yDdRVIchi5c3HiI7K1wubXY3t5M6Ue	Q1:方案2,方案5,方案6,方案8,方案10,方案11,方案12,方案13,方案15,方案16,方案17,方案18,方案23,方案24,方案25,方案26,;
2016-07-28 15:00:42	8ab273547f70801ded8433a29fb865eb:2varVHns7rbqW3AUGmkDDGkeYGCTWPVx	Q1:方案2,方案5,方案6,方案8,方案10,方案11,方案12,方案13,方案15,方案16,方案17,方案18,方案23,方案24,方案25,方案26,;
2016-07-28 15:02:11	e49f45ec1e633adee13e035c4fd3c46b:Ae0yl0A4eqrWvxoIxOJ3mKsWY6w23WwW	Q1:方案2,方案5,方案6,方案8,方案10,方案11,方案12,方案13,方案15,方案16,方案17,方案18,方案23,方案24,方案25,方案26,;
2016-07-28 15:03:19	0c8c47ee4435190d607ef4084772663d:UqzGMMPuOLtlH7FaAFQGRgd5OrTlLGVi	Q1:方案1,方案2,方案3,方案4,方案5,方案6,方案7,方案8,方案9,方案11,方案12,方案14,方案15,方案16,方案21,方案24,;
2016-07-28 15:07:35	4ae1b06cee6ce1cb9aa7d01e7278c7a6:lx8C69uv2he10oNwzA2dspI79CiDwUKy	Q1:方案4,方案5,方案7,方案9,方案10,方案11,方案12,方案13,方案14,方案15,方案18,方案20,方案21,方案22,方案23,方案24,;
2016-07-28 15:20:30	dde9da941a4b87377d28eb71e9421970:jPBMO0sPKpkr8el1jTwkrAbZ9YVYPxOn	Q1:方案1,方案2,方案3,方案8,方案10,方案11,方案13,方案14,方案16,方案17,方案18,方案21,方案23,方案24,方案25,方案26,;
2016-07-28 15:21:28	53baf18d42bda6eb729b75ea7fb2f127:JAlkkECTJHZHE6ngottXQtH6PLoXwdYi	Q1:方案1,方案3,方案5,方案7,方案8,方案9,方案10,方案11,方案12,方案14,方案16,方案17,方案20,方案21,方案22,方案25,;
2016-07-28 15:27:15	4432d2c7827532a0dbbcaede77404145:BGMF0hidehIWpWagOQllpMSFmYIdhgQz	Q1:方案1,方案2,方案3,方案4,方案5,方案7,方案8,方案9,方案11,方案12,方案14,方案16,方案19,方案21,方案24,方案26,;
2016-07-28 15:28:18	eb10e141cf018686c75e56888217f3e8:iRFLQ0GwtkwhwFajS8tLIpwSCKcfnFoM	Q1:方案1,方案4,方案5,方案6,方案7,方案11,方案12,方案13,方案14,方案16,方案17,方案19,方案20,方案24,方案25,方案26,;
2016-07-28 15:45:28	a3497f0d915901644521802d343a1c35:8Wkr3iyuEP6sZstGAEBbxEUpcBIpqEvY	Q1:方案1,方案3,方案4,方案5,方案7,方案9,方案10,方案11,方案12,方案14,方案15,方案17,方案18,方案19,方案20,方案24,;
2016-07-28 15:51:02	ffd19707bf043fe2aba1d44b96022d8a:xewZs3RXtldC1PFpKuDxhmm1sPFxpNQ0	Q1:方案2,方案3,方案4,方案6,方案7,方案9,方案10,方案11,方案12,方案17,方案19,方案20,方案22,方案23,方案24,方案25,;
2016-07-28 15:58:42	b567dcbf8d5b8bae94e74331fe689ed7:fhU11rwsPAuGBhi0w2s5OPksvrUOLjio	Q1:方案1,方案2,方案3,方案4,方案5,方案6,方案8,方案11,方案12,方案14,方案15,方案16,方案17,方案21,方案25,方案26,;
2016-07-28 16:06:45	dbfdc063d6a00b7a5f0dbe7f89157315:oJDq1i78NEgbkgZfchaiL6W78zN7Bxsx	Q1:方案1,方案3,方案4,方案5,方案6,方案7,方案8,方案10,方案11,方案12,方案14,方案16,方案20,方案21,方案23,方案24,;
2016-07-28 18:12:59	1d13e13017ec28b32860292c64f41816:FGkfwJ589ews8jIFYkj4xnPmiU6mKmEh	Q1:方案3,方案4,方案5,方案6,方案8,方案9,方案12,方案13,方案14,方案15,方案16,方案18,方案21,方案22,方案23,方案24,;
2016-07-28 18:29:57	c918d3dd948e9c5dc4ccce9f88861594:ZFGYRGH6PRTHLQaxSAIpumMuZCmGyMON	Q1:方案1,方案2,方案4,方案6,方案7,方案9,方案10,方案11,方案12,方案14,方案15,方案16,方案18,方案20,方案21,方案24,;
2016-07-28 18:42:52	b1f7b6cab84c735fbb22cb23adaf0071:xHh9lfcRfO5xVRtffNzflzKKYh227HAe	Q1:方案1,方案2,方案4,方案5,方案6,方案7,方案8,方案9,方案10,方案11,方案12,方案13,方案14,方案17,方案20,方案22,;
2016-07-28 19:07:31	2b141cf9c163686f3986da08041bafc3:7TCUOXWL6ClzhIKuuLjRkE3BqH78PmQk	Q1:方案2,方案6,方案7,方案8,方案9,方案10,方案12,方案13,方案16,方案17,方案18,方案19,方案20,方案22,方案24,方案26,;
2016-07-28 19:13:00	a0c68a1754e251e1bfb1405bdd91a6f1:sNXhOg8FMA2vY4Ya1djKRXEQFzl0nAN2	Q1:方案2,方案6,方案7,方案8,方案9,方案10,方案12,方案13,方案16,方案17,方案18,方案19,方案20,方案22,方案24,方案26,;
2016-07-28 20:55:28	fc0ffeecd3c41503074ddca4ad044ae3:zEWkRWqllp5r5Kz99cV4Z189x50BTvRJ	Q1:方案3,方案4,方案5,方案6,方案7,方案8,方案9,方案11,方案12,方案13,方案15,方案17,方案20,方案21,方案22,方案26,;
2016-07-28 21:04:15	06bb5993d2479cc5014943cdb5a64d0c:ywicHhnqYeoGecF1fkJKsNvWftTOPmxP	Q1:方案3,方案4,方案5,方案7,方案8,方案9,方案11,方案14,方案15,方案16,方案17,方案18,方案20,方案21,方案24,方案26,;
2016-07-28 21:44:50	b265a5f449ad75c1c362c55273ff2fcb:BH7f2OngryQQlludrBqIFZV4ELVmyjMc	Q1:方案2,方案4,方案5,方案10,方案11,方案13,方案14,方案15,方案16,方案17,方案18,方案19,方案20,方案21,方案25,方案26,;
2016-07-28 21:49:19	719f0ab0067a751f7d40f6a6934a05dc:XEX6xasx0mdeMcRJ2LUVRaPad06rCQQo	Q1:方案1,方案2,方案4,方案5,方案6,方案7,方案8,方案9,方案11,方案12,方案13,方案14,方案17,方案18,方案20,方案21,;
2016-07-28 21:49:40	84ff9aaf9924b15e0657d7110cb50d5a:JQ4SbAZemAf25dO1IGh8yHj6DqTJ5VjN	Q1:方案1,方案3,方案4,方案5,方案6,方案7,方案9,方案12,方案13,方案14,方案16,方案19,方案20,方案22,方案23,方案26,;
2016-07-28 21:56:58	e5288f4c1e727324e510ce2193670b71:e956MCYF5qQEwPeLi8UEz7WB3AhUVu6H	Q1:方案4,方案5,方案6,方案7,方案9,方案11,方案13,方案14,方案15,方案16,方案17,方案19,方案20,方案21,方案22,方案23,;
2016-07-28 22:07:43	8cbb78a9e108ebfd949d01da8776a6ce:Enb3PHFKHZondGYDiGQ452g4OwyXLzMU	Q1:方案1,方案2,方案4,方案5,方案6,方案7,方案9,方案10,方案11,方案12,方案14,方案16,方案20,方案21,方案22,方案23,;
2016-07-28 22:08:32	9cd6a483b3eeb5eb5a91c42f7243cd3a:bZsVnuyBRTKxKHcMwLmgHyxH2sdFK8JQ	Q1:方案1,方案2,方案4,方案5,方案6,方案7,方案8,方案9,方案11,方案16,方案17,方案20,方案21,方案23,方案24,方案25,;
2016-07-28 22:13:08	6f9eff72187329af0676bf730c05ee2a:tKjsY3LVbpAKyes8biKxu3S9fIEgCgxB	Q1:方案1,方案2,方案4,方案5,方案6,方案7,方案8,方案9,方案10,方案12,方案13,方案14,方案15,方案17,方案20,方案24,;
2016-07-28 22:13:13	f82188f482c0296fd8bf6e179ce7e9db:uIc1t0W18bXWcOr9pqfjRyAd0ksVehYg	Q1:方案1,方案3,方案4,方案5,方案6,方案7,方案10,方案13,方案14,方案16,方案17,方案18,方案20,方案21,方案24,方案25,;
2016-07-28 22:16:18	a919335a2336a96c8ba671754859144e:z19FmUqDF0xJQulm30kiTljfUxWwJH11	Q1:方案1,方案2,方案3,方案5,方案6,方案7,方案8,方案9,方案10,方案11,方案12,方案15,方案16,方案17,方案20,方案21,;
2016-07-28 22:26:51	79bd3aad0faca5bb1620a8a55dc2ca77:jBzVtImno6vdPsVhILGzyYrADa5FJ650	Q1:方案1,方案4,方案5,方案6,方案9,方案10,方案14,方案16,方案17,方案18,方案19,方案20,方案21,方案22,方案23,方案24,;
2016-07-28 22:27:52	a163c9a4c7130f542ebde892de0af4a7:USUe13y7rshVEInVTm6d0yatPwQEF0SP	Q1:方案2,方案4,方案7,方案9,方案10,方案11,方案12,方案13,方案14,方案16,方案17,方案21,方案23,方案24,方案25,方案26,;
2016-07-28 22:30:47	f7d815f5491d4fa50e838226680a7b2c:tRryPnbTP5X1pL0gkMwqGImkVaScFlmF	Q1:方案1,方案2,方案4,方案5,方案6,方案7,方案9,方案11,方案12,方案14,方案15,方案16,方案21,方案23,方案24,方案26,;
2016-07-28 22:30:58	56d2b68dbdd63858ac8ef46da0e1abb5:KvBaOr283LG1QjDf8g1Hd3kLGjELLjwB	Q1:方案4,方案5,方案6,方案7,方案8,方案9,方案10,方案11,方案12,方案15,方案17,方案18,方案20,方案21,方案23,方案24,;
2016-07-28 22:31:31	78a13d632fbffd0e503bc013b2b092f1:3x3WeJiXY0GBQP4fzspsL8GXdGVWmr4Z	Q1:方案1,方案2,方案4,方案5,方案6,方案7,方案8,方案9,方案12,方案13,方案16,方案17,方案20,方案21,方案23,方案24,;
2016-07-28 22:33:06	a46f7376db8b17458f424b4591c56cf2:p9u2gmhAWngDdhKWNYCSe0BFbwSo3Giy	Q1:方案2,方案3,方案4,方案5,方案6,方案7,方案11,方案13,方案15,方案16,方案18,方案20,方案21,方案24,方案25,方案26,;
2016-07-28 22:35:21	55203497e70274c0d3be5887417c8c6b:FXwjdt4JlwhvZWiK1i4EAENDr6lePmKW	Q1:方案2,方案3,方案4,方案5,方案6,方案7,方案8,方案11,方案12,方案13,方案14,方案16,方案17,方案18,方案19,方案24,;
2016-07-28 22:38:18	efff1872d299a167ca0130c215a5fb1a:4am4FiPRaXYVixXrwGsP7qWW0NorKmel	Q1:方案2,方案3,方案4,方案5,方案6,方案7,方案8,方案9,方案10,方案11,方案12,方案13,方案15,方案17,方案21,方案24,;
2016-07-28 22:43:48	3a19ee090f23530305173db5d09cf286:huM9oCZpoREImT0lUR3KPWwCk2GxTV3K	Q1:方案4,方案5,方案6,方案7,方案8,方案9,方案12,方案14,方案16,方案19,方案20,方案21,方案22,方案23,方案24,方案26,;
2016-07-28 22:48:33	b76d5bdfb9149c7405df5cc605ab6fb5:2fyKRQhgNftz8ilHeaukXeN7XXYG1kWJ	Q1:方案2,方案4,方案5,方案6,方案7,方案8,方案9,方案11,方案12,方案13,方案14,方案20,方案21,方案23,方案24,方案26,;
2016-07-28 22:48:47	18d4a4e292e45b1721824368bc1be68d:7briYD5lJWVRXl99LU9KlBWol0QiQxLG	Q1:方案1,方案2,方案5,方案6,方案7,方案8,方案9,方案10,方案11,方案12,方案15,方案16,方案17,方案18,方案19,方案20,;
2016-07-28 22:55:48	b9d99b56df93766903e9f978689b7830:7wpuVkJBCNzAMrZyfOPlf6B4iOhc1kEd	Q1:方案1,方案2,方案4,方案5,方案6,方案7,方案9,方案10,方案11,方案13,方案14,方案15,方案17,方案18,方案20,方案22,;
2016-07-28 23:03:07	20838a17ddfd118e417af692630099c4:Nhum1aknmvDWoJXP6bkgLg86SVIg6kwG	Q1:方案3,方案4,方案5,方案6,方案7,方案9,方案10,方案12,方案13,方案14,方案16,方案17,方案20,方案22,方案24,方案26,;
2016-07-28 23:06:14	661570c27f4629b857f63dc6f88225a3:kTlFakF6wgFa0nSr5m7t1HjLNvj3r4Ke	Q1:方案1,方案4,方案5,方案6,方案7,方案9,方案10,方案13,方案14,方案16,方案17,方案18,方案20,方案21,方案22,方案24,;
2016-07-28 23:13:50	45120b6c0d4dbf1de274e22eba38a5b5:yNhPh4psYntRvdM7PikizuT2UikhUYu6	Q1:方案1,方案3,方案4,方案5,方案6,方案7,方案8,方案9,方案10,方案11,方案12,方案13,方案16,方案17,方案23,方案26,;
2016-07-28 23:15:34	0f6d3f4540187556a85c8aa87dc28b52:GxBQtxywR7FIirQc8f00ENpGgAFJPnOU	Q1:方案2,方案4,方案5,方案6,方案7,方案9,方案10,方案11,方案12,方案13,方案14,方案16,方案17,方案19,方案20,方案21,;
2016-07-28 23:16:01	ee4b6dbc6d7f5ab74b118012eef461d7:9cVcVqdncrOK7bgqElq15vO9wKZyR0GP	Q1:方案1,方案3,方案5,方案6,方案7,方案9,方案10,方案11,方案12,方案16,方案17,方案18,方案20,方案21,方案23,方案26,;
2016-07-28 23:22:52	fa6ef0279b31f8694d818a6dfe192335:XtynPWFc4z6OVtx45pol1ui5llAh3jwg	Q1:方案2,方案4,方案5,方案6,方案7,方案8,方案9,方案10,方案11,方案12,方案13,方案14,方案17,方案18,方案23,方案24,;
2016-07-28 23:22:58	21721527d5d73ade24001348ae318fd6:E7UZpC6EontFFEVWvnoxdKU8NA3mMABV	Q1:方案1,方案3,方案4,方案5,方案6,方案8,方案9,方案13,方案16,方案17,方案18,方案22,方案23,方案24,方案25,方案26,;
2016-07-28 23:23:48	21e0f2372e3827986d34c142700932e1:MWUDEQAatEkquEr5neTyauciab5v9EGk	Q1:方案1,方案2,方案4,方案6,方案7,方案9,方案12,方案13,方案15,方案16,方案17,方案18,方案19,方案20,方案21,方案23,;
2016-07-28 23:24:14	3f96deae3361d3ff5a78f79617520c0f:DarAXODmj8r8zPWna66SI6islEPJgE7O	Q1:方案2,方案5,方案6,方案8,方案9,方案11,方案13,方案15,方案16,方案17,方案20,方案21,方案22,方案23,方案25,方案26,;
2016-07-28 23:31:03	b87ef6fd953ac589c64ae3a946a847b7:ZWpGtAnZ9aWcUXqwiepEuctZ3ml94q7R	Q1:方案1,方案2,方案4,方案5,方案6,方案7,方案8,方案9,方案10,方案12,方案13,方案15,方案17,方案20,方案21,方案23,;
2016-07-28 23:45:38	613cf1a097a124f572ca6c0dfe3f98e4:bHcMcHVOEfZXBOzIXxxijN83VPGvjN3U	Q1:方案1,方案3,方案4,方案5,方案7,方案9,方案11,方案15,方案16,方案17,方案20,方案21,方案22,方案24,方案25,方案26,;
2016-07-28 23:47:41	5af1cf044eb128cc5c1eb1abaf37f9e7:vfWqbUO5Ey1QGWSc69ZY36dWMvXOYVMP	Q1:方案4,方案5,方案6,方案7,方案8,方案9,方案11,方案12,方案13,方案15,方案18,方案19,方案20,方案21,方案23,方案24,;
2016-07-28 23:47:52	ba4b805d87fcfaf8b1a073cdea86f1ee:dfMAdwL1e3J23qin2hb79bTwuvWoIPkp	Q1:方案2,方案4,方案5,方案6,方案7,方案8,方案9,方案10,方案11,方案12,方案13,方案18,方案19,方案20,方案23,方案24,;
2016-07-28 23:52:39	a5018f30aadf07fa8e17f57af573a9c6:psDnax1qVRun78xtyFflMi2GfuRuZxhM	Q1:方案1,方案2,方案4,方案5,方案6,方案7,方案9,方案11,方案12,方案15,方案20,方案21,方案22,方案23,方案24,方案25,;
2016-07-28 23:56:46	1ba739c991dc48265e35ddbbb9905977:gsxbCCLlxffk34RUBaJTZBVdaWMnUG7Z	Q1:方案1,方案3,方案4,方案5,方案6,方案7,方案9,方案10,方案11,方案12,方案13,方案15,方案16,方案18,方案20,方案21,;
