2016-07-30 01:34:59	ff3f63fc0e3113651b39438bfc8285ce:SodtMsYaHf82mPuXZMGnWjA2Qt8fXzur	Q1:方案2,方案3,方案4,方案5,方案6,方案7,方案9,方案10,方案11,方案13,方案14,方案17,方案18,方案20,方案22,方案24,;
2016-07-30 10:32:30	c0ed18f6f507fe7ad97bbfd936378ad4:buOqyP7hSfPBRQewnNQBF2Q86INaQTPR	Q1:方案4,方案5,方案7,方案8,方案9,方案11,方案13,方案14,方案16,方案17,方案18,方案21,方案23,方案24,方案25,方案26,;
2016-07-30 10:34:43	ca6dae1dc47b23476793035c4192d8a7:QT0zTakfeROA9qHjPIyqeKslLN0okm3V	Q1:方案4,方案5,方案7,方案8,方案9,方案11,方案13,方案14,方案16,方案17,方案18,方案21,方案23,方案24,方案25,方案26,;
2016-07-30 10:36:09	daa8b4eca570772005ea5fdeb9ac1a4d:fyGoa5lrz6c4LI3NHCEQBELXQxekhbyA	Q1:方案4,方案5,方案7,方案8,方案9,方案11,方案13,方案14,方案16,方案17,方案18,方案21,方案23,方案24,方案25,方案26,;
2016-07-30 11:11:31	47f67996cc478b7e38cf199d7f784b9b:DE4FPvp4HBxEe98iufoeg3OLEftofFB6	Q1:方案3,方案5,方案6,方案8,方案10,方案11,方案12,方案13,方案14,方案16,方案17,方案18,方案21,方案23,方案24,方案26,;
2016-07-30 11:11:59	c5107df8eacf51ce8c10739516c7f9a5:arDvqlERolPWrXTnA6vr10imICjC7rAV	Q1:方案4,方案5,方案6,方案8,方案9,方案11,方案12,方案13,方案14,方案16,方案17,方案20,方案21,方案23,方案24,方案26,;
2016-07-30 11:12:42	f8d8d007ca505b09fc1849f70c8902f4:EbeRJnqGJukVGqqTxuQlRUd7pVCPe0bQ	Q1:方案1,方案2,方案4,方案5,方案6,方案8,方案9,方案12,方案14,方案15,方案18,方案19,方案20,方案21,方案23,方案24,;
2016-07-30 11:56:02	d9634247b6ae2c9846af0bbb823e8afb:o6yRh7TxtbZXtdZl3aOR8DBybpvWrrch	Q1:方案1,方案5,方案6,方案8,方案9,方案10,方案11,方案14,方案16,方案17,方案18,方案21,方案22,方案23,方案25,方案26,;
2016-07-30 12:33:06	08b957e51ae169ea07413cc55a1c51b2:3vljCL5n5XSrAL2DdpPLEM2QlExrKcfB	Q1:方案1,方案2,方案4,方案5,方案6,方案7,方案9,方案10,方案12,方案14,方案15,方案18,方案19,方案20,方案21,方案23,;
2016-07-30 12:56:37	d06d26a2eedb3944388007058705f204:2xiLlXbW79Zio9yiAHdDMtqhF6LJzEBo	Q1:方案2,方案7,方案8,方案9,方案10,方案11,方案12,方案13,方案14,方案15,方案16,方案17,方案18,方案20,方案21,方案22,;
2016-07-30 13:04:02	26ed2147e54f908036b826753b07ebbf:S5ZE94iNBtwlHx61KXZe9ZCSvi2pQr9D	Q1:方案1,方案2,方案4,方案5,方案6,方案7,方案9,方案12,方案13,方案15,方案20,方案21,方案22,方案23,方案24,方案26,;
2016-07-30 13:07:25	40f67be920474419bf2d20290a33197e:Dmy1EYNRs3pCICrX9Rq137KWKkUUWkVy	Q1:方案2,方案4,方案5,方案6,方案7,方案10,方案11,方案13,方案15,方案16,方案17,方案18,方案19,方案21,方案22,方案26,;
2016-07-30 13:08:16	93ea83bf9b1ee6c61b92338125c632e5:XADuOOvjVjA7oeqBlh9V8eDpZ34baagN	Q1:方案1,方案2,方案3,方案4,方案5,方案6,方案9,方案10,方案11,方案15,方案16,方案17,方案18,方案20,方案23,方案24,;
2016-07-30 13:21:27	72bae608f789a3052ac0ea8f296b0966:q43LeeE2sGfmYSz3eayLOQy50N6LmCbT	Q1:方案1,方案2,方案4,方案5,方案7,方案8,方案9,方案11,方案14,方案15,方案16,方案17,方案18,方案20,方案25,方案26,;
2016-07-30 13:40:52	830c72211926f35a086d1dbaa6f3b536:pzTuNctQFlzQ3UZW6brYV3733qx3D0HL	Q1:方案3,方案4,方案5,方案6,方案7,方案9,方案10,方案11,方案12,方案14,方案16,方案18,方案20,方案23,方案24,方案25,;
2016-07-30 13:50:38	53577516bfa91bb69c4e8fbc6c37ce23:d66uyODejqiZfeAZwt5Tj3lV1ffLeAR6	Q1:方案1,方案2,方案4,方案5,方案7,方案8,方案9,方案10,方案14,方案15,方案16,方案18,方案19,方案20,方案21,方案23,;
2016-07-30 13:53:13	2ffad61697a149f40f1b25d359aedf58:iwlrdWFvXJj9cMzJXmJwl83SMTM5FO0H	Q1:方案1,方案2,方案4,方案5,方案11,方案12,方案13,方案15,方案16,方案18,方案20,方案21,方案23,方案24,方案25,方案26,;
2016-07-30 13:56:23	61ca4da7d725e52d0aa960dc82ab53c3:8BJc3aayxIHK8cBF47gxuYGp8Hjv9ix1	Q1:方案2,方案4,方案6,方案9,方案11,方案12,方案13,方案15,方案17,方案18,方案19,方案20,方案21,方案22,方案23,方案24,;
2016-07-30 14:10:41	6f320fc89d9efff3435d83962f19bced:PgnimX44ii8tT05rwfrIfXGSEOSPhKZj	Q1:方案4,方案5,方案7,方案8,方案9,方案10,方案11,方案12,方案14,方案15,方案17,方案18,方案19,方案20,方案23,方案24,;
2016-07-30 14:51:40	fba1e2254ebc85db8eaef4fff668e917:gjqw5C3Hzij9klz2rpriywYAxzqFpiGi	Q1:方案1,方案2,方案4,方案5,方案6,方案7,方案9,方案11,方案12,方案15,方案16,方案17,方案18,方案20,方案23,方案24,;
2016-07-30 15:08:00	39c62874c4af67753076799d56303a3b:MVZ474qrJmmH6slKVwXNfiiZlkkateUy	Q1:方案2,方案3,方案4,方案5,方案6,方案7,方案8,方案9,方案10,方案12,方案14,方案15,方案17,方案18,方案22,方案23,;
2016-07-30 16:15:55	d2c5be38d50f8a6f86b8518511b06141:mLCdL3nKWMPll2VjgW5VnNWZIbhc36jM	Q1:方案2,方案3,方案4,方案5,方案6,方案7,方案8,方案9,方案11,方案12,方案13,方案16,方案17,方案20,方案22,方案25,;
2016-07-30 17:13:46	36ae9f9247735fef5fd5c9a857414d85:eOCd4QMtmeoHlBezLSzbbpV3PzYFd8Vq	Q1:方案1,方案4,方案5,方案7,方案8,方案9,方案10,方案11,方案12,方案14,方案15,方案17,方案18,方案19,方案20,方案24,;
2016-07-30 17:55:32	4b4deb0f721ec89aaf847d365e8c3e1f:t8aopkhaNBJ0rDbAo1e8Ur27LcHgiDDl	Q1:方案1,方案4,方案5,方案6,方案11,方案13,方案14,方案15,方案17,方案18,方案19,方案20,方案21,方案24,方案25,方案26,;
2016-07-30 18:00:24	3c71df25e284fe204661b4e4b2d4fa6d:q29wGInclqOqUidvzCLs8uazRRuua0R6	Q1:方案8,方案10,方案11,方案12,方案13,方案14,方案15,方案16,方案17,方案18,方案19,方案20,方案21,方案22,方案23,方案24,;
2016-07-30 18:08:48	ae789533d5468633e17508e7e06b9c11:3sdCgDxJu2ThAJYQVe0rvs4NFUdYPdQT	Q1:方案4,方案5,方案6,方案7,方案9,方案10,方案11,方案13,方案16,方案17,方案18,方案19,方案20,方案21,方案24,方案26,;
2016-07-30 18:14:26	bfb3206342f658535b01bfcc1a206b40:zj3dgJWon5isKtMMtZd6chgQyPw6AMKJ	Q1:方案4,方案5,方案6,方案9,方案10,方案11,方案12,方案13,方案16,方案17,方案18,方案19,方案20,方案21,方案23,方案24,;
2016-07-30 18:15:08	253a33838d43b6e991033444938f9fac:dmbOUAtZRMK0PxsBUi3ysErtoACOOLbf	Q1:方案1,方案2,方案3,方案5,方案6,方案7,方案8,方案9,方案10,方案11,方案12,方案13,方案16,方案17,方案23,方案24,;
2016-07-30 18:27:25	c9e5ca0e63191e5eacfd11d76461e2f3:ig98d6yUTOraeEo9Ep4j7DJpSXt37HGi	Q1:方案1,方案3,方案4,方案5,方案6,方案7,方案9,方案10,方案11,方案12,方案15,方案17,方案18,方案19,方案23,方案24,;
2016-07-30 18:29:56	2e58e43ddbde45a6882da436857f4089:4mspIOhDTfWoxnXeYqOHgmR5lPYAvVHC	Q1:方案1,方案2,方案3,方案5,方案6,方案9,方案15,方案16,方案17,方案19,方案20,方案21,方案22,方案24,方案25,方案26,;
2016-07-30 18:38:39	a89ef9be1749731b821943bae00e664f:HIALs0pdfARcMsTvIq9dM5H05nIpwH0O	Q1:方案1,方案3,方案5,方案6,方案7,方案9,方案11,方案12,方案15,方案17,方案18,方案19,方案20,方案22,方案24,方案26,;
2016-07-30 19:51:16	e8c6af8ad9f574833289e623e8f73b93:I3b2i24JFhbwNVdLPrm9SmSI4Fku6bwh	Q1:方案1,方案3,方案5,方案6,方案7,方案9,方案11,方案12,方案14,方案15,方案19,方案20,方案22,方案24,方案25,方案26,;
2016-07-30 20:48:10	b38c2f4cb891339a07609ca55ace16c8:pW7Qfz3P2hPz3qQTpkzk0CHDX5IC76Id	Q1:方案1,方案2,方案3,方案4,方案5,方案6,方案7,方案8,方案10,方案11,方案12,方案14,方案17,方案20,方案21,方案23,;
2016-07-30 21:32:26	f44e923367db9a2889ee6a695634b8d5:lld6cnM6MrARVaEyBveh1zGCA3XKzWZu	Q1:方案1,方案2,方案4,方案5,方案6,方案7,方案9,方案11,方案12,方案14,方案15,方案16,方案20,方案21,方案23,方案24,;
2016-07-30 22:39:19	9d410a83ba7af1faa9ecbca3fd570a99:OxEQZZZVLT8MgsDPAzRtKV254bYm3Usy	Q1:方案3,方案4,方案5,方案6,方案7,方案8,方案9,方案13,方案14,方案15,方案16,方案17,方案18,方案21,方案24,方案26,;
2016-07-30 22:52:18	044e915546cbadd03e5689a94acb4d0b:3sS9xyAB4Hft6V9CKryBok1Tv1XEpfhJ	Q1:方案2,方案4,方案5,方案6,方案8,方案9,方案10,方案14,方案15,方案19,方案20,方案21,方案22,方案23,方案24,方案26,;
2016-07-30 23:34:52	5f0da391ce851b3142dfbcc9d8ae59d4:MD8aKKPmHhbbn1Ocv4cwmvXkuDTDExOf	Q1:方案1,方案3,方案4,方案5,方案6,方案7,方案8,方案9,方案12,方案13,方案14,方案16,方案20,方案21,方案22,方案25,;
