2016-08-05 03:41:42	07422d667a23a6ca7dc181c40a582c1d:878BXL0XvFi4tzz9ruE3T7S4Ez1uqJ1J	Q1:方案1,方案2,方案4,方案5,方案6,方案7,方案8,方案10,方案11,方案12,方案13,方案20,方案21,方案22,方案23,方案25,;
2016-08-05 04:56:23	a900353d32c37ec6aea8d9219f3c6e12:LQHAQw8PFgpfXFMd4Was7cEAM9kK6SPM	Q1:方案2,方案3,方案5,方案6,方案7,方案11,方案12,方案14,方案15,方案16,方案17,方案18,方案19,方案20,方案21,方案23,;
2016-08-05 08:04:47	1880c3df06d5caa89ca1ae643831aba0:BWE2jBbNbbNXmOrjiJRGbmYqp60Cbbse	Q1:方案1,方案2,方案3,方案4,方案5,方案6,方案7,方案8,方案9,方案10,方案11,方案12,方案13,方案14,方案15,方案16,;
2016-08-05 08:17:43	fff4f8a1271936cef6ea484c0f296da7:5o91LOgqRdLRPMiS9efYQEBDILdLC01a	Q1:方案2,方案3,方案7,方案8,方案9,方案10,方案13,方案14,方案15,方案16,方案17,方案18,方案20,方案21,方案24,方案26,;
2016-08-05 08:33:06	ab8d10065ad9415da1650fdd7d280a1f:IWgN59N3BGo2Yt7hpnd7xK5k05tv7Bjk	Q1:方案3,方案4,方案5,方案6,方案7,方案9,方案13,方案14,方案16,方案17,方案18,方案20,方案22,方案23,方案24,方案26,;
2016-08-05 08:36:05	48748c21bd48d8b3d2bd082ba479157e:V4mFNevuetVaBdiHKkuAsGGvfPd3qJ6F	Q1:方案2,方案3,方案4,方案6,方案7,方案8,方案9,方案10,方案11,方案12,方案14,方案16,方案17,方案18,方案23,方案24,;
2016-08-05 08:47:15	c0ea0aac58844e52daaa63b9c6337d03:2U3RkP19sjUJerFJRdkLlsxEKPwTgh7f	Q1:方案1,方案2,方案3,方案10,方案13,方案14,方案15,方案17,方案18,方案19,方案20,方案22,方案23,方案24,方案25,方案26,;
2016-08-05 08:51:01	342dca6eeec2286dbf2bd694b47816fc:Oh4g8aQ1kwpmOdCoTNsDmb7Y2HOLWvyu	Q1:方案1,方案3,方案4,方案5,方案6,方案9,方案11,方案12,方案13,方案14,方案16,方案20,方案21,方案22,方案23,方案26,;
2016-08-05 08:52:49	289c0b9074e80b4797c9e286de6796d5:TbdtgRiWkzIsgmw6cMjL7t889v5ZnDMa	Q1:方案1,方案2,方案3,方案10,方案13,方案14,方案15,方案17,方案18,方案19,方案20,方案22,方案23,方案24,方案25,方案26,;
2016-08-05 09:00:04	5efe9262c121e01b6aac42508e9e3b53:sO0WhmC1aq08jFgYNZsu3nxo66dycghS	Q1:方案2,方案4,方案5,方案6,方案7,方案8,方案9,方案10,方案11,方案12,方案17,方案18,方案19,方案21,方案23,方案24,;
2016-08-05 09:04:12	a1e1c711bc8f2a210cb440c9520371a6:7aLu4BMgg3pZc0hl1Bt6GfjYF0rhzpfa	Q1:方案2,方案4,方案5,方案6,方案7,方案8,方案9,方案10,方案11,方案12,方案17,方案18,方案19,方案21,方案23,方案24,;
2016-08-05 09:04:26	0c55c40e1985c69d5ba3020a8d6fe812:FX1SAbG91u9HfaMzF3cOAhMiePJZChBa	Q1:方案1,方案2,方案3,方案4,方案5,方案6,方案7,方案8,方案9,方案10,方案11,方案12,方案13,方案14,方案15,方案24,;
2016-08-05 09:04:38	aed8ff76f52bf98c77d36a80d34e6932:OCJb3qYwASL5P2Qyxl9FSfhkaI9Ht7d4	Q1:方案2,方案4,方案5,方案6,方案7,方案9,方案10,方案11,方案12,方案13,方案15,方案16,方案17,方案18,方案20,方案23,;
2016-08-05 09:05:25	3cb62c86961faa4e220a5835c0e2c626:enkjBec3qPuiArySlTmUi9jsDCORP27p	Q1:方案2,方案4,方案5,方案6,方案7,方案8,方案9,方案10,方案11,方案12,方案17,方案18,方案19,方案21,方案23,方案24,;
2016-08-05 09:06:24	58db9c1e8d958d9fc144caf95d4eccef:V8U5FEZW3YAZMwCUYWJlSVac4v6HKRRg	Q1:方案2,方案4,方案5,方案6,方案7,方案8,方案9,方案10,方案11,方案12,方案17,方案18,方案19,方案21,方案23,方案24,;
2016-08-05 09:11:02	862abc1f68c6c960d903a256b43c786c:d5M2mCglnf386XgopsG54KfKO5GGNuYb	Q1:方案2,方案4,方案5,方案6,方案7,方案8,方案9,方案10,方案11,方案12,方案13,方案14,方案17,方案18,方案21,方案25,;
2016-08-05 09:11:18	0d32b6a6487bbcc7d9bbddd795185fc3:8Vmx46HWRXqRqRYNeidDdBtiFuc56j3Z	Q1:方案1,方案2,方案3,方案10,方案13,方案14,方案15,方案17,方案18,方案19,方案20,方案22,方案23,方案24,方案25,方案26,;
2016-08-05 09:11:26	cf26225682d78f45573ebc24e3d03a82:fOTW3o6FUmUcWPjm4gH4TSOLK8pIZP5A	Q1:方案2,方案3,方案4,方案6,方案7,方案8,方案10,方案11,方案12,方案16,方案17,方案18,方案20,方案21,方案23,方案26,;
2016-08-05 09:12:22	94b3f5e4e28b4bb3e03fd4499da232c3:b6lYyEN0a1ZWoH4q39Eoq028UUCaBs0P	Q1:方案2,方案4,方案5,方案6,方案7,方案8,方案9,方案10,方案11,方案12,方案17,方案18,方案19,方案21,方案23,方案24,;
2016-08-05 09:13:23	36cf41143ef5993e4614ec96b5c99591:xPmls0fHt2oUIGKW8uzJxUZKfwosH9og	Q1:方案2,方案4,方案5,方案6,方案7,方案8,方案9,方案10,方案11,方案12,方案17,方案18,方案19,方案21,方案23,方案24,;
2016-08-05 09:14:44	5e8ebbc71aec5828a87c14fa4aea9387:zzoMSSbruE3RYiHThCBSZFls9V0JEcx8	Q1:方案1,方案2,方案3,方案5,方案6,方案9,方案10,方案11,方案12,方案14,方案16,方案17,方案18,方案19,方案23,方案24,;
2016-08-05 09:14:53	c521fbcde099eef80fd38e78834acaa5:T7wjgRIcCFu4ua6GtXP7FRgb2dp5C5Ah	Q1:方案2,方案4,方案5,方案6,方案7,方案8,方案9,方案10,方案11,方案12,方案17,方案18,方案19,方案21,方案23,方案24,;
2016-08-05 09:14:57	5cbf5d9cd766d3dac4d9374b7cd36f51:fC1W1PvimOqRd9Jsf1ghqkooKkVyOO0M	Q1:方案1,方案2,方案3,方案4,方案5,方案6,方案7,方案8,方案9,方案11,方案12,方案13,方案14,方案15,方案16,方案17,;
2016-08-05 09:16:53	c94774ce46f7cc254665584cdf0819f3:bEmmyhwRWG7fxqUJQ7112mcyjTrtwe8z	Q1:方案2,方案3,方案4,方案6,方案7,方案8,方案10,方案11,方案12,方案16,方案17,方案18,方案20,方案21,方案23,方案26,;
2016-08-05 09:17:49	d5419cc496ee6fe5816597444513b98f:wOjN6OnsdHWRNPYsMsZaZI7f2gTVrvAa	Q1:方案2,方案4,方案5,方案6,方案7,方案8,方案9,方案10,方案11,方案12,方案17,方案18,方案19,方案21,方案23,方案24,;
2016-08-05 09:19:57	038a8865aa771c3291bc74839995ac62:p8TleeSTEEE1U5mdCe22wvlbKfCXdHmq	Q1:方案1,方案2,方案3,方案4,方案5,方案6,方案7,方案8,方案9,方案10,方案11,方案12,方案13,方案17,方案18,方案19,;
2016-08-05 09:20:06	fcdf54f406700d0832e99429f6263bf7:kRBflNA4zCs8xl0fwzx72Pz0qAT2XxtT	Q1:方案2,方案4,方案5,方案7,方案8,方案9,方案10,方案12,方案13,方案14,方案15,方案16,方案17,方案20,方案21,方案26,;
2016-08-05 09:20:14	6c081ca64ea6cf26394d7a0cc6ab9f8c:KHu29YVh1O35GsgW6bHh1w6BxMhSp4tw	Q1:方案2,方案4,方案5,方案6,方案7,方案8,方案9,方案10,方案11,方案12,方案17,方案18,方案19,方案21,方案23,方案24,;
2016-08-05 09:21:12	ba53afeba7f0427113830c6e1db01674:gLFLCZvCtZ1oQatTu4H4tliz8nnvF0fP	Q1:方案2,方案3,方案4,方案6,方案7,方案8,方案10,方案11,方案12,方案16,方案17,方案18,方案20,方案21,方案23,方案26,;
2016-08-05 09:21:16	28bdc8b7bbf29a4035f80cbd2dda8ae0:8ZfxFtn84fbWYusHH3O4nxiGXmP36xRS	Q1:方案2,方案4,方案5,方案6,方案7,方案8,方案9,方案10,方案11,方案12,方案17,方案18,方案19,方案21,方案23,方案24,;
2016-08-05 09:21:58	915fa548ab9fee9f1cd12d9c84189306:BLzQXXrHruoCEj3jf27jJw32jiFZcvsa	Q1:方案9,方案10,方案11,方案12,方案13,方案14,方案15,方案16,方案17,方案18,方案19,方案20,方案21,方案22,方案24,方案25,;
2016-08-05 09:22:35	7ed746964749f7d08a5ddf3e5727ad50:Ss9Q2YmsJRPIpK52e3kamhwjUXX82n1A	Q1:方案2,方案4,方案5,方案6,方案7,方案8,方案9,方案10,方案11,方案12,方案17,方案18,方案19,方案21,方案23,方案24,;
2016-08-05 09:23:10	d289bceef4bc787b24710585f5b9becd:oE26LcGoKZTWjMcZQTQsD2JHjxBF92De	Q1:方案11,方案12,方案13,方案14,方案15,方案16,方案17,方案18,方案19,方案20,方案21,方案22,方案23,方案24,方案25,方案26,;
2016-08-05 09:23:50	e3c66b3c798e58d62668b53b87be8beb:LT9xOYCo6GmyAGS4gYDRiSHXArWlQRwA	Q1:方案2,方案4,方案5,方案6,方案7,方案8,方案9,方案10,方案11,方案12,方案17,方案18,方案19,方案21,方案23,方案24,;
2016-08-05 09:24:23	399fb55d220426bdeea23739e11033cf:Nofj94uAz4z1T6JGIwnPACgqeYm0JVvR	Q1:方案2,方案4,方案5,方案7,方案8,方案9,方案10,方案12,方案13,方案14,方案15,方案16,方案17,方案20,方案21,方案26,;
2016-08-05 09:24:49	60efea73cb2f7e8eea1c82112aa2292c:43xUYwNQRGuxqRLvvzYqSQMUJHpHkbsx	Q1:方案2,方案4,方案7,方案10,方案11,方案13,方案14,方案15,方案16,方案17,方案18,方案19,方案20,方案23,方案24,方案25,;
2016-08-05 09:26:41	33fbab6da0382f89fc4ac60c6c7f6a5d:WokgQztT8egKfHCi3ihqcxOLEKBqjA11	Q1:方案2,方案4,方案5,方案7,方案8,方案9,方案10,方案12,方案13,方案14,方案15,方案16,方案17,方案20,方案21,方案26,;
2016-08-05 09:27:03	8c2603b6fdba11a7605e86234f0140d2:UcuooCb2HYbvlFbPb0eMku9FPWOfvt88	Q1:方案2,方案4,方案5,方案6,方案7,方案8,方案9,方案10,方案11,方案12,方案17,方案18,方案19,方案21,方案23,方案24,;
2016-08-05 09:28:02	db95a8603c8cf916b2db43adcb1127ec:RKeVho2YyVOUxVtp7kYd5pripj3fuITs	Q1:方案2,方案4,方案5,方案6,方案7,方案8,方案9,方案10,方案11,方案12,方案17,方案18,方案19,方案21,方案23,方案24,;
2016-08-05 09:29:18	b2b2c02801b701b2fa7ad41ea635706a:jU8jj9LjJmZnrU4fnwrtbdrz3y9gnXOS	Q1:方案2,方案4,方案5,方案7,方案8,方案9,方案10,方案12,方案13,方案14,方案15,方案16,方案17,方案20,方案21,方案26,;
2016-08-05 09:29:30	794a544b6ed754c76878b81cb2828a1a:EdMad04PSdJc8Layb9IBWNx4KgwSZUPi	Q1:方案2,方案4,方案5,方案6,方案7,方案8,方案9,方案10,方案11,方案12,方案17,方案18,方案19,方案21,方案23,方案24,;
2016-08-05 09:29:34	6de1da444327f3e7e51b666ed3270c93:2joHY0dMIN2gEs57MDnaiN6g2RFGxIOX	Q1:方案1,方案3,方案4,方案7,方案8,方案9,方案11,方案12,方案15,方案16,方案18,方案21,方案23,方案24,方案25,方案26,;
2016-08-05 09:31:02	8d99a599ba081ef69f10984583b33d56:RtPX3lUX7gXfcJHIeFHOBffbHGuTMDEx	Q1:方案2,方案4,方案5,方案6,方案7,方案8,方案9,方案10,方案11,方案12,方案17,方案18,方案19,方案21,方案23,方案24,;
2016-08-05 09:31:19	be997eec92e67978affc547ea47afc56:WyefN8oqTvHP8Z6EylqIzYg4MeCo6M8L	Q1:方案2,方案4,方案5,方案7,方案8,方案9,方案10,方案12,方案13,方案14,方案15,方案16,方案17,方案20,方案21,方案26,;
2016-08-05 09:31:50	a3920383a4a7fa12aba4ec387335532a:snzyYwXAoeE08btxCAjnoHPFQ8UpNQ35	Q1:方案2,方案4,方案5,方案6,方案9,方案10,方案11,方案15,方案16,方案17,方案18,方案19,方案20,方案21,方案23,方案26,;
2016-08-05 09:32:21	fff0b1fb82f5b0d80b4d792c18fce1ad:tq50wUZg9SNkNIYtiLTITqb248rWrS0E	Q1:方案2,方案4,方案5,方案6,方案7,方案8,方案9,方案10,方案11,方案12,方案17,方案18,方案19,方案21,方案23,方案24,;
2016-08-05 09:33:13	f1174f549d1d10cf97b853492da4d1c9:qjLbnFzxBTGETXrTtl5UTLjPhCLbvbxx	Q1:方案2,方案4,方案5,方案7,方案9,方案12,方案13,方案15,方案16,方案17,方案18,方案19,方案22,方案23,方案24,方案25,;
2016-08-05 09:33:23	0e6aa583edf82c3149e3b3694788993d:ipparclw9waGMDUvjX8z4zv3rWmH2Mqi	Q1:方案2,方案4,方案5,方案6,方案7,方案8,方案9,方案10,方案11,方案12,方案17,方案18,方案19,方案21,方案23,方案24,;
2016-08-05 09:34:21	8617658aa75005272c8a5f1f9e547400:mpIdwGbtYs8jggXGHJtr8ugi4Zlmg2ru	Q1:方案2,方案4,方案5,方案6,方案7,方案8,方案9,方案10,方案11,方案12,方案17,方案18,方案19,方案21,方案23,方案24,;
2016-08-05 09:35:03	581cdcd1c3a0bf7ae683424bbe918fb9:Or7eH0ZzeXeSbgmb8zNCtN1HalEfEvXy	Q1:方案2,方案4,方案5,方案7,方案8,方案9,方案10,方案12,方案13,方案14,方案15,方案16,方案17,方案20,方案21,方案26,;
2016-08-05 09:35:41	4e0a6c9fceff5ad7c7033a83d5597b17:p8v9ni7vg13qPu66tSkIFAVQIsqOZltP	Q1:方案2,方案4,方案5,方案6,方案7,方案9,方案11,方案13,方案15,方案16,方案17,方案18,方案19,方案20,方案23,方案26,;
2016-08-05 09:36:10	3abf622958d70220c6519124e7d5c110:n2VkB4JA92nkFLY50tuLMXZanJILqzeq	Q1:方案1,方案3,方案5,方案6,方案10,方案11,方案12,方案13,方案16,方案17,方案18,方案20,方案21,方案23,方案25,方案26,;
2016-08-05 09:36:44	99d6a94f6e56e4ca74f1269bd279a577:Ns6A9ZucW6eMxbPT86v0YKHsj6Gb2Olc	Q1:方案2,方案4,方案5,方案6,方案7,方案8,方案9,方案10,方案11,方案12,方案17,方案18,方案19,方案21,方案23,方案24,;
2016-08-05 09:38:22	4c8430b6362d53167e114ebaef4a333b:RBfg8E1nJKK0JR9jCj6ZkHz6Q6hWHIRE	Q1:方案1,方案2,方案3,方案4,方案5,方案6,方案9,方案10,方案11,方案16,方案17,方案18,方案20,方案23,方案24,方案26,;
2016-08-05 09:38:27	c6081650893d4411f5483316c1540792:AffstOR3RneWZ99lVGcp2RprPAOLifw2	Q1:方案2,方案4,方案5,方案6,方案7,方案8,方案9,方案10,方案11,方案12,方案17,方案18,方案19,方案21,方案23,方案24,;
2016-08-05 09:38:53	a54fbf2c5b8f0fa49fd8c359806e46a5:R9j2KDsDuVZWaYwMpj9wfaafWetblw4A	Q1:方案2,方案4,方案5,方案6,方案7,方案9,方案10,方案11,方案15,方案16,方案18,方案19,方案20,方案23,方案24,方案26,;
2016-08-05 09:39:42	73525dcdfde275206086b53b0111e350:bOQRn5yWG3aUOBvGLsM79vXs9ilEEKhb	Q1:方案2,方案3,方案4,方案6,方案7,方案8,方案10,方案11,方案12,方案16,方案17,方案18,方案20,方案21,方案23,方案26,;
2016-08-05 09:40:35	db3c47e4ad82ff16eb43e441f0fb0302:FkpLM1gQe7xUgTUtQS1pz25lEzEkwsWc	Q1:方案2,方案5,方案6,方案7,方案8,方案9,方案11,方案13,方案15,方案16,方案17,方案18,方案19,方案20,方案23,方案26,;
2016-08-05 09:40:54	1e405eb8e8c6ed867b16ca96559452f4:OWd2O9sShrNJLRSWPgedKpDoUNX84hOD	Q1:方案2,方案4,方案5,方案7,方案8,方案9,方案10,方案12,方案13,方案14,方案15,方案16,方案17,方案20,方案21,方案26,;
2016-08-05 09:42:25	48a15c4247aa9a441f62b5b5df5c34b8:RIEXUgriuzFtQNfP94lHjE7a00VkWQ4a	Q1:方案2,方案4,方案5,方案6,方案7,方案8,方案9,方案10,方案11,方案12,方案17,方案18,方案19,方案21,方案23,方案24,;
2016-08-05 09:42:32	2f65bc98253b9eb406797caa70c62a8a:MpSc4kaJMmDYfyZhBesKPapE9s7BYd0A	Q1:方案2,方案4,方案5,方案7,方案8,方案9,方案10,方案12,方案13,方案14,方案15,方案16,方案17,方案20,方案21,方案26,;
2016-08-05 09:43:21	1cdf1db117bd6f206982305c7ccfd843:egrlXrAKjrBKs9wBqkKeIedsCbEuBOZR	Q1:方案2,方案4,方案5,方案6,方案7,方案9,方案11,方案12,方案15,方案16,方案17,方案18,方案19,方案20,方案23,方案24,;
2016-08-05 09:44:01	e83839a2ce620493b77bc0d764177f1b:qOofhvK9tp19F49Nwi4KOa4N5OiZRBne	Q1:方案2,方案4,方案5,方案6,方案7,方案8,方案9,方案10,方案11,方案12,方案17,方案18,方案19,方案21,方案23,方案24,;
2016-08-05 09:44:10	461cbf7e3aeaf9c4fc24b83e1aac13d1:l2rXdVY4fWlXIeKvpKTUJXsUakFkuPVa	Q1:方案2,方案4,方案5,方案7,方案8,方案9,方案10,方案12,方案13,方案14,方案15,方案16,方案17,方案20,方案21,方案26,;
2016-08-05 09:44:45	639ec01ad109e9e16fc979629d2fa9b0:5Ck4Z01QKMARCRVWWUd56aKHV3NvnQBb	Q1:方案2,方案4,方案5,方案6,方案8,方案9,方案11,方案15,方案16,方案17,方案18,方案19,方案20,方案21,方案23,方案26,;
2016-08-05 09:45:08	8fe74381e0c3f5db7cc81c40c15fb4e0:DazZwttHTSmyBTxnzHAFnf54aC5aBINT	Q1:方案2,方案4,方案5,方案6,方案7,方案8,方案9,方案10,方案11,方案12,方案17,方案18,方案19,方案21,方案23,方案24,;
2016-08-05 09:46:19	f1fa78f6b467f2aac199cc93924b1d0b:gIZyBwF8hCk00oT13jxYFOyhbJV17q8r	Q1:方案2,方案4,方案5,方案7,方案8,方案9,方案10,方案12,方案13,方案14,方案15,方案16,方案17,方案20,方案21,方案26,;
2016-08-05 09:47:21	1bb6db4e946f247ec59283c696fb9b72:Mnk0ZXkVOCwwUf3rYPFpa0rhmyQBc4BG	Q1:方案2,方案4,方案5,方案6,方案7,方案8,方案9,方案10,方案11,方案12,方案17,方案18,方案19,方案21,方案23,方案24,;
2016-08-05 09:48:19	7e864811ce1a3ffb7775dbff10d9253a:6IggrzWYaZfdL7m1ufxxoUrEnA217RKt	Q1:方案2,方案4,方案5,方案6,方案7,方案8,方案9,方案10,方案11,方案12,方案17,方案18,方案19,方案21,方案23,方案24,;
2016-08-05 09:49:21	20fe334de5fa81ce682626287684984d:Ch0eV5rwae70zA5kWm6N6Zq8LZUCzHmz	Q1:方案2,方案4,方案5,方案6,方案7,方案8,方案9,方案10,方案11,方案12,方案17,方案18,方案19,方案21,方案23,方案24,;
2016-08-05 09:49:39	a6caa54caa842107ceff71f7fb254763:AfosloJdACx1lKVe1ZpQwVEpda16epXY	Q1:方案2,方案4,方案5,方案7,方案8,方案9,方案10,方案12,方案13,方案14,方案15,方案16,方案17,方案20,方案21,方案26,;
2016-08-05 09:51:26	e6fdd7a359da56a7e632c346d736be2d:CZlmBqvd3Byf9RGoMTchJD0CdBCbYY27	Q1:方案2,方案4,方案5,方案6,方案7,方案8,方案9,方案10,方案11,方案12,方案17,方案18,方案19,方案21,方案23,方案24,;
2016-08-05 09:51:26	a7613592ec1b6c8e4c7e530539309ff9:pXB6u9bvSUg3ZZ4QSR5QfRIUgJ51vPJQ	Q1:方案2,方案4,方案5,方案7,方案8,方案9,方案10,方案12,方案13,方案14,方案15,方案16,方案17,方案20,方案21,方案26,;
2016-08-05 09:52:58	486652898f2a7c8e78d7dadc9e692349:K72upObghjURwuJKdP4odsoS2iW3nzTT	Q1:方案2,方案4,方案5,方案7,方案8,方案9,方案10,方案12,方案13,方案14,方案15,方案16,方案17,方案20,方案21,方案26,;
2016-08-05 09:53:16	af1d6bae5a1149cc3bc4505e6183516f:90S6sxkm3QJzAsnJjxGp0m4yHGoC39hJ	Q1:方案2,方案4,方案5,方案6,方案7,方案8,方案9,方案10,方案11,方案12,方案17,方案18,方案19,方案21,方案23,方案24,;
2016-08-05 09:54:20	b7c1d1d4af1e14db7aec8d796e076502:UeVa3WZgpaOIVLjHNhS9SEF3CdQQolss	Q1:方案2,方案4,方案5,方案7,方案8,方案9,方案10,方案12,方案13,方案14,方案15,方案16,方案17,方案20,方案21,方案26,;
2016-08-05 09:54:58	da88e464b27079e4c64d5e19b2cd5468:JvtUrObWsgLn4qib7bkn5FCH5mm3Eo18	Q1:方案1,方案2,方案3,方案10,方案13,方案14,方案15,方案17,方案18,方案19,方案20,方案22,方案23,方案24,方案25,方案26,;
2016-08-05 09:55:50	d9f0e58e6b74a54540543159322d93d9:nuOzK37gRw3OEsOnbKogFx1Foo4PKr5i	Q1:方案2,方案4,方案5,方案7,方案8,方案9,方案10,方案12,方案13,方案14,方案15,方案16,方案17,方案20,方案21,方案26,;
2016-08-05 09:55:55	cd5ed286040e4113632724b7715a8e1f:AvXjdAYPaw44MNO57PtB89AB577M8bZu	Q1:方案2,方案4,方案5,方案6,方案7,方案8,方案9,方案10,方案11,方案12,方案17,方案18,方案19,方案21,方案23,方案24,;
2016-08-05 09:57:25	e17c1f0335a2ecd6b7ff6c5e9ae54537:q27lkQksP17YCSWkXsewDxR2JXPrK2GT	Q1:方案2,方案4,方案5,方案6,方案7,方案8,方案9,方案10,方案11,方案12,方案17,方案18,方案19,方案21,方案23,方案24,;
2016-08-05 09:57:36	60db40a6f51778e8fb1e2aeefc78157d:GXOgkvtATDH0TS6Lh9QTk6eeeMqZdbZB	Q1:方案2,方案4,方案5,方案7,方案8,方案9,方案10,方案12,方案13,方案14,方案15,方案16,方案17,方案20,方案21,方案26,;
2016-08-05 09:57:46	9a463f272da01ddddf456da8ebc9815b:qpPgytPmOwsKgvUAiJvFoZDERt95Tk57	Q1:方案4,方案5,方案6,方案7,方案8,方案9,方案11,方案12,方案15,方案16,方案17,方案19,方案20,方案21,方案23,方案24,;
2016-08-05 09:58:28	bdc2c9cc62c2ca74eed5b62477d6c0c1:UGczU05LgPL9nvUAOT5sTWrZUY02bBTD	Q1:方案2,方案4,方案5,方案6,方案7,方案8,方案9,方案10,方案11,方案12,方案17,方案18,方案19,方案21,方案23,方案24,;
2016-08-05 09:58:38	f312edcab3e75215c29b3fc24bdd91b4:ALJNKYatqIP5EWvL9wnj7Ip3C2T6jZGy	Q1:方案1,方案2,方案3,方案10,方案13,方案14,方案15,方案17,方案18,方案19,方案20,方案22,方案23,方案24,方案25,方案26,;
2016-08-05 09:59:07	900c80e7d1033ad99a399f045ec55226:6WeNdHgBya5Xt0w2aqYOCIJYeOlMEgh5	Q1:方案2,方案4,方案5,方案7,方案8,方案9,方案10,方案12,方案13,方案14,方案15,方案16,方案17,方案20,方案21,方案26,;
2016-08-05 09:59:36	b751596a1e410e17c717b918db931ed0:9jXil98GB3ZxTvlIKObe2RZvr5TGyizr	Q1:方案2,方案4,方案5,方案6,方案7,方案8,方案9,方案11,方案12,方案13,方案14,方案15,方案16,方案17,方案18,方案19,;
2016-08-05 10:00:27	7856b8d4768a5e3af3c9383a104d77ef:dzW8JWNaGOfocAUNtzWmjMI5WRPRViiM	Q1:方案2,方案4,方案5,方案7,方案8,方案9,方案10,方案12,方案13,方案14,方案15,方案16,方案17,方案20,方案21,方案26,;
2016-08-05 10:00:48	2c9279640cedeed0420ae90df64c3ed6:T0O6Kcvz4ToTBVxe6LGLeOV0pbsJjmX6	Q1:方案2,方案4,方案5,方案6,方案7,方案8,方案9,方案10,方案11,方案12,方案17,方案18,方案19,方案21,方案23,方案24,;
2016-08-05 10:02:55	31672361f00bbbaaa68038586aae10ff:BJVGunNjGmNNA3eLgnv2coKjZDlXkqrK	Q1:方案1,方案2,方案3,方案4,方案5,方案6,方案7,方案8,方案9,方案10,方案11,方案12,方案13,方案14,方案15,方案16,;
2016-08-05 10:03:51	43d1613b0967c11e2c6d06b2ca47b0e1:KlbF0PlZOuKIQPahezNT9FWYOtZxq8Rj	Q1:方案2,方案4,方案5,方案6,方案7,方案8,方案9,方案10,方案11,方案12,方案17,方案18,方案19,方案21,方案23,方案24,;
2016-08-05 10:04:40	3a27708babd33d6de812f29b71f378b2:DAhPC96ARjtQXYEOAeGdUM6BuRRMfuYk	Q1:方案2,方案5,方案7,方案8,方案9,方案10,方案12,方案13,方案14,方案15,方案16,方案17,方案19,方案20,方案21,方案22,;
2016-08-05 10:04:47	b33dd3e34162684c6e6ce658b14eb1eb:47jYf8qV4gaYoVApCJe9Pk7SksJglsDt	Q1:方案2,方案4,方案5,方案6,方案7,方案8,方案9,方案10,方案11,方案12,方案17,方案18,方案19,方案21,方案23,方案24,;
2016-08-05 10:05:21	cfd1ce0a6986d64e49a5d6965fd88d0f:K7IMdZxzmzSiKu3vNKMfYl3nR2k7DPPz	Q1:方案1,方案4,方案5,方案6,方案9,方案10,方案11,方案15,方案17,方案18,方案19,方案20,方案21,方案22,方案24,方案25,;
2016-08-05 10:06:04	ddc3c8d7178f1c93d4d0c5db803b7c81:RXs3lOWNCSzNZIpIQWYUjdHGPc5eQxIe	Q1:方案2,方案4,方案5,方案6,方案7,方案8,方案9,方案10,方案11,方案12,方案17,方案18,方案19,方案21,方案23,方案24,;
2016-08-05 10:07:31	cf826bfcf7ed7cfe177e33d8e87f453b:PdVNzvY3PSMgLSvrqT04NMNzAcoUZgCH	Q1:方案2,方案4,方案5,方案6,方案7,方案8,方案9,方案10,方案11,方案12,方案17,方案18,方案19,方案21,方案23,方案24,;
2016-08-05 10:07:44	add2ce9e0b4e9c30b86f5827ce73ae59:NGjqsnGMYwtAqcNP1lR49TWsw7Xte5jz	Q1:方案1,方案2,方案3,方案4,方案6,方案7,方案11,方案14,方案16,方案17,方案18,方案19,方案21,方案23,方案24,方案26,;
2016-08-05 10:09:19	3a67e52e5895cfb34c874736c639ae9e:MuIjbVGAz6E1l3CW5b06cywj2VqbH1OF	Q1:方案2,方案4,方案5,方案6,方案7,方案8,方案9,方案10,方案11,方案12,方案17,方案18,方案19,方案21,方案23,方案24,;
2016-08-05 10:12:11	b50425231fc896aa83fee92ec5842578:7YnYbFLfXPun8mmKTRXmC5DH4tHjZL9O	Q1:方案2,方案4,方案5,方案6,方案7,方案8,方案9,方案10,方案11,方案12,方案17,方案18,方案19,方案21,方案23,方案24,;
2016-08-05 10:13:51	271f99fc34b81310bc6109fc63b4e5de:1kU4RKNDuUcBHqYnkZbvmcV7ovFYXYPm	Q1:方案2,方案4,方案5,方案6,方案7,方案8,方案9,方案10,方案11,方案12,方案17,方案18,方案19,方案21,方案23,方案24,;
2016-08-05 10:14:44	a5a8bfee2da50525e6bb4bd181de11d9:f6VJeL6LqhqOPI3u2clDa271ILTLmoY8	Q1:方案2,方案4,方案5,方案6,方案7,方案8,方案9,方案10,方案11,方案12,方案17,方案18,方案19,方案21,方案23,方案24,;
2016-08-05 10:16:11	a5423b7ed7bbc2459aa0f00517771237:z3hk1DfyVyBMdvt5LjqK5Mna06JJu5X8	Q1:方案2,方案4,方案5,方案6,方案7,方案8,方案9,方案10,方案11,方案12,方案17,方案18,方案19,方案21,方案23,方案24,;
2016-08-05 10:17:16	5645591466a292eae8ef0dc8adb32e45:GPGnABzAUf475pzenjKOauCuYVjnUcnr	Q1:方案2,方案4,方案5,方案6,方案7,方案8,方案9,方案10,方案11,方案12,方案17,方案18,方案19,方案21,方案23,方案24,;
2016-08-05 10:18:15	7787f6118141fc80acc64eed3526adfd:U9OvnreY1iHGPiyQWWNPpZlY07baGXDC	Q1:方案2,方案4,方案5,方案6,方案7,方案8,方案9,方案10,方案11,方案12,方案17,方案18,方案19,方案21,方案23,方案24,;
2016-08-05 10:19:10	f8c736981d6d12355ca25cb908e1fd67:7tWllKFschMtui8sEYjLzB88QCg80WBC	Q1:方案2,方案4,方案5,方案6,方案7,方案8,方案9,方案10,方案11,方案12,方案17,方案18,方案19,方案21,方案23,方案24,;
2016-08-05 10:20:04	6859617b33846ca8d1bc15bffd2b7d94:YXHuq2SSnDHKSbgjgptLazSz74iH9L3n	Q1:方案2,方案4,方案5,方案6,方案7,方案8,方案9,方案10,方案11,方案12,方案17,方案18,方案19,方案21,方案23,方案24,;
2016-08-05 10:21:27	a3c04bfba85bf913f4ec8422acc04efc:tuRJQO7gPAN7mGUHgu6O6I95cP469qSv	Q1:方案2,方案4,方案5,方案6,方案7,方案8,方案9,方案10,方案11,方案12,方案17,方案18,方案19,方案21,方案23,方案24,;
2016-08-05 10:21:30	642db76692893e25c98765d70e32dd8b:Jym2u8PaGcf4sRJtwX3kglqCHPH8f2hm	Q1:方案2,方案5,方案7,方案8,方案9,方案10,方案11,方案13,方案14,方案15,方案17,方案18,方案19,方案22,方案23,方案24,;
2016-08-05 10:21:46	17db22544c875c9add5def7dbcc4966a:LXM6EIrxPGkzZUd6cz4u3MRVXyrbPvpn	Q1:方案1,方案2,方案4,方案5,方案8,方案9,方案10,方案11,方案12,方案13,方案15,方案21,方案22,方案23,方案24,方案26,;
2016-08-05 10:24:06	e10da7394e8b96c25c4779d91170d5c1:JallxyXYQ8SRWE8bfibT6lwDpj6L81dZ	Q1:方案2,方案4,方案5,方案6,方案7,方案8,方案9,方案10,方案11,方案12,方案17,方案18,方案19,方案21,方案23,方案24,;
2016-08-05 10:26:20	e7d74e73f0294a3fed9c4ed67797470b:hpPIP3y3aFNHC179lYllZQGxJn9gIiMR	Q1:方案2,方案4,方案5,方案6,方案7,方案8,方案9,方案10,方案11,方案12,方案17,方案18,方案19,方案21,方案23,方案24,;
2016-08-05 10:29:57	37f7f3db2b52a92ba4e964b6c0895aaf:gKBnCIyeqY37yi7GhbAOK7pPQalIV35A	Q1:方案4,方案6,方案7,方案9,方案10,方案13,方案14,方案15,方案16,方案17,方案18,方案20,方案21,方案24,方案25,方案26,;
2016-08-05 10:31:04	23e123845d0da1e694165cdd6619d88b:Jqkl8KQi7kKA1y5PpAJwQCJGWg0I0j3R	Q1:方案2,方案4,方案5,方案6,方案7,方案8,方案9,方案10,方案11,方案12,方案17,方案18,方案19,方案21,方案23,方案24,;
2016-08-05 10:32:05	e0b69e67f07cf4cc6f44fa059fed3f31:pvSTM41fIZ5CbxxtAtEoW2vQFKC4uuX2	Q1:方案2,方案3,方案4,方案5,方案7,方案8,方案10,方案11,方案13,方案14,方案16,方案17,方案18,方案21,方案22,方案25,;
2016-08-05 10:32:39	13621f9357bbd0f14a2044029e75cc79:wpA6J5q4RKkOwfsdGYjLvCrNSUC2EndR	Q1:方案2,方案4,方案5,方案6,方案7,方案8,方案9,方案10,方案11,方案12,方案17,方案18,方案19,方案21,方案23,方案24,;
2016-08-05 10:34:38	fc28e9992eaa557564b454e6721d4dba:LK5gPn6LVLVasirypEoBjKR9rcMg1QDv	Q1:方案2,方案4,方案5,方案6,方案7,方案8,方案9,方案10,方案11,方案12,方案17,方案18,方案19,方案21,方案23,方案24,;
2016-08-05 10:36:28	d5e859538ae32eca6aef3c167db6495e:McTlIOkVBGFTEIGZPRg3IfPgrA7MUIWX	Q1:方案2,方案4,方案5,方案6,方案7,方案8,方案9,方案10,方案11,方案12,方案17,方案18,方案19,方案21,方案23,方案24,;
2016-08-05 10:36:38	6466a389c86023e1011d651084a23a09:iWmdgrkcKWOlgnDy59e3Qfnl4bvpQWqk	Q1:方案1,方案2,方案3,方案4,方案5,方案6,方案7,方案8,方案11,方案12,方案13,方案15,方案16,方案17,方案21,方案23,;
2016-08-05 10:37:20	fb2380f21eca81bd29d01885e7b1019c:PNth9KtR23xtGLc0kV2TPgEgEJtblj5q	Q1:方案2,方案4,方案5,方案6,方案7,方案8,方案9,方案10,方案11,方案12,方案17,方案18,方案19,方案21,方案23,方案24,;
2016-08-05 10:38:35	4d5696c0280a3332f26db63734c6ee1f:1efGkabbIJ7NEmfK2AJtYwvEt7tcp6S5	Q1:方案2,方案3,方案4,方案5,方案6,方案7,方案8,方案9,方案10,方案11,方案13,方案15,方案17,方案20,方案21,方案26,;
2016-08-05 10:40:58	4f596d6ca0a31d174844f71dcaeeaa44:0TAdqMJiktUn42vFfLQQrpyheRwtC3wq	Q1:方案2,方案4,方案5,方案6,方案7,方案8,方案9,方案10,方案11,方案12,方案17,方案18,方案19,方案21,方案23,方案24,;
2016-08-05 10:42:08	900dc49187afef6533da4bba6e70c876:p8seZRVJdsln3yfuUpoXxBziDeeTArda	Q1:方案2,方案4,方案5,方案6,方案7,方案8,方案9,方案10,方案11,方案12,方案17,方案18,方案19,方案21,方案23,方案24,;
2016-08-05 10:43:05	5abde3e214a8be9e2029717ed9c590db:kVloWbHchpCY7kpBILQT813YUArdQs60	Q1:方案2,方案4,方案5,方案6,方案7,方案8,方案9,方案10,方案11,方案12,方案17,方案18,方案19,方案21,方案23,方案24,;
2016-08-05 10:43:58	a06c2dc99509648026d486d08a734a8a:KclIPdemC8Jqw1ySXXfcp1qYHs8mFFgb	Q1:方案2,方案4,方案5,方案6,方案7,方案8,方案9,方案10,方案11,方案12,方案17,方案18,方案19,方案21,方案23,方案24,;
2016-08-05 10:44:53	427c46567f8b95c532bc9fde0aa69489:7OEiVKybzpQRbqorirTcqtgrR3wiPg8a	Q1:方案2,方案4,方案5,方案6,方案7,方案8,方案9,方案10,方案11,方案12,方案17,方案18,方案19,方案21,方案23,方案24,;
2016-08-05 10:54:07	54d80e74e0f1d5940bc0d04018347c41:7uB2SHCH83bWC9RZGnjF8Z3P418h5Y2L	Q1:方案1,方案2,方案4,方案5,方案7,方案8,方案9,方案10,方案12,方案13,方案14,方案15,方案16,方案17,方案18,方案23,;
2016-08-05 10:59:57	f5e4fcf0cd5d02f323c39f1bb59678eb:ih2Gtwd8Y68yKuRrM99ZRl1bECIrkebZ	Q1:方案1,方案2,方案3,方案10,方案13,方案14,方案15,方案17,方案18,方案19,方案20,方案22,方案23,方案24,方案25,方案26,;
2016-08-05 11:00:19	823e55ed9d98095ebad2040a2a6005e3:eOEwms7QpzOarUH0nfDRpILqS3kWQbbg	Q1:方案2,方案3,方案4,方案5,方案6,方案7,方案8,方案9,方案10,方案11,方案12,方案13,方案15,方案16,方案17,方案20,;
2016-08-05 11:00:23	b899bddc8502b7971e552928763d06c1:l0XvZzhXboMnDBPlDvYNvaGXC9BJEQoj	Q1:方案1,方案2,方案4,方案6,方案8,方案9,方案10,方案11,方案12,方案16,方案18,方案19,方案21,方案24,方案25,方案26,;
2016-08-05 11:01:42	d76ba8fe3c99a3365a6d67ec81f82c54:RCIHwswntI15ppLGEH3BVuO3OelcbgmV	Q1:方案1,方案3,方案4,方案5,方案6,方案7,方案9,方案13,方案14,方案16,方案17,方案19,方案21,方案24,方案25,方案26,;
2016-08-05 11:02:09	3fb2c32e71dfbce7356c9db52927232e:Wa4DAB4Ie0BPMjLLczva7vPnFnWZaIPK	Q1:方案2,方案4,方案5,方案6,方案7,方案8,方案9,方案10,方案11,方案12,方案17,方案18,方案19,方案21,方案23,方案24,;
2016-08-05 11:02:45	f08105c19393186d61419e4cf26f195d:gElmah2dcxFFHHMFfdPVqzFP4xtI8qfi	Q1:方案2,方案4,方案5,方案6,方案7,方案8,方案9,方案10,方案11,方案12,方案17,方案18,方案19,方案21,方案23,方案24,;
2016-08-05 11:03:36	e67e0aff267fafb8647e242f14ba2695:j7z6tQAypsnN06wtO3e2PwyNKFQ6d4pi	Q1:方案2,方案4,方案5,方案6,方案7,方案8,方案9,方案10,方案11,方案12,方案17,方案18,方案19,方案21,方案23,方案24,;
2016-08-05 11:04:18	9a5cf8a54fa951de58274cc222a81bbb:6BE0S89dkdG729rIaeFUlTWlUNOdj6Z6	Q1:方案1,方案3,方案7,方案8,方案9,方案11,方案12,方案15,方案16,方案17,方案18,方案19,方案22,方案24,方案25,方案26,;
2016-08-05 11:05:19	45b5ea5925356a4926bc1b35ac724735:YaANdFXHzpZ3F8KstDOFr8bBinW086TP	Q1:方案2,方案4,方案5,方案6,方案7,方案8,方案9,方案10,方案11,方案12,方案17,方案18,方案19,方案21,方案23,方案24,;
2016-08-05 11:06:10	05d738c34972ecbb6af35d823398f12b:oOBn72H0cLEKGn9BaI6o7Ta8YVBTs9IU	Q1:方案1,方案3,方案7,方案8,方案9,方案11,方案12,方案15,方案16,方案17,方案18,方案19,方案22,方案24,方案25,方案26,;
2016-08-05 11:06:42	a1a2301a875b177ad7f372a67b075bc9:a0Ka7agv7VoTdFIbuI0QFUqIxEqn8tPw	Q1:方案2,方案4,方案5,方案6,方案7,方案8,方案9,方案10,方案11,方案12,方案17,方案18,方案19,方案21,方案23,方案24,;
2016-08-05 11:07:21	27d40d5cb53ba56de3687fae2d40ac3e:yhKHp8LBBNFM5RVw4KqQE2SlJrEbxeld	Q1:方案1,方案3,方案7,方案8,方案9,方案11,方案12,方案15,方案16,方案17,方案18,方案19,方案22,方案24,方案25,方案26,;
2016-08-05 11:07:44	e105e93f21b6fae1fbfd84f7f4da9148:Ymw14NwB1fGfN6o6cdcWA6aMiu6RATWI	Q1:方案2,方案4,方案5,方案6,方案7,方案8,方案9,方案10,方案11,方案12,方案17,方案18,方案19,方案21,方案23,方案24,;
2016-08-05 11:08:22	bb95e064ee5933b9ad5359f7f9b6608b:M7ZBfonUljVwvwbOJOFVYgnk5DV2mS6A	Q1:方案1,方案3,方案7,方案8,方案9,方案11,方案12,方案15,方案16,方案17,方案18,方案19,方案22,方案24,方案25,方案26,;
2016-08-05 11:08:32	f7a7da1a10111a61eaed92f14cdb4b8e:z7kHR9FquWQa29lt8NdMOE4EOlr5y1Dd	Q1:方案2,方案4,方案5,方案6,方案7,方案8,方案9,方案10,方案11,方案12,方案17,方案18,方案19,方案21,方案23,方案24,;
2016-08-05 11:09:44	fff1fefd64500b8d93bb609d0daa9f62:OyqZfVApgjsfLJ117Bw9BSKux82zkkrO	Q1:方案2,方案4,方案5,方案6,方案7,方案8,方案9,方案10,方案11,方案12,方案17,方案18,方案19,方案21,方案23,方案24,;
2016-08-05 11:11:00	dcbeecdc51720fc2fb79bb611c795dd3:4L7k4PUYihfThKkVf2pntpprstorQPeV	Q1:方案2,方案4,方案5,方案6,方案7,方案8,方案9,方案10,方案11,方案12,方案17,方案18,方案19,方案21,方案23,方案24,;
2016-08-05 11:12:00	7f7c9523dbd9c552328425902fcbf23f:yR6GDQBPPjTVovHtZE67cTlYu6lW8lwI	Q1:方案2,方案4,方案5,方案6,方案7,方案8,方案9,方案10,方案11,方案12,方案17,方案18,方案19,方案21,方案23,方案24,;
2016-08-05 11:12:52	1b3998190f366a7705ab9eee71cf1a6e:UlopZhh15Gmvzd3fdGBLO9U6a9HCtzvA	Q1:方案1,方案4,方案5,方案6,方案8,方案9,方案11,方案14,方案15,方案16,方案18,方案21,方案22,方案24,方案25,方案26,;
2016-08-05 11:14:21	cde9d1c6dc833d9bb1e74e112a8b1fce:KT5IIJLLqaWIevzc5hnHIj4rN8CGJdA2	Q1:方案1,方案4,方案5,方案6,方案8,方案9,方案11,方案14,方案15,方案16,方案18,方案21,方案22,方案24,方案25,方案26,;
2016-08-05 11:16:45	bf0f9878a136d9c0732f07b4d79fd921:BhtYcamrpGqJXsmk5ZAC0UnRJ3ctzTRZ	Q1:方案2,方案4,方案5,方案6,方案7,方案8,方案9,方案10,方案11,方案12,方案17,方案18,方案19,方案21,方案23,方案24,;
2016-08-05 11:18:02	99d687e40caf78a445224227ec6cc2a2:WlqWSvmzd9itKBObjqa7TiBXYiqERz6d	Q1:方案1,方案4,方案5,方案6,方案8,方案9,方案11,方案14,方案15,方案16,方案18,方案19,方案20,方案21,方案22,方案23,;
2016-08-05 11:18:28	207b5a967d4bf8e4748f1c672e4cdfc1:UtkCIauJFyO9F5uGMnFL9iDmiGy6crUL	Q1:方案2,方案4,方案5,方案6,方案7,方案8,方案9,方案10,方案11,方案12,方案17,方案18,方案19,方案21,方案23,方案24,;
2016-08-05 11:19:59	7330d87dba2cf28721b40a25bb5a0a4a:ZYjr3DZws4q39cSTYYa4vT7yjwPNbt8h	Q1:方案1,方案4,方案5,方案6,方案8,方案9,方案11,方案14,方案15,方案16,方案18,方案21,方案22,方案24,方案25,方案26,;
2016-08-05 11:23:59	3fb62f4f2cf0e110b48456b11d6cdde7:PhJqyLN3b7B34r5YyryzVeKCkCFb7IK4	Q1:方案2,方案4,方案5,方案6,方案7,方案8,方案9,方案10,方案11,方案12,方案17,方案18,方案19,方案21,方案23,方案24,;
2016-08-05 11:24:44	c08904c4007fe63f6b29ebaf6b30d3d8:u4gM659qgiaY1OQyghQYf2Qat0pg0IrN	Q1:方案1,方案4,方案5,方案6,方案8,方案9,方案11,方案14,方案15,方案16,方案18,方案21,方案22,方案24,方案25,方案26,;
2016-08-05 11:25:06	022f5e5f8c423da1fe052f24cc55d250:DLgvUa2UnElOluTw0cXSyKFbjsA6adC5	Q1:方案2,方案4,方案5,方案6,方案7,方案8,方案9,方案10,方案11,方案12,方案17,方案18,方案19,方案21,方案23,方案24,;
2016-08-05 11:25:34	3404fcdc57281604e8f57599bf85acc5:abCQNtDimhk5s2R6A8kenEz4LKmPw73h	Q1:方案1,方案2,方案4,方案6,方案8,方案9,方案10,方案11,方案13,方案16,方案17,方案18,方案21,方案23,方案25,方案26,;
2016-08-05 11:26:31	5e6e297c55daacbab0241274b9cf7908:JcY3AWke19a6W13PWn6RrEjIW4NqTYXH	Q1:方案1,方案2,方案4,方案5,方案8,方案9,方案10,方案11,方案12,方案13,方案14,方案15,方案17,方案22,方案24,方案26,;
2016-08-05 11:28:18	3b042d993b58f1d49553173be2e19f86:w6VdQRRMa1efjbPxjXhAexLeUlZ1jj6l	Q1:方案2,方案4,方案5,方案6,方案7,方案8,方案9,方案10,方案11,方案12,方案17,方案18,方案19,方案21,方案23,方案24,;
2016-08-05 11:28:28	790a12ead4ddbab65b756c3847e41f50:UYZ1kIWP59y6l8HvmYp50JOs0futT1pe	Q1:方案1,方案4,方案7,方案8,方案11,方案12,方案13,方案14,方案16,方案17,方案18,方案21,方案23,方案24,方案25,方案26,;
2016-08-05 11:28:47	cea67ff36551cca6fa56cadd2b79c46a:MHEugl8OfgtwDEv1qouIIiCFRLaXEFJB	Q1:方案1,方案3,方案7,方案8,方案9,方案11,方案12,方案15,方案16,方案17,方案18,方案20,方案22,方案24,方案25,方案26,;
2016-08-05 11:29:15	63ce6018257d8ec401a854a52e15628a:4zVQHuxLjbQQhN9jxDYIMRogbW3meSFm	Q1:方案1,方案2,方案4,方案5,方案7,方案11,方案12,方案13,方案14,方案16,方案17,方案21,方案23,方案24,方案25,方案26,;
2016-08-05 11:29:46	f8d537ad7a2c7760c3bcd8a9535cbcc4:fQYjYivRAu3z5cXK0Z2FAdC5xQecgOur	Q1:方案2,方案4,方案5,方案6,方案7,方案8,方案9,方案10,方案11,方案12,方案17,方案18,方案19,方案21,方案23,方案24,;
2016-08-05 11:30:51	d23b15d7f2c1702e65d39466e35bb5b8:d8bPkTzVBNWLd44WBhg86DexnKMsbbdQ	Q1:方案1,方案3,方案7,方案8,方案9,方案11,方案12,方案15,方案16,方案17,方案18,方案20,方案22,方案24,方案25,方案26,;
2016-08-05 11:31:36	25d3354a0549de2299347946dde1f0bd:POB80fb1YRFaB2z1Zzl1QRZ1xihM4m0Y	Q1:方案2,方案4,方案5,方案7,方案8,方案9,方案10,方案11,方案12,方案15,方案16,方案17,方案18,方案21,方案23,方案24,;
2016-08-05 11:32:05	0955434fecba810fdaa88425f7ac50c7:cqLkoryxLJG1kg7VBtGovoSRl0FRfhGL	Q1:方案1,方案3,方案7,方案8,方案9,方案11,方案12,方案15,方案16,方案17,方案18,方案20,方案22,方案24,方案25,方案26,;
2016-08-05 11:32:51	d4ebaee9c14ff168dfba669e13d1abf7:ern3DjLzuFQzpUvNdfyqCJuO0rr7o43j	Q1:方案1,方案5,方案8,方案9,方案10,方案11,方案12,方案15,方案16,方案17,方案18,方案19,方案20,方案21,方案23,方案26,;
2016-08-05 11:33:41	f2d4b50f538eeaab8969ff027c8cd8b9:Bc3cZLOl4cf1MxuUacpGsQiCJqOnNNEj	Q1:方案1,方案2,方案3,方案4,方案5,方案6,方案7,方案8,方案9,方案12,方案13,方案14,方案15,方案16,方案23,方案24,;
2016-08-05 11:33:52	e0b6970562a6e25c77175cc4266c37a2:puZnyILc5d561KKoGnWZ8ukTZH1OexOd	Q1:方案1,方案4,方案5,方案7,方案9,方案11,方案12,方案16,方案17,方案18,方案19,方案21,方案23,方案24,方案25,方案26,;
2016-08-05 11:35:00	214994f8c935789e95e4c39cdcc9394e:JF8cG2A3TTWEEy9DUYBak8UJXswXkgeo	Q1:方案1,方案3,方案7,方案8,方案9,方案11,方案12,方案15,方案16,方案17,方案18,方案20,方案22,方案24,方案25,方案26,;
2016-08-05 11:35:23	c9defc9899e8b2291e431fb924a7e017:Zig75lzk79Dt8F97fMbycgBJMEfnNX4j	Q1:方案1,方案4,方案5,方案6,方案8,方案9,方案11,方案14,方案15,方案16,方案18,方案21,方案22,方案24,方案25,方案26,;
2016-08-05 11:36:01	7c404f38cf1df7884613298ed59efe7e:eXaJMDy4BO4GIzYoU89cQqQbvyNdslfJ	Q1:方案2,方案4,方案5,方案6,方案7,方案8,方案9,方案10,方案11,方案12,方案17,方案18,方案19,方案21,方案23,方案24,;
2016-08-05 11:36:06	6d7b9f6f31453fab36c16d4cd655f944:mbjj5szurCxz6Nhxki8D0L18fq8QX04q	Q1:方案1,方案3,方案7,方案8,方案9,方案11,方案12,方案15,方案16,方案17,方案18,方案20,方案22,方案24,方案25,方案26,;
2016-08-05 11:36:33	55534a2ff3d9c91356bd9ac76d6ddf5a:Ue0VSCHzGDE3QykvVRjVNYMypzqykh68	Q1:方案1,方案4,方案5,方案6,方案8,方案9,方案11,方案14,方案15,方案16,方案18,方案21,方案22,方案24,方案25,方案26,;
2016-08-05 11:37:28	4883498015387404a6c05adf005470d6:HMXazNU3Payt9lsrPvEUglkaMRyuk9Ec	Q1:方案2,方案3,方案4,方案5,方案6,方案7,方案8,方案9,方案10,方案11,方案12,方案13,方案14,方案15,方案16,方案19,;
2016-08-05 11:37:40	74e2393a54bac5ed7cb1feee80c2a4c9:ATiqToEGVu9snY3ECnlDMFhXOrtbabGv	Q1:方案1,方案4,方案5,方案6,方案8,方案9,方案11,方案14,方案15,方案16,方案18,方案21,方案22,方案24,方案25,方案26,;
2016-08-05 11:38:23	ad6e658c62598a8ac00f9e656014ccaa:LZBlDmB1e6E8aHztiQipIXuQDEwkduKj	Q1:方案7,方案8,方案9,方案10,方案11,方案12,方案13,方案14,方案15,方案16,方案19,方案22,方案23,方案24,方案25,方案26,;
2016-08-05 11:39:07	46cf3de48899b385bdfa258505743e39:Z2kQj9KnZL2htfePMI3AKdOtwrSHLD34	Q1:方案1,方案2,方案3,方案4,方案5,方案6,方案7,方案8,方案9,方案10,方案11,方案12,方案13,方案14,方案15,方案16,;
2016-08-05 11:39:17	87fedab140cdb88862066daa6edc104d:tc67q5xcIDd8bozvv0gO3Ej7vBBuSWnu	Q1:方案2,方案3,方案4,方案5,方案6,方案7,方案8,方案9,方案10,方案11,方案12,方案13,方案14,方案18,方案19,方案20,;
2016-08-05 11:39:38	7b7a4c0c6d1b8580835db9d3e1513612:jqMk8xaEOsG7nm5w3PEK2Du6Dmu6fuu7	Q1:方案1,方案4,方案5,方案6,方案8,方案9,方案11,方案14,方案15,方案16,方案18,方案21,方案22,方案24,方案25,方案26,;
2016-08-05 11:39:38	2b1c10f1afc5c38cb71873047a8364ff:ssP5biTgXF3pLftAEsyu7LXNU0Si1zpG	Q1:方案1,方案3,方案7,方案8,方案9,方案11,方案12,方案15,方案16,方案17,方案18,方案20,方案22,方案24,方案25,方案26,;
2016-08-05 11:39:44	71ecb7b9838ebd8c575ccf8602db2341:5YbQT4svG68JZpm1rCX0jIyjYsrSxLFj	Q1:方案1,方案4,方案5,方案6,方案8,方案9,方案11,方案14,方案15,方案16,方案18,方案21,方案22,方案24,方案25,方案26,;
2016-08-05 11:40:03	8a1512a61e37cb2e99570934ba1a774e:vdte9S113GmQih8xHtApiwHoJkYc5UFS	Q1:方案2,方案3,方案4,方案5,方案6,方案7,方案8,方案9,方案10,方案11,方案12,方案13,方案14,方案17,方案18,方案19,;
2016-08-05 11:40:27	a9daa9302533e0ec8865036fe0c66c9e:6TdBjYcegS3TVfcPYrHqLuRBYxyHgxJ0	Q1:方案1,方案4,方案5,方案6,方案8,方案9,方案11,方案14,方案15,方案16,方案18,方案21,方案22,方案24,方案25,方案26,;
2016-08-05 11:41:01	c3563e5df405b8632e491222aff6ae70:os5jpNK3sbC1fSVhYb8V1Y0ALcXOC1ZS	Q1:方案4,方案5,方案6,方案7,方案8,方案9,方案10,方案11,方案12,方案13,方案14,方案15,方案18,方案21,方案22,方案23,;
2016-08-05 11:41:12	b348db4628ade9a824c73dc46ad416fd:bwPovsRcVATvvxfCkyxEZBgXVqjp6rhI	Q1:方案1,方案4,方案5,方案6,方案8,方案9,方案11,方案14,方案15,方案16,方案18,方案21,方案22,方案24,方案25,方案26,;
2016-08-05 11:41:28	db2f0ce33f22a3823c9a824425bb91e9:gI3NQ8VldhrqwCw7NZNbHKFuBTpmnsfi	Q1:方案1,方案4,方案5,方案6,方案8,方案9,方案11,方案14,方案15,方案16,方案18,方案21,方案22,方案24,方案25,方案26,;
2016-08-05 11:42:00	c1d4482f5c1ba3422b4ad7116dd0b166:X6zPcCTYvCtisFSJKMql2S4EEtj3brKb	Q1:方案1,方案4,方案5,方案6,方案8,方案9,方案11,方案14,方案15,方案16,方案18,方案21,方案22,方案24,方案25,方案26,;
2016-08-05 11:42:47	b1b68ae9634f03097aa81a55f48107a3:N2hdE9eFLcpn9kt6KovR90rUXZ7Nvg5e	Q1:方案1,方案3,方案7,方案8,方案9,方案11,方案12,方案15,方案16,方案17,方案18,方案20,方案22,方案24,方案25,方案26,;
2016-08-05 11:42:49	e61b861ec74580e6afbdb9b63be6aabf:4mJcv9RC5Xv9HSaTXBVKbgGMrKlnRBgX	Q1:方案4,方案5,方案6,方案7,方案8,方案9,方案10,方案11,方案12,方案13,方案14,方案16,方案18,方案19,方案20,方案21,;
2016-08-05 11:43:25	988b1e5f8b26170f76f8a0aab6462522:8vbMcBdOW0wT6bJCH3LW0QCVEz8HQbrj	Q1:方案1,方案4,方案5,方案6,方案8,方案9,方案11,方案14,方案15,方案16,方案18,方案21,方案22,方案24,方案25,方案26,;
2016-08-05 11:43:38	63c153bf2a559d020ddf14fbafe22b98:ZqbLbHNggA7JMLEH6uoLRqls6laJEtAu	Q1:方案5,方案6,方案7,方案8,方案9,方案10,方案11,方案12,方案13,方案14,方案17,方案21,方案22,方案23,方案24,方案25,;
2016-08-05 11:44:28	ce5198162815b94d5b6f5162ffdb8d92:wj3Wf63Fn5nHKcgDYOf7BsaumtcsIbRC	Q1:方案4,方案5,方案6,方案7,方案8,方案9,方案10,方案11,方案12,方案13,方案14,方案17,方案18,方案22,方案25,方案26,;
2016-08-05 11:44:42	59dee66dbafb59858f9b223294466d39:egwjCWJENdC0T4LPZtD5rU8kncCbpl9n	Q1:方案1,方案4,方案5,方案6,方案8,方案9,方案11,方案14,方案15,方案16,方案18,方案21,方案22,方案24,方案25,方案26,;
2016-08-05 11:45:17	07428b3bd753bc9c05f22afcc63fcc58:AMCFePLBjeFLhH8CYmJE0GcLjCTJiWBt	Q1:方案4,方案5,方案6,方案7,方案8,方案9,方案10,方案11,方案12,方案13,方案14,方案15,方案16,方案17,方案25,方案26,;
2016-08-05 11:46:02	9c467e74049931eefbc2b823e0f6885b:25x2UjOagTYP2lpQmg8R19YySy11hXlQ	Q1:方案1,方案4,方案5,方案6,方案8,方案9,方案11,方案14,方案15,方案16,方案18,方案21,方案22,方案24,方案25,方案26,;
2016-08-05 11:47:26	31e29d946d96e2847e584b9aa06c1ca7:KdUTNV2FDhf5kYIk8XNCF4oJaopsSD3B	Q1:方案1,方案2,方案4,方案5,方案7,方案8,方案9,方案10,方案11,方案12,方案16,方案17,方案18,方案21,方案25,方案26,;
2016-08-05 11:48:31	822ac36d0657547c0fc9a43578bb95d0:dAmeguvxyVrmAdWx8ehTFBLVo9dcRNWW	Q1:方案1,方案3,方案7,方案8,方案9,方案11,方案12,方案15,方案16,方案17,方案18,方案20,方案22,方案24,方案25,方案26,;
2016-08-05 11:48:47	3dbbc3560201cfbc4b84a43289b862eb:wdGqt2KQI5RtZcqxhxbTizf1UodInoKj	Q1:方案1,方案4,方案5,方案6,方案8,方案9,方案11,方案14,方案15,方案16,方案18,方案21,方案22,方案24,方案25,方案26,;
2016-08-05 11:49:06	05457758e1d71ac7b4192e563ca272fc:0T8ygIn7gss3tLkK7gcrpsHeo29WhlYj	Q1:方案8,方案9,方案10,方案11,方案12,方案13,方案16,方案18,方案19,方案20,方案21,方案22,方案23,方案24,方案25,方案26,;
2016-08-05 11:49:50	4be3b4fe1e276da944da31e153117dd5:B46ByzmoeQcLHZNW3V6REJCtEjI8LhQ5	Q1:方案1,方案4,方案5,方案6,方案8,方案9,方案11,方案14,方案15,方案16,方案18,方案21,方案22,方案24,方案25,方案26,;
2016-08-05 11:49:53	93ba43055eeaca4283d56bfd94971881:M6TwGe55w25lGxtvvxMhrm6LaphruvNE	Q1:方案1,方案3,方案7,方案8,方案9,方案11,方案12,方案15,方案16,方案17,方案18,方案20,方案22,方案24,方案25,方案26,;
2016-08-05 11:50:04	b7cd2ce3345ead39b527d3950985f76e:qOVI7xhd1iM3vDU5HPzGKUUzLLCVjXBp	Q1:方案5,方案6,方案7,方案8,方案9,方案16,方案17,方案18,方案19,方案20,方案21,方案22,方案23,方案24,方案25,方案26,;
2016-08-05 11:50:56	b49f54f3db497424bc7b7a943e9ccb4c:1RLenxol4sOPwUXU49RBBUXUSnZHgvn8	Q1:方案1,方案4,方案5,方案6,方案8,方案9,方案11,方案14,方案15,方案16,方案18,方案21,方案22,方案24,方案25,方案26,;
2016-08-05 11:51:05	f6f2c4806b73fe3adbc3db0e0db60b09:VycqTxJyDm6oPwskOJIyI3klMq6BP9mM	Q1:方案4,方案5,方案6,方案7,方案8,方案9,方案10,方案11,方案12,方案14,方案17,方案19,方案21,方案22,方案23,方案26,;
2016-08-05 11:51:05	02e7fa3f49a52f7a9da4ce956f95a731:2CnE5G03ScHVAEL5rOrlgI34MDRAkqqF	Q1:方案1,方案3,方案7,方案8,方案9,方案11,方案12,方案15,方案16,方案17,方案18,方案20,方案22,方案24,方案25,方案26,;
2016-08-05 11:51:57	39b0dd262f5bf9a2107beff1fd1f4365:XOJipMtulVY1ROdlpv7B8S4mLbWjvOj4	Q1:方案4,方案5,方案6,方案7,方案8,方案9,方案10,方案11,方案12,方案13,方案14,方案17,方案19,方案21,方案24,方案26,;
2016-08-05 11:52:51	59a657f32472006746981b08383fa3fd:tpsBfKNCZsBeDVKfEyJs0p9hmxEDutFN	Q1:方案1,方案4,方案5,方案6,方案8,方案9,方案11,方案14,方案15,方案16,方案18,方案21,方案22,方案24,方案25,方案26,;
2016-08-05 11:53:15	7651edb9bcfbcc03b0cd856b5d8a5d24:IfALjqBKxBlpcQaYBIFGnYPpQmAVeVsG	Q1:方案4,方案7,方案8,方案9,方案10,方案11,方案12,方案15,方案17,方案18,方案19,方案20,方案22,方案24,方案25,方案26,;
2016-08-05 11:53:53	14678ae87fb7abbe84442466b6441779:UcjGzCLO6LO0YsALQf21s0ufcnJKtujp	Q1:方案1,方案3,方案7,方案8,方案9,方案11,方案12,方案15,方案16,方案17,方案18,方案20,方案22,方案24,方案25,方案26,;
2016-08-05 11:53:56	352bd8fb338b4d032e10601665d52785:ca7P3qQIqNI6wYphcHtUMM8ruHMe5OA5	Q1:方案1,方案4,方案5,方案6,方案8,方案9,方案11,方案14,方案15,方案16,方案18,方案21,方案22,方案24,方案25,方案26,;
2016-08-05 11:54:01	6b7b913072cd08be042db13fde420043:o7UcWzAuaSNAMNvWKEvorXnMMcVqakOR	Q1:方案3,方案4,方案5,方案6,方案7,方案8,方案9,方案10,方案11,方案12,方案13,方案14,方案17,方案18,方案20,方案23,;
2016-08-05 11:54:31	d020173bc2a2c43e9029f2feb2ea655d:I18cfFGqssptZoDKv8TmycW3qmPk69qb	Q1:方案3,方案4,方案5,方案6,方案7,方案8,方案9,方案10,方案12,方案13,方案14,方案16,方案17,方案20,方案23,方案24,;
2016-08-05 11:55:08	a37d5138f8aa9970c119f52961fc16c3:gTSERgDTEEZZjzDflyPuNQ665URPzAAv	Q1:方案1,方案4,方案5,方案6,方案8,方案9,方案11,方案14,方案15,方案16,方案18,方案21,方案22,方案24,方案25,方案26,;
2016-08-05 11:55:12	db158dcc77f591dbb8bebc785ef1ca8f:ReXbaXVMS5Dff7Gwyho8e15p7k6JGv4r	Q1:方案3,方案4,方案7,方案8,方案9,方案10,方案11,方案12,方案13,方案17,方案18,方案20,方案23,方案24,方案25,方案26,;
2016-08-05 11:55:11	3f435b4d37fac2f56e27433778a4d30b:Fp559MxSrsyCsQq9i8iqJWOwnxDSOUzn	Q1:方案1,方案4,方案5,方案6,方案8,方案9,方案11,方案14,方案15,方案16,方案18,方案21,方案22,方案24,方案25,方案26,;
2016-08-05 11:55:24	6b68371b20d1fbe13d7eaece1770ad50:ef8U17lfpsEabedSL6zgcVA0TaN9SozO	Q1:方案3,方案4,方案5,方案6,方案7,方案8,方案9,方案10,方案11,方案12,方案13,方案14,方案15,方案16,方案17,方案18,;
2016-08-05 11:56:33	5ee3b1e4748841c4c4104d8b8808a560:a8HXf1CtiQNjhix79ywl5CsgozaWxrrN	Q1:方案3,方案4,方案5,方案6,方案7,方案8,方案9,方案10,方案11,方案12,方案13,方案17,方案18,方案20,方案23,方案24,;
2016-08-05 11:56:47	62c00fa7d77c85de13b076ed2cc2ca81:UjSrKzinJNeXuXaRUYRVjdBTQwcyN9H0	Q1:方案1,方案4,方案5,方案6,方案8,方案9,方案11,方案14,方案15,方案16,方案18,方案21,方案22,方案24,方案25,方案26,;
2016-08-05 11:57:16	5f75e3845ae1b2a7ea4b3d2dbe6d2a54:WgtQZnmpVREYJ02u1Bzq2axlmfPYbXns	Q1:方案11,方案12,方案13,方案14,方案15,方案16,方案17,方案18,方案19,方案20,方案21,方案22,方案23,方案24,方案25,方案26,;
2016-08-05 11:57:41	0dcac04e23de755d79ea3343d4e691b1:AC7TcWvAk5PtzXJETM8ILjpmJMfNDGqw	Q1:方案1,方案3,方案7,方案8,方案9,方案11,方案12,方案15,方案16,方案17,方案18,方案20,方案22,方案24,方案25,方案26,;
2016-08-05 11:58:39	d27d7c1f6d1ad83e258b8b71023be28f:q58JrCipqleBk8GSKwwc7D9DCwbmXp6M	Q1:方案8,方案9,方案10,方案11,方案12,方案13,方案16,方案18,方案19,方案20,方案21,方案22,方案23,方案24,方案25,方案26,;
2016-08-05 12:03:01	ad65a6318d40f6a7f6edbb55a69c2dd2:wd76SKXUr4c4kGA2knpZ0qgfq9lmZ8f5	Q1:方案11,方案12,方案13,方案14,方案15,方案16,方案17,方案18,方案19,方案20,方案21,方案22,方案23,方案24,方案25,方案26,;
2016-08-05 12:03:12	7f9a198eaec4b2bf54fb5a7cda25e9b5:jNwizP8eBibDXIirXaSI9dfY2RfkHTWG	Q1:方案1,方案3,方案7,方案8,方案9,方案11,方案12,方案15,方案16,方案17,方案18,方案20,方案22,方案24,方案25,方案26,;
2016-08-05 12:04:53	d575a6946640b24539b0e15587afb4d9:7d8Rxheoq60WAYTj9n5HAI3fne9e2XiI	Q1:方案1,方案4,方案5,方案6,方案8,方案9,方案11,方案14,方案15,方案16,方案18,方案21,方案22,方案24,方案25,方案26,;
2016-08-05 12:05:48	5d56526bef74bceee38e1190fa9065eb:ERQt5VQN9eluBioeYtJBLE8VedxGszCj	Q1:方案1,方案4,方案5,方案6,方案8,方案9,方案11,方案14,方案15,方案16,方案18,方案21,方案22,方案24,方案25,方案26,;
2016-08-05 12:06:32	2a72393a255ff7622dc0c6593c970e7d:ouxaf9EZSPoKEEIPJLQqxP2pxFjaSVcj	Q1:方案1,方案4,方案5,方案6,方案8,方案9,方案11,方案14,方案15,方案16,方案18,方案21,方案23,方案24,方案25,方案26,;
2016-08-05 12:06:37	2d1900c920ab0d188bcaac0f1408a723:l1H08a4vxiNGHSahgOSC6rlSSC1isG2d	Q1:方案1,方案2,方案3,方案4,方案5,方案6,方案7,方案8,方案9,方案10,方案11,方案12,方案13,方案14,方案15,方案16,;
2016-08-05 12:06:58	ee4ff155a2f8969706ca13131ff145ab:4pN6SpAy4hdTRrqEEOwwy0nic0HhGK1J	Q1:方案1,方案3,方案7,方案8,方案9,方案11,方案12,方案15,方案16,方案17,方案18,方案20,方案22,方案24,方案25,方案26,;
2016-08-05 12:07:33	a4f93c2604a01c7c929a374befd80403:UCzid7ok0215G9bjAQV7SRhTVfuyWZxj	Q1:方案1,方案4,方案5,方案6,方案8,方案9,方案11,方案14,方案15,方案16,方案18,方案21,方案22,方案24,方案25,方案26,;
2016-08-05 12:08:42	e82591e5ae8bc4ad01bd6d3664dc86af:ISxjMuzzUU2ykIE3y4Cn8VT5v3pcZtXU	Q1:方案1,方案3,方案7,方案8,方案9,方案11,方案12,方案15,方案16,方案17,方案18,方案20,方案22,方案24,方案25,方案26,;
2016-08-05 12:09:58	2e8fca9a2a0910379c67efa65df302a8:hfhSWjntmd8sgTYmFKh5VQ6wqtrOs0fW	Q1:方案1,方案3,方案7,方案8,方案9,方案11,方案12,方案15,方案16,方案17,方案18,方案20,方案22,方案24,方案25,方案26,;
2016-08-05 12:10:38	9dc60411e871523dca74c094231c943d:MObORp6JPODtxZGRMoRLrBcAdWHbAyNH	Q1:方案1,方案4,方案5,方案6,方案8,方案9,方案11,方案14,方案15,方案16,方案18,方案21,方案22,方案24,方案25,方案26,;
2016-08-05 12:12:02	a4ac12ab44700d680c15eb1abe6b9040:yzBDEvC0DdVa7IPD68TkSYfcwfOOTHmC	Q1:方案1,方案2,方案4,方案5,方案7,方案8,方案9,方案10,方案11,方案12,方案16,方案17,方案18,方案21,方案25,方案26,;
2016-08-05 12:12:09	1a90527e9ebab773fc9e13eca07a3fbc:kwC5tnoGEFuqenejfECEC7goditlRF0g	Q1:方案1,方案3,方案7,方案8,方案9,方案11,方案12,方案15,方案16,方案17,方案18,方案20,方案22,方案24,方案25,方案26,;
2016-08-05 12:12:55	a02e48d4e426ed2659cb4bb0cc91579f:2whjl5WkPyWXieKJ8BuB1Zr2ipnEjIvA	Q1:方案1,方案4,方案5,方案6,方案8,方案9,方案11,方案14,方案15,方案16,方案18,方案21,方案22,方案24,方案25,方案26,;
2016-08-05 12:13:31	028d73077459d02643c84e474d1b5cf7:Efbwc68oqIsLburwkco8s628kGvLN2OS	Q1:方案1,方案4,方案5,方案6,方案8,方案9,方案11,方案14,方案15,方案16,方案18,方案21,方案22,方案24,方案25,方案26,;
2016-08-05 12:14:08	a69974df3c1b73d8a1c6fcea9151b4c3:VDCu7wzNRMRJ9UlSbY5WUFKsblFCCENz	Q1:方案1,方案4,方案5,方案6,方案8,方案9,方案11,方案14,方案15,方案16,方案18,方案21,方案22,方案24,方案25,方案26,;
2016-08-05 12:14:49	a83b043159bb58487fd3659d8de9a2b6:KfY8kWvfth0lR2DUd9Jci166Kk9yfAZo	Q1:方案1,方案4,方案5,方案6,方案8,方案9,方案11,方案14,方案15,方案16,方案18,方案21,方案22,方案24,方案25,方案26,;
2016-08-05 12:15:36	c904e302e3fc206bbf2b7b8366ad0944:0GZBxzEwrFgKIE8F3IfpysZ2u1yERkt6	Q1:方案1,方案4,方案5,方案6,方案8,方案9,方案11,方案14,方案15,方案16,方案18,方案21,方案22,方案24,方案25,方案26,;
2016-08-05 12:15:59	71dd7651f32ebe7559b3783afb173050:Y8URu2fJCZeMFccEFHZBGAx8Oo8ze1Vz	Q1:方案2,方案4,方案5,方案7,方案8,方案9,方案10,方案11,方案12,方案13,方案15,方案17,方案18,方案21,方案23,方案26,;
2016-08-05 12:17:37	9d28418a46cdd42aae862bfee4609e17:xCcLI3CEx16BczpY90aZRRIJRCp3ChdF	Q1:方案1,方案2,方案4,方案5,方案6,方案7,方案8,方案9,方案11,方案12,方案15,方案19,方案20,方案21,方案23,方案25,;
2016-08-05 12:20:13	c9712d9458f9fab1e30d665eff9464cc:SENWTUkCkvZa5JKBd1dLp4RGAlW3PR0L	Q1:方案1,方案4,方案5,方案8,方案9,方案10,方案11,方案15,方案16,方案17,方案18,方案20,方案21,方案23,方案24,方案26,;
2016-08-05 12:21:01	b0b3d8585c2fedb9aac6d250dd1884e3:EGmsaTF8sZ8NRGC8EYMM8lf9oIGgTJV5	Q1:方案1,方案4,方案5,方案6,方案8,方案9,方案11,方案14,方案15,方案16,方案18,方案21,方案22,方案24,方案25,方案26,;
2016-08-05 12:24:15	598a18c906e8cab08b790f0bb8e9965e:gX7QYbUAGhBTbrbJ81d6xwKUcuOvIGxF	Q1:方案1,方案4,方案5,方案6,方案7,方案8,方案9,方案11,方案12,方案13,方案16,方案17,方案18,方案20,方案22,方案24,;
2016-08-05 12:24:16	777a555cb8466661158da6e48d3701cd:uVUq67lTBeVhom4vJ437gEALryGtiAPQ	Q1:方案1,方案4,方案5,方案6,方案8,方案9,方案11,方案14,方案15,方案16,方案18,方案21,方案22,方案24,方案25,方案26,;
2016-08-05 12:25:27	ed2e8a82f874583124c784a7f0f89a2e:kHaNQFQxlij83WiVivGxXrji5AHIHu5c	Q1:方案1,方案4,方案5,方案6,方案8,方案9,方案11,方案14,方案15,方案16,方案18,方案21,方案22,方案24,方案25,方案26,;
2016-08-05 12:27:28	9d62f71b9249fd65063b1f34c0902480:fWoq3JN4HPS9vnPUzCBd97OIXp1tzttd	Q1:方案2,方案3,方案6,方案7,方案8,方案9,方案10,方案11,方案13,方案15,方案16,方案17,方案19,方案20,方案22,方案24,;
2016-08-05 12:28:54	7b21f5aa745c9351be311bdc7fc710ff:w7qC7jWoAlwnuiRjZJ2cHTQy7dyWAWn5	Q1:方案1,方案4,方案5,方案6,方案8,方案9,方案11,方案14,方案15,方案16,方案18,方案21,方案22,方案24,方案25,方案26,;
2016-08-05 12:29:41	649c19bd0f86843a6895441fada80a56:4hCaeqJVaFZ3rYORuDkfd2beWIyuwrqO	Q1:方案1,方案4,方案5,方案6,方案8,方案9,方案11,方案14,方案15,方案16,方案18,方案21,方案22,方案24,方案25,方案26,;
2016-08-05 12:30:31	81c54da4f2b389c3b870adf4193d8ec4:VottO0Dv7TZdUjYJ2LUG5gqwOhnrVXce	Q1:方案1,方案4,方案5,方案6,方案8,方案9,方案11,方案14,方案15,方案16,方案18,方案21,方案22,方案24,方案25,方案26,;
2016-08-05 12:32:05	50b7dd858940e3a47f9f8afdfbd3387f:NHBWPb62kEP6sThn8tlqxJ1bbLCES3iT	Q1:方案1,方案2,方案4,方案5,方案7,方案8,方案9,方案10,方案11,方案12,方案18,方案20,方案21,方案23,方案25,方案26,;
2016-08-05 12:32:44	71b0b842bca5c3bf56ae2da282bde82d:k17w2JxdJd6a3HqGBXVwuWvEkogfTXAZ	Q1:方案1,方案4,方案5,方案6,方案7,方案8,方案9,方案11,方案12,方案13,方案16,方案17,方案18,方案20,方案21,方案22,;
2016-08-05 12:33:07	bbf197a4aac301b86966b519c190240e:oJO8dVZK16M8qMo9CeypTrIZ8khIFT1N	Q1:方案1,方案4,方案5,方案6,方案8,方案9,方案11,方案14,方案15,方案16,方案18,方案21,方案22,方案24,方案25,方案26,;
2016-08-05 12:33:32	d8ff2a85d074f036ff3a04eb8b34727d:UYnuMxvYQvVVW2FHPEZ7dRsTnghfumc1	Q1:方案2,方案3,方案4,方案5,方案6,方案7,方案8,方案9,方案10,方案11,方案13,方案15,方案16,方案17,方案20,方案21,;
2016-08-05 12:33:50	ec7a084b71d5fe1019684703c48c2595:dpsQvFtbBTfybQjAlbPtCp4bAF1R8rc7	Q1:方案1,方案4,方案5,方案6,方案8,方案9,方案11,方案14,方案15,方案16,方案18,方案21,方案22,方案24,方案25,方案26,;
2016-08-05 12:34:57	07a507e532c41dbef9be89472a65aae5:q4KL2ztt8K7ckRx1oYYLCYqPYDfS6HXC	Q1:方案2,方案3,方案4,方案5,方案6,方案7,方案8,方案9,方案10,方案11,方案13,方案15,方案16,方案17,方案20,方案21,;
2016-08-05 12:35:09	a8e82b06b479b122eb18d15692b1396b:jlJFfgaowJZG8HuKAEVzqqNTUZY8KPCK	Q1:方案1,方案4,方案5,方案6,方案8,方案9,方案11,方案14,方案15,方案16,方案18,方案21,方案22,方案24,方案25,方案26,;
2016-08-05 12:35:56	7b9dac754786cddbc3d0a1abef56e4df:XyAsv0HfgWskZVTJen1uvBFgACT4lH7b	Q1:方案1,方案4,方案5,方案6,方案8,方案9,方案11,方案14,方案15,方案16,方案18,方案21,方案22,方案24,方案25,方案26,;
2016-08-05 12:36:28	93dd739c7f30704dde2ad973d94f1187:H1HnCH94LdKgP8Q999prkNRKytLjIpIx	Q1:方案2,方案3,方案4,方案5,方案6,方案7,方案8,方案9,方案10,方案11,方案13,方案15,方案16,方案17,方案20,方案21,;
2016-08-05 12:37:41	62237d407dd385d4eb1a956110274d62:alsfdNBBgOaJNxjvX5rzxVxuUfh6Uyvg	Q1:方案2,方案3,方案4,方案5,方案6,方案7,方案8,方案9,方案10,方案11,方案13,方案15,方案16,方案17,方案20,方案21,;
2016-08-05 12:38:16	8c0974f8365a1afd6cea4572652da21c:JOWNWVh9MHgpRHhApRRtqOFGPrvimvZ1	Q1:方案3,方案5,方案7,方案9,方案10,方案11,方案13,方案16,方案17,方案18,方案19,方案22,方案23,方案24,方案25,方案26,;
2016-08-05 12:39:13	bd8d0bcc7bbee119981bf0bac1632776:4Jm2APEoIBCwTvwQ5OSjF4S1EDmLLhfn	Q1:方案2,方案3,方案4,方案5,方案6,方案8,方案9,方案10,方案11,方案13,方案15,方案16,方案17,方案20,方案21,方案22,;
2016-08-05 12:42:03	0bc2953aa84c6f87245182d9c08bc33e:ScaFrBRtiGDCvI7ot3YiiWemWQPD4M5W	Q1:方案2,方案3,方案4,方案5,方案6,方案8,方案9,方案10,方案11,方案13,方案15,方案16,方案17,方案20,方案21,方案22,;
2016-08-05 12:43:38	e8193b38abc3c06f72b77efb8555d8e2:0dJhCagst2RsmujQhsyJWLgikoTtfduI	Q1:方案2,方案3,方案4,方案5,方案6,方案7,方案8,方案10,方案11,方案13,方案15,方案16,方案17,方案20,方案21,方案22,;
2016-08-05 12:48:20	0240ff9d3864f6b7df43515ff66c8ac8:7gOuZBXKOfJjvXKUw1eqhsEpwk7gc1RU	Q1:方案1,方案4,方案5,方案7,方案8,方案9,方案11,方案12,方案14,方案16,方案17,方案19,方案21,方案23,方案24,方案26,;
2016-08-05 12:52:34	50800415319bf759a54fe6b8562dfa8a:Acgcid9RZAdq95J4EEvY56Fq5g0f4aQY	Q1:方案1,方案5,方案6,方案7,方案8,方案9,方案11,方案12,方案13,方案16,方案17,方案18,方案20,方案21,方案22,方案24,;
2016-08-05 12:55:48	61cb9a5970949e1e767bb47d3b91b7df:nnsmtPSifFgh1Wtd9TywZ8AlkhuzUnOV	Q1:方案1,方案4,方案5,方案6,方案7,方案8,方案9,方案11,方案13,方案16,方案17,方案18,方案22,方案24,方案25,方案26,;
2016-08-05 12:58:56	19660bb77f1f82e7ba8d6a48dff4d832:cJ6U6rtYnBOBKQjoexn96i9ss4EUVg0E	Q1:方案1,方案4,方案5,方案6,方案7,方案8,方案9,方案11,方案12,方案13,方案16,方案17,方案18,方案20,方案21,方案22,;
2016-08-05 13:01:27	33ca81905958c7777acd6aa56f87a3bd:zPJxs7LMASf0hYnb7j3gEstTbSLZgRdY	Q1:方案4,方案5,方案6,方案7,方案8,方案9,方案11,方案12,方案13,方案16,方案17,方案18,方案19,方案20,方案21,方案23,;
2016-08-05 13:16:02	da35e15eb0d5b5e6e0c2b9eac25514fa:40UJHf5IUSQcXsc1emD8PwX5MwM0hTMZ	Q1:方案1,方案2,方案3,方案10,方案13,方案14,方案15,方案17,方案18,方案19,方案20,方案22,方案23,方案24,方案25,方案26,;
2016-08-05 13:26:46	aa8e4b0a155e5c71f496db3b20c2ba45:JsKnte46uwf00QTRaomS0LLl9orievjI	Q1:方案1,方案2,方案4,方案5,方案6,方案7,方案8,方案9,方案11,方案12,方案15,方案16,方案17,方案20,方案21,方案23,;
2016-08-05 13:38:38	6db32da41d0612248e7c9d39744f6103:qq4wa4tRXkJADCF8hHCVAft4scAh44Po	Q1:方案1,方案2,方案4,方案5,方案7,方案8,方案9,方案10,方案11,方案12,方案16,方案17,方案18,方案21,方案25,方案26,;
2016-08-05 13:41:05	dc346f6065347a2536584787a6ff6b12:degplrnKo41AANbyHtJhma2V041OGI2d	Q1:方案1,方案4,方案5,方案6,方案8,方案9,方案11,方案14,方案15,方案16,方案18,方案21,方案22,方案24,方案25,方案26,;
2016-08-05 13:42:33	58afdb8c48bc2ed35b84b8333e4479ce:pDWu8LWvshjG67melmq52NyW1qy04OQf	Q1:方案1,方案4,方案5,方案6,方案8,方案9,方案11,方案14,方案15,方案16,方案18,方案21,方案22,方案24,方案25,方案26,;
2016-08-05 13:43:29	3779233e08dcb18fdaac65744f7b2390:VUgI41NTQfilf8isEahjwNZ1GhJP58dk	Q1:方案4,方案5,方案8,方案9,方案10,方案11,方案14,方案15,方案16,方案17,方案18,方案20,方案21,方案23,方案24,方案25,;
2016-08-05 13:43:32	bd1d95ae125fb0c69a361460002fcf83:ZnmoOtc5iV4fD59pNku6RJWe30DpRcCR	Q1:方案1,方案4,方案5,方案6,方案8,方案9,方案11,方案14,方案15,方案16,方案18,方案21,方案22,方案24,方案25,方案26,;
2016-08-05 13:44:28	7fa82ec98ea94d4db70a0b3a1a7b3f37:qRixwB9PGDoswAWOgZVCtygi5P7vHejJ	Q1:方案1,方案4,方案5,方案6,方案8,方案9,方案11,方案14,方案15,方案16,方案18,方案21,方案22,方案24,方案25,方案26,;
2016-08-05 13:45:18	fa71ebb8682a92422642c51b7a60efd5:XvKyhMNht9DirtC53YZVjvUpXKHbcAsD	Q1:方案1,方案4,方案5,方案6,方案8,方案9,方案11,方案14,方案15,方案16,方案18,方案21,方案22,方案24,方案25,方案26,;
2016-08-05 13:46:08	5f17b6c32c0fc5cfb4402122db1868ae:hChRcb04v5UQfwTqznGTk38HdHKU3qE5	Q1:方案1,方案4,方案5,方案6,方案8,方案9,方案11,方案14,方案15,方案16,方案18,方案21,方案22,方案24,方案25,方案26,;
2016-08-05 14:08:42	c93c30e632363a914b98431e3458537f:FpGJDQRBOimacAQnNPfNjyFcB5z9mv3W	Q1:方案2,方案4,方案6,方案9,方案10,方案11,方案12,方案13,方案16,方案17,方案19,方案20,方案21,方案22,方案24,方案26,;
2016-08-05 14:09:24	739deb5a71b75be274b47c1e45d75d99:8kujYVvaQKAjkWc0pnpTemlJeD8KK7Av	Q1:方案3,方案5,方案6,方案7,方案11,方案13,方案15,方案16,方案17,方案18,方案20,方案21,方案22,方案23,方案25,方案26,;
2016-08-05 14:10:34	1126178a3e66987a25e0d79db0641082:MA9Qh6uY2lEH9mEJMhY7YkctupDYtwen	Q1:方案2,方案4,方案6,方案9,方案10,方案11,方案12,方案13,方案14,方案15,方案16,方案17,方案18,方案19,方案21,方案22,;
2016-08-05 14:11:20	1cf40cec60647efce17ad5cc870b65c4:l2Ln5hpZVdwLL2k3RODYbO6u4ENU4Azo	Q1:方案2,方案4,方案6,方案9,方案10,方案11,方案12,方案13,方案16,方案17,方案19,方案20,方案21,方案22,方案24,方案26,;
2016-08-05 14:12:06	d90858149e9497c598c5b3af13d03969:UchjXwQxNev9t2h72WSm2uMvUOptojzY	Q1:方案3,方案5,方案6,方案7,方案11,方案13,方案15,方案16,方案17,方案18,方案20,方案21,方案22,方案23,方案25,方案26,;
2016-08-05 14:12:53	80804b76cfc31f83572500f71a3151ec:6tgPQziTtN2kX1FtLFRsriYJKBn4Rxin	Q1:方案2,方案3,方案5,方案6,方案8,方案9,方案11,方案12,方案13,方案16,方案17,方案19,方案20,方案21,方案25,方案26,;
2016-08-05 14:14:06	5e01d75a8a1053da39584b2216505c92:R3t0f80Zb7mvipUtdKtjl4NOxmRTNGA4	Q1:方案2,方案3,方案5,方案6,方案8,方案9,方案11,方案12,方案13,方案16,方案17,方案19,方案20,方案21,方案25,方案26,;
2016-08-05 14:15:20	c5311038ede5a23dd6379df97e8b5971:DLwpyXStwA2sBjsZvms0R2B7OCOSYfMa	Q1:方案2,方案5,方案6,方案7,方案8,方案9,方案10,方案12,方案13,方案17,方案18,方案19,方案21,方案24,方案25,方案26,;
2016-08-05 14:16:35	588bcec016ca9b0ff826eda1260de739:TzEdZ1NroHcbeP3qiTyp0wvGlUphVr0A	Q1:方案3,方案5,方案8,方案11,方案12,方案13,方案15,方案17,方案19,方案20,方案21,方案22,方案23,方案24,方案25,方案26,;
2016-08-05 14:17:54	6086294f5a58e5cbde57368b5c53a478:deJ5xuUyDjTQCDEdrTPXzdELY2iyRpgj	Q1:方案3,方案5,方案8,方案11,方案12,方案13,方案15,方案17,方案19,方案20,方案21,方案22,方案23,方案24,方案25,方案26,;
2016-08-05 14:19:34	5cad78c08598cbbb7062a8bfa1db6b99:xv2qlh4QECEIJVcJa6tXjqjqNlCaHATU	Q1:方案1,方案3,方案4,方案6,方案8,方案9,方案11,方案13,方案14,方案15,方案16,方案17,方案21,方案23,方案25,方案26,;
2016-08-05 14:21:00	d0062cb50b446ab4937fde067b7bdcfa:eLYI1CFwRRmkAGEiCMOJ6YK4WkosNmE4	Q1:方案3,方案4,方案6,方案8,方案9,方案11,方案12,方案13,方案15,方案17,方案20,方案21,方案22,方案23,方案25,方案26,;
2016-08-05 14:21:25	04349cd4eae408e61ca03e3995d871dd:Zss2c0mfEtSiZYlEh8FAbXGIRiapRS2l	Q1:方案3,方案5,方案7,方案9,方案10,方案11,方案12,方案13,方案14,方案17,方案18,方案20,方案21,方案24,方案25,方案26,;
2016-08-05 14:21:39	add343675d118768dad7c2296de7f012:sSsW5VL8X7s0PqTILtCb3NRK1kruRkng	Q1:方案2,方案3,方案4,方案5,方案6,方案7,方案9,方案10,方案13,方案16,方案17,方案19,方案20,方案21,方案25,方案26,;
2016-08-05 14:25:17	75594aecfd733280583fd366e85a4429:GJ6TMIt63irK2d52iEqz8xOmTNCu9aE2	Q1:方案2,方案3,方案4,方案5,方案6,方案7,方案9,方案10,方案11,方案13,方案16,方案17,方案19,方案20,方案21,方案22,;
2016-08-05 14:28:51	6b3165459f9b421296a4c9e8916b5191:CoIYUanH9qljlllzTKwsdsItuTXwGX7f	Q1:方案3,方案5,方案8,方案9,方案10,方案11,方案12,方案15,方案17,方案19,方案20,方案21,方案22,方案24,方案25,方案26,;
2016-08-05 14:29:37	75f56aa598d4ff1f0f2cedfd195f854a:ncQVt8s9bPCUTmjMdq8P5N6vLOnADPKM	Q1:方案3,方案5,方案8,方案9,方案10,方案11,方案12,方案13,方案14,方案15,方案16,方案17,方案18,方案20,方案21,方案25,;
2016-08-05 14:32:57	dc04a4efdb0a8994a39ad04cfc552f73:u9585sLThIzsPlQfAxRVR3DCJfxWGh0G	Q1:方案1,方案6,方案7,方案10,方案11,方案12,方案13,方案14,方案15,方案16,方案19,方案20,方案21,方案22,方案24,方案25,;
2016-08-05 14:34:22	171934a1f1f6305be648b7c071019e33:r7ptsBqv3oVvkIkPBMlKDnBU5IsF76FZ	Q1:方案2,方案3,方案5,方案6,方案7,方案8,方案9,方案10,方案16,方案17,方案19,方案20,方案21,方案22,方案25,方案26,;
2016-08-05 14:35:09	44cb8d48081e2d0b9718873d2a7d0088:gzkAoIBzU0jVTh2xPqeZJKF2YovkTCBQ	Q1:方案2,方案4,方案6,方案9,方案10,方案11,方案12,方案13,方案16,方案17,方案19,方案20,方案21,方案22,方案23,方案25,;
2016-08-05 14:35:57	ae1c770e7ce6aa158a1b2019933d02d1:C0ldgUPnEDkDF578nI3GRxxxi1KOyyzK	Q1:方案2,方案5,方案6,方案10,方案11,方案12,方案13,方案14,方案15,方案19,方案20,方案21,方案22,方案23,方案24,方案25,;
2016-08-05 14:36:14	ee35b93839227b37c07a5808d88d05db:wd37aCRlEvYHlrjIoaUPbKwTqC7uI6tf	Q1:方案2,方案4,方案6,方案9,方案10,方案11,方案12,方案13,方案15,方案17,方案19,方案21,方案22,方案24,方案25,方案26,;
2016-08-05 14:39:18	b9da3caec119b6b3e82cb03f4faed329:51IYBSPlhR1hnXzoiaMUsmAFvq0C51nK	Q1:方案1,方案3,方案4,方案6,方案8,方案10,方案11,方案14,方案16,方案17,方案18,方案21,方案23,方案24,方案25,方案26,;
2016-08-05 14:42:01	4aec106026bd7be426e4e1296f650c13:zmMqBWc0S9SnloAx4DcjuYS1MUfhgk7s	Q1:方案2,方案3,方案4,方案5,方案6,方案8,方案9,方案10,方案12,方案15,方案16,方案17,方案18,方案21,方案25,方案26,;
2016-08-05 14:44:10	1b5e1b3ed20cb2759d84e8406da1726e:TBRhpjVgD23JezcK0FuhlIvgQYiTr7EW	Q1:方案2,方案3,方案4,方案5,方案6,方案8,方案9,方案10,方案11,方案12,方案13,方案14,方案16,方案17,方案23,方案24,;
2016-08-05 14:44:58	1dc676765c36b8fbf0a05a9afca28145:wxxijjG2aDyKLmGaBiBPDADAZhzovwSl	Q1:方案2,方案3,方案4,方案5,方案6,方案8,方案9,方案10,方案11,方案12,方案13,方案16,方案17,方案20,方案23,方案24,;
2016-08-05 14:46:23	30b2cebe08cc51d44c2293405739ff16:LlO7jKiUAWsx8bXNKyxUoyRgAGxBai2s	Q1:方案2,方案3,方案4,方案7,方案8,方案9,方案10,方案11,方案12,方案13,方案14,方案15,方案16,方案18,方案19,方案26,;
2016-08-05 14:46:51	9d596cb15e5b0d2e0a1372828b706ca0:L42rGm3MBuu21cn8sjUbYlgw0GSt7a4w	Q1:方案2,方案3,方案4,方案5,方案6,方案8,方案9,方案10,方案11,方案12,方案13,方案16,方案17,方案20,方案23,方案24,;
2016-08-05 14:47:35	2230503cd41337909f7a439908ac69aa:aI8sXeAA0crHDkt21WeeiGJRuMig5Zwj	Q1:方案2,方案3,方案4,方案5,方案6,方案8,方案9,方案10,方案11,方案12,方案13,方案16,方案17,方案20,方案23,方案24,;
2016-08-05 14:48:22	e00e2a04862f10a2b5d34c73c77167d3:8RM5betygVkeaE0nn7d5KBxahrpR0KRd	Q1:方案2,方案3,方案4,方案5,方案6,方案7,方案8,方案10,方案11,方案12,方案13,方案16,方案17,方案21,方案23,方案24,;
2016-08-05 14:49:03	b13dbe93769a182779ecdf81aede590e:E0sW6ijJ5E8eP6j8LOVRr5MMlo6d30OO	Q1:方案2,方案3,方案4,方案5,方案6,方案7,方案8,方案10,方案11,方案12,方案13,方案16,方案17,方案21,方案23,方案24,;
2016-08-05 14:49:44	8a4da1cbbde60d75afd3aec0d0cf7d5b:UyrAgILwqne6gNRoe3yYnOFcfkNd1acA	Q1:方案2,方案3,方案4,方案5,方案6,方案8,方案9,方案10,方案12,方案15,方案16,方案17,方案18,方案21,方案25,方案26,;
2016-08-05 14:50:44	7ac7702d962a3fa6f5e7acd910ceb776:eVY2JZ4fRU7pm9HnrJNtB3xhsCC3NxT8	Q1:方案2,方案3,方案4,方案5,方案6,方案8,方案9,方案10,方案11,方案12,方案13,方案16,方案17,方案20,方案23,方案24,;
2016-08-05 14:51:21	727b01774f44502c127cb95f81132c09:lwaFsmywDSa2DN4XkITrSL68QxTvTwnT	Q1:方案2,方案3,方案4,方案5,方案6,方案8,方案9,方案10,方案11,方案12,方案13,方案16,方案17,方案20,方案23,方案24,;
2016-08-05 14:52:37	38313fc33377b80726abccd043708800:EZ8SVbtH9e1wOONI9ywV55bzpWvkA9FI	Q1:方案2,方案3,方案4,方案5,方案6,方案8,方案9,方案10,方案11,方案12,方案13,方案16,方案17,方案20,方案23,方案24,;
2016-08-05 14:53:20	db6b5abaf5218c70947fb3b8dfc690f8:EgfXzkfN3dtvAoNqcU4pbya2BxuIOG3N	Q1:方案2,方案3,方案4,方案5,方案6,方案7,方案8,方案10,方案11,方案12,方案13,方案16,方案17,方案21,方案23,方案24,;
2016-08-05 14:53:51	416ae0eb62ba0b3d1cbfd18ef92b3ea1:Ezryblmf7AA3rLSJXBXk7GV0GT8fWHha	Q1:方案2,方案3,方案4,方案5,方案6,方案7,方案8,方案10,方案11,方案12,方案13,方案16,方案17,方案21,方案23,方案24,;
2016-08-05 14:54:33	39a9674241e4ed7e32fa4e6f6d52deac:IUiF1ZDb3F4V0DODrPs0GjkqiTXo9S8j	Q1:方案2,方案3,方案4,方案5,方案6,方案8,方案9,方案10,方案11,方案12,方案13,方案16,方案17,方案20,方案23,方案24,;
2016-08-05 14:55:11	83d8dcae2a09a56e9e2946cef0534e90:6JJAkcxtq5zUXIM8zixK7riwW7adql8c	Q1:方案2,方案3,方案4,方案5,方案6,方案7,方案8,方案10,方案11,方案12,方案13,方案16,方案17,方案21,方案23,方案24,;
2016-08-05 15:01:22	028b96a57dc75c63090298fce1c78479:6fbNjTYv8aZYE1A7JbiZyjVvSYuBCQBN	Q1:方案1,方案2,方案3,方案10,方案13,方案14,方案15,方案17,方案18,方案19,方案20,方案22,方案23,方案24,方案25,方案26,;
2016-08-05 15:03:52	e0a527ec5aeeedee597b63c697b6cb81:iWKuYpEet6nzqNTVVi8JhdPkAFqeuSpM	Q1:方案1,方案2,方案3,方案4,方案5,方案6,方案7,方案8,方案9,方案10,方案11,方案12,方案13,方案14,方案15,方案16,;
2016-08-05 15:04:50	a83db51fa87e9e10b9fc148c9e42691a:YGL49PMOIlajSkqNRsK3wXED3Tijz7dt	Q1:方案1,方案4,方案5,方案7,方案8,方案9,方案11,方案12,方案14,方案15,方案17,方案20,方案21,方案23,方案24,方案26,;
2016-08-05 15:06:15	7a01b22627db24d75d53b393c3f3f861:5ubwafvXggZIkiX0wo5tluttIWY3wq6f	Q1:方案1,方案2,方案4,方案5,方案7,方案8,方案9,方案10,方案14,方案15,方案17,方案18,方案20,方案21,方案24,方案26,;
2016-08-05 15:07:13	3cc56dea5f6f3d59385bdd9f190c8830:Xfky2l2vuH2uUAAZ4YYvD907Z25anKRx	Q1:方案2,方案4,方案5,方案6,方案8,方案9,方案10,方案11,方案12,方案13,方案14,方案15,方案17,方案18,方案23,方案24,;
2016-08-05 15:08:15	221702f8abbb8cbf23593d69f4459347:d2WDk4hHALsm3CyGOWjdbRec8i2u5Jo3	Q1:方案1,方案2,方案5,方案6,方案7,方案8,方案9,方案10,方案11,方案13,方案14,方案17,方案19,方案21,方案23,方案24,;
2016-08-05 15:11:29	d1de9fb670026c54d390fed675eaae1e:5cFU54G6ds0CQ4Y3KjTNtFpayRxP8zOF	Q1:方案1,方案2,方案4,方案5,方案6,方案7,方案8,方案9,方案12,方案15,方案17,方案18,方案19,方案20,方案21,方案26,;
2016-08-05 15:15:10	e44895ec189abb427fad2814597981d3:OuIddcbBQ1ibG7k0SsEFMfGqMRoInu7C	Q1:方案2,方案3,方案4,方案5,方案6,方案7,方案9,方案11,方案12,方案13,方案16,方案17,方案18,方案19,方案20,方案21,;
2016-08-05 15:23:32	c2bae4c8bfca4436270a69d2e87a328c:vuD4xqBX1havonxOVn19POagYeOWwog2	Q1:方案2,方案6,方案7,方案9,方案10,方案11,方案13,方案14,方案15,方案16,方案19,方案20,方案22,方案24,方案25,方案26,;
2016-08-05 15:25:39	86c90821499f775c2d399b307cf76ff7:gQeeu1HWUO9sKlpJJMcVW5a2AoQqjuE3	Q1:方案3,方案4,方案5,方案6,方案7,方案9,方案12,方案14,方案16,方案17,方案20,方案22,方案23,方案24,方案25,方案26,;
2016-08-05 15:28:30	f0f2e2243a74738b2c4fbc98f47659da:XYAoAHZFeH7z2pmKiUlZ2qo4rkGMObSm	Q1:方案2,方案3,方案4,方案5,方案6,方案7,方案8,方案9,方案10,方案11,方案12,方案17,方案18,方案19,方案21,方案24,;
2016-08-05 15:28:35	e27122cfcf0d297eacd7254db4cba6c1:dP1PLqR4KZWC2mG0YhJShnBDFfe5ghqC	Q1:方案1,方案3,方案7,方案8,方案9,方案11,方案12,方案15,方案16,方案17,方案18,方案20,方案22,方案24,方案25,方案26,;
2016-08-05 15:29:58	4d8f08849f50a18ec562c4635f2710aa:bhog01oACHICB7cBNo1mgCwqp0HqkqqG	Q1:方案2,方案3,方案4,方案5,方案6,方案7,方案8,方案9,方案10,方案11,方案12,方案17,方案18,方案19,方案21,方案24,;
2016-08-05 15:31:14	0c5bf8bb337cf7ddaf94d7c2c0e7a9e6:7bWL64theBI6U9pHliCcCuiRN7vS7fhw	Q1:方案4,方案5,方案6,方案9,方案10,方案12,方案13,方案14,方案15,方案16,方案20,方案21,方案23,方案24,方案25,方案26,;
2016-08-05 15:31:23	de0a583d2a641ecaf93fca25e6231d2f:6zBasgHt5c6FcF3QpkWid2sjwUvnaX2P	Q1:方案2,方案3,方案4,方案5,方案6,方案7,方案8,方案9,方案10,方案11,方案12,方案17,方案18,方案19,方案21,方案24,;
2016-08-05 15:31:25	5866056b2ba50bd837d6a0656a53a11f:0uHwF4sslyaHIOcsJ8g2Wzzyuty4b0nU	Q1:方案1,方案3,方案7,方案8,方案9,方案11,方案12,方案15,方案16,方案17,方案18,方案20,方案22,方案24,方案25,方案26,;
2016-08-05 15:33:15	61f2f955f37847760f530f0c68094209:avsxyGe29edBqAGDVKH8neAFKElnovez	Q1:方案2,方案3,方案4,方案5,方案6,方案7,方案8,方案9,方案10,方案11,方案12,方案17,方案18,方案19,方案21,方案24,;
2016-08-05 15:33:30	8905d4a2ef207ff35e72ae1abe479de9:vh4AFIDjol9YTC9f4g2Npf3jGzJaMlxu	Q1:方案1,方案3,方案7,方案8,方案9,方案11,方案12,方案15,方案16,方案17,方案18,方案20,方案22,方案24,方案25,方案26,;
2016-08-05 15:34:39	a23d2706fca803f1deb28e1a625a569f:vqsRbg62Mb68YHhMlnwXB44ivBz5KQJJ	Q1:方案2,方案3,方案4,方案5,方案6,方案7,方案8,方案9,方案10,方案11,方案12,方案17,方案18,方案19,方案21,方案24,;
2016-08-05 15:35:43	df6a1055926a3efcf25f7d70faa1f0b0:DHUchs9i8jpEF36y95FAe7jLz7ZQlqtV	Q1:方案2,方案3,方案4,方案5,方案6,方案7,方案8,方案9,方案10,方案11,方案12,方案17,方案18,方案19,方案21,方案24,;
2016-08-05 15:36:53	30b3bae8da15c761fda6895ddfc043e3:emWouehjAu80Adf1sIRMP7zY00fAWZ5U	Q1:方案1,方案3,方案7,方案8,方案9,方案11,方案12,方案15,方案16,方案17,方案18,方案20,方案22,方案24,方案25,方案26,;
2016-08-05 15:37:49	8d253b33ff802ebafe98b956605533e1:Zgv6mQGhQrlM0VPm2e4mAECh7SfgWLCb	Q1:方案2,方案3,方案4,方案5,方案6,方案7,方案8,方案9,方案10,方案11,方案12,方案17,方案18,方案19,方案21,方案24,;
2016-08-05 15:39:54	b248473d5265cdbffc7d0cd21590971a:l57f8JhIcNxCHvyYyKu9H5SaLs9DsEIK	Q1:方案2,方案3,方案4,方案5,方案6,方案7,方案8,方案9,方案10,方案11,方案12,方案17,方案18,方案19,方案21,方案24,;
2016-08-05 15:41:22	9481b29878f4ce9943fdc2ffa98ad364:OkWuAzeTr2Nk0VWIUh02bQw7o7RaHR36	Q1:方案2,方案3,方案4,方案5,方案6,方案7,方案8,方案9,方案10,方案11,方案12,方案17,方案18,方案19,方案21,方案24,;
2016-08-05 15:42:17	111e8df4aa1f71c302672be3e7dedcbe:LqcYN1d8QwbbyMvGUoIpjeok3IpOCHsL	Q1:方案3,方案4,方案5,方案6,方案7,方案8,方案9,方案11,方案12,方案14,方案16,方案17,方案21,方案22,方案23,方案26,;
2016-08-05 15:43:34	6b301f605ce95f4417dec70606546f2d:Cd6iDGhLbxvq7a2orgtgHsaOuBt4rfvo	Q1:方案1,方案3,方案7,方案8,方案9,方案11,方案12,方案15,方案16,方案17,方案18,方案20,方案22,方案24,方案25,方案26,;
2016-08-05 15:43:57	073606d9996a0c298b4cc3b03fd43a3a:2Jg81nubB0k4hxx4DGNuf0SY2zB1XMLq	Q1:方案2,方案3,方案4,方案5,方案6,方案7,方案8,方案9,方案10,方案11,方案12,方案17,方案18,方案19,方案21,方案24,;
2016-08-05 15:45:09	bf5f7418f31354c6d6030b7b5a9987ed:3neCFUJOoGudxkQhrc3SYxnrEZuXuM4l	Q1:方案2,方案3,方案4,方案5,方案6,方案7,方案8,方案9,方案10,方案11,方案12,方案17,方案18,方案19,方案21,方案24,;
2016-08-05 15:46:29	bc1e13ad4463e637eb9239167c0b0873:n4MHyeMFpfS8qANb7TAsBuhlGwAuAeHt	Q1:方案2,方案3,方案4,方案5,方案6,方案7,方案8,方案9,方案10,方案11,方案12,方案17,方案18,方案19,方案21,方案24,;
2016-08-05 15:46:51	ef8310ce3fd700bd3ac460201ac2656f:8PnPDrHU5nCxMStz7ooPhJI7uyaQsbUX	Q1:方案1,方案4,方案6,方案8,方案9,方案10,方案11,方案12,方案14,方案16,方案17,方案18,方案21,方案23,方案25,方案26,;
2016-08-05 15:48:00	c511d5a52dc369566feb66e62a23579a:idRM2oB7a8CJ9BRmmwTvpq6JTSeMDDBm	Q1:方案2,方案3,方案4,方案5,方案6,方案7,方案8,方案9,方案10,方案11,方案12,方案17,方案18,方案19,方案21,方案24,;
2016-08-05 15:48:34	33da55a592b974ae0dc4cfdd3e347a90:zJyS0ccrSIJl5OpwX709edCK8uF632Ni	Q1:方案1,方案3,方案7,方案8,方案9,方案11,方案12,方案15,方案16,方案17,方案18,方案20,方案22,方案24,方案25,方案26,;
2016-08-05 15:49:05	8bcf5bf037182d1cb6f8244d3ced49a1:qv6cWD1soy8ZeoEuyZbF67Ox1TYpUk6Q	Q1:方案2,方案3,方案4,方案5,方案6,方案7,方案8,方案9,方案10,方案11,方案12,方案17,方案18,方案19,方案21,方案24,;
2016-08-05 15:51:08	028569d0d1a94748e7f534af863a30f3:2FuVUQU1r0pOkmImx8K3xrocKoijktq9	Q1:方案1,方案2,方案4,方案5,方案6,方案7,方案8,方案9,方案10,方案11,方案12,方案13,方案14,方案15,方案16,方案21,;
2016-08-05 15:52:07	fbfdb88f5023363a44b79ceee792d807:Y8pWtjwUKcMbEzWDwqjvtRlRgWlS8dnm	Q1:方案2,方案3,方案4,方案5,方案6,方案7,方案8,方案9,方案10,方案11,方案12,方案17,方案18,方案19,方案21,方案24,;
2016-08-05 15:53:48	9487957fa60dec3d8dcfb8ad3ce62804:UodxagkIhoJw39ALsQI2ony6yg6TNg1V	Q1:方案2,方案4,方案5,方案7,方案8,方案9,方案12,方案14,方案15,方案16,方案20,方案21,方案22,方案23,方案24,方案26,;
2016-08-05 15:53:50	3c284650b2bfa75e1c81dd5abaec9f79:Qvl3KPv9uN3dtoq7RNP54yxBDXRS32Fi	Q1:方案2,方案3,方案4,方案5,方案6,方案7,方案8,方案9,方案10,方案11,方案12,方案17,方案18,方案19,方案21,方案24,;
2016-08-05 15:54:56	965ebecf8128726ee10255e8d2bd4b75:Rr3lq29pW0muf3EHtMZSU5vljBntcYgR	Q1:方案2,方案3,方案4,方案5,方案6,方案7,方案8,方案9,方案10,方案11,方案12,方案17,方案18,方案19,方案21,方案24,;
2016-08-05 15:56:37	f037cfa6a0c5910022dda1e345f06dfc:RepfnJ8RAoHNmVNciemVsl1aT5jLijNM	Q1:方案1,方案4,方案6,方案7,方案9,方案10,方案11,方案12,方案14,方案15,方案19,方案20,方案21,方案24,方案25,方案26,;
2016-08-05 15:57:58	3c5b63f67bc0ed1165017a1f0d99b073:0jU61uWnvHlV7di4zGJ4K0RaHLA86qDD	Q1:方案2,方案3,方案4,方案5,方案6,方案7,方案8,方案9,方案10,方案11,方案12,方案17,方案18,方案19,方案21,方案24,;
2016-08-05 15:58:58	e4171cb00a68b3362b7fc0ca6236ed57:qqo8bNoOJjCRMeKNtPJD9GFoL4j89Dv0	Q1:方案1,方案2,方案3,方案4,方案5,方案7,方案9,方案10,方案11,方案12,方案14,方案17,方案18,方案23,方案24,方案26,;
2016-08-05 15:59:08	e8930a3eeec8aa1bf91351667f1e0e85:0n2Sia7RGW612SWPxomHjsiPaMhU3PV4	Q1:方案2,方案3,方案4,方案5,方案6,方案7,方案8,方案9,方案10,方案11,方案12,方案17,方案18,方案19,方案21,方案24,;
2016-08-05 16:00:25	1a8d8ef4b41acbf64cf5003bb7ca1ddc:mVCsI4IBNfzgNrErQXi3g2CcjgsoqBCF	Q1:方案1,方案5,方案7,方案10,方案11,方案12,方案13,方案14,方案16,方案17,方案20,方案21,方案23,方案24,方案25,方案26,;
2016-08-05 16:00:52	4055677eaf8f86320995ab4bec57436d:AwGZCjT9QSVJtearG9cucs7d8yzacVT3	Q1:方案2,方案3,方案4,方案5,方案6,方案7,方案8,方案9,方案10,方案11,方案12,方案17,方案18,方案19,方案21,方案24,;
2016-08-05 16:02:37	ad865eaa8e8cedb5868cc144554b0806:7rWFn4rTABlCGg67e1HhwD1WXLSEa3x7	Q1:方案2,方案3,方案4,方案5,方案6,方案7,方案8,方案9,方案10,方案11,方案12,方案17,方案18,方案19,方案21,方案24,;
2016-08-05 16:04:34	a10788d420a3d5ccb051c028b8e3144d:zGeczM9mx4S4398pSVnC2t1PRSVS1Lv5	Q1:方案1,方案2,方案5,方案7,方案9,方案10,方案12,方案13,方案16,方案17,方案18,方案20,方案21,方案23,方案25,方案26,;
2016-08-05 16:04:56	7f8a529577d10c83b5193087217406f6:nJPVWneIx6XQ01QoVOhju0T8dUEZgj0l	Q1:方案2,方案3,方案4,方案5,方案6,方案7,方案8,方案9,方案10,方案11,方案12,方案17,方案18,方案19,方案21,方案24,;
2016-08-05 16:05:54	aeb10260efdad18f8e951cb69a6be197:zOlleKPBuXQx79tzLMO95WNnJTERWe1l	Q1:方案2,方案3,方案4,方案5,方案6,方案7,方案8,方案9,方案10,方案11,方案12,方案17,方案18,方案19,方案21,方案24,;
2016-08-05 16:06:08	3ab28cfcdb21266a0f1ef87283663dd2:DLSnS2zFLkApzgqTo1d9lp7dg19gTlaH	Q1:方案1,方案3,方案7,方案8,方案9,方案11,方案12,方案15,方案16,方案17,方案18,方案20,方案22,方案24,方案25,方案26,;
2016-08-05 16:07:15	6cfb54d2a581ea229ee40d7747201fb8:X3N2YKxEo6Bt4931sSSawPjrv2nDM0Ae	Q1:方案1,方案3,方案7,方案8,方案9,方案11,方案12,方案15,方案16,方案17,方案18,方案20,方案22,方案24,方案25,方案26,;
2016-08-05 16:08:14	b9f580f8166f900f9f2a91ca6126cc1c:3xqrvag6cEnUrh2cxnL25TLgmJGfYkUq	Q1:方案2,方案3,方案4,方案5,方案6,方案7,方案8,方案9,方案10,方案11,方案12,方案17,方案18,方案19,方案21,方案24,;
2016-08-05 16:08:22	aadd1f1fe7970152ebcbd34b235fe7a9:miuNE0oaYb5I15MrjvBC4zh1UKwLNPjP	Q1:方案1,方案3,方案7,方案8,方案9,方案11,方案12,方案15,方案16,方案17,方案18,方案20,方案22,方案24,方案25,方案26,;
2016-08-05 16:10:26	2ec8a906a4b02afbd9ef0227aa3530ca:07IfLBE4aSzWw6SjnfaV6ClWws1H1vFf	Q1:方案1,方案3,方案7,方案8,方案9,方案11,方案12,方案15,方案16,方案17,方案18,方案20,方案22,方案24,方案25,方案26,;
2016-08-05 16:10:36	27e80f253527a3dac471a66f81d28199:Nt6OuVKvBB3rtpVvnjiux3jip2pz0HEt	Q1:方案2,方案3,方案4,方案5,方案6,方案7,方案8,方案9,方案10,方案11,方案12,方案17,方案18,方案19,方案21,方案24,;
2016-08-05 16:11:13	18fe817c1e0c5ef6728e6bf526826234:DvCzVSf6IopovZlCr6gCOfnSDtjqw6jd	Q1:方案11,方案12,方案13,方案14,方案15,方案16,方案17,方案18,方案19,方案20,方案21,方案22,方案23,方案24,方案25,方案26,;
2016-08-05 16:11:58	bec9f74ce31ecbe451969ae13146b55a:kdm1kza5MY2FrgdjINPV2eZxskYnRz7o	Q1:方案2,方案3,方案4,方案5,方案6,方案7,方案8,方案9,方案10,方案11,方案12,方案17,方案18,方案19,方案21,方案24,;
2016-08-05 16:11:59	03b466d6e82e3d878baa47ee8e551b0b:62TAvBJcxANPJa2g6EqCRmSHAPwkIZRk	Q1:方案2,方案4,方案5,方案6,方案7,方案8,方案9,方案11,方案12,方案14,方案16,方案17,方案21,方案23,方案24,方案26,;
2016-08-05 16:13:13	d5d56daf3525ccc28ba43ceaed604f1b:RFs73F0hVXPWkNyjk2iOPzeCXtaRJt96	Q1:方案1,方案2,方案5,方案6,方案7,方案9,方案10,方案13,方案15,方案16,方案17,方案18,方案22,方案23,方案24,方案26,;
2016-08-05 16:13:20	eba5323174bfa7d65cd87761102d27af:78UKmJOOsGHJn23xy9ezi4hDLZ23S5BA	Q1:方案2,方案3,方案4,方案5,方案6,方案7,方案8,方案9,方案10,方案11,方案12,方案17,方案18,方案19,方案21,方案24,;
2016-08-05 16:16:01	cd3183d3988b492a265807fd4a87e8ef:zCKdFoe1JgixDzx4VpaPhO04A6J192mr	Q1:方案6,方案7,方案8,方案9,方案11,方案12,方案14,方案15,方案16,方案17,方案18,方案19,方案21,方案24,方案25,方案26,;
2016-08-05 16:17:49	383ccfbb19690408a6b19562c3ddc190:CVpFOMBILElDXHRLpCXWEFr5R0tXycUI	Q1:方案2,方案3,方案4,方案5,方案6,方案7,方案8,方案9,方案10,方案11,方案12,方案17,方案18,方案19,方案21,方案24,;
2016-08-05 16:19:13	81ad228035d2768d33b7f19a710d082f:oBp1aOuWcjC47yoN692lTCdYvW9cTrcH	Q1:方案2,方案3,方案4,方案5,方案6,方案7,方案8,方案9,方案10,方案11,方案12,方案17,方案18,方案19,方案21,方案24,;
2016-08-05 16:20:25	df7dad933b070b86c300e49bffe709e6:6rhIx8PZFEas33tJNBGOqswyvYr61KkE	Q1:方案2,方案3,方案4,方案5,方案6,方案7,方案8,方案9,方案10,方案11,方案12,方案17,方案18,方案19,方案21,方案24,;
2016-08-05 16:20:53	8390b904ccde5a4adac72be9133b902f:diNY5LNAfjForUrlqkkFJqlxKHiLuLao	Q1:方案1,方案2,方案3,方案4,方案5,方案6,方案7,方案8,方案9,方案10,方案11,方案12,方案14,方案15,方案16,方案17,;
2016-08-05 16:21:30	569f4925ffdd0f22ce6b22cdd12eae64:KcWpYtkDmpEFtbGuurmkEA3YyoDIWRRT	Q1:方案2,方案3,方案4,方案5,方案6,方案7,方案8,方案9,方案10,方案11,方案12,方案17,方案18,方案19,方案21,方案24,;
2016-08-05 16:21:33	89f013d4f13b550a49430e2e34fc4c59:PLTjc9wgln59jetYKuUkqjf7NkArtDSY	Q1:方案1,方案3,方案4,方案5,方案6,方案8,方案11,方案12,方案14,方案16,方案18,方案19,方案20,方案21,方案22,方案26,;
2016-08-05 16:27:49	7c49a6631fec79dd1b616b11f0f557d4:fVCIRCEMZGr11y85bZ07ziGGbj1HD8YO	Q1:方案2,方案3,方案4,方案5,方案6,方案7,方案8,方案9,方案10,方案11,方案12,方案17,方案18,方案19,方案21,方案24,;
2016-08-05 16:28:57	ad2f469979d1ba28dd9e943ec1752389:LJ44x5QRfLMMaW287c783uweIijftD5G	Q1:方案2,方案3,方案4,方案5,方案6,方案7,方案8,方案9,方案10,方案11,方案12,方案17,方案18,方案19,方案21,方案24,;
2016-08-05 16:32:35	279dd9f663fca150a40ed85c9ccd7d91:UarYQaKHSXYtzEmUbAcIHHqhd0CPwKDs	Q1:方案1,方案2,方案3,方案4,方案5,方案7,方案8,方案9,方案11,方案15,方案16,方案18,方案21,方案24,方案25,方案26,;
2016-08-05 16:34:43	155adac640ce1e332ac773563e9d8d27:adPrNRqjnW1d9VOtDPVkWPOd6FX9xGxw	Q1:方案2,方案3,方案4,方案5,方案6,方案7,方案8,方案9,方案10,方案11,方案12,方案17,方案18,方案19,方案21,方案24,;
2016-08-05 16:36:34	b682e274a0ecb67432f73da66b97f68e:0i8zh5pJE7xEDlZXx5baY2mdNdxuerpD	Q1:方案1,方案2,方案3,方案4,方案5,方案6,方案7,方案8,方案9,方案10,方案11,方案12,方案13,方案14,方案15,方案16,;
2016-08-05 16:37:16	4f78df953b0916391ac7bd4f4487cfb7:Qo0V9EqTDnkHGzNnesUoTWRX2jlXXLtz	Q1:方案2,方案3,方案4,方案5,方案6,方案7,方案8,方案9,方案10,方案11,方案12,方案17,方案18,方案19,方案21,方案24,;
2016-08-05 16:40:49	295ebfaac45bf2e024db1fbab59199a7:Vl7wW06rl2OksU1j0rFVmq4zrdoLZ23t	Q1:方案2,方案3,方案4,方案5,方案6,方案7,方案8,方案9,方案10,方案11,方案12,方案17,方案18,方案19,方案21,方案24,;
2016-08-05 16:42:11	46987770aeac19cfc3033ae5a69a6c5a:enT28afNiz6f8YAJlkppPN60bBRCkWaA	Q1:方案4,方案5,方案6,方案7,方案8,方案9,方案11,方案12,方案14,方案15,方案16,方案17,方案18,方案19,方案21,方案23,;
2016-08-05 16:43:51	64d54ae89a159b12033a29e1a4532614:uwefbhma2sQerblCSJnBpLCF7JkrATTY	Q1:方案1,方案4,方案7,方案8,方案9,方案11,方案12,方案13,方案16,方案17,方案18,方案20,方案21,方案23,方案24,方案26,;
2016-08-05 16:45:13	45b192e903e76256ab28f993900ae445:38yoBLY0cHtCCEii87CmP8kMRNngQY7t	Q1:方案1,方案4,方案7,方案8,方案9,方案11,方案12,方案13,方案16,方案17,方案18,方案20,方案21,方案23,方案24,方案26,;
2016-08-05 16:46:38	4849313e67cd7f3c612557c6f1db5c90:Esfq6Gbd3BSK3doq7nxQgSGJlrO3jIyk	Q1:方案2,方案3,方案4,方案5,方案6,方案7,方案8,方案9,方案10,方案11,方案12,方案17,方案18,方案19,方案21,方案24,;
2016-08-05 16:46:51	64b00ea6a813f866bd5387a047640987:gIHbz5WnmO9KGVhE41XpiM97CGIQvPo1	Q1:方案1,方案4,方案7,方案8,方案9,方案11,方案12,方案13,方案16,方案17,方案18,方案20,方案21,方案23,方案24,方案26,;
2016-08-05 16:48:15	bcaafac777d1d76ac6168ab8783fc205:wewAXTgY9slkpKBm0iSx1XhUrMFEfzPp	Q1:方案1,方案2,方案3,方案10,方案13,方案14,方案15,方案17,方案18,方案19,方案20,方案22,方案23,方案24,方案25,方案26,;
2016-08-05 16:48:15	1d4a2625b9d7d76250e8a7bd1b82b5bf:B228F9qTvvoKOTcbIH4ymmtvSfA1ER07	Q1:方案2,方案3,方案4,方案5,方案6,方案7,方案8,方案9,方案10,方案11,方案12,方案17,方案18,方案19,方案21,方案24,;
2016-08-05 16:48:51	c6a79d0887f24a87742baa414cfe63c9:9RO59u3e6TxyQZLTDaG3TTG2fERBgcXt	Q1:方案1,方案4,方案7,方案8,方案9,方案11,方案12,方案13,方案16,方案17,方案18,方案20,方案21,方案23,方案24,方案26,;
2016-08-05 16:49:57	4a7cf29b60fcd0738b2ff11474047832:MCe0Zsc4dhrvjzOv5RyqGZS57lMO0paN	Q1:方案1,方案4,方案7,方案8,方案9,方案11,方案12,方案13,方案16,方案17,方案18,方案20,方案21,方案23,方案24,方案26,;
2016-08-05 16:50:53	b2e676355d29a01f2ab4063c42523d97:Bqv12PooH9THGKOP2DfKfK4QJYlSzWtV	Q1:方案1,方案2,方案3,方案10,方案13,方案14,方案15,方案17,方案18,方案19,方案20,方案22,方案23,方案24,方案25,方案26,;
2016-08-05 16:51:19	3623791400868766b5c0ef07487a6603:T1p3B6ItrfJnHmBW8a5u0GOYKiwPEQDJ	Q1:方案2,方案3,方案4,方案5,方案6,方案7,方案8,方案9,方案10,方案11,方案12,方案17,方案18,方案19,方案21,方案24,;
2016-08-05 16:52:29	a0c36ef0b8b95cb10f90c4ed8e3f55c8:CjBCagzbGCF4embvPJrj5fSjflYLLWMg	Q1:方案2,方案3,方案4,方案5,方案6,方案7,方案8,方案9,方案10,方案11,方案12,方案17,方案18,方案19,方案21,方案24,;
2016-08-05 16:54:26	5caa1985dbe7cc8045de4780beed9f4b:sbgB4b5ACDFzqe7JwM5PUhfJAos04Ypa	Q1:方案2,方案3,方案4,方案5,方案6,方案7,方案8,方案9,方案10,方案11,方案12,方案17,方案18,方案19,方案21,方案24,;
2016-08-05 16:58:40	754eb3360c18495dd01fbc2bbd82a629:uTFzh7r2Chy0qezclEbhdbiCwlXM5zbN	Q1:方案2,方案3,方案4,方案5,方案6,方案7,方案8,方案9,方案10,方案11,方案12,方案17,方案18,方案19,方案21,方案24,;
2016-08-05 16:58:58	e79fd48e4d7b8d31b543ff41c2ddbdc3:WkBFtD73KuwtzJreJa4xDLt7wE32Ekpd	Q1:方案2,方案3,方案4,方案5,方案6,方案7,方案8,方案9,方案10,方案11,方案12,方案17,方案18,方案19,方案21,方案24,;
2016-08-05 17:02:46	bf50667f7dad10b8f6a81524bf80875a:iOPhFW8EOKJwRBv66KxFEjIrYaS43Ckq	Q1:方案2,方案3,方案4,方案5,方案6,方案7,方案8,方案9,方案10,方案11,方案12,方案17,方案18,方案19,方案21,方案24,;
2016-08-05 17:07:07	1088741bd77aaf7be66e419a889a1d84:zlmUxMXRluOsvNxy0JE69lQzsmxI9Guq	Q1:方案1,方案4,方案7,方案8,方案9,方案11,方案12,方案13,方案16,方案17,方案18,方案20,方案21,方案23,方案24,方案26,;
2016-08-05 17:07:13	f7286bb83b1dbb61c2e04f56e2c550c5:5hmocenD4NyS2vQsk9VojePS17pXxUyQ	Q1:方案2,方案3,方案4,方案5,方案6,方案7,方案8,方案9,方案10,方案11,方案12,方案17,方案18,方案19,方案21,方案24,;
2016-08-05 17:10:05	b1e2624855dee45f2b8de10a4fe1627a:lKApSXIqJTBALJBiUHlhtqyxQu89xggE	Q1:方案1,方案4,方案7,方案8,方案9,方案11,方案12,方案13,方案16,方案17,方案18,方案20,方案21,方案23,方案24,方案26,;
2016-08-05 17:10:46	de41a7a0a5c5bbaef57322a605efbc85:076IxecJKvxND2jxpjccPKjtpT4VzVKh	Q1:方案2,方案3,方案4,方案5,方案6,方案7,方案8,方案9,方案10,方案11,方案12,方案17,方案18,方案19,方案21,方案24,;
2016-08-05 17:11:05	45709b3410a2fe20d15915518f51a63d:gwWaWcZ4av9i53wFdtF3e5lkPsPBuu57	Q1:方案1,方案4,方案7,方案8,方案9,方案11,方案12,方案13,方案16,方案17,方案18,方案20,方案21,方案23,方案24,方案26,;
2016-08-05 17:13:07	8c27a65d08bee3c6366e66d4490d62c7:FikJgyqy8wiJiLLbtgsDoraPmK5OoSBQ	Q1:方案1,方案4,方案7,方案8,方案9,方案11,方案12,方案13,方案16,方案17,方案18,方案20,方案21,方案23,方案24,方案26,;
2016-08-05 17:14:30	ad1fd3d553c7c4e9c7e24963cd6d1c50:CUhT9F1epD28BdVdCpP2rb3W88xBaLCn	Q1:方案1,方案2,方案3,方案4,方案6,方案8,方案10,方案12,方案13,方案16,方案17,方案19,方案21,方案23,方案25,方案26,;
2016-08-05 17:16:30	dc1004a0d144d37d4fd16edfccf765ed:O1IJJvwZjbUDWNmERYvvkd2RfkzopEZB	Q1:方案1,方案2,方案3,方案4,方案6,方案8,方案10,方案12,方案13,方案16,方案17,方案19,方案21,方案23,方案25,方案26,;
2016-08-05 17:17:51	e811850067cdf8a83e0ca35b84f0dcbe:Uh8VI7DJeGcHSuNCaezpykQSdy4IQrxM	Q1:方案1,方案2,方案3,方案4,方案6,方案8,方案10,方案12,方案13,方案16,方案17,方案19,方案21,方案23,方案25,方案26,;
2016-08-05 17:18:46	596cf892289cf4482e8debea2f83243b:wJqGHImVCo1QwJS2WvyC7RiCJE4nxnyT	Q1:方案2,方案3,方案4,方案5,方案6,方案7,方案8,方案9,方案10,方案11,方案12,方案17,方案18,方案19,方案21,方案24,;
2016-08-05 17:21:05	f3fb72d533d3a53d650e073e684c3635:0nFauyV47RDJMOsLKrgn7TACXG5G9Cc5	Q1:方案1,方案2,方案3,方案4,方案6,方案8,方案10,方案12,方案13,方案16,方案17,方案19,方案21,方案23,方案25,方案26,;
2016-08-05 17:23:43	9cba13a2e93231932b208fecb011ce20:5fUTHLMfip9givFS5F4N7ZBFGEGgl7lB	Q1:方案1,方案2,方案3,方案4,方案6,方案8,方案10,方案12,方案13,方案16,方案17,方案19,方案21,方案23,方案25,方案26,;
2016-08-05 17:24:41	acd9f288f4464025853bc987e41a0c01:NkaGhCSw6ji3pJ8I0YGg02u8h8Gkzwyz	Q1:方案1,方案2,方案3,方案4,方案6,方案8,方案10,方案12,方案13,方案16,方案17,方案19,方案21,方案23,方案25,方案26,;
2016-08-05 17:25:36	31febc884fa46971e1107fc450a17257:we99i1PUjpWticSgiiPyrlTse3eDsAiv	Q1:方案1,方案2,方案3,方案4,方案6,方案8,方案10,方案12,方案13,方案16,方案17,方案19,方案21,方案23,方案25,方案26,;
2016-08-05 17:26:51	5ad5cc8229e17e31bf2742a648fa2fa6:ZB00nlst6BMXg2GTLiqrStktHihPBTby	Q1:方案1,方案2,方案3,方案4,方案6,方案8,方案10,方案12,方案13,方案16,方案17,方案19,方案21,方案23,方案25,方案26,;
2016-08-05 17:27:54	a2bb60862d69d61cd3ceb3fe7035c260:Rxi6Xc7pTsYEszGbHLIv6Bw2js9VEtEI	Q1:方案1,方案2,方案3,方案4,方案6,方案8,方案10,方案12,方案13,方案16,方案17,方案19,方案21,方案23,方案25,方案26,;
2016-08-05 17:47:20	bd03ff077ed00b4334152c4228cab012:jTN4bR78RVS8AySGqIduzA3YFy6ItyMn	Q1:方案1,方案2,方案3,方案10,方案13,方案14,方案15,方案17,方案18,方案19,方案20,方案22,方案23,方案24,方案25,方案26,;
2016-08-05 17:54:42	b2e10a07709ca31bd319ae0e1d63df98:fhOzrSoqqt0YsLTuY46dj6JWXeXwSWhj	Q1:方案1,方案2,方案3,方案10,方案13,方案14,方案15,方案17,方案18,方案19,方案20,方案22,方案23,方案24,方案25,方案26,;
2016-08-05 18:23:16	5c72fee40e64508abec80b0856c75f5a:ZPpEAHkZ4aLTzAy4uetK6btRjHHJ6nuj	Q1:方案1,方案4,方案6,方案7,方案8,方案9,方案11,方案12,方案14,方案15,方案16,方案18,方案22,方案24,方案25,方案26,;
2016-08-05 19:00:28	fb062225515e161694bd3443d5076384:flGtE8FgrBS3Ivrwao5pBZxzon8o95XB	Q1:方案1,方案2,方案4,方案6,方案7,方案8,方案9,方案10,方案11,方案14,方案15,方案16,方案17,方案18,方案20,方案21,;
2016-08-05 19:10:05	d3422e50be576cb8392bd2927fa9ec6f:JHvfHLbcTgPx7yryVQ1FTQfimw9VVVrp	Q1:方案3,方案4,方案5,方案9,方案10,方案12,方案14,方案15,方案16,方案17,方案18,方案21,方案22,方案23,方案24,方案26,;
2016-08-05 19:34:26	8811f4cbe6a086ec18382e6ef0e0102e:ZCSFoWGne1NBkaZUlVZ5oeuGlLnKaM3K	Q1:方案1,方案2,方案3,方案4,方案5,方案7,方案8,方案9,方案11,方案12,方案13,方案16,方案18,方案21,方案23,方案24,;
2016-08-05 19:47:09	257d15154b05ac6050f7e52a9a51618c:AeH2hOgPe9iNgIr7lqg1tuJNgkFrU8sr	Q1:方案3,方案4,方案5,方案6,方案7,方案8,方案11,方案14,方案16,方案17,方案19,方案20,方案21,方案23,方案24,方案26,;
2016-08-05 20:30:19	1b80ce7a838707c6aae891504f15f413:Z4VErdQ7j7JCYULP1I6BWbxYqa9W30vp	Q1:方案1,方案2,方案4,方案5,方案6,方案7,方案8,方案9,方案11,方案12,方案13,方案16,方案17,方案18,方案21,方案26,;
2016-08-05 21:08:53	df1e45eed4a95816e87a7f99b815f248:ei6gBw1IzCw9GetaAi1bCgEyXIiocDjJ	Q1:方案1,方案2,方案4,方案5,方案7,方案8,方案11,方案12,方案13,方案14,方案16,方案18,方案21,方案23,方案25,方案26,;
2016-08-05 21:10:44	8e52d781826a24838e04d317003528b8:5Hepw0RMwlw33Uk5gwxT3SEiyV1lQRAA	Q1:方案1,方案2,方案4,方案5,方案7,方案8,方案11,方案12,方案13,方案14,方案16,方案18,方案21,方案23,方案25,方案26,;
2016-08-05 21:15:41	64899c0ad262759e2096295fbfe15f88:V1ZRfxQVpK1veIedR9JU21l4xVosLbmJ	Q1:方案1,方案2,方案4,方案5,方案7,方案8,方案11,方案12,方案13,方案14,方案16,方案18,方案21,方案23,方案25,方案26,;
2016-08-05 21:17:10	f4e3c8f034092033ff74beb777de0fef:aJFyJZ7vSQpAckfZrYBiqLEINvVyknSp	Q1:方案1,方案2,方案4,方案5,方案7,方案8,方案11,方案12,方案13,方案14,方案16,方案18,方案21,方案23,方案25,方案26,;
2016-08-05 21:22:44	c672c6c1cb46e92677db28db1342eb45:3I61CpvDIfxV3AAAMCIzYQQzg23cN5jU	Q1:方案1,方案2,方案4,方案5,方案7,方案8,方案11,方案12,方案13,方案14,方案16,方案18,方案21,方案23,方案25,方案26,;
2016-08-05 21:30:21	1b8035efdc118583dc692565df394859:5WdABgDPi9g7RxlKfZLYMz1AY05wbfjz	Q1:方案1,方案2,方案4,方案5,方案7,方案8,方案11,方案12,方案13,方案14,方案16,方案18,方案21,方案23,方案25,方案26,;
2016-08-05 21:51:44	49572d11c12993955f82f29b340c83a8:K4v251tFL8VBgnxXyrF6sLbROyyfaaMi	Q1:方案1,方案2,方案3,方案4,方案5,方案7,方案8,方案9,方案12,方案14,方案16,方案17,方案19,方案20,方案22,方案26,;
2016-08-05 21:55:30	5b38c674a1b72f2114621f5e946865e7:z3nv07LtBHXVIIrSZdA8wrdqgXbBzYqc	Q1:方案1,方案2,方案3,方案4,方案5,方案6,方案7,方案8,方案9,方案10,方案11,方案12,方案14,方案16,方案18,方案21,;
2016-08-05 22:00:18	a27371f99374b5aeb04f0ea2f5181bff:MvkVKGvZFZxuwHG792FF36Rma6EnV9Ir	Q1:方案2,方案3,方案4,方案5,方案6,方案7,方案8,方案9,方案11,方案12,方案13,方案17,方案18,方案20,方案21,方案23,;
2016-08-05 22:33:18	9e424b6218caf67d62058fa5d222914c:7GiqHiuYKSWnKf6aKzyYWglZ2jM53UEe	Q1:方案2,方案5,方案6,方案7,方案8,方案12,方案13,方案15,方案16,方案17,方案18,方案21,方案23,方案24,方案25,方案26,;
2016-08-05 22:53:08	d38de8a3aeec851a3a20e7757346fe6e:74aNjanOJMa16SBfTdeVtjh86nTUElxV	Q1:方案1,方案2,方案4,方案5,方案6,方案7,方案8,方案9,方案11,方案12,方案15,方案17,方案18,方案19,方案20,方案21,;
2016-08-05 22:54:11	9f8f1ffe7dbbad1b4f7622960c086e9f:NXuO9EoXnoEzrsVBaHYoskwCratMUfQ1	Q1:方案1,方案2,方案3,方案4,方案5,方案6,方案9,方案10,方案11,方案12,方案14,方案17,方案18,方案20,方案21,方案26,;
2016-08-05 22:59:43	a91c6c5729f059132ddc097c7e51df32:O8sSUnUN6WLuzDXnooxnG95t1YwnKrcC	Q1:方案2,方案3,方案6,方案7,方案8,方案10,方案11,方案13,方案14,方案15,方案18,方案19,方案20,方案21,方案22,方案24,;
2016-08-05 23:09:13	29e21f611fb7d4c60e6fd2720af1dbeb:OKOvSS9DdaNDcovWO2tAGJPvPr0ggqwM	Q1:方案2,方案3,方案4,方案5,方案7,方案8,方案9,方案10,方案11,方案12,方案14,方案15,方案16,方案20,方案22,方案23,;
2016-08-05 23:25:11	d33df1ec814437d9a75dcb5c020f3d83:H5WNwE3qXHs9RvXyurcElBGzvf3pKqWS	Q1:方案1,方案2,方案4,方案5,方案7,方案8,方案9,方案11,方案12,方案13,方案15,方案17,方案18,方案22,方案23,方案24,;
2016-08-05 23:31:19	65a20dc599ff24c3c90b23a3edd59852:2Ad2wfXZeVGINTlCI47bVYS5W9qSKej1	Q1:方案1,方案2,方案4,方案5,方案7,方案8,方案9,方案11,方案12,方案13,方案15,方案16,方案17,方案18,方案23,方案24,;
2016-08-05 23:47:12	21d1bcb9d928519c9ddc72af74e3b2e2:AO88nQnoqpHq7PZ4ZQm5vLi3tDhjhgt7	Q1:方案1,方案2,方案4,方案5,方案7,方案8,方案9,方案11,方案12,方案15,方案16,方案17,方案20,方案22,方案23,方案24,;
