2016-08-09 00:02:30	fbafb46457d235d202f1a6335652e6f3:TPfamZASdjoKguziKepgkmhJ8L6bbAT3	Q1:方案1,方案2,方案4,方案5,方案6,方案7,方案9,方案10,方案11,方案12,方案14,方案17,方案20,方案22,方案23,方案24,;
2016-08-09 00:17:19	d47a230ac76d34566bcf86586dbb7efc:tTJ8zPygjDqwc0K5FsXutCke6ZJJU3kU	Q1:方案2,方案4,方案5,方案7,方案8,方案9,方案10,方案12,方案14,方案16,方案17,方案18,方案21,方案23,方案24,方案26,;
2016-08-09 00:32:46	00490d5f9a323cdd8ab1e790d494ddd7:pKleRnt4kn4yIlVr0baDotvqg6cfDSmb	Q1:方案1,方案4,方案5,方案7,方案8,方案9,方案12,方案13,方案16,方案17,方案20,方案21,方案22,方案23,方案25,方案26,;
2016-08-09 02:48:27	dd3d2800b7b9b0fd95f934ed37345c68:NJc41znBK9LgyIxJOEnoO5LMbYBPCqEJ	Q1:方案1,方案2,方案3,方案4,方案6,方案13,方案14,方案15,方案16,方案19,方案20,方案22,方案23,方案24,方案25,方案26,;
2016-08-09 02:50:55	390962c2c749c028e257e66f13932ee5:mn3OPZxfYPcTMWHroAzvBKVC05J0yhai	Q1:方案1,方案2,方案3,方案4,方案6,方案13,方案14,方案15,方案16,方案19,方案20,方案22,方案23,方案24,方案25,方案26,;
2016-08-09 07:21:50	461fe96cbf91c113fcee10f059ec15af:vsiIm1zgbdxgGc9TKxtew9PV3Hgt7Q9m	Q1:方案1,方案4,方案5,方案6,方案7,方案8,方案9,方案13,方案14,方案15,方案16,方案18,方案21,方案23,方案24,方案26,;
2016-08-09 07:24:09	05d31a979542a2b45298af6769f8ad0f:MQu05tWxxyJOdjsweeCqPyQf66vAwUGo	Q1:方案1,方案2,方案4,方案5,方案9,方案10,方案11,方案12,方案13,方案14,方案15,方案16,方案21,方案22,方案24,方案26,;
2016-08-09 07:25:41	a1a869ed07633b13eb38f398c284840e:IM1zU6a3lDxqWYb5b95RwMl0ELQdXDuk	Q1:方案2,方案4,方案5,方案6,方案7,方案9,方案10,方案12,方案13,方案14,方案15,方案17,方案22,方案23,方案24,方案25,;
2016-08-09 08:17:53	daef58d0255f7b1da93bde525e3b830f:ASHm1kBRnszJs2hBBhjCe6AsT0aQE0zr	Q1:方案3,方案5,方案6,方案11,方案12,方案13,方案14,方案16,方案17,方案18,方案19,方案20,方案21,方案22,方案23,方案25,;
2016-08-09 08:20:29	b9f5fdd6eb9577d1c5139aeddd7cc2cd:XGDY2zAcMWSnNKc9dgM9QZbtgHA5Isa3	Q1:方案2,方案3,方案4,方案5,方案6,方案7,方案9,方案10,方案11,方案12,方案13,方案15,方案17,方案18,方案20,方案26,;
2016-08-09 08:22:26	bd9db5941db9c8999f11a32fb2bb1eab:2goyNvq4zMZkvtx7LkBGycE2UYAPkY2O	Q1:方案2,方案4,方案5,方案8,方案9,方案11,方案12,方案16,方案18,方案19,方案21,方案22,方案23,方案24,方案25,方案26,;
2016-08-09 08:23:09	1bba8b3282d535980e26d6247c6dd854:xZiSB7vnJbCG4uoKejNIQ85Gesa8VsSn	Q1:方案2,方案4,方案5,方案8,方案9,方案11,方案12,方案16,方案18,方案19,方案21,方案22,方案23,方案24,方案25,方案26,;
2016-08-09 08:48:34	581a1314ce495412dcdf9ceb779259d5:yfKrMqTDAhr6Qyeg2BAywMCuJZXw4wL0	Q1:方案2,方案3,方案4,方案5,方案6,方案7,方案8,方案9,方案10,方案11,方案12,方案13,方案14,方案15,方案17,方案19,;
2016-08-09 08:50:01	d8895ba021e5b6fe0c4d93fc735423b1:wHYYo9aTAlutEOHI27noSIlcN9ROwggD	Q1:方案2,方案3,方案7,方案8,方案9,方案10,方案11,方案12,方案13,方案14,方案15,方案16,方案17,方案18,方案19,方案20,;
2016-08-09 08:51:52	da71dc9323ee5f9ef4921bcfe4b2106b:oWX5eutFqyCnftLVjfLfj6pXzz55i46P	Q1:方案2,方案4,方案5,方案8,方案10,方案11,方案12,方案13,方案15,方案16,方案17,方案18,方案19,方案22,方案23,方案24,;
2016-08-09 08:52:08	c5af03c5b90600f289f72e117075958d:6uJkIV1TKpN5v1auM0VB0JqFIrRrF2ly	Q1:方案2,方案3,方案4,方案5,方案6,方案7,方案8,方案9,方案10,方案11,方案12,方案13,方案14,方案15,方案16,方案19,;
2016-08-09 08:53:36	4d007750b28792daaa7a7afd3b092907:kDdCCEHouMR9ehsSyoNNaofAAkVlIsdY	Q1:方案2,方案3,方案4,方案5,方案6,方案7,方案8,方案9,方案10,方案11,方案12,方案13,方案14,方案15,方案17,方案19,;
2016-08-09 08:53:43	55126004f23c835784a9c17b09148e07:wddGLja3StZGISLSpeeOuG3HbCJMfdjm	Q1:方案2,方案4,方案5,方案8,方案10,方案11,方案12,方案13,方案15,方案16,方案17,方案18,方案19,方案22,方案23,方案24,;
2016-08-09 08:56:29	259d6c0f7abc11ec6aab5a84f4f722c4:ERKnzEtKhgq60IBiiN3YN1Q10B4OWzZ4	Q1:方案2,方案4,方案5,方案8,方案10,方案11,方案12,方案13,方案15,方案16,方案17,方案18,方案19,方案22,方案23,方案24,;
2016-08-09 09:06:37	f62ee325a86fadb49d1acb71c622e1cf:g6ECkhuOFP7kCX11vZwGYXsum9sZZ6qs	Q1:方案2,方案5,方案6,方案7,方案9,方案11,方案12,方案13,方案15,方案16,方案17,方案18,方案20,方案21,方案22,方案24,;
2016-08-09 09:09:49	f6756b11cf35a03b29f378613bc23f8f:Uo8rj5mSgmFgqeDWPyKHVRgggDC3JMWS	Q1:方案1,方案2,方案4,方案5,方案7,方案9,方案10,方案11,方案12,方案14,方案15,方案17,方案22,方案23,方案24,方案25,;
2016-08-09 09:20:37	a30982f42a7b6639fab09c4594d13604:GNhIjFcxgGCDAhyIsW0ByPGqD6NTL5XP	Q1:方案4,方案7,方案8,方案9,方案10,方案11,方案12,方案13,方案14,方案15,方案16,方案21,方案23,方案24,方案25,方案26,;
2016-08-09 09:27:44	0cb9bf5caa68d5cd53391bf9e27640b1:P5EuLZF190oCcpRYPWfcTLZjXu23HU1T	Q1:方案1,方案3,方案6,方案7,方案11,方案13,方案14,方案15,方案17,方案19,方案20,方案22,方案23,方案24,方案25,方案26,;
2016-08-09 09:28:51	6a20857ae34d59bb03da4615632e6fef:2hTNEdI9VFmgGgbfnyXqg1UQ9LfyKbDv	Q1:方案5,方案6,方案7,方案8,方案9,方案11,方案12,方案13,方案14,方案15,方案16,方案17,方案18,方案21,方案23,方案24,;
2016-08-09 09:29:33	87545ae7c291d4cc4c9ad95bf3f7d94c:f06bHVjopnE7MIrOk4PVieXL5VCBW8w9	Q1:方案2,方案3,方案5,方案6,方案7,方案8,方案10,方案11,方案12,方案13,方案14,方案15,方案17,方案20,方案23,方案24,;
2016-08-09 09:32:30	1cf4f5f561e4a2aeea45400ca3ef9e55:8dAezmcBBHlYGEYusj4Q526dNXZdgaM8	Q1:方案2,方案4,方案5,方案7,方案8,方案9,方案10,方案11,方案12,方案13,方案16,方案17,方案21,方案23,方案25,方案26,;
2016-08-09 09:33:57	81daabcc7bf479533e1804e2877dd1af:z5Aeq63Hna9Bjc4OLsSxpc7xEES75h74	Q1:方案1,方案2,方案3,方案5,方案6,方案7,方案8,方案9,方案10,方案11,方案12,方案15,方案16,方案17,方案20,方案23,;
2016-08-09 09:36:22	8cad5c03351fec0e65c7ba03d609e7db:6jRYsfK6Jg8sJfFsxvsxws67Va3nEx6j	Q1:方案3,方案4,方案5,方案6,方案9,方案10,方案11,方案12,方案13,方案15,方案16,方案17,方案20,方案21,方案22,方案23,;
2016-08-09 09:36:32	246df14276b8fc64f0b8bf4b3b9c8cac:XQaG7mksZ55OgUNytYIUMTpdSV5OwvaH	Q1:方案1,方案3,方案6,方案7,方案11,方案13,方案14,方案15,方案16,方案17,方案19,方案20,方案22,方案23,方案24,方案25,;
2016-08-09 09:40:17	bbb30ad698e41a16f9b52d9758f1d9e5:n45hPfUBS39kgibHPQFmApcvOsyDJG2c	Q1:方案1,方案3,方案4,方案6,方案8,方案16,方案17,方案18,方案19,方案20,方案21,方案22,方案23,方案24,方案25,方案26,;
2016-08-09 09:45:16	a78284ed4fc34eeafcda0fa6141955a5:gBDzrsw5hdAt8fXqFnWbQjvDIao1BKts	Q1:方案1,方案2,方案4,方案5,方案7,方案8,方案9,方案11,方案12,方案14,方案16,方案18,方案20,方案21,方案22,方案23,;
2016-08-09 09:45:18	e14d9ff50571a7727703a32bcb728648:ZyUC90vtfl4YEGPLtXq0ApYI35arUe9q	Q1:方案2,方案3,方案4,方案5,方案6,方案7,方案8,方案9,方案11,方案12,方案14,方案18,方案21,方案22,方案23,方案24,;
2016-08-09 09:52:50	5d3bb0f30553681985699dcc6a03872f:NU6b2IXRzFVFF24E8ldioCjOuQHgQV1e	Q1:方案4,方案5,方案6,方案7,方案9,方案10,方案11,方案12,方案13,方案15,方案17,方案19,方案20,方案22,方案23,方案24,;
2016-08-09 09:59:25	0c99bc5745ae10b275c3670d90acc0a2:6VPSApLDrtPyUg9YvghMPvm7mTOqAZg6	Q1:方案1,方案4,方案5,方案6,方案7,方案8,方案11,方案12,方案16,方案18,方案19,方案20,方案21,方案22,方案23,方案26,;
2016-08-09 10:03:00	35300f148ef2ed8d0e82f6ae696ce23b:1moMOEEM4NNIOX0Fvj0f6RPPQqw4TA0p	Q1:方案1,方案2,方案3,方案4,方案5,方案6,方案7,方案8,方案9,方案10,方案11,方案12,方案13,方案20,方案21,方案25,;
2016-08-09 10:07:08	7de3b14074cfdcdbafd828aad344001c:yYbTDpy88fFIfBQGFisJJfSs3WOThdz5	Q1:方案4,方案5,方案7,方案8,方案9,方案10,方案11,方案12,方案13,方案17,方案18,方案19,方案20,方案22,方案23,方案24,;
2016-08-09 10:09:39	61511ae97d5ad66160bffe2105cdaf9c:DnCt3RW7Sn85wqAyJgBnP1PNYRZ5QvoB	Q1:方案1,方案2,方案4,方案7,方案8,方案11,方案13,方案14,方案18,方案19,方案20,方案21,方案23,方案24,方案25,方案26,;
2016-08-09 10:10:11	d858a9fa83d19bea2c1b56da151ae873:6DxoXLQgNPANn08DCmF2M4nDszuy0Kz2	Q1:方案1,方案4,方案5,方案6,方案8,方案9,方案11,方案14,方案15,方案16,方案17,方案18,方案20,方案21,方案24,方案25,;
2016-08-09 10:11:16	9654e142667456c94dc1fe1910cd3f27:JI0iU0LzCv4dNy1LYDR1zQYZOkwCsRXk	Q1:方案2,方案5,方案7,方案8,方案9,方案10,方案14,方案15,方案19,方案20,方案21,方案22,方案23,方案24,方案25,方案26,;
2016-08-09 10:15:15	13163f5d19b2c6fc18b28aa91a16ad01:JoVkpOX1aadUHV8fq1oXSVhwB8ckWJ16	Q1:方案6,方案7,方案8,方案9,方案13,方案14,方案15,方案17,方案18,方案19,方案20,方案22,方案23,方案24,方案25,方案26,;
2016-08-09 10:17:57	f132b727e04f51312f274b2f2bde47f6:VLLPieRucFQQmQYtaO70EkVVwhqwiAwU	Q1:方案2,方案4,方案6,方案7,方案8,方案10,方案11,方案12,方案13,方案16,方案17,方案20,方案22,方案23,方案24,方案26,;
2016-08-09 10:19:29	cf6c38c68f8a37e9c9032ead0dd0ec8d:XZ51TJFul1yJxhI2H6c8CcSadueAcTci	Q1:方案1,方案2,方案4,方案5,方案7,方案8,方案9,方案10,方案12,方案14,方案15,方案17,方案18,方案19,方案21,方案23,;
2016-08-09 10:26:52	6ae54c8caba6c0e4516fa1f844a84ce3:p6yFzPL4SVaZsNnOPPTnypzjdTS9E7Ck	Q1:方案4,方案6,方案8,方案9,方案11,方案12,方案13,方案14,方案17,方案18,方案19,方案21,方案22,方案23,方案24,方案26,;
2016-08-09 10:33:29	78f0a8cfbd3686adb75492a01c2e3025:de8w3iruluRLC6fCIxUsLKTHHdQeyTie	Q1:方案1,方案2,方案3,方案10,方案13,方案14,方案15,方案17,方案18,方案19,方案20,方案22,方案23,方案24,方案25,方案26,;
2016-08-09 10:42:25	9ec19ad448b27a19e11ed1ed1c8728db:TTzDQmzK5PiZZ37jnoGQCJGdQNxtflGG	Q1:方案2,方案4,方案5,方案6,方案7,方案9,方案11,方案12,方案13,方案16,方案17,方案21,方案22,方案23,方案24,方案26,;
2016-08-09 10:45:33	fd9a49fb271e3afc0e93a9ab5ab55b09:tGqLA7H77vak7FVUtQYyaghwoJCTrzBJ	Q1:方案1,方案2,方案4,方案7,方案8,方案9,方案11,方案12,方案13,方案15,方案18,方案20,方案21,方案23,方案25,方案26,;
2016-08-09 10:47:56	967712bb1eb340c6104e556e31d2c6a3:m5qkrqnIo2KqLdonLaZdRPnVhj8YIBLZ	Q1:方案2,方案3,方案5,方案6,方案7,方案9,方案10,方案11,方案12,方案14,方案15,方案17,方案21,方案22,方案23,方案24,;
2016-08-09 10:53:04	8d5ff2719718190975e6856e2c806956:JJYTbbpwrGyWMdCYT5kQs8TFSNLQ43f4	Q1:方案3,方案4,方案5,方案6,方案8,方案9,方案10,方案14,方案16,方案17,方案18,方案19,方案21,方案22,方案23,方案26,;
2016-08-09 10:54:40	394cad40d97a1b5cb92cc755265c8697:BwMzs3l6nTxxkrLX0ip6ecnY5VGUu1XK	Q1:方案1,方案3,方案6,方案7,方案10,方案11,方案13,方案14,方案16,方案18,方案19,方案20,方案22,方案23,方案25,方案26,;
2016-08-09 10:57:18	124e3cac4ccf8483a8857ebb7795657f:iweaH3PVikLyw1Db1BXcA2NcUa3cp5Ik	Q1:方案1,方案2,方案6,方案7,方案8,方案9,方案11,方案12,方案13,方案15,方案16,方案17,方案18,方案23,方案24,方案26,;
2016-08-09 10:59:50	71b75b2260692f12fe1e2c6d3c406d4f:UvPL8rUyFGNDuiw84LgluOjtFX1bG00A	Q1:方案2,方案4,方案5,方案6,方案7,方案9,方案11,方案12,方案13,方案16,方案17,方案21,方案22,方案23,方案24,方案26,;
2016-08-09 11:01:32	9cee7e4cf86180f86f454dd2e88488e2:7Osz9deQBvrHjVMmRiQzURxTz6ENHoB8	Q1:方案4,方案5,方案6,方案7,方案8,方案9,方案13,方案15,方案16,方案17,方案18,方案19,方案20,方案21,方案24,方案26,;
2016-08-09 11:02:38	c4dc42cc8eaa9ef409f6724243a32f42:W07jmqYb6Sz14bYXq7NHpWj5cgRaBxdS	Q1:方案4,方案6,方案9,方案10,方案11,方案13,方案14,方案15,方案16,方案19,方案20,方案22,方案23,方案24,方案25,方案26,;
2016-08-09 11:03:05	b41f031ef7d0185b225f55e9fcb8854e:MC5GvfdjpWzAOl1PPNuAC0UPrjDy9561	Q1:方案4,方案5,方案6,方案7,方案8,方案9,方案10,方案11,方案12,方案13,方案15,方案16,方案17,方案19,方案20,方案21,;
2016-08-09 11:04:28	1b71e7301a91403f14963303d384e216:0pw0madw54FiaJOkazdBvxzVnjCQgQUo	Q1:方案1,方案2,方案3,方案4,方案6,方案7,方案8,方案9,方案10,方案11,方案12,方案15,方案16,方案18,方案22,方案24,;
2016-08-09 11:04:33	8e666b2f1666ebc23fc302980e6260f4:r3pQCAZjifBXSJJiuoQaT5bAO2Th6nro	Q1:方案4,方案5,方案6,方案7,方案8,方案9,方案11,方案12,方案15,方案17,方案18,方案19,方案20,方案21,方案24,方案26,;
2016-08-09 11:06:02	f702b90b465014478cffb023d68ff395:2VgWAC1B6wFs9YX9wz85MdusSdd2RkYh	Q1:方案1,方案2,方案4,方案5,方案6,方案7,方案8,方案9,方案11,方案12,方案13,方案14,方案15,方案18,方案19,方案23,;
2016-08-09 11:06:47	85525c96dd32b11add2cfd693d9caab7:zGPZNOWzpE3T9dffLkURjhSczDKtJMl9	Q1:方案4,方案5,方案6,方案8,方案9,方案11,方案13,方案15,方案16,方案17,方案18,方案19,方案20,方案21,方案24,方案26,;
2016-08-09 11:07:46	8180283363bd7f10fec2e42610f754f5:3c1060ffeb1PD8dgsNaSjsDMl9nq2wOD	Q1:方案11,方案12,方案13,方案14,方案15,方案16,方案17,方案18,方案19,方案20,方案21,方案22,方案23,方案24,方案25,方案26,;
2016-08-09 11:08:32	66657add0a18079d1b7e081cd54c217e:OdR6B13rTXzc6LMDMbmJy3eMWu0eZ1Cn	Q1:方案3,方案5,方案6,方案7,方案8,方案9,方案10,方案13,方案14,方案15,方案17,方案20,方案22,方案24,方案25,方案26,;
2016-08-09 11:12:55	40a8b82807c611a4fc740b12635dd9c1:SCDJovViecmhmak1dXbe8il0GkY64HiP	Q1:方案4,方案5,方案6,方案8,方案9,方案10,方案11,方案12,方案15,方案16,方案17,方案18,方案19,方案20,方案21,方案24,;
2016-08-09 11:12:56	973bb9de9407fae6bd861d9045ea216d:Mdcwemd4flu4BPK9WMSUhLtRESb8NGTs	Q1:方案11,方案12,方案13,方案14,方案15,方案16,方案17,方案18,方案19,方案20,方案21,方案22,方案23,方案24,方案25,方案26,;
2016-08-09 11:13:12	ea6ee93fdbda6313040b5ed44bd0bb67:b0rh4Psk1FuVabTSZyOko47QqaRP3Akr	Q1:方案2,方案3,方案5,方案7,方案9,方案10,方案11,方案12,方案13,方案15,方案17,方案18,方案19,方案20,方案23,方案24,;
2016-08-09 11:13:17	01d540d78a669c4b388494ba94ad525a:1mblbOh8SaN4gNZj9lCAKbq39yxWjRvo	Q1:方案3,方案6,方案7,方案8,方案9,方案10,方案11,方案13,方案14,方案15,方案16,方案19,方案20,方案21,方案22,方案24,;
2016-08-09 11:13:37	a75081084d6ba5c81c043ffa810975a4:8SNfq8ZH9mSHl7scxgKAyqqmf5XaGprh	Q1:方案1,方案7,方案9,方案11,方案13,方案14,方案15,方案16,方案17,方案19,方案20,方案22,方案23,方案24,方案25,方案26,;
2016-08-09 11:14:23	d64a311c90288afa6f77a8ee6e5b8718:G0Tsj1yLPEuRghfgRB5ipqS0cl6JGLSc	Q1:方案4,方案5,方案6,方案7,方案8,方案9,方案10,方案11,方案12,方案13,方案14,方案15,方案16,方案17,方案18,方案19,;
2016-08-09 11:15:27	50292e0a9f834e1937ac8c220d691665:vsj1N0EKrUpXWfng3VYmUoVrt8DXqfE2	Q1:方案4,方案5,方案6,方案7,方案8,方案9,方案11,方案12,方案15,方案16,方案17,方案18,方案19,方案20,方案21,方案24,;
2016-08-09 11:15:56	1a510b2291ef64bf947f29b0dc9bd83a:Oqm6qQHPBFSpYKHxiNLL5BXXPMALOJUv	Q1:方案2,方案4,方案5,方案6,方案7,方案8,方案9,方案10,方案11,方案12,方案17,方案18,方案19,方案20,方案21,方案24,;
2016-08-09 11:21:30	13cfae72102bb7826b0fa5851a2cc487:J7t0BVLLRRrUeeutPwMEK5MiPOQsGXoo	Q1:方案2,方案4,方案5,方案6,方案7,方案8,方案9,方案10,方案11,方案12,方案17,方案18,方案19,方案20,方案21,方案24,;
2016-08-09 11:24:10	7ed7ab430fc8258e0821cb0cd05f6c74:xsbILUdGEBpr8473cEcxyWxDciPuGwlt	Q1:方案2,方案4,方案5,方案6,方案7,方案8,方案9,方案10,方案11,方案12,方案17,方案18,方案19,方案20,方案21,方案24,;
2016-08-09 11:31:13	718cf58acd970fabe4641bc86792d841:4VHdGrkYRsX2Yi0MjJJn8UHOgSAj0D3E	Q1:方案1,方案2,方案3,方案7,方案8,方案9,方案11,方案12,方案13,方案14,方案16,方案17,方案18,方案20,方案21,方案23,;
2016-08-09 11:32:01	abb3614ee09e0a1084bbab81f628acc6:G7QPow1vMmcv7YfzOvzx8g5UIsGu6EEx	Q1:方案2,方案4,方案5,方案7,方案9,方案10,方案12,方案14,方案16,方案17,方案19,方案20,方案21,方案23,方案25,方案26,;
2016-08-09 11:35:26	bd0953d6d2cce1b4f039523292e743bc:rGuQAUdNSyMooeAsci7pPhSItHqYeXru	Q1:方案2,方案3,方案4,方案5,方案6,方案8,方案9,方案11,方案12,方案13,方案14,方案16,方案17,方案18,方案20,方案23,;
2016-08-09 11:43:05	542f7ea870e88b87c7c3a2a061fa2081:n52GHJiXwjnvxDMmBKu7ILP929neoj4h	Q1:方案2,方案3,方案4,方案5,方案7,方案8,方案9,方案10,方案12,方案13,方案15,方案17,方案18,方案19,方案23,方案24,;
2016-08-09 11:44:37	6937cc161ae9247f410412001d2f5d54:V1wBCME1Y9puEiRHTqdz34HuElf3x4WQ	Q1:方案1,方案2,方案3,方案4,方案5,方案10,方案11,方案12,方案13,方案19,方案20,方案22,方案23,方案24,方案25,方案26,;
2016-08-09 11:48:22	de4295b8f363224bfc783ecb52652b5e:K6CPz1TSVl0VfdgcSo1So2yprWo56JWm	Q1:方案1,方案2,方案3,方案4,方案6,方案8,方案9,方案10,方案13,方案16,方案17,方案18,方案19,方案20,方案22,方案23,;
2016-08-09 11:49:51	ec098216b27bc622571de22ca33698e7:ECKIwL140mokGxd5h50r0X58hTsQVtyj	Q1:方案2,方案3,方案4,方案5,方案6,方案7,方案8,方案12,方案13,方案14,方案17,方案18,方案21,方案22,方案24,方案26,;
2016-08-09 11:50:42	6d372d5b18c207cdb902be71a83fad0c:h37C4YsrfDUtEhBfjMOQ29Dt3SmSg1XT	Q1:方案1,方案2,方案6,方案8,方案10,方案11,方案12,方案13,方案15,方案16,方案18,方案20,方案21,方案22,方案23,方案26,;
2016-08-09 11:52:37	7d0cb86516cbe55f6f99c8ef7575e0ac:lRjGU8GtEqJohI2mqfkrS5kG0RITIs77	Q1:方案1,方案2,方案6,方案8,方案10,方案11,方案12,方案13,方案15,方案16,方案18,方案20,方案21,方案22,方案23,方案26,;
2016-08-09 11:54:31	7a4d710fe9baa6a5ad002c62a8d88063:dBtQ5O7w17SQV7zC03do165HGzvGudMP	Q1:方案1,方案2,方案3,方案4,方案5,方案8,方案10,方案11,方案12,方案13,方案15,方案16,方案20,方案21,方案23,方案26,;
2016-08-09 11:55:36	f36dcc7a2f811034787e178f3c6485f7:tc09vuQ2Lg2EVkHS3oREJ0vp4XJqzTYp	Q1:方案1,方案2,方案3,方案4,方案5,方案6,方案7,方案8,方案9,方案10,方案11,方案12,方案13,方案14,方案15,方案16,;
2016-08-09 11:57:01	4015ada9c1cf7842cb9d10c88cdb0c28:oy3c3a6VFjT1ZkATHgAAFFGY5lkr27dL	Q1:方案1,方案2,方案3,方案4,方案6,方案7,方案8,方案9,方案13,方案14,方案15,方案16,方案17,方案22,方案23,方案26,;
2016-08-09 11:58:45	476e653fcc5e3b565629bb9bcd61e9d9:dMiES5gNtZO7aiuPXUjFOoKh09lLJk5Y	Q1:方案1,方案2,方案3,方案4,方案6,方案8,方案9,方案10,方案11,方案13,方案14,方案16,方案17,方案21,方案23,方案25,;
2016-08-09 12:01:57	9b51a9f4a75ff345800fb36fe7c3e72b:AFGvwTL9cNfR7rLwVjjRSn5XL557aPCe	Q1:方案1,方案2,方案3,方案4,方案5,方案6,方案8,方案9,方案15,方案17,方案20,方案22,方案23,方案24,方案25,方案26,;
2016-08-09 12:03:18	5d11060c442fe33fe0bd7f80b6bfac4d:ru2be1Aw9Yzz0aXvdYDM0rf4VcPbzTuH	Q1:方案1,方案3,方案4,方案8,方案10,方案11,方案12,方案13,方案14,方案18,方案19,方案20,方案22,方案24,方案25,方案26,;
2016-08-09 12:04:56	56b94b6a3368789f60c38047cc1c4378:dawt2hdft7N94wNvmLyM0eK4rGEG7EAQ	Q1:方案1,方案3,方案4,方案5,方案6,方案8,方案9,方案11,方案13,方案14,方案17,方案19,方案20,方案22,方案23,方案26,;
2016-08-09 12:12:11	1d5fa8d9368c8cf82fb94868bcdfb488:Q0D9I4ZQmfvtnnd7KLbbcbCVs2k50P62	Q1:方案2,方案4,方案5,方案7,方案8,方案9,方案10,方案12,方案16,方案17,方案19,方案20,方案21,方案22,方案23,方案24,;
2016-08-09 12:29:56	c1f8b97e6ae61a9156b2e490d9bf044b:UtdifQxHtQr2iyVCZNBxPQy727iup9ni	Q1:方案3,方案4,方案5,方案6,方案7,方案9,方案10,方案12,方案14,方案15,方案16,方案17,方案20,方案22,方案24,方案26,;
2016-08-09 12:37:14	f548c2ebaabde5dae0ac09381b9de31e:v0FslfZP8pSu9JqsqFkyRMc2DIt0qgQ9	Q1:方案2,方案3,方案4,方案5,方案7,方案8,方案10,方案12,方案14,方案15,方案16,方案17,方案18,方案21,方案22,方案23,;
2016-08-09 13:00:12	fadaf03db9b8a523dcef08030d687d70:FjYOEVHzNSXOsCB0TK1gupED0domOh6z	Q1:方案2,方案4,方案6,方案7,方案8,方案9,方案10,方案11,方案12,方案17,方案18,方案20,方案21,方案23,方案24,方案25,;
2016-08-09 13:17:11	b7736326ec8b7b7cea29aa8a6e94f32c:IbdKTadgdk60nwWCNVJQYcyvEzFwJFyy	Q1:方案3,方案4,方案5,方案6,方案7,方案8,方案11,方案12,方案14,方案15,方案16,方案21,方案23,方案24,方案25,方案26,;
2016-08-09 13:36:12	5b71950d16feeb96b45ed70cc70d97ab:r2xkhCp8ICl5fTlKI6YRt254rTaZyhdy	Q1:方案4,方案6,方案7,方案8,方案9,方案11,方案12,方案13,方案14,方案15,方案16,方案20,方案21,方案24,方案25,方案26,;
2016-08-09 13:39:23	310ee6903732cb4b4ad92b8233d51a57:UzbPhwdKZez1hqNCZSWsPMSCCS20i4m1	Q1:方案1,方案2,方案5,方案7,方案9,方案10,方案12,方案16,方案17,方案18,方案19,方案21,方案23,方案24,方案25,方案26,;
2016-08-09 13:41:31	f5cb10e462f30bf9eb9c4737fd1eed7e:5BbqdfbOK9e9nN6aLk1Wat1Pprd3eL5L	Q1:方案1,方案2,方案3,方案4,方案5,方案7,方案8,方案9,方案10,方案11,方案12,方案13,方案14,方案15,方案16,方案17,;
2016-08-09 13:45:46	8b762ef42b6ffb4df3119b137d75d899:fMEWEEgOJFTZOPCCvrp1r710yLRptByE	Q1:方案1,方案2,方案3,方案4,方案5,方案6,方案7,方案8,方案9,方案10,方案21,方案22,方案23,方案24,方案25,方案26,;
2016-08-09 13:49:08	8bf48172108b84d51dcfa29c9debbdfe:8Swlj1lKekdHScxTQrBuBXqWlJIHmo39	Q1:方案1,方案2,方案3,方案4,方案5,方案9,方案12,方案14,方案16,方案18,方案19,方案20,方案21,方案22,方案23,方案26,;
2016-08-09 13:49:59	bc6e2272a7d5b4d24e479b3cab53776f:89XDtEISrSrLEntFd895KQR3FHJi2lIj	Q1:方案1,方案2,方案3,方案6,方案7,方案8,方案9,方案10,方案11,方案14,方案15,方案20,方案22,方案23,方案24,方案26,;
2016-08-09 13:52:59	dc40f9a7ea714970c97d9a8fca4ecbb3:TURyonRu2gSskhtqm4kAHqfiI0MWkVJs	Q1:方案2,方案3,方案4,方案5,方案6,方案7,方案8,方案9,方案10,方案11,方案12,方案13,方案14,方案15,方案16,方案19,;
2016-08-09 13:55:23	14ff31219d9b9294f9f535bc2843fd69:9K2UhjYySopZXsobY8jivBCStRuZOJrP	Q1:方案1,方案2,方案6,方案8,方案10,方案11,方案12,方案13,方案15,方案16,方案18,方案20,方案21,方案22,方案23,方案24,;
2016-08-09 13:56:12	9aba837466d36edfa79db1af8cc34bef:Gv7MrO9BYTTW7g3VsR8Katvo0uCALHz3	Q1:方案2,方案4,方案5,方案7,方案9,方案11,方案12,方案15,方案17,方案18,方案19,方案20,方案21,方案22,方案23,方案26,;
2016-08-09 13:56:36	569d193701f00753f3e39b81be5dbc60:3zGFJ6LxNyAdXJmjD0FvoimWpkyLHKKG	Q1:方案1,方案2,方案3,方案4,方案5,方案6,方案7,方案8,方案9,方案10,方案11,方案12,方案13,方案14,方案15,方案16,;
2016-08-09 13:57:39	fa406b05ab98f5adf1596a25df5a55d0:7qlcz11vlRkhahAdAcK2w3Z3ESVOrfCh	Q1:方案1,方案2,方案3,方案4,方案5,方案7,方案8,方案9,方案10,方案13,方案14,方案15,方案16,方案18,方案19,方案23,;
2016-08-09 13:58:44	74a954c23ad64b4006aaf852be4d894f:Inbd0ZUDCF1IlTbcw1IwUH1edt7j5HPb	Q1:方案2,方案6,方案7,方案8,方案10,方案11,方案12,方案13,方案14,方案16,方案18,方案19,方案20,方案22,方案23,方案26,;
2016-08-09 14:03:07	4826a1ccb53635e1cacba6054c4193bc:pIHvYNcACrInAxeEfdv6uzMsfYmMZYYG	Q1:方案1,方案2,方案4,方案5,方案6,方案11,方案12,方案13,方案15,方案16,方案19,方案20,方案21,方案22,方案25,方案26,;
2016-08-09 14:06:23	65247d0ee475a5751b92b15c9192f223:XqYGHKhfmS4Z7SihNCQVEjeD08KOt7Xq	Q1:方案2,方案4,方案5,方案7,方案8,方案10,方案11,方案12,方案13,方案16,方案17,方案18,方案21,方案22,方案23,方案26,;
2016-08-09 14:07:17	72efc398e1937da9833c2629e05cd3b8:uZ5q9RnkeG7m47F4uK5das7Jqfd1TvCZ	Q1:方案1,方案2,方案3,方案4,方案5,方案6,方案7,方案8,方案9,方案10,方案11,方案12,方案13,方案14,方案15,方案16,;
2016-08-09 14:08:30	bc374e273096031b6b77e837790e432a:mXWHZCeWkF8TYSHVaB4QQ8guvYZO1uhW	Q1:方案1,方案2,方案3,方案4,方案5,方案6,方案7,方案8,方案9,方案10,方案11,方案12,方案13,方案14,方案15,方案16,;
2016-08-09 14:09:48	e8c2cca4cc1bf5a07a748f0dc6591f66:NdeCV0Z1tDbUFKmzqRq6UUvbOUdPq1Ei	Q1:方案1,方案2,方案3,方案4,方案5,方案7,方案8,方案12,方案13,方案16,方案18,方案20,方案21,方案23,方案25,方案26,;
2016-08-09 14:11:22	02d18de7c65aa8d2ed77f5fd9e06c448:JX06AY3ukrvRLMZ1iISymsro3l0IhYc9	Q1:方案1,方案2,方案3,方案4,方案5,方案7,方案8,方案12,方案13,方案16,方案18,方案20,方案21,方案23,方案25,方案26,;
2016-08-09 14:11:39	9cf9c055bfec6633b5f60b74b3e0ca8c:DCH2JqEdNYVL51jHmDlmhx8ghiSxURuK	Q1:方案1,方案4,方案5,方案6,方案7,方案8,方案9,方案10,方案11,方案12,方案13,方案14,方案15,方案16,方案22,方案24,;
2016-08-09 14:16:27	8429b2df865712c8435473a920d1cc05:Z69pckC94LYyH2dgCnzxOBvnLesFCWYx	Q1:方案1,方案4,方案5,方案6,方案8,方案10,方案11,方案12,方案13,方案16,方案17,方案19,方案20,方案21,方案23,方案26,;
2016-08-09 14:19:31	5fad755d5c3c9836b98e4f8c8b7cdc73:cRpKmy9BhwdvpmB9U8c9oQtZ63RxAXIL	Q1:方案1,方案4,方案5,方案6,方案8,方案10,方案11,方案12,方案13,方案16,方案17,方案19,方案20,方案21,方案23,方案26,;
2016-08-09 14:19:58	7cc50bae58adbf92632e47b258eaca10:zRppVagWYx4y3MDUVONBZQSk03ZSvjAN	Q1:方案1,方案2,方案3,方案4,方案10,方案11,方案12,方案13,方案14,方案15,方案16,方案17,方案23,方案24,方案25,方案26,;
2016-08-09 14:24:21	35eb03c8e62422ddf7898c2486d175af:Bag55q5puRbgE0387XHk2Fz0NMs40Xgl	Q1:方案1,方案2,方案3,方案4,方案10,方案11,方案12,方案13,方案14,方案15,方案16,方案17,方案23,方案24,方案25,方案26,;
2016-08-09 14:24:35	fba19dc930e86d105c028b7ce2e16aa1:NzS3sUlLvxFvrHNhgEepaYy8dGPrTkqy	Q1:方案2,方案3,方案5,方案8,方案9,方案12,方案13,方案14,方案16,方案17,方案18,方案21,方案22,方案23,方案24,方案26,;
2016-08-09 14:28:21	0d7b183f14a6d29f98eac2311773f040:26VYJMTEvoijmxs6fhZNcbEl3fK9hESj	Q1:方案1,方案2,方案3,方案4,方案5,方案6,方案7,方案8,方案9,方案10,方案11,方案12,方案13,方案14,方案15,方案16,;
2016-08-09 14:30:53	35e349f0120b9d2a982f073b3be28803:flqiszyaOX5PP8NEzF3FzmNJQ1kv2HSk	Q1:方案1,方案2,方案3,方案4,方案10,方案11,方案12,方案13,方案14,方案15,方案16,方案17,方案23,方案24,方案25,方案26,;
2016-08-09 14:31:57	5dd6a07bfa00863a509fee6104d523c3:Q4knCj0ch66I7seZeD5rLdo0b6Izo7YP	Q1:方案1,方案2,方案3,方案4,方案10,方案11,方案12,方案13,方案14,方案15,方案16,方案17,方案23,方案24,方案25,方案26,;
2016-08-09 14:33:34	7a67961ca3f4bf406a11d8d1838f2328:oDQPYubEXeDxoLKcq2c4j3FWGNOTNcZl	Q1:方案1,方案2,方案3,方案4,方案10,方案11,方案12,方案13,方案14,方案15,方案16,方案17,方案23,方案24,方案25,方案26,;
2016-08-09 14:34:59	cbb634c979c4d45064b06c696c5ab56a:p6eCjb3B1DfEDKa72bRYkF4iKl6Qm1C6	Q1:方案1,方案2,方案4,方案5,方案6,方案8,方案9,方案11,方案12,方案15,方案16,方案17,方案18,方案23,方案24,方案26,;
2016-08-09 14:35:17	79e745b4cff5e1b692008375dc4e41fb:eRaR8wthPqgh1fI3FTDpyr3lvnNvW3Tm	Q1:方案2,方案4,方案5,方案8,方案9,方案13,方案14,方案16,方案17,方案18,方案19,方案21,方案23,方案24,方案25,方案26,;
2016-08-09 14:35:23	957dd01c08e115c91cfd94c2cc9e39a7:V0w6g4ZtETM0iFhzvfI7uw4cfxLvEabm	Q1:方案1,方案2,方案3,方案4,方案5,方案6,方案7,方案9,方案10,方案11,方案12,方案14,方案15,方案22,方案23,方案24,;
2016-08-09 14:36:05	a40a46030a9d4e86c17664c851fac823:y4dHKdwzmndqcDZ7uNrWAklbYGzBwnEP	Q1:方案1,方案2,方案3,方案4,方案5,方案6,方案7,方案8,方案9,方案10,方案11,方案12,方案13,方案14,方案15,方案16,;
2016-08-09 14:37:51	0c3d4c0736e452ccbfeb55c88585213e:nGaeJvswvCH0rHDDydwwo0z4qglg4fwa	Q1:方案1,方案2,方案3,方案4,方案5,方案6,方案7,方案8,方案9,方案10,方案11,方案12,方案13,方案14,方案15,方案16,;
2016-08-09 14:40:24	feb81682729b5ec74855a6528f4c93b4:sJfjMyVGBqY0AjzNJIfzf1Ne9etA5vTl	Q1:方案1,方案2,方案3,方案4,方案5,方案6,方案7,方案8,方案9,方案10,方案11,方案12,方案13,方案14,方案15,方案16,;
2016-08-09 14:44:01	7cdec69dee6d8b63aa08daab2db717c4:i9uNimYkRlcib41DHVREwE8IApj1Mdwz	Q1:方案1,方案2,方案3,方案4,方案5,方案6,方案7,方案8,方案9,方案10,方案13,方案14,方案15,方案16,方案25,方案26,;
2016-08-09 14:50:47	5d54259ab46b397c5883cd2aaa6846c5:Hk7c8U20GuP3MeWiADrh2qOzlD8OMCAp	Q1:方案4,方案5,方案6,方案8,方案11,方案12,方案13,方案14,方案15,方案16,方案17,方案18,方案20,方案22,方案23,方案24,;
2016-08-09 14:57:06	b3903b22a9ef60377074ceef7ac5771e:Wk4Hupt9KlMbXg0VQxDGUyTg6XBxaJz6	Q1:方案1,方案2,方案3,方案5,方案7,方案10,方案11,方案12,方案13,方案14,方案15,方案16,方案19,方案21,方案22,方案26,;
2016-08-09 14:58:10	81989e1831246b08bf13c34557266034:jIb4H3ynbcYP8ZZFxZr1dOmJlwQ2XH1q	Q1:方案1,方案2,方案3,方案4,方案5,方案6,方案7,方案8,方案9,方案10,方案11,方案12,方案13,方案14,方案15,方案16,;
2016-08-09 14:58:26	925911c3aadf2994af439851aedd3f13:hx2CG2QU3i8jIOUrLcRl2lrmBxVHuqva	Q1:方案1,方案2,方案4,方案5,方案8,方案9,方案10,方案11,方案13,方案14,方案17,方案19,方案21,方案23,方案24,方案26,;
2016-08-09 14:59:27	c0ac811c8cf42a77b3ca746de28b6529:cvY2hsJsyTp6Gnj2QIFrvyfNXpZSEMTD	Q1:方案2,方案3,方案4,方案5,方案6,方案7,方案8,方案10,方案11,方案12,方案13,方案14,方案15,方案17,方案21,方案23,;
2016-08-09 15:00:05	bba7ee48cf336167d6e5bfe16faf9904:P0fBhQ2rqxTLeaLwASugs7B9YlfuJQ5M	Q1:方案1,方案2,方案3,方案4,方案5,方案6,方案7,方案8,方案9,方案10,方案11,方案12,方案13,方案14,方案15,方案16,;
2016-08-09 15:03:00	7332ae45d34be06f3240076aeb97c68d:ReRrttKGNpfRuvw19BxcNjm350amFpd2	Q1:方案1,方案4,方案5,方案6,方案7,方案8,方案9,方案10,方案12,方案14,方案16,方案17,方案18,方案23,方案24,方案25,;
2016-08-09 15:03:02	d6e5a289388ab09f995d48dbf720c5bc:3vOVUDAMpvHbwXetqPLpIM1i2nHxMjls	Q1:方案1,方案3,方案4,方案5,方案6,方案7,方案8,方案9,方案10,方案15,方案16,方案17,方案18,方案19,方案20,方案25,;
2016-08-09 15:04:19	541668e0cc10e87c655a8f36932693ed:O6a9m494tmL2SLdeZT3KUrUTG2b8Whu6	Q1:方案1,方案3,方案5,方案6,方案9,方案10,方案12,方案13,方案14,方案15,方案16,方案17,方案18,方案21,方案22,方案26,;
2016-08-09 15:05:27	921cc8a6a84caee953db3d49405057f0:9Rw6TU5n41cqrMmPURLw50tXx5mxq7aZ	Q1:方案1,方案2,方案4,方案5,方案7,方案8,方案10,方案14,方案15,方案16,方案18,方案22,方案23,方案24,方案25,方案26,;
2016-08-09 15:19:56	29fa62e6f22d997d5347f49caf352140:rlHX6u3LeI33pXZFe3Ut43X1D7sWEofj	Q1:方案1,方案3,方案5,方案8,方案10,方案11,方案12,方案13,方案14,方案15,方案17,方案18,方案20,方案22,方案24,方案26,;
2016-08-09 15:26:10	3a8155f26c07a5c333420d548c10a38f:3TNWFtmMEl2LiQ6pXCTAqwIXXoxAcOzL	Q1:方案2,方案4,方案5,方案7,方案8,方案9,方案10,方案14,方案15,方案17,方案18,方案20,方案22,方案24,方案25,方案26,;
2016-08-09 15:32:34	35a49ebfa3d4a983232cc54682367bb7:ClxqmIPmsoy6KW2JKQg8TC0Rx6umNvto	Q1:方案1,方案2,方案4,方案5,方案7,方案8,方案9,方案12,方案13,方案15,方案16,方案17,方案23,方案24,方案25,方案26,;
2016-08-09 15:37:33	1bfb42acb89f7dce12ea3e3078308ea0:XYOUnTvkSTbloFxrvl47GffxS3XnbWka	Q1:方案2,方案4,方案6,方案7,方案8,方案11,方案12,方案16,方案18,方案20,方案21,方案22,方案23,方案24,方案25,方案26,;
2016-08-09 15:40:11	54c0413a3c76f4bb9d2b4f117b82371a:2uz2JCFXqyH3F39IW9qFNY0l1mUqhIOM	Q1:方案1,方案2,方案3,方案4,方案5,方案8,方案9,方案10,方案11,方案12,方案13,方案16,方案17,方案18,方案25,方案26,;
2016-08-09 15:42:10	51c362fb5d582791ae99f0177b7292af:jFkubj6Mw1n76Uxcf1EnoW3G1j0MrV5i	Q1:方案2,方案3,方案4,方案5,方案8,方案9,方案10,方案11,方案12,方案13,方案15,方案16,方案17,方案21,方案23,方案24,;
2016-08-09 15:43:01	595a09518000b757c0d39707f2bafcb6:dfplkCaBh2Su99i042bAuxPXvoKzbzZD	Q1:方案2,方案3,方案4,方案8,方案9,方案10,方案11,方案12,方案13,方案16,方案17,方案19,方案21,方案22,方案23,方案24,;
2016-08-09 15:43:39	c2c51480fde14171ba92fccdd2f5f9e2:zUEZ9JOO3fVjUWNG0KdPO0C8E8KPXTNB	Q1:方案1,方案2,方案3,方案6,方案8,方案9,方案11,方案12,方案16,方案18,方案20,方案21,方案23,方案24,方案25,方案26,;
2016-08-09 15:46:46	bc22fe78e63bca8b41cea6e6b5afb2e3:3Qinpn9Hc6LWxwtDJgKimoVNoohFtVpr	Q1:方案2,方案3,方案6,方案8,方案9,方案10,方案11,方案12,方案13,方案16,方案17,方案18,方案23,方案24,方案25,方案26,;
2016-08-09 15:47:28	558e5715a930fd7e8da89cdd77a30089:TXuDVondnLpkzkYjEaUPUQVYmskugMtI	Q1:方案4,方案6,方案8,方案9,方案10,方案11,方案12,方案13,方案14,方案16,方案17,方案19,方案21,方案22,方案23,方案26,;
2016-08-09 15:48:22	5a17551dec1b2eb0b7b4456b68a39a60:yWCCBWKtae69JmL1nJopSzDiYUZFhmvY	Q1:方案4,方案6,方案8,方案9,方案10,方案11,方案12,方案13,方案14,方案16,方案17,方案19,方案21,方案22,方案23,方案26,;
2016-08-09 15:50:23	25fb1a49cd25d8f6b3da75d40d1ad550:TKZQEKbJp76f3YD38Mm9fr7HyJwa6BEv	Q1:方案2,方案3,方案4,方案5,方案6,方案7,方案9,方案12,方案13,方案15,方案17,方案19,方案22,方案23,方案24,方案25,;
2016-08-09 15:52:38	b9da7ab6d6d045ab8c127d1e559cfba6:N5VnazIvpvMbjx3ZXhZ3LyLlu2NocG7I	Q1:方案2,方案3,方案4,方案8,方案10,方案11,方案12,方案13,方案14,方案16,方案17,方案21,方案22,方案23,方案24,方案26,;
2016-08-09 15:53:32	c8d6a1065c1023451681e555a90c17de:MWQaYm4aZoa8Ny02MSr3mAYncNr2WjkY	Q1:方案1,方案2,方案3,方案4,方案7,方案8,方案9,方案10,方案11,方案14,方案15,方案16,方案17,方案18,方案19,方案20,;
2016-08-09 15:53:37	63a456107743117bfcb7ebdd184c2792:oxpbVvzgf1n1iAij3kruZ67lvsqCI9V4	Q1:方案1,方案3,方案4,方案5,方案6,方案7,方案10,方案11,方案12,方案16,方案17,方案18,方案20,方案22,方案23,方案25,;
2016-08-09 15:55:38	8f033de6dee0d3f7ff033cc224f2fa52:Lff74A04LLS1t1oSRd5XZhhSiNSVGtk7	Q1:方案2,方案3,方案6,方案8,方案10,方案11,方案12,方案14,方案15,方案16,方案18,方案21,方案23,方案24,方案25,方案26,;
2016-08-09 15:57:20	c86ff67b47043180367b2a712447412c:cn3PSK1M3T7CVMMGGIShjobEurynhcam	Q1:方案2,方案3,方案6,方案7,方案8,方案11,方案12,方案15,方案17,方案18,方案21,方案22,方案23,方案24,方案25,方案26,;
2016-08-09 16:01:48	25f5c5d6ce0859de9f2c5156c9d4be5b:z1QJdKCPnDU7udJa7VZLO6heJopLFctN	Q1:方案2,方案3,方案4,方案7,方案9,方案10,方案11,方案12,方案13,方案15,方案16,方案17,方案19,方案21,方案22,方案23,;
2016-08-09 16:03:13	26f8da34bcea9ac665515c1d5eb16edd:iIulQ3WXQwVgFCtaOGaCbX8szRzWYmCS	Q1:方案2,方案7,方案8,方案9,方案10,方案11,方案12,方案13,方案16,方案17,方案19,方案20,方案21,方案22,方案23,方案24,;
2016-08-09 16:04:18	694490e17b047a86cfe05081df9b24f8:UU5JJdVEKVBG4bzegOHSUUfi4zhszKPZ	Q1:方案2,方案3,方案4,方案6,方案7,方案8,方案9,方案10,方案11,方案12,方案13,方案17,方案20,方案21,方案22,方案23,;
2016-08-09 16:05:12	8143064ca2ab268729fb70a347661c61:goKUc1Dffgol5Vj41345qYB8j7E2bo2q	Q1:方案2,方案3,方案4,方案7,方案8,方案9,方案10,方案11,方案13,方案14,方案16,方案17,方案19,方案20,方案23,方案24,;
2016-08-09 16:06:16	0b13fe69d7eb89e335a83cbef066374f:j9cNVrH7lyPrgRwei53kO0iPkPXZxcGt	Q1:方案2,方案3,方案4,方案7,方案8,方案9,方案10,方案11,方案12,方案13,方案14,方案17,方案20,方案21,方案22,方案23,;
2016-08-09 16:06:19	376d7537a76208b6ef8413fed57e507f:Cpauk05XKCwyPHoknidmhNzYroIIJhQc	Q1:方案2,方案6,方案8,方案9,方案10,方案11,方案12,方案13,方案14,方案15,方案20,方案21,方案22,方案23,方案25,方案26,;
2016-08-09 16:08:11	d1894c54c7e014ec8997776454e8ab95:0CPBe5adi4WiQEdKJL0Cr6tqlNoWKqWs	Q1:方案2,方案3,方案4,方案8,方案10,方案11,方案12,方案13,方案15,方案16,方案17,方案20,方案21,方案23,方案24,方案26,;
2016-08-09 16:09:05	fdb6ace76eab743e1124a728981f7f06:joYbVVi3lfQvQtOgZra158PSUj6UP40m	Q1:方案2,方案3,方案4,方案7,方案8,方案9,方案10,方案11,方案12,方案13,方案16,方案17,方案19,方案20,方案23,方案24,;
2016-08-09 16:10:36	2172461a6264bdcd55bdb9dc57f4e42c:VVDwe0VU8lWuWXFzGkEaNcamfdC669g8	Q1:方案2,方案3,方案5,方案6,方案7,方案8,方案11,方案12,方案14,方案15,方案17,方案18,方案20,方案21,方案22,方案23,;
2016-08-09 16:10:37	9b503250cda79f6be32f75360b76059e:N2A1yu483NYU6pwAKnbEflAksUk6AwvD	Q1:方案2,方案3,方案4,方案5,方案7,方案10,方案11,方案12,方案13,方案14,方案16,方案17,方案19,方案20,方案21,方案24,;
2016-08-09 16:11:42	e6ad9f9eb9be7bcd8566216487753e13:iIMJC4QnHgTyd04OwlC2kIY70wRqh0Zu	Q1:方案2,方案3,方案6,方案7,方案8,方案11,方案14,方案15,方案16,方案18,方案20,方案21,方案22,方案23,方案24,方案26,;
2016-08-09 16:12:26	ea1d2c25546b4fb631e6fcd04de47bac:nIX5QHTaGhVPKc9gPPAmRIDu5uGzc2Pd	Q1:方案1,方案5,方案8,方案9,方案11,方案12,方案14,方案16,方案17,方案20,方案21,方案22,方案23,方案24,方案25,方案26,;
2016-08-09 16:12:55	5fbc6ae1846a35be402ce18951ffd179:amDHPnnf24dGxxnkS8mVXcccCNW0TE8J	Q1:方案2,方案5,方案6,方案8,方案10,方案14,方案15,方案17,方案19,方案20,方案21,方案22,方案23,方案24,方案25,方案26,;
2016-08-09 16:13:27	4c7b4ef9ea64cd62456a9a13ac5a76be:s5b8Sy3vpI8PYOONSiDdE99IZ6ieNqhN	Q1:方案1,方案4,方案5,方案7,方案8,方案9,方案10,方案11,方案12,方案16,方案17,方案20,方案21,方案22,方案25,方案26,;
2016-08-09 16:13:38	f495da3d01f8e3f09fb3730de644efde:0G75IiCMCTCm4hrzWZ46rNmC5tzEEz5D	Q1:方案1,方案3,方案4,方案5,方案6,方案7,方案8,方案13,方案15,方案16,方案17,方案18,方案22,方案23,方案25,方案26,;
2016-08-09 16:16:41	12600f8cfd523cc761278107c4531c54:4IgMeeNPZgeKxGOCHC36uNZw1XY55QcN	Q1:方案2,方案3,方案6,方案7,方案9,方案11,方案12,方案13,方案14,方案16,方案17,方案18,方案19,方案21,方案23,方案26,;
2016-08-09 16:17:13	f14a567d2551a1af89b0bd7f69cf8994:UZ1mccf09FfPOXs39XViWCpYNYw0XDe8	Q1:方案1,方案9,方案10,方案11,方案12,方案16,方案17,方案18,方案19,方案20,方案21,方案22,方案23,方案24,方案25,方案26,;
2016-08-09 16:17:40	64394a7e2933b8bb9908948c055d9a6d:u6Hl67fdSh7pPdOypFZXstz7seKtEBvf	Q1:方案2,方案3,方案6,方案7,方案9,方案10,方案12,方案14,方案16,方案17,方案20,方案21,方案22,方案23,方案24,方案26,;
2016-08-09 16:18:04	64a016815b0f7d6e20fbec766add3c72:08d6NKfOSWfvV9u58NOzzOFXPIuTD5vU	Q1:方案1,方案2,方案4,方案5,方案7,方案8,方案9,方案10,方案12,方案13,方案14,方案15,方案16,方案17,方案18,方案26,;
2016-08-09 16:19:06	ad0fed9fce44b157ceb64d979cd5dc7a:pfnbHCCNRv6roKHDsfb0DSFDimCbArQV	Q1:方案2,方案3,方案5,方案7,方案8,方案9,方案10,方案11,方案12,方案13,方案16,方案17,方案19,方案20,方案21,方案23,;
2016-08-09 16:19:45	e483390c1fd5bb34457c71b6a2275d88:4KxBANI91lVFrpsM2rWAY3PgHbYHqOaf	Q1:方案1,方案2,方案4,方案5,方案7,方案8,方案9,方案10,方案13,方案14,方案15,方案16,方案17,方案18,方案23,方案26,;
2016-08-09 16:20:32	2cca876123fea1de474f27c54425f011:btsxoigHpgZnagdnB7v8MDkWpYiCm6c1	Q1:方案1,方案2,方案4,方案5,方案6,方案7,方案9,方案11,方案12,方案13,方案15,方案16,方案17,方案21,方案23,方案26,;
2016-08-09 16:21:22	7cd8bfaf0990c147ea4eaef9a443fcf1:1I0UfBEUhOaiG27WKxJL5OYUwYqXkOWt	Q1:方案1,方案4,方案7,方案9,方案11,方案12,方案14,方案15,方案16,方案17,方案18,方案21,方案23,方案24,方案25,方案26,;
2016-08-09 16:22:39	24fb173711832cf6d0e6aae4eae5b2e3:JUHgIlnbYYMjw7msJsXXKFbm5G4BjjeA	Q1:方案1,方案2,方案3,方案7,方案9,方案10,方案11,方案12,方案13,方案14,方案16,方案17,方案18,方案23,方案24,方案26,;
2016-08-09 16:23:47	7ee44d8df29250ad205a914fc3a9b8f2:4PJaOZ3oVDmykQYuCsOIquyEHBf3Yone	Q1:方案1,方案2,方案3,方案4,方案5,方案6,方案7,方案8,方案13,方案14,方案15,方案16,方案17,方案18,方案19,方案24,;
2016-08-09 16:24:57	730cefecf75b7ddbf7e2b617091c564f:ECPUzvpTOyeqnyhzaYFcqO7vaxO7gqDz	Q1:方案4,方案6,方案8,方案9,方案10,方案12,方案13,方案14,方案15,方案16,方案17,方案19,方案20,方案21,方案24,方案25,;
2016-08-09 16:25:57	c9621032bbd937441c89be52ac6fa8e6:zHhWXqgeN1y4DWZU0ir8PCbJfhss6UxK	Q1:方案1,方案2,方案4,方案5,方案8,方案9,方案10,方案12,方案13,方案15,方案16,方案17,方案18,方案21,方案22,方案23,;
2016-08-09 16:26:42	0d2713d8cc7339d02db39215d883d12e:50SJoIWfFtp0pFRQiOVjzL17HhTQdIDZ	Q1:方案1,方案2,方案3,方案4,方案5,方案7,方案8,方案9,方案10,方案13,方案15,方案16,方案17,方案18,方案21,方案23,;
2016-08-09 16:27:28	9b96ccd3105e94a1c0d4845f2ebf87b9:VGwAPytmX4bssomlCKNbhnL79Ki5Sp39	Q1:方案1,方案2,方案4,方案5,方案7,方案8,方案9,方案10,方案12,方案13,方案14,方案15,方案16,方案17,方案23,方案24,;
2016-08-09 16:29:22	825881ea17657d0d4e8aabbcd3eb5cd3:j6tMRIfv1gaVeFvHyUjjm4A8uPQQ2h5A	Q1:方案1,方案4,方案7,方案8,方案9,方案10,方案11,方案12,方案15,方案16,方案17,方案21,方案22,方案24,方案25,方案26,;
2016-08-09 16:30:34	9098d1537f293301928d6d2dbbc9d3d4:bvyEKYkb55xlEkupF5nxEdFsLNUaeMnX	Q1:方案1,方案2,方案3,方案10,方案13,方案14,方案15,方案17,方案18,方案19,方案20,方案22,方案23,方案24,方案25,方案26,;
2016-08-09 16:33:21	25781866d8f6f0c147b37ced34570073:18yJlNCB6bAXmstzdGPdvzmp2cOIbN1x	Q1:方案1,方案2,方案3,方案4,方案5,方案6,方案7,方案8,方案9,方案10,方案11,方案12,方案13,方案14,方案15,方案16,;
2016-08-09 16:34:23	f5125026ba2f5aec2d1f20441ce39309:UyzEQfjJNM3qR2nQEQzJga2SDvirsU5r	Q1:方案1,方案4,方案5,方案8,方案9,方案10,方案11,方案12,方案13,方案14,方案16,方案17,方案19,方案20,方案21,方案25,;
2016-08-09 16:37:00	29351ecbd4e13cc0390c03cab5f427b1:bwG9FmNwL7VN9OaqvqABTkBlqiHB3I5n	Q1:方案4,方案6,方案8,方案10,方案12,方案13,方案17,方案18,方案19,方案20,方案21,方案22,方案23,方案24,方案25,方案26,;
2016-08-09 16:39:17	80b0a781ed9890f0de3960d93dd91c87:qGyNeexexm4nGAAh9hRX7dbJLFJVLsqA	Q1:方案1,方案2,方案3,方案6,方案7,方案8,方案10,方案11,方案12,方案13,方案18,方案19,方案20,方案23,方案25,方案26,;
2016-08-09 16:43:34	f976694fa0e5a8780abde60dd6d389f9:4VJIXMJEQSbftCJZoqGmqhN6dsxib0FN	Q1:方案1,方案2,方案3,方案4,方案5,方案6,方案10,方案11,方案12,方案14,方案15,方案16,方案18,方案22,方案25,方案26,;
2016-08-09 16:44:47	c56f72669d8b37372ebc741da9d00938:ndfabNUxjexzZb40G85PqA97kWTrEdlA	Q1:方案2,方案4,方案5,方案6,方案7,方案8,方案10,方案11,方案12,方案13,方案14,方案16,方案18,方案21,方案23,方案26,;
2016-08-09 16:44:53	a450c56e95a19c85bde14ad43923d66f:dOpG1zPpX3RUm4kClJBtAGLLrhYfhUZd	Q1:方案1,方案2,方案3,方案6,方案7,方案8,方案10,方案11,方案12,方案13,方案18,方案19,方案20,方案23,方案25,方案26,;
2016-08-09 16:45:58	1953d1403c594319e812e0fadbf4a606:LlW52svXAvudkWnaZcCCBwCR8D2fx6kV	Q1:方案2,方案4,方案5,方案6,方案7,方案8,方案10,方案11,方案12,方案13,方案14,方案16,方案18,方案21,方案23,方案26,;
2016-08-09 16:46:50	3e70e21f94a4b2490dcdfbcaf8be8d8c:XIx20i7mpV0wbrktHVBJkEF6rAR0XnOz	Q1:方案1,方案2,方案4,方案5,方案7,方案8,方案9,方案10,方案11,方案12,方案16,方案17,方案20,方案23,方案25,方案26,;
2016-08-09 16:47:59	b0e8761ce829bb475fa98063bc7e3fb1:0wwuGrwjy2EmPhoMsPBMSetLGpSHNDRM	Q1:方案1,方案2,方案3,方案4,方案5,方案6,方案7,方案8,方案9,方案10,方案11,方案12,方案13,方案14,方案15,方案16,;
2016-08-09 16:48:57	4db0afa019ce2d8e57a2c17085ff718f:aov42Qh3EHWzsvyVAlg5sQ4pxuOlHTbP	Q1:方案1,方案2,方案3,方案4,方案5,方案6,方案7,方案8,方案9,方案10,方案11,方案12,方案13,方案15,方案16,方案17,;
2016-08-09 16:49:44	f10315ee5749cc7dd2c532fbc595c211:aE5rW5ajES2QA9oxyjUN7LFfKAD4CLeW	Q1:方案1,方案2,方案4,方案5,方案7,方案8,方案9,方案10,方案12,方案13,方案15,方案16,方案17,方案18,方案24,方案26,;
2016-08-09 16:50:42	b549d1d504ef5bfe202fac75565b82fb:f7i4hiDpRjFM3rSoTzSeiXhoyggwkJnX	Q1:方案1,方案2,方案4,方案5,方案6,方案7,方案8,方案9,方案10,方案11,方案12,方案13,方案15,方案16,方案17,方案18,;
2016-08-09 16:51:19	0fe227741ce0cdbe723e9b6d72bd4103:Lcz1djzcuyU2PE6IAaWZ8cUFl2beTkD8	Q1:方案1,方案2,方案3,方案10,方案13,方案14,方案15,方案17,方案18,方案19,方案20,方案22,方案23,方案24,方案25,方案26,;
2016-08-09 16:51:29	f3962fb1a062ba066ad5d5e26ac56e3c:46UxWmSsjOW4cQ2ulMbTihoswBT09wEg	Q1:方案1,方案2,方案3,方案8,方案9,方案10,方案12,方案13,方案15,方案16,方案17,方案18,方案21,方案23,方案24,方案26,;
2016-08-09 16:54:02	38271b2e1bbc089725f35ee8ff105359:n7zPWWdVV0plbY4Xj047XA23gOzIaQR0	Q1:方案2,方案5,方案8,方案9,方案11,方案12,方案13,方案14,方案16,方案17,方案18,方案21,方案23,方案24,方案25,方案26,;
2016-08-09 16:57:43	6e04a382080a26cc382a70c169330261:HGFE94WEsSeW3iQ94q7d7AGH2NrVJpVU	Q1:方案1,方案4,方案5,方案7,方案9,方案10,方案11,方案12,方案13,方案15,方案16,方案19,方案20,方案22,方案23,方案24,;
2016-08-09 16:59:25	c6bbab6d63e86fbb8736268d8db4b0cb:morI2PTnDzEvAZ9ECyc7Fn4MJcEzrgGe	Q1:方案1,方案2,方案4,方案5,方案7,方案9,方案10,方案11,方案12,方案13,方案14,方案17,方案19,方案20,方案23,方案24,;
2016-08-09 17:04:24	83e4daf4a48eaef229bb365890eec7d5:jmKots4syQEI9hs1mQ5kI8duWYB1U9PI	Q1:方案2,方案5,方案6,方案7,方案8,方案9,方案10,方案11,方案12,方案14,方案15,方案16,方案17,方案19,方案23,方案26,;
2016-08-09 17:09:19	60e0918a4b0907c3eb6df3a286e71c0e:Aq4eDHotMzMNt7uEzJljmccuCSVByVQM	Q1:方案2,方案3,方案4,方案5,方案7,方案8,方案9,方案10,方案11,方案12,方案14,方案16,方案17,方案18,方案23,方案24,;
2016-08-09 17:20:32	3196a16dbd3f468d8f67a49ce79c8d03:u2gaTD95J84syuga64AY8xwqS1jsaitk	Q1:方案2,方案3,方案4,方案5,方案6,方案7,方案8,方案9,方案10,方案11,方案12,方案16,方案17,方案18,方案21,方案26,;
2016-08-09 17:54:54	b1e1531e4a1deddf03797d9f0dd7d0ad:c7JK5bNsW3aos2RUZsIrq9WrhWNw1JOH	Q1:方案1,方案3,方案4,方案5,方案7,方案9,方案10,方案11,方案12,方案13,方案16,方案19,方案20,方案21,方案23,方案26,;
2016-08-09 18:01:38	450413ad8b9b084966984c8cd5c12250:3cazyXq7UQTXxqMtAGe199YtXH1WByue	Q1:方案1,方案8,方案9,方案10,方案11,方案12,方案13,方案14,方案17,方案18,方案19,方案20,方案21,方案23,方案24,方案26,;
2016-08-09 18:03:09	c3df5c07d332e2e804e6b20e4e343af7:5DWwXYO45kteH0ceoycqvz83wFUYDQxU	Q1:方案1,方案8,方案9,方案10,方案11,方案12,方案13,方案14,方案17,方案18,方案19,方案20,方案21,方案23,方案24,方案26,;
2016-08-09 18:41:38	e2e3f280d25cce98e73b0d5cdaa4fe0f:k8i8gqzLSmXQv5tVyJwY84d67pCn7kD7	Q1:方案1,方案2,方案4,方案5,方案7,方案8,方案9,方案11,方案12,方案14,方案16,方案17,方案19,方案21,方案22,方案26,;
2016-08-09 19:01:11	e9a7d0ca71847614292532e7a85733b6:IyslIbPSlXqOuUa4u8wHiyjxuNfNgz6r	Q1:方案2,方案8,方案9,方案10,方案11,方案12,方案13,方案14,方案15,方案16,方案17,方案19,方案21,方案23,方案24,方案26,;
2016-08-09 19:15:18	9ef74d4900484f2f5dde0da968337058:5NI5AEtOJixId6DNxsyvV25y2DnxUV8U	Q1:方案2,方案4,方案5,方案6,方案7,方案9,方案11,方案12,方案13,方案15,方案18,方案20,方案21,方案23,方案24,方案25,;
2016-08-09 19:16:06	a2b6a43fb3b3b317f6444cb00e8f28ef:lnCDNNDZolgtcXSiSWlUdc0eEM7lRjOP	Q1:方案1,方案2,方案3,方案6,方案8,方案11,方案12,方案15,方案16,方案17,方案18,方案20,方案22,方案24,方案25,方案26,;
2016-08-09 19:21:20	3e4dc3a62012d4e2ac503784163251d2:3ODEgoPgsGI0fMO9r0OJpwIVPK3eTId0	Q1:方案2,方案3,方案4,方案5,方案6,方案8,方案10,方案14,方案15,方案17,方案18,方案21,方案22,方案23,方案24,方案25,;
2016-08-09 19:52:38	1178e6b8313f097409c05abb1597267e:NRIyK10zs5UOOMvjkm4DmlycLhDt3Qgb	Q1:方案1,方案3,方案4,方案5,方案6,方案7,方案8,方案11,方案14,方案19,方案20,方案21,方案23,方案24,方案25,方案26,;
2016-08-09 20:14:54	a1ffd55607ac54962285949a6e70b780:cKLwQrogdxgddlssKxfPaxOmlOwvOLkL	Q1:方案1,方案3,方案6,方案7,方案8,方案9,方案14,方案15,方案16,方案17,方案18,方案20,方案22,方案24,方案25,方案26,;
2016-08-09 20:20:32	23bd93a51c81a64497403d2dd0272e8f:QHt3dGX60v9fs7Vw4QNG2UEnPh97KeEN	Q1:方案1,方案2,方案4,方案6,方案7,方案8,方案9,方案10,方案12,方案13,方案15,方案20,方案21,方案23,方案24,方案26,;
2016-08-09 20:32:57	25b21a656079908f176e5e5253a88916:OHd03p0uhuSRJW165u5TCwhoFPagqUhs	Q1:方案1,方案4,方案5,方案6,方案7,方案8,方案9,方案11,方案12,方案13,方案14,方案17,方案18,方案22,方案23,方案24,;
2016-08-09 20:34:46	af755b9a7c4c68dba528a33269f65516:my2YwSufVxjwzrOy2BuSj5WfB4JVqh4y	Q1:方案1,方案2,方案4,方案5,方案7,方案8,方案9,方案10,方案11,方案12,方案13,方案14,方案17,方案18,方案19,方案20,;
2016-08-09 20:47:01	efb8b8869d1ba629a5be6424ff879b1d:SX24b0T1NdDn2s51ww8Gx1EGh1vBVyT2	Q1:方案2,方案5,方案6,方案8,方案10,方案13,方案14,方案15,方案16,方案19,方案20,方案22,方案23,方案24,方案25,方案26,;
2016-08-09 20:50:17	e073929125886697c78c5b97840b983e:Kh28xI1pxHpBQg6PnMCq9xZ29kTk0qC2	Q1:方案6,方案7,方案10,方案12,方案13,方案14,方案15,方案16,方案19,方案20,方案21,方案22,方案23,方案24,方案25,方案26,;
2016-08-09 20:51:29	04e9e86c0de5aa70ac95776629ea87f4:En5GUVUPQbKpn1FMS8xgW5wG5oNoLx88	Q1:方案1,方案2,方案3,方案4,方案5,方案6,方案7,方案8,方案9,方案10,方案11,方案12,方案13,方案14,方案15,方案16,;
2016-08-09 20:53:36	cfd6e74081356e134486a105a6062749:JK4n3N16Y7RGXNiSIgLf8WsZIACFZw78	Q1:方案11,方案12,方案13,方案14,方案15,方案16,方案17,方案18,方案19,方案20,方案21,方案22,方案23,方案24,方案25,方案26,;
2016-08-09 21:04:11	87db9e57b73716aaa1c2f144e7101270:HTzRaettZzyvCKp7QokjFzq9yVbcl14v	Q1:方案1,方案2,方案3,方案5,方案6,方案7,方案10,方案11,方案17,方案19,方案20,方案22,方案23,方案24,方案25,方案26,;
2016-08-09 21:07:49	9427742627adde6b1f9835178e31363f:576vC21tfzKJ5sxR5E5CKVahJu1XbCgk	Q1:方案1,方案2,方案3,方案5,方案6,方案7,方案8,方案9,方案10,方案11,方案17,方案19,方案20,方案22,方案23,方案24,;
2016-08-09 21:38:31	bc4eadd28bae6d7dc98ce15bfa88a2ca:50RE2Vmfhh9a6IMh6DSyvx8oXmtbDnYf	Q1:方案4,方案5,方案7,方案8,方案9,方案10,方案12,方案14,方案17,方案19,方案20,方案21,方案22,方案23,方案24,方案25,;
2016-08-09 21:39:59	744e991c219801ed642f6c34627cc528:hVZLxdh9mCDjgQnbKdhtKre8WCgNT1Fe	Q1:方案1,方案2,方案3,方案4,方案5,方案6,方案7,方案8,方案9,方案10,方案11,方案12,方案13,方案14,方案15,方案20,;
2016-08-09 22:54:55	fbd8d08c07ac858f029c07bb481071cf:qOhqMyLSNOTOU0Jr06gG7KOv4x00nOgo	Q1:方案1,方案2,方案3,方案5,方案6,方案7,方案8,方案10,方案11,方案12,方案13,方案15,方案16,方案17,方案22,方案24,;
2016-08-09 23:00:59	268391c4f0653735c583404c4d4d0f3e:Km3tYb2HbvS3QRgbJ8yhiHuXpxSZHbl5	Q1:方案3,方案6,方案7,方案10,方案11,方案12,方案13,方案14,方案15,方案17,方案19,方案20,方案21,方案22,方案24,方案25,;
2016-08-09 23:04:04	148a3934c0d414ff806f13ad9a4d2ffc:x4SC1CbHbhCZ11oixw1BVUcwJbcrq1CU	Q1:方案2,方案3,方案6,方案7,方案8,方案9,方案10,方案11,方案12,方案13,方案14,方案15,方案17,方案18,方案20,方案22,;
2016-08-09 23:07:27	dd988586ffd26d32269dcfd0f18df44c:PKXk5rIujpdRnOON2MS8c09YGvCxD2nj	Q1:方案2,方案3,方案6,方案7,方案9,方案10,方案11,方案13,方案14,方案15,方案16,方案17,方案21,方案22,方案24,方案25,;
2016-08-09 23:34:53	e0a49c55eff49f6186fdb769b1c2d3fd:b4iyQgpELLbbrRK3eUDxUzeikyFpps9O	Q1:方案2,方案4,方案5,方案7,方案8,方案9,方案10,方案11,方案12,方案14,方案15,方案16,方案19,方案22,方案23,方案24,;
