2016-08-03 05:26:51	fb5845557e0565dfecbd20200de4d527:n1czhDhBW62zshOB2WVIs9njfSINmhHv	Q1:方案2,方案4,方案6,方案7,方案8,方案9,方案11,方案12,方案14,方案16,方案18,方案20,方案21,方案23,方案24,方案26,;
2016-08-03 05:49:35	2c2e94ccd061c4a421130f6260dd8f51:qIHuobYsIEleQDhFT5W1YJbXqEMCBDcP	Q1:方案2,方案4,方案5,方案6,方案7,方案9,方案10,方案11,方案12,方案13,方案14,方案17,方案19,方案22,方案23,方案24,;
2016-08-03 08:10:10	6a67f9bbcedddcb4b6ea7a4dc7235199:bydDO59ENexAqKxRCsbDD4BXAMPNHcsL	Q1:方案1,方案3,方案10,方案12,方案13,方案14,方案15,方案17,方案18,方案19,方案20,方案21,方案22,方案23,方案24,方案25,;
2016-08-03 08:11:06	975284f7a6efebb46215d9113f9702fe:a3gc9rN4hfwg6tW1QfBQAztkOrzJwUk3	Q1:方案3,方案5,方案6,方案8,方案9,方案11,方案12,方案13,方案14,方案15,方案17,方案18,方案19,方案20,方案21,方案23,;
2016-08-03 08:17:09	bee7958855b4b4e9b7b7a65dfd19ca24:1VpJF7u8eCB6RJfprM15NPLGftOpBK7E	Q1:方案1,方案3,方案10,方案12,方案13,方案15,方案17,方案18,方案19,方案20,方案21,方案22,方案23,方案24,方案25,方案26,;
2016-08-03 08:22:54	060434085a5d61c9c7c63657920d6346:FMVVqYxuY4OJh6xI1gz6pEZvlhhkR3RP	Q1:方案1,方案3,方案10,方案11,方案12,方案13,方案17,方案18,方案19,方案20,方案21,方案22,方案23,方案24,方案25,方案26,;
2016-08-03 08:33:03	589c71ecd0080d47b5121e7ec4e194bd:lhRLL417Ww03so5UKOQnKoA3Z0trrCz6	Q1:方案1,方案2,方案8,方案10,方案13,方案14,方案15,方案16,方案17,方案18,方案19,方案22,方案23,方案24,方案25,方案26,;
2016-08-03 08:36:30	884d1ff1f69612d7275b47bf58ffbd8f:LvpTe3kiNIZvfqQIvYC2ayhbceQzGH9X	Q1:方案1,方案2,方案8,方案10,方案13,方案14,方案15,方案17,方案18,方案19,方案20,方案22,方案23,方案24,方案25,方案26,;
2016-08-03 08:39:29	6b4186399bdc22e2a3f454e5828d71a0:hGzoyKKkN2Pz8k2Bb1Pdd8DZ72iwIt5o	Q1:方案1,方案2,方案8,方案10,方案13,方案14,方案15,方案17,方案18,方案19,方案20,方案22,方案23,方案24,方案25,方案26,;
2016-08-03 09:14:28	b6bcd702f5d5f4ca8b334be56917617a:jIBxaP7rfW62PiRIvB6RP80AApkYwWcJ	Q1:方案1,方案2,方案3,方案4,方案5,方案6,方案7,方案8,方案9,方案10,方案11,方案12,方案13,方案14,方案15,方案16,;
2016-08-03 09:20:41	b2a78556b91b943537b508f3156f5e26:zFuE0h7Vmztfey8hM4NMN0rEXqLZIDxs	Q1:方案1,方案2,方案4,方案6,方案7,方案8,方案9,方案11,方案12,方案13,方案15,方案16,方案20,方案21,方案23,方案26,;
2016-08-03 09:22:42	ff69cee5250bf847679a8ff66d6e2e4b:96NUaq29f5mPpHwW25g23Qn9HE179sME	Q1:方案1,方案2,方案4,方案6,方案7,方案10,方案11,方案13,方案16,方案17,方案18,方案20,方案21,方案24,方案25,方案26,;
2016-08-03 09:36:46	08e29c87b65c5ed760c3f969371759db:ZkjctMF62rOH7PXolbnMK7T5EQyWYB9P	Q1:方案1,方案2,方案8,方案10,方案12,方案14,方案15,方案17,方案18,方案19,方案20,方案22,方案23,方案24,方案25,方案26,;
2016-08-03 09:40:05	627f292f250d9eb75dc95f82755aafba:IFRZ94adDYPCsO33nZTFSdZ3A9jDsfqY	Q1:方案1,方案2,方案8,方案10,方案12,方案14,方案15,方案17,方案18,方案19,方案20,方案22,方案23,方案24,方案25,方案26,;
2016-08-03 09:44:09	4e1d5aea99890b607be383d074ab6daa:aELS1Ke8KWHXHSrHibMxzvCbcxmEiCt2	Q1:方案1,方案2,方案8,方案10,方案12,方案14,方案15,方案17,方案18,方案19,方案20,方案22,方案23,方案24,方案25,方案26,;
2016-08-03 09:46:49	5ae03446aca0d61500b19c6d1412892b:u0oJFmsa3gKvDal9rTze4lZdDLrYUCag	Q1:方案1,方案2,方案8,方案10,方案12,方案14,方案15,方案17,方案18,方案19,方案20,方案22,方案23,方案24,方案25,方案26,;
2016-08-03 09:58:01	fdb75cb1039ff41454c03bf5e6d9aa3e:ZOKBvXk9hR258YUoN2lIoKdYcpI67m3o	Q1:方案1,方案3,方案4,方案5,方案6,方案7,方案8,方案9,方案10,方案14,方案16,方案20,方案21,方案22,方案23,方案26,;
2016-08-03 10:26:48	bae5e91ef9275b93aa82da2a724e619a:aLwRGKt0BadBlaNlRDQzMnL6meEPB7P2	Q1:方案6,方案8,方案10,方案11,方案12,方案13,方案15,方案16,方案17,方案19,方案20,方案22,方案23,方案24,方案25,方案26,;
2016-08-03 10:29:23	05f31b32920c0d589f021abb2ea4b265:pXCvWBEPrFKtK7SwmRamQiOvxIObqwnn	Q1:方案5,方案6,方案8,方案10,方案11,方案12,方案13,方案15,方案16,方案17,方案19,方案20,方案22,方案24,方案25,方案26,;
2016-08-03 10:32:46	1dbe6a3f64d75262431656a91e60858f:SFi9IflDfPSTNaZgvNRAIkSTzd6Cg709	Q1:方案6,方案7,方案8,方案10,方案11,方案12,方案13,方案14,方案16,方案17,方案19,方案20,方案22,方案24,方案25,方案26,;
2016-08-03 10:37:48	28df9f115a30b722df7ab252531a07a4:OGvYGNyxHEuKfrK0m56JGpswphYopzyu	Q1:方案3,方案5,方案6,方案7,方案8,方案10,方案11,方案13,方案15,方案16,方案17,方案19,方案20,方案22,方案24,方案25,;
2016-08-03 10:45:15	6d357b6fa610ac6dee28e5ad6a9d496e:Zrj5iivC2QMo7qlYWI4AekO5eGJIXwdZ	Q1:方案1,方案2,方案4,方案6,方案10,方案11,方案13,方案15,方案16,方案17,方案18,方案19,方案20,方案22,方案24,方案25,;
2016-08-03 11:07:07	7487533ca3723bc536b935c4a5131350:dmY18j5HIfOyJaAfL2VmRWItxyF6UgGi	Q1:方案1,方案3,方案4,方案5,方案7,方案10,方案11,方案14,方案17,方案19,方案20,方案21,方案23,方案24,方案25,方案26,;
2016-08-03 11:12:57	e08868f116659868239db78295c6d070:NCZvpwSXmoG1CviQW4Fbhz0Up5xOCko3	Q1:方案3,方案4,方案5,方案6,方案7,方案8,方案9,方案10,方案11,方案12,方案13,方案14,方案15,方案16,方案20,方案22,;
2016-08-03 11:21:04	8f6a14b020df37fab8f67778abdf9a00:Lyy6cbjNeYk8xaxe0U82qlNrijCu4jlL	Q1:方案3,方案4,方案5,方案6,方案7,方案8,方案9,方案12,方案16,方案17,方案18,方案19,方案21,方案23,方案25,方案26,;
2016-08-03 11:28:51	292f1d6fcfea073b0a9245854c0e892b:klax3PEH81dRv5it01MRuAE813K35KJY	Q1:方案1,方案2,方案3,方案7,方案8,方案9,方案11,方案12,方案13,方案14,方案16,方案17,方案21,方案23,方案24,方案26,;
2016-08-03 11:42:41	facfcb7b126e008c4ab0a8cc753b72f5:b3NtakqZXEe6asrDIzqQZZy6MXjspRLB	Q1:方案1,方案4,方案5,方案6,方案8,方案9,方案12,方案13,方案14,方案15,方案16,方案17,方案19,方案21,方案24,方案26,;
2016-08-03 12:16:30	dfb2688e734fb8a104df78f8e66ca9bd:QK1gHMmIS3QOT8SXh5fecaFed8PRQfFs	Q1:方案2,方案6,方案10,方案11,方案13,方案15,方案16,方案17,方案18,方案19,方案20,方案22,方案23,方案24,方案25,方案26,;
2016-08-03 12:19:09	c6dea27ddb4ae9d566b07b7f91f9d545:OiRbwgDlgULPQBh5d7Z0gJ624wYmnQaO	Q1:方案6,方案8,方案10,方案11,方案13,方案15,方案16,方案17,方案18,方案19,方案20,方案22,方案23,方案24,方案25,方案26,;
2016-08-03 12:21:54	12c3d54f9590233af29443034df3beb7:yHzLlokexSnGeRXLkBETuEPiSbX54jty	Q1:方案3,方案6,方案10,方案11,方案13,方案15,方案16,方案17,方案18,方案19,方案20,方案22,方案23,方案24,方案25,方案26,;
2016-08-03 12:24:12	d8f097ad86180edb67343249133bcdf6:sna9RD01FMGf4dsTX9OEe6eb4dgmGlza	Q1:方案10,方案11,方案13,方案14,方案15,方案16,方案17,方案18,方案19,方案20,方案21,方案22,方案23,方案24,方案25,方案26,;
2016-08-03 12:28:17	6c3448762c54dab4f5cfb5429398e5eb:j9j2L4SaChDQi9zajkKIKvmcsU2kAIKm	Q1:方案6,方案8,方案9,方案10,方案12,方案13,方案14,方案15,方案19,方案20,方案21,方案22,方案23,方案24,方案25,方案26,;
2016-08-03 12:39:00	7f8e50e769d80127bf2490ec77be98b4:ImC37VKmelGzUBKfG28tuAh6h5rLagh1	Q1:方案7,方案8,方案9,方案14,方案15,方案16,方案17,方案18,方案19,方案20,方案21,方案22,方案23,方案24,方案25,方案26,;
2016-08-03 13:18:42	9d5000f50d721a5a6bb0417e9454ef1f:yLApdNbTled4XctThJkVSYhzm8Vl9hYO	Q1:方案2,方案4,方案5,方案6,方案7,方案8,方案9,方案10,方案11,方案12,方案13,方案14,方案15,方案16,方案17,方案18,;
2016-08-03 13:20:11	d507adf8f7b5a6335f91512419219ef6:kaloaHOFJkWF7F7K3ynScup1JLsYVanK	Q1:方案1,方案2,方案4,方案5,方案6,方案7,方案8,方案9,方案10,方案11,方案12,方案13,方案14,方案15,方案17,方案18,;
2016-08-03 13:44:55	afe22d6ded759c5e777477e6b8f12887:EM2L4VbSdOuo0uyJCgnHXsTXkTPdiapz	Q1:方案1,方案2,方案5,方案6,方案7,方案8,方案10,方案11,方案12,方案14,方案16,方案18,方案19,方案20,方案23,方案24,;
2016-08-03 14:06:24	c04f27d4626fbc5513692c2bca8e5df5:tpcJFLdCVUxilKOxMvGheBCWjOXrWXyJ	Q1:方案1,方案2,方案4,方案5,方案7,方案8,方案9,方案12,方案13,方案16,方案17,方案18,方案21,方案23,方案25,方案26,;
2016-08-03 14:15:37	3bc813a96e167d6f36f832fe5cf68dc7:z0Bf20g1bIvDopImBa2HpelxalYF0ug9	Q1:方案1,方案2,方案3,方案4,方案5,方案6,方案7,方案8,方案9,方案10,方案11,方案12,方案13,方案14,方案15,方案16,;
2016-08-03 14:20:03	213f7a7943fccebaaffdefe83112c8a2:rlIig8GAM45wE4Dhnb8hkWJuspu8GdbU	Q1:方案2,方案3,方案5,方案6,方案7,方案8,方案9,方案10,方案11,方案12,方案13,方案15,方案16,方案21,方案22,方案23,;
2016-08-03 14:24:32	2ee4afb4a27bfccacbe64aabf8a3e626:szuHcdc5bcckanmCCFAdaewD6tPpaanr	Q1:方案1,方案2,方案3,方案4,方案5,方案8,方案10,方案12,方案13,方案14,方案15,方案16,方案19,方案20,方案24,方案26,;
2016-08-03 14:36:02	4352086cb272af4f575424cebd0b6b0c:1FJvbkVCZSbIKnCsq9MFPP4IZWXjj8Gg	Q1:方案4,方案5,方案7,方案9,方案12,方案13,方案14,方案16,方案19,方案20,方案21,方案22,方案23,方案24,方案25,方案26,;
2016-08-03 14:46:08	6e353bb74cc2f6ecdf27fe34d49e10c5:PGN8UuXJLzgJDGqxXS7hzagfeDaZvuhT	Q1:方案2,方案3,方案4,方案5,方案6,方案7,方案8,方案9,方案10,方案11,方案12,方案13,方案16,方案17,方案21,方案23,;
2016-08-03 14:53:16	4c26fa7084ab3eb19740884fdb828dcb:77Ppp9XM4bIsK02AKOzTFHYDdXQUrBvz	Q1:方案1,方案2,方案8,方案10,方案12,方案14,方案15,方案17,方案18,方案19,方案20,方案22,方案23,方案24,方案25,方案26,;
2016-08-03 14:57:03	351d8db518b74846239ea5576c1ce4a3:7BUtZTGE6SzTBFqJ2ewkjL1gwdR0TbQ7	Q1:方案1,方案2,方案3,方案6,方案7,方案8,方案9,方案10,方案11,方案12,方案14,方案16,方案18,方案20,方案21,方案23,;
2016-08-03 14:57:49	d85e99f6fda018481803b8cb98239038:buwyleLIosNnhH0B3RQKRFInfYIf9DUG	Q1:方案1,方案2,方案4,方案5,方案7,方案8,方案9,方案10,方案11,方案12,方案13,方案15,方案16,方案20,方案24,方案26,;
2016-08-03 14:58:59	5054b13b494e202155cb7918bc705578:jZkeTCsYjmO4BjhtemSujn6FnlWGhOiw	Q1:方案1,方案2,方案3,方案4,方案5,方案6,方案7,方案11,方案16,方案18,方案21,方案22,方案23,方案24,方案25,方案26,;
2016-08-03 15:00:20	b4bcdaffa45a6d17e3a802b8e89b8fb9:G58DEHlxxtexd2wyoGr10JqZDr2wcqRy	Q1:方案11,方案12,方案13,方案14,方案15,方案16,方案17,方案18,方案19,方案20,方案21,方案22,方案23,方案24,方案25,方案26,;
2016-08-03 15:03:44	d1546e03b57197ceec171fa0eb2c50dd:4d4yJls9RBgnVhfZNivZJdbp2t15CSXc	Q1:方案1,方案2,方案5,方案6,方案7,方案9,方案10,方案12,方案13,方案15,方案16,方案17,方案18,方案21,方案24,方案26,;
2016-08-03 15:07:46	b5a2a54e27c7043a4b7b8c402d33ab37:3c3zZRzpHIObk4GeBzvlOyYQHbi0zTEQ	Q1:方案1,方案2,方案3,方案4,方案7,方案8,方案11,方案13,方案16,方案17,方案18,方案22,方案23,方案24,方案25,方案26,;
2016-08-03 15:12:50	02dc293e6eaa0aa3bb5c92a980d36f5d:np5BaXIy8w3vLCSgtJe0ZkG0ri6F1BqM	Q1:方案1,方案2,方案6,方案7,方案9,方案10,方案12,方案14,方案15,方案16,方案17,方案18,方案19,方案21,方案22,方案24,;
2016-08-03 15:24:31	136435544aa01e0e10c2926e5c28931a:wJhdWtvXViE9lRSZOIq33bePJnxT66XP	Q1:方案1,方案2,方案8,方案10,方案12,方案14,方案15,方案17,方案18,方案19,方案20,方案22,方案23,方案24,方案25,方案26,;
2016-08-03 15:32:37	17e7c40e1fa40e7e24c3f6a6b2161253:WMoiqchcoAGKNywr1gpeevaxauNaN7oY	Q1:方案1,方案2,方案4,方案5,方案6,方案7,方案8,方案9,方案10,方案11,方案13,方案15,方案17,方案21,方案24,方案26,;
2016-08-03 15:38:18	f5bac0c70e650c470c8cdadbb788c6af:R8LrNMFG6TtCP45mpTsXVh7NPrBLprYz	Q1:方案1,方案2,方案3,方案10,方案12,方案13,方案14,方案15,方案17,方案18,方案19,方案22,方案23,方案24,方案25,方案26,;
2016-08-03 15:38:29	db552d070f9400894cf17678695fd9ac:hCEmhdJFCs70SEF7ypAJ7juajhDbLP1F	Q1:方案2,方案4,方案5,方案6,方案7,方案8,方案9,方案10,方案11,方案12,方案13,方案14,方案15,方案17,方案23,方案24,;
2016-08-03 15:56:00	e6cfdec903f6b5f4d7a73a2b9a2f2e1c:zGjSDxQBzC291mqwQM9237iObsjjfeiX	Q1:方案3,方案4,方案5,方案6,方案7,方案8,方案9,方案10,方案11,方案12,方案13,方案14,方案15,方案16,方案20,方案22,;
2016-08-03 16:03:22	6a400ee89e1c633f54a507e09a7d74fc:TV9YgaQwEZlHOz6dreV4TE7NKKNQsUMQ	Q1:方案2,方案3,方案6,方案7,方案8,方案9,方案11,方案12,方案15,方案16,方案17,方案19,方案21,方案22,方案24,方案25,;
2016-08-03 16:07:54	0c71e01f8012da3cd68b8cd09f7f6144:OjlPMCOITSCE5Tqh5ZyD3g3cVmm6nck4	Q1:方案1,方案2,方案5,方案7,方案9,方案10,方案12,方案14,方案15,方案16,方案17,方案20,方案21,方案22,方案23,方案24,;
2016-08-03 16:10:30	93e355b2e3b1f1d5bf4eac9991a7adbb:TQm05TAqPHboCbgkVW2BwoVVN6ao4K1y	Q1:方案1,方案2,方案3,方案4,方案5,方案6,方案7,方案8,方案9,方案10,方案11,方案12,方案13,方案14,方案15,方案16,;
2016-08-03 16:12:24	11bfcae7f35b9f7b73f3beed51e1ce67:FLShrV02226A3zrGORTsQg8l4xJDeTJt	Q1:方案2,方案4,方案5,方案7,方案8,方案9,方案10,方案12,方案17,方案20,方案21,方案22,方案23,方案24,方案25,方案26,;
2016-08-03 16:19:51	6e739f4e4fb32f064c6a3f8ea63431d5:geTejbmBa6jxVbUELRzR6xXgZjTV4Hnb	Q1:方案2,方案6,方案7,方案8,方案9,方案10,方案11,方案12,方案15,方案16,方案17,方案19,方案21,方案22,方案24,方案25,;
2016-08-03 16:20:09	f4f4fb8d10f59fc5e40bbb5b96317e5c:pvQFwESHCJtjAYK3uskMlld6wW4ppBvy	Q1:方案2,方案3,方案4,方案5,方案7,方案8,方案9,方案10,方案11,方案12,方案13,方案16,方案18,方案23,方案25,方案26,;
2016-08-03 16:22:26	16b1152967dd1639b70275f0950f2f42:uOrJSmkvyFFQLSIiyNS2zP2CrYm95BjX	Q1:方案2,方案6,方案7,方案8,方案9,方案10,方案11,方案12,方案15,方案16,方案17,方案19,方案21,方案22,方案24,方案25,;
2016-08-03 16:22:45	5c05021ece84a3a5238a344a769d6bf3:pO7mw81GmBcCdmghCpIWLyviIjrSV45J	Q1:方案1,方案4,方案5,方案7,方案8,方案10,方案12,方案13,方案14,方案16,方案17,方案20,方案21,方案23,方案24,方案26,;
2016-08-03 16:22:59	051c767bf9a72675be016e791951ae85:QJdiU22emQechmhvkXmT3QagZ9qgxZR5	Q1:方案1,方案4,方案5,方案7,方案8,方案10,方案12,方案13,方案14,方案16,方案17,方案20,方案21,方案23,方案24,方案26,;
2016-08-03 16:26:35	2bf4ea8c0e02cadf3de56ae4678bd014:FcCiUkulQAeN5HA1NXk0ijL5mJlF8doY	Q1:方案1,方案3,方案6,方案7,方案8,方案9,方案11,方案12,方案15,方案16,方案17,方案19,方案21,方案22,方案24,方案25,;
2016-08-03 16:27:05	14935d3aab014618e69773a07d753d9e:QAiTNVu3uvIV8jc9Q7gWfNEPJRUBkWnw	Q1:方案1,方案4,方案5,方案7,方案8,方案10,方案12,方案13,方案14,方案16,方案17,方案20,方案21,方案23,方案24,方案26,;
2016-08-03 16:30:28	2307f335c97aec20447eb9647cd6ea0c:ww9u05ZVLKghwqOWlwFW0DuFfvyFQX21	Q1:方案1,方案2,方案4,方案5,方案8,方案9,方案10,方案11,方案12,方案13,方案14,方案16,方案17,方案18,方案23,方案24,;
2016-08-03 16:30:32	caff5f9271de51ec587f20c9e3a16160:omjvAJeRPvyW56xugQUaJWewVEaG8dt4	Q1:方案1,方案4,方案5,方案7,方案8,方案9,方案12,方案13,方案14,方案15,方案16,方案18,方案19,方案21,方案22,方案24,;
2016-08-03 16:30:32	93bb5f44ec16ad4e837064644aa8f1a0:CbtFRlg8cCP21jkbhZwUIoO75EtLOvmG	Q1:方案1,方案3,方案6,方案7,方案8,方案9,方案11,方案12,方案15,方案16,方案17,方案19,方案21,方案22,方案24,方案25,;
2016-08-03 16:33:14	31503383d2876e34385425ac38ff5151:7jqU7iJI625DsGE7WrzOMcPWMBGspHC5	Q1:方案2,方案4,方案5,方案6,方案7,方案8,方案9,方案10,方案11,方案12,方案15,方案16,方案17,方案18,方案23,方案26,;
2016-08-03 16:34:53	1739b6db40a3a2016628a37411e61f36:E9qYY9zZLTd3mLtsJLLX4gFdaNQslwnp	Q1:方案1,方案3,方案6,方案7,方案8,方案9,方案11,方案12,方案15,方案16,方案17,方案19,方案21,方案22,方案23,方案24,;
2016-08-03 16:37:24	e2139a7b5bf145d6ad7889f2c66867fc:pt5lXtCfHY4zpvB7H80tCSrut3AyKgou	Q1:方案1,方案3,方案6,方案7,方案8,方案9,方案11,方案12,方案15,方案16,方案17,方案19,方案21,方案22,方案24,方案25,;
2016-08-03 16:38:55	cd806e5653813766e1d83f04067c924d:Lz6H7uAJ47OCC6gJQ6iI93oh7bfDuF7N	Q1:方案1,方案3,方案4,方案6,方案7,方案8,方案9,方案16,方案17,方案18,方案19,方案20,方案21,方案23,方案24,方案25,;
2016-08-03 16:40:27	7cde1f54a38fc0e0f9dc820ac2db5042:0rhgskHRUMHAlnq2fs2HzA1mTsvIMHbh	Q1:方案1,方案3,方案6,方案7,方案8,方案9,方案11,方案12,方案15,方案16,方案17,方案19,方案21,方案22,方案24,方案25,;
2016-08-03 16:41:58	d3bb1fb18079110148e01da2d9ac0ab4:nJA8nDv5ZQlDTkEKxg8ogGm0lmEOvzRX	Q1:方案4,方案5,方案7,方案9,方案10,方案11,方案12,方案13,方案14,方案15,方案17,方案19,方案20,方案21,方案23,方案24,;
2016-08-03 16:42:48	188dd3c1f5b6c201b2916fde60beab23:ljp0R1HaoxF0ec4K8GoTxaTivSB9nGNf	Q1:方案1,方案2,方案3,方案10,方案12,方案13,方案14,方案15,方案17,方案18,方案19,方案22,方案23,方案24,方案25,方案26,;
2016-08-03 16:45:07	4a5915ab1dc771ba77ede19ce4a77282:6hRfiPR9M8L8QnAnxy9T4xlJ2o1iqSrM	Q1:方案1,方案3,方案6,方案7,方案8,方案9,方案11,方案12,方案15,方案16,方案17,方案19,方案21,方案22,方案24,方案25,;
2016-08-03 16:45:22	dadadf0c70b4adbfbde758728a704176:h1YO9cVeh2pwcqOzFSd6rtMOjonliq05	Q1:方案1,方案4,方案5,方案6,方案7,方案9,方案10,方案11,方案12,方案15,方案17,方案18,方案20,方案21,方案23,方案24,;
2016-08-03 16:47:49	1b86ec58f1efe0645ab607a404b19c36:xwIVCGAs8EYOogo8QBP13HwAMmKgAVAQ	Q1:方案1,方案2,方案3,方案10,方案12,方案13,方案14,方案15,方案17,方案18,方案19,方案22,方案23,方案24,方案25,方案26,;
2016-08-03 16:51:21	790b15dc4fdef9b5825bb1753e41bfb9:q3cgElYoKjYWD9t5gyvyrl8ZG5Tb6CIK	Q1:方案1,方案2,方案3,方案4,方案5,方案6,方案7,方案8,方案9,方案10,方案11,方案12,方案13,方案14,方案15,方案16,;
2016-08-03 16:52:41	4785db06fee2e6f192fd51f402fc73fe:wzzzhMWWxr2eSLJQJBItuDWw1qFG7DEc	Q1:方案1,方案3,方案6,方案7,方案8,方案9,方案11,方案12,方案15,方案16,方案17,方案19,方案21,方案22,方案24,方案25,;
2016-08-03 16:55:02	1e671b4af994bc59983afb133e4afef5:SX3Za6qJSVGWLjlX51v4xuB7SVF0JYVD	Q1:方案1,方案3,方案6,方案7,方案8,方案9,方案11,方案12,方案15,方案16,方案17,方案19,方案21,方案22,方案24,方案25,;
2016-08-03 16:57:21	e4e7b217a60187aa6128e23af105749b:5zNUY7VdfpygV6xCAYDHwWGkkzUCrqED	Q1:方案1,方案2,方案4,方案5,方案7,方案8,方案9,方案10,方案11,方案12,方案15,方案18,方案20,方案21,方案23,方案24,;
2016-08-03 16:58:06	4af8a7447d246b5d5452186cca2dd933:A0zx16KuBUR0UeZCsUAJr953uLilj71P	Q1:方案1,方案2,方案3,方案4,方案5,方案6,方案7,方案8,方案9,方案11,方案12,方案16,方案18,方案23,方案24,方案26,;
2016-08-03 16:58:30	1ff56be70ffb96ad0630407100c9d29e:7Kn5ZmxDX4jFLWt7uUtxpS69HQjEJBZB	Q1:方案1,方案3,方案6,方案7,方案8,方案9,方案11,方案12,方案15,方案16,方案17,方案19,方案21,方案22,方案24,方案25,;
2016-08-03 16:59:25	5d49e160001cdd45648fa405c4ad6de0:OlH6qige6yPEp7LQvPP9i75AsimkHKo2	Q1:方案1,方案2,方案3,方案10,方案12,方案13,方案14,方案15,方案17,方案18,方案19,方案22,方案23,方案24,方案25,方案26,;
2016-08-03 17:01:08	2bb8dd554d05ae4cacd42a21c3c0e9c4:Jb7LG25mptKha5ABGhjquxSCN1aHcFUi	Q1:方案1,方案3,方案6,方案7,方案8,方案9,方案11,方案12,方案15,方案16,方案17,方案19,方案21,方案22,方案24,方案25,;
2016-08-03 17:03:03	5bb8aa7f0497b52960c1d3e8d83357ea:MRX150rTImLik77dotEbulraegAcaIzo	Q1:方案1,方案3,方案6,方案7,方案8,方案9,方案11,方案12,方案15,方案16,方案17,方案19,方案21,方案22,方案24,方案25,;
2016-08-03 17:04:20	3a3458abf81947c0676f6cb0482f1682:RFttXYvdcGWQ28LNSVuT1k93ZoCfeM0x	Q1:方案4,方案5,方案6,方案7,方案9,方案10,方案12,方案14,方案15,方案17,方案18,方案19,方案20,方案21,方案23,方案24,;
2016-08-03 17:04:48	c96ff79d087523fcb3b3dd2a5bb022a0:Jupz7phIfFr2YDIJUeehnAN0WVfBEEaN	Q1:方案1,方案3,方案6,方案7,方案8,方案9,方案11,方案12,方案15,方案16,方案17,方案19,方案21,方案22,方案24,方案25,;
2016-08-03 17:06:41	860d769621960e4362bbd33652a2b668:V62lmITdEy15sSSyS6dHpFWsp8tFVovE	Q1:方案4,方案5,方案6,方案7,方案8,方案9,方案10,方案11,方案12,方案14,方案15,方案17,方案18,方案22,方案24,方案26,;
2016-08-03 17:06:49	496c67354b752f13f43729a2c4ce6253:FVeizuS4HatnGAeyzigc24xSWWzDfYd3	Q1:方案3,方案4,方案5,方案6,方案7,方案8,方案10,方案12,方案13,方案14,方案15,方案16,方案20,方案21,方案22,方案24,;
2016-08-03 17:08:14	3860d35f46e419dbc1616b3122cdc03f:CeKyrxPjXumajCbtSJPitWoumctU9UHN	Q1:方案1,方案3,方案6,方案7,方案8,方案9,方案11,方案12,方案15,方案16,方案17,方案19,方案21,方案22,方案24,方案25,;
2016-08-03 17:10:34	341357f6754b7c010445ddfc625eaf84:aELbs77AQ0xQj2LPLqi6OcO8xTupsi5a	Q1:方案1,方案3,方案6,方案7,方案8,方案9,方案11,方案12,方案15,方案16,方案17,方案19,方案21,方案22,方案24,方案25,;
2016-08-03 17:12:16	718d16773e68b5fdb77abfbd1a4181b5:1mtOTX33tvZT7lwZK8eE0bW3X1nyWaiR	Q1:方案1,方案3,方案6,方案7,方案8,方案9,方案11,方案12,方案15,方案16,方案17,方案19,方案21,方案22,方案24,方案25,;
2016-08-03 17:27:39	2fd4a02e3bb0c44de38e6a210bc7a172:44Yogcwka0kO1SeydbSad0shHsFxTHLP	Q1:方案1,方案2,方案3,方案10,方案12,方案13,方案14,方案15,方案17,方案18,方案19,方案22,方案23,方案24,方案25,方案26,;
2016-08-03 17:29:21	0a661bb49a555b365733a55b2a588cec:e4valjjY367cLVb5czUP3rwy6uZtuKvy	Q1:方案1,方案3,方案6,方案7,方案8,方案9,方案11,方案12,方案15,方案16,方案17,方案19,方案21,方案22,方案24,方案25,;
2016-08-03 17:32:06	f44c6d98df0b8b368b501b2b61f67bb0:OQJqCCntDaRyZ8931S4dd4CBMXTbZ2Ce	Q1:方案1,方案3,方案6,方案7,方案8,方案9,方案11,方案12,方案15,方案16,方案17,方案19,方案21,方案22,方案24,方案25,;
2016-08-03 17:35:09	2b860cca36e1d0eff3df6874be3f90db:nBW50M4h7ok0sJMq7GqRxvh9hsQbpxEH	Q1:方案1,方案3,方案6,方案7,方案8,方案9,方案11,方案12,方案15,方案16,方案17,方案19,方案21,方案22,方案24,方案25,;
2016-08-03 17:38:24	8522bc0496b640b5106ace4ca2518d77:09gIPfwUSTlPh9UyAugmp7nPGZhPa1uw	Q1:方案1,方案3,方案6,方案7,方案8,方案9,方案11,方案12,方案15,方案16,方案17,方案19,方案21,方案22,方案24,方案25,;
2016-08-03 17:40:14	3b71f216efa0a372650b43be317094f4:0LnO6uzjMbhko8bgTwdOlqZhFIbNyF1F	Q1:方案1,方案3,方案6,方案7,方案8,方案9,方案11,方案12,方案15,方案16,方案17,方案19,方案21,方案22,方案24,方案25,;
2016-08-03 17:43:42	ee86a7fb412627208d44bea5ddc2b8e0:pWUlOfB1aL9a8oH8fBKq4hml88sLImY3	Q1:方案1,方案2,方案3,方案10,方案12,方案13,方案14,方案15,方案17,方案18,方案19,方案22,方案23,方案24,方案25,方案26,;
2016-08-03 17:46:23	37846217e758f2d13179b009e5eaffa4:Xthx4HRsI9mAkAXNMI1l6RCcJF2FKcCR	Q1:方案1,方案3,方案6,方案7,方案8,方案9,方案11,方案12,方案15,方案16,方案17,方案19,方案21,方案22,方案24,方案25,;
2016-08-03 17:54:17	72c554a79c0b6e8dc2009d9cdaf75ee3:orJAQrgQPaKRfO39q1x3cypQxuit4NQk	Q1:方案1,方案2,方案4,方案5,方案7,方案8,方案9,方案10,方案12,方案13,方案14,方案16,方案17,方案21,方案23,方案24,;
2016-08-03 18:00:34	ad230f4e59f036f03e60b9fe78faf396:LYZ5abQSeDl0WUgyIRKidSa2EL0SaAvv	Q1:方案3,方案4,方案5,方案6,方案7,方案8,方案10,方案11,方案12,方案13,方案14,方案15,方案16,方案20,方案22,方案24,;
2016-08-03 18:03:25	f126ce847ebe1cd1dff51856a3df3fd5:Vi4QaMUBjG4342Y7ceGMKdDeTzwHfzDA	Q1:方案4,方案7,方案8,方案9,方案11,方案12,方案13,方案14,方案16,方案17,方案18,方案20,方案21,方案23,方案25,方案26,;
2016-08-03 18:08:37	6a870ba9ba4f2da3bc54702649afba92:TXbMbxdVrUQCEqjKUm3WqoBk9JDmmIJr	Q1:方案1,方案3,方案6,方案7,方案8,方案9,方案11,方案12,方案15,方案16,方案17,方案19,方案21,方案22,方案24,方案25,;
2016-08-03 18:15:16	bcdfedac6506b96d552b39fb4a115fa8:39lud82PG9lNR8CRhQto5H8O4TKup7cH	Q1:方案1,方案3,方案6,方案7,方案8,方案9,方案11,方案12,方案15,方案16,方案17,方案19,方案21,方案22,方案24,方案25,;
2016-08-03 18:17:07	a88d80145408088d610d7e4817479d82:zotrghBtbCF8DXd014NYwwGgJpI06dqI	Q1:方案1,方案3,方案6,方案7,方案8,方案9,方案11,方案12,方案15,方案16,方案17,方案19,方案21,方案22,方案24,方案25,;
2016-08-03 18:27:56	b7b0bbb85d1bc06b9c6af870d5e002d1:6wOWFU2swD5sp9PJbcgcJR81oFYpRH2S	Q1:方案1,方案2,方案3,方案5,方案6,方案7,方案8,方案11,方案12,方案16,方案17,方案19,方案20,方案21,方案23,方案26,;
2016-08-03 18:54:05	8b5e5344877cbbead882d513724b2a1c:ZMSXsTi26nxr8dObqKIiqiiPrPQQQJ4C	Q1:方案3,方案4,方案5,方案6,方案7,方案9,方案10,方案11,方案12,方案14,方案16,方案17,方案20,方案21,方案24,方案26,;
2016-08-03 19:00:15	9fab12f1c9a0638469183df3c7f83e1c:TjcRdPeW7TPCHiGk2xfeAfp1Lg0JndvU	Q1:方案3,方案5,方案6,方案7,方案8,方案9,方案10,方案11,方案12,方案16,方案17,方案18,方案19,方案21,方案23,方案24,;
2016-08-03 19:02:35	7406a6ed963d48259fab717c5c28b045:6tw6DhQip03LL0kNUsfMdCc0uvBTBi8E	Q1:方案3,方案4,方案5,方案7,方案8,方案10,方案11,方案12,方案13,方案14,方案17,方案18,方案19,方案20,方案23,方案24,;
2016-08-03 19:07:31	63c4ac30c2575ddd380da6ac278e072c:zMYfOxb9Q9ycWeeOPSz169d8cXcYWbNR	Q1:方案2,方案4,方案5,方案6,方案7,方案9,方案10,方案11,方案12,方案13,方案14,方案15,方案17,方案21,方案23,方案24,;
2016-08-03 19:09:33	142164d64adde4fee65d6d5efb6b04e2:5aMueSIru2ADJyqCffejMsxaNHUHP7he	Q1:方案2,方案3,方案4,方案5,方案7,方案8,方案9,方案11,方案12,方案13,方案16,方案17,方案19,方案21,方案24,方案26,;
2016-08-03 19:15:15	00e21a0949c6521a274caaccf1916a04:B4Ki2N4rx4ko4aadCkCJX63ZM1mIX88h	Q1:方案1,方案2,方案3,方案10,方案12,方案13,方案14,方案15,方案17,方案18,方案19,方案22,方案23,方案24,方案25,方案26,;
2016-08-03 19:18:27	82f9a5489de33ee172b2a002933b2b64:FF7RJe5cafwZkZgedeWfr98Yqe7UjadK	Q1:方案1,方案2,方案3,方案10,方案12,方案13,方案14,方案15,方案17,方案18,方案19,方案22,方案23,方案24,方案25,方案26,;
2016-08-03 19:37:34	6b43efd82bf5ef35004399c55f14f693:vDEVUbvYAQQQdm417tlzufivrYG7YLNm	Q1:方案4,方案5,方案6,方案8,方案9,方案10,方案11,方案12,方案14,方案16,方案17,方案18,方案19,方案21,方案23,方案24,;
2016-08-03 19:47:29	39df64f293b69f86245954726ce0d863:uJxW4JxcGxhptBSRoJmtbpIPWYJnqq6m	Q1:方案3,方案5,方案6,方案8,方案9,方案10,方案11,方案12,方案15,方案17,方案18,方案19,方案21,方案22,方案23,方案24,;
2016-08-03 19:48:12	12345adb7e9a093580a4327f79ec7f4d:gdeCKQePmzRihq5VTbip7O2mWG61N3yn	Q1:方案3,方案4,方案5,方案6,方案7,方案8,方案9,方案10,方案11,方案16,方案18,方案20,方案21,方案23,方案24,方案26,;
2016-08-03 19:58:08	669e22586b4a6356b359edc1cae1c143:Cm3cxtcENXlY8AariyQ8MI8bbwjkbgs2	Q1:方案2,方案3,方案4,方案5,方案6,方案9,方案11,方案12,方案13,方案14,方案15,方案17,方案18,方案19,方案23,方案25,;
2016-08-03 20:00:57	7095e6dea35cc77a491351753c6460f7:IgcovCgwSLBUiGxO4UFMWSZMId1xnM14	Q1:方案7,方案8,方案9,方案10,方案11,方案12,方案13,方案14,方案15,方案16,方案17,方案18,方案19,方案20,方案22,方案24,;
2016-08-03 20:27:47	fc4b7eb9d69e105d811343bc9778f7e0:oHyrMkP7cMptx3vBFIDjflxx5jQ6cfft	Q1:方案2,方案3,方案4,方案6,方案7,方案8,方案10,方案11,方案16,方案17,方案18,方案19,方案20,方案21,方案23,方案26,;
2016-08-03 20:39:49	9b24d37b40b11be4021615522d920e7d:u9Hs3YFVSg0LcWkbdHvAZsVD7itcGrRe	Q1:方案1,方案3,方案6,方案7,方案8,方案9,方案10,方案11,方案13,方案17,方案19,方案20,方案22,方案23,方案24,方案25,;
2016-08-03 20:40:03	8e47710101aeb7c207fd07944049c886:T8DrttUlrqUNngxNnMPF435DsgMQxyaq	Q1:方案2,方案3,方案4,方案5,方案8,方案9,方案12,方案13,方案14,方案15,方案18,方案19,方案21,方案23,方案24,方案26,;
2016-08-03 20:46:02	46496022c8d7ddc975cbd96993805c0e:93elx67YAUgzRlNTVknlFac2jzNy26Dq	Q1:方案1,方案3,方案6,方案8,方案9,方案10,方案11,方案12,方案14,方案16,方案17,方案18,方案22,方案23,方案24,方案25,;
2016-08-03 20:57:51	7c2f39d3545c569fb6a9f66697a6858a:tow1eE2ynjcbSWObwZPWHMoEatyl3Bke	Q1:方案2,方案4,方案5,方案8,方案9,方案10,方案11,方案12,方案15,方案16,方案17,方案19,方案20,方案23,方案24,方案26,;
2016-08-03 21:13:53	39eb0c72717545c289bffc6bf1fd8f10:MBwNGXLsgj8Zzd13bIkfKNE1EaDzXR6v	Q1:方案3,方案4,方案5,方案6,方案7,方案8,方案9,方案10,方案12,方案14,方案17,方案20,方案22,方案23,方案24,方案26,;
2016-08-03 21:22:56	10ca039e4006fdee7062b7d227f427cc:jskIkIQ8oJPUvL230vRy4UyuDmH2w8gn	Q1:方案1,方案2,方案4,方案5,方案7,方案8,方案9,方案10,方案11,方案12,方案13,方案14,方案17,方案18,方案23,方案25,;
2016-08-03 21:24:01	b2dac8c9067ee0570275b4feb99ef2f5:Wyltr56xBrmx9haZBjGuwPae87f5fsUI	Q1:方案1,方案2,方案4,方案5,方案6,方案7,方案8,方案9,方案10,方案11,方案16,方案17,方案18,方案19,方案21,方案23,;
2016-08-03 21:27:34	df289131e79ce7eee32efc867c0d3e72:v6Q6kVE6HHhMJ3lpNTwwJe2eSz7pcXzY	Q1:方案7,方案9,方案10,方案11,方案12,方案14,方案15,方案16,方案17,方案18,方案20,方案21,方案23,方案24,方案25,方案26,;
2016-08-03 21:34:16	937e0174b9d53330622259e4a0e12239:mFuBiYkRzhBYoe9JsFD7kAyql4bZLSSn	Q1:方案3,方案6,方案8,方案9,方案10,方案11,方案14,方案15,方案16,方案17,方案18,方案19,方案21,方案23,方案24,方案25,;
2016-08-03 21:40:10	5f6a8dbcad31a30604d2299c35dce5e8:WayXWQx2TpJC07C8CzXmQQerr3Khy8FU	Q1:方案1,方案3,方案5,方案6,方案7,方案8,方案9,方案12,方案14,方案16,方案17,方案21,方案22,方案23,方案24,方案26,;
2016-08-03 21:47:17	f5942612213b94495ad69575d29c8849:v3ahmZPbQimGxnugyL3YATUDnW8VDmvo	Q1:方案3,方案4,方案5,方案7,方案8,方案9,方案10,方案11,方案12,方案14,方案16,方案17,方案18,方案20,方案25,方案26,;
2016-08-03 21:48:29	3af31863b09cfd35305586a5b33e88b9:64u7w3v9GMBEshYTqOw3fUPWilKsw0ta	Q1:方案3,方案4,方案5,方案6,方案7,方案8,方案9,方案10,方案11,方案12,方案14,方案15,方案17,方案18,方案19,方案23,;
2016-08-03 21:54:32	c6c9f1c7ed27216cecb0846db1534116:GFHDlPPu9cp89jfUZXUB3MRPiGrQQnIL	Q1:方案1,方案3,方案6,方案8,方案9,方案10,方案11,方案12,方案14,方案16,方案18,方案20,方案21,方案22,方案25,方案26,;
2016-08-03 21:57:11	cd24d696643a3741086bb54dd3e32602:UkhvN2kuDwNu3FTwEI8GwqVLfu6RsfLw	Q1:方案4,方案5,方案6,方案7,方案8,方案9,方案10,方案12,方案15,方案16,方案17,方案18,方案20,方案21,方案23,方案24,;
2016-08-03 22:09:03	d2733026f3f931372f0a53e8cf4cf78e:IKFSABhYLBUaPtZoKx88YYLiSpzzUlNc	Q1:方案2,方案3,方案4,方案5,方案6,方案8,方案10,方案11,方案12,方案15,方案17,方案21,方案23,方案24,方案25,方案26,;
2016-08-03 22:12:43	4b36d6260eaf702558a60a6aefbfa010:CjfW18sKKU1naFiURNOb3x6ncMQagnj4	Q1:方案2,方案4,方案5,方案7,方案8,方案9,方案10,方案11,方案12,方案14,方案16,方案17,方案18,方案22,方案23,方案26,;
2016-08-03 22:20:56	dfac1b63e25fb151cd630e1520f59f2f:WuwpCcFn9WSeKw8lxmx2wUBzzAt0pLZy	Q1:方案1,方案2,方案3,方案4,方案5,方案6,方案7,方案9,方案10,方案11,方案12,方案13,方案15,方案17,方案20,方案24,;
2016-08-03 22:22:16	d1338241b15962f2fd0cf1c3eac2c948:NeIIwNP4vCDJCFadmU8qOafhRGZzXJfl	Q1:方案1,方案2,方案3,方案4,方案5,方案6,方案7,方案8,方案9,方案11,方案12,方案16,方案18,方案23,方案24,方案26,;
2016-08-03 22:22:28	676dfe7e8f31f38478cf8d4f383f3edb:J6fkDwHX3QUfedoyaN8np2cSfX2hBG6k	Q1:方案4,方案6,方案8,方案9,方案11,方案12,方案14,方案15,方案17,方案18,方案19,方案20,方案21,方案23,方案24,方案26,;
2016-08-03 22:23:22	669e0ba28e51d91c1998a145be1c9b40:2tagS0qO4NFzSzRUSVdT1ZklEExfnxkz	Q1:方案3,方案4,方案5,方案6,方案7,方案8,方案9,方案11,方案12,方案13,方案14,方案16,方案19,方案21,方案24,方案26,;
2016-08-03 22:23:37	c9b7a141b6f736ab70b730d644b4569a:j9u3Q91DmEMFqzGWAu9ukxZaU3DJFlcV	Q1:方案2,方案5,方案6,方案8,方案9,方案10,方案12,方案14,方案16,方案17,方案18,方案20,方案21,方案23,方案24,方案26,;
2016-08-03 22:27:01	f4f2cc032b58e4d950fdce6647ee9278:o0RERsbTRrNyaJwvbyzBHMlaufpdqh0L	Q1:方案6,方案7,方案10,方案11,方案12,方案13,方案14,方案15,方案16,方案17,方案18,方案19,方案20,方案22,方案24,方案25,;
2016-08-03 22:27:27	2d05e0713b3d3c33f1b7aa190dc7c1f5:akzcv1WgFvlDpZyI3KeJZiU1tUi9vRIq	Q1:方案2,方案4,方案5,方案7,方案9,方案10,方案11,方案13,方案14,方案15,方案16,方案17,方案18,方案19,方案21,方案24,;
2016-08-03 22:29:15	3bf2b87f1846441c2f2f7f4220c37668:vAXaWDV1jZc4llikTggFAYGkpeXZjSzS	Q1:方案1,方案2,方案3,方案4,方案5,方案6,方案7,方案8,方案11,方案15,方案16,方案20,方案22,方案24,方案25,方案26,;
2016-08-03 22:30:15	c4554e4c93c58b5bfa99327ee4a19a78:hUnfJyT4H8SvPQ6dcn1goKesdVN782Ki	Q1:方案2,方案5,方案6,方案8,方案9,方案10,方案12,方案14,方案16,方案17,方案18,方案20,方案21,方案23,方案24,方案26,;
2016-08-03 22:31:32	32279f54e5eb311e6cb2e0127afd194e:Wu2MBmWEzPdYetSEbZXlZfjFxBUDdwAW	Q1:方案2,方案5,方案6,方案8,方案9,方案10,方案12,方案14,方案16,方案17,方案18,方案20,方案21,方案23,方案24,方案26,;
2016-08-03 22:32:40	28800bf3e63a138cbb3989f1dfa94105:KI7GJGj9706wbBD7lk2N0GETfcHKCstl	Q1:方案2,方案5,方案6,方案8,方案9,方案10,方案12,方案14,方案16,方案17,方案18,方案20,方案21,方案23,方案24,方案26,;
2016-08-03 22:33:58	2c9b1694f4ef07c3e69d527395ac3b29:WuZyuF0Ihl9OCM1OYcIxZKpqS5wxFHAB	Q1:方案2,方案5,方案6,方案7,方案10,方案11,方案13,方案14,方案15,方案17,方案19,方案20,方案22,方案24,方案25,方案26,;
2016-08-03 22:37:00	39346ac08a493569a78867d8b73fd4a4:vn8Y8DULKSt0Jg4sjlB4o4Kif1QTsJbd	Q1:方案2,方案5,方案6,方案7,方案10,方案11,方案13,方案14,方案15,方案17,方案19,方案20,方案22,方案24,方案25,方案26,;
2016-08-03 22:42:09	9f9005cb8ef625586948d62bd657831f:iUtMSn43SGPPOSxqNYHbchxl1Woaj3kS	Q1:方案1,方案3,方案4,方案5,方案8,方案10,方案12,方案14,方案15,方案16,方案17,方案18,方案21,方案22,方案24,方案25,;
2016-08-03 22:42:59	9372c474d7765497bb0eebed77ef62bd:irvFYZQ5e2w6NpqPTvl5Hhcyz97ju53O	Q1:方案1,方案3,方案5,方案7,方案8,方案9,方案10,方案11,方案12,方案16,方案17,方案18,方案21,方案22,方案23,方案26,;
2016-08-03 22:46:04	8c8acca66013932dca1cafce1cb447a7:i9xMsXaCw8fOGKUcnpY2uY2f2NUaiGLH	Q1:方案1,方案3,方案4,方案6,方案8,方案9,方案10,方案11,方案12,方案15,方案17,方案18,方案19,方案21,方案23,方案24,;
2016-08-03 22:52:08	cc43c2b7a9740305943aa042f28f454a:l4OrnPRRJqCIZTYWgPStpVMiyUqkOurc	Q1:方案1,方案2,方案4,方案5,方案6,方案7,方案9,方案10,方案11,方案14,方案16,方案17,方案21,方案22,方案23,方案25,;
2016-08-03 23:08:39	4eb7a3808440b51cd4261b9c9d339159:ktxgC93PxuOgBuLfoCQhwKIoY0d9rRiP	Q1:方案2,方案3,方案4,方案5,方案6,方案7,方案8,方案12,方案13,方案14,方案16,方案17,方案18,方案20,方案22,方案24,;
2016-08-03 23:18:06	5657ac39c8abfeb81c5e08e6ce6dafcf:SdfSkAaId6d0vuOkoUJYXGLXis2Ygmgb	Q1:方案3,方案4,方案5,方案7,方案8,方案9,方案10,方案11,方案12,方案13,方案15,方案17,方案18,方案21,方案23,方案24,;
2016-08-03 23:35:22	fe05a56fa803221b6fed39364fdf5980:xNULau8dty32LhI4wvgyCDKTGbgmV5UP	Q1:方案2,方案3,方案4,方案5,方案6,方案8,方案9,方案10,方案11,方案14,方案15,方案17,方案18,方案23,方案24,方案25,;
2016-08-03 23:45:48	fd021fabe059652afb4930f5ea1ef22a:eCc7W5grbWXqcBxnbCysexOLeFc2zAA9	Q1:方案2,方案3,方案4,方案6,方案7,方案8,方案12,方案14,方案15,方案16,方案17,方案20,方案22,方案23,方案24,方案25,;
