2016-08-06 08:01:46	d5ca735a64163e7aa5435fe2751ebd70:BEzLHCzqsRsNYZgqtzRWUtrpB4CvJoXN	Q1:方案3,方案5,方案6,方案7,方案9,方案11,方案13,方案14,方案15,方案16,方案17,方案18,方案20,方案21,方案23,方案24,;
2016-08-06 08:08:27	009278f070b00f930bebcb6520863f90:milLCWAvJKOtbk4XCbSaamI07bU4aR79	Q1:方案1,方案3,方案4,方案5,方案7,方案8,方案9,方案12,方案14,方案16,方案18,方案19,方案20,方案21,方案23,方案26,;
2016-08-06 08:10:11	fc347cc5c18813e8e9a235431ab096c0:n5FQlOBF04GxOprrQ1s4ojjAiorLxVfk	Q1:方案1,方案2,方案3,方案5,方案6,方案8,方案11,方案12,方案14,方案17,方案20,方案21,方案22,方案23,方案25,方案26,;
2016-08-06 09:05:23	aa4f951cc95b641ee537a5970ae92182:qWds7CNrzyylKizdrld9ibgCRRuA3BpI	Q1:方案1,方案2,方案3,方案7,方案13,方案14,方案16,方案17,方案18,方案19,方案20,方案22,方案23,方案24,方案25,方案26,;
2016-08-06 09:49:57	21ff346a8b33df228277aea4205ce704:j8vxADE6pUbxTvXbcy0tD3xJGUlKLI6b	Q1:方案1,方案2,方案4,方案5,方案6,方案7,方案8,方案9,方案10,方案13,方案14,方案15,方案16,方案17,方案21,方案26,;
2016-08-06 09:51:45	96fbc18e8107924f4b5d3f6d3984966b:4OCv3HrvcfDxBmmvGrYyU9msI4o0QVu6	Q1:方案1,方案2,方案3,方案4,方案5,方案6,方案7,方案8,方案9,方案11,方案12,方案13,方案15,方案16,方案17,方案18,;
2016-08-06 10:01:06	b1420a81945eaaf2ecf94c4ae0762e44:etM534ruIzLWzwoa7XEKymRYTBbOFCkm	Q1:方案4,方案6,方案8,方案10,方案13,方案14,方案15,方案16,方案17,方案19,方案20,方案21,方案22,方案23,方案24,方案26,;
2016-08-06 10:15:22	1c4eb410f4846f57f2f99564b9cecdab:PHRHdLAE8PLMWy9SQ6GRyYua2v09ti1O	Q1:方案2,方案4,方案8,方案9,方案10,方案11,方案12,方案14,方案15,方案16,方案18,方案19,方案23,方案24,方案25,方案26,;
2016-08-06 10:50:57	7f09049ca91f7f716350fb64a748a851:THMyBj4WLNU0sDY75nDRmQZu8TtuNsqV	Q1:方案3,方案4,方案6,方案7,方案9,方案12,方案13,方案14,方案15,方案16,方案17,方案18,方案19,方案22,方案23,方案24,;
2016-08-06 12:08:30	5ba8a15e7d0ab25c9c760156f0261737:PGZ1psPCObgQq4wRT8eGYJ1oH9vNrRmh	Q1:方案1,方案3,方案4,方案8,方案10,方案11,方案12,方案13,方案14,方案15,方案16,方案18,方案19,方案21,方案22,方案23,;
2016-08-06 12:16:46	e86c67f1475d246693deb23af0e28f23:v6hig71iT9vSgFbamPWng9zxdMQZPB16	Q1:方案1,方案2,方案4,方案5,方案6,方案7,方案8,方案9,方案11,方案12,方案14,方案20,方案21,方案23,方案24,方案26,;
2016-08-06 12:22:42	4ba539fbdccb13ef951416f649e2d184:lmX0exPSMRkqvh20GnsfMCNxOU9Eu6K7	Q1:方案1,方案3,方案4,方案5,方案6,方案8,方案11,方案15,方案16,方案17,方案18,方案19,方案22,方案23,方案25,方案26,;
2016-08-06 12:23:03	e970e25393863ef4ddf1b2c8919d5e66:EUUhvBnBKRDIUXlaN6YdCJwf9Lj8ekNS	Q1:方案2,方案3,方案4,方案6,方案10,方案11,方案13,方案14,方案15,方案16,方案18,方案19,方案21,方案22,方案23,方案26,;
2016-08-06 12:24:54	1659774acd03ee879152d3ec24430a30:n2GghhxzMrFoYk5v5rSUSzIcue4mB7kx	Q1:方案2,方案3,方案4,方案6,方案10,方案11,方案13,方案14,方案15,方案16,方案18,方案19,方案21,方案22,方案23,方案26,;
2016-08-06 12:36:02	99c28bc38f72c8e5267a7281ef837a82:bYq9CXhUYE3nDX8wXYvmaKeaQcPdxsbE	Q1:方案2,方案3,方案4,方案6,方案10,方案11,方案13,方案14,方案15,方案16,方案18,方案19,方案21,方案22,方案23,方案26,;
2016-08-06 12:37:34	92c1830a567a3cb4d0f6b3cc75a1fddf:qhnW3dKfWpR7VwuxSWHAmaMLkJEbnk5O	Q1:方案2,方案3,方案4,方案6,方案10,方案11,方案13,方案14,方案15,方案16,方案18,方案19,方案21,方案22,方案23,方案26,;
2016-08-06 12:39:22	e5ff0f9bbfa7bb02c7df401e5fe2717f:AXgFCL3UipDEcJxSQNFI7sCtWwDbWeY0	Q1:方案2,方案3,方案4,方案6,方案10,方案11,方案13,方案14,方案15,方案16,方案18,方案19,方案21,方案22,方案23,方案26,;
2016-08-06 12:40:42	fc950e7a66159033834147ec1ccd14bf:fO1C72VRVjg9W7VosiAZ0G7BV1UtEMJP	Q1:方案2,方案3,方案4,方案6,方案10,方案11,方案13,方案14,方案15,方案16,方案18,方案19,方案21,方案22,方案23,方案26,;
2016-08-06 12:41:59	581900d2adfa11f409b906caae8b9023:vInxNTX2mSKgMTQtdHVVInfBiB9wW2a9	Q1:方案2,方案3,方案4,方案6,方案10,方案11,方案13,方案14,方案15,方案16,方案18,方案19,方案21,方案22,方案23,方案26,;
2016-08-06 12:44:28	fc216a9b1fcf4d8abc5c590f0e4e1ce8:ERqt5y6PyU8X7uX41iLGkbHU9hLDLoH9	Q1:方案2,方案3,方案4,方案6,方案10,方案11,方案13,方案14,方案15,方案16,方案18,方案19,方案21,方案22,方案23,方案26,;
2016-08-06 12:45:56	40a317e857dd2b3f0c953f744b7bdb44:ySR0aqv8RfzXAkAdm0vqRjN4J5MOjMUV	Q1:方案2,方案3,方案4,方案6,方案10,方案11,方案13,方案14,方案15,方案16,方案18,方案19,方案21,方案22,方案23,方案26,;
2016-08-06 12:48:29	009aa5a7a171eeb87310af17fabef035:OpDQoV2WCVzxnNhr9vwfeKqeATZwWpg9	Q1:方案2,方案3,方案4,方案6,方案10,方案11,方案13,方案14,方案15,方案16,方案18,方案19,方案21,方案22,方案23,方案26,;
2016-08-06 12:50:37	2a3dd43287958f01b18490fd7c517636:gmq60pKaQUZCmUmsah07i5hsq7M9aIZk	Q1:方案2,方案3,方案4,方案6,方案10,方案11,方案13,方案14,方案15,方案16,方案18,方案19,方案21,方案22,方案23,方案26,;
2016-08-06 12:51:44	0bb552538a0bbdc8254b7cafefa278ea:iAqt9uuIbAJNSg7F9UDRpyhuPjpIQSYB	Q1:方案2,方案3,方案4,方案6,方案10,方案12,方案13,方案14,方案15,方案16,方案18,方案19,方案21,方案22,方案23,方案26,;
2016-08-06 12:53:02	c596ee5278de18d3c746490030b92664:0Il88PSQ6YsFN2w1H8D1Ru7cJA9uPuDf	Q1:方案2,方案3,方案4,方案6,方案10,方案11,方案13,方案14,方案15,方案16,方案18,方案19,方案21,方案22,方案23,方案26,;
2016-08-06 12:54:14	e68eabf5699b8630b4c955c1d14f7e72:n4MAClEZ6etJEr1AlNeQVoeoNAN6BvFL	Q1:方案2,方案3,方案4,方案6,方案10,方案11,方案13,方案14,方案15,方案16,方案18,方案19,方案21,方案22,方案23,方案26,;
2016-08-06 12:55:29	0768827eee22c8bb3374712d2a9b40cd:dEWpzaMo3BhIeGBk6MNpuBYfo9s6ehtk	Q1:方案2,方案3,方案4,方案6,方案10,方案11,方案13,方案14,方案15,方案16,方案18,方案19,方案21,方案22,方案23,方案26,;
2016-08-06 12:56:59	36b11d864326bbb15c0b935dc9e5b852:NeT5jfABMxDTWKr6sHsXB8EW0D87Oyrt	Q1:方案2,方案3,方案4,方案6,方案10,方案11,方案13,方案14,方案15,方案16,方案18,方案19,方案21,方案22,方案23,方案26,;
2016-08-06 12:58:07	912ce989c236feca418a517ffcedb13d:8cpqtYdGXrJn2YejA8xG2Exi88oPtnxL	Q1:方案2,方案3,方案4,方案6,方案10,方案11,方案13,方案14,方案15,方案16,方案18,方案19,方案21,方案22,方案23,方案26,;
2016-08-06 12:59:32	78c9933008b4c016d7882ee702a7232c:rK5aoGHSqrjo7a4fWa15hTT5SGIsd5PB	Q1:方案2,方案3,方案4,方案6,方案10,方案11,方案13,方案14,方案15,方案16,方案18,方案19,方案20,方案22,方案23,方案26,;
2016-08-06 13:00:32	4d747c2132a5aac2dea89e0e3cd5a459:ZSu3c3xFGprwqKSHgNIZLuI1SWGVv7OL	Q1:方案2,方案3,方案4,方案6,方案10,方案11,方案13,方案14,方案15,方案16,方案18,方案19,方案21,方案22,方案23,方案26,;
2016-08-06 13:01:41	4883fd055ee6be7b29880845302e285c:Xw6DXsttWtga7sfwd3escyNOSOMTGTmc	Q1:方案2,方案3,方案4,方案6,方案10,方案11,方案13,方案14,方案15,方案16,方案18,方案19,方案21,方案22,方案23,方案26,;
2016-08-06 13:03:02	481c1416d8576234a55082702f024156:wOYskHaLb2WJSyLnvSZXeQhkKuiku0Uo	Q1:方案2,方案3,方案4,方案6,方案10,方案11,方案13,方案14,方案15,方案16,方案18,方案19,方案21,方案22,方案23,方案26,;
2016-08-06 13:04:26	bde83f4135ca9d6eb1d0fe38520941cd:eYmBekSwMFkF4Hoqo5aT2DS5Y6id3slS	Q1:方案2,方案3,方案4,方案6,方案10,方案11,方案13,方案14,方案15,方案16,方案18,方案19,方案21,方案22,方案23,方案26,;
2016-08-06 13:05:33	cb98a6666bfe41bf084026cbe14a0c16:irEkBgGKtgMrGe0dADrY8BE8ya8zCh55	Q1:方案2,方案3,方案4,方案6,方案10,方案11,方案13,方案14,方案15,方案16,方案18,方案19,方案20,方案22,方案23,方案26,;
2016-08-06 13:06:47	2495fb479753352bdfd8a243dd087beb:8XTMmW8dMTsYA5x741x8VT3OoTdttR3R	Q1:方案2,方案3,方案4,方案6,方案10,方案11,方案13,方案14,方案15,方案16,方案18,方案19,方案21,方案22,方案23,方案26,;
2016-08-06 13:07:56	901c6f2342c593aa41d3da5c8e1a2006:J7ylB2YQKMEGDl4cwmNstAU13gq4rRMy	Q1:方案2,方案3,方案4,方案6,方案10,方案11,方案13,方案14,方案15,方案16,方案18,方案19,方案21,方案22,方案23,方案26,;
2016-08-06 13:09:25	961a404181c2107d1794291dff488e20:iN5xnFaX1XxxLqxcClWlebjTWseh8W2j	Q1:方案1,方案2,方案4,方案6,方案10,方案11,方案13,方案14,方案15,方案16,方案18,方案19,方案21,方案22,方案23,方案26,;
2016-08-06 13:11:04	4bea3d496b723d822778ba2454c1b20e:9vLzqKc95GaQhi6QY9eigEoI0sD82ytI	Q1:方案2,方案3,方案4,方案6,方案10,方案12,方案13,方案14,方案15,方案16,方案18,方案19,方案21,方案22,方案23,方案26,;
2016-08-06 13:13:00	fe11438117ec0961e3bf5a8e99615bc0:UA9S4bsfRpDuKNUDMmmyJdMA9uYHugwB	Q1:方案2,方案3,方案4,方案6,方案10,方案12,方案13,方案14,方案15,方案16,方案18,方案19,方案21,方案22,方案23,方案26,;
2016-08-06 13:14:38	0fc11672dad07ae37226f761277ceefd:Mp56MVPcj77WwL71P38X7HJTVnjqNCnj	Q1:方案2,方案3,方案4,方案6,方案10,方案12,方案13,方案14,方案15,方案16,方案18,方案19,方案21,方案22,方案23,方案26,;
2016-08-06 13:16:55	515ea5bfb060da5190de4ccb216f075d:BFCXP12crqQBrJnL3vV3E6L2b9fvcIl3	Q1:方案2,方案3,方案4,方案6,方案10,方案12,方案13,方案14,方案15,方案16,方案18,方案19,方案21,方案22,方案23,方案26,;
2016-08-06 13:18:22	cb74aaf5ea7e2f8b7127f91d1669072a:umrxItg7AAzbqFNrnLQ5XpLQtlEhAtQv	Q1:方案2,方案3,方案4,方案6,方案10,方案12,方案13,方案14,方案15,方案16,方案18,方案19,方案21,方案22,方案23,方案26,;
2016-08-06 13:19:34	3ef4616d89ed70d0637f461b9098c221:kbEghNWj0Dg0P3UyVVxaNXEdqIGDw1dK	Q1:方案2,方案3,方案4,方案6,方案10,方案12,方案13,方案14,方案15,方案16,方案18,方案19,方案21,方案22,方案23,方案26,;
2016-08-06 13:29:33	4facdc586c9709389ce20934bb2d1e9e:zwC5d1kXyHZ8WOMEdmZZjmbS9adlfg0n	Q1:方案2,方案3,方案4,方案6,方案10,方案12,方案13,方案14,方案15,方案16,方案18,方案19,方案21,方案22,方案23,方案26,;
2016-08-06 13:30:43	5372e9ca793d65bb7dc1446692c4ab86:MSXHzF1ZF3t4DHKczkiMwrCxexknHCmk	Q1:方案2,方案3,方案4,方案6,方案10,方案12,方案13,方案14,方案15,方案16,方案18,方案19,方案21,方案22,方案23,方案26,;
2016-08-06 13:31:43	6f8cbafddecee47ed2f056f5d2f2ae24:qAYKwFAx2M90c83ZsXhvzut3W8DPfTqq	Q1:方案2,方案3,方案4,方案6,方案10,方案12,方案13,方案14,方案15,方案16,方案18,方案19,方案21,方案22,方案23,方案26,;
2016-08-06 13:36:27	6e112a8f1466af2f6d41b7b675202642:q8lUGcHAiJcOY265uJusLRyngSrZxmwH	Q1:方案2,方案3,方案4,方案6,方案10,方案12,方案13,方案14,方案15,方案16,方案18,方案19,方案21,方案22,方案23,方案26,;
2016-08-06 13:37:25	58eef5dd82e23489827322a286b35317:IJpZSBz5Pi67T28WIBdhUsMYcc6Nyyjp	Q1:方案2,方案3,方案4,方案6,方案10,方案12,方案13,方案14,方案15,方案16,方案18,方案19,方案21,方案22,方案23,方案26,;
2016-08-06 13:38:27	011ea7d72331ea1367b23a4b549240da:n4dycqSH9EgTxLvFILEiRUzscJw8fnkz	Q1:方案2,方案3,方案4,方案6,方案10,方案12,方案13,方案14,方案15,方案16,方案18,方案19,方案21,方案22,方案23,方案26,;
2016-08-06 13:39:30	b43e846727e52bb592b7a76a1c97b839:6RsLlvV9MHgeamNEyeOuzFNH3ny7CF6M	Q1:方案2,方案3,方案4,方案6,方案10,方案12,方案13,方案14,方案15,方案16,方案18,方案19,方案21,方案22,方案23,方案26,;
2016-08-06 13:40:32	ab5e5fed56cdd696fca4be482570c11a:oqzFnUTksA5r9jSAVxTWez49dMFvBWf7	Q1:方案2,方案3,方案4,方案6,方案10,方案12,方案13,方案14,方案15,方案16,方案18,方案19,方案21,方案22,方案23,方案26,;
2016-08-06 13:41:33	3ad46e241404719e4f7437fe95edb937:eWitZXWra6qmc5w0w2LEZw7BlqSxM13c	Q1:方案2,方案3,方案4,方案6,方案10,方案12,方案13,方案14,方案15,方案16,方案18,方案19,方案21,方案22,方案23,方案26,;
2016-08-06 13:42:34	082794a3c91aa3caeb0a466f9505cb4c:m65fffi90uAzT6zTYl8sy2lLOvGnbko6	Q1:方案2,方案3,方案4,方案6,方案10,方案11,方案13,方案14,方案15,方案16,方案18,方案19,方案21,方案22,方案23,方案26,;
2016-08-06 13:43:32	0f49d65c7d3c3d837f0204ea0e5477f1:HbGRHWYjJRNlzKkJiQeovr5wHmMLqC4g	Q1:方案2,方案3,方案4,方案6,方案10,方案11,方案13,方案14,方案15,方案16,方案18,方案19,方案21,方案22,方案23,方案26,;
2016-08-06 13:43:43	cf76415ab285a9e60475427ef559f8bc:ZTHi4OXVy4HHbwUgGaIPANksi5RAXiPS	Q1:方案1,方案2,方案3,方案4,方案5,方案7,方案8,方案9,方案10,方案11,方案12,方案14,方案16,方案17,方案18,方案20,;
2016-08-06 13:44:25	0d6d58c1974ee864876d30374e862eac:jvWI0ybtuoywXTzOCPQRZfg9mWVswMTl	Q1:方案2,方案3,方案4,方案6,方案10,方案12,方案13,方案14,方案15,方案16,方案18,方案19,方案21,方案22,方案23,方案26,;
2016-08-06 13:45:41	e8f5f0ac48b7ebc5a1f7c22261d581ec:bFTSBUh8V9GxvCKRJuFXCCMipTJ8IMRs	Q1:方案2,方案3,方案4,方案6,方案10,方案12,方案13,方案14,方案15,方案16,方案18,方案19,方案21,方案22,方案23,方案26,;
2016-08-06 13:46:30	620539ab8bc2bc9f3745c34361ccb298:cAIBQYfy0LPNBCXzrc6opY8jlDAGmVVr	Q1:方案1,方案2,方案3,方案4,方案5,方案6,方案7,方案8,方案9,方案10,方案11,方案12,方案13,方案14,方案15,方案16,;
2016-08-06 13:47:00	42faeb3126be1672309926ff77458bf2:vXFSJyVbdoBfrUCSyWmPyBRorTC4ZpLH	Q1:方案2,方案3,方案4,方案6,方案10,方案12,方案13,方案14,方案15,方案16,方案18,方案19,方案21,方案22,方案23,方案26,;
2016-08-06 13:47:55	1a4ac305cd998d6daf016ca3598257e1:aIUSJzB0ChQSMTZy38IRs28VJzzOQuL0	Q1:方案2,方案3,方案4,方案6,方案10,方案12,方案13,方案14,方案15,方案16,方案18,方案19,方案21,方案22,方案23,方案26,;
2016-08-06 13:48:57	23411110a68bd15b301748bc96dc6554:NqPkGRfF6przBnym18LRbhuPNtYLrBxi	Q1:方案2,方案3,方案4,方案6,方案10,方案12,方案13,方案14,方案15,方案16,方案18,方案19,方案21,方案22,方案23,方案26,;
2016-08-06 13:50:40	5b5d605580c3be99e18b27df9bffded6:RuHOFtc0co1E0SBinF18bBWxDopypOvJ	Q1:方案2,方案3,方案4,方案6,方案10,方案12,方案13,方案14,方案15,方案16,方案18,方案19,方案21,方案22,方案23,方案26,;
2016-08-06 13:52:12	3f875b68decc2a56d854518209459b8e:bN9LgrVOL9azRtRPLBNaAobhF5EF9kuE	Q1:方案2,方案3,方案4,方案6,方案10,方案12,方案13,方案14,方案15,方案16,方案18,方案19,方案21,方案22,方案23,方案26,;
2016-08-06 13:53:53	bd252af3ee9a2b81f65d85f42b35a007:BO5xuLKc19MxLNOK6c0mGDNJ3bF9m4UZ	Q1:方案1,方案2,方案3,方案5,方案7,方案8,方案9,方案10,方案11,方案12,方案13,方案15,方案17,方案18,方案19,方案20,;
2016-08-06 13:54:55	cebe0efb1009d6ee8304be2f79b9e6f2:lc4VxsHoNbklJVdNKRgVdMDjJ2hBUI7K	Q1:方案4,方案5,方案6,方案7,方案8,方案9,方案10,方案11,方案12,方案14,方案16,方案19,方案21,方案23,方案24,方案25,;
2016-08-06 14:01:37	31378fcb8038c0a7758b673fcbbfff02:elU6aTKsIpAJp3OApg8SDKM2IvSj18gR	Q1:方案1,方案2,方案4,方案5,方案6,方案7,方案8,方案9,方案10,方案11,方案12,方案13,方案15,方案16,方案17,方案18,;
2016-08-06 14:17:31	06b95655e2bef5f04d14f1830d1d1381:zRzJGbi83mHiX4TPROtfVKzz8YoeHrEM	Q1:方案2,方案4,方案6,方案7,方案8,方案9,方案10,方案11,方案15,方案16,方案21,方案22,方案23,方案24,方案25,方案26,;
2016-08-06 14:17:58	ce06904179f507330d3c8a466772ccb5:Wo8vgUhi6FZDNu84CfAaBC09h62vV3oU	Q1:方案1,方案3,方案4,方案5,方案10,方案13,方案14,方案15,方案16,方案18,方案19,方案20,方案22,方案23,方案25,方案26,;
2016-08-06 14:19:50	d7d420fa712e19f6b5269ee7e23a0fab:0eFUKtwFvgkfEknW9JKn9ky89Q7C7pXG	Q1:方案1,方案3,方案4,方案5,方案10,方案13,方案14,方案15,方案16,方案18,方案19,方案20,方案22,方案23,方案25,方案26,;
2016-08-06 14:23:20	77c2a2f379d0d6e8ef151239d7895e2f:piIMzU55uJcDssmx72MjyYZjtt37dWnx	Q1:方案1,方案3,方案4,方案5,方案10,方案11,方案13,方案14,方案15,方案18,方案19,方案20,方案22,方案23,方案25,方案26,;
2016-08-06 14:24:36	e4880b6938c8ec1fc08bce2f47d8543b:tYySV9VHyZ56kQPkUY9ZCuAcadsi5MuA	Q1:方案1,方案3,方案4,方案5,方案10,方案11,方案13,方案14,方案15,方案16,方案18,方案19,方案20,方案22,方案23,方案25,;
2016-08-06 14:26:07	9c51c94c6c15f592d6246e39cca627e7:Z9SNMMUyj96fy2ZYmk2wArQI08VTIrTb	Q1:方案1,方案3,方案4,方案5,方案10,方案13,方案14,方案15,方案16,方案18,方案19,方案20,方案22,方案23,方案25,方案26,;
2016-08-06 14:27:06	43f9ed2b7e79a62e9501c32e4537d76c:kKBXlw94FfeVHLIci5s26KfkE0FzCixH	Q1:方案1,方案3,方案4,方案5,方案10,方案13,方案14,方案15,方案16,方案18,方案19,方案20,方案22,方案23,方案25,方案26,;
2016-08-06 14:28:13	be3f4d6d0ae734e6abf43ed98efcad26:7MTPTnTSlZa6mpplzuaePItag8gEwLYB	Q1:方案1,方案3,方案4,方案5,方案10,方案13,方案14,方案15,方案16,方案18,方案19,方案20,方案22,方案23,方案25,方案26,;
2016-08-06 14:31:34	92b394d2ac0ecaa5b18400b915b19c10:nPZ8Nahcg3adWys367QIopPOYVtJhdly	Q1:方案1,方案3,方案4,方案5,方案10,方案13,方案14,方案15,方案16,方案18,方案19,方案20,方案22,方案23,方案25,方案26,;
2016-08-06 14:32:43	437a744a47c337d04554439bf52f8d2d:XgpYeUrV50Phch4PHZ2Fw7gTvdS6CeXQ	Q1:方案1,方案3,方案4,方案5,方案10,方案13,方案14,方案15,方案16,方案18,方案19,方案20,方案22,方案23,方案25,方案26,;
2016-08-06 14:33:56	0cc2af0add856f99fa3e9a5f7c1fdbb8:3AMtJlCkgjyOWUBGRnGOme46ygcAvsJ0	Q1:方案1,方案3,方案4,方案5,方案10,方案13,方案14,方案15,方案16,方案18,方案19,方案21,方案22,方案23,方案25,方案26,;
2016-08-06 14:35:49	2b987245de45e13433a16effb7b3cf8f:kpQntfoDtzMAUl5yOkcdkzlgREIH95Bm	Q1:方案1,方案3,方案4,方案5,方案10,方案13,方案14,方案15,方案16,方案18,方案19,方案20,方案22,方案23,方案25,方案26,;
2016-08-06 14:37:01	8faa9762958c41d47644de41910dff2a:zdunQ5ihaQiAaURM45HIaUA07oUrXy4d	Q1:方案1,方案3,方案4,方案5,方案10,方案13,方案14,方案15,方案16,方案18,方案19,方案20,方案22,方案23,方案25,方案26,;
2016-08-06 14:49:42	f3617c274a95ee575333c1c591feb964:NJOWjPpoKvrdt8EADGPglPRHzCEZ1Xa6	Q1:方案1,方案3,方案4,方案5,方案10,方案13,方案14,方案15,方案16,方案18,方案19,方案20,方案22,方案23,方案25,方案26,;
2016-08-06 14:50:48	2a4aa9deb6089f93ac0cb9160306517f:Arb9xqF8BAMRXMC7Qq36BFfSY5dIFnGM	Q1:方案1,方案3,方案4,方案5,方案10,方案13,方案14,方案15,方案16,方案18,方案19,方案20,方案22,方案23,方案25,方案26,;
2016-08-06 15:03:53	4999ad00771ff37c4566a5e16e41d313:1SpGWBYERp4C52uBifoRyZU2mlfMiKVX	Q1:方案1,方案3,方案4,方案5,方案10,方案13,方案14,方案15,方案16,方案18,方案19,方案20,方案22,方案23,方案25,方案26,;
2016-08-06 15:05:52	cbcdc6c86d46f204cb4ffb113819db88:LtZhxFvVLawuRmmscMqKn2DFX3ITYpvE	Q1:方案1,方案3,方案4,方案5,方案10,方案13,方案14,方案15,方案16,方案18,方案19,方案20,方案22,方案23,方案25,方案26,;
2016-08-06 15:06:38	51223fdcc159543470d7a37aed1e7e63:Q82SgnKCtjZ63DVgpppyG6E3mb9RoJiQ	Q1:方案1,方案3,方案4,方案5,方案10,方案13,方案14,方案15,方案16,方案18,方案19,方案20,方案22,方案23,方案25,方案26,;
2016-08-06 15:07:34	d053ff008a2bcf9ba3a106fca11341fa:8seVnYYJnuMTESsVppb4AkHC9lRZlVSt	Q1:方案1,方案3,方案4,方案5,方案10,方案13,方案14,方案15,方案16,方案18,方案19,方案20,方案22,方案23,方案25,方案26,;
2016-08-06 15:14:18	0cfda5c91624608084d9e8a4bd20e486:3DGLSoH2h8p1CYmJT1FBz71jlrXALwxg	Q1:方案2,方案4,方案5,方案6,方案7,方案8,方案10,方案11,方案12,方案15,方案17,方案19,方案21,方案23,方案24,方案25,;
2016-08-06 15:23:26	ebef2e118c4e5413b0e32444445b8e1e:sRyyx9nNDGYkhDDdivVCjGS65IRyvg2Y	Q1:方案2,方案3,方案4,方案5,方案6,方案7,方案8,方案9,方案10,方案11,方案12,方案14,方案15,方案16,方案17,方案20,;
2016-08-06 15:26:58	3779dbe038892ae2defe114f5e048e3e:g92Rzvj8TK0lBFP3Pq0t3hzmuAmXyqQe	Q1:方案3,方案4,方案5,方案6,方案7,方案8,方案9,方案11,方案12,方案14,方案16,方案20,方案22,方案23,方案24,方案26,;
2016-08-06 15:27:31	d0c0ac33833b76764b308d8b5a87a6fc:9URdPvRHMGcaR6tgdCJoEPQKnefHK00X	Q1:方案2,方案3,方案4,方案5,方案6,方案7,方案10,方案11,方案12,方案13,方案14,方案15,方案17,方案18,方案19,方案20,;
2016-08-06 15:48:33	f3f37290ddbb26dbc8586fcbb7df8ca2:t5y0O5KeIk0F75RDvNbFh0W2ItvfcxCw	Q1:方案1,方案3,方案4,方案5,方案6,方案7,方案8,方案9,方案11,方案12,方案14,方案16,方案17,方案19,方案23,方案24,;
2016-08-06 15:48:59	6c22f769b78a1463728bf29072a6a834:xhEFMt4ibLd5A24JnGk1i0yddDZZPjfj	Q1:方案1,方案2,方案4,方案5,方案10,方案13,方案14,方案15,方案16,方案18,方案19,方案20,方案22,方案23,方案25,方案26,;
2016-08-06 15:49:52	262d93b326c7cc77ddd26991e674a154:By3hFJtnFLPtbsNC3YRUxZrOXUHPrQSE	Q1:方案1,方案3,方案4,方案5,方案10,方案13,方案14,方案15,方案16,方案18,方案19,方案20,方案22,方案23,方案25,方案26,;
2016-08-06 15:50:59	42a4f2d8f0c70d1c1ceb07474f155ed4:fXU0bFcc82IIh5yM4qvctwHf6fWs7SNQ	Q1:方案1,方案3,方案4,方案5,方案10,方案13,方案14,方案15,方案16,方案18,方案19,方案20,方案22,方案23,方案25,方案26,;
2016-08-06 15:53:08	aeb0cd24f70a1656dc25bbc983237708:h9ThFwIEr5XBfGNW8KU915HSxO5fFTZh	Q1:方案1,方案3,方案4,方案5,方案10,方案13,方案14,方案15,方案16,方案18,方案19,方案20,方案22,方案23,方案25,方案26,;
2016-08-06 15:54:08	a542c44e189e63d9917b04f5d086e379:zjUp1OrO69RSrEyzEu6LhmBUIHlBDwwO	Q1:方案1,方案3,方案4,方案5,方案10,方案13,方案14,方案15,方案16,方案18,方案19,方案20,方案22,方案23,方案25,方案26,;
2016-08-06 15:56:38	22be0108d0f04331d6c62cb3b6cdae8d:49t1vEI8V7BWtHlpMjeAOYidgjg5KqZe	Q1:方案1,方案3,方案4,方案5,方案10,方案13,方案14,方案15,方案16,方案18,方案19,方案20,方案22,方案23,方案25,方案26,;
2016-08-06 15:58:35	a2de2090933e30822b57c0eb1009814d:ITPBaWo5sIz881losBZb2NMgwMtkoz4A	Q1:方案1,方案3,方案4,方案5,方案10,方案13,方案14,方案15,方案16,方案18,方案19,方案20,方案22,方案23,方案25,方案26,;
2016-08-06 15:59:39	79f2c493fb55574a2c31b75a5929256f:ljAxATCjIaUyAcqh49JCPr9fzjflQInJ	Q1:方案1,方案3,方案4,方案5,方案10,方案13,方案14,方案15,方案16,方案18,方案19,方案20,方案22,方案23,方案25,方案26,;
2016-08-06 16:00:41	3409c2f6643dfdd034f91b07790edd79:YEKZhxZ33fAw7uFRSNswRoegOve318eQ	Q1:方案1,方案3,方案4,方案5,方案10,方案13,方案14,方案15,方案16,方案18,方案19,方案20,方案22,方案23,方案25,方案26,;
2016-08-06 16:01:51	a97cce5c584b2b74fe7d37596bccefc1:FGrOFDc0qZzJW1cDdsf7lPdp1xQoBShA	Q1:方案1,方案3,方案4,方案5,方案10,方案13,方案14,方案15,方案16,方案18,方案19,方案20,方案22,方案23,方案25,方案26,;
2016-08-06 16:07:08	26a2ad166bea8d3326032c87291267c1:z9D1qovskIlEvAliCZPGFINTbwrxGq9o	Q1:方案1,方案2,方案3,方案4,方案5,方案6,方案7,方案8,方案9,方案10,方案11,方案12,方案13,方案14,方案16,方案18,;
2016-08-06 16:10:27	69f018791d63876430f83d327908b4d9:H4Yshj1oKJKbro9gBCoHqEauJTBTrpwZ	Q1:方案1,方案2,方案3,方案5,方案6,方案7,方案8,方案9,方案11,方案12,方案13,方案16,方案18,方案21,方案23,方案26,;
2016-08-06 17:19:09	a243e494aac52aadf714d543462246a6:g9O79HXCdzBmHZhAkGWBgLy0StqzOOV2	Q1:方案1,方案3,方案6,方案8,方案9,方案10,方案11,方案12,方案13,方案14,方案16,方案19,方案20,方案22,方案24,方案26,;
2016-08-06 17:24:46	33e7eb4e8d2d580c30d35bcf4f2c26ac:CfFbaOdTYZI8LHE90cGphF1zT6j0XN5S	Q1:方案1,方案4,方案5,方案6,方案7,方案8,方案9,方案11,方案12,方案14,方案16,方案17,方案18,方案19,方案21,方案26,;
2016-08-06 17:51:54	6881fbcc87954e8ba9671af45ae01f82:xTFtomWce9mC9faK2CXw16JhcHLWv0hu	Q1:方案1,方案3,方案4,方案5,方案6,方案8,方案9,方案11,方案14,方案15,方案17,方案18,方案19,方案21,方案25,方案26,;
2016-08-06 17:59:24	e60c880d6fded03d291d84da8b097ef7:Jv5sfza3wwRfG14J6BdRoSmoVTOjjYAO	Q1:方案1,方案2,方案4,方案5,方案6,方案8,方案9,方案10,方案11,方案15,方案17,方案18,方案19,方案21,方案25,方案26,;
2016-08-06 18:12:32	3b8a103ad50464cc4d817f35cfd2b7e4:uMa1LYaj3OkpsTXfhR2ssHchBhFHsyhX	Q1:方案2,方案3,方案4,方案5,方案6,方案7,方案8,方案9,方案10,方案11,方案12,方案13,方案16,方案18,方案20,方案21,;
2016-08-06 18:26:11	b3c5fe09d329daff44741275fe6d7ae2:ECPUvg6CzG9yGJdUNOAhwlhCl3NTK2V8	Q1:方案1,方案2,方案3,方案4,方案7,方案8,方案9,方案10,方案11,方案12,方案16,方案18,方案20,方案21,方案25,方案26,;
2016-08-06 18:33:38	8d0e582380a79c13476bb5a05edab5c5:GEH67a0QT25iegW2cC9EWu8jgxQpu0mv	Q1:方案1,方案4,方案7,方案8,方案11,方案12,方案14,方案15,方案16,方案18,方案19,方案20,方案21,方案22,方案23,方案26,;
2016-08-06 19:36:16	3101840366f4925f8be85f36bf00db7f:YPSudnJNlkWJszaMmcyJtZQpboESaMVD	Q1:方案1,方案2,方案3,方案10,方案13,方案14,方案15,方案17,方案18,方案19,方案20,方案22,方案23,方案24,方案25,方案26,;
2016-08-06 19:39:24	356f5711ed07e374be4e7526764e5fe0:vOCCvwDUzbxvwgm9L27UsAld5nzqDI5d	Q1:方案1,方案2,方案3,方案10,方案13,方案14,方案15,方案17,方案18,方案19,方案20,方案22,方案23,方案24,方案25,方案26,;
2016-08-06 20:02:19	869453f9479d0bce395296956ae1f175:VV1AXwmMvC0NSknLuXjGhZsz9yP5Arhu	Q1:方案1,方案3,方案6,方案7,方案8,方案9,方案11,方案12,方案15,方案16,方案17,方案18,方案20,方案22,方案25,方案26,;
2016-08-06 20:04:30	b00f542b5a3a409fc437c8b7d5d94a8b:M38MecaFGgjcdZ8ytsAsVNWdaxy5cPG9	Q1:方案1,方案3,方案6,方案7,方案8,方案9,方案10,方案15,方案16,方案17,方案18,方案19,方案20,方案22,方案24,方案25,;
2016-08-06 20:10:28	a8f3efc2228c65888969ff2ab1f70fc0:L059dx2SkhSd0qSIiz3QQx6GqrwLpy5m	Q1:方案1,方案3,方案6,方案7,方案8,方案9,方案12,方案15,方案16,方案17,方案18,方案20,方案22,方案24,方案25,方案26,;
2016-08-06 20:11:49	c0a7e98cbefefe1a8ce16ec81b2c19a5:9qpRB8nVGXqvOWkVrpJC0FdMmPFariNd	Q1:方案1,方案2,方案3,方案6,方案7,方案8,方案9,方案15,方案16,方案17,方案18,方案20,方案22,方案24,方案25,方案26,;
2016-08-06 21:09:47	cc521f34026a12ce252ab8b066265c99:o6ELCFMaDsznLPBnmY9CrHIluyE905N4	Q1:方案2,方案5,方案7,方案8,方案9,方案10,方案11,方案12,方案14,方案17,方案18,方案20,方案21,方案22,方案23,方案26,;
2016-08-06 22:05:59	b9ab17253f3ddf118a45782a1d458047:ie2JHTp13732IBV7HATHy68uExi7PbsH	Q1:方案1,方案2,方案3,方案4,方案5,方案6,方案7,方案8,方案9,方案10,方案11,方案12,方案13,方案14,方案15,方案16,;
2016-08-06 22:10:43	3f39c4dabf12933ae88625a46debcd11:hJvAc9fD0ryBOjpnMJv8f7lYpBbd5als	Q1:方案1,方案5,方案6,方案7,方案8,方案9,方案10,方案11,方案12,方案13,方案14,方案15,方案16,方案17,方案18,方案19,;
