2016-08-01 00:09:09	b9f5cbe1a759b5add045802116aec8a0:QghfPTDsGI1LZ8yaRV7WSVU58NQFdlSC	Q1:方案2,方案3,方案4,方案5,方案7,方案8,方案9,方案10,方案12,方案14,方案16,方案17,方案22,方案23,方案24,方案26,;
2016-08-01 00:12:02	6b84832579d84f94d0135df9a50c389c:jEx0xvFJCzgpYsRQm4I3B61S9eWEE7GK	Q1:方案1,方案2,方案4,方案5,方案8,方案9,方案12,方案14,方案15,方案16,方案18,方案22,方案23,方案24,方案25,方案26,;
2016-08-01 02:12:17	e772f81b0629fdc42ccee7036fce72a8:VDmwW1XfibKxLIpg45H4Zgmhvr9l61wZ	Q1:方案3,方案4,方案5,方案6,方案7,方案8,方案11,方案12,方案13,方案14,方案16,方案17,方案20,方案21,方案22,方案26,;
2016-08-01 08:45:09	413cf8ed39fb3070ddf16c396dfd1330:rOaSf4UWlNr42iylhZ5NUTRd0ARcFBeo	Q1:方案3,方案4,方案5,方案6,方案10,方案11,方案13,方案14,方案15,方案16,方案17,方案18,方案19,方案22,方案23,方案24,;
2016-08-01 08:52:10	8644699291ea0613565691a0434dabf1:xxXaAYVXYjkOaVGWVtlChSyYBgiHTH3T	Q1:方案1,方案2,方案3,方案5,方案7,方案8,方案9,方案10,方案11,方案13,方案14,方案16,方案22,方案23,方案25,方案26,;
2016-08-01 08:54:11	ab4717e53adf8926dedc908b40c05003:SEOxL9BiwHTCZDFLH8H4D9JjjMNxUkZK	Q1:方案3,方案4,方案5,方案6,方案7,方案8,方案10,方案11,方案12,方案14,方案17,方案18,方案20,方案22,方案23,方案24,;
2016-08-01 09:29:04	da166fac1d66abd533f5abd6cf6949c8:PtAGXQNIzt4S1Mi9bWwBIEB0rxjGuIec	Q1:方案1,方案2,方案3,方案6,方案8,方案11,方案12,方案13,方案14,方案16,方案17,方案19,方案20,方案24,方案25,方案26,;
2016-08-01 09:52:36	3702f4099b346eabaebf141386bc3660:7c5W36Ya7SQQYuuMCpJJzoOeljHY3GEF	Q1:方案2,方案4,方案5,方案7,方案8,方案10,方案11,方案12,方案13,方案17,方案18,方案19,方案21,方案23,方案24,方案25,;
2016-08-01 09:53:56	452badd70d0e4f0670d8866004d39022:h2wakkeJG8E4LSBpJibzOKMv3nFT6F8c	Q1:方案2,方案4,方案5,方案7,方案9,方案10,方案11,方案12,方案13,方案16,方案17,方案19,方案20,方案23,方案24,方案26,;
2016-08-01 09:54:30	ae592a1a5aff7aceb7cab91dfa5daf06:R1ft6llicBNdZL14e1H7aSKnwui30BK5	Q1:方案2,方案3,方案5,方案6,方案7,方案8,方案9,方案13,方案14,方案16,方案17,方案18,方案22,方案24,方案25,方案26,;
2016-08-01 10:00:59	0f2fd4dc242a1876e543f894ec52dfea:iZxEUpuHt5Tr6hvUHctfRzVhjiEf2ERY	Q1:方案1,方案3,方案4,方案6,方案7,方案8,方案10,方案11,方案12,方案13,方案14,方案16,方案17,方案19,方案21,方案23,;
2016-08-01 10:08:56	bfb9bd9e7cdcb69f2b125a6f49f744f5:vredggmLD5V04sMZzizEymdhtnTsO51a	Q1:方案1,方案2,方案4,方案5,方案6,方案8,方案9,方案13,方案16,方案17,方案19,方案21,方案22,方案24,方案25,方案26,;
2016-08-01 10:09:13	7a8488dddf2cbb44bf5a8b56efa9d44a:nEfywarqCGzOEWYgV18Se4I4njWFqMss	Q1:方案1,方案2,方案3,方案4,方案5,方案7,方案8,方案9,方案11,方案14,方案15,方案16,方案22,方案23,方案25,方案26,;
2016-08-01 10:31:56	8fcda8532ad1d4527a89c631af31c1bf:r3p03K2sBz1rbwdb3h8AhPQzO67IuTn0	Q1:方案2,方案3,方案4,方案5,方案6,方案7,方案8,方案9,方案13,方案14,方案15,方案16,方案17,方案18,方案19,方案24,;
2016-08-01 10:34:49	f68b3d2679ed2441bce66fe630ae5d83:4vmQRWzXhFEYnDvX8KgyWcWIvCcFRDHJ	Q1:方案2,方案3,方案4,方案5,方案6,方案7,方案8,方案9,方案10,方案11,方案12,方案16,方案17,方案18,方案20,方案23,;
2016-08-01 10:35:07	d50f0f182912149f3fba0a93992b7305:EjfXLOUCHHQI2bX0dKq6ZLpuRsIjzQRl	Q1:方案1,方案2,方案3,方案4,方案5,方案6,方案7,方案8,方案9,方案10,方案11,方案12,方案13,方案14,方案16,方案24,;
2016-08-01 10:44:26	e52e298f30abae67c97d791236265351:3EzKw1I5EF9wS9AIoXZTLhKtDkAJmRRV	Q1:方案1,方案2,方案3,方案4,方案5,方案7,方案9,方案11,方案12,方案15,方案18,方案20,方案21,方案23,方案24,方案26,;
2016-08-01 11:21:13	b26bf287a05ef1536cfbd5be0322f35b:JbC6GeFenNccjOqUqr2US4txOnpGiCVB	Q1:方案1,方案3,方案4,方案5,方案7,方案8,方案9,方案10,方案12,方案16,方案17,方案18,方案22,方案23,方案24,方案26,;
2016-08-01 13:04:19	b65331c3876f78455b4c7266277f8b7a:zEuHiKDDyS4GPeX1HU1T7pVqllxNwRYE	Q1:方案2,方案3,方案4,方案5,方案6,方案7,方案8,方案9,方案11,方案12,方案13,方案14,方案20,方案21,方案23,方案25,;
2016-08-01 13:18:31	974a14287b57843abffa804f1bec0958:xxtIV0hKj4iecOWGCy3KB2cXRoJnDrMs	Q1:方案4,方案5,方案7,方案8,方案9,方案10,方案11,方案14,方案16,方案17,方案18,方案19,方案20,方案21,方案22,方案24,;
2016-08-01 13:50:53	bf4516c1a1044b53b395df80bba26c7f:BNPUZxcfryPGIl2C7e62zzfmQrmgoQCR	Q1:方案2,方案4,方案5,方案6,方案7,方案9,方案10,方案12,方案13,方案14,方案15,方案16,方案17,方案18,方案19,方案20,;
2016-08-01 13:57:39	1ef3589f197321b0ab4a199136b03b20:B4gPD1RiTPphLdQA9MXC5j43oxqxHdKG	Q1:方案2,方案4,方案5,方案6,方案7,方案9,方案12,方案14,方案15,方案16,方案17,方案18,方案20,方案22,方案24,方案26,;
2016-08-01 14:24:08	23b5edafa7f441e05879a6d0f6fb7ee8:58x1XXSrSAgmc4IQBpeiKyTyd87tMZBv	Q1:方案2,方案4,方案6,方案8,方案9,方案11,方案13,方案15,方案17,方案19,方案21,方案22,方案23,方案24,方案25,方案26,;
2016-08-01 14:26:58	74d971df565207dd3c3641d46725f965:lB2MtEAomWLh7rRWKYeIdszdD8aZMqvP	Q1:方案1,方案2,方案4,方案5,方案6,方案8,方案10,方案11,方案12,方案13,方案14,方案15,方案16,方案17,方案20,方案21,;
2016-08-01 14:29:52	7743b0d803ba77faa6a55032fc862d41:lqe54INSFumyjv7FgJU66tiuInxFYnHh	Q1:方案1,方案2,方案4,方案5,方案6,方案7,方案8,方案9,方案10,方案13,方案14,方案15,方案17,方案21,方案23,方案24,;
2016-08-01 14:31:02	6b72bdd067b3f653e062d740198e33dd:akDQqalpHFBDt2CrjyReRmUKLNzyFHsz	Q1:方案1,方案3,方案4,方案7,方案8,方案9,方案11,方案12,方案13,方案14,方案15,方案18,方案19,方案20,方案22,方案25,;
2016-08-01 14:31:33	059bc03c88e40f3170827fc4130132fa:JPwIOUDm2eJ1dy6psSAMVXXeknPjoSDp	Q1:方案1,方案2,方案4,方案5,方案6,方案7,方案8,方案9,方案10,方案11,方案12,方案13,方案14,方案15,方案21,方案23,;
2016-08-01 14:35:18	5f60b201ac2ee355a0975563b7b2b2a1:80VMQ1JHHl7x8ngqmLIB7PvBeaKAZI6u	Q1:方案2,方案4,方案5,方案6,方案7,方案8,方案9,方案10,方案11,方案12,方案13,方案14,方案15,方案16,方案17,方案18,;
2016-08-01 14:41:05	3207534db1cfb154ba05640b99b825c1:SNQIpSnHHzwy25c6XiBJ8ooVjJiEEy6G	Q1:方案2,方案4,方案5,方案6,方案7,方案8,方案9,方案11,方案12,方案13,方案14,方案15,方案17,方案18,方案19,方案20,;
2016-08-01 14:43:38	9724a5a6f829a483b40ca3bafbfff870:pKIDclJeJbnYffU6XXvLTKQ8qxYcRAxk	Q1:方案1,方案2,方案4,方案7,方案8,方案9,方案10,方案11,方案12,方案13,方案14,方案15,方案16,方案17,方案19,方案21,;
2016-08-01 14:43:58	23c9051dce8c820502c96608f5dc80b0:VQsJFGGy7KwHRRSc5EqkqXUzIpLLVFnM	Q1:方案1,方案2,方案3,方案4,方案5,方案6,方案7,方案8,方案9,方案10,方案11,方案12,方案13,方案14,方案15,方案16,;
2016-08-01 14:45:45	af3c8e534025844080a2af37fff329f9:A6IcWMN067FiiJlNRpJvgUja8WH0jXMK	Q1:方案2,方案4,方案5,方案6,方案7,方案8,方案9,方案14,方案15,方案18,方案19,方案20,方案21,方案24,方案25,方案26,;
2016-08-01 14:50:51	a99a93cbe389841179b62363eddb60ac:pvbGw7wSZcuins1fZRyFJ1chcZAmgnT9	Q1:方案2,方案4,方案5,方案6,方案8,方案9,方案10,方案11,方案13,方案14,方案15,方案16,方案17,方案21,方案25,方案26,;
2016-08-01 14:52:43	47db3a8ab4f62b99d0be60413463abca:Ift6XYipKtWKNcoPfnr8idm9x7DJTnZs	Q1:方案2,方案4,方案5,方案6,方案7,方案8,方案9,方案10,方案11,方案12,方案13,方案14,方案15,方案16,方案17,方案18,;
2016-08-01 14:56:07	520ca95852642baf805ae7aa3370f44e:0E1cVE6aEvRlDIPaXnEIIYqlhjHn3M8G	Q1:方案2,方案4,方案5,方案6,方案7,方案8,方案9,方案11,方案12,方案13,方案15,方案16,方案17,方案20,方案21,方案23,;
2016-08-01 14:56:54	d47d6e5336b28ddd8b7ffbfd953b888b:zCb1naLUBenIDa1mC0NqECXnhlstEIfL	Q1:方案4,方案5,方案7,方案8,方案9,方案10,方案11,方案12,方案14,方案15,方案16,方案17,方案20,方案22,方案23,方案24,;
2016-08-01 14:57:41	36ff4575f4bcceccbf1f873971510ac6:GfLX2GhQg0nnHc49HZutzsIOYWBt23aN	Q1:方案2,方案3,方案4,方案5,方案6,方案7,方案8,方案10,方案11,方案12,方案17,方案20,方案21,方案22,方案23,方案24,;
2016-08-01 14:58:34	9c8acb7e6ee69e2b953a935620430b0e:iGbCrTzH5pKRp9fnzSp1c1hrY3jbRFC2	Q1:方案2,方案4,方案5,方案6,方案7,方案8,方案9,方案11,方案12,方案13,方案15,方案16,方案17,方案20,方案21,方案23,;
2016-08-01 15:00:52	d7a07ae9022c416a0358b7b31c242fae:Smp1NDDFLTwq6zCN6WHP1DdOv8RTzuGq	Q1:方案2,方案4,方案5,方案6,方案7,方案9,方案10,方案11,方案12,方案13,方案15,方案16,方案17,方案20,方案21,方案23,;
2016-08-01 15:04:22	98086fdd2fa223b3bfb3bcb7b4fe6f8a:IB6z8lo3WyLUcoXkI3gPNDlVUFqz3Ju4	Q1:方案2,方案4,方案5,方案6,方案7,方案8,方案9,方案11,方案12,方案15,方案16,方案17,方案18,方案20,方案21,方案23,;
2016-08-01 15:06:51	3e90b9189142d912a8e027b40fb2c488:TchxpbRui99i2DImsgyLl44MebRUDfUD	Q1:方案2,方案4,方案5,方案6,方案7,方案8,方案9,方案11,方案12,方案13,方案15,方案16,方案17,方案20,方案21,方案22,;
2016-08-01 15:10:51	8ff8caa3a31fe72c795a52074ae75020:eQ5sSLjn7IDrDTU7pntlwrHKRwxoMTGB	Q1:方案2,方案4,方案5,方案6,方案7,方案8,方案9,方案11,方案12,方案13,方案15,方案16,方案17,方案19,方案21,方案25,;
2016-08-01 15:12:48	3e99b61269c22d6e9459867e8f356558:Etv1ZSA518s4cNKiE2jRWCvI4obzQ0bC	Q1:方案2,方案4,方案5,方案6,方案7,方案8,方案9,方案11,方案12,方案13,方案15,方案16,方案17,方案19,方案21,方案25,;
2016-08-01 15:15:16	a6667ea657db80c8bb42653127cadc3a:xZ7dQDMioPSBLPLerPRTWgYFW7K8APNp	Q1:方案2,方案4,方案5,方案6,方案7,方案8,方案9,方案11,方案12,方案13,方案15,方案16,方案17,方案19,方案21,方案25,;
2016-08-01 15:17:07	3de61c71e68608abde6dbdfad7e1ef95:BD9cmlmC0qB5O66sbbeA6GQ8eOMlNMkw	Q1:方案1,方案4,方案5,方案6,方案7,方案9,方案11,方案13,方案15,方案17,方案20,方案21,方案22,方案23,方案25,方案26,;
2016-08-01 15:17:12	89dad76b5c502c629632b1eb25f09555:7lo0NLGm3hL9dbZ8fkm8hbeoDWbZ8tg0	Q1:方案2,方案4,方案5,方案6,方案7,方案8,方案9,方案11,方案12,方案13,方案15,方案16,方案17,方案19,方案21,方案25,;
2016-08-01 15:52:23	10b85b17c0b3894879107f24a8f0086b:AkPppoky7mUgc0GTS9kPjhMPpuqqQ2fH	Q1:方案1,方案4,方案7,方案8,方案9,方案10,方案12,方案14,方案15,方案16,方案17,方案18,方案21,方案22,方案24,方案26,;
2016-08-01 16:20:21	44361908cd00b1d57adc1b03b69bb63d:x23x3uPn7Gv9O8aefin5daddqwOPzl6t	Q1:方案2,方案4,方案5,方案7,方案8,方案9,方案11,方案12,方案13,方案16,方案17,方案18,方案21,方案23,方案24,方案26,;
2016-08-01 16:27:57	f5052fb6ffd9e733333362a3c83a7264:DkIiWviG9olF2rQC8ZseroJnh5iQuzKi	Q1:方案2,方案3,方案4,方案5,方案6,方案7,方案8,方案9,方案13,方案15,方案16,方案17,方案19,方案21,方案22,方案24,;
2016-08-01 16:57:52	942b5030a6ac9c15073105f8c4f553b1:jhqcXDbMkpVtV8DFZSZhl3KuLVDOcpZf	Q1:方案2,方案4,方案6,方案7,方案8,方案9,方案11,方案15,方案17,方案18,方案19,方案22,方案23,方案24,方案25,方案26,;
2016-08-01 16:58:29	75d291a06ffeb9798fee0984b547ba81:pJ3b66xWIxEMLFM7xCNfzYN6Bqix8HxJ	Q1:方案2,方案4,方案5,方案6,方案7,方案8,方案9,方案11,方案12,方案13,方案15,方案16,方案17,方案19,方案21,方案25,;
2016-08-01 17:04:32	d34554200304376b686d0f535957d34e:YcfmH2y0DJ2GZ5QmtHMxmCsui9zrasbt	Q1:方案3,方案5,方案6,方案7,方案8,方案9,方案10,方案11,方案13,方案14,方案15,方案17,方案18,方案20,方案22,方案24,;
2016-08-01 17:05:28	90501c859d2114ce5a889bdac410d8c5:dRFjhJVaGdGvE8j66V3SdW2xYU9g1jqD	Q1:方案2,方案3,方案4,方案6,方案7,方案9,方案11,方案12,方案13,方案15,方案18,方案19,方案20,方案21,方案23,方案24,;
2016-08-01 17:13:20	3449fa61144c11d32fe901bf10999a4c:PD0jZN1nrxrvlUG5YI2QXaGrc7bbIGqO	Q1:方案2,方案4,方案5,方案6,方案7,方案8,方案9,方案11,方案12,方案13,方案15,方案16,方案17,方案19,方案21,方案25,;
2016-08-01 17:28:13	38a153b3badf26362cd6d55035deb3b1:eTwrllf5cFqb28ao5u29duaEWQQLRGJB	Q1:方案1,方案2,方案3,方案4,方案5,方案7,方案8,方案12,方案13,方案15,方案16,方案17,方案18,方案23,方案24,方案26,;
2016-08-01 17:38:10	00caf3c28ddd6ad9fe53cc3b8c578d78:e5nQFdB6jK2xlSRPS7avBAz80GS3plbY	Q1:方案2,方案4,方案5,方案6,方案7,方案8,方案9,方案11,方案12,方案13,方案15,方案16,方案17,方案19,方案21,方案25,;
2016-08-01 17:48:05	5f81eb331bf8ae19c5486c28e461b822:6QHxtQUwqQjbDdWdLBHEdwM7mRXXvYlO	Q1:方案2,方案4,方案5,方案6,方案7,方案8,方案9,方案11,方案12,方案13,方案15,方案16,方案17,方案19,方案21,方案25,;
2016-08-01 17:52:27	df027b4f59fd447d0740d4c22dc50772:SYKvOwSbvwnErf4cH2esYBGMvqcIsxLF	Q1:方案2,方案4,方案5,方案6,方案7,方案8,方案9,方案11,方案12,方案13,方案15,方案16,方案17,方案19,方案21,方案25,;
2016-08-01 17:57:00	6e5e4de55f52db703c26b45d6c44b4d0:nk9qmfgqWdtnTv7xVQFI4ZEyh2OLyqcG	Q1:方案2,方案4,方案5,方案6,方案7,方案8,方案9,方案11,方案12,方案13,方案15,方案16,方案17,方案19,方案21,方案25,;
2016-08-01 18:01:24	f5670f6bafbbd2817cf26a5d3930087f:GsP1QUZT2MmvKyBX3Yrkv5xlOxNTpudd	Q1:方案2,方案4,方案5,方案6,方案7,方案8,方案9,方案11,方案12,方案13,方案15,方案16,方案17,方案19,方案25,方案26,;
2016-08-01 18:10:01	b2357ba4a94551bc8f7cf30fa507f560:RFw1H5GoSjhaITxueW5W7IWMqociSDUi	Q1:方案2,方案4,方案5,方案6,方案7,方案8,方案9,方案11,方案12,方案13,方案15,方案16,方案17,方案18,方案19,方案21,;
2016-08-01 18:12:26	705d594b23c8f05a29b63bf2cb5846c3:NLLZ7La0cUFik7rOHOA072iWeAUXtaEl	Q1:方案2,方案4,方案5,方案6,方案7,方案8,方案9,方案11,方案13,方案14,方案15,方案16,方案17,方案19,方案21,方案25,;
2016-08-01 18:18:18	6abeda2f2c2da691b1a9ebab82c69d4f:CLZuHbff9j1IWyFsW1qPNsUNiQqkKvZu	Q1:方案2,方案4,方案5,方案6,方案7,方案8,方案9,方案11,方案12,方案13,方案15,方案16,方案17,方案19,方案21,方案25,;
2016-08-01 18:20:29	4b8a76a378d4eeb2d28e327ac69194ef:bpZcOFlOQ9AYw4gCiqXAJpYi6nHx9q9o	Q1:方案2,方案4,方案5,方案6,方案7,方案8,方案9,方案11,方案12,方案13,方案15,方案16,方案17,方案19,方案21,方案25,;
2016-08-01 18:52:25	022bcc2cd8c23f176c4544a946329481:TZyk4ML09b2m7q8hR0L10JwF3fsqzopk	Q1:方案3,方案4,方案5,方案7,方案8,方案9,方案11,方案12,方案14,方案15,方案18,方案19,方案20,方案23,方案24,方案25,;
2016-08-01 20:10:18	a5abd9dd1dc2cd782fc8f456352c040a:WWR1LZ4ld0UwVjmpcaEXajsvlfnZMoiG	Q1:方案2,方案3,方案4,方案5,方案8,方案9,方案10,方案11,方案12,方案15,方案16,方案17,方案18,方案22,方案23,方案24,;
2016-08-01 20:13:25	bc3b93f43eba8c42fc3b35b2696222a5:JtpJVCvODKV7zNPozsyHNJhdhTg1IWdd	Q1:方案2,方案3,方案5,方案6,方案7,方案9,方案10,方案11,方案12,方案13,方案16,方案17,方案18,方案20,方案23,方案24,;
2016-08-01 20:13:39	b88b697f3c54ae17c7b84a8e3272a8b5:Tlmfty759LwZ0XWotZ48asvZsNsSYTi1	Q1:方案1,方案2,方案3,方案4,方案5,方案6,方案7,方案8,方案10,方案11,方案12,方案14,方案15,方案16,方案18,方案23,;
2016-08-01 20:17:05	66b8fa7e1f6b2855ae330789800351d7:pkmTVNuHGPp2V0oDdD1r7kriZl95FSoJ	Q1:方案1,方案2,方案4,方案5,方案6,方案7,方案8,方案10,方案11,方案12,方案15,方案16,方案18,方案22,方案24,方案26,;
2016-08-01 20:21:48	581b12374d7c5e0ce083f519da8ca1af:ggXLDHtSXwZOz5FqfYmfSpWmEzQoG2uA	Q1:方案1,方案2,方案3,方案4,方案5,方案6,方案8,方案9,方案10,方案11,方案16,方案18,方案21,方案22,方案24,方案26,;
2016-08-01 21:36:43	4e39b1e48fa6f54a859a31a29d7986e9:nJfDno9VPicW3h9LZ7KacuLR6qD6HBQR	Q1:方案2,方案5,方案6,方案10,方案12,方案13,方案15,方案16,方案17,方案18,方案20,方案21,方案23,方案24,方案25,方案26,;
