2016-02-28 00:01:13	bf983c464c8a990ffd058f310b33f839:aKqT4eptcQKWryCPVZPYqnU3cbHdBVJK	Q1:咱的社子島,;
2016-02-28 00:02:35	2b9742c3092a592d876a0b0116eb7d77:HmTU2q8PaMYyE1bNU5yraFzwi6E1cbHA	Q1:運河社子島,;
2016-02-28 00:05:46	51108ceae35a3138bc6b86b1955ef702:bARjnWqYSU1cHnMP5hhKKoeBtaXmtOQ4	Q1:運河社子島,;
2016-02-28 00:07:15	81a728e724f193a1d069ae896fe39c2c:biX0onbGwhIM83gPaFuogWC0QUsjLIuk	Q1:運河社子島,;
2016-02-28 00:07:38	51b03e4b4c1858a49f32f0c695f6685a:oqGcx2nZQkMYjqPCGZxxJIbez57g5v4z	Q1:生態社子島,;
2016-02-28 00:10:46	09788d8f32dd861c9ac892877973ab0f:AKl89kzkCvixnr7e8HFEQeYQM6I1ul1O	Q1:運河社子島,;
2016-02-28 00:11:49	1516d0de0dde9ac30ef112886a015e1e:1zNcjWe2c0ro6ZpMlS5QLHOxQ3lrhDSA	Q1:運河社子島,;
2016-02-28 00:15:22	c4dff9a76f849f92a818de8c5d03cf02:1BUD9T013zQhCtmDXAiSu0LAB9pX1r6d	Q1:咱的社子島,;
2016-02-28 00:17:31	c562edf8a7c937077f3bb9c839d4a847:AFBAi6U3IOd9mHFFDZSPqflhxwAHwXFS	Q1:運河社子島,;
2016-02-28 00:18:46	17f1d1e62bb67906148e456f5ace36d3:NvtYhj2MSIe39RUZKfEz17Ixwrh3cy6n	Q1:生態社子島,;
2016-02-28 00:21:10	f0fccb2132304e0580ba1f8beb1fd8e5:OZB2whxd3fYwkH4PKwWIF59OGHVPlNrm	Q1:生態社子島,;
2016-02-28 00:22:24	3f300f3d120ed34ccc15e53d18b7942a:RlYwWelNxQ5skPwPeVnUgPjPxOI9xodc	Q1:咱的社子島,;
2016-02-28 00:23:57	eb0fe0e6d237c28579dab9d75b230afc:mmW7ubajj24ZksETT6179wYlYqGaPUVw	Q1:生態社子島,;
2016-02-28 00:26:33	782ac405fab6fb17a720970e74aa5ec9:59cghv09fRTybwQpz8bgfjm8JrnXjfZb	Q1:咱的社子島,;
2016-02-28 00:27:19	a8eed9c7662e283fbc8061cea7845255:WwQYxgvwg4REBkyfuuDc0rM05BaIUMfq	Q1:生態社子島,;
2016-02-28 00:29:55	af15439d3cbf9088dfc502b3e91374b9:g2s077cTtHwtxpo8pKzQiAJm0YMhRxAV	Q1:生態社子島,;
2016-02-28 00:32:46	1171a5efb06282f07650a46cbee6e001:7ftmK0OlrHNISdKOT8Oxnpiw4ZgAjyFD	Q1:生態社子島,;
2016-02-28 00:33:11	34fe53d3c8bf6855a924d4a45e7aa34c:2HTaOruvV4YQu4j865DmSRW2nW0HFM0M	Q1:運河社子島,;
2016-02-28 00:34:06	b7f28bf0bd54e456a15b70712b68ffa1:Oqb78z0isk43kXv0sfgnDLQORaQKmYGM	Q1:運河社子島,;
2016-02-28 00:34:29	8d329928df393534e27d7a747a613ec8:TsMe64FMOHOoYj0mKfnaIFbDJrJRTOKs	Q1:運河社子島,;
2016-02-28 00:34:47	e39710712834eeaf7686d669741ebb07:CkCio5Qbb13qAzV30quowawAMMvvKX1y	Q1:生態社子島,;
2016-02-28 00:34:49	f081d2b103c583776a79782d45a09de8:bbH9r7akcK0N0uePVyvfEU8kLNQTrHHL	Q1:生態社子島,;
2016-02-28 00:35:02	e3f73b873595caf6740967e7c7331a86:xaRoJzK2DkbJJNsQr5AjUVetLorRXOdy	Q1:運河社子島,;
2016-02-28 00:35:35	6a4d17f061ecb001aba802bba55a885e:hwRF3zoczCGelN3M9sPM4949HeZ64Izy	Q1:生態社子島,;
2016-02-28 00:37:09	417136a04bf386807f05f4392eb45769:Qfm2wB3P4qzyvpxojNQyWQaD853NOkP7	Q1:運河社子島,;
2016-02-28 00:38:40	a0ffab28498367d7e7f9dc216a91f58c:pg839GmDKWMUBEoJJMPjljTw2nXdgjJs	Q1:運河社子島,;
2016-02-28 00:38:57	4d0b949799ef38812b5b45badf4c0f4e:4sBHJDcfgXZrhthAvUgbnpYubGpUalke	Q1:生態社子島,;
2016-02-28 00:41:24	433d530ab3f7cb0f198294df5e693736:vJVNBwGdwrvyXMNdm9SoX2SlB6EZvV93	Q1:生態社子島,;
2016-02-28 00:43:44	e1cfe829fd6bdbacf87f044e2aa03f8a:MqJhVvFdXmlLLNsRkRMTnbyovdLpNPua	Q1:運河社子島,;
2016-02-28 00:41:33	199b00334117b741db3b76439eb4c378:h3i6DvyaBtH2Zghsm87YgvbnLIAI2X7Z	Q1:生態社子島,;
2016-02-28 00:45:07	5b4b63454de3ab2f526eb04dacfa62d8:qhgcP89WeorLczGNGITpBWX7QQP8WBKs	Q1:生態社子島,;
2016-02-28 00:45:14	7a2ce562c58a802a5b1fb916ea8fdcb7:T0Jg4h0JzUV165ao2rI5zjwmXbtyuKTD	Q1:生態社子島,;
2016-02-28 00:45:19	cce0e2d427f1a0f8635d573c597958d3:zLXZiJblaZ7B2A2AleOxu1ByyWbbyGLL	Q1:運河社子島,;
2016-02-28 00:46:00	dcbd6fbec20f44a927cf13fee6270d34:7KrHP1wfkp8Z8Pm8xsbTWXAonazvPdm5	Q1:生態社子島,;
2016-02-28 00:46:25	99f3adb22c36ea758c53c9bbfd41ac5a:24BDWhxNGb7XlUsMUAcamBcJN44c8tWw	Q1:生態社子島,;
2016-02-28 00:53:49	cc9f2c9eada634ac8a06d2676292b778:vM130538deYMjbaCO6gPmqnhP4f4wpqn	Q1:生態社子島,;
2016-02-28 00:53:51	58a8fcbcb96e9a687cf55bf0f3e4adc6:RUSdxZ8mIMddImQDyoHrmJDbcJ8rzTzW	Q1:生態社子島,;
2016-02-28 00:54:18	f411bd5fd7b4a75c7e7a7982aa3fec0f:frYCIMBrab318KtSgP2o6F9DBH5zzpfw	Q1:運河社子島,;
2016-02-28 00:55:42	84a65e9771fb8c4c1890132053c04629:d4hSA4TT26lGbDPbOCjQ7dFJkQQ1fvkC	Q1:生態社子島,;
2016-02-28 00:56:53	e562966c9c7b97562054ef62b1c497a5:EMzMpLFF3XF73gLzQYvekuGRppDBH4PA	Q1:生態社子島,;
2016-02-28 00:57:47	89363a4b158f35620118e96f233cce29:r7pCQfmRSU7KLFXxY0JP2cj0xjouHkpG	Q1:生態社子島,;
2016-02-28 01:07:10	eb15b90326c804d1d1c891a27db849c7:E2HWyHbLl9sZ8rDPAdte1AutACObp5CZ	Q1:運河社子島,;
2016-02-28 01:07:54	440046b008c1bdd8a2670aa6801602e4:aRCDmyOwR6Om5KSd8UbfCWtSTDmHmtW8	Q1:生態社子島,;
2016-02-28 01:09:35	ba8d0cbb06961b6b7d293c1ffa74ad5f:quZOZVkddDfgiBH3dKAs4DUfdo2Z5qAZ	Q1:咱的社子島,;
2016-02-28 01:10:35	87ec9783db9e40b13ce0dee0ed1a5d77:JqQJZn6oOotPNKq8LI1VksK2VV7fD4Mg	Q1:不開發,;
2016-02-28 01:10:52	5b54c13c077cd252111c297fab1159dd:JEDA3wzFtBqB61IrjaBOxDrhh1BszBZg	Q1:不開發,;
2016-02-28 01:14:27	92991ccd33b3f54246008dc03af09675:Gq2LRLzHepb8T6lqBZCP4EYva6LGCtob	Q1:生態社子島,;
2016-02-28 01:14:54	a5577a587c58bcc960334e104a816729:tK5IfuToFPkEDnSOEgV0cxA034lVx1TA	Q1:咱的社子島,;
2016-02-28 01:15:52	7b653fd3522dc898442b04959e9e041d:tgdR4KsRccN4NB0kEgh6Ez4vKArTFM1A	Q1:生態社子島,;
2016-02-28 01:16:15	3ecfc823e1d064b2aa1e413f9a5297ea:KAWodB72OkGw5FSHLNfyIlkL0s6hPDDt	Q1:生態社子島,;
2016-02-28 01:25:01	53d65faeed5fcb422ce5d376aa69b2fa:EmupNPjQ8gv1j8KjxuiGz2io90KbpxV9	Q1:運河社子島,;
2016-02-28 01:25:22	63ad63776aef84ccafd4a1d42300a83f:1TfahSTnBYEvJBFHM3RhoQupUtJqMwCM	Q1:生態社子島,;
2016-02-28 01:26:56	a8930b3a88bebb5c1ab7abc09bfef85e:9bLvQWdmscHJX6C0Z1AAzRQhRQBryU54	Q1:運河社子島,;
2016-02-28 01:28:34	5b34fb6ec59fa8c1847a6190c2b76977:f8DwFi1RSKHzbUX9ByBUgeok0XnAl4uU	Q1:生態社子島,;
2016-02-28 01:30:31	ed62b193e405f4195c34dc6c500001cf:KhA6H3OUixlqyFRvNtPoZSrpqd5Sa2z0	Q1:生態社子島,;
2016-02-28 01:30:37	008eebca529bd3d7777a0bd8b23fe3f2:8h5n4LyZeE9y8ORd0oYc1FC8EstSxYqj	Q1:運河社子島,;
2016-02-28 01:31:27	9be5f3b2822566fde10bdc5440e23aa6:nXAg07ULP8rXDhM5dzcTmrElw1NFKfSD	Q1:生態社子島,;
2016-02-28 01:33:57	204ff06bc3006c4526847b71b5c69eae:RmRdZwMBzSRXtbBcC5sakBqppSY3uOhy	Q1:生態社子島,;
2016-02-28 01:34:11	24a66260380dc8fe3a123e696a999ecd:MCHBf01FDWMucW36trnh3aCSBgjmYR5W	Q1:運河社子島,;
2016-02-28 01:36:14	29bdd0726b4b207248b92ce174b29134:eD52YPFEr05X3bZ5HaR8biXDAYXPP0No	Q1:不開發,;
2016-02-28 01:38:12	a248788e97c110483632296e7076736c:j7Vm9Ye4hFZsEeJvdlqlbGnwNkt2CE0r	Q1:咱的社子島,;
2016-02-28 01:39:18	a6afb6bf618924493e74079967fb9d25:e4PQ4BjjKvTQoV9XF4qsMiDjZpiZ1HM1	Q1:運河社子島,;
2016-02-28 01:39:18	71d1665a5614362a89e35d6902641e38:6AZAteb5n2nTtcsSxXnBErb7E23o8rZF	Q1:生態社子島,;
2016-02-28 01:39:43	984781f0dc469cb6e672c235d82c1568:XWAts44YIsIdJbBp4H2Fh3HYPuRsWqO8	Q1:生態社子島,;
2016-02-28 01:39:59	3ff66ab3542c3fd39189ec69c598e687:r1QRQjaiIUN1ufLmprtjqlobJ5mZcd5G	Q1:生態社子島,;
2016-02-28 01:54:44	5fcd2a2f2f39bc8cf6bd80c29938648f:Xt6mUzNcbIn4CojsS0ERCvwqKRYuKgc8	Q1:生態社子島,;
2016-02-28 01:54:59	5bc9a981e64fbc2def12163928b62385:zVkTgySU5c7Hdec7KVOdagdo0ccMPPdS	Q1:咱的社子島,;
2016-02-28 01:55:29	3e4dae6147b14d77874fbeb2959e7a0c:vajPTVxt0UEf6tmZl3xhNYMq7QnAIF9b	Q1:咱的社子島,;
2016-02-28 01:57:15	28ffa074762896ea0da3935c071f633f:fNth33SjamnrcNUir8kcTxo4qgc0tUME	Q1:生態社子島,;
2016-02-28 02:00:26	12edbcd469669287866c7f477eca8068:B2HdKWCojspD95Yy6bZ66Sjhkfqahboo	Q1:生態社子島,;
2016-02-28 02:14:34	e99f0348d6078e2e177d00904104ed4d:xjpatg1Gp2rdeNR9F0xmt3a0gOKMhvA1	Q1:運河社子島,;
2016-02-28 02:19:31	a99f2810d5865d2c3109e726bd6ad7d7:3FtGSJt7XvHPT4CWy2w8Sdvko1ugeebT	Q1:咱的社子島,;
2016-02-28 02:21:53	f1313ce11679cc6ab5c8aa4e5ae0acae:TsTkwiTVMf8EHY1W7hLFoMEX036QKeTY	Q1:生態社子島,;
2016-02-28 02:22:11	f438f76c7c699b52f32154ee7f740b78:iVSEwrrgYwvpE4cO4HCgMAV2PZ9dFg7L	Q1:運河社子島,;
2016-02-28 02:28:13	8388898f09101c826405dbdf4361d4ae:6br68HmLYY8Vhk0pxBI0IvXXefpukvQu	Q1:運河社子島,;
2016-02-28 02:34:07	145fc1277dc839e90c5fc37ca4a8f70d:rhN6ok3A4IPBFPgDEGoo0tiMfZEwzDFm	Q1:生態社子島,;
2016-02-28 02:41:52	b291aee48607071af1b9faf1ee8908d9:Rvv3TTyFOJ88yFFo1XeYZB81KndXwDdH	Q1:運河社子島,;
2016-02-28 02:47:06	2f2b1e3b030278d96adaaec2713d3920:tbuuRM9SQpoCKhcc7ed4ZFyx18ty0tNT	Q1:生態社子島,;
2016-02-28 02:50:23	f4a4ac8b3bc9901365d9001cde80fee3:1gctCEumLPRKO3DhpmcaZ6IzQJR3CADy	Q1:運河社子島,;
2016-02-28 03:01:12	aecf80166e679a7f5f53c3f280e681c4:I6h1k4bPfIFi5vdx7mupHWbSKF5yhk64	Q1:生態社子島,;
2016-02-28 03:08:03	773b057f3499a35adb3cb1cea314776e:7agoZYsWpaBOUTnkvY3t2KZPzDen7nW5	Q1:不開發,;
2016-02-28 03:34:29	01db601ee149af342a139c7337819fb8:K9t6gJUko1yLACff9MCTgdzl9bL25mg7	Q1:運河社子島,;
2016-02-28 03:43:15	ec588dccc1b9b2e968536d564dc3b000:9soNBfZyrteZfeumF6BCu3JETlSEUqtd	Q1:生態社子島,;
2016-02-28 03:44:06	1827dd4cd0d562d7ed58f327253824b8:60BUFjKwSmAGYG05WMkpW9AIMtjx9wrj	Q1:運河社子島,;
2016-02-28 03:45:49	1d228efd2cc356dad2d99815e8ab7e08:NWkPwXo3ipEUxjLwgNnpLoPkWb2yBTsT	Q1:生態社子島,;
2016-02-28 03:50:05	b5ac097322c47283514ae0f2c4c8ba72:Gvu5IHOosG3VDXiSUWM3bytFfQ6zOSZQ	Q1:生態社子島,;
2016-02-28 03:52:43	f168ece0ad99e6d19cbd22a8832cea1b:flnpDHhKOGqgUeZ1JYBkGUXH6f4yDCzy	Q1:生態社子島,;
2016-02-28 03:54:06	1d711d4fda7287a1f2945e512f7428ba:0XjDVmFcNMNSsxZHRu5kFDDf4vwGt2rj	Q1:生態社子島,;
2016-02-28 03:54:31	dc0bf491307abbcbc47aed4f23fe8bbf:loAtX5YBCDGgxya3MoklHAHP4SJIeXBq	Q1:生態社子島,;
2016-02-28 03:55:26	ca8a3606a8c2e23f47fc3e53c7dbebab:am6m1kXGgis8f1xS91oWYktoOrq2d8Sn	Q1:不開發,;
2016-02-28 03:58:33	2d903678c48ade8a7334096631386f75:zYq13f5OASUpwm8mH0f5u7YGNzH3yBea	Q1:不開發,;
2016-02-28 04:01:56	8b7a7a2576572545f004ffb533fc34ea:B5j0pgc57eT1cdstnrJ3JWw7SG8EZ585	Q1:運河社子島,;
2016-02-28 04:13:37	4503cd784990a030dfe71da64a7c5fe0:uSX5UqoUNe6PuZ0Z1MlQYxR0WHChlhck	Q1:運河社子島,;
2016-02-28 04:16:18	9ef3363951df4214464cec6325001e70:zrYePRjb4a5KfqpQ9Qz9m3vlJ5ex4QKQ	Q1:運河社子島,;
2016-02-28 04:41:55	749eb88966b9056271479b98f4266ba0:FD0Lm0ULS1j3NSllGzdwoPWmfEMCfzIB	Q1:生態社子島,;
2016-02-28 04:55:43	64cd152eb4e625c327188a7f7cdabf40:86Cfg5212Z9IFbnCnhJWHbusdccL1RWp	Q1:運河社子島,;
2016-02-28 05:00:27	49ee85c29115d04c331f2b84dbcd5da6:9Nho6S0evQ4crXoJCIzVY5DzAiHzZjZw	Q1:咱的社子島,;
2016-02-28 05:19:56	9858f880fd9e6298aa97d425974bf2d2:A1M0MTEMhCpHVmVIeiXAE0iz0DguLfCW	Q1:運河社子島,;
2016-02-28 05:31:20	02ee9981fc553df1583762123e34d292:0dkLlW89IMVnk2yp8paCraCO3ksXurcJ	Q1:生態社子島,;
2016-02-28 05:45:01	714891acd336ff17c7d292400b4705f6:t6u7cimRDoAZRo6WJTVyHyBBypyqEsvb	Q1:咱的社子島,;
2016-02-28 05:58:35	7e93e7df7b4f475603199a8de5326d71:x5nhHVf5XHlv7FVMJy3PR2FItlpB63s6	Q1:運河社子島,;
2016-02-28 06:02:31	cc616d40505db542c0e78ee7b89b44aa:GxOEGkwHvzOnAl6lx05xcOzZBvLqf3RG	Q1:生態社子島,;
2016-02-28 06:05:53	accb8eb9adf33318a9561b4dfee023b7:xhcDCFukGw6mS2HP2moHLSffhDG5iYHK	Q1:運河社子島,;
2016-02-28 06:29:51	4ba40f6b2f693254c3879d46ac5324d0:QJJJ0tbvmRMQHgVRdh9uTePbAm9s9Cx5	Q1:咱的社子島,;
2016-02-28 06:29:55	3047acaf43f4472d14f4248e7c0d2615:aEGdMqeHp46YXUfP6hbh1tX13UL0Rejr	Q1:生態社子島,;
2016-02-28 06:42:48	ff704fa06f72af942e310b64b7f1fa36:YdHpnzbN4gJhabxsEl1aizWBfcLZrN1i	Q1:運河社子島,;
2016-02-28 07:03:20	ff02bedb12eed8bb64cf3bdc2bd31880:A5oqo7UWUoCmx0gQVzGHhrFGtu5sk189	Q1:生態社子島,;
2016-02-28 07:07:27	83692a800d4a5b1aac8f169adc7e8b09:WGPlAH9iHtESpcxD3ZuEjke67CGTEKvI	Q1:咱的社子島,;
2016-02-28 07:08:32	a6b6586946353a25374a2b9bbb3da61b:JBBcUmFU5xDjjVbpmDF4geP6PL9ywiV9	Q1:不開發,;
2016-02-28 07:24:01	f02381051838d9efa4e00ac643cedac0:SNyLirZmfVWzTynA9XUQ7bEmsdmGLHHZ	Q1:咱的社子島,;
2016-02-28 07:31:52	3745f17c5b0136c32fe1d95d3c4f1f9b:LX7dwpDblaaijBCQMtU6DXW0QCsFtM1i	Q1:不開發,;
2016-02-28 07:53:32	fe63bfcda9964dc3e5f8a198072a9123:bb0ArjvzyUZXJMnUG2MwztyQeVNzutVS	Q1:咱的社子島,;
2016-02-28 07:55:38	6c7516ce65c409791eb35b7bfa437ece:MIg5brLEoxQ5AHQAwVNXdnLI4zKk4udY	Q1:生態社子島,;
2016-02-28 08:09:54	af698965ec7494d2107d613ca481e8eb:FWwLGHNzy9r9yI7QhEBot0jDMDfleZOd	Q1:生態社子島,;
2016-02-28 08:12:24	2216f5b3cea25a2e52831c739fd88dec:cvgbFDNJY2OP2yGQ7WENgbMvDHKaglKm	Q1:生態社子島,;
2016-02-28 08:14:46	b339b5b0755e6fba82442039e5a907b8:k6hPRjC4NMpmU8KIqA9e8WxHAmpsvI4e	Q1:生態社子島,;
2016-02-28 08:15:20	337eca41ccba3b39a92b51aa1aed8b0a:zfWs9LOJPtM8UeWbj8yy4lpWYSE9waAx	Q1:生態社子島,;
2016-02-28 08:18:25	c9381650ec1dec168903e4cbc95e6bde:pqgadgA6lZgczAdZjInok3TM5DcvnjFk	Q1:生態社子島,;
2016-02-28 08:23:50	540076a687d3d8e93876296448cfa94b:joKSa9T9i8emXUVqZRMRjSTkrg9GW2HY	Q1:生態社子島,;
2016-02-28 08:24:28	9ed0fe7436d2640d6fca382c5b66c95e:vQKXO1WpfD7iBLVHSCshftoweA3rVZbR	Q1:生態社子島,;
2016-02-28 08:25:06	717b6e0cfc457119f975193a7db24061:dQZbBJJP6JCwNO1GcgkMibWdke68thoE	Q1:生態社子島,;
2016-02-28 08:25:21	8f0d26131e3b105e8371100f8a7dd057:vvVLtwPe2jpty2gTb2B6eOQ7fq8R6Y4X	Q1:生態社子島,;
2016-02-28 08:25:50	194ac37594538d5805e9fad85f8f4c4e:5vdHbikqQsXP5EujsFoZYcll0zynxVWX	Q1:生態社子島,;
2016-02-28 08:27:21	0af197ed49e4cdbab36cdb32d90da8c2:nG8lFNebOxS4POv6ejhOhCiYgqu0fvLz	Q1:不開發,;
2016-02-28 08:27:52	5759f6224916154c71d7ba42f1bb07fe:sLjWk9iHP5ElAuJtpgb7Ac69Y4rmopHz	Q1:咱的社子島,;
2016-02-28 08:28:30	ed1e64d00d24f4c32450ad237b50f005:blgu3TAsSWR1lh2F6SvzrtZAzHhBL4yE	Q1:生態社子島,;
2016-02-28 08:29:25	b1c2357584cc11c00856e40540d0319c:qZKPBFu2gVqpwgqcNN7aepxFCHq4p12U	Q1:生態社子島,;
2016-02-28 08:29:49	01c4b8f40d03645668eb78420d35e9a9:0TZCvrY0Oqy3UR9eCg5xz0fbWEz6cNQb	Q1:生態社子島,;
2016-02-28 08:31:09	6c5229dc7b091d70d85a7b565c50103e:kYnT7LlkjfRW3gexXZ6ZBJrPVghBfYkW	Q1:生態社子島,;
2016-02-28 08:31:18	30cd3b358e144768bad53431e499e184:zhGWeGNZ56OQ0mG6PCjusfBAxjnVrDTc	Q1:生態社子島,;
2016-02-28 08:32:15	b9a29e6ea25b35e0710e70c9d59c14c2:nqIvCBv94tMYyYPA4C4gb3cVZadwrFFm	Q1:咱的社子島,;
2016-02-28 08:32:47	01f82f195b959df3f61727c4291acd2a:HIj7TvsAgIO1biGhwyvu84A43ZCXA1Eh	Q1:生態社子島,;
2016-02-28 08:33:26	922041cd080ccd8362963cb3f2104562:yJgs3qajk3HBNXLvSAxx69yplFu80gR9	Q1:生態社子島,;
2016-02-28 08:33:39	7be6804c7c23208a6bcb6a2be330df83:2tL7bAqln3rx1YToqmsxzEMXqrDKMCKh	Q1:咱的社子島,;
2016-02-28 08:34:05	c95f8ca0c47a3e81ee5389b4f19cfc59:7AQcOKsxLnRBGVjCr8XaLrETJ4boTUgK	Q1:生態社子島,;
2016-02-28 08:34:20	628cccee628eed4c679bf65b24727679:DNQBoQpC9fk7kRBLiBz5VYncdrnswOJp	Q1:生態社子島,;
2016-02-28 08:34:51	2690b038a9506e4eeeb99afae1a6e62b:YxzGUss8D03gARlh11XC8YmkIoQfBrJZ	Q1:生態社子島,;
2016-02-28 08:35:54	0157d9ac42af7c7999b053c9908c01a2:f1WdCDEZNawBLN5SIA8gkpcJALMa2QlF	Q1:生態社子島,;
2016-02-28 08:36:08	5ad29723bda66604ff66c1a96309de26:fl0lSQiD7ZcfnPLGZpXYQfjwju4kfXMG	Q1:運河社子島,;
2016-02-28 08:36:25	8fb849b61c05673ad6fb5d123ca83e13:EopQQABDQfEdmJPbg2qzivJq4ae1omFz	Q1:生態社子島,;
2016-02-28 08:37:34	c068b6be6f4993d23eb25c1d72ef2e21:NPOdzJqiD9E6tcrY0IrZHoYe6LeYtjUD	Q1:生態社子島,;
2016-02-28 08:37:38	2ce90c2a435bed55f53c2177638d0424:eKprvLctWXcpgRzjoj72KGcJWBipHjKm	Q1:生態社子島,;
2016-02-28 08:38:12	13dddc31f84ba271aa3630cff6140c85:DOxDAksMt2Slvi20oZUQKSDH6VDtZ4h1	Q1:生態社子島,;
2016-02-28 08:39:00	f0f5501c67a14377f52dd00bf4afca77:2lQgIw5KuhoRZQPSRnLmlco6QgJt9eAE	Q1:生態社子島,;
2016-02-28 08:39:33	10322552aab07a04ac4371b97abfc352:OXK9zCu0gficR6reyFS2qlHaIkeCxbBX	Q1:生態社子島,;
2016-02-28 08:39:38	34b718c377b8599214cc4ffc0a7ffa15:b8V8N8n1wLW1VlEF4aS4G7YQQymZJ1KK	Q1:生態社子島,;
2016-02-28 08:40:22	9e4dd2123788f924178d31adc654d4e3:LhlCNFb1nWiT6XuijrhiKy6ZzFyyOdY4	Q1:生態社子島,;
2016-02-28 08:40:34	4f4adce61e81106e86f95879bac995ce:uEE3cWrhoxiB6Rg81fldM3XD8c5cN9Tv	Q1:生態社子島,;
2016-02-28 08:40:58	5e0f6614f8fef39038b236d0e4972908:Bc5CXrREHYtjedfHYGtL8YPSsr1wIK3L	Q1:生態社子島,;
2016-02-28 08:41:40	f05d44956b68e9449fa61799c4471c0e:jLY3QH4plvDfbSffRloFUZbltWHkNFCs	Q1:生態社子島,;
2016-02-28 08:41:43	4bd18e7afa79f7c3ca08bf32157c275e:2y8f8zPn6ShnMN5Icg2Us19t1POwvdsG	Q1:生態社子島,;
2016-02-28 08:42:30	465785471f3a828ff9249d0bfa4942ba:Wxmn6TjfkffsJX2Lql3Y1o68mDwW7SuA	Q1:生態社子島,;
2016-02-28 08:43:00	6dec24541cc410acbf99081b5a5dd692:ac3I5iujSrtPPmzcQZA5N0OOIeAT2xKW	Q1:生態社子島,;
2016-02-28 08:43:10	a9d8f1a6952d21393566173ed5553743:Rzt9kJ3zG0llQp958upPt7NOIITh96Rk	Q1:運河社子島,;
2016-02-28 08:43:12	f3b8614f6cf7fb1110543cf9af571739:LMZ7iodaXCkLUSrE3glFp7gbB00qLk0Z	Q1:生態社子島,;
2016-02-28 08:43:31	ac1e05309ebd6e89e173c920bbd1c9c4:ccoDgBltsVzPX3ZFnqKpcwg05HqJUG3x	Q1:咱的社子島,;
2016-02-28 08:43:52	f7a626e61f7d223faf94cadbe9e79af5:jFo17MbedrpmvwFR31ASqmGDKouE7W3b	Q1:生態社子島,;
2016-02-28 08:43:55	d840b7eeb71a3606838bdbb73cc01d2b:y7iEUHYaq7XNomID44eSaiwJQ5nHCesN	Q1:運河社子島,;
2016-02-28 08:44:29	0021a653536e30f90f5f87c9c65f7f64:CENjx9mv6xP8I8HWHEgSY9ccDZtvxoAm	Q1:生態社子島,;
2016-02-28 08:44:41	2a3fb8c6d07e144e3a41c41300680e27:X3Pe5dixhoZ6ufLQWTwVWOIWWG4yshfa	Q1:生態社子島,;
2016-02-28 08:45:02	b49100add6f79198eef5003a0fb0a75e:KAof7BL0taJTvIqnS7B2XS5XDucPTpul	Q1:生態社子島,;
2016-02-28 08:45:40	e0de4535b472c3841b424018dad1162b:qIaUCPZCzRjKPuL2jiBcZBJuZlG7klAa	Q1:生態社子島,;
2016-02-28 08:46:16	dc86dee7fdc3259152580dbd1a5a7e37:Y5ER41jubpXKsUxQNPq3p1DC6F9Bp9Eg	Q1:生態社子島,;
2016-02-28 08:46:29	05a05821f3b6894e00304716e0020e75:YCk3J5gFLWUezR4rL6VfMwD51chTyB7h	Q1:生態社子島,;
2016-02-28 08:47:10	8535c06905e1c6cd3f6e142f994bf86a:BzxmP50gtvrVwGCXVoquCJnDi8ukBOmF	Q1:生態社子島,;
2016-02-28 08:47:49	18988a59c6938ceca4ec380deea06531:LyOvqjkblLfwFkBE7akJY1UQcPV236lE	Q1:生態社子島,;
2016-02-28 08:48:25	dfda4a5d95fcdf693f62bca13389e711:KIj5ngWP6PU3vr1eZZ1G9bwx3iPT9e3A	Q1:生態社子島,;
2016-02-28 08:48:37	3ca4c3d407427fc64a82165bf8eba1c9:Z2HFxHVpizKDvJjlkImIuP1aIkgbho0u	Q1:不開發,;
2016-02-28 08:48:41	6d5491bf2fa85910c24bca2e6159bfc7:wmxWZBMfscqL8QmGOXEUUrrcoB45h111	Q1:生態社子島,;
2016-02-28 08:49:16	44d04616acde8d26ff201bdbf2a8a4bb:IbsNWYkjGGPYvg6a5HibxV0ELE5rikNI	Q1:生態社子島,;
2016-02-28 08:49:17	72160fa5a102a400e0b08a781b331418:umotsrsCE7MI04KSVM7Mbc7BJA6vJFXx	Q1:生態社子島,;
2016-02-28 08:50:00	6e9576ea8464b48e1bf6566b062888ff:M4fkhZkL60kI08dAMUUGBUjOyfnouPMi	Q1:生態社子島,;
2016-02-28 08:50:46	2f13453e29cda6b9293e2baee6f8d56f:KATl8UvzmlhFworYUytUeBatVpWLQgmx	Q1:生態社子島,;
2016-02-28 08:53:48	6336b528b1ce0be65d421b71afb2669e:ZE98ZWy6pjHHM0Y1vfmeFftwkeyzeC1k	Q1:生態社子島,;
2016-02-28 08:53:52	e5f3c1260162711dc6dcb81f85080d17:UlkybaJrzxIJJuQ0gcGNbSL8eFIWPAbG	Q1:生態社子島,;
2016-02-28 08:56:46	069a858da156a3cbb963a3beb7b81f6b:8QPPPVCApQG0Yx4BMpZyBDOfUh23T5U9	Q1:運河社子島,;
2016-02-28 08:57:32	94018779cf97d0a26a6ab8f1e46db876:iPoMApD4xiay5sEcP2PG8emNrIYW8mRi	Q1:運河社子島,;
2016-02-28 08:58:20	cf8dd5c993407dc9e66aab19e183499c:cPiaKoUDP0NSqo4fdeBnqaYA1BGhoks9	Q1:運河社子島,;
2016-02-28 09:00:52	f829a027b4293d2d12fb902b5dbb6aff:09PrIG4wFahoecoWQUnKcI9mkvDY867N	Q1:不開發,;
2016-02-28 09:01:27	929241ea4be882901cb467a96873c8db:59wkRO0hWfbVzUcEkolYjtwaP1kTS4C5	Q1:生態社子島,;
2016-02-28 09:03:30	bd636478222657bc1fbc8c3a2931f085:BXP4uBoQPbuSbaOdUj4WRhYzkOTvEzyS	Q1:運河社子島,;
2016-02-28 09:07:23	8d801628d0be00b0e85dbf99b222ac58:3h6AMSTbtmdf8aYWiQMwc4xw9yCtKYmh	Q1:運河社子島,;
2016-02-28 09:07:25	ef891335430d691e41677652c59da821:rGSLgMy2Zkcys63cFnNgvpnCib78QzOo	Q1:生態社子島,;
2016-02-28 09:09:56	da5e1844c3e6e1b04f1e29bee001f6b8:lZuB6HqY3apnbGzLVHRPrRk7a58Ih0Id	Q1:生態社子島,;
2016-02-28 09:10:58	13e5466cf2b5298e35606831d174e87f:KI1W6SJynb3L2kQmJHMIU1IEyzUakQKs	Q1:生態社子島,;
2016-02-28 09:11:08	2fa059cd8b6abf671d7c63a97058159e:xGxZaedmzXiC5ius69H861lWmzU9uk50	Q1:運河社子島,;
2016-02-28 09:12:22	b19134fc28b152553a4276288ac330ff:24MKfjeJhvyyHjWs8gCp7gC4upekRHT1	Q1:運河社子島,;
2016-02-28 09:13:44	913bb1a953b790fce050c3c49eaf49dc:Ulryi3jDpHldimC2AF6FjIAsQQja25OO	Q1:生態社子島,;
2016-02-28 09:14:21	4b2d5d70979e9d0a1e954086553fe895:mO4HzlcwxRu4bvV515FNU2QhXgA42ssG	Q1:生態社子島,;
2016-02-28 09:16:49	69a52491ed936bff2a21640f3bc27862:LYQB1mtulTuuFJJMvpVYPilb0awoItt3	Q1:生態社子島,;
2016-02-28 09:18:09	525d08b579c71002b1896bb1f09c2d15:uBvKGCmd94SrmcPcYRgUxT0D0hxh9wB9	Q1:咱的社子島,;
2016-02-28 09:18:17	e4f9803d364abd2dda4679688d18ef95:BTBOsKiik1Y7uSPRWm1dEQEliivVrHwo	Q1:生態社子島,;
2016-02-28 09:18:54	1844cabdd45ac35f3574e001ed01ad20:VvqmwKW3lD9Fir3qWG55uVZfqCwrucJs	Q1:生態社子島,;
2016-02-28 09:19:15	1e65bb9ce51703448624f179760e38e0:69TaRJGST9TeaoiKfIgrEnttxR10uBnG	Q1:生態社子島,;
2016-02-28 09:20:52	d02ab8c4ad73fa5d36b43676ab972e96:wImDsxJfeadVnVKdCEd6ELdi77Kxs4tv	Q1:生態社子島,;
2016-02-28 09:22:19	ccd3d7cc2df9917a387116eba5fc41fe:ezN5ZPVshe4x02aVwZf0xjhz71l6uxdD	Q1:生態社子島,;
2016-02-28 09:23:42	b91f75dbd51bf448a84fd5214f18a738:ONp3CAhpdGy56j8T7zlRP9l9ZTucQLcP	Q1:運河社子島,;
2016-02-28 09:25:07	605a451d45e82cd65a044b35bdaa94eb:KbRGgZLee4PjGwDrEcfgeDUDddMgcD9Z	Q1:運河社子島,;
2016-02-28 09:27:06	3f3ff39226ca1c34d698487d7aab4318:ZCPYhXRCFN5E9yfYYaJHrCOJazM3QOp1	Q1:生態社子島,;
2016-02-28 09:27:57	3a96db5e95fa027493022ed535a3fff3:VTuRIrBKEJ1bTEtxZQndeE7AqqoZvNHf	Q1:生態社子島,;
2016-02-28 09:29:22	ab8d19eb152971366792a277cb54fb2e:AkC6E8nwwD1Kbnw3AqBa5E5cupECsyNJ	Q1:生態社子島,;
2016-02-28 09:30:16	f14a497d0e4351859c931d95f6a30d38:aFN2CRT6fHil9PYX2yR5CJp22jXUWdew	Q1:生態社子島,;
2016-02-28 09:31:04	21aec04d83a1d7f4c493d0956a470b29:OsOT840vjWRQWuu4GriRtwBlGyh39FCM	Q1:生態社子島,;
2016-02-28 09:36:58	b1935100d718f602f13d07dda297ad8a:LZ7rFBQTWqeWZvrqrG0BKGeyLYk8pTlJ	Q1:生態社子島,;
2016-02-28 09:38:34	14d36b85c2e146629c1fd05f71b70bed:ye2eklotoNVK9UtyF58FSGUMRgzuxGdi	Q1:運河社子島,;
2016-02-28 09:40:40	6c7f347bd45a3a5e66fdb50732e58e48:ZKjpp2DkGW7hFyYqcR4BacORxKMl0sST	Q1:不開發,;
2016-02-28 09:41:08	0eeec42659b61aa785f2b2f52b648130:o3Pk2bSqU0EjF33uDUV1atIS6zAChDyC	Q1:生態社子島,;
2016-02-28 09:41:21	43ded3b8cb4511246d5958247a157c9b:ixCwFocecWKQmgAYJcYzvIzk7MU8yEGv	Q1:生態社子島,;
2016-02-28 09:41:29	05e764dfb9d36a0b67cbe935082da586:uOpyvqjSltA1eE1L20mbPAvGRQggV4el	Q1:運河社子島,;
2016-02-28 09:42:00	41dcce175b9c811e25d1345f132f580c:8F1o9taHyBh8Pr7On17JLvLq0wmzZ4yy	Q1:生態社子島,;
2016-02-28 09:42:56	1457670e8618f5c941840fa5361419ab:37WutqrZaaFC7aFBrascpyrRgSrn8htA	Q1:生態社子島,;
2016-02-28 09:43:00	9588c255558967804b900899beefb1ae:OiDXEATGDEISQ1Vr97vKLm11olOzflIH	Q1:生態社子島,;
2016-02-28 09:43:10	487a83029ec13aff7cefbad08aedf6eb:HyJClY0V9AyEo8ByvYcIajXsZ7Zfijf7	Q1:生態社子島,;
2016-02-28 09:44:59	23a19d13209e079ca6151693f746a025:a6Vq6sR2t1glySkmbwapocz8EdIGsE8x	Q1:生態社子島,;
2016-02-28 09:47:36	18293c9bf94153d05ac3551eb4a4b8f8:jNVlcojepiiNdzqtZzUbE836pwZ8FPWj	Q1:生態社子島,;
2016-02-28 09:50:24	7fc7cd9656a329aef9df1c1034cb51db:LkRloPVy7stXFroI4AOXfVBeaLXL3UMt	Q1:生態社子島,;
2016-02-28 09:51:36	cd653eba6beec7351b1109d3d749a4b7:xlLhIdgwSMiuWYkI47Lfmwxu2AjGTwii	Q1:生態社子島,;
2016-02-28 09:52:48	71370f70a53327944a0d768fb187bb11:0oyuTIol9kcoedJtwvndkWzZu3NhW3O8	Q1:生態社子島,;
2016-02-28 09:54:16	8541588fd36fcac9c75f7185546d9479:I0SvDcXEGLZggL14sQ48DAtN18WBAfX3	Q1:生態社子島,;
2016-02-28 09:55:30	a3345a08826170ec97cc488ebca5595a:bclG9uHJT1bY2iHF1ACJ1EaRholyCEUj	Q1:生態社子島,;
2016-02-28 09:55:31	c260ca049f7ac7903c8cc2e05fc7c849:njLryj4qix7FIzPe6GHjmWPUNVMYZULJ	Q1:生態社子島,;
2016-02-28 09:56:05	ce6ab3a31da0e7a550db60373d36973f:H3632ZQRz5y8AgLSkiGU3ePsKanmvcQQ	Q1:生態社子島,;
2016-02-28 09:56:36	9d8d0a0313462b3bee6fa707f4e3bde8:nNjV6FLLfqoogMOz5JEDec1XdXW7y8iQ	Q1:生態社子島,;
2016-02-28 09:57:07	34e45d0088af879c2d32a11a4527a47e:CoKOHh64MyWD3brukRFSJYrrP9CNVnab	Q1:生態社子島,;
2016-02-28 09:57:47	00326ec8f05248722ea9cb8ad42202be:8BxPgUQgxBLBmwIz9RdllGV72oAfKN0g	Q1:生態社子島,;
2016-02-28 09:57:50	60e65880b3ce6a6aeda1719b8e23bac3:K5dIlauFMbnFYQeNBRH6v68U5ccN2WpX	Q1:生態社子島,;
2016-02-28 09:58:25	1d2f9712107a49e9a2150490c94ebb08:ViFLS0iTWNHyoA22E9JAjweNqJLBq2pf	Q1:運河社子島,;
2016-02-28 10:01:02	5bfc7942c411c4486da7ca4fe0b29537:F06KY05qKGhpg8b2bl6yJcU1UGKA43pL	Q1:運河社子島,;
2016-02-28 10:02:04	2ab209851b1bcc073d3eab1c9eb322e5:kC6jQrovydhX3f0uaqWQOVEMoYVCRt5J	Q1:咱的社子島,;
2016-02-28 10:02:21	3c4f1467847cdd96b51e7c8d6807eff0:aYynsb5b39CZhkkGOavrTZNsdhEYP1qT	Q1:生態社子島,;
2016-02-28 10:03:47	53991f8f168beaaa411f63cdcacb9420:aQlkMjYVvFp3OBfiZpBPtgTkDDeDeCqO	Q1:生態社子島,;
2016-02-28 10:07:47	58e2d69e4a24b647a8592b2728fdf768:X8Q58gDF72cBj14SrHmnYXFSt6fP5cyy	Q1:不開發,;
2016-02-28 10:08:34	9a2cf59051fd5576910e4b2aedaf1cad:8T5biULdKlQ9pBQsKJPIiGQvvZqTVMV4	Q1:生態社子島,;
2016-02-28 10:09:18	5d94d12fd4ea6e17640afaa39dddcec3:29xHPzkGU635nbWrZr7FLmnyH6CBqFMx	Q1:運河社子島,;
2016-02-28 10:11:51	06fcc9e7a4dff4c1dc6f841146d42ef4:cMjlBRx9StNTCSa80IxdfttNRkHFZD22	Q1:咱的社子島,;
2016-02-28 10:14:27	6c7437084adfb8d9e44c9f0c15f1ddae:JWYGNeXpQyXS0cwuzxSXPORD6citzku4	Q1:運河社子島,;
2016-02-28 10:16:05	7e409c68779c37b35a933ab8c4696ac1:lKh4PqLqsp5PJ3opZ4mJLF4GLz36mwBx	Q1:咱的社子島,;
2016-02-28 10:16:29	24a7da65d5bb2ecaced58530699d1d05:RSLS748t359jSNIFNsZDEYcG1tIIFB4d	Q1:運河社子島,;
2016-02-28 10:24:22	a315535c10996470a21138102748ba5c:1b99cNbjvMGDrkVXSSnq5x10Ljt2g2ID	Q1:運河社子島,;
2016-02-28 10:25:48	5bae9ccbbbc575a7a6755cb196b39170:uAsEhXSzPriG2mbDJBzkKvBjRUrZqvmn	Q1:不開發,;
2016-02-28 10:26:39	d659160a0f14a97ed86a66ca2d14fcc7:mvKWG3YCJH6aU114RyrkqUM2wPLWMxEu	Q1:生態社子島,;
2016-02-28 10:26:39	d526f5e926f58fe323c7685753d014c1:J1MhP6xzT3MFvXUXfiG8r4S4RC8JKqoT	Q1:不開發,;
2016-02-28 10:29:17	c2d64a489f4d93bb5a3e073824feac6e:jWHYYaHlsLMA9I96OfZlRZEBtqdK7vCh	Q1:生態社子島,;
2016-02-28 10:29:41	2d13eec4b0cceeb3c044479925aefbc2:8XsKtwiZpl9V8Gs1hQRFpHIpkkB3N8U2	Q1:不開發,;
2016-02-28 10:30:32	50e127bb06e1e4c63679f0c7c329490f:SbKxWYNP7NtullgM6qr8iWOSqglWXd68	Q1:運河社子島,;
2016-02-28 10:32:54	68e8e7afa064c7c2f8f7e22fc167cf97:138Dm359EEzjTtB5WGnIYrsV8sJlLqIQ	Q1:生態社子島,;
2016-02-28 10:34:19	b61860f359f583db431e1b271dcd0be8:IEAmDCZEEoUuxnOz140msgryOGGFUHHh	Q1:運河社子島,;
2016-02-28 10:35:17	55ab46bd0bbd43006746695dcc8c507b:4FEZmIKcc9vg2UX8M17LQzSxk7XwToR7	Q1:生態社子島,;
2016-02-28 10:36:25	c9406611000222f1c6addb125f0f3963:ngODAuvFxSFGrXXme9EINQUV88TfijB4	Q1:生態社子島,;
2016-02-28 10:37:31	73c81797155951d1a063198e1fd339b4:3rO59xVzfdA0pGnMsHajlxVGOQBeRTtq	Q1:生態社子島,;
2016-02-28 10:39:28	c3f43e59d54d15817e3a0d22f1099ab6:4YSdKB5qXJmEngVmheUbdTNXFZUOKcEw	Q1:咱的社子島,;
2016-02-28 10:40:27	417ff66bf6226d6931c133b5fa9d5ad9:OBuU3yzsRH7oJTyFSEMhBP11ziJqAUrt	Q1:生態社子島,;
2016-02-28 10:44:07	f36b3381e421c8a66bedd66a4c61604c:gjNu2Sqkd3XhVABo0YdRV9cjSrx4zfE9	Q1:生態社子島,;
2016-02-28 10:47:08	a65eef1c8d4bde18336df75a96f85c33:5udZjtTPeaZK7eSt8W6bkWMD7VyrY3wp	Q1:生態社子島,;
2016-02-28 10:48:08	d1d76e64a925bfd68f257039a8abd8c9:vGxf1zMdhSARzDq1LuEyAkn9umyCKIDP	Q1:運河社子島,;
2016-02-28 10:48:29	652c61d27efb3aaa011d3c03b47055bb:0hoDtwlPtH4CfUVnYM9TNar1eELBNOvM	Q1:生態社子島,;
2016-02-28 10:49:21	87013921f0d8d82141563ef7bad7c604:HtzAkLJYxgfNwBVVIOUq6WYgcxD4UAAx	Q1:運河社子島,;
2016-02-28 10:50:22	c88432d707d4d4975923cb5da82c2432:y7ZscURPa9oyKeoUlpGxBlgPKqKwV1iD	Q1:生態社子島,;
2016-02-28 10:50:46	e5ce5c6cd60e462527a26fcc23c72cdd:jn6NOUFtnlySwidg9cRlHJBCvMTrROpO	Q1:運河社子島,;
2016-02-28 10:51:38	93e7954a4b24f180645d3a9d70a08d4e:uKB41BCAyVFvdXcihwIQP7jhllQcgLKH	Q1:運河社子島,;
2016-02-28 10:53:34	59f467cfe27ba21f82afaa98ddd6e2b1:Og542gdWQUcQDBIObHwYqJn1nQMQP36v	Q1:生態社子島,;
2016-02-28 10:54:12	2e7d88a46487ef5ee8b9517d25ecde0e:RGSxfcjEINxB91oOBSeVCuQs14TzFhkG	Q1:不開發,;
2016-02-28 10:55:19	62494a2ffbea929122522f8a99c52ebb:JFGkowBZTYSf3ODZhE8mizcgUh4KTGp5	Q1:生態社子島,;
2016-02-28 10:57:42	e2d68e36c32492ee34a9700c5ae69aa9:kRvZUOHj73ett3VfWxWgl5yJqwdnv1nC	Q1:運河社子島,;
2016-02-28 11:00:56	b72897279fee6c80cdf0cbc2e7e4d0ce:mYcTBEoyBHB7WoDOG3NzJMp4K1erQNwN	Q1:生態社子島,;
2016-02-28 11:01:28	d0e07da8e0c9a8a4cbdb82cf50b3631c:Wn1uqmsbLo7GWuYSDaL5cF8Po1bHfSHw	Q1:咱的社子島,;
2016-02-28 11:02:03	3e0deb84fae09496dc2bd9fd7458a326:KoZJERvEbi8T03ruODpuQU69cceGRm0I	Q1:生態社子島,;
2016-02-28 11:03:12	8f95025066c2a4df137f2908381b0da2:w1eTXEXXQgysuw3iE4n4PwSSADn7ydcc	Q1:生態社子島,;
2016-02-28 11:05:36	a89ff98d90ae6bf6c7fedfa5d3552c83:jRnVVBYrSExofvBtPOOIq02nV1BBsdnJ	Q1:生態社子島,;
2016-02-28 11:06:26	b2ba007ff19e658135fa64d324ee89de:t1Y4uGrRGVtZIzwynqg20vaYCXJcRoOl	Q1:生態社子島,;
2016-02-28 11:07:34	d05c66d29dafc98edd9186ffefed358c:XxtNS2GInk97qASA2MTgBSxb6CXJIvxN	Q1:運河社子島,;
2016-02-28 11:08:05	8da7bfe8321c8f0fe894b34ec4105746:nIAENqMgSIDDPmBfmSqBssPb7z7fABAd	Q1:運河社子島,;
2016-02-28 11:09:58	2cca84784e894d880b192f09bd384282:7I2lFZcWspeXLSNlnU3XeCBdnp3GkPAU	Q1:不開發,;
2016-02-28 11:10:38	8a8429ae8d6d69e59bdcb1ab0f863010:cuYtoSkBuvTc4DOwwYCok3qE6TVFQIpr	Q1:咱的社子島,;
2016-02-28 11:10:49	be1f2557225921f6243d009a4f72a677:ZU29aSHPGYGKsnXSG8CKnd0v4QETicL4	Q1:生態社子島,;
2016-02-28 11:22:03	921128dc5a623f7927aa318fa1d82b25:OTqX0FF9YELCntSVxVqq93QedkiqqqKn	Q1:生態社子島,;
2016-02-28 11:22:18	d946cfac4498b661b29644c5608ceda2:AWexvVNqc4uygL98WRQwa9zLMtlw7FmA	Q1:運河社子島,;
2016-02-28 11:22:50	c34847056cde6f55be3cfd5e1b9bf176:ZqyYTfU3ratCfv1VnB28vxi5zO444sIP	Q1:咱的社子島,;
2016-02-28 11:24:50	29e9c8a42745a9848faae9e88ce060a1:YyMxly6SBLX7tf6XVHUnKnmn3DnAp0d1	Q1:運河社子島,;
2016-02-28 11:25:03	102bc42360c2ecde0fea555adf555c89:51BiSPgdZ8e58gNPK8ssfM8cEx1ar6Iq	Q1:運河社子島,;
2016-02-28 11:25:27	343eee47439873fce676a2979d973632:FpskDcWMRKWvWmPU9cD7efIKIdppPCoX	Q1:生態社子島,;
2016-02-28 11:26:05	8ec684fc6044b0352a8c9bdf2e889651:L0S3pH79ffz4RcEXi04ww4de2U13rQI0	Q1:生態社子島,;
2016-02-28 11:26:31	104a56520686f6af9f1872c8b17e18e6:2s9eHpH6HMaxFNLRRef4qcg3TVLc09Sf	Q1:運河社子島,;
2016-02-28 11:26:56	6504920fa183b199e8e7956852ae7799:cBf9iNguDoDjkld9uYiVu8a3fiRuO0RV	Q1:運河社子島,;
2016-02-28 11:28:19	701b512e62f14fe9d2d40e39d2f3b3d8:XR59DWNN015haFUmKu8MzW8IxJbp2zv4	Q1:咱的社子島,;
2016-02-28 11:28:42	0c731259e4c2ba71a8366c8a1193ad31:0CUljurFKPkKHHf1tkUDJqGSGkydJ02Z	Q1:運河社子島,;
2016-02-28 11:30:18	a47ca791192de6775b996100a95efcab:lZhi6sVk0mXbqO7pAJM3NMOnH8uUS3qF	Q1:運河社子島,;
2016-02-28 11:30:46	b349d1abdafda193de8c4cc71c404e9c:fpltxPHoKQybG45IdRxxosQuhii6TkCk	Q1:運河社子島,;
2016-02-28 11:30:49	abfed3fb31de12a87c3fc6a55b0ec002:HXnuJ4iDRE8eH9G54YwgCjIyjlPiCUzK	Q1:運河社子島,;
2016-02-28 11:34:14	7e61153d424a419af51fcd884bd4cd73:phjS9Gs9SnJLTItk4LdO9PcPeWSwjXCb	Q1:生態社子島,;
2016-02-28 11:35:16	41586f650960244ac8317e7f712a2170:64ZCAnlErfJT133NS6fZkMKutCa8HJ1X	Q1:運河社子島,;
2016-02-28 11:35:19	38ed2a9978fbd3fec6d905778e801f54:nRWrz6lxg5niIatMzXEhUkHVn69nwjqQ	Q1:生態社子島,;
2016-02-28 11:36:13	2326c7ee3901e852eec3835799194c47:qdrgXJvJMZBdRxho72LCIsSvPKhqWBys	Q1:生態社子島,;
2016-02-28 11:37:19	f88a9c2632c4323537b393b7c8aab952:lI0o5PSY4rri3DY0of5RZGZqcrw2pvJN	Q1:不開發,;
2016-02-28 11:37:54	d00e526ee033f903352d4c592922415a:FFKHffjBDmfQ6z1yhaVIo1DZrxvauVRL	Q1:生態社子島,;
2016-02-28 11:39:01	bd57e2711f326a34c295546e6068e079:ciy2rHUWMASIzZDSNpCdwmmSufNuS1nq	Q1:生態社子島,;
2016-02-28 11:40:03	db918ebc13782a9c3e1a9e13055e4b2c:xmpulyPsAxhOL8L755mQCmZWP96DXSYy	Q1:生態社子島,;
2016-02-28 11:40:15	2d470107757e0984cf449f405aa74f60:2pnsr5F96YDn3LIIBfKblWVY1N3M5CvR	Q1:運河社子島,;
2016-02-28 11:44:39	b31454b743c9c447fb62d4704efd851a:mRfFLhZ5BXkmeuetl0WDiB6YxZCGMXBs	Q1:不開發,;
2016-02-28 11:46:31	dd10762b6f7214d46af1effc7c98ca13:ZiM6vfMtUUXpgihaRLhXxFaAC79Uc5aL	Q1:運河社子島,;
2016-02-28 11:48:49	d66558bb6c3b37a91f3b9c434e6f5010:A5kdph8jbLASkSOw79JkucyYrnR1H5vE	Q1:生態社子島,;
2016-02-28 11:50:38	68bc70d10d7eaaceb40c4d73d1351df4:gxVQDUm9AFKgnyTfFx4jltGzMOXtASiH	Q1:咱的社子島,;
2016-02-28 11:51:47	5014e895f0a12c70ee0a42dc9f44f52c:NMQhMgr6diLNVboNTY8ZF7RAEdB5KS60	Q1:生態社子島,;
2016-02-28 11:55:55	9a569fa1f9758bf60619c48d948014c9:sl207UU0rlpuHNfhbv6LzV3V1kLoqHPa	Q1:生態社子島,;
2016-02-28 11:57:35	61046d6066997e5408c17730e0aace22:rAOtocgWnhkjJPbhkHhIZaTMwgrQXcDT	Q1:生態社子島,;
2016-02-28 11:59:03	4f4e262e1a1779254598e63de8fc45af:BW8TGzGEAeeqtKEL8oksnUzoX1MhhKNR	Q1:生態社子島,;
2016-02-28 12:04:31	b03de44e5723a18327718cd5e8e120ea:5ok85fN8xw0vpJ2p3sRZtUHqAlnsI6UQ	Q1:生態社子島,;
2016-02-28 12:04:31	9e541f344363a0909d4d142f8b72773e:CcmMjvv0pe8bfzBnGwmO43h9TvnQDoFE	Q1:生態社子島,;
2016-02-28 12:04:55	0ff2c190d2be5182b86d15e23993389a:9XgSnOxhhfhmZfHkVMV0t22pHanWlQBp	Q1:生態社子島,;
2016-02-28 12:06:39	56632f7a66a0490e725c258f20ccc0a6:Sh2KD8cjCuyvzB3BwAF6fVMIG1hUn9KW	Q1:生態社子島,;
2016-02-28 12:06:39	4056c854bc9ec5c4cf85994ec6a67c51:z2jHJso6pdiY4Wsxi8d58jllVyomClO7	Q1:運河社子島,;
2016-02-28 12:06:44	32e8fa3d1ddf9e0742512f6514187f68:c4HUnZItTvIntrQXSKFL9ZR6dMLs9p57	Q1:不開發,;
2016-02-28 12:09:29	bc0ca53d82f35a44e86ad260db024700:N0XreqciQAPkYVIOjmW4nPTafBJ3Ijy9	Q1:運河社子島,;
2016-02-28 12:11:59	c46a3dac4ec9519ae1f28ae19ca6ab46:tNTw9lnZLKcma2VvBI1OKSPMbkz7aBMr	Q1:生態社子島,;
2016-02-28 12:19:33	04370b60ae1bd6da487351e1b41e2a72:F361riGIlkchxtdE5NY9XBnVuUDFPa5t	Q1:生態社子島,;
2016-02-28 12:21:26	17b92d656c7927dc5929d9523bfba5c0:vBwfc7tCNUHV3LuyQKYOgdYCVLfgmWMI	Q1:生態社子島,;
2016-02-28 12:24:43	6a7a5661d77f70393c50c3f3db3ba4f8:lpracQWqzJ2aRvv70KdVdh6G1DmHOnM3	Q1:不開發,;
2016-02-28 12:24:50	11b1c741eb235e5a7a887257b3304541:9rSyhHjOAQTmz8dSK54NnlzIAtw6SrwX	Q1:生態社子島,;
2016-02-28 12:25:02	f3f268508ba17503003443b1cd8b40e7:npcDydhlyJD7bQ55cRUMzXJ4h56Rns79	Q1:生態社子島,;
2016-02-28 12:27:18	23957ab62885df4d51ad707fde301ed5:8ePJrw4rqByEKzoKnyZUKR6Wz0PNNHQh	Q1:咱的社子島,;
2016-02-28 12:30:24	3515aa46ab5be273aa710184556884d0:sijfwAs5uZUYVxBcpUNL5TAW7GzShsy5	Q1:運河社子島,;
2016-02-28 12:32:11	1774fd63eb36c774af7dee03e499b417:rYr3S85nHcpCrqosBc8pH56cp6Uo3Dxl	Q1:運河社子島,;
2016-02-28 12:32:44	2805f618c4336a5b960b864e45bbccac:ESwz9egUjzWJvZ59pny9AyHHVjsaSiuZ	Q1:運河社子島,;
2016-02-28 12:33:07	b6617697dc77b01b75519d394e5a1c14:ORGLxtvXY37PXIPfXLz1in4KN5Ei68TV	Q1:不開發,;
2016-02-28 12:34:59	1607e2e065955f42046ca0f2feb4e45f:rEsWgIWdpSiGadCwWhCZ49A6KLSu6pEc	Q1:生態社子島,;
2016-02-28 12:36:37	56b02970a64e27ff91395f6e6675695d:26joQExq7UQsRU5GknH3MwTfUZE1aG9E	Q1:生態社子島,;
2016-02-28 12:37:30	ef07792be562f9734613e0c6c1693ba0:bUga7qjzXTpmGOcdNS6HIQDZ6qrkpRpA	Q1:咱的社子島,;
2016-02-28 12:38:59	5f35ceb3b9e5a6fcabcbe4f700d40404:F9JMo1nQm6mpw9zZtYVpgjKzz9zV9dlB	Q1:不開發,;
2016-02-28 12:42:12	e55f9a3357d71686279bbb9fa310215e:qRFiYDGJ5OEwD9TcqXyYUyQmrGmV55ty	Q1:生態社子島,;
2016-02-28 12:42:17	7e7a2b06a317e20a290d37f985423a01:bgsDEAHHTM7h2V1hZuI6aFRIqHA95DjF	Q1:生態社子島,;
2016-02-28 12:44:32	3037e83632abdcaa2dd759b7c9b06650:a0orjkEJuEvP05UCIaalBV3TpeeHzvbR	Q1:運河社子島,;
2016-02-28 12:45:25	9b290964ea53904d5441ebdec4177957:RjcTwnpqkq41yavDXgrvYZoTd53jXE0m	Q1:咱的社子島,;
2016-02-28 12:48:44	8928ace7f1262259110f80ca1170e4d5:YlmDiNsQ6FHqmpZ7b41olfciaEVrDuzJ	Q1:生態社子島,;
2016-02-28 12:52:27	b5b1a52174c1b572ebc75e913e16212d:QEOAYympeKE4858gDCxUti6ioKOudlxj	Q1:生態社子島,;
2016-02-28 12:53:26	91459297f9e7f6864228cbcc9b226ea6:mvzsydUERRcJPR5hDCb6hSdmEwPsJUgj	Q1:生態社子島,;
2016-02-28 12:54:32	f36fac77a4270f372668514932a38e0d:KDJRh5XmFozDjCJzpsiM9wKKWVOh4Obn	Q1:不開發,;
2016-02-28 12:55:50	db261c951570cd0a42c30af92d8b31ca:y648rwK01HMyVeBUrhQOqnl9JlAjTLNt	Q1:生態社子島,;
2016-02-28 12:56:01	31db0eae359b8045a3c3c14582820d11:siHgj9UfcKCSePRO8bQmtKXTaddNjMSV	Q1:生態社子島,;
2016-02-28 12:56:01	0db0995d42e13c0b743d3d7fe742592a:Vj9i64ve491kQ2VHJCV07PZ4ZsRscLyS	Q1:生態社子島,;
2016-02-28 12:56:19	5168d28687a004386d18db4bef9e90ca:qBFxo3m2D8eGxrVLE9hlPF7yVUJJdKfl	Q1:生態社子島,;
2016-02-28 12:56:58	4429ea2cd758d9b309753be154acb354:L6T2EFoMsHybsHvkGdBUwxVbvs4M8qkD	Q1:生態社子島,;
2016-02-28 12:57:56	95fe08d86a6f1ff0245a16360afd797f:UaZQvnAyAj07OBdphAJQs445tH3JVBrM	Q1:生態社子島,;
2016-02-28 12:59:41	cf44ce37d9876c1eab34d2f7e45a7d52:SBjTbNML7QUE9SSdKCHCvXOk0DXO8xlW	Q1:生態社子島,;
2016-02-28 12:59:56	b47b1592b73dadbb65b00da0244ee594:81j2HsA2QEIEUD2gUVbS1fLFaZYKRyJi	Q1:運河社子島,;
2016-02-28 13:04:26	269f051346c218ef25eeea49ca0f529d:mSs37afyFyVVxzoRxDVQ116joEUPkoO8	Q1:運河社子島,;
2016-02-28 13:04:52	d8c3dd1a9abb27cafadfa6e23568a9c1:W6cignNcOcvWUP99kCLtrEMtwkZK0sYx	Q1:運河社子島,;
2016-02-28 13:08:39	e5628333b11b01327057f34bcb643d0c:12HIOVOWfOZlCZzJrIDuplX7XPTk0u7E	Q1:運河社子島,;
2016-02-28 13:09:33	528bad77565782632cf3bb3ee0f14c3a:KrauEmXX0dzum8AOFg6v67Xvjp5lLWRT	Q1:生態社子島,;
2016-02-28 13:09:55	671ea3cb3cfce41564dc3a2380303075:qJrkFAZziAquTEGgSoeibFzCihidLMs6	Q1:運河社子島,;
2016-02-28 13:09:57	758503e2d1b655808738165e490f355e:TVKeu9sBpNHJbTh5CBL7uBg5jt0RKKmo	Q1:生態社子島,;
2016-02-28 13:09:58	a04975de583ec4690231c55f6ee4b9d9:PxwN5TjjjmKHqNhtqgm8lMycNVz7pYmh	Q1:生態社子島,;
2016-02-28 13:10:13	f4ad4c065d1782e87094b85b623b4bed:tOVDRlDCWnjIs1633xEMPcuxV046ckyB	Q1:生態社子島,;
2016-02-28 13:11:20	018f154d738bd4e686a5ed26da78f295:TagErhovvdYBttQ9ha0udZmqe5VO7baE	Q1:不開發,;
2016-02-28 13:11:22	5ef4c07fa66940a5e1c0f763513e3a2c:UXCrVAafH7BBNdtaIpFvE3Cd5VPogbhO	Q1:生態社子島,;
2016-02-28 13:11:51	575babece236a5defa4ce7fba750ab02:RS1qNpqU9ZgFGupr0srzBm3xV9K4IdGf	Q1:運河社子島,;
2016-02-28 13:12:08	25d1ef04b32f80fc1ba3e235dc855ac2:AQIXJ9WGLgEsmFUCyxK7WS0gK0e2livG	Q1:不開發,;
2016-02-28 13:12:33	6081bd54044945860a41cf1809db8849:BXXnFlXvbcQu37u6VEhlTVzJodjGeceH	Q1:生態社子島,;
2016-02-28 13:13:06	cab16ec0a7a4a8754e7cce716a63d0f9:c5wAOONs4Lk4LDgZrC3TXL5vh8gwJFvt	Q1:生態社子島,;
2016-02-28 13:13:38	7c5a6c201c632c3bc34555660938f594:zqcqZprA76BBhyZgQljm8ae5asr80ZZ2	Q1:不開發,;
2016-02-28 13:13:41	b7df2d69e368abe4a679be71926f6937:3ZpVlWGvW6uop9wMhcVTQNA2dWJxzJvr	Q1:運河社子島,;
2016-02-28 13:14:16	0b631368d8ecbd06d141c18054a9477b:89SJ99fO0d5qWGRNFUF9sz93RUYZxXQC	Q1:生態社子島,;
2016-02-28 13:15:10	53c3b2254ea9de5a1ab200491cd0f438:IhNnY7M6b9iqh7PyalHZorRuCO6E1Du2	Q1:生態社子島,;
2016-02-28 13:18:41	a36feaef84388623c14a5985e767dc4c:BOVUD0uxIwHrwjG9RxPNyhllVvUonnJc	Q1:生態社子島,;
2016-02-28 13:19:08	8b253eb994c43ed361a3f0ec938d7d65:60whXBrrnqVbuMZxwCD2UbOXCpruSZIA	Q1:咱的社子島,;
2016-02-28 13:19:15	a5e9404b860ba913d1b5e616575323b4:MRgX1oKj6WXMAqBkmLFULN7KsmJvEEAD	Q1:運河社子島,;
2016-02-28 13:20:12	78d542aaa5dc4ec215f312f67ce27f8c:vqYX1UCUaZMSIZ4iBIF6xYsGYy4nin3V	Q1:生態社子島,;
2016-02-28 13:20:33	f2d8f218b4a0dea2239341a45110ec11:LKtpEBDx2Z4lfU3fEk3ZNQL4QKtAR8J5	Q1:運河社子島,;
2016-02-28 13:24:10	58d1b19d6648d40055d6057acfc1dad9:RCpG2ErNjFtgPIVJop7KdM10BX3qwol4	Q1:不開發,;
2016-02-28 13:25:27	92e60d3ba921d2f8a7271ef283a88164:AcG7P3VuiYOJzXa1WLqfV5hRlrETmKN7	Q1:運河社子島,;
2016-02-28 13:25:39	579642b12f69e5533c93a44c1dc31057:rqXKNXaZPW3Vxo1rkkEGN687opE0NdbW	Q1:咱的社子島,;
2016-02-28 13:26:23	5ee3e3f84ad0d6843096e935bc0a47e9:zCWUI2sx0nXd426zNTJhSltlii7E6ym2	Q1:運河社子島,;
2016-02-28 13:27:01	253983316557f2daa528b3e7f39f8d5a:ngYqf2WFdW0kCvPfWPdLrt9ZZ60KM5hI	Q1:生態社子島,;
2016-02-28 13:27:44	d27a8927510e1a5ba83340b3bd62a7a6:NH38bIic9Fu1JHPqd8oivdcyMAxKcsmo	Q1:咱的社子島,;
2016-02-28 13:30:19	c54fbe96e3edf381ada21aeefbbdb0a9:7yy0X6vQOkIB6iQZKKvcmJTld9Rm5oRD	Q1:生態社子島,;
2016-02-28 13:31:43	29b47e6a3f3dfd4eca2e5e90f7c3f52d:UfQf8b69HuxEi9E5kL8zs8eMp7ClTxRQ	Q1:運河社子島,;
2016-02-28 13:35:07	b7a9aef2b7325d700a2bbbc8f1ef1a7e:j4A9jndABDiTNHmWClCyDZXUnpm7w9SE	Q1:運河社子島,;
2016-02-28 13:36:37	1c551eae8a81eb48e20b4fa4decf826d:VVqC8Dd0YJYGeplKPOBYmqMadoStk8UV	Q1:咱的社子島,;
2016-02-28 13:37:24	f8a3f702925c0dc000a8e0c4c173aff5:1vQNJgej4KNGdsxGlzyLw9EpbghBef3S	Q1:生態社子島,;
2016-02-28 13:38:34	fa381698656f5d94cf265c7292baa5a2:BpOCDEsqaUoGwbswOe8n6FIrvbDKBt7Z	Q1:運河社子島,;
2016-02-28 13:39:49	70efa5c0d8aa004ee193d55807ad5165:rMaG629clHfSDxiY0f37NXF62CCAeCBX	Q1:生態社子島,;
2016-02-28 13:40:14	49de85a315cb9378303adca6280280b4:SW2SXQ53IO1SvPCwDGu1SrrYPHQfia7Y	Q1:運河社子島,;
2016-02-28 13:42:33	7c69ec2aa9182073d1a3e78e6c0fa79b:kVdXA7ZoqX0uxAJL7yUq8kk4MI9m3iaO	Q1:生態社子島,;
2016-02-28 13:43:18	527699df7d92ee4e1cdff9db99cdf38f:FSrOFvy30Bz2OEQnxh24owKppMZn5vC2	Q1:生態社子島,;
2016-02-28 13:43:53	d55108907f327791508200ae18175e02:8fWZ9wG9zj0pRY8kjnSEk4UWuyk6JFyD	Q1:生態社子島,;
2016-02-28 13:44:21	1104426c6b18efe02ee8688e9b5cec24:i6fw0R5nE7crncPGrisLGR2VZFvAJDBz	Q1:生態社子島,;
2016-02-28 13:47:05	f14b32d754032f14a50675bd59db912a:Io5cJub3WP70Dgz86MTnT1gv7RhOdp4R	Q1:不開發,;
2016-02-28 13:48:10	cedbbb688ed040514976e4b54d1887a1:hDz9SVGcYNIwyrtvOJGL1EL3A7C20cUy	Q1:不開發,;
2016-02-28 13:48:49	f89335feb02cd6ce8d95f781497b1a15:XDEkK7h7KwtjJ0iuY8oCucVDEgZjHMwS	Q1:運河社子島,;
2016-02-28 13:48:58	12c2b4038acb27c56af04e4e10ab9084:76jn8aaOCInti1whdiGZ0kZqX2e5VwGv	Q1:生態社子島,;
2016-02-28 13:50:24	244638e735b9eb951a6b7407785f4594:33wPRl3fbvNjuTnCAMfvXvgucbqHikc9	Q1:生態社子島,;
2016-02-28 13:50:42	1b4a523f1e323bb3fb550f1bdf18d2a6:FLNL0todYnnUTHHt4SXjrxDikn5wnaKK	Q1:生態社子島,;
2016-02-28 13:51:04	03a401725b9c1c64837a1d4364e1ddf4:yKkGHRoBIjLrfWpR965dEAWELqOuOLHs	Q1:生態社子島,;
2016-02-28 13:53:01	76892c8fb23f4d60fdb98ab606554d4c:zuHHMk5WUElhk0hy4DGvTqtRpDZJGxHo	Q1:運河社子島,;
2016-02-28 13:54:53	3f5c0e4d67725f9b16a7313f3d342beb:8szoRJJnR4f1xYBbcCOy9vFazxkreAiV	Q1:運河社子島,;
2016-02-28 13:55:06	7a5c25b6d4d4bfd0951e3b7eece6ffd1:ed7xMUYTrvzIGLZPiOOnj0wIdlAIu4Bq	Q1:生態社子島,;
2016-02-28 13:57:39	7f7161c5e6bc007db90c1df96955abdf:kq07xuLGmpHS05pAFN6WsHiNYYcwJI6b	Q1:生態社子島,;
2016-02-28 13:57:49	2204dbc0ccf19452460c5f8bdecb8c8e:H5y0Zivfxe37zVMWaf7gKHj1txtGY8Ex	Q1:運河社子島,;
2016-02-28 14:03:23	ecc5d6b4fc44089432cc19aeb3d3f774:NPdzsI4vEtFtxF1Lk78MzK5CB2nOMfBl	Q1:生態社子島,;
2016-02-28 14:05:26	0474a5e030abf8a4b5eaf85d5e635235:MgJeJO2hUAeWxUGb032tF66bAVkyGjWI	Q1:運河社子島,;
2016-02-28 14:07:54	db0752b955306f96f65b7bbbf58855b3:A186rFzb3CrcW9JOTOhACZR7glTYl2vK	Q1:運河社子島,;
2016-02-28 14:08:47	99a8e3939c0bd065e6769aa9510cf76d:REPUzkMoc4ZWf2RxU7UVYrU2z02IyGuw	Q1:生態社子島,;
2016-02-28 14:40:59	a8744ff909882d16ed89c4314a44b717:35diks3SSSszr6r0rjbwYPTtgyaOzcU9	Q1:生態社子島,;
2016-02-28 14:42:23	232ee991a5689b9ce62a6beeca078661:7rdjK5vahBCvQppy2SJy35xpFRdsw1rz	Q1:咱的社子島,;
2016-02-28 14:42:54	ce6ff61b2df69953602b13ab4dd66d7c:fUVXOXl7vQoSiNMpdJ7qAAAwZZKRUsJO	Q1:生態社子島,;
2016-02-28 14:44:29	a6a09eb33c1b9f79b1af844e83e7bfc7:25zYIJrbhDu13rrfCMglXZqpBaCIVy3Q	Q1:不開發,;
2016-02-28 14:44:54	f84ff8f5e0607f33df6f856038f42562:gl7das9t9YBwHNp0XTqA3OyBHQvgnaxp	Q1:生態社子島,;
2016-02-28 14:46:21	b89d8868247e0f72de4fd7bb30ad4e03:8L0FY6JgJonRJk5akRl8BRKMP01XDKok	Q1:生態社子島,;
2016-02-28 14:47:07	51517180d0aa4b2a5d2f07a74c08d193:StD8ssq5WXmwnKVq5URj3o4e1EouXE2r	Q1:生態社子島,;
2016-02-28 14:48:14	3b0cad2bc5cd20e7b87746e53cd09b3e:dccYVJ8FOJRR7hFqlQkZk6TQXoR2ZHLX	Q1:生態社子島,;
2016-02-28 14:48:43	817af07f1d89973b78b329678415a30e:E3aoRVdu5ObDNTBt4mrqeLIs8cYiwQWD	Q1:運河社子島,;
2016-02-28 14:49:52	4dd5e1d7c2a0bc38f09e7704fb91b685:IooQeBTi9nKeiFTnCY2ng0O4V9KnxA8F	Q1:生態社子島,;
2016-02-28 14:50:32	294e8893c3f421cf2ae59098ff1e2814:wvRgyE1wl6mquR3ycLv2ZZRXlfvn49cQ	Q1:生態社子島,;
2016-02-28 14:52:53	72a0d0ec591a377293acb6637e3ef03b:vkwQAHbVYP40H8be1e8M2xRgd7d0THIh	Q1:運河社子島,;
2016-02-28 14:53:07	029c683d05d2ded2c76479f686ceaf1e:ONA3uvjBOWwkOtgtUdDsfIWmdhCi2Aze	Q1:生態社子島,;
2016-02-28 14:53:10	4fa83a27c1f261de461cc5e38901f210:iQCZxpYMmmMkiUoA2zJ0bkR0tuCVadwH	Q1:生態社子島,;
2016-02-28 14:56:37	d5cf33feff34889c83bca1810fa7deeb:YHsAmlw02GYyx2FtZE9Ojk672AU9BTho	Q1:運河社子島,;
2016-02-28 14:58:16	fe1a6d6cdae7032bc16d9fcf877a2cef:D01k8k2fft40hlabEnp2xCitZ2B7VHJb	Q1:生態社子島,;
2016-02-28 14:58:33	f4ad82ab2c8f28c5eb4c2e8f2dd2cf5d:JEo6fU0dmuLUGCzatPIlKlFrzcon9tMa	Q1:生態社子島,;
2016-02-28 14:59:33	ad46657dabc6ec4f9fe5dc51bedfccd3:wFENwUwuz0ZyNHdI9eXfKEaKgUpxhruy	Q1:生態社子島,;
2016-02-28 15:00:45	d443d9c5dcf15e9bc40fab1ead1e3c3b:OQpPjxhpEGmpQbrR1scqY9PMwI7sNFL7	Q1:生態社子島,;
2016-02-28 15:00:49	22e97f82c320ddb3698623bdbd3c791b:RuplH6J6Ijk34ncomvwFFkmXsvD2rZmW	Q1:運河社子島,;
2016-02-28 15:01:05	8f79d5a2549be35e7718e371fd70d589:ZQghh3oCfKIS1wry6S8ShMi5V1ogI8TD	Q1:生態社子島,;
2016-02-28 15:01:25	b0b84d7517db3f4e0657ad40f8447834:HR4I0ghlOjlOqFgMf3jB0AGikfmrjun4	Q1:生態社子島,;
2016-02-28 15:03:04	d04eeaf46bdb931b066bbaa92d68f04e:fkiWbXQUw08RgkZQI6MeDVqszaNk0H4X	Q1:運河社子島,;
2016-02-28 15:03:40	03f290e8864de0e1087b627d60a314b3:53ocdOSZ2axk1XyJztpwpCr4NDuykl4X	Q1:運河社子島,;
2016-02-28 15:03:42	8fafd43eb9101c378b8c39497d26bfa9:nBJE72oRzGsywPap4tsJendf82RaxmwZ	Q1:生態社子島,;
2016-02-28 15:05:48	6d1831ca194add012653ee77f810bbd1:BoUYibTrD5V00LFowzmAl2Mwg2M0eipG	Q1:生態社子島,;
2016-02-28 15:08:13	4a09432c37458c13ba1d0e7cab1bec9f:ahjPRsf8evzjzeA0p4ZuESfeDoIFabUi	Q1:不開發,;
2016-02-28 15:09:21	e4a996faf48ba44b9bd4579dd743fc59:dRkyfNLB9efw3vfkUOYK4TK8w5m0gXRc	Q1:生態社子島,;
2016-02-28 15:09:43	863d1cb755e2ca6618b0af495d498093:o5uGqjvLKYRpvjVEWrzHqVsy676W6omU	Q1:生態社子島,;
2016-02-28 15:09:48	3018b6d8175765c0f73bdae4908fa94e:YPCefvm7RZTU9o78n3ihB03JqtcDKlwI	Q1:咱的社子島,;
2016-02-28 15:10:13	bfa11dc4a17aa2249c4215725e5d9bdb:Xu6ueFIZ4nznxLlQKfCIalotAx8s1Dlh	Q1:不開發,;
2016-02-28 15:10:19	64eec5b7c6ff4823fa5983ec8e7eefd6:fvmY9J0cgsXYQbAufgr1rrqWuGXlNSG1	Q1:生態社子島,;
2016-02-28 15:11:17	a43ce8f8d2c18685e2e37667af1c1074:WXDp9dOgMQIPOlv8i40YqTYZmtpXRhBz	Q1:咱的社子島,;
2016-02-28 15:12:02	ba908ac23cdf6ceef8acbc89889c464b:7EKYEqZpqj3PyaWzUYCmNhP1wfsttD6w	Q1:不開發,;
2016-02-28 15:12:06	9777ea19ba28bd224969f634cc0a6690:VQVSRsldOLEa0nyYfSlYMRk2zL5z8PTw	Q1:生態社子島,;
2016-02-28 15:13:11	e4062384c70982c95eab7c3f46b252e0:9daR8AgUNEQlglDR4CH6RfQRszpvQzHf	Q1:咱的社子島,;
2016-02-28 15:13:16	32331b8b9bdb49b004fc34c15965c541:7w6PwbDbgCZKa7JMK6ZLYeTv668ybUn3	Q1:生態社子島,;
2016-02-28 15:13:15	6494fda77e9096d5ae0864da22544cf7:1ppViES6bm6OkY9Slsck8mWzYKwSm5ju	Q1:咱的社子島,;
2016-02-28 15:14:29	3951f2f736411609771cd782d9246022:2lku63PXLNJgD9Zu0k1ZCzR3f4AyhwJC	Q1:生態社子島,;
2016-02-28 15:16:31	d762acb77de08c3c68c8998c144b150f:qVDzUKOZavFG1G811NIRwYINLYAKGPEK	Q1:生態社子島,;
2016-02-28 15:18:06	5c4be25298d9b3fc816582e97b1c1061:9KIEtOVTjnGKlkbzrNP0L79xa3Ht3mHJ	Q1:不開發,;
2016-02-28 15:18:35	f3aca433dd1675b5f6b2005ddf6c51e3:1JabklaE7vjq0ZDtwH2M33JEAvuZ7wTM	Q1:生態社子島,;
2016-02-28 15:18:50	08d3d92cbe106c0771993fcab1852cd3:eZxVHOmW0fBGQMuoRGVwVfiEcS8hEzjs	Q1:不開發,;
2016-02-28 15:19:17	fbb20597d415fb078000f7d27c0aae13:lZATYCEOh58kCikIPB8grOwHyyfR4dYh	Q1:運河社子島,;
2016-02-28 15:21:02	d87365ae1637965aea7b0811dee4ed51:XSpQJSEtxmFl19BBpBpWwedWhDPzoEPb	Q1:生態社子島,;
2016-02-28 15:21:20	daf6a3ba24fcbef83ee07921f0d18865:P2waR7uhCpchuIdCuFBXJsntmHj8kYSY	Q1:不開發,;
2016-02-28 15:23:06	5c8ddfc6acfc6a3a0abc8f00f5cabfca:02gDIR20yZ8xsuuTTHYmk9DECInBgHRw	Q1:咱的社子島,;
2016-02-28 15:23:25	dbd7eadda38cc8a3e537b4b605316441:GMuLZVVaiFFTvbmvhWjkE37IZ6JlzXXQ	Q1:生態社子島,;
2016-02-28 15:24:38	a70f975eb6be156648fee5976bed50d1:V0ABIifv4NkFjFIWc5O9f8xbyv8vElSf	Q1:生態社子島,;
2016-02-28 15:27:07	898917b7245bd52cef256a284b8d1798:pyJfzjX7oYs3q7zxOLSTqnnK86EOHaBi	Q1:咱的社子島,;
2016-02-28 15:30:20	d6696b20be1825ea74d9dcdf8fc6deb6:uPXYBKxgYUWWQ9pfdcyJBm4aqcaX81Ic	Q1:運河社子島,;
2016-02-28 15:35:31	a50fd2f00870baadb335352a66b2620d:ZuvURa17qPH4FZbLbySW3HRiaYgZZV2e	Q1:生態社子島,;
2016-02-28 15:36:35	c72fd07331bfc6cae389a85fc054b514:D28hbtb5SlSoyp55a1AIDFlgxwqgfqvl	Q1:生態社子島,;
2016-02-28 15:37:46	d0fe4a18f7933d077091a53fbf93cbf5:tra5PZPJKXM8X5lkFTCC5HTNTJ2yHFIf	Q1:生態社子島,;
2016-02-28 15:39:07	1e86a2bebeb56ef97aac3fa3015f481a:p6PwmlMDXLAjApscfT2KOmYIFaFAW61N	Q1:運河社子島,;
2016-02-28 15:40:01	fb311aaf785d11a5d3bd44038563b45a:x9IhPqOvSBfhYmFVXogzH9daiPjr1yHQ	Q1:生態社子島,;
2016-02-28 15:41:44	afa21e8e6e92a22f6fe660ccde1ef4f8:qpamX38XFNfVPScDsyBqr8v5L5L0led1	Q1:咱的社子島,;
2016-02-28 15:42:01	0127d50392dfa1a6cf212791d6dc061c:Jfbw7urCcs8z6XT5uC6gmqe0ply4POQY	Q1:生態社子島,;
2016-02-28 15:42:01	eeb6368777ce7d752a7cd4f11e385e96:sabPXxBby91EoYN4q2nIHBVfZoCIH8nm	Q1:運河社子島,;
2016-02-28 15:43:48	47adebd988b4d19974fcb372ac136a80:rWGN75Sb4b04wwf81bdk5JDhnNa5L4cc	Q1:不開發,;
2016-02-28 15:44:49	10a30c0f31d84e9666747fc75d3f8b90:J7h8mvAyJzE4C5sPgmfgD0NuYRgGabSb	Q1:運河社子島,;
2016-02-28 15:47:14	50946a3035556db71333037bdcf35085:wtDDtrJSOy5MEuBYvmrJXGXd9M7n3RDi	Q1:生態社子島,;
2016-02-28 15:47:51	47df09d120bffdf45a43376ccf037115:2lZLn53xFCZWELKuwzTRVAGL0VSoWrx2	Q1:生態社子島,;
2016-02-28 15:48:04	b9ac2b626b59c35f3c27c5287baac251:iCFlPMaeCjUKiKUQfVsWvNzRtRjH3vH0	Q1:運河社子島,;
2016-02-28 15:48:29	32f1d23496ee687732f8ee296d1f4ff3:PxSAJYVFeIvZkEfQz8LfNPCFSOVXw1iB	Q1:生態社子島,;
2016-02-28 15:49:39	2afa8aa83ccf7bd07e8842b59409aba2:dRmF9ODczvKWuiS0mOBzsac2WBI3UHjS	Q1:運河社子島,;
2016-02-28 15:49:45	5ab176e8c165ac70a803cee4c019b82c:6jcsauN8rIii4c13JNhNOsEKLxpFh3jc	Q1:生態社子島,;
2016-02-28 15:50:18	b72aec84775e3dbd13a0d92517b1b93d:RvMR9FiSMh1Tf17aLQc3bcaBNwlvfxzw	Q1:生態社子島,;
2016-02-28 15:50:57	62d1ebe1b27cba9058f669f494a80848:1qVLWEpyZoOyPTXijn7SfF2Z6vi6ITr5	Q1:生態社子島,;
2016-02-28 15:52:42	87e33a5e1ca15794d77b7346d04425f3:djy6X1imatwaXcgUcqfIa7y5HFngSUqp	Q1:生態社子島,;
2016-02-28 15:52:56	63cde9994ba59439c28e12415b332a99:buJtaiyl2b9zD5T9umjMuumrFWCSigYI	Q1:生態社子島,;
2016-02-28 15:53:07	8432f5130d50fa36a1055f8d5ad5b5cc:ShIHXA7lRfvMXiS8I5wdmVSr1zznhlAF	Q1:生態社子島,;
2016-02-28 15:53:56	9d4dfc2faa298edf9c8aa5247a6d5ed9:9wAPosbchiFaoR5TTBiJVRiPsopqNg4B	Q1:生態社子島,;
2016-02-28 15:54:02	4a4a8735f7c08a6353881849651ccdef:rOy9kmMQTdiIhPKxbeY4mYuVdI28sHg7	Q1:運河社子島,;
2016-02-28 15:54:38	88bc043d13f0555cae2f4d1ee8bbeb8b:PaJW7UYNfKbTlpzkQwVBUosSITse2nC2	Q1:生態社子島,;
2016-02-28 15:55:05	5ccdc1a8a240335c80531eb16f3bf836:2YzWTPuJ2LPVp9ZxoOWsmrL8Y0URUwZI	Q1:咱的社子島,;
2016-02-28 15:55:27	df96dc19c2c6b80100e154543c9dbaef:4ntyXdhO99bL4EwgtgKoEe29rTSaqil1	Q1:生態社子島,;
2016-02-28 15:55:46	9fbf68cebfb3ebafcbfdd5e550fa74d7:Qqb5g9hPPcw8ov2JP5wQKx0UHiQ20oEJ	Q1:運河社子島,;
2016-02-28 15:56:13	f4cec50524f1cdc3716e51b139596527:E88Hjy7R6riunH5akVrsbnIB9uVwGxk2	Q1:運河社子島,;
2016-02-28 15:56:14	2fbfdf5192e872a122866a2aa7dd2def:6X4qGrajDg6bQJhftvsU1k4DiGCN1jRx	Q1:生態社子島,;
2016-02-28 15:56:32	113360ebb843df3c6d308233738d7d67:7hNUb1DIIR50Ok2XdNvWg0TQqbDfjrH0	Q1:不開發,;
2016-02-28 15:57:28	bb9a550ce3d19e05170405af9153ed69:q7mT0AnNmTgbBKRApXfJr6pDFzcLfH1h	Q1:運河社子島,;
2016-02-28 15:58:39	91975c087fec6ad9bac288e93a064079:izydRgTDPIZ0V2e5ZGYQo1VTplt0uZAR	Q1:不開發,;
2016-02-28 15:59:09	4c3dc0932f04eb4beed7e9c62353663b:o3TWX4Dr5xY7GfKcQZqpfTHO5cuN1plO	Q1:生態社子島,;
2016-02-28 15:59:09	88a020d8c8d96850b49625b56dd18406:ehsFK66DCHoa2JmWUi3mZRv9J8yxL3sZ	Q1:運河社子島,;
2016-02-28 15:59:57	7d45c032810272ef53e688b056d74e05:XanDHLxVAwBA1qepocL4wTyNEmzMSUGw	Q1:生態社子島,;
2016-02-28 16:00:39	608510514424266776b930937f4d54f1:00n2AggF0dF0H8HACk6XjhawVfhmFNXz	Q1:生態社子島,;
2016-02-28 16:00:42	0678d0659d974a5378785d3932504aae:w4nZvKDDno67nXYeCJ7fHYUfs9r7Fn7b	Q1:運河社子島,;
2016-02-28 16:01:30	d6908d41fe26d747d3618b63511f8f09:2s00Ds68GO6OtIFtvX2OUK2lVe6zrkwP	Q1:生態社子島,;
2016-02-28 16:02:54	76790dc19dae7538c9243ccbc14c9be0:ksVPvdUXs6Ymwu76tSnimD7YmcJFSLkD	Q1:生態社子島,;
2016-02-28 16:03:10	3340a507641cfa3122d7e8eaa43795b6:aSnjDnJMIATQXlW1a8TzJfjsOiBscfHh	Q1:運河社子島,;
2016-02-28 16:03:42	9fae53f85dd18beb2194695d0cf5f748:ca4bOTfWFDWEkZZuFVJfT2JFCpct9hm7	Q1:不開發,;
2016-02-28 16:04:26	90a931038a756089b319c8c0798e169f:qeVpQRAnbXREbgi9xxyi5wEc9NOBWxL6	Q1:運河社子島,;
2016-02-28 16:05:51	8b187d8020a9c377c2454f70c020e982:0AvgviSR98AQOtJZTfnZ0A5FfNH6NE7g	Q1:不開發,;
2016-02-28 16:06:01	0d62536990ef79a6973d623cac2c0204:uxLWyPVU6x0OrIbSaOOe0Kvy5vVFnFgH	Q1:生態社子島,;
2016-02-28 16:08:13	dbde1cb51085c9540c3ec6668ae74eca:RUflBt9VFzBJClVCjoARR87f3XSsab3c	Q1:運河社子島,;
2016-02-28 16:08:58	3486a87959c779921a635f4baf8e7660:tJO04HyZup6LxAeFvmGiFVaubdvbxOlW	Q1:生態社子島,;
2016-02-28 16:09:55	690bd91f7ca79f804b7dd5e91340b0f1:2fKvcVqZtwY08BUaXPSaxyjxEUCOQazQ	Q1:運河社子島,;
2016-02-28 16:09:56	973016443876f061f8df64af4fa86e8c:t0VpuH2jtQGZit8KwfgQSiFMBOk0Q4g8	Q1:運河社子島,;
2016-02-28 16:10:05	063661ef2852dcad3bc1cff4ddb3f6bb:kdLYGDCygtH4LtxENr5OSOYhu0geslU5	Q1:生態社子島,;
2016-02-28 16:10:32	8276122b626b843775622a3275b4aeef:89BJlaIh3YKu8efuFKy3srMTQwEj74uY	Q1:不開發,;
2016-02-28 16:10:43	0648e9477a58c68e0f1dab73f356f2a9:tNXKT6guzzlwmNQSE0kCSZ8kpRLvDuFz	Q1:生態社子島,;
2016-02-28 16:10:54	ab4c1b66d69336ddb22b8c5e537d7896:5kBMxy30MwV1FhkP9wMM8JeLckyy7cIw	Q1:咱的社子島,;
2016-02-28 16:11:05	27ec15691012b42059204f31ca4856f2:zMXwvRpKEG53upuYkCqDPWAo5vZ3iYb8	Q1:生態社子島,;
2016-02-28 16:12:43	160a0e61ea69919f1523e3ef10c27e80:wfLtUFdMqfBBEqEL2u6ITPaN3PTjTlm1	Q1:生態社子島,;
2016-02-28 16:12:45	236faf65ef8a4d74c193b1dd325dd6e9:GNb44D0CLEBtsjhLPKuBflJP0UHUgY7M	Q1:運河社子島,;
2016-02-28 16:14:24	b4c2b9967211c18f580014e5b400c6f2:TR5CoQuNoQ6sBGdf7GJbyZ0rYytRIdBR	Q1:運河社子島,;
2016-02-28 16:14:26	d0b8c22507e2166627453da7a03a7443:wF6nWnOvU7GsadqLVNCqra8wHlawnJca	Q1:生態社子島,;
2016-02-28 16:20:36	6bd2f9d13f807a782277e221153ccb8b:ncuF4JH0fpi55bFPzrOZZ2TMLTPVgzJU	Q1:運河社子島,;
2016-02-28 16:23:26	4ad06bc5bbd9ce2fe79e41e633839628:pGsYpux4tOnrSabegsSiqghZDZ1GH3aC	Q1:運河社子島,;
2016-02-28 16:23:39	949f1fb0c3ca55e887ca51871f87d5a6:MFF14djcnbqonHIWDpQgbZClLSXwlhWh	Q1:生態社子島,;
2016-02-28 16:23:52	afd6fe6f92c4e2c2df20f8d5613c0050:AKa1hRomKQW2YKNzBG3q1rX1M1QqsSOQ	Q1:生態社子島,;
2016-02-28 16:24:26	e43277e607b3a45c067af90633690aa1:F01WXHhEXDzKhfga6qgQZ0DbPxwW6lbu	Q1:運河社子島,;
2016-02-28 16:25:38	8f8dddc798367bd08fc383852c4f94a8:reCAfsOgtqwAkaopTYbA3rvDYwc6MFBQ	Q1:運河社子島,;
2016-02-28 16:25:55	c748f85dcf39d7e28254c1185ad29199:HoBVid23420JDdeja6oKkA0r5XungnVU	Q1:運河社子島,;
2016-02-28 16:25:55	1acc3a45f71c0f4d27450f7d573849aa:8w2MS2i1HkETkcYruoLcVVGtIq2HXCk1	Q1:生態社子島,;
2016-02-28 16:25:59	43397473185f6a017b2fe92a329a2e5d:gCdZdHDMMhDXBsGw9xTRvPpXtiB5VTgB	Q1:生態社子島,;
2016-02-28 16:26:08	ddc03c1fcc1e541ea3dc8dc3acd8314c:JdUGL3xpLzhL8gLgqQZsUJNQRqkjKyxx	Q1:生態社子島,;
2016-02-28 16:27:37	e8a9bda1becce50303c99211f2361f24:vBaTQGBpQku5bUBhWYNfKYhj78zRdIYj	Q1:咱的社子島,;
2016-02-28 16:27:52	2f37cc271106fbb8a01e7b53cb8aacd8:oLBuSCGpklx2DNKPrH94zQHtg0VTvjrM	Q1:不開發,;
2016-02-28 16:28:08	c2ad119a866bbff5ef4e55afb9ec6c26:xnVSHOMLw722vdbVoCU7gzqMy9fPtxRa	Q1:不開發,;
2016-02-28 16:31:24	12ef5ba60f60ed8103143dd5f5ff1254:5E2wwbOFtWNnbhYkqjcdawWz2mpqxxOt	Q1:運河社子島,;
2016-02-28 16:33:02	83de46789a797717b74a8e0243bd2478:EaveA5UrUIv5xPHY4F5JvL5lvETQshhc	Q1:咱的社子島,;
2016-02-28 16:34:33	1cb903546ff82ae395000118c9e51ccf:eJzUdczptHIfEUhXVotjY83ohV04mG1D	Q1:運河社子島,;
2016-02-28 16:36:33	2702ff04f7fd52d75d96b51fa6d8526e:qKB48K4vYgUvTK46PmdM7Y8BDS7pMScZ	Q1:生態社子島,;
2016-02-28 16:36:43	f990b67a8ead836174e2d6d53e6b3a66:UMaDjbYDYGDKSCAOvrAFyEK6bdzu79K7	Q1:不開發,;
2016-02-28 16:37:26	d3a657dbc74a4293983395bb94cd0626:yJVzJPRdLXMPn2GSlApltpuDeWtM5mkj	Q1:運河社子島,;
2016-02-28 16:38:41	c3c8c6539b471b116d1b9c4ea2cf272b:O2DkFGiyJ2f23za4wdSbAMeQkEIOb6su	Q1:運河社子島,;
2016-02-28 16:38:41	c96b0362582c912bb4118f10c43ab664:x9rdpqVXH2I6PM3bcGPMd1o2apZMxYpj	Q1:生態社子島,;
2016-02-28 16:40:07	18241ca73afdaecdc872e2e4595e191b:FMPLvI47cZbnADeGSYkTzMuTYKS9OYkI	Q1:運河社子島,;
2016-02-28 16:40:30	57d53c72fe0f575d94f3e775ee148bca:2py0hrEApocm48eLIUBymQvjCPAcAkKp	Q1:生態社子島,;
2016-02-28 16:40:38	8a43fec8a5d5e2fb7e6dd781e900fb08:ei4bKm7O3nj5llESLOzxAHUGbD9iBGXn	Q1:生態社子島,;
2016-02-28 16:41:13	46ad5c540ccb6df1f2320000eb73cbc5:q6YPutdnnr2desjzueJwhwRkEKMwuko5	Q1:運河社子島,;
2016-02-28 16:41:18	69004723250fed3e7064c6872c146d55:wjjEPPSSEX6TPxwov55bGo6iOMtsHO6m	Q1:生態社子島,;
2016-02-28 16:41:26	eaf7b032f135fa22bfdcd4a0ab81c4ac:m8FASUG80ifZEWlMl27aMqxZx0txuuCe	Q1:運河社子島,;
2016-02-28 16:41:29	3f6c35f68abfa8c52b20a2ecbcdc2743:kR81R46PwHgveFGBC3ocs7CNkVFB6WWE	Q1:運河社子島,;
2016-02-28 16:41:51	edc3c32a9570323f48b9587040c712f0:6YRv1qFSpQ01QrsVlgzkqtEeEZfrhUs7	Q1:運河社子島,;
2016-02-28 16:41:53	7ee11c8a8a6a6d39a8dcd439a08c8ed2:ABBLabs9Fbb3jBGOGKyOTFMepa3o0PgX	Q1:生態社子島,;
2016-02-28 16:42:30	a26054a606cc9df256272867cbd05991:di1No8TLBDEakaFtMMQTFr84ohx9zDeL	Q1:運河社子島,;
2016-02-28 16:42:30	4a7f318ff6f8c8ddb721143f9af60e63:wUZuwrIhjsenPya68zQE51KVQfaGTP2u	Q1:生態社子島,;
2016-02-28 16:42:59	baacb1ee1a75fa8f5bf1df3b72293fd2:CoYoIVy5fW70bYssHLNDy0C8pz9sUmbD	Q1:運河社子島,;
2016-02-28 16:43:30	a75e141549e6a67b66f16c650b98aa9c:aSsfbNUA2FvHpTP4IuvVZN6xAZDOjaBW	Q1:運河社子島,;
2016-02-28 16:43:32	8b59052724fe250edfe9f11402785020:99MVNcUPI05f39U3psk4kk1a9vmyTbiX	Q1:生態社子島,;
2016-02-28 16:44:02	cc8e63353a5189c508eec3f8ecad8db6:efyR6ECTSIWuXtZf5jxZW90NBswsxLMx	Q1:運河社子島,;
2016-02-28 16:44:03	85304786c1699e6dc782344edd62aa3f:RtcJdsKNqsHhsaBDyvaI2gB2VgFKOPKP	Q1:運河社子島,;
2016-02-28 16:44:51	a5e6bb7717a7026ecfab94a2980d4f75:9GDlYTjeA3KSxPXKuq5qGmlDFfmnAgxe	Q1:運河社子島,;
2016-02-28 16:45:13	769044abe88f4e49a39d13532497c834:dVcSfmCB7VQxmSMZslAApusNWZo8vCNW	Q1:運河社子島,;
2016-02-28 16:45:27	16b4d4d1ccf8fab99c69dffd8cc28177:KDIcbwvEBpp0LLywUhlFDTHhABvwnafn	Q1:生態社子島,;
2016-02-28 16:46:00	11c780ffd3be99863cf73c5c142a983c:ca3MvyP3wdaCjQqL9B19DXdsdiKgWxAT	Q1:運河社子島,;
2016-02-28 16:46:16	fb21b7e51defad3279a8d94029424acd:DazXZkI0XAlTK2goG3bntdCUs1Iq2Z9G	Q1:運河社子島,;
2016-02-28 16:46:15	0a08b9bdff5c60172db8a5f80202b969:xcZz89w2oVeBk11jnzHntfVP5M46TgI6	Q1:生態社子島,;
2016-02-28 16:46:45	b59749a83373a8180683fdc300fc6a5c:2xqv8Vm9jBXBYAug3qoCjGyZeiq61JAd	Q1:運河社子島,;
2016-02-28 16:46:49	3ce87e5a4ba98ae36a8e6cdc2c0c8157:f1JMuoalJ7hErFvsg0r54SrCPAEYWyZp	Q1:生態社子島,;
2016-02-28 16:47:57	8c68fdd1285afe6e93fd0c2f9cb147e7:EhaTlQE8kXMHC6EZvULUT8f8hTGBFhEG	Q1:運河社子島,;
2016-02-28 16:49:03	278718f868ca2c44f865a64fa2b73df7:EGu7z81QWo9s5GkdALWwqHpD8zWzul1s	Q1:運河社子島,;
2016-02-28 16:49:13	d826342854d91c5348345138e6e16038:tiRLmi8Q8kW03RRC55LMmXUXpwNbGmAo	Q1:生態社子島,;
2016-02-28 16:50:41	15e06a564869a8c24dd43e060ec13299:s3ngTBJmtyVor8igip8PxMb6YJXtDrBq	Q1:運河社子島,;
2016-02-28 16:51:16	3fefcad7c3cc75e213d6cfbe001a642c:LX6yKVd8TDlwX39czBCo9iuxkmUKbiE4	Q1:運河社子島,;
2016-02-28 16:52:17	fb0242d82c17892da145d3376ada5f02:MiqVP1YUNOrZA02lWfBCEU9n57H5t3gq	Q1:運河社子島,;
2016-02-28 16:52:41	b18e9588ade34724507c3511592aedd6:npVl54dPv4tlPfYF6PG4NLO5kEK8QitG	Q1:生態社子島,;
2016-02-28 16:53:12	43484a3d01b57badb37be4ce07ffaff5:ROcGArWxioOTFgIc161jfQFCisyXf6ed	Q1:生態社子島,;
2016-02-28 16:53:46	645787b79efed737f7312c050e75f421:QmTRnQb9r92mxCWQAA4Jah2RpV66iobs	Q1:運河社子島,;
2016-02-28 16:54:01	68e6809d7c03f4ffdf49b7558ec1f80f:rcM9Z6zCZyIvav2zam2orzLVZZfwCZhm	Q1:生態社子島,;
2016-02-28 16:56:54	7f44619376e39e1ce811de3be2d5d107:20okx1i5e02bEF9hKug24RJRkz3Wardl	Q1:生態社子島,;
2016-02-28 16:57:13	c97573d194feee6ba5436ad7ce81aff8:dUbEEd9XaXrntsgqPstb346bkANXi4Nd	Q1:生態社子島,;
2016-02-28 16:57:36	b29f184ca2b576f1ae163bc57297d05e:f0WV4Trv67COh9hn74nlix6fpEwwOlNc	Q1:運河社子島,;
2016-02-28 16:58:00	9094c5f0635bf705b71f08cad02ec884:zHKKxYX28EKJNRUhMw62p7FKH3dpxLDe	Q1:不開發,;
2016-02-28 16:58:30	9f155e6b08ae3e9c113bb6d669ce17d4:lbIjNs2lmxvyNtu57FX8HEKP8Rtwcoxx	Q1:運河社子島,;
2016-02-28 16:59:19	8726c33055f1b0c75adee19642b0a435:Y9ZodBEuMQ3jCyktIyhnWlMzCmWCVtQL	Q1:運河社子島,;
2016-02-28 16:59:52	0df9423ac77d7a16c7deb321c9e896b3:NPluDGpktprAJ6FEo1AlX7tpGiInf53x	Q1:生態社子島,;
2016-02-28 16:59:53	1fff723979f24ff3b1cd2bc8062f6b8f:jmmlOrgkXJw0XtYmfQr85CVojZHlDFFy	Q1:生態社子島,;
2016-02-28 16:59:55	d70e4557d106b7124e4ca7805783c47f:4QXmZciTw1hPCedp51bMUmwH7KFykLiW	Q1:生態社子島,;
